# Branch output version 3
Dynamic_Instruction_Count: 100101503
Dynamic_Conditional_Branch_Count: 10315519
Dynamic_Unconditional_Branch_Count: 5659193
Total_Taken_Branches: 10120731
Total_Branch_Transitions: 2680314

Local Branch Stats (Total Count; Taken Count; Transition Count)
1588 73 130
1515 104 162
1588 1191 793
397 0 0
397 397 0
73 73 0
104 10 16
94 40 46
397 0 0
397 0 0
397 0 0
397 0 0
397 397 0
15086 0 0
15086 0 0
15086 0 0
15086 0 0
15483 15086 793
397 139 278
258 114 227
144 144 0
397 397 0
114 0 0
253 0 0
1 0 0
1 0 0
1 0 0
1 0 0
397 0 0
397 144 277
253 0 0
397 144 277
253 0 0
288 288 0
288 0 0
288 288 0
288 0 0
288 0 0
288 288 0
288 0 0
288 0 0
288 288 0
144 144 0
144 0 0
30275 8352 12576
27051 762 1523
51984 30275 17878
24933 22959 3944
2736 2592 287
8352 5128 3112
144 144 0
37961 144 288
37817 0 0
37817 0 0
37817 845 1400
37116 32818 287
4298 7 14
84333 397 793
542 145 287
398 398 0
145 1 2
398 0 0
398 1 2
397 397 0
1 0 0
144 144 0
144 0 0
144 144 0
144 0 0
144 0 0
144 1 2
144 0 0
144 0 0
144 144 0
144 144 0
144 0 0
144 144 0
144 0 0
144 144 0
144 0 0
144 0 0
216 205 18
11 3 6
8 0 0
9 3 3
6 0 0
6 0 0
6 0 0
6 0 0
6 0 0
24 6 11
18 2 4
14 3 5
27 14 19
24 18 11
6 0 0
6 0 0
6 0 0
6 0 0
24 6 11
18 2 4
14 3 5
27 14 19
24 18 11
3 2 1
3 3 0
151802 86203 43473
65599 662 1254
64937 453 854
64484 235 444
1588 397 793
1191 962 209
126 71 57
284 126 158
1588 1191 793
144 0 0
4625 92 184
8352 4625 3853
3727 3675 103
120 45 31
120 68 46
120 69 35
120 94 22
120 83 39
37 4 2
33 4 5
29 0 0
29 0 0
69 3 4
66 0 0
66 2 2
64 0 0
68 0 0
68 8 6
60 0 0
60 0 0
45 6 6
39 1 2
38 3 6
35 0 0
7032 1758 3515
5274 1510 1607
2600 687 943
5677 2600 3500
7032 5274 3515
7032 1963 3451
7032 5274 3515
17084 4271 8541
12813 3084 3888
6726 1601 2296
14854 6726 9614
17084 12813 8541
4271 2308 912
37116 1758 3332
141432 35358 70715
106074 26822 33091
56419 14835 19319
120836 56419 78690
141432 106074 70715
141432 83517 59938
141432 106074 70715
35358 366 696
83517 41212 39836
42305 0 0
42305 7409 11390
34896 19687 17563
31864 7847 11206
31864 8224 11266
31864 7505 10888
31864 15209 7250
31864 24491 11066
7373 1654 2148
5719 999 1610
4720 0 0
4720 631 1098
41212 35474 9386
36332 9083 18165
27249 9336 9840
11993 2696 3751
27210 11993 17762
36332 27249 18165
9083 3345 2536
3892 973 1945
2919 990 1272
1100 503 474
2526 1100 1576
3892 2919 1945
973 607 731
7505 1153 1718
6352 0 0
6352 481 766
5871 85 158
8224 0 0
8224 1517 2214
6707 263 434
6444 356 592
7847 2021 2878
5826 731 1040
5095 322 578
4773 0 0
31846 6261 9394
31846 6246 9200
31846 7018 9892
31846 19687 5710
31846 24456 10466
7390 1497 1769
5893 1334 1978
4559 0 0
4559 650 1116
7018 1836 2407
5182 0 0
5182 1126 1621
4056 179 310
6246 0 0
6246 1534 2216
4712 592 876
4120 844 1274
6261 1234 1844
5027 675 1020
4352 1133 1667
3219 0 0
8352 5106 3132
3246 966 1135
2280 2268 22
966 10 16
213229 148958 77912
64271 19276 27094
44995 42758 3380
19276 823 1288
96882 60466 34053
60466 6827 10706
58213 17758 23159
40455 4411 6844
39636 8676 12841
30960 3226 4809
30477 4375 6874
26102 2770 4240
25634 2397 3910
23237 7259 8854
62214 8017 15426
54197 17665 22452
60241 46236 28009
8017 0 0
1223 322 249
8918 1223 2225
7695 901 1473
17665 10477 6463
28570 14695 12556
54144 18194 28714
53072 40269 25605
27498 21382 8124
6116 6116 0
18194 9097 12587
4399 3327 1135
10169 4399 4744
5770 1072 1750
6827 4574 2662
4411 3592 1199
3226 2743 706
2770 2302 675
211902 26975 53834
295144 189281 119977
105863 48724 28481
83242 73324 19517
48724 2894 5326
47208 40041 11252
36692 2098 3846
35834 30328 8674
30178 1526 2794
29466 25357 6614
26556 1139 2060
26025 22494 5624
24146 13887 10590
39933 5272 9940
34661 6182 8738
38408 8734 17467
5272 0 0
922 100 171
6094 922 1816
5172 822 1288
6182 2942 2560
8485 3221 3533
20255 7325 11514
19552 14991 9121
7782 5245 2912
2537 2537 0
7325 3670 5177
1532 829 528
4358 1532 2077
2826 703 1117
2894 1378 1434
2098 1240 1069
1526 814 763
1139 608 607
30328 24672 8595
40041 29525 14368
25357 22447 4744
22494 20615 3196
36893 34558 4476
104 97 12
2529 23 42
2506 4 8
2502 1122 1105
1560 728 742
935 542 447
452 25 48
427 52 84
2425 187 364
1122 180 259
728 103 162
542 59 102
420 48 88
420 49 88
420 41 78
420 40 78
93027 52563 39887
93027 58904 37401
93027 65521 35868
93027 72456 28696
147572 38607 54218
147572 110679 73785
38607 29577 12451
9030 9030 0
9030 5572 3217
84424 44398 44113
84424 63318 42211
21106 12076 6566
9030 6488 2815
2542 266 512
2276 0 0
44398 39148 8766
5250 4 6
5246 3382 1964
2462 598 1066
1864 1403 643
3843 3843 0
4348 505 598
3843 1056 1397
2787 902 1095
1885 1006 813
879 879 0
505 505 0
13893 4863 4328
9030 2385 3461
6645 2027 2836
4618 2268 2204
2350 2350 0
4863 4863 0
275 275 0
275 144 238
131 131 0
275 0 0
275 144 238
275 275 0
275 144 238
131 0 0
131 131 0
37961 0 0
542 446 191
446 446 0
1083 0 0
87914 44147 43994
43767 0 0
43767 43767 0
59901 1188 2330
102481 73 146
102408 29308 35442
73100 30520 19577
44147 0 0
44147 0 0
102169 64 128
102105 28560 35052
73545 43602 20429
58567 58022 1082
545 1 2
3277 29 56
3792 0 0
3792 1667 1685
2125 515 543
3552 32 63
4708 2 4
4706 1674 1778
3032 1156 696
1188 1188 0
37961 702 1402
37259 37259 0
87915 62 64
87852 65889 43925
56077 21180 32013
34897 34114 1566
21180 0 0
37259 366 702
36893 8364 12203
95082 66553 45065
28529 551 1036
27978 0 0
94296 1269 2128
440225 87154 154056
353071 347198 11746
93027 64675 33268
94296 66318 44817
27978 12042 11732
15936 11835 5620
5714 0 0
5714 1613 2250
15936 15936 0
1 1 0
397 0 0
397 397 0
397 397 0
63504 38571 13530
63504 63360 287
144 0 0
225769 0 0
541 305 74
541 283 516
258 0 0
258 144 74
283 124 76
398 0 0
398 398 0
84146 0 0
84544 0 0
84544 21353 9463
84544 82850 2393
84544 84146 795
397 0 0
397 258 277
139 61 76
12085 58 115
12993 12085 1640
908 905 6
258 114 74
24178 114 227
24178 22495 3030
30548 144 287
30548 28416 3799
16614 78 155
16614 15451 2090
1 1 0
1 1 0
1 1 0
211 1 1
211 1 1
210 201 18
210 205 10
1 1 0
218 1 1
218 0 0
218 2 4
216 6 12
210 9 13
201 0 0
1 0 0
1 0 0
1 0 0
144 0 0
144 144 0
1440 146 289
1 0 0
1 0 0
1 0 0
1 1 0
266 266 0
266 146 239
266 266 0
266 0 0
266 1 2
1440 1296 287
851 0 0
851 0 0
851 0 0
851 0 0
851 580 524
271 0 0
271 0 0
271 0 0
271 271 0
271 0 0
271 151 238
120 120 0
271 271 0
271 0 0
271 151 238
120 120 0
580 0 0
580 580 0
580 0 0
580 580 0
580 0 0
580 0 0
580 0 0
580 0 0
580 434 289
146 0 0
146 0 0
146 0 0
146 2 2
144 144 0
580 0 0
580 437 285
143 0 0
143 0 0
143 0 0
143 0 0
143 0 0
580 0 0
580 2 2
580 580 0
580 580 0
580 0 0
580 0 0
580 0 0
580 580 0
580 0 0
144 0 0
144 0 0
144 0 0
580 580 0
1062 0 0
1062 580 287
482 476 12
6 6 0
6 0 0
1056 577 287
479 215 2
264 0 0
264 0 0
264 264 0
856 0 0
577 577 0
577 433 285
851 0 0
1643 441 877
1202 0 0
1202 0 0
1202 987 4
215 212 5
996 145 290
851 270 290
581 145 290
580 305 290
275 0 0
275 144 262
145 144 2
1 0 0
144 144 0
144 0 0
144 144 0
144 0 0
212 3 3
209 3 6
206 46 5
206 206 0
441 433 4
308 157 295
151 0 0
151 147 6
4 0 0
4 3 1
1 0 0
1 1 0
5275 0 0
5583 5275 597
308 297 10
145 0 0
6 6 0
433 289 288
144 0 0
144 0 0
144 144 0
144 0 0
144 0 0
144 0 0
144 0 0
144 144 0
144 0 0
144 0 0
297 0 0
297 0 0
297 0 0
297 0 0
297 3 6
294 150 287
297 294 6
3 0 0
294 0 0
294 289 4
294 2 4
144 0 0
144 0 0
144 0 0
150 0 0
150 0 0
150 0 0
1062 0 0
1062 0 0
1062 1062 0
1062 0 0
1062 0 0
1062 1062 0
1062 0 0
1062 0 0
1062 0 0
1062 0 0
851 0 0
851 0 0
851 0 0
851 851 0
1296 0 0
1296 0 0
1296 1296 0
1296 0 0
1296 0 0
1296 0 0
16992 15696 2591
707 156 286
551 0 0
551 491 114
156 87 114
87 87 0
491 0 0
491 491 0
87 0 0
777 690 173
4412 3921 981
1062 0 0
