Block 0x0: Count: 180880, Running Total: 180880
Block 0x1: Count: 225769, Running Total: 406649
Block 0x2: Count: 84544, Running Total: 491193
Block 0x3: Count: 295144, Running Total: 786337
Block 0x4: Count: 64271, Running Total: 850608
Block 0x5: Count: 440225, Running Total: 1290833
Block 0x6: Count: 93027, Running Total: 1383860
Block 0x7: Count: 141432, Running Total: 1525292
Block 0x8: Count: 151802, Running Total: 1677094
Block 0x9: Count: 147572, Running Total: 1824666
Block 0xa: Count: 440225, Running Total: 2264891
Block 0xb: Count: 440225, Running Total: 2705116
Block 0xc: Count: 213229, Running Total: 2918345
Block 0xd: Count: 87852, Running Total: 3006197
Block 0xe: Count: 141432, Running Total: 3147629
Block 0xf: Count: 83936, Running Total: 3231565
Block 0x10: Count: 180880, Running Total: 3412445
Block 0x11: Count: 353071, Running Total: 3765516
Block 0x12: Count: 87914, Running Total: 3853430
Block 0x13: Count: 93027, Running Total: 3946457
Load metaop: *mem-read-1
Load metaop: *mem-read-2
Load metaop: *mem-read-4
Load metaop: *mem-read-8
Load metaop: *mem-read-16
Store metaop: *mem-write-1
Store metaop: *mem-write-2
Store metaop: *mem-write-4
Store metaop: *mem-write-8
Store metaop: *mem-write-16
Xfer metaop: *category-DATAXFER
Unrecognized opcode CDQ, classifying as "other"
Unrecognized opcode CDQE, classifying as "other"
Unrecognized opcode CMOVL, classifying as "other"
Unrecognized opcode CMOVLE, classifying as "other"
Unrecognized opcode CMOVNB, classifying as "other"
Unrecognized opcode CMOVNLE, classifying as "other"
Unrecognized opcode CMOVNZ, classifying as "other"
Unrecognized opcode CMOVZ, classifying as "other"
Unrecognized opcode CMPXCHG, classifying as "other"
Unrecognized opcode LDDQU, classifying as "other"
Unrecognized opcode LEAVE, classifying as "other"
Unrecognized opcode NOP, classifying as "other"
Opcode REP_STOSQ has repeat prefix; discarding prefix
Unrecognized opcode SETNBE, classifying as "other"
Unrecognized opcode SETNLE, classifying as "other"
Unrecognized opcode SETNZ, classifying as "other"
Unrecognized opcode SETZ, classifying as "other"
Unrecognized opcode VADDSS, classifying as "other"
Unrecognized opcode VCVTSI2SS, classifying as "other"
Unrecognized opcode VCVTTSS2SI, classifying as "other"
Unrecognized opcode VDIVSS, classifying as "other"
Unrecognized opcode VMOVSS, classifying as "other"
Unrecognized opcode VSUBSS, classifying as "other"
Unrecognized opcode VUCOMISS, classifying as "other"
Unrecognized opcode VXORPS, classifying as "other"
Total metaop: *total

Done parsing file

"Other" ratio: 28.4114277704%
Sum category count: 142936963
Static BBL count: 20

# FINI: end of program
Dynamic Instruction Count = 100101503, Dyn BBL Count = 3946457
<DynInsCount> 100101503
<BBLCount> 3946457
<TotInsCount> 100101503
<IntCount> 39091874
<IntMulCount> 951197
<IntDivCount> 233506
<FPCount> 0
<FPMulCount> 0
<FPDivCount> 0
<LdCount> 26275307
<StCount> 9484416
<Br/CallCount> 15974712
<CondBrCount> 10315519
<OtherCount> 40610432
<SysCallCount> 0

# END_DYNAMIC_STATS


Saving to file ./pinball_out/t0r12/imix_new.out


