# Mix output version 2
# FINI: end of program
# EMIT_DYNAMIC_STATS FOR TID 1
# instructions = 100101503, basic blocks = 15983308
Local Byte Stride Bucket -256 is equal to 1804048
Local Byte Stride Bucket -255 is equal to 5
Local Byte Stride Bucket -254 is equal to 5722
Local Byte Stride Bucket -253 is equal to 2
Local Byte Stride Bucket -252 is equal to 22074
Local Byte Stride Bucket -251 is equal to 3
Local Byte Stride Bucket -250 is equal to 6141
Local Byte Stride Bucket -248 is equal to 14947
Local Byte Stride Bucket -247 is equal to 1
Local Byte Stride Bucket -246 is equal to 5614
Local Byte Stride Bucket -245 is equal to 4
Local Byte Stride Bucket -244 is equal to 12830
Local Byte Stride Bucket -243 is equal to 1
Local Byte Stride Bucket -242 is equal to 5935
Local Byte Stride Bucket -241 is equal to 1
Local Byte Stride Bucket -240 is equal to 9145
Local Byte Stride Bucket -239 is equal to 2
Local Byte Stride Bucket -238 is equal to 5857
Local Byte Stride Bucket -237 is equal to 1
Local Byte Stride Bucket -236 is equal to 9691
Local Byte Stride Bucket -235 is equal to 3
Local Byte Stride Bucket -234 is equal to 5557
Local Byte Stride Bucket -233 is equal to 1
Local Byte Stride Bucket -232 is equal to 9037
Local Byte Stride Bucket -231 is equal to 2
Local Byte Stride Bucket -230 is equal to 6142
Local Byte Stride Bucket -229 is equal to 2
Local Byte Stride Bucket -228 is equal to 8652
Local Byte Stride Bucket -227 is equal to 7
Local Byte Stride Bucket -226 is equal to 4108
Local Byte Stride Bucket -225 is equal to 1
Local Byte Stride Bucket -224 is equal to 48301
Local Byte Stride Bucket -223 is equal to 5
Local Byte Stride Bucket -222 is equal to 4749
Local Byte Stride Bucket -221 is equal to 1
Local Byte Stride Bucket -220 is equal to 7932
Local Byte Stride Bucket -219 is equal to 3
Local Byte Stride Bucket -218 is equal to 11047
Local Byte Stride Bucket -217 is equal to 2
Local Byte Stride Bucket -216 is equal to 8451
Local Byte Stride Bucket -215 is equal to 14
Local Byte Stride Bucket -214 is equal to 7316
Local Byte Stride Bucket -213 is equal to 2
Local Byte Stride Bucket -212 is equal to 9329
Local Byte Stride Bucket -211 is equal to 4
Local Byte Stride Bucket -210 is equal to 6258
Local Byte Stride Bucket -209 is equal to 4
Local Byte Stride Bucket -208 is equal to 9310
Local Byte Stride Bucket -207 is equal to 13
Local Byte Stride Bucket -206 is equal to 6520
Local Byte Stride Bucket -205 is equal to 2
Local Byte Stride Bucket -204 is equal to 8591
Local Byte Stride Bucket -203 is equal to 4
Local Byte Stride Bucket -202 is equal to 7098
Local Byte Stride Bucket -201 is equal to 1
Local Byte Stride Bucket -200 is equal to 8563
Local Byte Stride Bucket -199 is equal to 15
Local Byte Stride Bucket -198 is equal to 6512
Local Byte Stride Bucket -197 is equal to 3
Local Byte Stride Bucket -196 is equal to 8341
Local Byte Stride Bucket -195 is equal to 2
Local Byte Stride Bucket -194 is equal to 6016
Local Byte Stride Bucket -193 is equal to 16
Local Byte Stride Bucket -192 is equal to 49100
Local Byte Stride Bucket -191 is equal to 5
Local Byte Stride Bucket -190 is equal to 4799
Local Byte Stride Bucket -189 is equal to 7
Local Byte Stride Bucket -188 is equal to 9293
Local Byte Stride Bucket -187 is equal to 3
Local Byte Stride Bucket -186 is equal to 5258
Local Byte Stride Bucket -185 is equal to 2
Local Byte Stride Bucket -184 is equal to 15975
Local Byte Stride Bucket -183 is equal to 2
Local Byte Stride Bucket -182 is equal to 5299
Local Byte Stride Bucket -181 is equal to 4
Local Byte Stride Bucket -180 is equal to 18854
Local Byte Stride Bucket -179 is equal to 1
Local Byte Stride Bucket -178 is equal to 5630
Local Byte Stride Bucket -177 is equal to 20
Local Byte Stride Bucket -176 is equal to 17828
Local Byte Stride Bucket -175 is equal to 5
Local Byte Stride Bucket -174 is equal to 6183
Local Byte Stride Bucket -173 is equal to 4
Local Byte Stride Bucket -172 is equal to 29702
Local Byte Stride Bucket -171 is equal to 4
Local Byte Stride Bucket -170 is equal to 7947
Local Byte Stride Bucket -168 is equal to 35227
Local Byte Stride Bucket -167 is equal to 3
Local Byte Stride Bucket -166 is equal to 8190
Local Byte Stride Bucket -165 is equal to 2
Local Byte Stride Bucket -164 is equal to 32430
Local Byte Stride Bucket -163 is equal to 3
Local Byte Stride Bucket -162 is equal to 13488
Local Byte Stride Bucket -161 is equal to 1
Local Byte Stride Bucket -160 is equal to 65380
Local Byte Stride Bucket -159 is equal to 8
Local Byte Stride Bucket -158 is equal to 7102
Local Byte Stride Bucket -157 is equal to 4
Local Byte Stride Bucket -156 is equal to 12224
Local Byte Stride Bucket -155 is equal to 8
Local Byte Stride Bucket -154 is equal to 6442
Local Byte Stride Bucket -152 is equal to 11448
Local Byte Stride Bucket -151 is equal to 2
Local Byte Stride Bucket -150 is equal to 7690
Local Byte Stride Bucket -149 is equal to 3
Local Byte Stride Bucket -148 is equal to 13564
Local Byte Stride Bucket -147 is equal to 4
Local Byte Stride Bucket -146 is equal to 4943
Local Byte Stride Bucket -145 is equal to 4
Local Byte Stride Bucket -144 is equal to 9972
Local Byte Stride Bucket -143 is equal to 5
Local Byte Stride Bucket -142 is equal to 7373
Local Byte Stride Bucket -141 is equal to 1
Local Byte Stride Bucket -140 is equal to 9441
Local Byte Stride Bucket -139 is equal to 3
Local Byte Stride Bucket -138 is equal to 5468
Local Byte Stride Bucket -137 is equal to 2
Local Byte Stride Bucket -136 is equal to 9977
Local Byte Stride Bucket -135 is equal to 26
Local Byte Stride Bucket -134 is equal to 7411
Local Byte Stride Bucket -133 is equal to 10
Local Byte Stride Bucket -132 is equal to 14788
Local Byte Stride Bucket -131 is equal to 15
Local Byte Stride Bucket -130 is equal to 15546
Local Byte Stride Bucket -129 is equal to 10
Local Byte Stride Bucket -128 is equal to 146281
Local Byte Stride Bucket -127 is equal to 6
Local Byte Stride Bucket -126 is equal to 22651
Local Byte Stride Bucket -125 is equal to 7
Local Byte Stride Bucket -124 is equal to 18326
Local Byte Stride Bucket -123 is equal to 9
Local Byte Stride Bucket -122 is equal to 11547
Local Byte Stride Bucket -120 is equal to 11153
Local Byte Stride Bucket -119 is equal to 1
Local Byte Stride Bucket -118 is equal to 7813
Local Byte Stride Bucket -117 is equal to 1
Local Byte Stride Bucket -116 is equal to 11154
Local Byte Stride Bucket -115 is equal to 4
Local Byte Stride Bucket -114 is equal to 8265
Local Byte Stride Bucket -113 is equal to 5
Local Byte Stride Bucket -112 is equal to 10997
Local Byte Stride Bucket -111 is equal to 9
Local Byte Stride Bucket -110 is equal to 6406
Local Byte Stride Bucket -108 is equal to 9768
Local Byte Stride Bucket -107 is equal to 7
Local Byte Stride Bucket -106 is equal to 5911
Local Byte Stride Bucket -105 is equal to 3
Local Byte Stride Bucket -104 is equal to 9708
Local Byte Stride Bucket -103 is equal to 4
Local Byte Stride Bucket -102 is equal to 6955
Local Byte Stride Bucket -101 is equal to 7
Local Byte Stride Bucket -100 is equal to 11416
Local Byte Stride Bucket -98 is equal to 6471
Local Byte Stride Bucket -97 is equal to 24
Local Byte Stride Bucket -96 is equal to 20095
Local Byte Stride Bucket -95 is equal to 8
Local Byte Stride Bucket -94 is equal to 6846
Local Byte Stride Bucket -93 is equal to 10
Local Byte Stride Bucket -92 is equal to 31077
Local Byte Stride Bucket -91 is equal to 18
Local Byte Stride Bucket -90 is equal to 16384
Local Byte Stride Bucket -89 is equal to 11
Local Byte Stride Bucket -88 is equal to 204048
Local Byte Stride Bucket -87 is equal to 7
Local Byte Stride Bucket -86 is equal to 31858
Local Byte Stride Bucket -85 is equal to 15
Local Byte Stride Bucket -84 is equal to 100952
Local Byte Stride Bucket -83 is equal to 15
Local Byte Stride Bucket -82 is equal to 36600
Local Byte Stride Bucket -81 is equal to 6
Local Byte Stride Bucket -80 is equal to 56251
Local Byte Stride Bucket -79 is equal to 5
Local Byte Stride Bucket -78 is equal to 10271
Local Byte Stride Bucket -77 is equal to 21
Local Byte Stride Bucket -76 is equal to 28474
Local Byte Stride Bucket -75 is equal to 6
Local Byte Stride Bucket -74 is equal to 7693
Local Byte Stride Bucket -73 is equal to 4
Local Byte Stride Bucket -72 is equal to 15105
Local Byte Stride Bucket -71 is equal to 10
Local Byte Stride Bucket -70 is equal to 7690
Local Byte Stride Bucket -69 is equal to 23
Local Byte Stride Bucket -68 is equal to 11759
Local Byte Stride Bucket -67 is equal to 9
Local Byte Stride Bucket -66 is equal to 6294
Local Byte Stride Bucket -65 is equal to 44
Local Byte Stride Bucket -64 is equal to 480958
Local Byte Stride Bucket -63 is equal to 25
Local Byte Stride Bucket -62 is equal to 7867
Local Byte Stride Bucket -61 is equal to 20
Local Byte Stride Bucket -60 is equal to 10448
Local Byte Stride Bucket -59 is equal to 12
Local Byte Stride Bucket -58 is equal to 7630
Local Byte Stride Bucket -57 is equal to 10
Local Byte Stride Bucket -56 is equal to 13859
Local Byte Stride Bucket -55 is equal to 14
Local Byte Stride Bucket -54 is equal to 8770
Local Byte Stride Bucket -53 is equal to 9
Local Byte Stride Bucket -52 is equal to 11735
Local Byte Stride Bucket -51 is equal to 5
Local Byte Stride Bucket -50 is equal to 11097
Local Byte Stride Bucket -49 is equal to 16
Local Byte Stride Bucket -48 is equal to 23414
Local Byte Stride Bucket -47 is equal to 8
Local Byte Stride Bucket -46 is equal to 30854
Local Byte Stride Bucket -45 is equal to 9
Local Byte Stride Bucket -44 is equal to 211044
Local Byte Stride Bucket -43 is equal to 3
Local Byte Stride Bucket -42 is equal to 102472
Local Byte Stride Bucket -41 is equal to 18
Local Byte Stride Bucket -40 is equal to 58746
Local Byte Stride Bucket -39 is equal to 5
Local Byte Stride Bucket -38 is equal to 32065
Local Byte Stride Bucket -37 is equal to 16
Local Byte Stride Bucket -36 is equal to 18140
Local Byte Stride Bucket -35 is equal to 3
Local Byte Stride Bucket -34 is equal to 10127
Local Byte Stride Bucket -33 is equal to 8
Local Byte Stride Bucket -32 is equal to 76281
Local Byte Stride Bucket -31 is equal to 37
Local Byte Stride Bucket -30 is equal to 7759
Local Byte Stride Bucket -29 is equal to 7
Local Byte Stride Bucket -28 is equal to 74299
Local Byte Stride Bucket -27 is equal to 78
Local Byte Stride Bucket -26 is equal to 7614
Local Byte Stride Bucket -25 is equal to 14
Local Byte Stride Bucket -24 is equal to 111495
Local Byte Stride Bucket -23 is equal to 9
Local Byte Stride Bucket -22 is equal to 8004
Local Byte Stride Bucket -21 is equal to 18
Local Byte Stride Bucket -20 is equal to 43491
Local Byte Stride Bucket -19 is equal to 10
Local Byte Stride Bucket -18 is equal to 8201
Local Byte Stride Bucket -17 is equal to 14
Local Byte Stride Bucket -16 is equal to 69653
Local Byte Stride Bucket -15 is equal to 48
Local Byte Stride Bucket -14 is equal to 8874
Local Byte Stride Bucket -13 is equal to 15
Local Byte Stride Bucket -12 is equal to 264237
Local Byte Stride Bucket -11 is equal to 10
Local Byte Stride Bucket -10 is equal to 10208
Local Byte Stride Bucket -9 is equal to 10
Local Byte Stride Bucket -8 is equal to 206269
Local Byte Stride Bucket -7 is equal to 137
Local Byte Stride Bucket -6 is equal to 18390
Local Byte Stride Bucket -5 is equal to 80
Local Byte Stride Bucket -4 is equal to 379707
Local Byte Stride Bucket -3 is equal to 133
Local Byte Stride Bucket -2 is equal to 172087
Local Byte Stride Bucket -1 is equal to 48
Local Byte Stride Bucket 0 is equal to 21509371
Local Byte Stride Bucket 1 is equal to 75
Local Byte Stride Bucket 2 is equal to 366127
Local Byte Stride Bucket 3 is equal to 12
Local Byte Stride Bucket 4 is equal to 2300220
Local Byte Stride Bucket 5 is equal to 36
Local Byte Stride Bucket 6 is equal to 17537
Local Byte Stride Bucket 7 is equal to 22
Local Byte Stride Bucket 8 is equal to 444017
Local Byte Stride Bucket 9 is equal to 26
Local Byte Stride Bucket 10 is equal to 9435
Local Byte Stride Bucket 11 is equal to 12
Local Byte Stride Bucket 12 is equal to 41015
Local Byte Stride Bucket 13 is equal to 20
Local Byte Stride Bucket 14 is equal to 8217
Local Byte Stride Bucket 15 is equal to 12
Local Byte Stride Bucket 16 is equal to 36441
Local Byte Stride Bucket 17 is equal to 32
Local Byte Stride Bucket 18 is equal to 7632
Local Byte Stride Bucket 19 is equal to 6
Local Byte Stride Bucket 20 is equal to 24003
Local Byte Stride Bucket 21 is equal to 17
Local Byte Stride Bucket 22 is equal to 7730
Local Byte Stride Bucket 23 is equal to 10
Local Byte Stride Bucket 24 is equal to 46652
Local Byte Stride Bucket 25 is equal to 7
Local Byte Stride Bucket 26 is equal to 7110
Local Byte Stride Bucket 27 is equal to 8
Local Byte Stride Bucket 28 is equal to 19810
Local Byte Stride Bucket 29 is equal to 15
Local Byte Stride Bucket 30 is equal to 7508
Local Byte Stride Bucket 31 is equal to 5
Local Byte Stride Bucket 32 is equal to 17207
Local Byte Stride Bucket 33 is equal to 6
Local Byte Stride Bucket 34 is equal to 10436
Local Byte Stride Bucket 35 is equal to 3
Local Byte Stride Bucket 36 is equal to 18597
Local Byte Stride Bucket 37 is equal to 13
Local Byte Stride Bucket 38 is equal to 104988
Local Byte Stride Bucket 39 is equal to 3
Local Byte Stride Bucket 40 is equal to 263790
Local Byte Stride Bucket 41 is equal to 7
Local Byte Stride Bucket 42 is equal to 176612
Local Byte Stride Bucket 43 is equal to 5
Local Byte Stride Bucket 44 is equal to 244847
Local Byte Stride Bucket 45 is equal to 1
Local Byte Stride Bucket 46 is equal to 35781
Local Byte Stride Bucket 47 is equal to 6
Local Byte Stride Bucket 48 is equal to 21631
Local Byte Stride Bucket 49 is equal to 8
Local Byte Stride Bucket 50 is equal to 10604
Local Byte Stride Bucket 51 is equal to 2
Local Byte Stride Bucket 52 is equal to 11409
Local Byte Stride Bucket 53 is equal to 12
Local Byte Stride Bucket 54 is equal to 8825
Local Byte Stride Bucket 55 is equal to 6
Local Byte Stride Bucket 56 is equal to 13177
Local Byte Stride Bucket 57 is equal to 2
Local Byte Stride Bucket 58 is equal to 7299
Local Byte Stride Bucket 59 is equal to 14
Local Byte Stride Bucket 60 is equal to 10188
Local Byte Stride Bucket 61 is equal to 22
Local Byte Stride Bucket 62 is equal to 7477
Local Byte Stride Bucket 63 is equal to 52
Local Byte Stride Bucket 64 is equal to 317567
Local Byte Stride Bucket 65 is equal to 51
Local Byte Stride Bucket 66 is equal to 5951
Local Byte Stride Bucket 67 is equal to 12
Local Byte Stride Bucket 68 is equal to 11159
Local Byte Stride Bucket 69 is equal to 20
Local Byte Stride Bucket 70 is equal to 7709
Local Byte Stride Bucket 71 is equal to 5
Local Byte Stride Bucket 72 is equal to 13695
Local Byte Stride Bucket 73 is equal to 3
Local Byte Stride Bucket 74 is equal to 8230
Local Byte Stride Bucket 75 is equal to 3
Local Byte Stride Bucket 76 is equal to 190960
Local Byte Stride Bucket 78 is equal to 9938
Local Byte Stride Bucket 79 is equal to 3
Local Byte Stride Bucket 80 is equal to 239333
Local Byte Stride Bucket 81 is equal to 4
Local Byte Stride Bucket 82 is equal to 39841
Local Byte Stride Bucket 83 is equal to 2
Local Byte Stride Bucket 84 is equal to 273766
Local Byte Stride Bucket 85 is equal to 41
Local Byte Stride Bucket 86 is equal to 32543
Local Byte Stride Bucket 87 is equal to 5
Local Byte Stride Bucket 88 is equal to 198327
Local Byte Stride Bucket 90 is equal to 10458
Local Byte Stride Bucket 91 is equal to 2
Local Byte Stride Bucket 92 is equal to 32159
Local Byte Stride Bucket 94 is equal to 6458
Local Byte Stride Bucket 95 is equal to 5
Local Byte Stride Bucket 96 is equal to 15360
Local Byte Stride Bucket 97 is equal to 5
Local Byte Stride Bucket 98 is equal to 6481
Local Byte Stride Bucket 99 is equal to 2
Local Byte Stride Bucket 100 is equal to 11035
Local Byte Stride Bucket 101 is equal to 2
Local Byte Stride Bucket 102 is equal to 6952
Local Byte Stride Bucket 103 is equal to 3
Local Byte Stride Bucket 104 is equal to 9230
Local Byte Stride Bucket 105 is equal to 3
Local Byte Stride Bucket 106 is equal to 5666
Local Byte Stride Bucket 107 is equal to 7
Local Byte Stride Bucket 108 is equal to 9593
Local Byte Stride Bucket 109 is equal to 1
Local Byte Stride Bucket 110 is equal to 6320
Local Byte Stride Bucket 111 is equal to 2
Local Byte Stride Bucket 112 is equal to 10310
Local Byte Stride Bucket 113 is equal to 2
Local Byte Stride Bucket 114 is equal to 8346
Local Byte Stride Bucket 115 is equal to 1
Local Byte Stride Bucket 116 is equal to 11062
Local Byte Stride Bucket 117 is equal to 2
Local Byte Stride Bucket 118 is equal to 8062
Local Byte Stride Bucket 119 is equal to 4
Local Byte Stride Bucket 120 is equal to 11408
Local Byte Stride Bucket 121 is equal to 4
Local Byte Stride Bucket 122 is equal to 10401
Local Byte Stride Bucket 123 is equal to 4
Local Byte Stride Bucket 124 is equal to 14861
Local Byte Stride Bucket 125 is equal to 4
Local Byte Stride Bucket 126 is equal to 15986
Local Byte Stride Bucket 127 is equal to 12
Local Byte Stride Bucket 128 is equal to 36684
Local Byte Stride Bucket 129 is equal to 12
Local Byte Stride Bucket 130 is equal to 9483
Local Byte Stride Bucket 131 is equal to 1
Local Byte Stride Bucket 132 is equal to 11885
Local Byte Stride Bucket 133 is equal to 12
Local Byte Stride Bucket 134 is equal to 7328
Local Byte Stride Bucket 135 is equal to 1
Local Byte Stride Bucket 136 is equal to 10248
Local Byte Stride Bucket 137 is equal to 3
Local Byte Stride Bucket 138 is equal to 5207
Local Byte Stride Bucket 140 is equal to 9351
Local Byte Stride Bucket 141 is equal to 2
Local Byte Stride Bucket 142 is equal to 7143
Local Byte Stride Bucket 143 is equal to 3
Local Byte Stride Bucket 144 is equal to 9098
Local Byte Stride Bucket 145 is equal to 2
Local Byte Stride Bucket 146 is equal to 5131
Local Byte Stride Bucket 148 is equal to 13914
Local Byte Stride Bucket 149 is equal to 2
Local Byte Stride Bucket 150 is equal to 6856
Local Byte Stride Bucket 151 is equal to 5
Local Byte Stride Bucket 152 is equal to 10299
Local Byte Stride Bucket 153 is equal to 1
Local Byte Stride Bucket 154 is equal to 6524
Local Byte Stride Bucket 156 is equal to 11776
Local Byte Stride Bucket 157 is equal to 2
Local Byte Stride Bucket 158 is equal to 7203
Local Byte Stride Bucket 159 is equal to 1
Local Byte Stride Bucket 160 is equal to 68441
Local Byte Stride Bucket 161 is equal to 1
Local Byte Stride Bucket 162 is equal to 12052
Local Byte Stride Bucket 164 is equal to 35019
Local Byte Stride Bucket 165 is equal to 3
Local Byte Stride Bucket 166 is equal to 8345
Local Byte Stride Bucket 167 is equal to 4
Local Byte Stride Bucket 168 is equal to 40693
Local Byte Stride Bucket 169 is equal to 2
Local Byte Stride Bucket 170 is equal to 7649
Local Byte Stride Bucket 171 is equal to 3
Local Byte Stride Bucket 172 is equal to 27090
Local Byte Stride Bucket 174 is equal to 6003
Local Byte Stride Bucket 175 is equal to 4
Local Byte Stride Bucket 176 is equal to 14315
Local Byte Stride Bucket 177 is equal to 8
Local Byte Stride Bucket 178 is equal to 5767
Local Byte Stride Bucket 180 is equal to 9401
Local Byte Stride Bucket 181 is equal to 4
Local Byte Stride Bucket 182 is equal to 5104
Local Byte Stride Bucket 183 is equal to 4
Local Byte Stride Bucket 184 is equal to 14962
Local Byte Stride Bucket 185 is equal to 1
Local Byte Stride Bucket 186 is equal to 4987
Local Byte Stride Bucket 187 is equal to 3
Local Byte Stride Bucket 188 is equal to 9342
Local Byte Stride Bucket 189 is equal to 4
Local Byte Stride Bucket 190 is equal to 4886
Local Byte Stride Bucket 191 is equal to 8
Local Byte Stride Bucket 192 is equal to 8698
Local Byte Stride Bucket 193 is equal to 11
Local Byte Stride Bucket 194 is equal to 5863
Local Byte Stride Bucket 195 is equal to 2
Local Byte Stride Bucket 196 is equal to 8262
Local Byte Stride Bucket 197 is equal to 4
Local Byte Stride Bucket 198 is equal to 6374
Local Byte Stride Bucket 199 is equal to 1
Local Byte Stride Bucket 200 is equal to 8804
Local Byte Stride Bucket 201 is equal to 4
Local Byte Stride Bucket 202 is equal to 6895
Local Byte Stride Bucket 203 is equal to 4
Local Byte Stride Bucket 204 is equal to 8988
Local Byte Stride Bucket 206 is equal to 6864
Local Byte Stride Bucket 207 is equal to 4
Local Byte Stride Bucket 208 is equal to 9538
Local Byte Stride Bucket 209 is equal to 1
Local Byte Stride Bucket 210 is equal to 6420
Local Byte Stride Bucket 211 is equal to 1
Local Byte Stride Bucket 212 is equal to 8699
Local Byte Stride Bucket 213 is equal to 1
Local Byte Stride Bucket 214 is equal to 7665
Local Byte Stride Bucket 215 is equal to 3
Local Byte Stride Bucket 216 is equal to 8337
Local Byte Stride Bucket 217 is equal to 1
Local Byte Stride Bucket 218 is equal to 10584
Local Byte Stride Bucket 219 is equal to 1
Local Byte Stride Bucket 220 is equal to 7810
Local Byte Stride Bucket 222 is equal to 4687
Local Byte Stride Bucket 223 is equal to 1
Local Byte Stride Bucket 224 is equal to 38598
Local Byte Stride Bucket 225 is equal to 1
Local Byte Stride Bucket 226 is equal to 3858
Local Byte Stride Bucket 227 is equal to 3
Local Byte Stride Bucket 228 is equal to 8558
Local Byte Stride Bucket 229 is equal to 7
Local Byte Stride Bucket 230 is equal to 5947
Local Byte Stride Bucket 232 is equal to 9164
Local Byte Stride Bucket 234 is equal to 5750
Local Byte Stride Bucket 235 is equal to 6
Local Byte Stride Bucket 236 is equal to 9694
Local Byte Stride Bucket 237 is equal to 5
Local Byte Stride Bucket 238 is equal to 5851
Local Byte Stride Bucket 240 is equal to 10335
Local Byte Stride Bucket 241 is equal to 4
Local Byte Stride Bucket 242 is equal to 5648
Local Byte Stride Bucket 243 is equal to 3
Local Byte Stride Bucket 244 is equal to 11395
Local Byte Stride Bucket 245 is equal to 4
Local Byte Stride Bucket 246 is equal to 5467
Local Byte Stride Bucket 247 is equal to 2
Local Byte Stride Bucket 248 is equal to 11465
Local Byte Stride Bucket 249 is equal to 5
Local Byte Stride Bucket 250 is equal to 5770
Local Byte Stride Bucket 251 is equal to 10
Local Byte Stride Bucket 252 is equal to 15340
Local Byte Stride Bucket 253 is equal to 21
Local Byte Stride Bucket 254 is equal to 5438
Local Byte Stride Bucket 255 is equal to 9
Local Byte Stride Bucket 256 is equal to 1679639

Local Cache Stride Bucket -256 is equal to 182222
Local Cache Stride Bucket -255 is equal to 89
Local Cache Stride Bucket -254 is equal to 71
Local Cache Stride Bucket -253 is equal to 77
Local Cache Stride Bucket -252 is equal to 153
Local Cache Stride Bucket -251 is equal to 54
Local Cache Stride Bucket -250 is equal to 55
Local Cache Stride Bucket -249 is equal to 27
Local Cache Stride Bucket -248 is equal to 85
Local Cache Stride Bucket -247 is equal to 86
Local Cache Stride Bucket -246 is equal to 121
Local Cache Stride Bucket -245 is equal to 68
Local Cache Stride Bucket -244 is equal to 98
Local Cache Stride Bucket -243 is equal to 150
Local Cache Stride Bucket -242 is equal to 83
Local Cache Stride Bucket -241 is equal to 80
Local Cache Stride Bucket -240 is equal to 267
Local Cache Stride Bucket -239 is equal to 65
Local Cache Stride Bucket -238 is equal to 52
Local Cache Stride Bucket -237 is equal to 63
Local Cache Stride Bucket -236 is equal to 76
Local Cache Stride Bucket -235 is equal to 62
Local Cache Stride Bucket -234 is equal to 43
Local Cache Stride Bucket -233 is equal to 28
Local Cache Stride Bucket -232 is equal to 48
Local Cache Stride Bucket -231 is equal to 38
Local Cache Stride Bucket -230 is equal to 48
Local Cache Stride Bucket -229 is equal to 39
Local Cache Stride Bucket -228 is equal to 46
Local Cache Stride Bucket -227 is equal to 39
Local Cache Stride Bucket -226 is equal to 93
Local Cache Stride Bucket -225 is equal to 35
Local Cache Stride Bucket -224 is equal to 160
Local Cache Stride Bucket -223 is equal to 45
Local Cache Stride Bucket -222 is equal to 70
Local Cache Stride Bucket -221 is equal to 26
Local Cache Stride Bucket -220 is equal to 42
Local Cache Stride Bucket -219 is equal to 38
Local Cache Stride Bucket -218 is equal to 43
Local Cache Stride Bucket -217 is equal to 31
Local Cache Stride Bucket -216 is equal to 79
Local Cache Stride Bucket -215 is equal to 34
Local Cache Stride Bucket -214 is equal to 26
Local Cache Stride Bucket -213 is equal to 40
Local Cache Stride Bucket -212 is equal to 72
Local Cache Stride Bucket -211 is equal to 29
Local Cache Stride Bucket -210 is equal to 41
Local Cache Stride Bucket -209 is equal to 148
Local Cache Stride Bucket -208 is equal to 112
Local Cache Stride Bucket -207 is equal to 39
Local Cache Stride Bucket -206 is equal to 35
Local Cache Stride Bucket -205 is equal to 76
Local Cache Stride Bucket -204 is equal to 45
Local Cache Stride Bucket -203 is equal to 21
Local Cache Stride Bucket -202 is equal to 108
Local Cache Stride Bucket -201 is equal to 50
Local Cache Stride Bucket -200 is equal to 50
Local Cache Stride Bucket -199 is equal to 39
Local Cache Stride Bucket -198 is equal to 36
Local Cache Stride Bucket -197 is equal to 71
Local Cache Stride Bucket -196 is equal to 70
Local Cache Stride Bucket -195 is equal to 47
Local Cache Stride Bucket -194 is equal to 77
Local Cache Stride Bucket -193 is equal to 157
Local Cache Stride Bucket -192 is equal to 677
Local Cache Stride Bucket -191 is equal to 50
Local Cache Stride Bucket -190 is equal to 40
Local Cache Stride Bucket -189 is equal to 45
Local Cache Stride Bucket -188 is equal to 108
Local Cache Stride Bucket -187 is equal to 36
Local Cache Stride Bucket -186 is equal to 45
Local Cache Stride Bucket -185 is equal to 36
Local Cache Stride Bucket -184 is equal to 98
Local Cache Stride Bucket -183 is equal to 38
Local Cache Stride Bucket -182 is equal to 51
Local Cache Stride Bucket -181 is equal to 44
Local Cache Stride Bucket -180 is equal to 63
Local Cache Stride Bucket -179 is equal to 63
Local Cache Stride Bucket -178 is equal to 63
Local Cache Stride Bucket -177 is equal to 44
Local Cache Stride Bucket -176 is equal to 126
Local Cache Stride Bucket -175 is equal to 60
Local Cache Stride Bucket -174 is equal to 30
Local Cache Stride Bucket -173 is equal to 34
Local Cache Stride Bucket -172 is equal to 43
Local Cache Stride Bucket -171 is equal to 42
Local Cache Stride Bucket -170 is equal to 34
Local Cache Stride Bucket -169 is equal to 34
Local Cache Stride Bucket -168 is equal to 63
Local Cache Stride Bucket -167 is equal to 82
Local Cache Stride Bucket -166 is equal to 63
Local Cache Stride Bucket -165 is equal to 32
Local Cache Stride Bucket -164 is equal to 55
Local Cache Stride Bucket -163 is equal to 47
Local Cache Stride Bucket -162 is equal to 99
Local Cache Stride Bucket -161 is equal to 58
Local Cache Stride Bucket -160 is equal to 156
Local Cache Stride Bucket -159 is equal to 60
Local Cache Stride Bucket -158 is equal to 73
Local Cache Stride Bucket -157 is equal to 29
Local Cache Stride Bucket -156 is equal to 59
Local Cache Stride Bucket -155 is equal to 24
Local Cache Stride Bucket -154 is equal to 51
Local Cache Stride Bucket -153 is equal to 47
Local Cache Stride Bucket -152 is equal to 58
Local Cache Stride Bucket -151 is equal to 49
Local Cache Stride Bucket -150 is equal to 37
Local Cache Stride Bucket -149 is equal to 46
Local Cache Stride Bucket -148 is equal to 71
Local Cache Stride Bucket -147 is equal to 51
Local Cache Stride Bucket -146 is equal to 61
Local Cache Stride Bucket -145 is equal to 103
Local Cache Stride Bucket -144 is equal to 95
Local Cache Stride Bucket -143 is equal to 62
Local Cache Stride Bucket -142 is equal to 38
Local Cache Stride Bucket -141 is equal to 50
Local Cache Stride Bucket -140 is equal to 49
Local Cache Stride Bucket -139 is equal to 59
Local Cache Stride Bucket -138 is equal to 36
Local Cache Stride Bucket -137 is equal to 70
Local Cache Stride Bucket -136 is equal to 69
Local Cache Stride Bucket -135 is equal to 61
Local Cache Stride Bucket -134 is equal to 67
Local Cache Stride Bucket -133 is equal to 32
Local Cache Stride Bucket -132 is equal to 139
Local Cache Stride Bucket -131 is equal to 70
Local Cache Stride Bucket -130 is equal to 163
Local Cache Stride Bucket -129 is equal to 1354
Local Cache Stride Bucket -128 is equal to 1673
Local Cache Stride Bucket -127 is equal to 87
Local Cache Stride Bucket -126 is equal to 102
Local Cache Stride Bucket -125 is equal to 35
Local Cache Stride Bucket -124 is equal to 93
Local Cache Stride Bucket -123 is equal to 46
Local Cache Stride Bucket -122 is equal to 74
Local Cache Stride Bucket -121 is equal to 66
Local Cache Stride Bucket -120 is equal to 186
Local Cache Stride Bucket -119 is equal to 57
Local Cache Stride Bucket -118 is equal to 347
Local Cache Stride Bucket -117 is equal to 894
Local Cache Stride Bucket -116 is equal to 44
Local Cache Stride Bucket -115 is equal to 73
Local Cache Stride Bucket -114 is equal to 115
Local Cache Stride Bucket -113 is equal to 66
Local Cache Stride Bucket -112 is equal to 319
Local Cache Stride Bucket -111 is equal to 69
Local Cache Stride Bucket -110 is equal to 328
Local Cache Stride Bucket -109 is equal to 49
Local Cache Stride Bucket -108 is equal to 50
Local Cache Stride Bucket -107 is equal to 62
Local Cache Stride Bucket -106 is equal to 49
Local Cache Stride Bucket -105 is equal to 49
Local Cache Stride Bucket -104 is equal to 60
Local Cache Stride Bucket -103 is equal to 52
Local Cache Stride Bucket -102 is equal to 52
Local Cache Stride Bucket -101 is equal to 48
Local Cache Stride Bucket -100 is equal to 44
Local Cache Stride Bucket -99 is equal to 66
Local Cache Stride Bucket -98 is equal to 190
Local Cache Stride Bucket -97 is equal to 130
Local Cache Stride Bucket -96 is equal to 554
Local Cache Stride Bucket -95 is equal to 83
Local Cache Stride Bucket -94 is equal to 79
Local Cache Stride Bucket -93 is equal to 31
Local Cache Stride Bucket -92 is equal to 90
Local Cache Stride Bucket -91 is equal to 590
Local Cache Stride Bucket -90 is equal to 61
Local Cache Stride Bucket -89 is equal to 72
Local Cache Stride Bucket -88 is equal to 140
Local Cache Stride Bucket -87 is equal to 70
Local Cache Stride Bucket -86 is equal to 89
Local Cache Stride Bucket -85 is equal to 168
Local Cache Stride Bucket -84 is equal to 64
Local Cache Stride Bucket -83 is equal to 131
Local Cache Stride Bucket -82 is equal to 130
Local Cache Stride Bucket -81 is equal to 170
Local Cache Stride Bucket -80 is equal to 444
Local Cache Stride Bucket -79 is equal to 75
Local Cache Stride Bucket -78 is equal to 86
Local Cache Stride Bucket -77 is equal to 92
Local Cache Stride Bucket -76 is equal to 129
Local Cache Stride Bucket -75 is equal to 97
Local Cache Stride Bucket -74 is equal to 61
Local Cache Stride Bucket -73 is equal to 57
Local Cache Stride Bucket -72 is equal to 95
Local Cache Stride Bucket -71 is equal to 69
Local Cache Stride Bucket -70 is equal to 68
Local Cache Stride Bucket -69 is equal to 109
Local Cache Stride Bucket -68 is equal to 108
Local Cache Stride Bucket -67 is equal to 88
Local Cache Stride Bucket -66 is equal to 157
Local Cache Stride Bucket -65 is equal to 132
Local Cache Stride Bucket -64 is equal to 453
Local Cache Stride Bucket -63 is equal to 118
Local Cache Stride Bucket -62 is equal to 88
Local Cache Stride Bucket -61 is equal to 67
Local Cache Stride Bucket -60 is equal to 1049
Local Cache Stride Bucket -59 is equal to 85
Local Cache Stride Bucket -58 is equal to 65
Local Cache Stride Bucket -57 is equal to 80
Local Cache Stride Bucket -56 is equal to 81
Local Cache Stride Bucket -55 is equal to 44
Local Cache Stride Bucket -54 is equal to 1002
Local Cache Stride Bucket -53 is equal to 990
Local Cache Stride Bucket -52 is equal to 70
Local Cache Stride Bucket -51 is equal to 93
Local Cache Stride Bucket -50 is equal to 118
Local Cache Stride Bucket -49 is equal to 2033
Local Cache Stride Bucket -48 is equal to 697
Local Cache Stride Bucket -47 is equal to 82
Local Cache Stride Bucket -46 is equal to 65
Local Cache Stride Bucket -45 is equal to 72
Local Cache Stride Bucket -44 is equal to 1080
Local Cache Stride Bucket -43 is equal to 60
Local Cache Stride Bucket -42 is equal to 86
Local Cache Stride Bucket -41 is equal to 81
Local Cache Stride Bucket -40 is equal to 180
Local Cache Stride Bucket -39 is equal to 1049
Local Cache Stride Bucket -38 is equal to 135
Local Cache Stride Bucket -37 is equal to 108
Local Cache Stride Bucket -36 is equal to 80
Local Cache Stride Bucket -35 is equal to 142
Local Cache Stride Bucket -34 is equal to 292
Local Cache Stride Bucket -33 is equal to 167
Local Cache Stride Bucket -32 is equal to 480
Local Cache Stride Bucket -31 is equal to 389
Local Cache Stride Bucket -30 is equal to 1440
Local Cache Stride Bucket -29 is equal to 89
Local Cache Stride Bucket -28 is equal to 122
Local Cache Stride Bucket -27 is equal to 147
Local Cache Stride Bucket -26 is equal to 467
Local Cache Stride Bucket -25 is equal to 3074
Local Cache Stride Bucket -24 is equal to 9162
Local Cache Stride Bucket -23 is equal to 11955
Local Cache Stride Bucket -22 is equal to 10862
Local Cache Stride Bucket -21 is equal to 12491
Local Cache Stride Bucket -20 is equal to 15524
Local Cache Stride Bucket -19 is equal to 18184
Local Cache Stride Bucket -18 is equal to 22579
Local Cache Stride Bucket -17 is equal to 25175
Local Cache Stride Bucket -16 is equal to 26101
Local Cache Stride Bucket -15 is equal to 27151
Local Cache Stride Bucket -14 is equal to 29851
Local Cache Stride Bucket -13 is equal to 48258
Local Cache Stride Bucket -12 is equal to 62536
Local Cache Stride Bucket -11 is equal to 106588
Local Cache Stride Bucket -10 is equal to 107562
Local Cache Stride Bucket -9 is equal to 127883
Local Cache Stride Bucket -8 is equal to 150199
Local Cache Stride Bucket -7 is equal to 178518
Local Cache Stride Bucket -6 is equal to 207315
Local Cache Stride Bucket -5 is equal to 239756
Local Cache Stride Bucket -4 is equal to 312385
Local Cache Stride Bucket -3 is equal to 409787
Local Cache Stride Bucket -2 is equal to 663796
Local Cache Stride Bucket -1 is equal to 1650514
Local Cache Stride Bucket 0 is equal to 26091792
Local Cache Stride Bucket 1 is equal to 2131847
Local Cache Stride Bucket 2 is equal to 656986
Local Cache Stride Bucket 3 is equal to 354806
Local Cache Stride Bucket 4 is equal to 259185
Local Cache Stride Bucket 5 is equal to 221450
Local Cache Stride Bucket 6 is equal to 196105
Local Cache Stride Bucket 7 is equal to 179689
Local Cache Stride Bucket 8 is equal to 141983
Local Cache Stride Bucket 9 is equal to 118195
Local Cache Stride Bucket 10 is equal to 98243
Local Cache Stride Bucket 11 is equal to 100504
Local Cache Stride Bucket 12 is equal to 58144
Local Cache Stride Bucket 13 is equal to 45758
Local Cache Stride Bucket 14 is equal to 37969
Local Cache Stride Bucket 15 is equal to 26363
Local Cache Stride Bucket 16 is equal to 24861
Local Cache Stride Bucket 17 is equal to 21644
Local Cache Stride Bucket 18 is equal to 19699
Local Cache Stride Bucket 19 is equal to 18096
Local Cache Stride Bucket 20 is equal to 14625
Local Cache Stride Bucket 21 is equal to 10602
Local Cache Stride Bucket 22 is equal to 11545
Local Cache Stride Bucket 23 is equal to 10443
Local Cache Stride Bucket 24 is equal to 5709
Local Cache Stride Bucket 25 is equal to 1325
Local Cache Stride Bucket 26 is equal to 110
Local Cache Stride Bucket 27 is equal to 927
Local Cache Stride Bucket 28 is equal to 1506
Local Cache Stride Bucket 29 is equal to 65
Local Cache Stride Bucket 30 is equal to 194
Local Cache Stride Bucket 31 is equal to 132
Local Cache Stride Bucket 32 is equal to 234
Local Cache Stride Bucket 33 is equal to 196
Local Cache Stride Bucket 34 is equal to 176
Local Cache Stride Bucket 35 is equal to 510
Local Cache Stride Bucket 36 is equal to 1316
Local Cache Stride Bucket 37 is equal to 59
Local Cache Stride Bucket 38 is equal to 69
Local Cache Stride Bucket 39 is equal to 60
Local Cache Stride Bucket 40 is equal to 121
Local Cache Stride Bucket 41 is equal to 56
Local Cache Stride Bucket 42 is equal to 62
Local Cache Stride Bucket 43 is equal to 48
Local Cache Stride Bucket 44 is equal to 96
Local Cache Stride Bucket 45 is equal to 274
Local Cache Stride Bucket 46 is equal to 987
Local Cache Stride Bucket 47 is equal to 143
Local Cache Stride Bucket 48 is equal to 184
Local Cache Stride Bucket 49 is equal to 119
Local Cache Stride Bucket 50 is equal to 91
Local Cache Stride Bucket 51 is equal to 80
Local Cache Stride Bucket 52 is equal to 78
Local Cache Stride Bucket 53 is equal to 1011
Local Cache Stride Bucket 54 is equal to 39
Local Cache Stride Bucket 55 is equal to 1012
Local Cache Stride Bucket 56 is equal to 1033
Local Cache Stride Bucket 57 is equal to 179
Local Cache Stride Bucket 58 is equal to 78
Local Cache Stride Bucket 59 is equal to 85
Local Cache Stride Bucket 60 is equal to 147
Local Cache Stride Bucket 61 is equal to 101
Local Cache Stride Bucket 62 is equal to 142
Local Cache Stride Bucket 63 is equal to 156
Local Cache Stride Bucket 64 is equal to 354
Local Cache Stride Bucket 65 is equal to 166
Local Cache Stride Bucket 66 is equal to 100
Local Cache Stride Bucket 67 is equal to 55
Local Cache Stride Bucket 68 is equal to 96
Local Cache Stride Bucket 69 is equal to 68
Local Cache Stride Bucket 70 is equal to 47
Local Cache Stride Bucket 71 is equal to 70
Local Cache Stride Bucket 72 is equal to 119
Local Cache Stride Bucket 73 is equal to 65
Local Cache Stride Bucket 74 is equal to 65
Local Cache Stride Bucket 75 is equal to 91
Local Cache Stride Bucket 76 is equal to 89
Local Cache Stride Bucket 77 is equal to 211
Local Cache Stride Bucket 78 is equal to 574
Local Cache Stride Bucket 79 is equal to 110
Local Cache Stride Bucket 80 is equal to 218
Local Cache Stride Bucket 81 is equal to 153
Local Cache Stride Bucket 82 is equal to 78
Local Cache Stride Bucket 83 is equal to 50
Local Cache Stride Bucket 84 is equal to 71
Local Cache Stride Bucket 85 is equal to 79
Local Cache Stride Bucket 86 is equal to 210
Local Cache Stride Bucket 87 is equal to 53
Local Cache Stride Bucket 88 is equal to 59
Local Cache Stride Bucket 89 is equal to 32
Local Cache Stride Bucket 90 is equal to 52
Local Cache Stride Bucket 91 is equal to 491
Local Cache Stride Bucket 92 is equal to 67
Local Cache Stride Bucket 93 is equal to 53
Local Cache Stride Bucket 94 is equal to 104
Local Cache Stride Bucket 95 is equal to 72
Local Cache Stride Bucket 96 is equal to 189
Local Cache Stride Bucket 97 is equal to 101
Local Cache Stride Bucket 98 is equal to 135
Local Cache Stride Bucket 99 is equal to 74
Local Cache Stride Bucket 100 is equal to 51
Local Cache Stride Bucket 101 is equal to 30
Local Cache Stride Bucket 102 is equal to 62
Local Cache Stride Bucket 103 is equal to 67
Local Cache Stride Bucket 104 is equal to 53
Local Cache Stride Bucket 105 is equal to 43
Local Cache Stride Bucket 106 is equal to 38
Local Cache Stride Bucket 107 is equal to 36
Local Cache Stride Bucket 108 is equal to 40
Local Cache Stride Bucket 109 is equal to 38
Local Cache Stride Bucket 110 is equal to 327
Local Cache Stride Bucket 111 is equal to 89
Local Cache Stride Bucket 112 is equal to 119
Local Cache Stride Bucket 113 is equal to 79
Local Cache Stride Bucket 114 is equal to 66
Local Cache Stride Bucket 115 is equal to 58
Local Cache Stride Bucket 116 is equal to 76
Local Cache Stride Bucket 117 is equal to 34
Local Cache Stride Bucket 118 is equal to 43
Local Cache Stride Bucket 119 is equal to 58
Local Cache Stride Bucket 120 is equal to 94
Local Cache Stride Bucket 121 is equal to 55
Local Cache Stride Bucket 122 is equal to 81
Local Cache Stride Bucket 123 is equal to 91
Local Cache Stride Bucket 124 is equal to 59
Local Cache Stride Bucket 125 is equal to 52
Local Cache Stride Bucket 126 is equal to 98
Local Cache Stride Bucket 127 is equal to 109
Local Cache Stride Bucket 128 is equal to 339
Local Cache Stride Bucket 129 is equal to 133
Local Cache Stride Bucket 130 is equal to 134
Local Cache Stride Bucket 131 is equal to 47
Local Cache Stride Bucket 132 is equal to 146
Local Cache Stride Bucket 133 is equal to 32
Local Cache Stride Bucket 134 is equal to 52
Local Cache Stride Bucket 135 is equal to 35
Local Cache Stride Bucket 136 is equal to 71
Local Cache Stride Bucket 137 is equal to 52
Local Cache Stride Bucket 138 is equal to 32
Local Cache Stride Bucket 139 is equal to 45
Local Cache Stride Bucket 140 is equal to 65
Local Cache Stride Bucket 141 is equal to 61
Local Cache Stride Bucket 142 is equal to 36
Local Cache Stride Bucket 143 is equal to 80
Local Cache Stride Bucket 144 is equal to 109
Local Cache Stride Bucket 145 is equal to 112
Local Cache Stride Bucket 146 is equal to 63
Local Cache Stride Bucket 147 is equal to 61
Local Cache Stride Bucket 148 is equal to 49
Local Cache Stride Bucket 149 is equal to 35
Local Cache Stride Bucket 150 is equal to 95
Local Cache Stride Bucket 151 is equal to 33
Local Cache Stride Bucket 152 is equal to 41
Local Cache Stride Bucket 153 is equal to 69
Local Cache Stride Bucket 154 is equal to 56
Local Cache Stride Bucket 155 is equal to 34
Local Cache Stride Bucket 156 is equal to 26
Local Cache Stride Bucket 157 is equal to 48
Local Cache Stride Bucket 158 is equal to 85
Local Cache Stride Bucket 159 is equal to 63
Local Cache Stride Bucket 160 is equal to 122
Local Cache Stride Bucket 161 is equal to 70
Local Cache Stride Bucket 162 is equal to 77
Local Cache Stride Bucket 163 is equal to 53
Local Cache Stride Bucket 164 is equal to 44
Local Cache Stride Bucket 165 is equal to 23
Local Cache Stride Bucket 166 is equal to 55
Local Cache Stride Bucket 167 is equal to 37
Local Cache Stride Bucket 168 is equal to 83
Local Cache Stride Bucket 169 is equal to 49
Local Cache Stride Bucket 170 is equal to 30
Local Cache Stride Bucket 171 is equal to 61
Local Cache Stride Bucket 172 is equal to 26
Local Cache Stride Bucket 173 is equal to 36
Local Cache Stride Bucket 174 is equal to 67
Local Cache Stride Bucket 175 is equal to 45
Local Cache Stride Bucket 176 is equal to 92
Local Cache Stride Bucket 177 is equal to 52
Local Cache Stride Bucket 178 is equal to 75
Local Cache Stride Bucket 179 is equal to 61
Local Cache Stride Bucket 180 is equal to 61
Local Cache Stride Bucket 181 is equal to 34
Local Cache Stride Bucket 182 is equal to 43
Local Cache Stride Bucket 183 is equal to 32
Local Cache Stride Bucket 184 is equal to 35
Local Cache Stride Bucket 185 is equal to 27
Local Cache Stride Bucket 186 is equal to 33
Local Cache Stride Bucket 187 is equal to 42
Local Cache Stride Bucket 188 is equal to 91
Local Cache Stride Bucket 189 is equal to 44
Local Cache Stride Bucket 190 is equal to 52
Local Cache Stride Bucket 191 is equal to 66
Local Cache Stride Bucket 192 is equal to 143
Local Cache Stride Bucket 193 is equal to 51
Local Cache Stride Bucket 194 is equal to 146
Local Cache Stride Bucket 195 is equal to 65
Local Cache Stride Bucket 196 is equal to 97
Local Cache Stride Bucket 197 is equal to 63
Local Cache Stride Bucket 198 is equal to 37
Local Cache Stride Bucket 199 is equal to 39
Local Cache Stride Bucket 200 is equal to 61
Local Cache Stride Bucket 201 is equal to 42
Local Cache Stride Bucket 202 is equal to 37
Local Cache Stride Bucket 203 is equal to 24
Local Cache Stride Bucket 204 is equal to 40
Local Cache Stride Bucket 205 is equal to 42
Local Cache Stride Bucket 206 is equal to 61
Local Cache Stride Bucket 207 is equal to 68
Local Cache Stride Bucket 208 is equal to 118
Local Cache Stride Bucket 209 is equal to 65
Local Cache Stride Bucket 210 is equal to 40
Local Cache Stride Bucket 211 is equal to 52
Local Cache Stride Bucket 212 is equal to 108
Local Cache Stride Bucket 213 is equal to 60
Local Cache Stride Bucket 214 is equal to 52
Local Cache Stride Bucket 215 is equal to 38
Local Cache Stride Bucket 216 is equal to 43
Local Cache Stride Bucket 217 is equal to 38
Local Cache Stride Bucket 218 is equal to 27
Local Cache Stride Bucket 219 is equal to 21
Local Cache Stride Bucket 220 is equal to 22
Local Cache Stride Bucket 221 is equal to 42
Local Cache Stride Bucket 222 is equal to 91
Local Cache Stride Bucket 223 is equal to 36
Local Cache Stride Bucket 224 is equal to 102
Local Cache Stride Bucket 225 is equal to 60
Local Cache Stride Bucket 226 is equal to 110
Local Cache Stride Bucket 227 is equal to 33
Local Cache Stride Bucket 228 is equal to 88
Local Cache Stride Bucket 229 is equal to 36
Local Cache Stride Bucket 230 is equal to 62
Local Cache Stride Bucket 231 is equal to 41
Local Cache Stride Bucket 232 is equal to 111
Local Cache Stride Bucket 233 is equal to 57
Local Cache Stride Bucket 234 is equal to 46
Local Cache Stride Bucket 235 is equal to 57
Local Cache Stride Bucket 236 is equal to 130
Local Cache Stride Bucket 237 is equal to 107
Local Cache Stride Bucket 238 is equal to 66
Local Cache Stride Bucket 239 is equal to 92
Local Cache Stride Bucket 240 is equal to 128
Local Cache Stride Bucket 241 is equal to 67
Local Cache Stride Bucket 242 is equal to 91
Local Cache Stride Bucket 243 is equal to 95
Local Cache Stride Bucket 244 is equal to 101
Local Cache Stride Bucket 245 is equal to 53
Local Cache Stride Bucket 246 is equal to 71
Local Cache Stride Bucket 247 is equal to 104
Local Cache Stride Bucket 248 is equal to 98
Local Cache Stride Bucket 249 is equal to 80
Local Cache Stride Bucket 250 is equal to 62
Local Cache Stride Bucket 251 is equal to 42
Local Cache Stride Bucket 252 is equal to 147
Local Cache Stride Bucket 253 is equal to 90
Local Cache Stride Bucket 254 is equal to 157
Local Cache Stride Bucket 255 is equal to 187
Local Cache Stride Bucket 256 is equal to 179389


Global LD ST Byte Stride Bucket -256 is equal to 10059822
Global LD ST Byte Stride Bucket -254 is equal to 842
Global LD ST Byte Stride Bucket -252 is equal to 1108
Global LD ST Byte Stride Bucket -250 is equal to 1310
Global LD ST Byte Stride Bucket -248 is equal to 5186
Global LD ST Byte Stride Bucket -246 is equal to 740
Global LD ST Byte Stride Bucket -244 is equal to 987
Global LD ST Byte Stride Bucket -242 is equal to 901
Global LD ST Byte Stride Bucket -240 is equal to 790
Global LD ST Byte Stride Bucket -238 is equal to 953
Global LD ST Byte Stride Bucket -236 is equal to 696
Global LD ST Byte Stride Bucket -234 is equal to 451
Global LD ST Byte Stride Bucket -232 is equal to 504
Global LD ST Byte Stride Bucket -230 is equal to 250
Global LD ST Byte Stride Bucket -228 is equal to 2497
Global LD ST Byte Stride Bucket -226 is equal to 455
Global LD ST Byte Stride Bucket -224 is equal to 736
Global LD ST Byte Stride Bucket -222 is equal to 511
Global LD ST Byte Stride Bucket -220 is equal to 336
Global LD ST Byte Stride Bucket -218 is equal to 723
Global LD ST Byte Stride Bucket -216 is equal to 4323
Global LD ST Byte Stride Bucket -214 is equal to 740
Global LD ST Byte Stride Bucket -212 is equal to 1079
Global LD ST Byte Stride Bucket -210 is equal to 1183
Global LD ST Byte Stride Bucket -208 is equal to 1108
Global LD ST Byte Stride Bucket -206 is equal to 909
Global LD ST Byte Stride Bucket -204 is equal to 697
Global LD ST Byte Stride Bucket -202 is equal to 876
Global LD ST Byte Stride Bucket -200 is equal to 522
Global LD ST Byte Stride Bucket -198 is equal to 600
Global LD ST Byte Stride Bucket -196 is equal to 1091
Global LD ST Byte Stride Bucket -194 is equal to 730
Global LD ST Byte Stride Bucket -192 is equal to 418
Global LD ST Byte Stride Bucket -190 is equal to 372
Global LD ST Byte Stride Bucket -188 is equal to 9525
Global LD ST Byte Stride Bucket -186 is equal to 388
Global LD ST Byte Stride Bucket -184 is equal to 9127
Global LD ST Byte Stride Bucket -182 is equal to 766
Global LD ST Byte Stride Bucket -180 is equal to 396
Global LD ST Byte Stride Bucket -178 is equal to 487
Global LD ST Byte Stride Bucket -176 is equal to 266042
Global LD ST Byte Stride Bucket -174 is equal to 819
Global LD ST Byte Stride Bucket -172 is equal to 524
Global LD ST Byte Stride Bucket -170 is equal to 1126
Global LD ST Byte Stride Bucket -168 is equal to 74345
Global LD ST Byte Stride Bucket -166 is equal to 1038
Global LD ST Byte Stride Bucket -164 is equal to 5935
Global LD ST Byte Stride Bucket -162 is equal to 896
Global LD ST Byte Stride Bucket -160 is equal to 7043
Global LD ST Byte Stride Bucket -158 is equal to 1123
Global LD ST Byte Stride Bucket -156 is equal to 786
Global LD ST Byte Stride Bucket -154 is equal to 768
Global LD ST Byte Stride Bucket -152 is equal to 390
Global LD ST Byte Stride Bucket -150 is equal to 294
Global LD ST Byte Stride Bucket -148 is equal to 1072
Global LD ST Byte Stride Bucket -146 is equal to 894
Global LD ST Byte Stride Bucket -144 is equal to 1149
Global LD ST Byte Stride Bucket -142 is equal to 482
Global LD ST Byte Stride Bucket -140 is equal to 919
Global LD ST Byte Stride Bucket -138 is equal to 750
Global LD ST Byte Stride Bucket -136 is equal to 751
Global LD ST Byte Stride Bucket -134 is equal to 1027
Global LD ST Byte Stride Bucket -132 is equal to 1320
Global LD ST Byte Stride Bucket -130 is equal to 907
Global LD ST Byte Stride Bucket -128 is equal to 3090
Global LD ST Byte Stride Bucket -126 is equal to 2142
Global LD ST Byte Stride Bucket -124 is equal to 5255
Global LD ST Byte Stride Bucket -122 is equal to 1303
Global LD ST Byte Stride Bucket -120 is equal to 30144
Global LD ST Byte Stride Bucket -118 is equal to 1049
Global LD ST Byte Stride Bucket -116 is equal to 15769
Global LD ST Byte Stride Bucket -114 is equal to 618
Global LD ST Byte Stride Bucket -112 is equal to 14685
Global LD ST Byte Stride Bucket -110 is equal to 838
Global LD ST Byte Stride Bucket -108 is equal to 10278
Global LD ST Byte Stride Bucket -106 is equal to 1021
Global LD ST Byte Stride Bucket -104 is equal to 7641
Global LD ST Byte Stride Bucket -102 is equal to 740
Global LD ST Byte Stride Bucket -100 is equal to 10833
Global LD ST Byte Stride Bucket -98 is equal to 1006
Global LD ST Byte Stride Bucket -96 is equal to 1941
Global LD ST Byte Stride Bucket -94 is equal to 900
Global LD ST Byte Stride Bucket -92 is equal to 6470
Global LD ST Byte Stride Bucket -90 is equal to 903
Global LD ST Byte Stride Bucket -88 is equal to 59546
Global LD ST Byte Stride Bucket -86 is equal to 2021
Global LD ST Byte Stride Bucket -84 is equal to 12847
Global LD ST Byte Stride Bucket -82 is equal to 2643
Global LD ST Byte Stride Bucket -80 is equal to 90682
Global LD ST Byte Stride Bucket -78 is equal to 1436
Global LD ST Byte Stride Bucket -76 is equal to 7100
Global LD ST Byte Stride Bucket -74 is equal to 858
Global LD ST Byte Stride Bucket -72 is equal to 10834
Global LD ST Byte Stride Bucket -70 is equal to 710
Global LD ST Byte Stride Bucket -68 is equal to 8525
Global LD ST Byte Stride Bucket -66 is equal to 673
Global LD ST Byte Stride Bucket -64 is equal to 22670
Global LD ST Byte Stride Bucket -62 is equal to 900
Global LD ST Byte Stride Bucket -60 is equal to 55882
Global LD ST Byte Stride Bucket -58 is equal to 652
Global LD ST Byte Stride Bucket -56 is equal to 155640
Global LD ST Byte Stride Bucket -54 is equal to 427
Global LD ST Byte Stride Bucket -52 is equal to 127002
Global LD ST Byte Stride Bucket -50 is equal to 580
Global LD ST Byte Stride Bucket -48 is equal to 21005
Global LD ST Byte Stride Bucket -46 is equal to 1665
Global LD ST Byte Stride Bucket -44 is equal to 47582
Global LD ST Byte Stride Bucket -42 is equal to 22725
Global LD ST Byte Stride Bucket -40 is equal to 61335
Global LD ST Byte Stride Bucket -38 is equal to 1853
Global LD ST Byte Stride Bucket -36 is equal to 91285
Global LD ST Byte Stride Bucket -34 is equal to 711
Global LD ST Byte Stride Bucket -32 is equal to 207094
Global LD ST Byte Stride Bucket -30 is equal to 503
Global LD ST Byte Stride Bucket -28 is equal to 30279
Global LD ST Byte Stride Bucket -26 is equal to 470
Global LD ST Byte Stride Bucket -24 is equal to 235895
Global LD ST Byte Stride Bucket -22 is equal to 313
Global LD ST Byte Stride Bucket -20 is equal to 163307
Global LD ST Byte Stride Bucket -18 is equal to 387
Global LD ST Byte Stride Bucket -16 is equal to 258918
Global LD ST Byte Stride Bucket -14 is equal to 329
Global LD ST Byte Stride Bucket -13 is equal to 2
Global LD ST Byte Stride Bucket -12 is equal to 440950
Global LD ST Byte Stride Bucket -10 is equal to 169
Global LD ST Byte Stride Bucket -9 is equal to 2
Global LD ST Byte Stride Bucket -8 is equal to 1971740
Global LD ST Byte Stride Bucket -6 is equal to 459
Global LD ST Byte Stride Bucket -5 is equal to 1
Global LD ST Byte Stride Bucket -4 is equal to 1061845
Global LD ST Byte Stride Bucket -2 is equal to 23345
Global LD ST Byte Stride Bucket -1 is equal to 1
Global LD ST Byte Stride Bucket 0 is equal to 2409137
Global LD ST Byte Stride Bucket 2 is equal to 20639
Global LD ST Byte Stride Bucket 4 is equal to 1721025
Global LD ST Byte Stride Bucket 6 is equal to 1028
Global LD ST Byte Stride Bucket 8 is equal to 2595337
Global LD ST Byte Stride Bucket 9 is equal to 144
Global LD ST Byte Stride Bucket 10 is equal to 227
Global LD ST Byte Stride Bucket 12 is equal to 150490
Global LD ST Byte Stride Bucket 14 is equal to 121
Global LD ST Byte Stride Bucket 16 is equal to 382818
Global LD ST Byte Stride Bucket 18 is equal to 95
Global LD ST Byte Stride Bucket 20 is equal to 117275
Global LD ST Byte Stride Bucket 22 is equal to 90
Global LD ST Byte Stride Bucket 24 is equal to 167228
Global LD ST Byte Stride Bucket 26 is equal to 101
Global LD ST Byte Stride Bucket 28 is equal to 46926
Global LD ST Byte Stride Bucket 30 is equal to 126
Global LD ST Byte Stride Bucket 32 is equal to 149647
Global LD ST Byte Stride Bucket 34 is equal to 421
Global LD ST Byte Stride Bucket 36 is equal to 315455
Global LD ST Byte Stride Bucket 38 is equal to 1089
Global LD ST Byte Stride Bucket 40 is equal to 56776
Global LD ST Byte Stride Bucket 42 is equal to 25314
Global LD ST Byte Stride Bucket 44 is equal to 51649
Global LD ST Byte Stride Bucket 46 is equal to 1605
Global LD ST Byte Stride Bucket 47 is equal to 59
Global LD ST Byte Stride Bucket 48 is equal to 44188
Global LD ST Byte Stride Bucket 49 is equal to 209
Global LD ST Byte Stride Bucket 50 is equal to 817
Global LD ST Byte Stride Bucket 51 is equal to 100
Global LD ST Byte Stride Bucket 52 is equal to 175568
Global LD ST Byte Stride Bucket 53 is equal to 177
Global LD ST Byte Stride Bucket 54 is equal to 914
Global LD ST Byte Stride Bucket 55 is equal to 123
Global LD ST Byte Stride Bucket 56 is equal to 41839
Global LD ST Byte Stride Bucket 57 is equal to 205
Global LD ST Byte Stride Bucket 58 is equal to 761
Global LD ST Byte Stride Bucket 59 is equal to 161
Global LD ST Byte Stride Bucket 60 is equal to 4701
Global LD ST Byte Stride Bucket 61 is equal to 349
Global LD ST Byte Stride Bucket 62 is equal to 755
Global LD ST Byte Stride Bucket 63 is equal to 96
Global LD ST Byte Stride Bucket 64 is equal to 11319
Global LD ST Byte Stride Bucket 65 is equal to 24
Global LD ST Byte Stride Bucket 66 is equal to 213
Global LD ST Byte Stride Bucket 67 is equal to 20
Global LD ST Byte Stride Bucket 68 is equal to 1002
Global LD ST Byte Stride Bucket 69 is equal to 98
Global LD ST Byte Stride Bucket 70 is equal to 695
Global LD ST Byte Stride Bucket 71 is equal to 108
Global LD ST Byte Stride Bucket 72 is equal to 5231
Global LD ST Byte Stride Bucket 73 is equal to 134
Global LD ST Byte Stride Bucket 74 is equal to 742
Global LD ST Byte Stride Bucket 75 is equal to 154
Global LD ST Byte Stride Bucket 76 is equal to 822
Global LD ST Byte Stride Bucket 77 is equal to 111
Global LD ST Byte Stride Bucket 78 is equal to 1113
Global LD ST Byte Stride Bucket 79 is equal to 107
Global LD ST Byte Stride Bucket 80 is equal to 56703
Global LD ST Byte Stride Bucket 81 is equal to 129
Global LD ST Byte Stride Bucket 82 is equal to 1325
Global LD ST Byte Stride Bucket 83 is equal to 23
Global LD ST Byte Stride Bucket 84 is equal to 183517
Global LD ST Byte Stride Bucket 86 is equal to 891
Global LD ST Byte Stride Bucket 88 is equal to 53906
Global LD ST Byte Stride Bucket 89 is equal to 174
Global LD ST Byte Stride Bucket 90 is equal to 1020
Global LD ST Byte Stride Bucket 91 is equal to 206
Global LD ST Byte Stride Bucket 92 is equal to 576
Global LD ST Byte Stride Bucket 93 is equal to 50
Global LD ST Byte Stride Bucket 94 is equal to 313
Global LD ST Byte Stride Bucket 95 is equal to 212
Global LD ST Byte Stride Bucket 96 is equal to 1554
Global LD ST Byte Stride Bucket 97 is equal to 379
Global LD ST Byte Stride Bucket 98 is equal to 368
Global LD ST Byte Stride Bucket 100 is equal to 173
Global LD ST Byte Stride Bucket 101 is equal to 539
Global LD ST Byte Stride Bucket 102 is equal to 632
Global LD ST Byte Stride Bucket 103 is equal to 2
Global LD ST Byte Stride Bucket 104 is equal to 1191
Global LD ST Byte Stride Bucket 105 is equal to 218
Global LD ST Byte Stride Bucket 106 is equal to 809
Global LD ST Byte Stride Bucket 107 is equal to 8
Global LD ST Byte Stride Bucket 108 is equal to 238
Global LD ST Byte Stride Bucket 109 is equal to 80
Global LD ST Byte Stride Bucket 110 is equal to 730
Global LD ST Byte Stride Bucket 111 is equal to 189
Global LD ST Byte Stride Bucket 112 is equal to 765
Global LD ST Byte Stride Bucket 113 is equal to 112
Global LD ST Byte Stride Bucket 114 is equal to 606
Global LD ST Byte Stride Bucket 115 is equal to 104
Global LD ST Byte Stride Bucket 116 is equal to 769
Global LD ST Byte Stride Bucket 117 is equal to 105
Global LD ST Byte Stride Bucket 118 is equal to 471
Global LD ST Byte Stride Bucket 119 is equal to 134
Global LD ST Byte Stride Bucket 120 is equal to 867
Global LD ST Byte Stride Bucket 121 is equal to 59
Global LD ST Byte Stride Bucket 122 is equal to 736
Global LD ST Byte Stride Bucket 123 is equal to 109
Global LD ST Byte Stride Bucket 124 is equal to 803
Global LD ST Byte Stride Bucket 125 is equal to 106
Global LD ST Byte Stride Bucket 126 is equal to 963
Global LD ST Byte Stride Bucket 128 is equal to 426
Global LD ST Byte Stride Bucket 130 is equal to 422
Global LD ST Byte Stride Bucket 131 is equal to 207
Global LD ST Byte Stride Bucket 132 is equal to 986
Global LD ST Byte Stride Bucket 133 is equal to 235
Global LD ST Byte Stride Bucket 134 is equal to 672
Global LD ST Byte Stride Bucket 135 is equal to 36
Global LD ST Byte Stride Bucket 136 is equal to 1329
Global LD ST Byte Stride Bucket 137 is equal to 84
Global LD ST Byte Stride Bucket 138 is equal to 253
Global LD ST Byte Stride Bucket 139 is equal to 179
Global LD ST Byte Stride Bucket 140 is equal to 605
Global LD ST Byte Stride Bucket 142 is equal to 210
Global LD ST Byte Stride Bucket 143 is equal to 48
Global LD ST Byte Stride Bucket 144 is equal to 326
Global LD ST Byte Stride Bucket 145 is equal to 366
Global LD ST Byte Stride Bucket 146 is equal to 705
Global LD ST Byte Stride Bucket 147 is equal to 27
Global LD ST Byte Stride Bucket 148 is equal to 119
Global LD ST Byte Stride Bucket 149 is equal to 43
Global LD ST Byte Stride Bucket 150 is equal to 140
Global LD ST Byte Stride Bucket 151 is equal to 234
Global LD ST Byte Stride Bucket 152 is equal to 628
Global LD ST Byte Stride Bucket 153 is equal to 275
Global LD ST Byte Stride Bucket 154 is equal to 789
Global LD ST Byte Stride Bucket 155 is equal to 132
Global LD ST Byte Stride Bucket 156 is equal to 822
Global LD ST Byte Stride Bucket 157 is equal to 96
Global LD ST Byte Stride Bucket 158 is equal to 317
Global LD ST Byte Stride Bucket 159 is equal to 31
Global LD ST Byte Stride Bucket 160 is equal to 9478
Global LD ST Byte Stride Bucket 161 is equal to 27
Global LD ST Byte Stride Bucket 162 is equal to 214
Global LD ST Byte Stride Bucket 163 is equal to 40
Global LD ST Byte Stride Bucket 164 is equal to 181352
Global LD ST Byte Stride Bucket 165 is equal to 90
Global LD ST Byte Stride Bucket 166 is equal to 859
Global LD ST Byte Stride Bucket 167 is equal to 139
Global LD ST Byte Stride Bucket 168 is equal to 68328
Global LD ST Byte Stride Bucket 170 is equal to 250
Global LD ST Byte Stride Bucket 172 is equal to 318
Global LD ST Byte Stride Bucket 173 is equal to 72
Global LD ST Byte Stride Bucket 174 is equal to 731
Global LD ST Byte Stride Bucket 175 is equal to 7
Global LD ST Byte Stride Bucket 176 is equal to 11115
Global LD ST Byte Stride Bucket 177 is equal to 7
Global LD ST Byte Stride Bucket 178 is equal to 198
Global LD ST Byte Stride Bucket 179 is equal to 11
Global LD ST Byte Stride Bucket 180 is equal to 1212
Global LD ST Byte Stride Bucket 181 is equal to 139
Global LD ST Byte Stride Bucket 182 is equal to 470
Global LD ST Byte Stride Bucket 183 is equal to 2
Global LD ST Byte Stride Bucket 184 is equal to 83312
Global LD ST Byte Stride Bucket 185 is equal to 4
Global LD ST Byte Stride Bucket 186 is equal to 68
Global LD ST Byte Stride Bucket 187 is equal to 7
Global LD ST Byte Stride Bucket 188 is equal to 161
Global LD ST Byte Stride Bucket 189 is equal to 14
Global LD ST Byte Stride Bucket 190 is equal to 953
Global LD ST Byte Stride Bucket 191 is equal to 75
Global LD ST Byte Stride Bucket 192 is equal to 599
Global LD ST Byte Stride Bucket 193 is equal to 193
Global LD ST Byte Stride Bucket 194 is equal to 572
Global LD ST Byte Stride Bucket 195 is equal to 144
Global LD ST Byte Stride Bucket 196 is equal to 829
Global LD ST Byte Stride Bucket 197 is equal to 142
Global LD ST Byte Stride Bucket 198 is equal to 634
Global LD ST Byte Stride Bucket 199 is equal to 63
Global LD ST Byte Stride Bucket 200 is equal to 9966
Global LD ST Byte Stride Bucket 201 is equal to 90
Global LD ST Byte Stride Bucket 202 is equal to 645
Global LD ST Byte Stride Bucket 203 is equal to 83
Global LD ST Byte Stride Bucket 204 is equal to 811
Global LD ST Byte Stride Bucket 205 is equal to 82
Global LD ST Byte Stride Bucket 206 is equal to 907
Global LD ST Byte Stride Bucket 207 is equal to 174
Global LD ST Byte Stride Bucket 208 is equal to 662
Global LD ST Byte Stride Bucket 209 is equal to 169
Global LD ST Byte Stride Bucket 210 is equal to 692
Global LD ST Byte Stride Bucket 212 is equal to 182
Global LD ST Byte Stride Bucket 214 is equal to 180
Global LD ST Byte Stride Bucket 215 is equal to 7
Global LD ST Byte Stride Bucket 216 is equal to 168
Global LD ST Byte Stride Bucket 217 is equal to 4
Global LD ST Byte Stride Bucket 218 is equal to 111
Global LD ST Byte Stride Bucket 220 is equal to 80
Global LD ST Byte Stride Bucket 221 is equal to 3
Global LD ST Byte Stride Bucket 222 is equal to 239
Global LD ST Byte Stride Bucket 223 is equal to 37
Global LD ST Byte Stride Bucket 224 is equal to 4281
Global LD ST Byte Stride Bucket 225 is equal to 86
Global LD ST Byte Stride Bucket 226 is equal to 616
Global LD ST Byte Stride Bucket 227 is equal to 28
Global LD ST Byte Stride Bucket 228 is equal to 773
Global LD ST Byte Stride Bucket 229 is equal to 33
Global LD ST Byte Stride Bucket 230 is equal to 956
Global LD ST Byte Stride Bucket 231 is equal to 25
Global LD ST Byte Stride Bucket 232 is equal to 195
Global LD ST Byte Stride Bucket 233 is equal to 61
Global LD ST Byte Stride Bucket 234 is equal to 652
Global LD ST Byte Stride Bucket 235 is equal to 137
Global LD ST Byte Stride Bucket 236 is equal to 654
Global LD ST Byte Stride Bucket 237 is equal to 304
Global LD ST Byte Stride Bucket 238 is equal to 480
Global LD ST Byte Stride Bucket 239 is equal to 42
Global LD ST Byte Stride Bucket 240 is equal to 809
Global LD ST Byte Stride Bucket 241 is equal to 93
Global LD ST Byte Stride Bucket 242 is equal to 387
Global LD ST Byte Stride Bucket 243 is equal to 70
Global LD ST Byte Stride Bucket 244 is equal to 709
Global LD ST Byte Stride Bucket 245 is equal to 132
Global LD ST Byte Stride Bucket 246 is equal to 540
Global LD ST Byte Stride Bucket 247 is equal to 114
Global LD ST Byte Stride Bucket 248 is equal to 1111
Global LD ST Byte Stride Bucket 249 is equal to 168
Global LD ST Byte Stride Bucket 250 is equal to 861
Global LD ST Byte Stride Bucket 251 is equal to 147
Global LD ST Byte Stride Bucket 252 is equal to 697
Global LD ST Byte Stride Bucket 254 is equal to 202
Global LD ST Byte Stride Bucket 256 is equal to 10726996

Global LD ST Cache Stride Bucket -256 is equal to 1505170
Global LD ST Cache Stride Bucket -220 is equal to 1
Global LD ST Cache Stride Bucket -197 is equal to 1
Global LD ST Cache Stride Bucket -195 is equal to 131
Global LD ST Cache Stride Bucket -188 is equal to 4
Global LD ST Cache Stride Bucket -187 is equal to 13
Global LD ST Cache Stride Bucket -156 is equal to 130
Global LD ST Cache Stride Bucket -155 is equal to 130
Global LD ST Cache Stride Bucket -151 is equal to 214
Global LD ST Cache Stride Bucket -150 is equal to 32164
Global LD ST Cache Stride Bucket -149 is equal to 392522
Global LD ST Cache Stride Bucket -148 is equal to 560998
Global LD ST Cache Stride Bucket -147 is equal to 390432
Global LD ST Cache Stride Bucket -146 is equal to 40077
Global LD ST Cache Stride Bucket -145 is equal to 168502
Global LD ST Cache Stride Bucket -144 is equal to 154379
Global LD ST Cache Stride Bucket -143 is equal to 95628
Global LD ST Cache Stride Bucket -142 is equal to 45381
Global LD ST Cache Stride Bucket -141 is equal to 43491
Global LD ST Cache Stride Bucket -140 is equal to 24799
Global LD ST Cache Stride Bucket -139 is equal to 9038
Global LD ST Cache Stride Bucket -138 is equal to 10097
Global LD ST Cache Stride Bucket -137 is equal to 6289
Global LD ST Cache Stride Bucket -136 is equal to 5107
Global LD ST Cache Stride Bucket -135 is equal to 3405
Global LD ST Cache Stride Bucket -134 is equal to 4203
Global LD ST Cache Stride Bucket -133 is equal to 5350
Global LD ST Cache Stride Bucket -132 is equal to 3316
Global LD ST Cache Stride Bucket -131 is equal to 3726
Global LD ST Cache Stride Bucket -130 is equal to 3778
Global LD ST Cache Stride Bucket -129 is equal to 3726
Global LD ST Cache Stride Bucket -128 is equal to 3580
Global LD ST Cache Stride Bucket -127 is equal to 3059
Global LD ST Cache Stride Bucket -126 is equal to 3687
Global LD ST Cache Stride Bucket -125 is equal to 2711
Global LD ST Cache Stride Bucket -124 is equal to 2803
Global LD ST Cache Stride Bucket -123 is equal to 2291
Global LD ST Cache Stride Bucket -122 is equal to 3353
Global LD ST Cache Stride Bucket -121 is equal to 24083
Global LD ST Cache Stride Bucket -120 is equal to 8760
Global LD ST Cache Stride Bucket -119 is equal to 192180
Global LD ST Cache Stride Bucket -118 is equal to 24905
Global LD ST Cache Stride Bucket -117 is equal to 35220
Global LD ST Cache Stride Bucket -116 is equal to 72227
Global LD ST Cache Stride Bucket -115 is equal to 63079
Global LD ST Cache Stride Bucket -114 is equal to 60698
Global LD ST Cache Stride Bucket -113 is equal to 51547
Global LD ST Cache Stride Bucket -112 is equal to 56204
Global LD ST Cache Stride Bucket -111 is equal to 43751
Global LD ST Cache Stride Bucket -110 is equal to 50582
Global LD ST Cache Stride Bucket -109 is equal to 50972
Global LD ST Cache Stride Bucket -108 is equal to 43340
Global LD ST Cache Stride Bucket -107 is equal to 27797
Global LD ST Cache Stride Bucket -106 is equal to 25074
Global LD ST Cache Stride Bucket -105 is equal to 34115
Global LD ST Cache Stride Bucket -104 is equal to 34566
Global LD ST Cache Stride Bucket -103 is equal to 29810
Global LD ST Cache Stride Bucket -102 is equal to 32627
Global LD ST Cache Stride Bucket -101 is equal to 28503
Global LD ST Cache Stride Bucket -100 is equal to 132233
Global LD ST Cache Stride Bucket -99 is equal to 27132
Global LD ST Cache Stride Bucket -98 is equal to 107691
Global LD ST Cache Stride Bucket -97 is equal to 36771
Global LD ST Cache Stride Bucket -96 is equal to 58810
Global LD ST Cache Stride Bucket -95 is equal to 51961
Global LD ST Cache Stride Bucket -94 is equal to 63318
Global LD ST Cache Stride Bucket -93 is equal to 53698
Global LD ST Cache Stride Bucket -92 is equal to 49501
Global LD ST Cache Stride Bucket -91 is equal to 52127
Global LD ST Cache Stride Bucket -90 is equal to 53812
Global LD ST Cache Stride Bucket -89 is equal to 66338
Global LD ST Cache Stride Bucket -88 is equal to 61507
Global LD ST Cache Stride Bucket -87 is equal to 60679
Global LD ST Cache Stride Bucket -86 is equal to 61525
Global LD ST Cache Stride Bucket -85 is equal to 71492
Global LD ST Cache Stride Bucket -84 is equal to 60604
Global LD ST Cache Stride Bucket -83 is equal to 54931
Global LD ST Cache Stride Bucket -82 is equal to 58256
Global LD ST Cache Stride Bucket -81 is equal to 68886
Global LD ST Cache Stride Bucket -80 is equal to 63370
Global LD ST Cache Stride Bucket -79 is equal to 59833
Global LD ST Cache Stride Bucket -78 is equal to 69507
Global LD ST Cache Stride Bucket -77 is equal to 83810
Global LD ST Cache Stride Bucket -76 is equal to 86000
Global LD ST Cache Stride Bucket -75 is equal to 77358
Global LD ST Cache Stride Bucket -74 is equal to 81881
Global LD ST Cache Stride Bucket -73 is equal to 94833
Global LD ST Cache Stride Bucket -72 is equal to 103163
Global LD ST Cache Stride Bucket -71 is equal to 75701
Global LD ST Cache Stride Bucket -70 is equal to 57506
Global LD ST Cache Stride Bucket -69 is equal to 31541
Global LD ST Cache Stride Bucket -68 is equal to 33470
Global LD ST Cache Stride Bucket -67 is equal to 32104
Global LD ST Cache Stride Bucket -66 is equal to 30585
Global LD ST Cache Stride Bucket -65 is equal to 29188
Global LD ST Cache Stride Bucket -64 is equal to 34576
Global LD ST Cache Stride Bucket -63 is equal to 33589
Global LD ST Cache Stride Bucket -62 is equal to 30235
Global LD ST Cache Stride Bucket -61 is equal to 31053
Global LD ST Cache Stride Bucket -60 is equal to 32752
Global LD ST Cache Stride Bucket -59 is equal to 29573
Global LD ST Cache Stride Bucket -58 is equal to 27320
Global LD ST Cache Stride Bucket -57 is equal to 28513
Global LD ST Cache Stride Bucket -56 is equal to 35252
Global LD ST Cache Stride Bucket -55 is equal to 58983
Global LD ST Cache Stride Bucket -54 is equal to 43443
Global LD ST Cache Stride Bucket -53 is equal to 51403
Global LD ST Cache Stride Bucket -52 is equal to 86284
Global LD ST Cache Stride Bucket -51 is equal to 47344
Global LD ST Cache Stride Bucket -50 is equal to 257468
Global LD ST Cache Stride Bucket -49 is equal to 103575
Global LD ST Cache Stride Bucket -48 is equal to 87053
Global LD ST Cache Stride Bucket -47 is equal to 91145
Global LD ST Cache Stride Bucket -46 is equal to 103029
Global LD ST Cache Stride Bucket -45 is equal to 60821
Global LD ST Cache Stride Bucket -44 is equal to 49343
Global LD ST Cache Stride Bucket -43 is equal to 45186
Global LD ST Cache Stride Bucket -42 is equal to 109187
Global LD ST Cache Stride Bucket -41 is equal to 124517
Global LD ST Cache Stride Bucket -40 is equal to 14293
Global LD ST Cache Stride Bucket -39 is equal to 18800
Global LD ST Cache Stride Bucket -38 is equal to 13897
Global LD ST Cache Stride Bucket -37 is equal to 23083
Global LD ST Cache Stride Bucket -36 is equal to 26229
Global LD ST Cache Stride Bucket -35 is equal to 37203
Global LD ST Cache Stride Bucket -34 is equal to 28061
Global LD ST Cache Stride Bucket -33 is equal to 37350
Global LD ST Cache Stride Bucket -32 is equal to 30079
Global LD ST Cache Stride Bucket -31 is equal to 33361
Global LD ST Cache Stride Bucket -30 is equal to 22337
Global LD ST Cache Stride Bucket -29 is equal to 22647
Global LD ST Cache Stride Bucket -28 is equal to 38636
Global LD ST Cache Stride Bucket -27 is equal to 66474
Global LD ST Cache Stride Bucket -26 is equal to 57012
Global LD ST Cache Stride Bucket -25 is equal to 28919
Global LD ST Cache Stride Bucket -24 is equal to 27672
Global LD ST Cache Stride Bucket -23 is equal to 29895
Global LD ST Cache Stride Bucket -22 is equal to 41446
Global LD ST Cache Stride Bucket -21 is equal to 33632
Global LD ST Cache Stride Bucket -20 is equal to 37297
Global LD ST Cache Stride Bucket -19 is equal to 35236
Global LD ST Cache Stride Bucket -18 is equal to 41423
Global LD ST Cache Stride Bucket -17 is equal to 38606
Global LD ST Cache Stride Bucket -16 is equal to 48158
Global LD ST Cache Stride Bucket -15 is equal to 103643
Global LD ST Cache Stride Bucket -14 is equal to 224496
Global LD ST Cache Stride Bucket -13 is equal to 132196
Global LD ST Cache Stride Bucket -12 is equal to 77980
Global LD ST Cache Stride Bucket -11 is equal to 41357
Global LD ST Cache Stride Bucket -10 is equal to 36942
Global LD ST Cache Stride Bucket -9 is equal to 27824
Global LD ST Cache Stride Bucket -8 is equal to 25660
Global LD ST Cache Stride Bucket -7 is equal to 40950
Global LD ST Cache Stride Bucket -6 is equal to 59663
Global LD ST Cache Stride Bucket -5 is equal to 60616
Global LD ST Cache Stride Bucket -4 is equal to 29850
Global LD ST Cache Stride Bucket -3 is equal to 317177
Global LD ST Cache Stride Bucket -2 is equal to 217667
Global LD ST Cache Stride Bucket -1 is equal to 1454255
Global LD ST Cache Stride Bucket 0 is equal to 11000899
Global LD ST Cache Stride Bucket 1 is equal to 1458276
Global LD ST Cache Stride Bucket 2 is equal to 225642
Global LD ST Cache Stride Bucket 3 is equal to 269480
Global LD ST Cache Stride Bucket 4 is equal to 24645
Global LD ST Cache Stride Bucket 5 is equal to 54997
Global LD ST Cache Stride Bucket 6 is equal to 53080
Global LD ST Cache Stride Bucket 7 is equal to 40318
Global LD ST Cache Stride Bucket 8 is equal to 24212
Global LD ST Cache Stride Bucket 9 is equal to 39923
Global LD ST Cache Stride Bucket 10 is equal to 55975
Global LD ST Cache Stride Bucket 11 is equal to 69654
Global LD ST Cache Stride Bucket 12 is equal to 110359
Global LD ST Cache Stride Bucket 13 is equal to 264797
Global LD ST Cache Stride Bucket 14 is equal to 609108
Global LD ST Cache Stride Bucket 15 is equal to 148646
Global LD ST Cache Stride Bucket 16 is equal to 72448
Global LD ST Cache Stride Bucket 17 is equal to 66272
Global LD ST Cache Stride Bucket 18 is equal to 69327
Global LD ST Cache Stride Bucket 19 is equal to 64723
Global LD ST Cache Stride Bucket 20 is equal to 69103
Global LD ST Cache Stride Bucket 21 is equal to 58263
Global LD ST Cache Stride Bucket 22 is equal to 61573
Global LD ST Cache Stride Bucket 23 is equal to 65225
Global LD ST Cache Stride Bucket 24 is equal to 76559
Global LD ST Cache Stride Bucket 25 is equal to 48717
Global LD ST Cache Stride Bucket 26 is equal to 31842
Global LD ST Cache Stride Bucket 27 is equal to 67279
Global LD ST Cache Stride Bucket 28 is equal to 88201
Global LD ST Cache Stride Bucket 29 is equal to 79749
Global LD ST Cache Stride Bucket 30 is equal to 72133
Global LD ST Cache Stride Bucket 31 is equal to 76030
Global LD ST Cache Stride Bucket 32 is equal to 65499
Global LD ST Cache Stride Bucket 33 is equal to 71684
Global LD ST Cache Stride Bucket 34 is equal to 63372
Global LD ST Cache Stride Bucket 35 is equal to 75286
Global LD ST Cache Stride Bucket 36 is equal to 55532
Global LD ST Cache Stride Bucket 37 is equal to 63974
Global LD ST Cache Stride Bucket 38 is equal to 55647
Global LD ST Cache Stride Bucket 39 is equal to 61966
Global LD ST Cache Stride Bucket 40 is equal to 49272
Global LD ST Cache Stride Bucket 41 is equal to 30078
Global LD ST Cache Stride Bucket 42 is equal to 20510
Global LD ST Cache Stride Bucket 43 is equal to 29225
Global LD ST Cache Stride Bucket 44 is equal to 44292
Global LD ST Cache Stride Bucket 45 is equal to 45131
Global LD ST Cache Stride Bucket 46 is equal to 44185
Global LD ST Cache Stride Bucket 47 is equal to 121563
Global LD ST Cache Stride Bucket 48 is equal to 68303
Global LD ST Cache Stride Bucket 49 is equal to 88294
Global LD ST Cache Stride Bucket 50 is equal to 101476
Global LD ST Cache Stride Bucket 51 is equal to 289450
Global LD ST Cache Stride Bucket 52 is equal to 60358
Global LD ST Cache Stride Bucket 53 is equal to 38223
Global LD ST Cache Stride Bucket 54 is equal to 32082
Global LD ST Cache Stride Bucket 55 is equal to 35781
Global LD ST Cache Stride Bucket 56 is equal to 32084
Global LD ST Cache Stride Bucket 57 is equal to 26560
Global LD ST Cache Stride Bucket 58 is equal to 22342
Global LD ST Cache Stride Bucket 59 is equal to 17118
Global LD ST Cache Stride Bucket 60 is equal to 18324
Global LD ST Cache Stride Bucket 61 is equal to 17103
Global LD ST Cache Stride Bucket 62 is equal to 15989
Global LD ST Cache Stride Bucket 63 is equal to 16314
Global LD ST Cache Stride Bucket 64 is equal to 16519
Global LD ST Cache Stride Bucket 65 is equal to 15733
Global LD ST Cache Stride Bucket 66 is equal to 15682
Global LD ST Cache Stride Bucket 67 is equal to 12763
Global LD ST Cache Stride Bucket 68 is equal to 14788
Global LD ST Cache Stride Bucket 69 is equal to 18309
Global LD ST Cache Stride Bucket 70 is equal to 30532
Global LD ST Cache Stride Bucket 71 is equal to 36670
Global LD ST Cache Stride Bucket 72 is equal to 39325
Global LD ST Cache Stride Bucket 73 is equal to 42829
Global LD ST Cache Stride Bucket 74 is equal to 35363
Global LD ST Cache Stride Bucket 75 is equal to 37759
Global LD ST Cache Stride Bucket 76 is equal to 30526
Global LD ST Cache Stride Bucket 77 is equal to 36472
Global LD ST Cache Stride Bucket 78 is equal to 24434
Global LD ST Cache Stride Bucket 79 is equal to 22384
Global LD ST Cache Stride Bucket 80 is equal to 22212
Global LD ST Cache Stride Bucket 81 is equal to 23905
Global LD ST Cache Stride Bucket 82 is equal to 19029
Global LD ST Cache Stride Bucket 83 is equal to 23489
Global LD ST Cache Stride Bucket 84 is equal to 36546
Global LD ST Cache Stride Bucket 85 is equal to 28606
Global LD ST Cache Stride Bucket 86 is equal to 33329
Global LD ST Cache Stride Bucket 87 is equal to 29806
Global LD ST Cache Stride Bucket 88 is equal to 34978
Global LD ST Cache Stride Bucket 89 is equal to 41431
Global LD ST Cache Stride Bucket 90 is equal to 26450
Global LD ST Cache Stride Bucket 91 is equal to 33485
Global LD ST Cache Stride Bucket 92 is equal to 33945
Global LD ST Cache Stride Bucket 93 is equal to 29902
Global LD ST Cache Stride Bucket 94 is equal to 37726
Global LD ST Cache Stride Bucket 95 is equal to 44911
Global LD ST Cache Stride Bucket 96 is equal to 23769
Global LD ST Cache Stride Bucket 97 is equal to 18071
Global LD ST Cache Stride Bucket 98 is equal to 14624
Global LD ST Cache Stride Bucket 99 is equal to 52114
Global LD ST Cache Stride Bucket 100 is equal to 12821
Global LD ST Cache Stride Bucket 101 is equal to 15463
Global LD ST Cache Stride Bucket 102 is equal to 13578
Global LD ST Cache Stride Bucket 103 is equal to 14312
Global LD ST Cache Stride Bucket 104 is equal to 12386
Global LD ST Cache Stride Bucket 105 is equal to 14028
Global LD ST Cache Stride Bucket 106 is equal to 10004
Global LD ST Cache Stride Bucket 107 is equal to 5297
Global LD ST Cache Stride Bucket 108 is equal to 4680
Global LD ST Cache Stride Bucket 109 is equal to 7715
Global LD ST Cache Stride Bucket 110 is equal to 6095
Global LD ST Cache Stride Bucket 111 is equal to 5622
Global LD ST Cache Stride Bucket 112 is equal to 5742
Global LD ST Cache Stride Bucket 113 is equal to 7816
Global LD ST Cache Stride Bucket 114 is equal to 7185
Global LD ST Cache Stride Bucket 115 is equal to 7771
Global LD ST Cache Stride Bucket 116 is equal to 5372
Global LD ST Cache Stride Bucket 117 is equal to 10098
Global LD ST Cache Stride Bucket 118 is equal to 5502
Global LD ST Cache Stride Bucket 119 is equal to 4736
Global LD ST Cache Stride Bucket 120 is equal to 18487
Global LD ST Cache Stride Bucket 121 is equal to 5265
Global LD ST Cache Stride Bucket 122 is equal to 10807
Global LD ST Cache Stride Bucket 123 is equal to 16029
Global LD ST Cache Stride Bucket 124 is equal to 52613
Global LD ST Cache Stride Bucket 125 is equal to 106481
Global LD ST Cache Stride Bucket 126 is equal to 55647
Global LD ST Cache Stride Bucket 127 is equal to 5424
Global LD ST Cache Stride Bucket 128 is equal to 7455
Global LD ST Cache Stride Bucket 129 is equal to 8890
Global LD ST Cache Stride Bucket 130 is equal to 8541
Global LD ST Cache Stride Bucket 131 is equal to 9165
Global LD ST Cache Stride Bucket 132 is equal to 9370
Global LD ST Cache Stride Bucket 133 is equal to 11655
Global LD ST Cache Stride Bucket 134 is equal to 15306
Global LD ST Cache Stride Bucket 135 is equal to 20338
Global LD ST Cache Stride Bucket 136 is equal to 18459
Global LD ST Cache Stride Bucket 137 is equal to 20949
Global LD ST Cache Stride Bucket 138 is equal to 27189
Global LD ST Cache Stride Bucket 139 is equal to 31488
Global LD ST Cache Stride Bucket 140 is equal to 50195
Global LD ST Cache Stride Bucket 141 is equal to 59566
Global LD ST Cache Stride Bucket 142 is equal to 68692
Global LD ST Cache Stride Bucket 143 is equal to 143538
Global LD ST Cache Stride Bucket 144 is equal to 223783
Global LD ST Cache Stride Bucket 145 is equal to 239347
Global LD ST Cache Stride Bucket 146 is equal to 207731
Global LD ST Cache Stride Bucket 147 is equal to 654780
Global LD ST Cache Stride Bucket 148 is equal to 884139
Global LD ST Cache Stride Bucket 149 is equal to 403076
Global LD ST Cache Stride Bucket 150 is equal to 27412
Global LD ST Cache Stride Bucket 151 is equal to 75500
Global LD ST Cache Stride Bucket 156 is equal to 261
Global LD ST Cache Stride Bucket 173 is equal to 851
Global LD ST Cache Stride Bucket 187 is equal to 27
Global LD ST Cache Stride Bucket 188 is equal to 3
Global LD ST Cache Stride Bucket 195 is equal to 262
Global LD ST Cache Stride Bucket 196 is equal to 1
Global LD ST Cache Stride Bucket 197 is equal to 3
Global LD ST Cache Stride Bucket 198 is equal to 1
Global LD ST Cache Stride Bucket 199 is equal to 1
Global LD ST Cache Stride Bucket 200 is equal to 1
Global LD ST Cache Stride Bucket 201 is equal to 1
Global LD ST Cache Stride Bucket 202 is equal to 1
Global LD ST Cache Stride Bucket 203 is equal to 1
Global LD ST Cache Stride Bucket 204 is equal to 1
Global LD ST Cache Stride Bucket 205 is equal to 1
Global LD ST Cache Stride Bucket 206 is equal to 1
Global LD ST Cache Stride Bucket 207 is equal to 1
Global LD ST Cache Stride Bucket 208 is equal to 1
Global LD ST Cache Stride Bucket 209 is equal to 1
Global LD ST Cache Stride Bucket 210 is equal to 1
Global LD ST Cache Stride Bucket 211 is equal to 1
Global LD ST Cache Stride Bucket 212 is equal to 1
Global LD ST Cache Stride Bucket 213 is equal to 1
Global LD ST Cache Stride Bucket 214 is equal to 1
Global LD ST Cache Stride Bucket 215 is equal to 1
Global LD ST Cache Stride Bucket 216 is equal to 1
Global LD ST Cache Stride Bucket 217 is equal to 1
Global LD ST Cache Stride Bucket 218 is equal to 1
Global LD ST Cache Stride Bucket 219 is equal to 1
Global LD ST Cache Stride Bucket 220 is equal to 1
Global LD ST Cache Stride Bucket 256 is equal to 1683350


            "-256": "10059822",
            "-255": "0",
            "-254": "842",
            "-253": "0",
            "-252": "1108",
            "-251": "0",
            "-250": "1310",
            "-249": "0",
            "-248": "5186",
            "-247": "0",
            "-246": "740",
            "-245": "0",
            "-244": "987",
            "-243": "0",
            "-242": "901",
            "-241": "0",
            "-240": "790",
            "-239": "0",
            "-238": "953",
            "-237": "0",
            "-236": "696",
            "-235": "0",
            "-234": "451",
            "-233": "0",
            "-232": "504",
            "-231": "0",
            "-230": "250",
            "-229": "0",
            "-228": "2497",
            "-227": "0",
            "-226": "455",
            "-225": "0",
            "-224": "736",
            "-223": "0",
            "-222": "511",
            "-221": "0",
            "-220": "336",
            "-219": "0",
            "-218": "723",
            "-217": "0",
            "-216": "4323",
            "-215": "0",
            "-214": "740",
            "-213": "0",
            "-212": "1079",
            "-211": "0",
            "-210": "1183",
            "-209": "0",
            "-208": "1108",
            "-207": "0",
            "-206": "909",
            "-205": "0",
            "-204": "697",
            "-203": "0",
            "-202": "876",
            "-201": "0",
            "-200": "522",
            "-199": "0",
            "-198": "600",
            "-197": "0",
            "-196": "1091",
            "-195": "0",
            "-194": "730",
            "-193": "0",
            "-192": "418",
            "-191": "0",
            "-190": "372",
            "-189": "0",
            "-188": "9525",
            "-187": "0",
            "-186": "388",
            "-185": "0",
            "-184": "9127",
            "-183": "0",
            "-182": "766",
            "-181": "0",
            "-180": "396",
            "-179": "0",
            "-178": "487",
            "-177": "0",
            "-176": "266042",
            "-175": "0",
            "-174": "819",
            "-173": "0",
            "-172": "524",
            "-171": "0",
            "-170": "1126",
            "-169": "0",
            "-168": "74345",
            "-167": "0",
            "-166": "1038",
            "-165": "0",
            "-164": "5935",
            "-163": "0",
            "-162": "896",
            "-161": "0",
            "-160": "7043",
            "-159": "0",
            "-158": "1123",
            "-157": "0",
            "-156": "786",
            "-155": "0",
            "-154": "768",
            "-153": "0",
            "-152": "390",
            "-151": "0",
            "-150": "294",
            "-149": "0",
            "-148": "1072",
            "-147": "0",
            "-146": "894",
            "-145": "0",
            "-144": "1149",
            "-143": "0",
            "-142": "482",
            "-141": "0",
            "-140": "919",
            "-139": "0",
            "-138": "750",
            "-137": "0",
            "-136": "751",
            "-135": "0",
            "-134": "1027",
            "-133": "0",
            "-132": "1320",
            "-131": "0",
            "-130": "907",
            "-129": "0",
            "-128": "3090",
            "-127": "0",
            "-126": "2142",
            "-125": "0",
            "-124": "5255",
            "-123": "0",
            "-122": "1303",
            "-121": "0",
            "-120": "30144",
            "-119": "0",
            "-118": "1049",
            "-117": "0",
            "-116": "15769",
            "-115": "0",
            "-114": "618",
            "-113": "0",
            "-112": "14685",
            "-111": "0",
            "-110": "838",
            "-109": "0",
            "-108": "10278",
            "-107": "0",
            "-106": "1021",
            "-105": "0",
            "-104": "7641",
            "-103": "0",
            "-102": "740",
            "-101": "0",
            "-100": "10833",
            "-99": "0",
            "-98": "1006",
            "-97": "0",
            "-96": "1941",
            "-95": "0",
            "-94": "900",
            "-93": "0",
            "-92": "6470",
            "-91": "0",
            "-90": "903",
            "-89": "0",
            "-88": "59546",
            "-87": "0",
            "-86": "2021",
            "-85": "0",
            "-84": "12847",
            "-83": "0",
            "-82": "2643",
            "-81": "0",
            "-80": "90682",
            "-79": "0",
            "-78": "1436",
            "-77": "0",
            "-76": "7100",
            "-75": "0",
            "-74": "858",
            "-73": "0",
            "-72": "10834",
            "-71": "0",
            "-70": "710",
            "-69": "0",
            "-68": "8525",
            "-67": "0",
            "-66": "673",
            "-65": "0",
            "-64": "22670",
            "-63": "0",
            "-62": "900",
            "-61": "0",
            "-60": "55882",
            "-59": "0",
            "-58": "652",
            "-57": "0",
            "-56": "155640",
            "-55": "0",
            "-54": "427",
            "-53": "0",
            "-52": "127002",
            "-51": "0",
            "-50": "580",
            "-49": "0",
            "-48": "21005",
            "-47": "0",
            "-46": "1665",
            "-45": "0",
            "-44": "47582",
            "-43": "0",
            "-42": "22725",
            "-41": "0",
            "-40": "61335",
            "-39": "0",
            "-38": "1853",
            "-37": "0",
            "-36": "91285",
            "-35": "0",
            "-34": "711",
            "-33": "0",
            "-32": "207094",
            "-31": "0",
            "-30": "503",
            "-29": "0",
            "-28": "30279",
            "-27": "0",
            "-26": "470",
            "-25": "0",
            "-24": "235895",
            "-23": "0",
            "-22": "313",
            "-21": "0",
            "-20": "163307",
            "-19": "0",
            "-18": "387",
            "-17": "0",
            "-16": "258918",
            "-15": "0",
            "-14": "329",
            "-13": "2",
            "-12": "440950",
            "-11": "0",
            "-10": "169",
            "-9": "2",
            "-8": "1971740",
            "-7": "0",
            "-6": "459",
            "-5": "1",
            "-4": "1061845",
            "-3": "0",
            "-2": "23345",
            "-1": "1",
            "0": "2409137",
            "1": "0",
            "2": "20639",
            "3": "0",
            "4": "1721025",
            "5": "0",
            "6": "1028",
            "7": "0",
            "8": "2595337",
            "9": "144",
            "10": "227",
            "11": "0",
            "12": "150490",
            "13": "0",
            "14": "121",
            "15": "0",
            "16": "382818",
            "17": "0",
            "18": "95",
            "19": "0",
            "20": "117275",
            "21": "0",
            "22": "90",
            "23": "0",
            "24": "167228",
            "25": "0",
            "26": "101",
            "27": "0",
            "28": "46926",
            "29": "0",
            "30": "126",
            "31": "0",
            "32": "149647",
            "33": "0",
            "34": "421",
            "35": "0",
            "36": "315455",
            "37": "0",
            "38": "1089",
            "39": "0",
            "40": "56776",
            "41": "0",
            "42": "25314",
            "43": "0",
            "44": "51649",
            "45": "0",
            "46": "1605",
            "47": "59",
            "48": "44188",
            "49": "209",
            "50": "817",
            "51": "100",
            "52": "175568",
            "53": "177",
            "54": "914",
            "55": "123",
            "56": "41839",
            "57": "205",
            "58": "761",
            "59": "161",
            "60": "4701",
            "61": "349",
            "62": "755",
            "63": "96",
            "64": "11319",
            "65": "24",
            "66": "213",
            "67": "20",
            "68": "1002",
            "69": "98",
            "70": "695",
            "71": "108",
            "72": "5231",
            "73": "134",
            "74": "742",
            "75": "154",
            "76": "822",
            "77": "111",
            "78": "1113",
            "79": "107",
            "80": "56703",
            "81": "129",
            "82": "1325",
            "83": "23",
            "84": "183517",
            "85": "0",
            "86": "891",
            "87": "0",
            "88": "53906",
            "89": "174",
            "90": "1020",
            "91": "206",
            "92": "576",
            "93": "50",
            "94": "313",
            "95": "212",
            "96": "1554",
            "97": "379",
            "98": "368",
            "99": "0",
            "100": "173",
            "101": "539",
            "102": "632",
            "103": "2",
            "104": "1191",
            "105": "218",
            "106": "809",
            "107": "8",
            "108": "238",
            "109": "80",
            "110": "730",
            "111": "189",
            "112": "765",
            "113": "112",
            "114": "606",
            "115": "104",
            "116": "769",
            "117": "105",
            "118": "471",
            "119": "134",
            "120": "867",
            "121": "59",
            "122": "736",
            "123": "109",
            "124": "803",
            "125": "106",
            "126": "963",
            "127": "0",
            "128": "426",
            "129": "0",
            "130": "422",
            "131": "207",
            "132": "986",
            "133": "235",
            "134": "672",
            "135": "36",
            "136": "1329",
            "137": "84",
            "138": "253",
            "139": "179",
            "140": "605",
            "141": "0",
            "142": "210",
            "143": "48",
            "144": "326",
            "145": "366",
            "146": "705",
            "147": "27",
            "148": "119",
            "149": "43",
            "150": "140",
            "151": "234",
            "152": "628",
            "153": "275",
            "154": "789",
            "155": "132",
            "156": "822",
            "157": "96",
            "158": "317",
            "159": "31",
            "160": "9478",
            "161": "27",
            "162": "214",
            "163": "40",
            "164": "181352",
            "165": "90",
            "166": "859",
            "167": "139",
            "168": "68328",
            "169": "0",
            "170": "250",
            "171": "0",
            "172": "318",
            "173": "72",
            "174": "731",
            "175": "7",
            "176": "11115",
            "177": "7",
            "178": "198",
            "179": "11",
            "180": "1212",
            "181": "139",
            "182": "470",
            "183": "2",
            "184": "83312",
            "185": "4",
            "186": "68",
            "187": "7",
            "188": "161",
            "189": "14",
            "190": "953",
            "191": "75",
            "192": "599",
            "193": "193",
            "194": "572",
            "195": "144",
            "196": "829",
            "197": "142",
            "198": "634",
            "199": "63",
            "200": "9966",
            "201": "90",
            "202": "645",
            "203": "83",
            "204": "811",
            "205": "82",
            "206": "907",
            "207": "174",
            "208": "662",
            "209": "169",
            "210": "692",
            "211": "0",
            "212": "182",
            "213": "0",
            "214": "180",
            "215": "7",
            "216": "168",
            "217": "4",
            "218": "111",
            "219": "0",
            "220": "80",
            "221": "3",
            "222": "239",
            "223": "37",
            "224": "4281",
            "225": "86",
            "226": "616",
            "227": "28",
            "228": "773",
            "229": "33",
            "230": "956",
            "231": "25",
            "232": "195",
            "233": "61",
            "234": "652",
            "235": "137",
            "236": "654",
            "237": "304",
            "238": "480",
            "239": "42",
            "240": "809",
            "241": "93",
            "242": "387",
            "243": "70",
            "244": "709",
            "245": "132",
            "246": "540",
            "247": "114",
            "248": "1111",
            "249": "168",
            "250": "861",
            "251": "147",
            "252": "697",
            "253": "0",
            "254": "202",
            "255": "0",
            "256": "10726996",


# END_DYNAMIC_STATS
