# Mix output version 2
# FINI: end of program
# EMIT_DYNAMIC_STATS FOR TID 1, ins = 100101503
Dynamic Instruction Count = 100101503, Dyn BBL Count = 15983308
RAWdep[ 0] = 0
RAWdep[ 1] = 42549613
RAWdep[ 2] = 17404967
RAWdep[ 3] = 14936133
RAWdep[ 4] = 8083721
RAWdep[ 5] = 4361605
RAWdep[ 6] = 4756351
RAWdep[ 7] = 2820412
RAWdep[ 8] = 2847919
RAWdep[ 9] = 2743467
RAWdep[ 10] = 2401954
RAWdep[ 11] = 1906534
RAWdep[ 12] = 1273199
RAWdep[ 13] = 1543193
RAWdep[ 14] = 688099
RAWdep[ 15] = 1024196
RAWdep[ 16] = 1268698
RAWdep[ 17] = 1118941
RAWdep[ 18] = 460459
RAWdep[ 19] = 836930
RAWdep[ 20] = 942544
RAWdep[ 21] = 608673
RAWdep[ 22] = 804613
RAWdep[ 23] = 950597
RAWdep[ 24] = 722876
RAWdep[ 25] = 415893
RAWdep[ 26] = 218192
RAWdep[ 27] = 437637
RAWdep[ 28] = 704423
RAWdep[ 29] = 1115229
RAWdep[ 30] = 520839
RAWdep[ 31] = 484710
RAWdep[ 32] = 1073372
RAWdep[ 33] = 29637229

WAWdep[ 0] = 0
WAWdep[ 1] = 24883182
WAWdep[ 2] = 18258012
WAWdep[ 3] = 15858288
WAWdep[ 4] = 7814262
WAWdep[ 5] = 5548044
WAWdep[ 6] = 6664310
WAWdep[ 7] = 2713742
WAWdep[ 8] = 2591450
WAWdep[ 9] = 3661733
WAWdep[ 10] = 2871145
WAWdep[ 11] = 1434872
WAWdep[ 12] = 1429233
WAWdep[ 13] = 2535098
WAWdep[ 14] = 1218470
WAWdep[ 15] = 943734
WAWdep[ 16] = 1174441
WAWdep[ 17] = 1017673
WAWdep[ 18] = 501767
WAWdep[ 19] = 756045
WAWdep[ 20] = 897834
WAWdep[ 21] = 821981
WAWdep[ 22] = 391406
WAWdep[ 23] = 429745
WAWdep[ 24] = 716768
WAWdep[ 25] = 303157
WAWdep[ 26] = 229915
WAWdep[ 27] = 630970
WAWdep[ 28] = 351101
WAWdep[ 29] = 285338
WAWdep[ 30] = 229098
WAWdep[ 31] = 187526
WAWdep[ 32] = 942756
WAWdep[ 33] = 16142470

WARdep[ 0] = 44849389
WARdep[ 1] = 9401242
WARdep[ 2] = 8635080
WARdep[ 3] = 6092097
WARdep[ 4] = 4472859
WARdep[ 5] = 4011150
WARdep[ 6] = 2747458
WARdep[ 7] = 3406529
WARdep[ 8] = 2721122
WARdep[ 9] = 2044390
WARdep[ 10] = 2869774
WARdep[ 11] = 2062037
WARdep[ 12] = 1380382
WARdep[ 13] = 1282826
WARdep[ 14] = 1093798
WARdep[ 15] = 729832
WARdep[ 16] = 1000353
WARdep[ 17] = 824934
WARdep[ 18] = 965551
WARdep[ 19] = 1106938
WARdep[ 20] = 1160384
WARdep[ 21] = 822931
WARdep[ 22] = 896788
WARdep[ 23] = 360739
WARdep[ 24] = 822461
WARdep[ 25] = 920007
WARdep[ 26] = 919688
WARdep[ 27] = 712094
WARdep[ 28] = 519531
WARdep[ 29] = 505467
WARdep[ 30] = 417544
WARdep[ 31] = 653250
WARdep[ 32] = 590769
WARdep[ 33] = 13436172


		"0": "0",
		"1": "42549613",
		"2": "17404967",
		"3": "14936133",
		"4": "8083721",
		"5": "4361605",
		"6": "4756351",
		"7": "2820412",
		"8": "2847919",
		"9": "2743467",
		"10": "2401954",
		"11": "1906534",
		"12": "1273199",
		"13": "1543193",
		"14": "688099",
		"15": "1024196",
		"16": "1268698",
		"17": "1118941",
		"18": "460459",
		"19": "836930",
		"20": "942544",
		"21": "608673",
		"22": "804613",
		"23": "950597",
		"24": "722876",
		"25": "415893",
		"26": "218192",
		"27": "437637",
		"28": "704423",
		"29": "1115229",
		"30": "520839",
		"31": "484710",
		"32": "1073372",
		"33": "29637229",


# END_DYNAMIC_STATS
