# Branch output version 3
Dynamic_Instruction_Count: 100101500
Dynamic_Conditional_Branch_Count: 10410339
Dynamic_Unconditional_Branch_Count: 5615454
Total_Taken_Branches: 10104492
Total_Branch_Transitions: 2718489

Local Branch Stats (Total Count; Taken Count; Transition Count)
1436 309 520
1127 343 607
1436 1077 717
359 0 0
359 354 10
5 2 3
309 303 12
7 1 2
343 0 0
343 30 52
359 0 0
359 0 0
359 0 0
359 0 0
359 359 0
12924 0 0
12924 0 0
12924 0 0
12924 0 0
13283 12924 717
359 89 177
270 0 0
270 135 269
224 224 0
89 0 0
2 0 0
2 0 0
2 0 0
2 0 0
359 0 0
359 135 269
224 0 0
359 135 269
224 0 0
270 270 0
270 0 0
270 270 0
270 0 0
270 0 0
270 270 0
270 0 0
270 0 0
270 270 0
135 135 0
136 0 0
28274 8062 11347
24982 1897 3790
48955 28274 17341
23973 23294 1358
2576 2441 270
8062 4770 2853
135 135 0
38152 136 271
38016 0 0
38016 0 0
38017 897 1521
37255 33208 270
4047 4 8
79024 360 720
496 137 269
361 361 0
137 2 4
361 0 0
361 2 4
359 359 0
2 0 0
135 135 0
135 0 0
135 135 0
135 0 0
135 0 0
135 0 0
135 0 0
135 0 0
135 135 0
135 135 0
135 0 0
135 135 0
135 0 0
135 135 0
135 0 0
135 0 0
436 413 41
23 10 6
13 0 0
13 1 1
12 0 0
12 6 8
6 2 3
4 2 3
2 0 0
8 2 3
6 0 0
6 0 0
12 6 8
8 6 3
2 0 0
2 0 0
2 0 0
2 0 0
8 2 3
6 0 0
6 0 0
12 6 8
8 6 3
10 10 0
1 1 0
6 6 0
2 2 0
151847 94265 40922
57582 375 714
57207 293 562
56914 173 330
1436 359 717
1077 394 265
569 50 60
1202 569 752
1436 1077 717
28 7 13
21 3 2
17 2 1
33 17 21
28 21 13
136 0 0
4832 105 209
8080 4832 3626
3248 3217 62
347 176 277
347 39 76
347 162 281
347 343 2
347 326 42
21 0 0
21 0 0
21 0 0
21 3 6
162 0 0
162 0 0
162 1 2
161 0 0
39 0 0
39 2 4
37 0 0
37 3 6
176 2 4
174 0 0
174 0 0
174 0 0
4888 1222 2443
3666 784 984
2203 461 644
4624 2203 2994
4888 3666 2443
4888 1412 2403
4888 3666 2443
13508 3377 6753
10131 2266 3179
5627 1409 1914
12083 5627 8078
13508 10131 6753
3377 1965 707
37255 1222 2362
144132 36033 72065
108099 25520 32824
59939 14011 18742
128507 59939 83482
144132 108099 72065
144132 91360 58068
144132 108099 72065
36033 397 764
91360 44879 44994
46481 0 0
46481 8320 13231
38161 22642 19177
31642 7899 11114
31642 8343 10996
31642 7746 10580
31642 15519 8180
31642 23821 11396
7821 1425 1831
6396 1076 1823
5320 0 0
5320 822 1412
44879 38577 10491
44764 11191 22381
33573 11552 11920
14642 3806 5019
32857 14642 21434
44764 33573 22381
11191 4889 3294
4832 1208 2415
3624 1173 1459
1440 646 653
3245 1440 2104
4832 3624 2415
1208 811 793
7746 906 1390
6840 0 0
6840 489 800
6351 152 270
8343 0 0
8343 1529 2348
6814 270 455
6544 419 723
7899 1750 2666
6149 516 810
5633 389 690
5244 0 0
38190 7700 11916
38190 7217 11096
38190 7242 11314
38190 22642 7052
38190 30095 12513
8095 1662 1990
6433 1329 1946
5104 0 0
5104 893 1418
7242 2186 2824
5056 0 0
5056 1325 1755
3731 199 328
7217 0 0
7217 1786 2450
5431 971 1386
4460 1089 1663
7700 1738 2515
5962 739 1116
5223 1196 1790
4027 0 0
8062 4748 2873
3314 916 797
2398 2385 24
916 9 14
206273 149633 68922
56640 15819 22189
40821 39168 2400
15819 997 1356
104462 71672 36720
71672 5256 8822
70085 21728 28475
48357 3996 6461
47558 10784 15699
36774 3370 5344
36215 7056 10390
29159 3128 4980
28822 3772 5894
25050 7640 9338
68081 8646 16702
59435 18626 25850
66042 50671 30741
8646 0 0
1474 646 276
9474 1474 2369
8000 828 1355
18626 9804 7485
36662 19947 15124
65494 21609 35244
64283 48779 31007
35451 27840 10009
7611 7611 0
21609 11091 15495
4698 3487 1137
11729 4698 5584
7031 1211 1950
5256 3669 2008
3996 3197 1130
3370 2811 796
3128 2791 518
224430 27678 55255
295928 200764 119501
95164 55542 29598
71498 62185 18198
55542 2503 4734
54274 47081 11580
41595 1766 3323
40766 35433 8592
34003 1332 2480
33467 29315 6839
28956 1159 2188
28533 24704 6196
25467 13848 11321
45198 5938 11345
39260 6524 10010
43397 9818 19635
5938 0 0
831 58 98
6711 831 1632
5880 773 1346
6524 2647 2825
9782 3716 3662
23175 8592 13540
22147 17109 10076
8754 5905 3131
2849 2849 0
8592 4345 6203
1779 751 582
5275 1779 2771
3496 1028 1552
2503 1235 1249
1766 937 914
1332 796 635
1159 736 486
35433 28670 10383
47081 34402 17333
29315 24804 6800
24704 21638 4784
36991 34254 5116
131 119 21
3019 22 40
2997 9 12
2988 1164 1311
2053 819 916
1390 805 658
683 44 82
639 56 97
2888 270 520
1164 229 338
819 156 230
805 98 160
868 145 251
868 136 250
868 139 249
868 138 248
81600 45017 34146
81600 51393 33366
81600 56629 31896
81600 58509 30294
147964 40185 56097
147964 110973 73981
40185 31027 12684
9158 9158 0
9158 5229 3512
92416 47108 48400
92416 69312 46207
23104 13946 7272
9158 6135 3120
3023 268 504
2755 0 0
47108 42476 7690
4632 4 4
4628 2957 1964
2071 400 700
1671 1271 551
3357 3357 0
3926 569 598
3357 708 1040
2649 914 1081
1735 825 700
910 910 0
569 569 0
15114 5956 5208
9158 2347 3354
6811 2418 3004
4393 2077 2129
2316 2316 0
5956 5956 0
286 286 0
286 137 249
149 149 0
286 0 0
286 137 249
286 286 0
286 137 249
149 0 0
149 149 0
38151 0 0
496 416 159
416 416 0
991 0 0
95336 47763 47859
47573 0 0
47573 47573 0
52707 1266 2488
99014 23 46
98991 25726 31336
73265 26958 18386
47763 0 0
47763 0 0
99546 29 58
99517 25485 30698
74032 47365 19512
52181 51783 786
398 1 2
2939 17 34
3319 0 0
3319 1507 1654
1812 380 485
2757 14 28
4009 1 2
4008 1270 1314
2738 1252 672
1266 1266 0
38151 763 1521
37388 37388 0
95336 32 32
95304 71478 47651
60927 22961 34821
37966 37101 1729
22961 0 0
37388 397 764
36991 8956 13181
82972 54937 42153
28035 339 658
27696 0 0
82426 826 1368
395599 75364 135097
320236 313999 12473
81601 58572 27823
82427 54730 41930
27697 13403 12719
14294 11253 4528
4105 0 0
4105 1064 1514
14294 14294 0
2 2 0
359 0 0
359 359 0
359 359 0
59535 35684 11916
59535 59400 269
135 0 0
242195 0 0
495 289 71
495 225 450
270 0 0
270 158 71
225 94 71
361 0 0
361 361 0
78881 0 0
79242 0 0
79242 18040 3195
79242 78148 1837
79242 78881 721
360 0 0
360 135 269
225 94 71
19214 93 185
20605 19214 2526
1391 1390 2
135 56 71
12320 56 111
12320 11498 1506
17380 79 157
17380 16212 2136
28719 131 261
28719 26769 3600
2 2 0
2 2 0
2 2 0
436 2 3
436 2 3
434 412 43
434 426 16
2 2 0
438 2 3
438 0 0
438 2 4
436 2 4
434 18 27
416 0 0
2 0 0
2 0 0
2 0 0
137 0 0
137 137 0
1370 141 277
2 0 0
2 0 0
2 0 0
2 2 0
266 266 0
266 141 249
266 266 0
266 0 0
266 2 4
1370 1233 273
826 0 0
826 0 0
826 0 0
826 0 0
826 548 519
278 0 0
278 0 0
278 0 0
278 278 0
278 0 0
278 153 249
125 125 0
278 278 0
278 0 0
278 153 249
125 125 0
548 0 0
548 548 0
548 0 0
548 548 0
548 0 0
548 0 0
548 0 0
548 0 0
548 544 4
4 0 0
4 0 0
4 0 0
4 4 0
548 0 0
548 145 269
403 0 0
403 0 0
403 0 0
403 0 0
403 403 0
548 0 0
548 4 4
548 548 0
548 548 0
548 0 0
548 0 0
548 0 0
548 548 0
548 0 0
403 0 0
403 0 0
403 135 270
135 135 0
548 548 0
1262 0 0
1262 548 273
714 702 24
12 12 0
12 0 0
1250 542 273
708 444 4
264 0 0
264 0 0
264 264 0
835 0 0
542 542 0
542 405 269
1092 0 0
2078 422 838
1656 0 0
1656 0 0
1656 1213 8
443 439 8
1229 137 273
1092 274 278
818 211 421
759 419 542
340 0 0
340 270 140
211 152 1
59 0 0
270 270 0
270 0 0
270 270 0
152 0 0
439 6 7
433 6 12
427 93 11
427 427 0
422 407 8
578 429 290
149 0 0
149 141 10
8 0 0
8 7 1
1 0 0
1 1 0
7151 0 0
7729 7151 973
578 422 286
137 0 0
12 12 0
407 272 270
135 135 0
422 0 0
422 0 0
422 0 0
422 0 0
422 5 10
417 282 269
422 417 10
5 0 0
417 0 0
417 407 8
417 4 8
282 0 0
282 0 0
282 0 0
1262 0 0
1262 0 0
1262 1262 0
1262 0 0
1262 0 0
1262 1262 0
1262 0 0
1262 0 0
1262 0 0
1262 0 0
826 0 0
826 0 0
826 0 0
826 826 0
1215 0 0
1215 0 0
1215 1215 0
1215 0 0
1215 0 0
1215 0 0
15930 14715 2429
689 198 394
491 0 0
491 414 139
198 130 128
130 130 0
414 0 0
414 414 0
130 0 0
1164 1034 259
3707 3293 827
1262 0 0
