# Mix output version 2
# FINI: end of program
# EMIT_DYNAMIC_STATS FOR TID 1
# instructions = 100101500, basic blocks = 16033689
Local Byte Stride Bucket 0 is equal to 21261676
Local Byte Stride Bucket 1 is equal to 60
Local Byte Stride Bucket 2 is equal to 458966
Local Byte Stride Bucket 3 is equal to 35
Local Byte Stride Bucket 4 is equal to 2566607
Local Byte Stride Bucket 5 is equal to 91
Local Byte Stride Bucket 6 is equal to 37891
Local Byte Stride Bucket 7 is equal to 30
Local Byte Stride Bucket 8 is equal to 638170
Local Byte Stride Bucket 9 is equal to 17
Local Byte Stride Bucket 10 is equal to 21209
Local Byte Stride Bucket 11 is equal to 13
Local Byte Stride Bucket 12 is equal to 314062
Local Byte Stride Bucket 13 is equal to 25
Local Byte Stride Bucket 14 is equal to 17340
Local Byte Stride Bucket 15 is equal to 35
Local Byte Stride Bucket 16 is equal to 97159
Local Byte Stride Bucket 17 is equal to 24
Local Byte Stride Bucket 18 is equal to 18009
Local Byte Stride Bucket 19 is equal to 8
Local Byte Stride Bucket 20 is equal to 61097
Local Byte Stride Bucket 21 is equal to 24
Local Byte Stride Bucket 22 is equal to 16608
Local Byte Stride Bucket 23 is equal to 22
Local Byte Stride Bucket 24 is equal to 158335
Local Byte Stride Bucket 25 is equal to 14
Local Byte Stride Bucket 26 is equal to 15938
Local Byte Stride Bucket 27 is equal to 16
Local Byte Stride Bucket 28 is equal to 96647
Local Byte Stride Bucket 29 is equal to 46
Local Byte Stride Bucket 30 is equal to 18747
Local Byte Stride Bucket 31 is equal to 13
Local Byte Stride Bucket 32 is equal to 85081
Local Byte Stride Bucket 33 is equal to 10
Local Byte Stride Bucket 34 is equal to 22890
Local Byte Stride Bucket 35 is equal to 3
Local Byte Stride Bucket 36 is equal to 40786
Local Byte Stride Bucket 37 is equal to 9
Local Byte Stride Bucket 38 is equal to 127849
Local Byte Stride Bucket 39 is equal to 8
Local Byte Stride Bucket 40 is equal to 330916
Local Byte Stride Bucket 41 is equal to 23
Local Byte Stride Bucket 42 is equal to 238768
Local Byte Stride Bucket 43 is equal to 12
Local Byte Stride Bucket 44 is equal to 455533
Local Byte Stride Bucket 45 is equal to 16
Local Byte Stride Bucket 46 is equal to 71480
Local Byte Stride Bucket 47 is equal to 10
Local Byte Stride Bucket 48 is equal to 46402
Local Byte Stride Bucket 49 is equal to 6
Local Byte Stride Bucket 50 is equal to 20960
Local Byte Stride Bucket 51 is equal to 3
Local Byte Stride Bucket 52 is equal to 24125
Local Byte Stride Bucket 53 is equal to 14
Local Byte Stride Bucket 54 is equal to 17373
Local Byte Stride Bucket 55 is equal to 15
Local Byte Stride Bucket 56 is equal to 29476
Local Byte Stride Bucket 57 is equal to 23
Local Byte Stride Bucket 58 is equal to 16268
Local Byte Stride Bucket 59 is equal to 5
Local Byte Stride Bucket 60 is equal to 25078
Local Byte Stride Bucket 61 is equal to 13
Local Byte Stride Bucket 62 is equal to 15509
Local Byte Stride Bucket 63 is equal to 35
Local Byte Stride Bucket 64 is equal to 776789
Local Byte Stride Bucket 65 is equal to 32
Local Byte Stride Bucket 66 is equal to 14336
Local Byte Stride Bucket 67 is equal to 22
Local Byte Stride Bucket 68 is equal to 27164
Local Byte Stride Bucket 69 is equal to 14
Local Byte Stride Bucket 70 is equal to 16668
Local Byte Stride Bucket 71 is equal to 8
Local Byte Stride Bucket 72 is equal to 30186
Local Byte Stride Bucket 73 is equal to 12
Local Byte Stride Bucket 74 is equal to 17757
Local Byte Stride Bucket 75 is equal to 3
Local Byte Stride Bucket 76 is equal to 202578
Local Byte Stride Bucket 77 is equal to 21
Local Byte Stride Bucket 78 is equal to 23498
Local Byte Stride Bucket 79 is equal to 6
Local Byte Stride Bucket 80 is equal to 305238
Local Byte Stride Bucket 81 is equal to 7
Local Byte Stride Bucket 82 is equal to 74573
Local Byte Stride Bucket 83 is equal to 4
Local Byte Stride Bucket 84 is equal to 348266
Local Byte Stride Bucket 85 is equal to 21
Local Byte Stride Bucket 86 is equal to 61787
Local Byte Stride Bucket 87 is equal to 7
Local Byte Stride Bucket 88 is equal to 414005
Local Byte Stride Bucket 89 is equal to 10
Local Byte Stride Bucket 90 is equal to 25383
Local Byte Stride Bucket 91 is equal to 9
Local Byte Stride Bucket 92 is equal to 62084
Local Byte Stride Bucket 93 is equal to 5
Local Byte Stride Bucket 94 is equal to 19369
Local Byte Stride Bucket 95 is equal to 4
Local Byte Stride Bucket 96 is equal to 31704
Local Byte Stride Bucket 97 is equal to 7
Local Byte Stride Bucket 98 is equal to 15305
Local Byte Stride Bucket 99 is equal to 11
Local Byte Stride Bucket 100 is equal to 25725
Local Byte Stride Bucket 101 is equal to 17
Local Byte Stride Bucket 102 is equal to 15849
Local Byte Stride Bucket 103 is equal to 5
Local Byte Stride Bucket 104 is equal to 24199
Local Byte Stride Bucket 105 is equal to 6
Local Byte Stride Bucket 106 is equal to 16113
Local Byte Stride Bucket 107 is equal to 9
Local Byte Stride Bucket 108 is equal to 23884
Local Byte Stride Bucket 109 is equal to 1
Local Byte Stride Bucket 110 is equal to 14767
Local Byte Stride Bucket 111 is equal to 12
Local Byte Stride Bucket 112 is equal to 23469
Local Byte Stride Bucket 113 is equal to 6
Local Byte Stride Bucket 114 is equal to 16720
Local Byte Stride Bucket 115 is equal to 7
Local Byte Stride Bucket 116 is equal to 21502
Local Byte Stride Bucket 117 is equal to 9
Local Byte Stride Bucket 118 is equal to 17505
Local Byte Stride Bucket 119 is equal to 0
Local Byte Stride Bucket 120 is equal to 24878
Local Byte Stride Bucket 121 is equal to 8
Local Byte Stride Bucket 122 is equal to 23847
Local Byte Stride Bucket 123 is equal to 10
Local Byte Stride Bucket 124 is equal to 34724
Local Byte Stride Bucket 125 is equal to 9
Local Byte Stride Bucket 126 is equal to 33637
Local Byte Stride Bucket 127 is equal to 16
Local Byte Stride Bucket 128 is equal to 170163
Local Byte Stride Bucket 129 is equal to 17
Local Byte Stride Bucket 130 is equal to 22466
Local Byte Stride Bucket 131 is equal to 16
Local Byte Stride Bucket 132 is equal to 28226
Local Byte Stride Bucket 133 is equal to 32
Local Byte Stride Bucket 134 is equal to 16878
Local Byte Stride Bucket 135 is equal to 7
Local Byte Stride Bucket 136 is equal to 19089
Local Byte Stride Bucket 137 is equal to 4
Local Byte Stride Bucket 138 is equal to 12034
Local Byte Stride Bucket 139 is equal to 4
Local Byte Stride Bucket 140 is equal to 17920
Local Byte Stride Bucket 141 is equal to 5
Local Byte Stride Bucket 142 is equal to 13457
Local Byte Stride Bucket 143 is equal to 31
Local Byte Stride Bucket 144 is equal to 20655
Local Byte Stride Bucket 145 is equal to 11
Local Byte Stride Bucket 146 is equal to 10864
Local Byte Stride Bucket 147 is equal to 6
Local Byte Stride Bucket 148 is equal to 18735
Local Byte Stride Bucket 149 is equal to 45
Local Byte Stride Bucket 150 is equal to 14590
Local Byte Stride Bucket 151 is equal to 9
Local Byte Stride Bucket 152 is equal to 20158
Local Byte Stride Bucket 153 is equal to 11
Local Byte Stride Bucket 154 is equal to 12556
Local Byte Stride Bucket 155 is equal to 31
Local Byte Stride Bucket 156 is equal to 23010
Local Byte Stride Bucket 157 is equal to 7
Local Byte Stride Bucket 158 is equal to 12340
Local Byte Stride Bucket 159 is equal to 9
Local Byte Stride Bucket 160 is equal to 151550
Local Byte Stride Bucket 161 is equal to 5
Local Byte Stride Bucket 162 is equal to 18784
Local Byte Stride Bucket 163 is equal to 3
Local Byte Stride Bucket 164 is equal to 63991
Local Byte Stride Bucket 165 is equal to 5
Local Byte Stride Bucket 166 is equal to 16486
Local Byte Stride Bucket 167 is equal to 25
Local Byte Stride Bucket 168 is equal to 82446
Local Byte Stride Bucket 169 is equal to 7
Local Byte Stride Bucket 170 is equal to 15862
Local Byte Stride Bucket 171 is equal to 6
Local Byte Stride Bucket 172 is equal to 54912
Local Byte Stride Bucket 173 is equal to 8
Local Byte Stride Bucket 174 is equal to 15295
Local Byte Stride Bucket 175 is equal to 9
Local Byte Stride Bucket 176 is equal to 31432
Local Byte Stride Bucket 177 is equal to 18
Local Byte Stride Bucket 178 is equal to 11807
Local Byte Stride Bucket 179 is equal to 8
Local Byte Stride Bucket 180 is equal to 27266
Local Byte Stride Bucket 181 is equal to 5
Local Byte Stride Bucket 182 is equal to 23071
Local Byte Stride Bucket 183 is equal to 6
Local Byte Stride Bucket 184 is equal to 18938
Local Byte Stride Bucket 185 is equal to 7
Local Byte Stride Bucket 186 is equal to 10837
Local Byte Stride Bucket 187 is equal to 7
Local Byte Stride Bucket 188 is equal to 15563
Local Byte Stride Bucket 189 is equal to 7
Local Byte Stride Bucket 190 is equal to 11670
Local Byte Stride Bucket 191 is equal to 20
Local Byte Stride Bucket 192 is equal to 97042
Local Byte Stride Bucket 193 is equal to 22
Local Byte Stride Bucket 194 is equal to 9074
Local Byte Stride Bucket 195 is equal to 8
Local Byte Stride Bucket 196 is equal to 17870
Local Byte Stride Bucket 197 is equal to 5
Local Byte Stride Bucket 198 is equal to 10340
Local Byte Stride Bucket 199 is equal to 17
Local Byte Stride Bucket 200 is equal to 17077
Local Byte Stride Bucket 201 is equal to 12
Local Byte Stride Bucket 202 is equal to 10455
Local Byte Stride Bucket 203 is equal to 6
Local Byte Stride Bucket 204 is equal to 19433
Local Byte Stride Bucket 205 is equal to 0
Local Byte Stride Bucket 206 is equal to 10700
Local Byte Stride Bucket 207 is equal to 38
Local Byte Stride Bucket 208 is equal to 20114
Local Byte Stride Bucket 209 is equal to 14
Local Byte Stride Bucket 210 is equal to 14369
Local Byte Stride Bucket 211 is equal to 3
Local Byte Stride Bucket 212 is equal to 19269
Local Byte Stride Bucket 213 is equal to 8
Local Byte Stride Bucket 214 is equal to 12284
Local Byte Stride Bucket 215 is equal to 10
Local Byte Stride Bucket 216 is equal to 19181
Local Byte Stride Bucket 217 is equal to 8
Local Byte Stride Bucket 218 is equal to 12008
Local Byte Stride Bucket 219 is equal to 10
Local Byte Stride Bucket 220 is equal to 26840
Local Byte Stride Bucket 221 is equal to 3
Local Byte Stride Bucket 222 is equal to 9919
Local Byte Stride Bucket 223 is equal to 11
Local Byte Stride Bucket 224 is equal to 89676
Local Byte Stride Bucket 225 is equal to 7
Local Byte Stride Bucket 226 is equal to 13478
Local Byte Stride Bucket 227 is equal to 5
Local Byte Stride Bucket 228 is equal to 17866
Local Byte Stride Bucket 229 is equal to 6
Local Byte Stride Bucket 230 is equal to 10981
Local Byte Stride Bucket 231 is equal to 7
Local Byte Stride Bucket 232 is equal to 17365
Local Byte Stride Bucket 233 is equal to 5
Local Byte Stride Bucket 234 is equal to 9844
Local Byte Stride Bucket 235 is equal to 11
Local Byte Stride Bucket 236 is equal to 16877
Local Byte Stride Bucket 237 is equal to 10
Local Byte Stride Bucket 238 is equal to 18106
Local Byte Stride Bucket 239 is equal to 13
Local Byte Stride Bucket 240 is equal to 18879
Local Byte Stride Bucket 241 is equal to 19
Local Byte Stride Bucket 242 is equal to 9216
Local Byte Stride Bucket 243 is equal to 7
Local Byte Stride Bucket 244 is equal to 19554
Local Byte Stride Bucket 245 is equal to 10
Local Byte Stride Bucket 246 is equal to 10511
Local Byte Stride Bucket 247 is equal to 2
Local Byte Stride Bucket 248 is equal to 26743
Local Byte Stride Bucket 249 is equal to 19
Local Byte Stride Bucket 250 is equal to 10185
Local Byte Stride Bucket 251 is equal to 10
Local Byte Stride Bucket 252 is equal to 33531
Local Byte Stride Bucket 253 is equal to 41
Local Byte Stride Bucket 254 is equal to 11173
Local Byte Stride Bucket 255 is equal to 12
Local Byte Stride Bucket 256 is equal to 3669984

Local Cache Stride Bucket 0 is equal to 25610857
Local Cache Stride Bucket 1 is equal to 3775936
Local Cache Stride Bucket 2 is equal to 1321651
Local Cache Stride Bucket 3 is equal to 798385
Local Cache Stride Bucket 4 is equal to 583168
Local Cache Stride Bucket 5 is equal to 443874
Local Cache Stride Bucket 6 is equal to 398656
Local Cache Stride Bucket 7 is equal to 384758
Local Cache Stride Bucket 8 is equal to 303412
Local Cache Stride Bucket 9 is equal to 279063
Local Cache Stride Bucket 10 is equal to 228067
Local Cache Stride Bucket 11 is equal to 202759
Local Cache Stride Bucket 12 is equal to 154884
Local Cache Stride Bucket 13 is equal to 108237
Local Cache Stride Bucket 14 is equal to 73703
Local Cache Stride Bucket 15 is equal to 58799
Local Cache Stride Bucket 16 is equal to 56768
Local Cache Stride Bucket 17 is equal to 51277
Local Cache Stride Bucket 18 is equal to 43253
Local Cache Stride Bucket 19 is equal to 38419
Local Cache Stride Bucket 20 is equal to 34322
Local Cache Stride Bucket 21 is equal to 31682
Local Cache Stride Bucket 22 is equal to 26987
Local Cache Stride Bucket 23 is equal to 23385
Local Cache Stride Bucket 24 is equal to 14996
Local Cache Stride Bucket 25 is equal to 4337
Local Cache Stride Bucket 26 is equal to 596
Local Cache Stride Bucket 27 is equal to 1162
Local Cache Stride Bucket 28 is equal to 1609
Local Cache Stride Bucket 29 is equal to 255
Local Cache Stride Bucket 30 is equal to 426
Local Cache Stride Bucket 31 is equal to 437
Local Cache Stride Bucket 32 is equal to 614
Local Cache Stride Bucket 33 is equal to 360
Local Cache Stride Bucket 34 is equal to 1397
Local Cache Stride Bucket 35 is equal to 1372
Local Cache Stride Bucket 36 is equal to 218
Local Cache Stride Bucket 37 is equal to 1371
Local Cache Stride Bucket 38 is equal to 328
Local Cache Stride Bucket 39 is equal to 232
Local Cache Stride Bucket 40 is equal to 219
Local Cache Stride Bucket 41 is equal to 208
Local Cache Stride Bucket 42 is equal to 167
Local Cache Stride Bucket 43 is equal to 155
Local Cache Stride Bucket 44 is equal to 202
Local Cache Stride Bucket 45 is equal to 1219
Local Cache Stride Bucket 46 is equal to 188
Local Cache Stride Bucket 47 is equal to 260
Local Cache Stride Bucket 48 is equal to 479
Local Cache Stride Bucket 49 is equal to 282
Local Cache Stride Bucket 50 is equal to 228
Local Cache Stride Bucket 51 is equal to 1323
Local Cache Stride Bucket 52 is equal to 141
Local Cache Stride Bucket 53 is equal to 211
Local Cache Stride Bucket 54 is equal to 138
Local Cache Stride Bucket 55 is equal to 137
Local Cache Stride Bucket 56 is equal to 225
Local Cache Stride Bucket 57 is equal to 186
Local Cache Stride Bucket 58 is equal to 135
Local Cache Stride Bucket 59 is equal to 162
Local Cache Stride Bucket 60 is equal to 224
Local Cache Stride Bucket 61 is equal to 192
Local Cache Stride Bucket 62 is equal to 173
Local Cache Stride Bucket 63 is equal to 254
Local Cache Stride Bucket 64 is equal to 684
Local Cache Stride Bucket 65 is equal to 265
Local Cache Stride Bucket 66 is equal to 220
Local Cache Stride Bucket 67 is equal to 179
Local Cache Stride Bucket 68 is equal to 229
Local Cache Stride Bucket 69 is equal to 185
Local Cache Stride Bucket 70 is equal to 154
Local Cache Stride Bucket 71 is equal to 145
Local Cache Stride Bucket 72 is equal to 154
Local Cache Stride Bucket 73 is equal to 149
Local Cache Stride Bucket 74 is equal to 151
Local Cache Stride Bucket 75 is equal to 178
Local Cache Stride Bucket 76 is equal to 202
Local Cache Stride Bucket 77 is equal to 285
Local Cache Stride Bucket 78 is equal to 175
Local Cache Stride Bucket 79 is equal to 234
Local Cache Stride Bucket 80 is equal to 433
Local Cache Stride Bucket 81 is equal to 300
Local Cache Stride Bucket 82 is equal to 238
Local Cache Stride Bucket 83 is equal to 1302
Local Cache Stride Bucket 84 is equal to 190
Local Cache Stride Bucket 85 is equal to 233
Local Cache Stride Bucket 86 is equal to 353
Local Cache Stride Bucket 87 is equal to 143
Local Cache Stride Bucket 88 is equal to 170
Local Cache Stride Bucket 89 is equal to 159
Local Cache Stride Bucket 90 is equal to 126
Local Cache Stride Bucket 91 is equal to 101
Local Cache Stride Bucket 92 is equal to 190
Local Cache Stride Bucket 93 is equal to 171
Local Cache Stride Bucket 94 is equal to 207
Local Cache Stride Bucket 95 is equal to 156
Local Cache Stride Bucket 96 is equal to 509
Local Cache Stride Bucket 97 is equal to 214
Local Cache Stride Bucket 98 is equal to 162
Local Cache Stride Bucket 99 is equal to 115
Local Cache Stride Bucket 100 is equal to 91
Local Cache Stride Bucket 101 is equal to 113
Local Cache Stride Bucket 102 is equal to 103
Local Cache Stride Bucket 103 is equal to 107
Local Cache Stride Bucket 104 is equal to 118
Local Cache Stride Bucket 105 is equal to 116
Local Cache Stride Bucket 106 is equal to 96
Local Cache Stride Bucket 107 is equal to 165
Local Cache Stride Bucket 108 is equal to 130
Local Cache Stride Bucket 109 is equal to 122
Local Cache Stride Bucket 110 is equal to 629
Local Cache Stride Bucket 111 is equal to 183
Local Cache Stride Bucket 112 is equal to 265
Local Cache Stride Bucket 113 is equal to 166
Local Cache Stride Bucket 114 is equal to 147
Local Cache Stride Bucket 115 is equal to 153
Local Cache Stride Bucket 116 is equal to 97
Local Cache Stride Bucket 117 is equal to 873
Local Cache Stride Bucket 118 is equal to 363
Local Cache Stride Bucket 119 is equal to 90
Local Cache Stride Bucket 120 is equal to 216
Local Cache Stride Bucket 121 is equal to 112
Local Cache Stride Bucket 122 is equal to 133
Local Cache Stride Bucket 123 is equal to 96
Local Cache Stride Bucket 124 is equal to 204
Local Cache Stride Bucket 125 is equal to 148
Local Cache Stride Bucket 126 is equal to 159
Local Cache Stride Bucket 127 is equal to 139
Local Cache Stride Bucket 128 is equal to 1785
Local Cache Stride Bucket 129 is equal to 1303
Local Cache Stride Bucket 130 is equal to 149
Local Cache Stride Bucket 131 is equal to 114
Local Cache Stride Bucket 132 is equal to 245
Local Cache Stride Bucket 133 is equal to 137
Local Cache Stride Bucket 134 is equal to 141
Local Cache Stride Bucket 135 is equal to 103
Local Cache Stride Bucket 136 is equal to 113
Local Cache Stride Bucket 137 is equal to 108
Local Cache Stride Bucket 138 is equal to 75
Local Cache Stride Bucket 139 is equal to 95
Local Cache Stride Bucket 140 is equal to 124
Local Cache Stride Bucket 141 is equal to 152
Local Cache Stride Bucket 142 is equal to 73
Local Cache Stride Bucket 143 is equal to 136
Local Cache Stride Bucket 144 is equal to 188
Local Cache Stride Bucket 145 is equal to 247
Local Cache Stride Bucket 146 is equal to 112
Local Cache Stride Bucket 147 is equal to 128
Local Cache Stride Bucket 148 is equal to 96
Local Cache Stride Bucket 149 is equal to 152
Local Cache Stride Bucket 150 is equal to 74
Local Cache Stride Bucket 151 is equal to 119
Local Cache Stride Bucket 152 is equal to 82
Local Cache Stride Bucket 153 is equal to 116
Local Cache Stride Bucket 154 is equal to 124
Local Cache Stride Bucket 155 is equal to 110
Local Cache Stride Bucket 156 is equal to 83
Local Cache Stride Bucket 157 is equal to 109
Local Cache Stride Bucket 158 is equal to 134
Local Cache Stride Bucket 159 is equal to 136
Local Cache Stride Bucket 160 is equal to 200
Local Cache Stride Bucket 161 is equal to 137
Local Cache Stride Bucket 162 is equal to 115
Local Cache Stride Bucket 163 is equal to 123
Local Cache Stride Bucket 164 is equal to 155
Local Cache Stride Bucket 165 is equal to 118
Local Cache Stride Bucket 166 is equal to 95
Local Cache Stride Bucket 167 is equal to 196
Local Cache Stride Bucket 168 is equal to 97
Local Cache Stride Bucket 169 is equal to 115
Local Cache Stride Bucket 170 is equal to 82
Local Cache Stride Bucket 171 is equal to 131
Local Cache Stride Bucket 172 is equal to 122
Local Cache Stride Bucket 173 is equal to 119
Local Cache Stride Bucket 174 is equal to 144
Local Cache Stride Bucket 175 is equal to 185
Local Cache Stride Bucket 176 is equal to 1233
Local Cache Stride Bucket 177 is equal to 170
Local Cache Stride Bucket 178 is equal to 125
Local Cache Stride Bucket 179 is equal to 1242
Local Cache Stride Bucket 180 is equal to 119
Local Cache Stride Bucket 181 is equal to 135
Local Cache Stride Bucket 182 is equal to 237
Local Cache Stride Bucket 183 is equal to 118
Local Cache Stride Bucket 184 is equal to 177
Local Cache Stride Bucket 185 is equal to 566
Local Cache Stride Bucket 186 is equal to 235
Local Cache Stride Bucket 187 is equal to 90
Local Cache Stride Bucket 188 is equal to 150
Local Cache Stride Bucket 189 is equal to 129
Local Cache Stride Bucket 190 is equal to 141
Local Cache Stride Bucket 191 is equal to 143
Local Cache Stride Bucket 192 is equal to 321
Local Cache Stride Bucket 193 is equal to 153
Local Cache Stride Bucket 194 is equal to 243
Local Cache Stride Bucket 195 is equal to 92
Local Cache Stride Bucket 196 is equal to 175
Local Cache Stride Bucket 197 is equal to 147
Local Cache Stride Bucket 198 is equal to 71
Local Cache Stride Bucket 199 is equal to 79
Local Cache Stride Bucket 200 is equal to 102
Local Cache Stride Bucket 201 is equal to 1753
Local Cache Stride Bucket 202 is equal to 891
Local Cache Stride Bucket 203 is equal to 106
Local Cache Stride Bucket 204 is equal to 84
Local Cache Stride Bucket 205 is equal to 114
Local Cache Stride Bucket 206 is equal to 125
Local Cache Stride Bucket 207 is equal to 101
Local Cache Stride Bucket 208 is equal to 254
Local Cache Stride Bucket 209 is equal to 138
Local Cache Stride Bucket 210 is equal to 101
Local Cache Stride Bucket 211 is equal to 102
Local Cache Stride Bucket 212 is equal to 171
Local Cache Stride Bucket 213 is equal to 115
Local Cache Stride Bucket 214 is equal to 92
Local Cache Stride Bucket 215 is equal to 106
Local Cache Stride Bucket 216 is equal to 69
Local Cache Stride Bucket 217 is equal to 479
Local Cache Stride Bucket 218 is equal to 287
Local Cache Stride Bucket 219 is equal to 594
Local Cache Stride Bucket 220 is equal to 674
Local Cache Stride Bucket 221 is equal to 102
Local Cache Stride Bucket 222 is equal to 122
Local Cache Stride Bucket 223 is equal to 120
Local Cache Stride Bucket 224 is equal to 162
Local Cache Stride Bucket 225 is equal to 109
Local Cache Stride Bucket 226 is equal to 158
Local Cache Stride Bucket 227 is equal to 90
Local Cache Stride Bucket 228 is equal to 136
Local Cache Stride Bucket 229 is equal to 99
Local Cache Stride Bucket 230 is equal to 107
Local Cache Stride Bucket 231 is equal to 70
Local Cache Stride Bucket 232 is equal to 126
Local Cache Stride Bucket 233 is equal to 128
Local Cache Stride Bucket 234 is equal to 113
Local Cache Stride Bucket 235 is equal to 129
Local Cache Stride Bucket 236 is equal to 130
Local Cache Stride Bucket 237 is equal to 145
Local Cache Stride Bucket 238 is equal to 313
Local Cache Stride Bucket 239 is equal to 319
Local Cache Stride Bucket 240 is equal to 296
Local Cache Stride Bucket 241 is equal to 210
Local Cache Stride Bucket 242 is equal to 156
Local Cache Stride Bucket 243 is equal to 213
Local Cache Stride Bucket 244 is equal to 205
Local Cache Stride Bucket 245 is equal to 168
Local Cache Stride Bucket 246 is equal to 547
Local Cache Stride Bucket 247 is equal to 794
Local Cache Stride Bucket 248 is equal to 190
Local Cache Stride Bucket 249 is equal to 125
Local Cache Stride Bucket 250 is equal to 117
Local Cache Stride Bucket 251 is equal to 150
Local Cache Stride Bucket 252 is equal to 408
Local Cache Stride Bucket 253 is equal to 229
Local Cache Stride Bucket 254 is equal to 180
Local Cache Stride Bucket 255 is equal to 268
Local Cache Stride Bucket 256 is equal to 373010


            "0": "21261676",
            "1": "60",
            "2": "458966",
            "3": "35",
            "4": "2566607",
            "5": "91",
            "6": "37891",
            "7": "30",
            "8": "638170",
            "9": "17",
            "10": "21209",
            "11": "13",
            "12": "314062",
            "13": "25",
            "14": "17340",
            "15": "35",
            "16": "97159",
            "17": "24",
            "18": "18009",
            "19": "8",
            "20": "61097",
            "21": "24",
            "22": "16608",
            "23": "22",
            "24": "158335",
            "25": "14",
            "26": "15938",
            "27": "16",
            "28": "96647",
            "29": "46",
            "30": "18747",
            "31": "13",
            "32": "85081",
            "33": "10",
            "34": "22890",
            "35": "3",
            "36": "40786",
            "37": "9",
            "38": "127849",
            "39": "8",
            "40": "330916",
            "41": "23",
            "42": "238768",
            "43": "12",
            "44": "455533",
            "45": "16",
            "46": "71480",
            "47": "10",
            "48": "46402",
            "49": "6",
            "50": "20960",
            "51": "3",
            "52": "24125",
            "53": "14",
            "54": "17373",
            "55": "15",
            "56": "29476",
            "57": "23",
            "58": "16268",
            "59": "5",
            "60": "25078",
            "61": "13",
            "62": "15509",
            "63": "35",
            "64": "776789",
            "65": "32",
            "66": "14336",
            "67": "22",
            "68": "27164",
            "69": "14",
            "70": "16668",
            "71": "8",
            "72": "30186",
            "73": "12",
            "74": "17757",
            "75": "3",
            "76": "202578",
            "77": "21",
            "78": "23498",
            "79": "6",
            "80": "305238",
            "81": "7",
            "82": "74573",
            "83": "4",
            "84": "348266",
            "85": "21",
            "86": "61787",
            "87": "7",
            "88": "414005",
            "89": "10",
            "90": "25383",
            "91": "9",
            "92": "62084",
            "93": "5",
            "94": "19369",
            "95": "4",
            "96": "31704",
            "97": "7",
            "98": "15305",
            "99": "11",
            "100": "25725",
            "101": "17",
            "102": "15849",
            "103": "5",
            "104": "24199",
            "105": "6",
            "106": "16113",
            "107": "9",
            "108": "23884",
            "109": "1",
            "110": "14767",
            "111": "12",
            "112": "23469",
            "113": "6",
            "114": "16720",
            "115": "7",
            "116": "21502",
            "117": "9",
            "118": "17505",
            "119": "0",
            "120": "24878",
            "121": "8",
            "122": "23847",
            "123": "10",
            "124": "34724",
            "125": "9",
            "126": "33637",
            "127": "16",
            "128": "170163",
            "129": "17",
            "130": "22466",
            "131": "16",
            "132": "28226",
            "133": "32",
            "134": "16878",
            "135": "7",
            "136": "19089",
            "137": "4",
            "138": "12034",
            "139": "4",
            "140": "17920",
            "141": "5",
            "142": "13457",
            "143": "31",
            "144": "20655",
            "145": "11",
            "146": "10864",
            "147": "6",
            "148": "18735",
            "149": "45",
            "150": "14590",
            "151": "9",
            "152": "20158",
            "153": "11",
            "154": "12556",
            "155": "31",
            "156": "23010",
            "157": "7",
            "158": "12340",
            "159": "9",
            "160": "151550",
            "161": "5",
            "162": "18784",
            "163": "3",
            "164": "63991",
            "165": "5",
            "166": "16486",
            "167": "25",
            "168": "82446",
            "169": "7",
            "170": "15862",
            "171": "6",
            "172": "54912",
            "173": "8",
            "174": "15295",
            "175": "9",
            "176": "31432",
            "177": "18",
            "178": "11807",
            "179": "8",
            "180": "27266",
            "181": "5",
            "182": "23071",
            "183": "6",
            "184": "18938",
            "185": "7",
            "186": "10837",
            "187": "7",
            "188": "15563",
            "189": "7",
            "190": "11670",
            "191": "20",
            "192": "97042",
            "193": "22",
            "194": "9074",
            "195": "8",
            "196": "17870",
            "197": "5",
            "198": "10340",
            "199": "17",
            "200": "17077",
            "201": "12",
            "202": "10455",
            "203": "6",
            "204": "19433",
            "205": "0",
            "206": "10700",
            "207": "38",
            "208": "20114",
            "209": "14",
            "210": "14369",
            "211": "3",
            "212": "19269",
            "213": "8",
            "214": "12284",
            "215": "10",
            "216": "19181",
            "217": "8",
            "218": "12008",
            "219": "10",
            "220": "26840",
            "221": "3",
            "222": "9919",
            "223": "11",
            "224": "89676",
            "225": "7",
            "226": "13478",
            "227": "5",
            "228": "17866",
            "229": "6",
            "230": "10981",
            "231": "7",
            "232": "17365",
            "233": "5",
            "234": "9844",
            "235": "11",
            "236": "16877",
            "237": "10",
            "238": "18106",
            "239": "13",
            "240": "18879",
            "241": "19",
            "242": "9216",
            "243": "7",
            "244": "19554",
            "245": "10",
            "246": "10511",
            "247": "2",
            "248": "26743",
            "249": "19",
            "250": "10185",
            "251": "10",
            "252": "33531",
            "253": "41",
            "254": "11173",
            "255": "12",
            "256": "3669984",


# END_DYNAMIC_STATS
