Block 0x0: Count: 176904, Running Total: 176904
Block 0x1: Count: 242195, Running Total: 419099
Block 0x2: Count: 79242, Running Total: 498341
Block 0x3: Count: 295928, Running Total: 794269
Block 0x4: Count: 56640, Running Total: 850909
Block 0x5: Count: 395599, Running Total: 1246508
Block 0x6: Count: 144132, Running Total: 1390640
Block 0x7: Count: 151847, Running Total: 1542487
Block 0x8: Count: 95304, Running Total: 1637791
Block 0x9: Count: 147964, Running Total: 1785755
Block 0xa: Count: 81600, Running Total: 1867355
Block 0xb: Count: 206273, Running Total: 2073628
Block 0xc: Count: 395599, Running Total: 2469227
Block 0xd: Count: 395599, Running Total: 2864826
Block 0xe: Count: 144132, Running Total: 3008958
Block 0xf: Count: 95336, Running Total: 3104294
Block 0x10: Count: 176904, Running Total: 3281198
Block 0x11: Count: 78664, Running Total: 3359862
Block 0x12: Count: 320236, Running Total: 3680098
Block 0x13: Count: 36033, Running Total: 3716131
Load metaop: *mem-read-1
Load metaop: *mem-read-2
Load metaop: *mem-read-4
Load metaop: *mem-read-8
Load metaop: *mem-read-16
Store metaop: *mem-write-1
Store metaop: *mem-write-2
Store metaop: *mem-write-4
Store metaop: *mem-write-8
Store metaop: *mem-write-16
Xfer metaop: *category-DATAXFER
Unrecognized opcode CDQ, classifying as "other"
Unrecognized opcode CDQE, classifying as "other"
Unrecognized opcode CMOVL, classifying as "other"
Unrecognized opcode CMOVLE, classifying as "other"
Unrecognized opcode CMOVNB, classifying as "other"
Unrecognized opcode CMOVNLE, classifying as "other"
Unrecognized opcode CMOVNZ, classifying as "other"
Unrecognized opcode CMOVZ, classifying as "other"
Unrecognized opcode CMPXCHG, classifying as "other"
Unrecognized opcode LDDQU, classifying as "other"
Unrecognized opcode LEAVE, classifying as "other"
Unrecognized opcode NOP, classifying as "other"
Opcode REP_STOSQ has repeat prefix; discarding prefix
Unrecognized opcode SETNBE, classifying as "other"
Unrecognized opcode SETNLE, classifying as "other"
Unrecognized opcode SETNZ, classifying as "other"
Unrecognized opcode SETZ, classifying as "other"
Unrecognized opcode VADDSS, classifying as "other"
Unrecognized opcode VCVTSI2SS, classifying as "other"
Unrecognized opcode VCVTTSS2SI, classifying as "other"
Unrecognized opcode VDIVSS, classifying as "other"
Unrecognized opcode VMOVSS, classifying as "other"
Unrecognized opcode VSUBSS, classifying as "other"
Unrecognized opcode VUCOMISS, classifying as "other"
Unrecognized opcode VXORPS, classifying as "other"
Total metaop: *total

Done parsing file

"Other" ratio: 28.2860284435%
Sum category count: 142661714
Static BBL count: 20

# FINI: end of program
Dynamic Instruction Count = 100101500, Dyn BBL Count = 3716131
<DynInsCount> 100101500
<BBLCount> 3716131
<TotInsCount> 100101500
<IntCount> 39250990
<IntMulCount> 913124
<IntDivCount> 220812
<FPCount> 0
<FPMulCount> 0
<FPDivCount> 0
<LdCount> 26028011
<StCount> 9459312
<Br/CallCount> 16025793
<CondBrCount> 10410339
<OtherCount> 40353333
<SysCallCount> 0

# END_DYNAMIC_STATS


Saving to file ./pinball_out/t0r16/imix_new.out


