# Mix output version 2
# FINI: end of program
# EMIT_DYNAMIC_STATS FOR TID 1, ins = 100101500
Dynamic Instruction Count = 100101500, Dyn BBL Count = 16033689
RAWdep[ 0] = 0
RAWdep[ 1] = 42815329
RAWdep[ 2] = 17339750
RAWdep[ 3] = 14925621
RAWdep[ 4] = 8030877
RAWdep[ 5] = 4360997
RAWdep[ 6] = 4701750
RAWdep[ 7] = 2818801
RAWdep[ 8] = 2860747
RAWdep[ 9] = 2687087
RAWdep[ 10] = 2404398
RAWdep[ 11] = 1892385
RAWdep[ 12] = 1244926
RAWdep[ 13] = 1539675
RAWdep[ 14] = 702233
RAWdep[ 15] = 986184
RAWdep[ 16] = 1250584
RAWdep[ 17] = 1062818
RAWdep[ 18] = 440617
RAWdep[ 19] = 833919
RAWdep[ 20] = 929486
RAWdep[ 21] = 576692
RAWdep[ 22] = 793377
RAWdep[ 23] = 944952
RAWdep[ 24] = 650514
RAWdep[ 25] = 406273
RAWdep[ 26] = 215541
RAWdep[ 27] = 437042
RAWdep[ 28] = 712478
RAWdep[ 29] = 1089159
RAWdep[ 30] = 503690
RAWdep[ 31] = 456851
RAWdep[ 32] = 1038318
RAWdep[ 33] = 29980019

WAWdep[ 0] = 0
WAWdep[ 1] = 25142475
WAWdep[ 2] = 18377300
WAWdep[ 3] = 15827232
WAWdep[ 4] = 7812890
WAWdep[ 5] = 5490396
WAWdep[ 6] = 6536557
WAWdep[ 7] = 2723221
WAWdep[ 8] = 2601803
WAWdep[ 9] = 3580779
WAWdep[ 10] = 2888852
WAWdep[ 11] = 1405497
WAWdep[ 12] = 1412852
WAWdep[ 13] = 2383931
WAWdep[ 14] = 1274406
WAWdep[ 15] = 921970
WAWdep[ 16] = 1171784
WAWdep[ 17] = 982968
WAWdep[ 18] = 503452
WAWdep[ 19] = 743937
WAWdep[ 20] = 887947
WAWdep[ 21] = 818987
WAWdep[ 22] = 383069
WAWdep[ 23] = 431908
WAWdep[ 24] = 712701
WAWdep[ 25] = 305790
WAWdep[ 26] = 221626
WAWdep[ 27] = 651139
WAWdep[ 28] = 360511
WAWdep[ 29] = 285766
WAWdep[ 30] = 241185
WAWdep[ 31] = 191701
WAWdep[ 32] = 973309
WAWdep[ 33] = 16172601

WARdep[ 0] = 44939345
WARdep[ 1] = 9457884
WARdep[ 2] = 8630316
WARdep[ 3] = 6035789
WARdep[ 4] = 4451207
WARdep[ 5] = 3906042
WARdep[ 6] = 2744710
WARdep[ 7] = 3465732
WARdep[ 8] = 2695539
WARdep[ 9] = 1986512
WARdep[ 10] = 2775030
WARdep[ 11] = 2055847
WARdep[ 12] = 1358517
WARdep[ 13] = 1309027
WARdep[ 14] = 1091505
WARdep[ 15] = 698226
WARdep[ 16] = 1005172
WARdep[ 17] = 819106
WARdep[ 18] = 955921
WARdep[ 19] = 1085756
WARdep[ 20] = 1145742
WARdep[ 21] = 852407
WARdep[ 22] = 900549
WARdep[ 23] = 359576
WARdep[ 24] = 836848
WARdep[ 25] = 911801
WARdep[ 26] = 936674
WARdep[ 27] = 723392
WARdep[ 28] = 524946
WARdep[ 29] = 533218
WARdep[ 30] = 438829
WARdep[ 31] = 674593
WARdep[ 32] = 596477
WARdep[ 33] = 13518307


		"0": "0",
		"1": "42815329",
		"2": "17339750",
		"3": "14925621",
		"4": "8030877",
		"5": "4360997",
		"6": "4701750",
		"7": "2818801",
		"8": "2860747",
		"9": "2687087",
		"10": "2404398",
		"11": "1892385",
		"12": "1244926",
		"13": "1539675",
		"14": "702233",
		"15": "986184",
		"16": "1250584",
		"17": "1062818",
		"18": "440617",
		"19": "833919",
		"20": "929486",
		"21": "576692",
		"22": "793377",
		"23": "944952",
		"24": "650514",
		"25": "406273",
		"26": "215541",
		"27": "437042",
		"28": "712478",
		"29": "1089159",
		"30": "503690",
		"31": "456851",
		"32": "1038318",
		"33": "29980019",


# END_DYNAMIC_STATS
