# Branch output version 3
Dynamic_Instruction_Count: 99232
Dynamic_Conditional_Branch_Count: 17217
Dynamic_Unconditional_Branch_Count: 2210
Total_Taken_Branches: 9095
Total_Branch_Transitions: 1541

Local Branch Stats (Total Count; Taken Count; Transition Count)
1 1 0
1 0 0
1 0 0
1 0 0
1 1 0
1 0 0
1 0 0
1 0 0
1 1 0
1 0 0
1 0 0
4 1 1
4 4 0
1 0 0
1 1 0
1 0 0
1 0 0
1 0 0
1 0 0
2 0 0
2 1 1
2 2 0
1 1 0
1 1 0
4 3 1
1 0 0
1 0 0
1 1 0
1 1 0
1 0 0
1 0 0
1 0 0
1 0 0
1 0 0
1 0 0
1 0 0
1 0 0
1 1 0
1 0 0
1 0 0
1 1 0
1 1 0
1 0 0
1 0 0
1 0 0
1 0 0
1 1 0
1 0 0
1 1 0
1 1 0
1 0 0
1 0 0
1 1 0
1 0 0
1 1 0
1 0 0
2 1 1
1 0 0
1 1 0
1 0 0
1 0 0
1 0 0
1 0 0
1 1 0
1 0 0
1 0 0
1 1 0
1 1 0
1 1 0
1 0 0
1 0 0
1 1 0
1 0 0
1 0 0
1 0 0
1 0 0
1 0 0
1 0 0
1 0 0
1 1 0
1 0 0
1 0 0
1 0 0
1 0 0
1 0 0
1 0 0
1 1 0
1 0 0
1 1 0
1 0 0
1 0 0
1 0 0
1 1 0
1 0 0
1 1 0
1 1 0
1 0 0
1 0 0
1 1 0
1 0 0
1 0 0
1 0 0
1 0 0
1 0 0
2 1 1
1 0 0
1 1 0
1 1 0
1 1 0
1 0 0
2 0 0
2 1 1
1 0 0
2 2 0
1 1 0
1 0 0
1 0 0
1 0 0
1 1 0
1 1 0
1 1 0
1 1 0
1 1 0
1 0 0
1 0 0
1 0 0
1 1 0
1 1 0
1 0 0
1 1 0
13 12 1
1 0 0
1 1 0
1 0 0
1 0 0
1 1 0
1 0 0
3 3 0
3 3 0
3 3 0
3 0 0
3 2 1
1 1 0
1 1 0
3 1 2
1 0 0
3 1 1
2 1 1
1 0 0
1 0 0
1 0 0
1 1 0
1 0 0
1 0 0
1 1 0
1 1 0
3 2 1
1 0 0
1 0 0
1 1 0
1 0 0
1 0 0
1 0 0
1 0 0
1 1 0
1 0 0
1 0 0
1 0 0
1 0 0
1 0 0
1 1 0
1 1 0
1 1 0
4 0 0
4 0 0
10 0 0
10 2 3
8 8 0
14 0 0
54 10 15
44 4 8
40 40 0
8 6 3
10 6 7
2 0 0
2 0 0
2 1 1
1 0 0
1 0 0
1 1 0
3 0 0
4 3 1
2 2 0
1 1 0
1 0 0
2 0 0
2 0 0
2 2 0
2 0 0
4 3 1
1 0 0
4 3 1
1 0 0
1 0 0
1 0 0
1 0 0
1 0 0
1 0 0
1 0 0
1 0 0
4 0 0
4 0 0
4 0 0
1 0 0
1 1 0
5 1 1
4 3 2
1 1 0
1 1 0
1 1 0
1 1 0
1 1 0
1 1 0
1 0 0
14 0 0
18 13 3
5 1 1
4 3 1
1 0 0
1 0 0
1 0 0
1 0 0
1 0 0
1 0 0
1 0 0
1 0 0
1 0 0
1 0 0
1 0 0
1 0 0
1 0 0
1 1 0
1 1 0
1 0 0
1 0 0
1 1 0
1 1 0
1 0 0
1 1 0
1 1 0
1 0 0
1 0 0
1 0 0
1 0 0
10 0 0
10 9 1
1 0 0
1 0 0
10 0 0
10 0 0
10 0 0
10 0 0
1 0 0
10 9 1
2 1 1
1 0 0
1 0 0
11 0 0
12 11 1
1 0 0
1 0 0
1 0 0
1 1 0
1 0 0
1 1 0
1 1 0
1 0 0
1 0 0
1 0 0
5 1 2
4 1 1
3 2 1
9 1 1
9 1 1
8 5 1
3 1 2
2 1 1
1 1 0
1 1 0
1 1 0
1 1 0
1 0 0
1 0 0
1 0 0
1 0 0
1 0 0
1 0 0
1 0 0
1 0 0
23 1 1
23 19 3
4 3 1
1 1 0
1 1 0
1 0 0
1 0 0
1 0 0
1 0 0
1 1 0
1 1 0
1 1 0
1 0 0
1 0 0
1 0 0
1 1 0
3 1 1
2 0 0
3 1 1
4 3 2
1 1 0
1 0 0
1 0 0
10 1 1
10 7 1
3 3 0
1 0 0
1 0 0
1 1 0
1 0 0
1 0 0
1 1 0
1 1 0
1 0 0
1 1 0
1 1 0
1 1 0
1 1 0
1 1 0
1 1 0
1 0 0
1 0 0
1 1 0
1 0 0
1 0 0
1 0 0
1 0 0
1 1 0
1 0 0
1 0 0
1 0 0
1 0 0
2 1 1
2 0 0
2 1 1
1 0 0
1 1 0
1 1 0
1 0 0
1 0 0
1 0 0
1 0 0
1 0 0
1 1 0
1 0 0
1 0 0
1 1 0
1 0 0
1 0 0
1 0 0
1 0 0
1 0 0
1 0 0
3 2 1
1 0 0
1 0 0
1 0 0
1 1 0
1 1 0
1 0 0
1 1 0
1 0 0
1 0 0
1 0 0
1 1 0
1 0 0
1 0 0
1 0 0
1 1 0
1 0 0
1 1 0
3 1 1
3 1 1
3 2 2
1 1 0
4 3 1
1 1 0
1 0 0
1 0 0
1 1 0
1 0 0
1 1 0
1 0 0
1 1 0
1 0 0
9 0 0
9 8 1
1 0 0
1 0 0
1 0 0
1 0 0
1 0 0
1 0 0
1 0 0
1 0 0
1 0 0
1 0 0
1 0 0
1 0 0
5 0 0
6 5 1
1 0 0
1 0 0
1 0 0
1 0 0
2 1 1
1 0 0
1 0 0
1 0 0
1 1 0
1 0 0
2 0 0
2 0 0
4 4 0
4 1 1
8 0 0
8 0 0
8 4 1
4 0 0
4 0 0
4 0 0
4 3 1
4 3 1
2 0 0
2 2 0
2 1 1
1 0 0
1 0 0
1 0 0
3 1 1
3 0 0
3 3 0
1 0 0
1 0 0
1 0 0
1 0 0
1 0 0
1 0 0
1 0 0
1 0 0
4 1 2
3 1 1
2 1 1
10 1 1
10 1 1
9 4 1
5 2 2
3 2 2
2 0 0
2 0 0
2 1 1
1 0 0
1 0 0
1 0 0
1 0 0
1 0 0
1 0 0
1 1 0
2 1 1
2 0 0
2 1 1
1 0 0
1 0 0
1 0 0
1 1 0
2 1 1
1 0 0
1 1 0
1 0 0
1 0 0
1 0 0
25 1 1
25 18 5
7 6 1
1 1 0
1 0 0
1 0 0
1 0 0
1 0 0
1 0 0
1 0 0
1 0 0
1 0 0
1 0 0
1 0 0
1 0 0
1 0 0
1 0 0
1 0 0
1 1 0
1 1 0
1 1 0
1 1 0
1 1 0
1 0 0
1 0 0
1 0 0
1 0 0
1 0 0
1 1 0
1 0 0
1 0 0
1 0 0
1 1 0
1 0 0
1 0 0
1 1 0
1 0 0
1 1 0
1 1 0
4 0 0
4 0 0
1 0 0
4 1 1
3 0 0
3 0 0
2 2 0
2 0 0
2 1 1
2 0 0
2 0 0
2 0 0
4 2 3
2 2 0
2 2 0
4 3 1
1 0 0
4 0 0
9 2 3
11 9 2
2 0 0
2 0 0
2 2 0
3 0 0
1 0 0
1 0 0
1 0 0
4 1 1
3 0 0
1 0 0
1 0 0
1 1 0
1 0 0
1 0 0
1 0 0
1 0 0
102 101 1
1 0 0
1 0 0
1 1 0
2 0 0
2 0 0
2 2 0
4 4 0
4 1 2
5 0 0
5 0 0
5 4 1
1 0 0
1 0 0
1 1 0
1 0 0
1 0 0
1 0 0
1 1 0
1 0 0
1 0 0
1 1 0
1 1 0
1 1 0
1 0 0
1 0 0
1 0 0
1 0 0
1 0 0
1 0 0
1 0 0
1 0 0
1 1 0
1 0 0
1 0 0
1 1 0
1 1 0
1 1 0
4 2 2
2 2 0
92 0 0
92 0 0
92 0 0
92 70 13
22 5 4
87 0 0
87 0 0
87 87 0
87 87 0
185 0 0
185 185 0
185 0 0
185 0 0
185 0 0
185 4 4
181 84 165
98 0 0
98 6 4
92 80 9
12 0 0
98 96 4
87 11 18
76 0 0
76 76 0
11 0 0
4 4 0
4 4 0
5 0 0
9 5 4
4 0 0
4 0 0
4 0 0
4 0 0
4 0 0
4 0 0
43 39 7
84 0 0
83 1 2
166 83 109
83 83 0
89 0 0
1188 1099 177
89 2 4
87 0 0
89 0 0
89 0 0
89 87 4
2 0 0
2 0 0
89 2 4
87 0 0
87 0 0
87 0 0
87 1 2
87 0 0
2 0 0
2 2 0
4 1 2
3 0 0
1 0 0
3 2 1
4 2 2
3 0 0
3 0 0
3 3 0
3 2 1
16 15 1
3 1 1
3 1 1
1 0 0
1 1 0
3 2 1
1 0 0
2 1 1
1 1 0
2 1 1
11 10 1
1 0 0
3 0 0
3 0 0
3 3 0
3 0 0
3 0 0
3 0 0
3 2 1
3 0 0
3 1 2
3 0 0
3 0 0
3 1 1
6 4 4
2 2 0
10 0 0
10 0 0
14 2 3
15 10 2
5 4 1
1 1 0
2 1 1
1 0 0
1 1 0
5 0 0
5 4 1
6 3 5
3 0 0
3 0 0
3 3 0
4 2 1
2 1 1
2 1 1
1191 0 0
1191 0 0
1191 1190 1
4 0 0
4 1 1
96 0 0
96 0 0
96 0 0
96 0 0
96 11 2
85 3 6
82 6 1
82 0 0
85 2 4
94 0 0
96 0 0
3 3 0
1 0 0
2 0 0
2 0 0
2 0 0
96 93 3
3 3 0
10 0 0
10 0 0
1 0 0
1 0 0
3 0 0
3 3 0
3 0 0
3 0 0
1 1 0
3 3 0
3 1 1
2 0 0
2 1 1
48 2 3
48 46 3
2 0 0
2 0 0
2 0 0
1 0 0
1 0 0
3 2 2
1 0 0
3 3 0
2 2 0
3 2 1
1 0 0
1 0 0
1 1 0
1 0 0
1 0 0
3 2 1
1 0 0
1 0 0
1 1 0
2 1 1
1 0 0
1 0 0
2 1 1
3 0 0
3 1 1
2 1 1
1 0 0
1 0 0
1 1 0
1 1 0
1 0 0
46 46 0
1 0 0
1 1 0
1 0 0
1 0 0
4 1 1
4 3 2
1 1 0
2 1 1
2 2 0
1 1 0
1 1 0
1 1 0
1 0 0
1 0 0
1 0 0
1 1 0
1 0 0
1 1 0
1 0 0
4 3 1
2 0 0
4 1 2
4 1 1
4 2 3
2 1 1
1 1 0
2 1 1
3 0 0
3 0 0
3 0 0
3 0 0
3 0 0
3 0 0
3 0 0
3 0 0
3 0 0
3 0 0
2 0 0
3 1 1
2 1 1
1 0 0
1 0 0
1 0 0
1 0 0
2 1 1
1 0 0
1 0 0
1 0 0
1 0 0
4 1 1
3 0 0
1 0 0
1 1 0
3 0 0
3 0 0
3 1 1
3 1 2
2 0 0
3 2 1
3 0 0
3 1 1
2 2 0
1 0 0
1 0 0
1 0 0
1 0 0
1 0 0
4 0 0
4 0 0
4 3 1
1 0 0
1 0 0
4 1 2
3 2 1
1 0 0
1 0 0
1 1 0
1 0 0
1 0 0
3 0 0
3 0 0
4 3 1
1 0 0
1 0 0
1 1 0
2 2 0
1 0 0
3 3 0
2 2 0
3 2 1
1 1 0
1 0 0
1 0 0
1 1 0
24 0 0
24 24 0
24 21 6
27 24 6
3 0 0
3 0 0
3 0 0
3 0 0
10 3 5
7 0 0
7 7 0
3 0 0
4 0 0
4 2 3
2 0 0
2 2 0
5 0 0
7 5 3
2 0 0
3 2 1
3 1 2
2 2 0
4 1 1
30 27 5
4 4 0
4 0 0
4 2 3
3 0 0
3 1 2
2 2 0
4 1 1
30 3 5
30 27 5
1 0 0
4 0 0
4 3 1
1 0 0
1 0 0
1 0 0
1 0 0
1 0 0
1 1 0
1 0 0
1 1 0
1 0 0
1 0 0
1 0 0
1 0 0
1 0 0
1 0 0
1 0 0
1 0 0
1 0 0
1 0 0
1 0 0
1 0 0
1 0 0
1 0 0
1 0 0
1 1 0
1 0 0
1 1 0
1 0 0
1 0 0
1 0 0
11 2 4
49 47 4
2 0 0
2 2 0
2 2 0
2 2 0
47 0 0
47 7 13
40 40 0
1 0 0
1 1 0
1 0 0
1 0 0
1 0 0
3 0 0
6 0 0
7 1 1
6 3 3
3 3 0
1 0 0
1 0 0
1 0 0
1 0 0
1 1 0
1 0 0
1 1 0
1 0 0
1 0 0
2 1 1
1 0 0
1 0 0
2 2 0
2 1 1
1 0 0
1 1 0
1 0 0
1 1 0
1 0 0
1 0 0
1 0 0
1 1 0
1 0 0
40 39 1
1 0 0
18 0 0
18 17 1
1 0 0
1 1 0
1 0 0
1 0 0
1 0 0
1 0 0
2 0 0
3 2 1
1 1 0
1 0 0
2 0 0
40 6 10
39 38 1
6 5 2
1 0 0
25 1 1
25 3 4
22 22 0
3 0 0
3 0 0
9 0 0
4 2 2
5 0 0
5 1 1
4 1 1
198 99 197
201 198 5
3 3 0
99 99 0
1 0 0
1 0 0
1 0 0
1 0 0
1 1 0
4 0 0
4 3 1
2 0 0
2 0 0
10 8 1
1 0 0
3 3 0
2 0 0
7 0 0
1 0 0
4 0 0
8 0 0
8 5 2
5 4 1
2 1 1
1441 56 49
1385 1275 219
17 6 9
44 4 4
40 33 13
20 6 8
14 2 4
12 0 0
12 1 1
11 0 0
11 0 0
11 2 3
9 7 3
13 1 2
12 4 6
8 2 4
6 3 1
3 1 2
2 1 1
1 0 0
10 4 5
6 5 2
1 1 0
2 0 0
3 2 1
6 2 3
4 0 0
4 2 2
2 2 0
2 2 0
1 1 0
9 1 1
8 0 0
39 0 0
47 39 13
2 0 0
2 0 0
2 2 0
4 3 1
5 4 1
2 2 0
2 0 0
2 2 0
2 2 0
3 3 0
2 2 0
3 3 0
24 3 6
23 18 9
23 7 13
23 18 10
23 13 16
23 22 1
1 0 0
3 3 0
3 0 0
3 0 0
3 3 0
3 2 1
13 5 4
13 9 3
13 10 6
13 9 6
13 8 5
13 6 7
7 0 0
5 1 2
16 12 7
5 0 0
5 3 1
3 2 1
1 1 0
5 5 0
