# Mix output version 2
# FINI: end of program
# EMIT_DYNAMIC_STATS FOR TID 1
# instructions = 99232, basic blocks = 21998
Local Byte Stride Bucket -256 is equal to 2148
Local Byte Stride Bucket -254 is equal to 1
Local Byte Stride Bucket -251 is equal to 1
Local Byte Stride Bucket -242 is equal to 7
Local Byte Stride Bucket -240 is equal to 2
Local Byte Stride Bucket -213 is equal to 1
Local Byte Stride Bucket -212 is equal to 1
Local Byte Stride Bucket -211 is equal to 1
Local Byte Stride Bucket -208 is equal to 160
Local Byte Stride Bucket -196 is equal to 2
Local Byte Stride Bucket -192 is equal to 2
Local Byte Stride Bucket -184 is equal to 2
Local Byte Stride Bucket -168 is equal to 10
Local Byte Stride Bucket -160 is equal to 4
Local Byte Stride Bucket -144 is equal to 18
Local Byte Stride Bucket -136 is equal to 5
Local Byte Stride Bucket -132 is equal to 2
Local Byte Stride Bucket -128 is equal to 101
Local Byte Stride Bucket -120 is equal to 1
Local Byte Stride Bucket -116 is equal to 1
Local Byte Stride Bucket -112 is equal to 3
Local Byte Stride Bucket -104 is equal to 2
Local Byte Stride Bucket -98 is equal to 2
Local Byte Stride Bucket -96 is equal to 14
Local Byte Stride Bucket -80 is equal to 160
Local Byte Stride Bucket -72 is equal to 29
Local Byte Stride Bucket -68 is equal to 1
Local Byte Stride Bucket -64 is equal to 6
Local Byte Stride Bucket -63 is equal to 1
Local Byte Stride Bucket -56 is equal to 5
Local Byte Stride Bucket -52 is equal to 2
Local Byte Stride Bucket -51 is equal to 2
Local Byte Stride Bucket -48 is equal to 33
Local Byte Stride Bucket -45 is equal to 2
Local Byte Stride Bucket -44 is equal to 1
Local Byte Stride Bucket -42 is equal to 6
Local Byte Stride Bucket -40 is equal to 4
Local Byte Stride Bucket -37 is equal to 3
Local Byte Stride Bucket -35 is equal to 1
Local Byte Stride Bucket -34 is equal to 1
Local Byte Stride Bucket -33 is equal to 3
Local Byte Stride Bucket -32 is equal to 28
Local Byte Stride Bucket -30 is equal to 1
Local Byte Stride Bucket -28 is equal to 5
Local Byte Stride Bucket -26 is equal to 2
Local Byte Stride Bucket -24 is equal to 24
Local Byte Stride Bucket -22 is equal to 2
Local Byte Stride Bucket -21 is equal to 1
Local Byte Stride Bucket -20 is equal to 1
Local Byte Stride Bucket -16 is equal to 22
Local Byte Stride Bucket -14 is equal to 2
Local Byte Stride Bucket -13 is equal to 2
Local Byte Stride Bucket -12 is equal to 4
Local Byte Stride Bucket -11 is equal to 118
Local Byte Stride Bucket -10 is equal to 1
Local Byte Stride Bucket -8 is equal to 108
Local Byte Stride Bucket -7 is equal to 17
Local Byte Stride Bucket -6 is equal to 1
Local Byte Stride Bucket -5 is equal to 2
Local Byte Stride Bucket -4 is equal to 2
Local Byte Stride Bucket -3 is equal to 5
Local Byte Stride Bucket -2 is equal to 8
Local Byte Stride Bucket -1 is equal to 214
Local Byte Stride Bucket 0 is equal to 14700
Local Byte Stride Bucket 1 is equal to 6510
Local Byte Stride Bucket 2 is equal to 12
Local Byte Stride Bucket 3 is equal to 9
Local Byte Stride Bucket 4 is equal to 108
Local Byte Stride Bucket 6 is equal to 3
Local Byte Stride Bucket 7 is equal to 4
Local Byte Stride Bucket 8 is equal to 1614
Local Byte Stride Bucket 9 is equal to 3
Local Byte Stride Bucket 10 is equal to 5
Local Byte Stride Bucket 11 is equal to 2
Local Byte Stride Bucket 12 is equal to 2
Local Byte Stride Bucket 13 is equal to 3
Local Byte Stride Bucket 15 is equal to 2
Local Byte Stride Bucket 16 is equal to 251
Local Byte Stride Bucket 17 is equal to 2
Local Byte Stride Bucket 18 is equal to 1
Local Byte Stride Bucket 19 is equal to 4
Local Byte Stride Bucket 20 is equal to 2
Local Byte Stride Bucket 21 is equal to 8
Local Byte Stride Bucket 22 is equal to 3
Local Byte Stride Bucket 23 is equal to 8
Local Byte Stride Bucket 24 is equal to 4077
Local Byte Stride Bucket 26 is equal to 1
Local Byte Stride Bucket 27 is equal to 1
Local Byte Stride Bucket 28 is equal to 41
Local Byte Stride Bucket 29 is equal to 3
Local Byte Stride Bucket 31 is equal to 4
Local Byte Stride Bucket 32 is equal to 69
Local Byte Stride Bucket 33 is equal to 1
Local Byte Stride Bucket 34 is equal to 22
Local Byte Stride Bucket 35 is equal to 3
Local Byte Stride Bucket 36 is equal to 183
Local Byte Stride Bucket 37 is equal to 1
Local Byte Stride Bucket 39 is equal to 3
Local Byte Stride Bucket 40 is equal to 10
Local Byte Stride Bucket 41 is equal to 1
Local Byte Stride Bucket 42 is equal to 3
Local Byte Stride Bucket 43 is equal to 1
Local Byte Stride Bucket 44 is equal to 3
Local Byte Stride Bucket 46 is equal to 1
Local Byte Stride Bucket 47 is equal to 2
Local Byte Stride Bucket 48 is equal to 38
Local Byte Stride Bucket 51 is equal to 1
Local Byte Stride Bucket 52 is equal to 1
Local Byte Stride Bucket 55 is equal to 1
Local Byte Stride Bucket 56 is equal to 44
Local Byte Stride Bucket 58 is equal to 1
Local Byte Stride Bucket 61 is equal to 1
Local Byte Stride Bucket 63 is equal to 1
Local Byte Stride Bucket 64 is equal to 31
Local Byte Stride Bucket 65 is equal to 4
Local Byte Stride Bucket 66 is equal to 1
Local Byte Stride Bucket 68 is equal to 1
Local Byte Stride Bucket 69 is equal to 2
Local Byte Stride Bucket 70 is equal to 6
Local Byte Stride Bucket 72 is equal to 8
Local Byte Stride Bucket 73 is equal to 1
Local Byte Stride Bucket 75 is equal to 3
Local Byte Stride Bucket 77 is equal to 1
Local Byte Stride Bucket 78 is equal to 1
Local Byte Stride Bucket 79 is equal to 1
Local Byte Stride Bucket 80 is equal to 29
Local Byte Stride Bucket 83 is equal to 2
Local Byte Stride Bucket 84 is equal to 1
Local Byte Stride Bucket 86 is equal to 1
Local Byte Stride Bucket 88 is equal to 2
Local Byte Stride Bucket 89 is equal to 1
Local Byte Stride Bucket 92 is equal to 2
Local Byte Stride Bucket 94 is equal to 2
Local Byte Stride Bucket 96 is equal to 12
Local Byte Stride Bucket 97 is equal to 2
Local Byte Stride Bucket 98 is equal to 1
Local Byte Stride Bucket 101 is equal to 1
Local Byte Stride Bucket 104 is equal to 11
Local Byte Stride Bucket 105 is equal to 1
Local Byte Stride Bucket 108 is equal to 1
Local Byte Stride Bucket 110 is equal to 2
Local Byte Stride Bucket 112 is equal to 112
Local Byte Stride Bucket 113 is equal to 2
Local Byte Stride Bucket 116 is equal to 5
Local Byte Stride Bucket 117 is equal to 1
Local Byte Stride Bucket 119 is equal to 2
Local Byte Stride Bucket 120 is equal to 11
Local Byte Stride Bucket 121 is equal to 1
Local Byte Stride Bucket 124 is equal to 1
Local Byte Stride Bucket 128 is equal to 96
Local Byte Stride Bucket 129 is equal to 1
Local Byte Stride Bucket 131 is equal to 1
Local Byte Stride Bucket 132 is equal to 3
Local Byte Stride Bucket 136 is equal to 7
Local Byte Stride Bucket 138 is equal to 1
Local Byte Stride Bucket 140 is equal to 1
Local Byte Stride Bucket 141 is equal to 1
Local Byte Stride Bucket 144 is equal to 16
Local Byte Stride Bucket 145 is equal to 1
Local Byte Stride Bucket 159 is equal to 2
Local Byte Stride Bucket 163 is equal to 1
Local Byte Stride Bucket 168 is equal to 3
Local Byte Stride Bucket 169 is equal to 2
Local Byte Stride Bucket 176 is equal to 1
Local Byte Stride Bucket 179 is equal to 1
Local Byte Stride Bucket 180 is equal to 1
Local Byte Stride Bucket 182 is equal to 1
Local Byte Stride Bucket 189 is equal to 1
Local Byte Stride Bucket 192 is equal to 3
Local Byte Stride Bucket 196 is equal to 2
Local Byte Stride Bucket 198 is equal to 1
Local Byte Stride Bucket 200 is equal to 2
Local Byte Stride Bucket 208 is equal to 2
Local Byte Stride Bucket 212 is equal to 1
Local Byte Stride Bucket 215 is equal to 1
Local Byte Stride Bucket 218 is equal to 2
Local Byte Stride Bucket 224 is equal to 6
Local Byte Stride Bucket 225 is equal to 1
Local Byte Stride Bucket 232 is equal to 1
Local Byte Stride Bucket 240 is equal to 1
Local Byte Stride Bucket 247 is equal to 1
Local Byte Stride Bucket 248 is equal to 1
Local Byte Stride Bucket 254 is equal to 2
Local Byte Stride Bucket 255 is equal to 1
Local Byte Stride Bucket 256 is equal to 2385

Local Cache Stride Bucket -256 is equal to 1493
Local Cache Stride Bucket -242 is equal to 9
Local Cache Stride Bucket -239 is equal to 7
Local Cache Stride Bucket -238 is equal to 2
Local Cache Stride Bucket -236 is equal to 2
Local Cache Stride Bucket -223 is equal to 2
Local Cache Stride Bucket -214 is equal to 1
Local Cache Stride Bucket -213 is equal to 9
Local Cache Stride Bucket -204 is equal to 5
Local Cache Stride Bucket -203 is equal to 7
Local Cache Stride Bucket -202 is equal to 2
Local Cache Stride Bucket -199 is equal to 7
Local Cache Stride Bucket -198 is equal to 2
Local Cache Stride Bucket -197 is equal to 9
Local Cache Stride Bucket -192 is equal to 2
Local Cache Stride Bucket -191 is equal to 2
Local Cache Stride Bucket -175 is equal to 2
Local Cache Stride Bucket -167 is equal to 2
Local Cache Stride Bucket -166 is equal to 7
Local Cache Stride Bucket -155 is equal to 1
Local Cache Stride Bucket -151 is equal to 2
Local Cache Stride Bucket -147 is equal to 3
Local Cache Stride Bucket -140 is equal to 9
Local Cache Stride Bucket -126 is equal to 1
Local Cache Stride Bucket -119 is equal to 9
Local Cache Stride Bucket -115 is equal to 2
Local Cache Stride Bucket -114 is equal to 7
Local Cache Stride Bucket -111 is equal to 9
Local Cache Stride Bucket -106 is equal to 3
Local Cache Stride Bucket -105 is equal to 3
Local Cache Stride Bucket -102 is equal to 7
Local Cache Stride Bucket -100 is equal to 1
Local Cache Stride Bucket -97 is equal to 1
Local Cache Stride Bucket -86 is equal to 1
Local Cache Stride Bucket -84 is equal to 1
Local Cache Stride Bucket -83 is equal to 1
Local Cache Stride Bucket -79 is equal to 2
Local Cache Stride Bucket -77 is equal to 9
Local Cache Stride Bucket -76 is equal to 1
Local Cache Stride Bucket -73 is equal to 1
Local Cache Stride Bucket -72 is equal to 7
Local Cache Stride Bucket -71 is equal to 7
Local Cache Stride Bucket -70 is equal to 4
Local Cache Stride Bucket -69 is equal to 1
Local Cache Stride Bucket -67 is equal to 1
Local Cache Stride Bucket -65 is equal to 1
Local Cache Stride Bucket -63 is equal to 3
Local Cache Stride Bucket -58 is equal to 10
Local Cache Stride Bucket -57 is equal to 1
Local Cache Stride Bucket -56 is equal to 1
Local Cache Stride Bucket -55 is equal to 3
Local Cache Stride Bucket -54 is equal to 3
Local Cache Stride Bucket -53 is equal to 3
Local Cache Stride Bucket -52 is equal to 1
Local Cache Stride Bucket -49 is equal to 2
Local Cache Stride Bucket -48 is equal to 2
Local Cache Stride Bucket -47 is equal to 2
Local Cache Stride Bucket -46 is equal to 2
Local Cache Stride Bucket -45 is equal to 2
Local Cache Stride Bucket -43 is equal to 2
Local Cache Stride Bucket -42 is equal to 2
Local Cache Stride Bucket -40 is equal to 4
Local Cache Stride Bucket -38 is equal to 4
Local Cache Stride Bucket -37 is equal to 1
Local Cache Stride Bucket -36 is equal to 1
Local Cache Stride Bucket -35 is equal to 4
Local Cache Stride Bucket -34 is equal to 4
Local Cache Stride Bucket -33 is equal to 7
Local Cache Stride Bucket -32 is equal to 48
Local Cache Stride Bucket -31 is equal to 25
Local Cache Stride Bucket -30 is equal to 1
Local Cache Stride Bucket -29 is equal to 2
Local Cache Stride Bucket -28 is equal to 11
Local Cache Stride Bucket -27 is equal to 5
Local Cache Stride Bucket -26 is equal to 4
Local Cache Stride Bucket -25 is equal to 20
Local Cache Stride Bucket -24 is equal to 4
Local Cache Stride Bucket -23 is equal to 14
Local Cache Stride Bucket -22 is equal to 26
Local Cache Stride Bucket -21 is equal to 5
Local Cache Stride Bucket -20 is equal to 14
Local Cache Stride Bucket -19 is equal to 4
Local Cache Stride Bucket -18 is equal to 14
Local Cache Stride Bucket -17 is equal to 5
Local Cache Stride Bucket -16 is equal to 7
Local Cache Stride Bucket -15 is equal to 1
Local Cache Stride Bucket -14 is equal to 1
Local Cache Stride Bucket -13 is equal to 4
Local Cache Stride Bucket -12 is equal to 5
Local Cache Stride Bucket -11 is equal to 9
Local Cache Stride Bucket -10 is equal to 8
Local Cache Stride Bucket -9 is equal to 10
Local Cache Stride Bucket -8 is equal to 43
Local Cache Stride Bucket -7 is equal to 10
Local Cache Stride Bucket -6 is equal to 6
Local Cache Stride Bucket -5 is equal to 81
Local Cache Stride Bucket -4 is equal to 82
Local Cache Stride Bucket -3 is equal to 146
Local Cache Stride Bucket -2 is equal to 173
Local Cache Stride Bucket -1 is equal to 244
Local Cache Stride Bucket 0 is equal to 26187
Local Cache Stride Bucket 1 is equal to 2282
Local Cache Stride Bucket 2 is equal to 259
Local Cache Stride Bucket 3 is equal to 24
Local Cache Stride Bucket 4 is equal to 32
Local Cache Stride Bucket 5 is equal to 29
Local Cache Stride Bucket 6 is equal to 29
Local Cache Stride Bucket 7 is equal to 28
Local Cache Stride Bucket 8 is equal to 36
Local Cache Stride Bucket 9 is equal to 111
Local Cache Stride Bucket 10 is equal to 13
Local Cache Stride Bucket 11 is equal to 73
Local Cache Stride Bucket 12 is equal to 3
Local Cache Stride Bucket 13 is equal to 4
Local Cache Stride Bucket 14 is equal to 7
Local Cache Stride Bucket 15 is equal to 5
Local Cache Stride Bucket 16 is equal to 2
Local Cache Stride Bucket 17 is equal to 3
Local Cache Stride Bucket 18 is equal to 14
Local Cache Stride Bucket 19 is equal to 8
Local Cache Stride Bucket 20 is equal to 6
Local Cache Stride Bucket 21 is equal to 4
Local Cache Stride Bucket 22 is equal to 42
Local Cache Stride Bucket 23 is equal to 19
Local Cache Stride Bucket 25 is equal to 6
Local Cache Stride Bucket 26 is equal to 5
Local Cache Stride Bucket 27 is equal to 16
Local Cache Stride Bucket 28 is equal to 3
Local Cache Stride Bucket 29 is equal to 7
Local Cache Stride Bucket 30 is equal to 9
Local Cache Stride Bucket 31 is equal to 82
Local Cache Stride Bucket 32 is equal to 18
Local Cache Stride Bucket 33 is equal to 5
Local Cache Stride Bucket 34 is equal to 3
Local Cache Stride Bucket 35 is equal to 4
Local Cache Stride Bucket 37 is equal to 1
Local Cache Stride Bucket 38 is equal to 4
Local Cache Stride Bucket 39 is equal to 2
Local Cache Stride Bucket 41 is equal to 6
Local Cache Stride Bucket 43 is equal to 1
Local Cache Stride Bucket 46 is equal to 3
Local Cache Stride Bucket 47 is equal to 4
Local Cache Stride Bucket 49 is equal to 1
Local Cache Stride Bucket 51 is equal to 1
Local Cache Stride Bucket 53 is equal to 9
Local Cache Stride Bucket 54 is equal to 7
Local Cache Stride Bucket 55 is equal to 1
Local Cache Stride Bucket 57 is equal to 1
Local Cache Stride Bucket 58 is equal to 1
Local Cache Stride Bucket 59 is equal to 11
Local Cache Stride Bucket 60 is equal to 3
Local Cache Stride Bucket 62 is equal to 1
Local Cache Stride Bucket 63 is equal to 3
Local Cache Stride Bucket 66 is equal to 1
Local Cache Stride Bucket 67 is equal to 4
Local Cache Stride Bucket 69 is equal to 2
Local Cache Stride Bucket 71 is equal to 8
Local Cache Stride Bucket 72 is equal to 2
Local Cache Stride Bucket 74 is equal to 1
Local Cache Stride Bucket 75 is equal to 1
Local Cache Stride Bucket 79 is equal to 1
Local Cache Stride Bucket 80 is equal to 2
Local Cache Stride Bucket 81 is equal to 10
Local Cache Stride Bucket 82 is equal to 1
Local Cache Stride Bucket 83 is equal to 1
Local Cache Stride Bucket 88 is equal to 9
Local Cache Stride Bucket 91 is equal to 2
Local Cache Stride Bucket 94 is equal to 1
Local Cache Stride Bucket 95 is equal to 9
Local Cache Stride Bucket 99 is equal to 9
Local Cache Stride Bucket 101 is equal to 3
Local Cache Stride Bucket 107 is equal to 1
Local Cache Stride Bucket 110 is equal to 2
Local Cache Stride Bucket 112 is equal to 2
Local Cache Stride Bucket 114 is equal to 1
Local Cache Stride Bucket 117 is equal to 1
Local Cache Stride Bucket 125 is equal to 1
Local Cache Stride Bucket 126 is equal to 1
Local Cache Stride Bucket 136 is equal to 2
Local Cache Stride Bucket 137 is equal to 7
Local Cache Stride Bucket 142 is equal to 2
Local Cache Stride Bucket 163 is equal to 2
Local Cache Stride Bucket 164 is equal to 2
Local Cache Stride Bucket 178 is equal to 9
Local Cache Stride Bucket 191 is equal to 1
Local Cache Stride Bucket 193 is equal to 2
Local Cache Stride Bucket 200 is equal to 1
Local Cache Stride Bucket 201 is equal to 1
Local Cache Stride Bucket 205 is equal to 1
Local Cache Stride Bucket 206 is equal to 1
Local Cache Stride Bucket 212 is equal to 11
Local Cache Stride Bucket 213 is equal to 1
Local Cache Stride Bucket 217 is equal to 1
Local Cache Stride Bucket 225 is equal to 2
Local Cache Stride Bucket 230 is equal to 1
Local Cache Stride Bucket 242 is equal to 2
Local Cache Stride Bucket 250 is equal to 1
Local Cache Stride Bucket 253 is equal to 2
Local Cache Stride Bucket 254 is equal to 7
Local Cache Stride Bucket 256 is equal to 1579


Global LD ST Byte Stride Bucket -256 is equal to 7642
Global LD ST Byte Stride Bucket -244 is equal to 3
Global LD ST Byte Stride Bucket -240 is equal to 10
Global LD ST Byte Stride Bucket -232 is equal to 86
Global LD ST Byte Stride Bucket -225 is equal to 2
Global LD ST Byte Stride Bucket -224 is equal to 165
Global LD ST Byte Stride Bucket -208 is equal to 176
Global LD ST Byte Stride Bucket -195 is equal to 2
Global LD ST Byte Stride Bucket -192 is equal to 8
Global LD ST Byte Stride Bucket -190 is equal to 1
Global LD ST Byte Stride Bucket -189 is equal to 5
Global LD ST Byte Stride Bucket -188 is equal to 2
Global LD ST Byte Stride Bucket -184 is equal to 9
Global LD ST Byte Stride Bucket -176 is equal to 94
Global LD ST Byte Stride Bucket -168 is equal to 12
Global LD ST Byte Stride Bucket -160 is equal to 6
Global LD ST Byte Stride Bucket -155 is equal to 1
Global LD ST Byte Stride Bucket -152 is equal to 25
Global LD ST Byte Stride Bucket -144 is equal to 14
Global LD ST Byte Stride Bucket -136 is equal to 7
Global LD ST Byte Stride Bucket -128 is equal to 174
Global LD ST Byte Stride Bucket -123 is equal to 2
Global LD ST Byte Stride Bucket -121 is equal to 1
Global LD ST Byte Stride Bucket -120 is equal to 4
Global LD ST Byte Stride Bucket -116 is equal to 2
Global LD ST Byte Stride Bucket -112 is equal to 92
Global LD ST Byte Stride Bucket -111 is equal to 1
Global LD ST Byte Stride Bucket -107 is equal to 1
Global LD ST Byte Stride Bucket -104 is equal to 16
Global LD ST Byte Stride Bucket -100 is equal to 90
Global LD ST Byte Stride Bucket -96 is equal to 12
Global LD ST Byte Stride Bucket -92 is equal to 90
Global LD ST Byte Stride Bucket -88 is equal to 13
Global LD ST Byte Stride Bucket -86 is equal to 1
Global LD ST Byte Stride Bucket -84 is equal to 5
Global LD ST Byte Stride Bucket -82 is equal to 1
Global LD ST Byte Stride Bucket -80 is equal to 200
Global LD ST Byte Stride Bucket -76 is equal to 2
Global LD ST Byte Stride Bucket -72 is equal to 97
Global LD ST Byte Stride Bucket -68 is equal to 4
Global LD ST Byte Stride Bucket -64 is equal to 31
Global LD ST Byte Stride Bucket -60 is equal to 2
Global LD ST Byte Stride Bucket -56 is equal to 13
Global LD ST Byte Stride Bucket -55 is equal to 1
Global LD ST Byte Stride Bucket -52 is equal to 5
Global LD ST Byte Stride Bucket -51 is equal to 1
Global LD ST Byte Stride Bucket -48 is equal to 227
Global LD ST Byte Stride Bucket -45 is equal to 3
Global LD ST Byte Stride Bucket -44 is equal to 2
Global LD ST Byte Stride Bucket -42 is equal to 1
Global LD ST Byte Stride Bucket -41 is equal to 1
Global LD ST Byte Stride Bucket -40 is equal to 133
Global LD ST Byte Stride Bucket -36 is equal to 2
Global LD ST Byte Stride Bucket -32 is equal to 453
Global LD ST Byte Stride Bucket -30 is equal to 1
Global LD ST Byte Stride Bucket -28 is equal to 7
Global LD ST Byte Stride Bucket -24 is equal to 136
Global LD ST Byte Stride Bucket -21 is equal to 2
Global LD ST Byte Stride Bucket -20 is equal to 101
Global LD ST Byte Stride Bucket -17 is equal to 1
Global LD ST Byte Stride Bucket -16 is equal to 140
Global LD ST Byte Stride Bucket -15 is equal to 6
Global LD ST Byte Stride Bucket -14 is equal to 2
Global LD ST Byte Stride Bucket -13 is equal to 2
Global LD ST Byte Stride Bucket -12 is equal to 42
Global LD ST Byte Stride Bucket -11 is equal to 2
Global LD ST Byte Stride Bucket -10 is equal to 1
Global LD ST Byte Stride Bucket -8 is equal to 4769
Global LD ST Byte Stride Bucket -6 is equal to 4
Global LD ST Byte Stride Bucket -4 is equal to 20
Global LD ST Byte Stride Bucket -2 is equal to 94
Global LD ST Byte Stride Bucket -1 is equal to 10
Global LD ST Byte Stride Bucket 0 is equal to 1558
Global LD ST Byte Stride Bucket 1 is equal to 4497
Global LD ST Byte Stride Bucket 2 is equal to 1
Global LD ST Byte Stride Bucket 4 is equal to 315
Global LD ST Byte Stride Bucket 6 is equal to 4
Global LD ST Byte Stride Bucket 8 is equal to 3666
Global LD ST Byte Stride Bucket 9 is equal to 2
Global LD ST Byte Stride Bucket 10 is equal to 31
Global LD ST Byte Stride Bucket 11 is equal to 1
Global LD ST Byte Stride Bucket 12 is equal to 144
Global LD ST Byte Stride Bucket 13 is equal to 4
Global LD ST Byte Stride Bucket 14 is equal to 8
Global LD ST Byte Stride Bucket 16 is equal to 1851
Global LD ST Byte Stride Bucket 17 is equal to 5
Global LD ST Byte Stride Bucket 20 is equal to 8
Global LD ST Byte Stride Bucket 22 is equal to 22
Global LD ST Byte Stride Bucket 24 is equal to 339
Global LD ST Byte Stride Bucket 28 is equal to 7
Global LD ST Byte Stride Bucket 32 is equal to 114
Global LD ST Byte Stride Bucket 36 is equal to 14
Global LD ST Byte Stride Bucket 38 is equal to 1
Global LD ST Byte Stride Bucket 40 is equal to 24
Global LD ST Byte Stride Bucket 41 is equal to 2
Global LD ST Byte Stride Bucket 44 is equal to 187
Global LD ST Byte Stride Bucket 47 is equal to 1
Global LD ST Byte Stride Bucket 48 is equal to 44
Global LD ST Byte Stride Bucket 52 is equal to 8
Global LD ST Byte Stride Bucket 56 is equal to 114
Global LD ST Byte Stride Bucket 64 is equal to 111
Global LD ST Byte Stride Bucket 68 is equal to 1
Global LD ST Byte Stride Bucket 72 is equal to 14
Global LD ST Byte Stride Bucket 76 is equal to 2
Global LD ST Byte Stride Bucket 80 is equal to 12
Global LD ST Byte Stride Bucket 88 is equal to 92
Global LD ST Byte Stride Bucket 96 is equal to 13
Global LD ST Byte Stride Bucket 104 is equal to 170
Global LD ST Byte Stride Bucket 108 is equal to 89
Global LD ST Byte Stride Bucket 112 is equal to 18
Global LD ST Byte Stride Bucket 120 is equal to 2
Global LD ST Byte Stride Bucket 122 is equal to 1
Global LD ST Byte Stride Bucket 128 is equal to 21
Global LD ST Byte Stride Bucket 136 is equal to 101
Global LD ST Byte Stride Bucket 139 is equal to 3
Global LD ST Byte Stride Bucket 140 is equal to 2
Global LD ST Byte Stride Bucket 144 is equal to 6
Global LD ST Byte Stride Bucket 148 is equal to 2
Global LD ST Byte Stride Bucket 152 is equal to 91
Global LD ST Byte Stride Bucket 156 is equal to 1
Global LD ST Byte Stride Bucket 160 is equal to 3
Global LD ST Byte Stride Bucket 162 is equal to 2
Global LD ST Byte Stride Bucket 166 is equal to 1
Global LD ST Byte Stride Bucket 168 is equal to 100
Global LD ST Byte Stride Bucket 172 is equal to 1
Global LD ST Byte Stride Bucket 176 is equal to 5
Global LD ST Byte Stride Bucket 178 is equal to 1
Global LD ST Byte Stride Bucket 184 is equal to 189
Global LD ST Byte Stride Bucket 190 is equal to 1
Global LD ST Byte Stride Bucket 192 is equal to 7
Global LD ST Byte Stride Bucket 200 is equal to 100
Global LD ST Byte Stride Bucket 204 is equal to 4
Global LD ST Byte Stride Bucket 208 is equal to 3
Global LD ST Byte Stride Bucket 216 is equal to 4
Global LD ST Byte Stride Bucket 224 is equal to 8
Global LD ST Byte Stride Bucket 226 is equal to 1
Global LD ST Byte Stride Bucket 232 is equal to 10
Global LD ST Byte Stride Bucket 240 is equal to 2
Global LD ST Byte Stride Bucket 248 is equal to 2
Global LD ST Byte Stride Bucket 252 is equal to 1
Global LD ST Byte Stride Bucket 256 is equal to 7750

Global LD ST Cache Stride Bucket -256 is equal to 6859
Global LD ST Cache Stride Bucket -250 is equal to 1
Global LD ST Cache Stride Bucket -247 is equal to 2
Global LD ST Cache Stride Bucket -218 is equal to 4
Global LD ST Cache Stride Bucket -210 is equal to 1
Global LD ST Cache Stride Bucket -203 is equal to 1
Global LD ST Cache Stride Bucket -121 is equal to 7
Global LD ST Cache Stride Bucket -120 is equal to 2
Global LD ST Cache Stride Bucket -119 is equal to 4
Global LD ST Cache Stride Bucket -118 is equal to 4
Global LD ST Cache Stride Bucket -117 is equal to 1
Global LD ST Cache Stride Bucket -113 is equal to 1
Global LD ST Cache Stride Bucket -111 is equal to 13
Global LD ST Cache Stride Bucket -109 is equal to 1
Global LD ST Cache Stride Bucket -107 is equal to 1
Global LD ST Cache Stride Bucket -106 is equal to 3
Global LD ST Cache Stride Bucket -104 is equal to 2
Global LD ST Cache Stride Bucket -101 is equal to 1
Global LD ST Cache Stride Bucket -98 is equal to 1
Global LD ST Cache Stride Bucket -97 is equal to 1
Global LD ST Cache Stride Bucket -96 is equal to 87
Global LD ST Cache Stride Bucket -95 is equal to 4
Global LD ST Cache Stride Bucket -94 is equal to 5
Global LD ST Cache Stride Bucket -93 is equal to 1
Global LD ST Cache Stride Bucket -92 is equal to 3
Global LD ST Cache Stride Bucket -91 is equal to 2
Global LD ST Cache Stride Bucket -90 is equal to 6
Global LD ST Cache Stride Bucket -88 is equal to 3
Global LD ST Cache Stride Bucket -86 is equal to 2
Global LD ST Cache Stride Bucket -85 is equal to 6
Global LD ST Cache Stride Bucket -84 is equal to 7
Global LD ST Cache Stride Bucket -83 is equal to 3
Global LD ST Cache Stride Bucket -82 is equal to 3
Global LD ST Cache Stride Bucket -81 is equal to 5
Global LD ST Cache Stride Bucket -76 is equal to 1
Global LD ST Cache Stride Bucket -74 is equal to 2
Global LD ST Cache Stride Bucket -73 is equal to 3
Global LD ST Cache Stride Bucket -72 is equal to 2
Global LD ST Cache Stride Bucket -71 is equal to 7
Global LD ST Cache Stride Bucket -70 is equal to 6
Global LD ST Cache Stride Bucket -69 is equal to 1
Global LD ST Cache Stride Bucket -68 is equal to 9
Global LD ST Cache Stride Bucket -65 is equal to 12
Global LD ST Cache Stride Bucket -63 is equal to 1
Global LD ST Cache Stride Bucket -62 is equal to 1
Global LD ST Cache Stride Bucket -61 is equal to 1
Global LD ST Cache Stride Bucket -60 is equal to 1
Global LD ST Cache Stride Bucket -59 is equal to 1
Global LD ST Cache Stride Bucket -56 is equal to 4
Global LD ST Cache Stride Bucket -54 is equal to 2
Global LD ST Cache Stride Bucket -52 is equal to 1
Global LD ST Cache Stride Bucket -51 is equal to 1
Global LD ST Cache Stride Bucket -50 is equal to 7
Global LD ST Cache Stride Bucket -49 is equal to 5
Global LD ST Cache Stride Bucket -48 is equal to 6
Global LD ST Cache Stride Bucket -47 is equal to 42
Global LD ST Cache Stride Bucket -46 is equal to 6
Global LD ST Cache Stride Bucket -45 is equal to 6
Global LD ST Cache Stride Bucket -44 is equal to 1
Global LD ST Cache Stride Bucket -43 is equal to 1
Global LD ST Cache Stride Bucket -40 is equal to 1
Global LD ST Cache Stride Bucket -37 is equal to 3
Global LD ST Cache Stride Bucket -36 is equal to 6
Global LD ST Cache Stride Bucket -35 is equal to 2
Global LD ST Cache Stride Bucket -34 is equal to 2
Global LD ST Cache Stride Bucket -33 is equal to 2
Global LD ST Cache Stride Bucket -31 is equal to 3
Global LD ST Cache Stride Bucket -30 is equal to 2
Global LD ST Cache Stride Bucket -25 is equal to 4
Global LD ST Cache Stride Bucket -23 is equal to 2
Global LD ST Cache Stride Bucket -22 is equal to 2
Global LD ST Cache Stride Bucket -21 is equal to 1
Global LD ST Cache Stride Bucket -19 is equal to 6
Global LD ST Cache Stride Bucket -18 is equal to 4
Global LD ST Cache Stride Bucket -17 is equal to 6
Global LD ST Cache Stride Bucket -16 is equal to 3
Global LD ST Cache Stride Bucket -15 is equal to 9
Global LD ST Cache Stride Bucket -14 is equal to 10
Global LD ST Cache Stride Bucket -13 is equal to 18
Global LD ST Cache Stride Bucket -12 is equal to 11
Global LD ST Cache Stride Bucket -11 is equal to 6
Global LD ST Cache Stride Bucket -10 is equal to 208
Global LD ST Cache Stride Bucket -9 is equal to 11
Global LD ST Cache Stride Bucket -8 is equal to 18
Global LD ST Cache Stride Bucket -7 is equal to 9
Global LD ST Cache Stride Bucket -6 is equal to 88
Global LD ST Cache Stride Bucket -5 is equal to 13
Global LD ST Cache Stride Bucket -4 is equal to 199
Global LD ST Cache Stride Bucket -3 is equal to 416
Global LD ST Cache Stride Bucket -2 is equal to 416
Global LD ST Cache Stride Bucket -1 is equal to 2111
Global LD ST Cache Stride Bucket 0 is equal to 15778
Global LD ST Cache Stride Bucket 1 is equal to 2040
Global LD ST Cache Stride Bucket 2 is equal to 346
Global LD ST Cache Stride Bucket 3 is equal to 516
Global LD ST Cache Stride Bucket 4 is equal to 127
Global LD ST Cache Stride Bucket 5 is equal to 9
Global LD ST Cache Stride Bucket 6 is equal to 250
Global LD ST Cache Stride Bucket 7 is equal to 5
Global LD ST Cache Stride Bucket 8 is equal to 80
Global LD ST Cache Stride Bucket 9 is equal to 4
Global LD ST Cache Stride Bucket 10 is equal to 11
Global LD ST Cache Stride Bucket 11 is equal to 6
Global LD ST Cache Stride Bucket 12 is equal to 78
Global LD ST Cache Stride Bucket 13 is equal to 10
Global LD ST Cache Stride Bucket 14 is equal to 6
Global LD ST Cache Stride Bucket 15 is equal to 7
Global LD ST Cache Stride Bucket 16 is equal to 6
Global LD ST Cache Stride Bucket 17 is equal to 15
Global LD ST Cache Stride Bucket 18 is equal to 2
Global LD ST Cache Stride Bucket 19 is equal to 3
Global LD ST Cache Stride Bucket 20 is equal to 1
Global LD ST Cache Stride Bucket 21 is equal to 13
Global LD ST Cache Stride Bucket 22 is equal to 1
Global LD ST Cache Stride Bucket 23 is equal to 5
Global LD ST Cache Stride Bucket 25 is equal to 8
Global LD ST Cache Stride Bucket 30 is equal to 1
Global LD ST Cache Stride Bucket 31 is equal to 2
Global LD ST Cache Stride Bucket 34 is equal to 2
Global LD ST Cache Stride Bucket 35 is equal to 3
Global LD ST Cache Stride Bucket 36 is equal to 2
Global LD ST Cache Stride Bucket 37 is equal to 6
Global LD ST Cache Stride Bucket 39 is equal to 2
Global LD ST Cache Stride Bucket 40 is equal to 1
Global LD ST Cache Stride Bucket 42 is equal to 3
Global LD ST Cache Stride Bucket 43 is equal to 3
Global LD ST Cache Stride Bucket 45 is equal to 8
Global LD ST Cache Stride Bucket 46 is equal to 5
Global LD ST Cache Stride Bucket 47 is equal to 24
Global LD ST Cache Stride Bucket 48 is equal to 3
Global LD ST Cache Stride Bucket 49 is equal to 1
Global LD ST Cache Stride Bucket 50 is equal to 3
Global LD ST Cache Stride Bucket 51 is equal to 7
Global LD ST Cache Stride Bucket 52 is equal to 1
Global LD ST Cache Stride Bucket 53 is equal to 2
Global LD ST Cache Stride Bucket 54 is equal to 4
Global LD ST Cache Stride Bucket 55 is equal to 1
Global LD ST Cache Stride Bucket 56 is equal to 3
Global LD ST Cache Stride Bucket 57 is equal to 1
Global LD ST Cache Stride Bucket 59 is equal to 2
Global LD ST Cache Stride Bucket 61 is equal to 2
Global LD ST Cache Stride Bucket 62 is equal to 1
Global LD ST Cache Stride Bucket 63 is equal to 1
Global LD ST Cache Stride Bucket 64 is equal to 11
Global LD ST Cache Stride Bucket 65 is equal to 2
Global LD ST Cache Stride Bucket 67 is equal to 5
Global LD ST Cache Stride Bucket 68 is equal to 1
Global LD ST Cache Stride Bucket 69 is equal to 3
Global LD ST Cache Stride Bucket 70 is equal to 3
Global LD ST Cache Stride Bucket 71 is equal to 10
Global LD ST Cache Stride Bucket 72 is equal to 1
Global LD ST Cache Stride Bucket 73 is equal to 3
Global LD ST Cache Stride Bucket 77 is equal to 2
Global LD ST Cache Stride Bucket 78 is equal to 2
Global LD ST Cache Stride Bucket 81 is equal to 3
Global LD ST Cache Stride Bucket 82 is equal to 9
Global LD ST Cache Stride Bucket 83 is equal to 2
Global LD ST Cache Stride Bucket 85 is equal to 9
Global LD ST Cache Stride Bucket 86 is equal to 3
Global LD ST Cache Stride Bucket 87 is equal to 1
Global LD ST Cache Stride Bucket 88 is equal to 1
Global LD ST Cache Stride Bucket 90 is equal to 4
Global LD ST Cache Stride Bucket 91 is equal to 3
Global LD ST Cache Stride Bucket 92 is equal to 2
Global LD ST Cache Stride Bucket 93 is equal to 1
Global LD ST Cache Stride Bucket 94 is equal to 3
Global LD ST Cache Stride Bucket 95 is equal to 91
Global LD ST Cache Stride Bucket 96 is equal to 4
Global LD ST Cache Stride Bucket 97 is equal to 1
Global LD ST Cache Stride Bucket 98 is equal to 1
Global LD ST Cache Stride Bucket 104 is equal to 1
Global LD ST Cache Stride Bucket 105 is equal to 1
Global LD ST Cache Stride Bucket 109 is equal to 1
Global LD ST Cache Stride Bucket 110 is equal to 1
Global LD ST Cache Stride Bucket 111 is equal to 6
Global LD ST Cache Stride Bucket 113 is equal to 1
Global LD ST Cache Stride Bucket 114 is equal to 1
Global LD ST Cache Stride Bucket 115 is equal to 1
Global LD ST Cache Stride Bucket 116 is equal to 1
Global LD ST Cache Stride Bucket 117 is equal to 1
Global LD ST Cache Stride Bucket 118 is equal to 5
Global LD ST Cache Stride Bucket 122 is equal to 1
Global LD ST Cache Stride Bucket 125 is equal to 1
Global LD ST Cache Stride Bucket 134 is equal to 1
Global LD ST Cache Stride Bucket 218 is equal to 4
Global LD ST Cache Stride Bucket 252 is equal to 1
Global LD ST Cache Stride Bucket 256 is equal to 6813


            "-256": "7642",
            "-255": "0",
            "-254": "0",
            "-253": "0",
            "-252": "0",
            "-251": "0",
            "-250": "0",
            "-249": "0",
            "-248": "0",
            "-247": "0",
            "-246": "0",
            "-245": "0",
            "-244": "3",
            "-243": "0",
            "-242": "0",
            "-241": "0",
            "-240": "10",
            "-239": "0",
            "-238": "0",
            "-237": "0",
            "-236": "0",
            "-235": "0",
            "-234": "0",
            "-233": "0",
            "-232": "86",
            "-231": "0",
            "-230": "0",
            "-229": "0",
            "-228": "0",
            "-227": "0",
            "-226": "0",
            "-225": "2",
            "-224": "165",
            "-223": "0",
            "-222": "0",
            "-221": "0",
            "-220": "0",
            "-219": "0",
            "-218": "0",
            "-217": "0",
            "-216": "0",
            "-215": "0",
            "-214": "0",
            "-213": "0",
            "-212": "0",
            "-211": "0",
            "-210": "0",
            "-209": "0",
            "-208": "176",
            "-207": "0",
            "-206": "0",
            "-205": "0",
            "-204": "0",
            "-203": "0",
            "-202": "0",
            "-201": "0",
            "-200": "0",
            "-199": "0",
            "-198": "0",
            "-197": "0",
            "-196": "0",
            "-195": "2",
            "-194": "0",
            "-193": "0",
            "-192": "8",
            "-191": "0",
            "-190": "1",
            "-189": "5",
            "-188": "2",
            "-187": "0",
            "-186": "0",
            "-185": "0",
            "-184": "9",
            "-183": "0",
            "-182": "0",
            "-181": "0",
            "-180": "0",
            "-179": "0",
            "-178": "0",
            "-177": "0",
            "-176": "94",
            "-175": "0",
            "-174": "0",
            "-173": "0",
            "-172": "0",
            "-171": "0",
            "-170": "0",
            "-169": "0",
            "-168": "12",
            "-167": "0",
            "-166": "0",
            "-165": "0",
            "-164": "0",
            "-163": "0",
            "-162": "0",
            "-161": "0",
            "-160": "6",
            "-159": "0",
            "-158": "0",
            "-157": "0",
            "-156": "0",
            "-155": "1",
            "-154": "0",
            "-153": "0",
            "-152": "25",
            "-151": "0",
            "-150": "0",
            "-149": "0",
            "-148": "0",
            "-147": "0",
            "-146": "0",
            "-145": "0",
            "-144": "14",
            "-143": "0",
            "-142": "0",
            "-141": "0",
            "-140": "0",
            "-139": "0",
            "-138": "0",
            "-137": "0",
            "-136": "7",
            "-135": "0",
            "-134": "0",
            "-133": "0",
            "-132": "0",
            "-131": "0",
            "-130": "0",
            "-129": "0",
            "-128": "174",
            "-127": "0",
            "-126": "0",
            "-125": "0",
            "-124": "0",
            "-123": "2",
            "-122": "0",
            "-121": "1",
            "-120": "4",
            "-119": "0",
            "-118": "0",
            "-117": "0",
            "-116": "2",
            "-115": "0",
            "-114": "0",
            "-113": "0",
            "-112": "92",
            "-111": "1",
            "-110": "0",
            "-109": "0",
            "-108": "0",
            "-107": "1",
            "-106": "0",
            "-105": "0",
            "-104": "16",
            "-103": "0",
            "-102": "0",
            "-101": "0",
            "-100": "90",
            "-99": "0",
            "-98": "0",
            "-97": "0",
            "-96": "12",
            "-95": "0",
            "-94": "0",
            "-93": "0",
            "-92": "90",
            "-91": "0",
            "-90": "0",
            "-89": "0",
            "-88": "13",
            "-87": "0",
            "-86": "1",
            "-85": "0",
            "-84": "5",
            "-83": "0",
            "-82": "1",
            "-81": "0",
            "-80": "200",
            "-79": "0",
            "-78": "0",
            "-77": "0",
            "-76": "2",
            "-75": "0",
            "-74": "0",
            "-73": "0",
            "-72": "97",
            "-71": "0",
            "-70": "0",
            "-69": "0",
            "-68": "4",
            "-67": "0",
            "-66": "0",
            "-65": "0",
            "-64": "31",
            "-63": "0",
            "-62": "0",
            "-61": "0",
            "-60": "2",
            "-59": "0",
            "-58": "0",
            "-57": "0",
            "-56": "13",
            "-55": "1",
            "-54": "0",
            "-53": "0",
            "-52": "5",
            "-51": "1",
            "-50": "0",
            "-49": "0",
            "-48": "227",
            "-47": "0",
            "-46": "0",
            "-45": "3",
            "-44": "2",
            "-43": "0",
            "-42": "1",
            "-41": "1",
            "-40": "133",
            "-39": "0",
            "-38": "0",
            "-37": "0",
            "-36": "2",
            "-35": "0",
            "-34": "0",
            "-33": "0",
            "-32": "453",
            "-31": "0",
            "-30": "1",
            "-29": "0",
            "-28": "7",
            "-27": "0",
            "-26": "0",
            "-25": "0",
            "-24": "136",
            "-23": "0",
            "-22": "0",
            "-21": "2",
            "-20": "101",
            "-19": "0",
            "-18": "0",
            "-17": "1",
            "-16": "140",
            "-15": "6",
            "-14": "2",
            "-13": "2",
            "-12": "42",
            "-11": "2",
            "-10": "1",
            "-9": "0",
            "-8": "4769",
            "-7": "0",
            "-6": "4",
            "-5": "0",
            "-4": "20",
            "-3": "0",
            "-2": "94",
            "-1": "10",
            "0": "1558",
            "1": "4497",
            "2": "1",
            "3": "0",
            "4": "315",
            "5": "0",
            "6": "4",
            "7": "0",
            "8": "3666",
            "9": "2",
            "10": "31",
            "11": "1",
            "12": "144",
            "13": "4",
            "14": "8",
            "15": "0",
            "16": "1851",
            "17": "5",
            "18": "0",
            "19": "0",
            "20": "8",
            "21": "0",
            "22": "22",
            "23": "0",
            "24": "339",
            "25": "0",
            "26": "0",
            "27": "0",
            "28": "7",
            "29": "0",
            "30": "0",
            "31": "0",
            "32": "114",
            "33": "0",
            "34": "0",
            "35": "0",
            "36": "14",
            "37": "0",
            "38": "1",
            "39": "0",
            "40": "24",
            "41": "2",
            "42": "0",
            "43": "0",
            "44": "187",
            "45": "0",
            "46": "0",
            "47": "1",
            "48": "44",
            "49": "0",
            "50": "0",
            "51": "0",
            "52": "8",
            "53": "0",
            "54": "0",
            "55": "0",
            "56": "114",
            "57": "0",
            "58": "0",
            "59": "0",
            "60": "0",
            "61": "0",
            "62": "0",
            "63": "0",
            "64": "111",
            "65": "0",
            "66": "0",
            "67": "0",
            "68": "1",
            "69": "0",
            "70": "0",
            "71": "0",
            "72": "14",
            "73": "0",
            "74": "0",
            "75": "0",
            "76": "2",
            "77": "0",
            "78": "0",
            "79": "0",
            "80": "12",
            "81": "0",
            "82": "0",
            "83": "0",
            "84": "0",
            "85": "0",
            "86": "0",
            "87": "0",
            "88": "92",
            "89": "0",
            "90": "0",
            "91": "0",
            "92": "0",
            "93": "0",
            "94": "0",
            "95": "0",
            "96": "13",
            "97": "0",
            "98": "0",
            "99": "0",
            "100": "0",
            "101": "0",
            "102": "0",
            "103": "0",
            "104": "170",
            "105": "0",
            "106": "0",
            "107": "0",
            "108": "89",
            "109": "0",
            "110": "0",
            "111": "0",
            "112": "18",
            "113": "0",
            "114": "0",
            "115": "0",
            "116": "0",
            "117": "0",
            "118": "0",
            "119": "0",
            "120": "2",
            "121": "0",
            "122": "1",
            "123": "0",
            "124": "0",
            "125": "0",
            "126": "0",
            "127": "0",
            "128": "21",
            "129": "0",
            "130": "0",
            "131": "0",
            "132": "0",
            "133": "0",
            "134": "0",
            "135": "0",
            "136": "101",
            "137": "0",
            "138": "0",
            "139": "3",
            "140": "2",
            "141": "0",
            "142": "0",
            "143": "0",
            "144": "6",
            "145": "0",
            "146": "0",
            "147": "0",
            "148": "2",
            "149": "0",
            "150": "0",
            "151": "0",
            "152": "91",
            "153": "0",
            "154": "0",
            "155": "0",
            "156": "1",
            "157": "0",
            "158": "0",
            "159": "0",
            "160": "3",
            "161": "0",
            "162": "2",
            "163": "0",
            "164": "0",
            "165": "0",
            "166": "1",
            "167": "0",
            "168": "100",
            "169": "0",
            "170": "0",
            "171": "0",
            "172": "1",
            "173": "0",
            "174": "0",
            "175": "0",
            "176": "5",
            "177": "0",
            "178": "1",
            "179": "0",
            "180": "0",
            "181": "0",
            "182": "0",
            "183": "0",
            "184": "189",
            "185": "0",
            "186": "0",
            "187": "0",
            "188": "0",
            "189": "0",
            "190": "1",
            "191": "0",
            "192": "7",
            "193": "0",
            "194": "0",
            "195": "0",
            "196": "0",
            "197": "0",
            "198": "0",
            "199": "0",
            "200": "100",
            "201": "0",
            "202": "0",
            "203": "0",
            "204": "4",
            "205": "0",
            "206": "0",
            "207": "0",
            "208": "3",
            "209": "0",
            "210": "0",
            "211": "0",
            "212": "0",
            "213": "0",
            "214": "0",
            "215": "0",
            "216": "4",
            "217": "0",
            "218": "0",
            "219": "0",
            "220": "0",
            "221": "0",
            "222": "0",
            "223": "0",
            "224": "8",
            "225": "0",
            "226": "1",
            "227": "0",
            "228": "0",
            "229": "0",
            "230": "0",
            "231": "0",
            "232": "10",
            "233": "0",
            "234": "0",
            "235": "0",
            "236": "0",
            "237": "0",
            "238": "0",
            "239": "0",
            "240": "2",
            "241": "0",
            "242": "0",
            "243": "0",
            "244": "0",
            "245": "0",
            "246": "0",
            "247": "0",
            "248": "2",
            "249": "0",
            "250": "0",
            "251": "0",
            "252": "1",
            "253": "0",
            "254": "0",
            "255": "0",
            "256": "7750",


# END_DYNAMIC_STATS
