# Branch output version 3
Dynamic_Instruction_Count: 100001486
Dynamic_Conditional_Branch_Count: 15822556
Dynamic_Unconditional_Branch_Count: 1583139
Total_Taken_Branches: 8975179
Total_Branch_Transitions: 1766901

Local Branch Stats (Total Count; Taken Count; Transition Count)
35 8 2
27 0 0
27 0 0
35 7 2
28 0 0
8 0 0
8 8 0
35 0 0
35 0 0
35 0 0
35 0 0
35 35 0
35 0 0
35 0 0
35 0 0
35 0 0
35 0 0
35 0 0
35 0 0
35 0 0
35 0 0
35 0 0
35 0 0
35 0 0
35 0 0
35 0 0
35 35 0
35 9 2
26 26 0
35 35 0
35 0 0
35 35 0
35 0 0
35 35 0
35 0 0
35 0 0
35 35 0
35 35 0
35 28 2
35 35 0
28 0 0
28 0 0
57344 57316 55
36 0 0
71 8 16
63 36 53
27 27 0
36 0 0
36 8 2
28 0 0
28 28 0
28 0 0
28 0 0
28 28 0
28 28 0
28 28 0
55847 76 152
55771 6927 12912
48844 35306 10758
45940 17982 18233
203923 32402 57606
206827 203923 5807
35306 20744 15603
14562 2904 2884
744309 1253 2506
743056 20275 40180
722781 548481 115924
526660 204867 201109
4671318 352360 625274
4867439 4671319 392240
11116 114 174
11002 4113 1600
4113 0 0
4113 3892 412
141977 3771 7275
142098 141977 242
11116 11116 0
11116 11116 0
11116 4691 4327
6425 40 74
6385 5793 958
5323 4944 563
9907 0 0
9907 0 0
11116 3229 4077
10737 0 0
10737 7723 3386
39700 6514 9643
40909 39700 2418
1209 0 0
1209 1209 0
216439 1 2
216439 0 0
216439 4113 8226
216439 216439 0
326 0 0
7824 5216 5215
2608 326 651
2282 2282 0
326 326 0
326 0 0
326 0 0
6846 4564 4563
2282 0 0
2282 1956 651
5938 1020 962
4918 334 349
4584 3979 918
4584 0 0
4584 4279 568
4584 2233 2979
4584 7 14
4577 3840 1318
3249 2512 1455
3979 3456 808
334 183 49
151 105 52
46 23 19
151 151 0
2233 0 0
183 5 8
329 319 18
329 0 0
329 308 41
36843 33003 7679
1020 481 655
1020 211 251
319 309 18
3848 3367 961
29 0 0
5967 29 58
5938 693 1230
145461 0 0
145461 5938 11875
139523 126149 26748
14067 14014 106
53 0 0
5967 0 0
5967 0 0
5967 1 2
5966 5938 56
28 28 0
5938 5938 0
14067 14014 106
14067 14067 0
1 0 0
1 0 0
1 0 0
1 0 0
1 0 0
5 5 0
5 4 1
5 5 0
5 5 0
5938 4954 814
4954 795 1590
4159 36 72
4159 237 474
4159 0 0
4954 4954 0
19573 4898 9795
19816 18647 2116
1169 493 502
676 0 0
676 554 171
53808 409 661
53953 53808 290
676 433 223
243 187 77
4954 4642 324
312 0 0
3792 3555 473
144 0 0
38016 31680 12671
6336 6192 287
144 0 0
4320 4176 287
144 108 71
18576 14112 8640
4464 4428 71
4642 841 1568
3801 3801 0
841 822 25
19 0 0
19 19 0
822 800 41
176 154 43
822 4 8
822 0 0
6812 5990 1635
3288 3261 54
27 2 4
25 13 11
138 1 2
138 111 31
3288 2466 1643
822 1 2
821 820 2
1 0 0
5203 2387 771
6803 89 58
6803 2459 2343
6803 5203 496
6400 5600 1599
4 3 2
822 0 0
6957 795 1433
6162 6162 0
113 24 9
89 83 6
6 1 2
6162 3518 1593
21152 18508 5287
6162 3972 1745
6162 2866 1789
6162 0 0
6162 2190 1745
3972 2747 1561
1225 0 0
1225 1158 128
111 64 8
114 111 6
67 62 7
5 5 0
5 2 3
22 19 5
5 2 3
24648 3557 6546
24648 18486 12323
6162 6162 0
6162 906 584
5256 4120 1648
3860 2724 1563
5256 4210 841
1537 491 706
26053 10780 4497
31880 25932 3444
31880 13656 12495
31880 15022 7067
31880 26053 2058
10780 0 0
13656 0 0
13656 792 1282
1274 772 348
1294 1274 40
13656 13467 358
1512 1323 377
189 87 98
431 329 203
189 70 86
13656 5256 7544
3557 1294 1354
2263 0 0
2263 539 778
6000 1724 2620
6000 6000 0
2263 2253 20
54 44 17
2263 2126 184
137 64 44
8263 8135 58
8263 6000 3447
2263 2263 0
379 14 28
2628 379 220
2263 2237 6
208 182 51
26 25 2
17 16 1
26 23 6
6162 6135 54
6162 2653 1585
3509 3396 48
28144 24626 7035
2653 2644 18
9 9 0
2866 119 215
2747 26 12
2840 2830 18
2387 0 0
2459 821 1242
2644 1946 864
1806 822 814
1806 1806 0
1946 983 1544
36 0 0
37 0 0
1 1 0
9 1 1
28 28 0
29 28 2
1 1 0
1 0 0
1 0 0
1 0 0
1 1 0
1 1 0
1 1 0
28 0 0
28 0 0
28 0 0
28 0 0
28 0 0
28 28 0
28 0 0
8 0 0
8 0 0
8 0 0
8 0 0
8 8 0
8 8 0
8 8 0
56 0 0
56 0 0
56 0 0
73 0 0
73 0 0
73 73 0
73 0 0
73 0 0
73 0 0
9079 9006 145
