# Mix output version 2
# FINI: end of program
# EMIT_DYNAMIC_STATS FOR TID 1, ins = 100001486
Dynamic Instruction Count = 100001486, Dyn BBL Count = 17405695
RAWdep[ 0] = 0
RAWdep[ 1] = 34303607
RAWdep[ 2] = 9375001
RAWdep[ 3] = 17605776
RAWdep[ 4] = 3767717
RAWdep[ 5] = 6480187
RAWdep[ 6] = 1690128
RAWdep[ 7] = 2411868
RAWdep[ 8] = 6128603
RAWdep[ 9] = 2092866
RAWdep[ 10] = 929596
RAWdep[ 11] = 1127857
RAWdep[ 12] = 728633
RAWdep[ 13] = 828149
RAWdep[ 14] = 612620
RAWdep[ 15] = 386086
RAWdep[ 16] = 1757513
RAWdep[ 17] = 658438
RAWdep[ 18] = 1339532
RAWdep[ 19] = 1171782
RAWdep[ 20] = 340605
RAWdep[ 21] = 176824
RAWdep[ 22] = 824326
RAWdep[ 23] = 603480
RAWdep[ 24] = 1475601
RAWdep[ 25] = 297788
RAWdep[ 26] = 86654
RAWdep[ 27] = 68449
RAWdep[ 28] = 356256
RAWdep[ 29] = 345282
RAWdep[ 30] = 330286
RAWdep[ 31] = 502629
RAWdep[ 32] = 1140972
RAWdep[ 33] = 63758706

WAWdep[ 0] = 0
WAWdep[ 1] = 19319549
WAWdep[ 2] = 22457111
WAWdep[ 3] = 9690784
WAWdep[ 4] = 6958228
WAWdep[ 5] = 12941503
WAWdep[ 6] = 6576460
WAWdep[ 7] = 4262071
WAWdep[ 8] = 9925947
WAWdep[ 9] = 730184
WAWdep[ 10] = 990765
WAWdep[ 11] = 612062
WAWdep[ 12] = 923087
WAWdep[ 13] = 1340894
WAWdep[ 14] = 462629
WAWdep[ 15] = 966150
WAWdep[ 16] = 392855
WAWdep[ 17] = 1097575
WAWdep[ 18] = 963321
WAWdep[ 19] = 832260
WAWdep[ 20] = 513039
WAWdep[ 21] = 112949
WAWdep[ 22] = 185918
WAWdep[ 23] = 83585
WAWdep[ 24] = 269255
WAWdep[ 25] = 396203
WAWdep[ 26] = 42429
WAWdep[ 27] = 118387
WAWdep[ 28] = 45604
WAWdep[ 29] = 157259
WAWdep[ 30] = 69922
WAWdep[ 31] = 36902
WAWdep[ 32] = 379256
WAWdep[ 33] = 11098179

WARdep[ 0] = 39677645
WARdep[ 1] = 10708608
WARdep[ 2] = 6937297
WARdep[ 3] = 3601718
WARdep[ 4] = 7546072
WARdep[ 5] = 5851553
WARdep[ 6] = 1723859
WARdep[ 7] = 2941691
WARdep[ 8] = 696437
WARdep[ 9] = 1234594
WARdep[ 10] = 1005520
WARdep[ 11] = 1133082
WARdep[ 12] = 2084989
WARdep[ 13] = 1245644
WARdep[ 14] = 1529539
WARdep[ 15] = 961852
WARdep[ 16] = 691622
WARdep[ 17] = 387377
WARdep[ 18] = 631570
WARdep[ 19] = 635338
WARdep[ 20] = 942620
WARdep[ 21] = 425114
WARdep[ 22] = 1141121
WARdep[ 23] = 117532
WARdep[ 24] = 90794
WARdep[ 25] = 510816
WARdep[ 26] = 102065
WARdep[ 27] = 56816
WARdep[ 28] = 567790
WARdep[ 29] = 432870
WARdep[ 30] = 1025349
WARdep[ 31] = 81100
WARdep[ 32] = 275542
WARdep[ 33] = 17956786


		"0": "0",
		"1": "34303607",
		"2": "9375001",
		"3": "17605776",
		"4": "3767717",
		"5": "6480187",
		"6": "1690128",
		"7": "2411868",
		"8": "6128603",
		"9": "2092866",
		"10": "929596",
		"11": "1127857",
		"12": "728633",
		"13": "828149",
		"14": "612620",
		"15": "386086",
		"16": "1757513",
		"17": "658438",
		"18": "1339532",
		"19": "1171782",
		"20": "340605",
		"21": "176824",
		"22": "824326",
		"23": "603480",
		"24": "1475601",
		"25": "297788",
		"26": "86654",
		"27": "68449",
		"28": "356256",
		"29": "345282",
		"30": "330286",
		"31": "502629",
		"32": "1140972",
		"33": "63758706",


# END_DYNAMIC_STATS
