# Mix output version 2
# FINI: end of program
# EMIT_DYNAMIC_STATS FOR TID 1
# instructions = 100001501, basic blocks = 14255546
Local Byte Stride Bucket 0 is equal to 345228
Local Byte Stride Bucket 1 is equal to 8644
Local Byte Stride Bucket 2 is equal to 17436
Local Byte Stride Bucket 3 is equal to 467
Local Byte Stride Bucket 4 is equal to 13456
Local Byte Stride Bucket 5 is equal to 813
Local Byte Stride Bucket 6 is equal to 5730
Local Byte Stride Bucket 7 is equal to 607
Local Byte Stride Bucket 8 is equal to 3559
Local Byte Stride Bucket 9 is equal to 494
Local Byte Stride Bucket 10 is equal to 1941
Local Byte Stride Bucket 11 is equal to 346
Local Byte Stride Bucket 12 is equal to 2991
Local Byte Stride Bucket 13 is equal to 288
Local Byte Stride Bucket 14 is equal to 2362
Local Byte Stride Bucket 15 is equal to 278
Local Byte Stride Bucket 16 is equal to 3986
Local Byte Stride Bucket 17 is equal to 216
Local Byte Stride Bucket 18 is equal to 1429
Local Byte Stride Bucket 19 is equal to 226
Local Byte Stride Bucket 20 is equal to 949
Local Byte Stride Bucket 21 is equal to 168
Local Byte Stride Bucket 22 is equal to 470
Local Byte Stride Bucket 23 is equal to 169
Local Byte Stride Bucket 24 is equal to 981
Local Byte Stride Bucket 25 is equal to 162
Local Byte Stride Bucket 26 is equal to 330
Local Byte Stride Bucket 27 is equal to 118
Local Byte Stride Bucket 28 is equal to 619
Local Byte Stride Bucket 29 is equal to 116
Local Byte Stride Bucket 30 is equal to 1297
Local Byte Stride Bucket 31 is equal to 125
Local Byte Stride Bucket 32 is equal to 2803
Local Byte Stride Bucket 33 is equal to 105
Local Byte Stride Bucket 34 is equal to 809
Local Byte Stride Bucket 35 is equal to 110
Local Byte Stride Bucket 36 is equal to 488
Local Byte Stride Bucket 37 is equal to 88
Local Byte Stride Bucket 38 is equal to 500
Local Byte Stride Bucket 39 is equal to 108
Local Byte Stride Bucket 40 is equal to 579
Local Byte Stride Bucket 41 is equal to 91
Local Byte Stride Bucket 42 is equal to 210
Local Byte Stride Bucket 43 is equal to 84
Local Byte Stride Bucket 44 is equal to 224
Local Byte Stride Bucket 45 is equal to 77
Local Byte Stride Bucket 46 is equal to 361
Local Byte Stride Bucket 47 is equal to 80
Local Byte Stride Bucket 48 is equal to 1216
Local Byte Stride Bucket 49 is equal to 63
Local Byte Stride Bucket 50 is equal to 295
Local Byte Stride Bucket 51 is equal to 61
Local Byte Stride Bucket 52 is equal to 193
Local Byte Stride Bucket 53 is equal to 82
Local Byte Stride Bucket 54 is equal to 150
Local Byte Stride Bucket 55 is equal to 64
Local Byte Stride Bucket 56 is equal to 316
Local Byte Stride Bucket 57 is equal to 40
Local Byte Stride Bucket 58 is equal to 127
Local Byte Stride Bucket 59 is equal to 59
Local Byte Stride Bucket 60 is equal to 195
Local Byte Stride Bucket 61 is equal to 44
Local Byte Stride Bucket 62 is equal to 481
Local Byte Stride Bucket 63 is equal to 53
Local Byte Stride Bucket 64 is equal to 55904511
Local Byte Stride Bucket 65 is equal to 42
Local Byte Stride Bucket 66 is equal to 220
Local Byte Stride Bucket 67 is equal to 48
Local Byte Stride Bucket 68 is equal to 210
Local Byte Stride Bucket 69 is equal to 43
Local Byte Stride Bucket 70 is equal to 198
Local Byte Stride Bucket 71 is equal to 32
Local Byte Stride Bucket 72 is equal to 329
Local Byte Stride Bucket 73 is equal to 59
Local Byte Stride Bucket 74 is equal to 84
Local Byte Stride Bucket 75 is equal to 36
Local Byte Stride Bucket 76 is equal to 132
Local Byte Stride Bucket 77 is equal to 24
Local Byte Stride Bucket 78 is equal to 120
Local Byte Stride Bucket 79 is equal to 48
Local Byte Stride Bucket 80 is equal to 265
Local Byte Stride Bucket 81 is equal to 34
Local Byte Stride Bucket 82 is equal to 132
Local Byte Stride Bucket 83 is equal to 39
Local Byte Stride Bucket 84 is equal to 102
Local Byte Stride Bucket 85 is equal to 34
Local Byte Stride Bucket 86 is equal to 59
Local Byte Stride Bucket 87 is equal to 50
Local Byte Stride Bucket 88 is equal to 255
Local Byte Stride Bucket 89 is equal to 30
Local Byte Stride Bucket 90 is equal to 138
Local Byte Stride Bucket 91 is equal to 30
Local Byte Stride Bucket 92 is equal to 208
Local Byte Stride Bucket 93 is equal to 21
Local Byte Stride Bucket 94 is equal to 2036
Local Byte Stride Bucket 95 is equal to 38
Local Byte Stride Bucket 96 is equal to 680
Local Byte Stride Bucket 97 is equal to 29
Local Byte Stride Bucket 98 is equal to 365
Local Byte Stride Bucket 99 is equal to 17
Local Byte Stride Bucket 100 is equal to 235
Local Byte Stride Bucket 101 is equal to 25
Local Byte Stride Bucket 102 is equal to 638
Local Byte Stride Bucket 103 is equal to 24
Local Byte Stride Bucket 104 is equal to 254
Local Byte Stride Bucket 105 is equal to 23
Local Byte Stride Bucket 106 is equal to 57
Local Byte Stride Bucket 107 is equal to 25
Local Byte Stride Bucket 108 is equal to 54
Local Byte Stride Bucket 109 is equal to 47
Local Byte Stride Bucket 110 is equal to 60
Local Byte Stride Bucket 111 is equal to 16
Local Byte Stride Bucket 112 is equal to 216
Local Byte Stride Bucket 113 is equal to 16
Local Byte Stride Bucket 114 is equal to 47
Local Byte Stride Bucket 115 is equal to 10
Local Byte Stride Bucket 116 is equal to 35
Local Byte Stride Bucket 117 is equal to 23
Local Byte Stride Bucket 118 is equal to 71
Local Byte Stride Bucket 119 is equal to 23
Local Byte Stride Bucket 120 is equal to 269
Local Byte Stride Bucket 121 is equal to 16
Local Byte Stride Bucket 122 is equal to 156
Local Byte Stride Bucket 123 is equal to 15
Local Byte Stride Bucket 124 is equal to 350
Local Byte Stride Bucket 125 is equal to 25
Local Byte Stride Bucket 126 is equal to 719
Local Byte Stride Bucket 127 is equal to 11
Local Byte Stride Bucket 128 is equal to 4500
Local Byte Stride Bucket 129 is equal to 19
Local Byte Stride Bucket 130 is equal to 1056
Local Byte Stride Bucket 131 is equal to 22
Local Byte Stride Bucket 132 is equal to 463
Local Byte Stride Bucket 133 is equal to 17
Local Byte Stride Bucket 134 is equal to 245
Local Byte Stride Bucket 135 is equal to 26
Local Byte Stride Bucket 136 is equal to 348
Local Byte Stride Bucket 137 is equal to 12
Local Byte Stride Bucket 138 is equal to 90
Local Byte Stride Bucket 139 is equal to 10
Local Byte Stride Bucket 140 is equal to 62
Local Byte Stride Bucket 141 is equal to 15
Local Byte Stride Bucket 142 is equal to 80
Local Byte Stride Bucket 143 is equal to 8
Local Byte Stride Bucket 144 is equal to 182
Local Byte Stride Bucket 145 is equal to 10
Local Byte Stride Bucket 146 is equal to 24
Local Byte Stride Bucket 147 is equal to 13
Local Byte Stride Bucket 148 is equal to 17
Local Byte Stride Bucket 149 is equal to 8
Local Byte Stride Bucket 150 is equal to 12
Local Byte Stride Bucket 151 is equal to 11
Local Byte Stride Bucket 152 is equal to 201
Local Byte Stride Bucket 153 is equal to 8
Local Byte Stride Bucket 154 is equal to 40
Local Byte Stride Bucket 155 is equal to 13
Local Byte Stride Bucket 156 is equal to 34
Local Byte Stride Bucket 157 is equal to 12
Local Byte Stride Bucket 158 is equal to 33
Local Byte Stride Bucket 159 is equal to 8
Local Byte Stride Bucket 160 is equal to 223
Local Byte Stride Bucket 161 is equal to 6
Local Byte Stride Bucket 162 is equal to 89
Local Byte Stride Bucket 163 is equal to 10
Local Byte Stride Bucket 164 is equal to 22
Local Byte Stride Bucket 165 is equal to 7
Local Byte Stride Bucket 166 is equal to 23
Local Byte Stride Bucket 167 is equal to 10
Local Byte Stride Bucket 168 is equal to 180
Local Byte Stride Bucket 169 is equal to 5
Local Byte Stride Bucket 170 is equal to 19
Local Byte Stride Bucket 171 is equal to 11
Local Byte Stride Bucket 172 is equal to 13
Local Byte Stride Bucket 173 is equal to 14
Local Byte Stride Bucket 174 is equal to 25
Local Byte Stride Bucket 175 is equal to 6
Local Byte Stride Bucket 176 is equal to 202
Local Byte Stride Bucket 177 is equal to 12
Local Byte Stride Bucket 178 is equal to 15
Local Byte Stride Bucket 179 is equal to 7
Local Byte Stride Bucket 180 is equal to 11
Local Byte Stride Bucket 181 is equal to 17
Local Byte Stride Bucket 182 is equal to 21
Local Byte Stride Bucket 183 is equal to 10
Local Byte Stride Bucket 184 is equal to 182
Local Byte Stride Bucket 185 is equal to 9
Local Byte Stride Bucket 186 is equal to 74
Local Byte Stride Bucket 187 is equal to 14
Local Byte Stride Bucket 188 is equal to 93
Local Byte Stride Bucket 189 is equal to 9
Local Byte Stride Bucket 190 is equal to 701
Local Byte Stride Bucket 191 is equal to 10
Local Byte Stride Bucket 192 is equal to 350
Local Byte Stride Bucket 193 is equal to 11
Local Byte Stride Bucket 194 is equal to 112
Local Byte Stride Bucket 195 is equal to 17
Local Byte Stride Bucket 196 is equal to 63
Local Byte Stride Bucket 197 is equal to 2
Local Byte Stride Bucket 198 is equal to 211
Local Byte Stride Bucket 199 is equal to 5
Local Byte Stride Bucket 200 is equal to 177
Local Byte Stride Bucket 201 is equal to 9
Local Byte Stride Bucket 202 is equal to 9
Local Byte Stride Bucket 203 is equal to 4
Local Byte Stride Bucket 204 is equal to 10
Local Byte Stride Bucket 205 is equal to 11
Local Byte Stride Bucket 206 is equal to 17
Local Byte Stride Bucket 207 is equal to 5
Local Byte Stride Bucket 208 is equal to 159
Local Byte Stride Bucket 209 is equal to 4
Local Byte Stride Bucket 210 is equal to 19
Local Byte Stride Bucket 211 is equal to 8
Local Byte Stride Bucket 212 is equal to 7
Local Byte Stride Bucket 213 is equal to 5
Local Byte Stride Bucket 214 is equal to 8
Local Byte Stride Bucket 215 is equal to 5
Local Byte Stride Bucket 216 is equal to 174
Local Byte Stride Bucket 217 is equal to 5
Local Byte Stride Bucket 218 is equal to 85
Local Byte Stride Bucket 219 is equal to 6
Local Byte Stride Bucket 220 is equal to 130
Local Byte Stride Bucket 221 is equal to 8
Local Byte Stride Bucket 222 is equal to 157
Local Byte Stride Bucket 223 is equal to 12
Local Byte Stride Bucket 224 is equal to 535
Local Byte Stride Bucket 225 is equal to 11
Local Byte Stride Bucket 226 is equal to 223
Local Byte Stride Bucket 227 is equal to 5
Local Byte Stride Bucket 228 is equal to 98
Local Byte Stride Bucket 229 is equal to 1
Local Byte Stride Bucket 230 is equal to 50
Local Byte Stride Bucket 231 is equal to 5
Local Byte Stride Bucket 232 is equal to 182
Local Byte Stride Bucket 233 is equal to 4
Local Byte Stride Bucket 234 is equal to 2
Local Byte Stride Bucket 235 is equal to 2
Local Byte Stride Bucket 236 is equal to 4
Local Byte Stride Bucket 237 is equal to 6
Local Byte Stride Bucket 238 is equal to 12
Local Byte Stride Bucket 239 is equal to 9
Local Byte Stride Bucket 240 is equal to 170
Local Byte Stride Bucket 241 is equal to 0
Local Byte Stride Bucket 242 is equal to 17
Local Byte Stride Bucket 243 is equal to 6
Local Byte Stride Bucket 244 is equal to 7
Local Byte Stride Bucket 245 is equal to 5
Local Byte Stride Bucket 246 is equal to 7
Local Byte Stride Bucket 247 is equal to 6
Local Byte Stride Bucket 248 is equal to 185
Local Byte Stride Bucket 249 is equal to 0
Local Byte Stride Bucket 250 is equal to 26
Local Byte Stride Bucket 251 is equal to 4
Local Byte Stride Bucket 252 is equal to 27
Local Byte Stride Bucket 253 is equal to 3
Local Byte Stride Bucket 254 is equal to 96
Local Byte Stride Bucket 255 is equal to 3
Local Byte Stride Bucket 256 is equal to 54967

Local Cache Stride Bucket 0 is equal to 414498
Local Cache Stride Bucket 1 is equal to 55920708
Local Cache Stride Bucket 2 is equal to 12871
Local Cache Stride Bucket 3 is equal to 4436
Local Cache Stride Bucket 4 is equal to 3974
Local Cache Stride Bucket 5 is equal to 1977
Local Cache Stride Bucket 6 is equal to 2275
Local Cache Stride Bucket 7 is equal to 1335
Local Cache Stride Bucket 8 is equal to 3225
Local Cache Stride Bucket 9 is equal to 1331
Local Cache Stride Bucket 10 is equal to 1120
Local Cache Stride Bucket 11 is equal to 1062
Local Cache Stride Bucket 12 is equal to 1021
Local Cache Stride Bucket 13 is equal to 1014
Local Cache Stride Bucket 14 is equal to 931
Local Cache Stride Bucket 15 is equal to 852
Local Cache Stride Bucket 16 is equal to 1812
Local Cache Stride Bucket 17 is equal to 736
Local Cache Stride Bucket 18 is equal to 708
Local Cache Stride Bucket 19 is equal to 681
Local Cache Stride Bucket 20 is equal to 638
Local Cache Stride Bucket 21 is equal to 575
Local Cache Stride Bucket 22 is equal to 545
Local Cache Stride Bucket 23 is equal to 612
Local Cache Stride Bucket 24 is equal to 6407
Local Cache Stride Bucket 25 is equal to 508
Local Cache Stride Bucket 26 is equal to 326
Local Cache Stride Bucket 27 is equal to 261
Local Cache Stride Bucket 28 is equal to 235
Local Cache Stride Bucket 29 is equal to 204
Local Cache Stride Bucket 30 is equal to 133
Local Cache Stride Bucket 31 is equal to 93
Local Cache Stride Bucket 32 is equal to 577
Local Cache Stride Bucket 33 is equal to 19
Local Cache Stride Bucket 34 is equal to 38
Local Cache Stride Bucket 35 is equal to 35
Local Cache Stride Bucket 36 is equal to 32
Local Cache Stride Bucket 37 is equal to 31
Local Cache Stride Bucket 38 is equal to 28
Local Cache Stride Bucket 39 is equal to 34
Local Cache Stride Bucket 40 is equal to 1088
Local Cache Stride Bucket 41 is equal to 33
Local Cache Stride Bucket 42 is equal to 31
Local Cache Stride Bucket 43 is equal to 30
Local Cache Stride Bucket 44 is equal to 29
Local Cache Stride Bucket 45 is equal to 55
Local Cache Stride Bucket 46 is equal to 47
Local Cache Stride Bucket 47 is equal to 586
Local Cache Stride Bucket 48 is equal to 14363
Local Cache Stride Bucket 49 is equal to 406
Local Cache Stride Bucket 50 is equal to 31
Local Cache Stride Bucket 51 is equal to 39
Local Cache Stride Bucket 52 is equal to 24
Local Cache Stride Bucket 53 is equal to 30
Local Cache Stride Bucket 54 is equal to 30
Local Cache Stride Bucket 55 is equal to 36
Local Cache Stride Bucket 56 is equal to 742
Local Cache Stride Bucket 57 is equal to 24
Local Cache Stride Bucket 58 is equal to 22
Local Cache Stride Bucket 59 is equal to 22
Local Cache Stride Bucket 60 is equal to 33
Local Cache Stride Bucket 61 is equal to 22
Local Cache Stride Bucket 62 is equal to 16
Local Cache Stride Bucket 63 is equal to 19
Local Cache Stride Bucket 64 is equal to 396
Local Cache Stride Bucket 65 is equal to 14
Local Cache Stride Bucket 66 is equal to 6
Local Cache Stride Bucket 67 is equal to 10
Local Cache Stride Bucket 68 is equal to 19
Local Cache Stride Bucket 69 is equal to 18
Local Cache Stride Bucket 70 is equal to 12
Local Cache Stride Bucket 71 is equal to 22
Local Cache Stride Bucket 72 is equal to 838
Local Cache Stride Bucket 73 is equal to 26
Local Cache Stride Bucket 74 is equal to 20
Local Cache Stride Bucket 75 is equal to 6
Local Cache Stride Bucket 76 is equal to 6
Local Cache Stride Bucket 77 is equal to 13
Local Cache Stride Bucket 78 is equal to 11
Local Cache Stride Bucket 79 is equal to 10
Local Cache Stride Bucket 80 is equal to 62
Local Cache Stride Bucket 81 is equal to 7
Local Cache Stride Bucket 82 is equal to 12
Local Cache Stride Bucket 83 is equal to 14
Local Cache Stride Bucket 84 is equal to 4
Local Cache Stride Bucket 85 is equal to 14
Local Cache Stride Bucket 86 is equal to 5
Local Cache Stride Bucket 87 is equal to 5
Local Cache Stride Bucket 88 is equal to 40
Local Cache Stride Bucket 89 is equal to 17
Local Cache Stride Bucket 90 is equal to 14
Local Cache Stride Bucket 91 is equal to 6
Local Cache Stride Bucket 92 is equal to 15
Local Cache Stride Bucket 93 is equal to 5
Local Cache Stride Bucket 94 is equal to 8
Local Cache Stride Bucket 95 is equal to 7
Local Cache Stride Bucket 96 is equal to 12
Local Cache Stride Bucket 97 is equal to 16
Local Cache Stride Bucket 98 is equal to 6
Local Cache Stride Bucket 99 is equal to 13
Local Cache Stride Bucket 100 is equal to 13
Local Cache Stride Bucket 101 is equal to 17
Local Cache Stride Bucket 102 is equal to 17
Local Cache Stride Bucket 103 is equal to 10
Local Cache Stride Bucket 104 is equal to 15
Local Cache Stride Bucket 105 is equal to 33
Local Cache Stride Bucket 106 is equal to 17
Local Cache Stride Bucket 107 is equal to 11
Local Cache Stride Bucket 108 is equal to 20
Local Cache Stride Bucket 109 is equal to 7
Local Cache Stride Bucket 110 is equal to 8
Local Cache Stride Bucket 111 is equal to 5
Local Cache Stride Bucket 112 is equal to 16
Local Cache Stride Bucket 113 is equal to 3
Local Cache Stride Bucket 114 is equal to 20
Local Cache Stride Bucket 115 is equal to 9
Local Cache Stride Bucket 116 is equal to 7
Local Cache Stride Bucket 117 is equal to 16
Local Cache Stride Bucket 118 is equal to 16
Local Cache Stride Bucket 119 is equal to 20
Local Cache Stride Bucket 120 is equal to 18
Local Cache Stride Bucket 121 is equal to 2
Local Cache Stride Bucket 122 is equal to 3
Local Cache Stride Bucket 123 is equal to 18
Local Cache Stride Bucket 124 is equal to 6
Local Cache Stride Bucket 125 is equal to 7
Local Cache Stride Bucket 126 is equal to 14
Local Cache Stride Bucket 127 is equal to 15
Local Cache Stride Bucket 128 is equal to 16
Local Cache Stride Bucket 129 is equal to 8
Local Cache Stride Bucket 130 is equal to 12
Local Cache Stride Bucket 131 is equal to 7
Local Cache Stride Bucket 132 is equal to 10
Local Cache Stride Bucket 133 is equal to 4
Local Cache Stride Bucket 134 is equal to 13
Local Cache Stride Bucket 135 is equal to 7
Local Cache Stride Bucket 136 is equal to 4
Local Cache Stride Bucket 137 is equal to 1
Local Cache Stride Bucket 138 is equal to 9
Local Cache Stride Bucket 139 is equal to 6
Local Cache Stride Bucket 140 is equal to 4
Local Cache Stride Bucket 141 is equal to 12
Local Cache Stride Bucket 142 is equal to 4
Local Cache Stride Bucket 143 is equal to 6
Local Cache Stride Bucket 144 is equal to 0
Local Cache Stride Bucket 145 is equal to 3
Local Cache Stride Bucket 146 is equal to 3
Local Cache Stride Bucket 147 is equal to 9
Local Cache Stride Bucket 148 is equal to 3
Local Cache Stride Bucket 149 is equal to 1
Local Cache Stride Bucket 150 is equal to 4
Local Cache Stride Bucket 151 is equal to 6
Local Cache Stride Bucket 152 is equal to 0
Local Cache Stride Bucket 153 is equal to 14
Local Cache Stride Bucket 154 is equal to 4
Local Cache Stride Bucket 155 is equal to 6
Local Cache Stride Bucket 156 is equal to 5
Local Cache Stride Bucket 157 is equal to 4
Local Cache Stride Bucket 158 is equal to 5
Local Cache Stride Bucket 159 is equal to 12
Local Cache Stride Bucket 160 is equal to 5
Local Cache Stride Bucket 161 is equal to 2
Local Cache Stride Bucket 162 is equal to 8
Local Cache Stride Bucket 163 is equal to 4
Local Cache Stride Bucket 164 is equal to 0
Local Cache Stride Bucket 165 is equal to 6
Local Cache Stride Bucket 166 is equal to 5
Local Cache Stride Bucket 167 is equal to 1
Local Cache Stride Bucket 168 is equal to 11
Local Cache Stride Bucket 169 is equal to 5
Local Cache Stride Bucket 170 is equal to 12
Local Cache Stride Bucket 171 is equal to 3
Local Cache Stride Bucket 172 is equal to 2
Local Cache Stride Bucket 173 is equal to 1
Local Cache Stride Bucket 174 is equal to 4
Local Cache Stride Bucket 175 is equal to 2
Local Cache Stride Bucket 176 is equal to 2
Local Cache Stride Bucket 177 is equal to 6
Local Cache Stride Bucket 178 is equal to 2
Local Cache Stride Bucket 179 is equal to 6
Local Cache Stride Bucket 180 is equal to 4
Local Cache Stride Bucket 181 is equal to 5
Local Cache Stride Bucket 182 is equal to 2
Local Cache Stride Bucket 183 is equal to 6
Local Cache Stride Bucket 184 is equal to 8
Local Cache Stride Bucket 185 is equal to 3
Local Cache Stride Bucket 186 is equal to 1
Local Cache Stride Bucket 187 is equal to 3
Local Cache Stride Bucket 188 is equal to 8
Local Cache Stride Bucket 189 is equal to 4
Local Cache Stride Bucket 190 is equal to 6
Local Cache Stride Bucket 191 is equal to 3
Local Cache Stride Bucket 192 is equal to 2
Local Cache Stride Bucket 193 is equal to 0
Local Cache Stride Bucket 194 is equal to 0
Local Cache Stride Bucket 195 is equal to 2
Local Cache Stride Bucket 196 is equal to 2
Local Cache Stride Bucket 197 is equal to 0
Local Cache Stride Bucket 198 is equal to 3
Local Cache Stride Bucket 199 is equal to 0
Local Cache Stride Bucket 200 is equal to 2
Local Cache Stride Bucket 201 is equal to 1
Local Cache Stride Bucket 202 is equal to 1
Local Cache Stride Bucket 203 is equal to 0
Local Cache Stride Bucket 204 is equal to 1
Local Cache Stride Bucket 205 is equal to 3
Local Cache Stride Bucket 206 is equal to 2
Local Cache Stride Bucket 207 is equal to 5
Local Cache Stride Bucket 208 is equal to 4
Local Cache Stride Bucket 209 is equal to 2
Local Cache Stride Bucket 210 is equal to 0
Local Cache Stride Bucket 211 is equal to 2
Local Cache Stride Bucket 212 is equal to 0
Local Cache Stride Bucket 213 is equal to 0
Local Cache Stride Bucket 214 is equal to 0
Local Cache Stride Bucket 215 is equal to 0
Local Cache Stride Bucket 216 is equal to 0
Local Cache Stride Bucket 217 is equal to 0
Local Cache Stride Bucket 218 is equal to 0
Local Cache Stride Bucket 219 is equal to 0
Local Cache Stride Bucket 220 is equal to 0
Local Cache Stride Bucket 221 is equal to 0
Local Cache Stride Bucket 222 is equal to 2
Local Cache Stride Bucket 223 is equal to 0
Local Cache Stride Bucket 224 is equal to 10
Local Cache Stride Bucket 225 is equal to 0
Local Cache Stride Bucket 226 is equal to 4
Local Cache Stride Bucket 227 is equal to 4
Local Cache Stride Bucket 228 is equal to 3
Local Cache Stride Bucket 229 is equal to 2
Local Cache Stride Bucket 230 is equal to 2
Local Cache Stride Bucket 231 is equal to 4
Local Cache Stride Bucket 232 is equal to 0
Local Cache Stride Bucket 233 is equal to 2
Local Cache Stride Bucket 234 is equal to 4
Local Cache Stride Bucket 235 is equal to 4
Local Cache Stride Bucket 236 is equal to 1
Local Cache Stride Bucket 237 is equal to 0
Local Cache Stride Bucket 238 is equal to 0
Local Cache Stride Bucket 239 is equal to 7
Local Cache Stride Bucket 240 is equal to 2
Local Cache Stride Bucket 241 is equal to 0
Local Cache Stride Bucket 242 is equal to 2
Local Cache Stride Bucket 243 is equal to 0
Local Cache Stride Bucket 244 is equal to 0
Local Cache Stride Bucket 245 is equal to 0
Local Cache Stride Bucket 246 is equal to 0
Local Cache Stride Bucket 247 is equal to 1
Local Cache Stride Bucket 248 is equal to 0
Local Cache Stride Bucket 249 is equal to 2
Local Cache Stride Bucket 250 is equal to 0
Local Cache Stride Bucket 251 is equal to 0
Local Cache Stride Bucket 252 is equal to 0
Local Cache Stride Bucket 253 is equal to 5
Local Cache Stride Bucket 254 is equal to 1
Local Cache Stride Bucket 255 is equal to 0
Local Cache Stride Bucket 256 is equal to 283


            "0": "345228",
            "1": "8644",
            "2": "17436",
            "3": "467",
            "4": "13456",
            "5": "813",
            "6": "5730",
            "7": "607",
            "8": "3559",
            "9": "494",
            "10": "1941",
            "11": "346",
            "12": "2991",
            "13": "288",
            "14": "2362",
            "15": "278",
            "16": "3986",
            "17": "216",
            "18": "1429",
            "19": "226",
            "20": "949",
            "21": "168",
            "22": "470",
            "23": "169",
            "24": "981",
            "25": "162",
            "26": "330",
            "27": "118",
            "28": "619",
            "29": "116",
            "30": "1297",
            "31": "125",
            "32": "2803",
            "33": "105",
            "34": "809",
            "35": "110",
            "36": "488",
            "37": "88",
            "38": "500",
            "39": "108",
            "40": "579",
            "41": "91",
            "42": "210",
            "43": "84",
            "44": "224",
            "45": "77",
            "46": "361",
            "47": "80",
            "48": "1216",
            "49": "63",
            "50": "295",
            "51": "61",
            "52": "193",
            "53": "82",
            "54": "150",
            "55": "64",
            "56": "316",
            "57": "40",
            "58": "127",
            "59": "59",
            "60": "195",
            "61": "44",
            "62": "481",
            "63": "53",
            "64": "55904511",
            "65": "42",
            "66": "220",
            "67": "48",
            "68": "210",
            "69": "43",
            "70": "198",
            "71": "32",
            "72": "329",
            "73": "59",
            "74": "84",
            "75": "36",
            "76": "132",
            "77": "24",
            "78": "120",
            "79": "48",
            "80": "265",
            "81": "34",
            "82": "132",
            "83": "39",
            "84": "102",
            "85": "34",
            "86": "59",
            "87": "50",
            "88": "255",
            "89": "30",
            "90": "138",
            "91": "30",
            "92": "208",
            "93": "21",
            "94": "2036",
            "95": "38",
            "96": "680",
            "97": "29",
            "98": "365",
            "99": "17",
            "100": "235",
            "101": "25",
            "102": "638",
            "103": "24",
            "104": "254",
            "105": "23",
            "106": "57",
            "107": "25",
            "108": "54",
            "109": "47",
            "110": "60",
            "111": "16",
            "112": "216",
            "113": "16",
            "114": "47",
            "115": "10",
            "116": "35",
            "117": "23",
            "118": "71",
            "119": "23",
            "120": "269",
            "121": "16",
            "122": "156",
            "123": "15",
            "124": "350",
            "125": "25",
            "126": "719",
            "127": "11",
            "128": "4500",
            "129": "19",
            "130": "1056",
            "131": "22",
            "132": "463",
            "133": "17",
            "134": "245",
            "135": "26",
            "136": "348",
            "137": "12",
            "138": "90",
            "139": "10",
            "140": "62",
            "141": "15",
            "142": "80",
            "143": "8",
            "144": "182",
            "145": "10",
            "146": "24",
            "147": "13",
            "148": "17",
            "149": "8",
            "150": "12",
            "151": "11",
            "152": "201",
            "153": "8",
            "154": "40",
            "155": "13",
            "156": "34",
            "157": "12",
            "158": "33",
            "159": "8",
            "160": "223",
            "161": "6",
            "162": "89",
            "163": "10",
            "164": "22",
            "165": "7",
            "166": "23",
            "167": "10",
            "168": "180",
            "169": "5",
            "170": "19",
            "171": "11",
            "172": "13",
            "173": "14",
            "174": "25",
            "175": "6",
            "176": "202",
            "177": "12",
            "178": "15",
            "179": "7",
            "180": "11",
            "181": "17",
            "182": "21",
            "183": "10",
            "184": "182",
            "185": "9",
            "186": "74",
            "187": "14",
            "188": "93",
            "189": "9",
            "190": "701",
            "191": "10",
            "192": "350",
            "193": "11",
            "194": "112",
            "195": "17",
            "196": "63",
            "197": "2",
            "198": "211",
            "199": "5",
            "200": "177",
            "201": "9",
            "202": "9",
            "203": "4",
            "204": "10",
            "205": "11",
            "206": "17",
            "207": "5",
            "208": "159",
            "209": "4",
            "210": "19",
            "211": "8",
            "212": "7",
            "213": "5",
            "214": "8",
            "215": "5",
            "216": "174",
            "217": "5",
            "218": "85",
            "219": "6",
            "220": "130",
            "221": "8",
            "222": "157",
            "223": "12",
            "224": "535",
            "225": "11",
            "226": "223",
            "227": "5",
            "228": "98",
            "229": "1",
            "230": "50",
            "231": "5",
            "232": "182",
            "233": "4",
            "234": "2",
            "235": "2",
            "236": "4",
            "237": "6",
            "238": "12",
            "239": "9",
            "240": "170",
            "241": "0",
            "242": "17",
            "243": "6",
            "244": "7",
            "245": "5",
            "246": "7",
            "247": "6",
            "248": "185",
            "249": "0",
            "250": "26",
            "251": "4",
            "252": "27",
            "253": "3",
            "254": "96",
            "255": "3",
            "256": "54967",


# END_DYNAMIC_STATS
