# Branch output version 3
Dynamic_Instruction_Count: 100001506
Dynamic_Conditional_Branch_Count: 10070899
Dynamic_Unconditional_Branch_Count: 2430050
Total_Taken_Branches: 9243761
Total_Branch_Transitions: 1998553

Local Branch Stats (Total Count; Taken Count; Transition Count)
550 509 82
41 0 0
41 0 0
550 509 82
41 0 0
509 0 0
509 509 0
550 0 0
550 0 0
550 0 0
550 0 0
550 550 0
550 0 0
550 0 0
550 0 0
550 0 0
550 0 0
550 0 0
550 0 0
550 0 0
550 0 0
550 0 0
550 0 0
550 0 0
550 0 0
550 0 0
550 550 0
550 550 0
550 0 0
550 550 0
550 0 0
550 0 0
550 0 0
550 0 0
550 550 0
550 0 0
550 550 0
550 550 0
550 550 0
550 518 64
69 37 45
609 59 64
550 0 0
1042400 1041850 1099
550 550 0
550 1 2
550 0 0
550 0 0
550 509 82
41 0 0
556 6 12
30 6 11
30 30 0
556 556 0
556 0 0
201971 0 0
201971 37 74
201934 178577 38350
23357 3 6
201931 99291 35607
102640 84836 19197
17806 12842 6847
4964 2 4
17804 100 87
17804 17718 162
86 0 0
17804 11969 4876
17804 16860 1750
944 0 0
17804 10108 4780
17804 16863 1708
941 0 0
17804 8806 6565
17804 16071 3096
1733 0 0
17804 8656 6738
17805 16146 2992
1659 1 2
17804 9544 7225
17804 16008 3190
1796 0 0
17804 8340 7394
17804 16223 2802
1581 0 0
17804 7977 7547
102639 102639 0
556 0 0
556 550 12
6 0 0
6 0 0
6 0 0
84836 76532 11606
8304 0 0
84836 39617 40506
84837 74517 15182
10320 1 2
84836 37231 40153
84837 74906 14475
9931 2 4
84835 40890 41300
84835 74731 14672
10104 0 0
84835 39342 41463
84835 75038 14538
9797 0 0
84835 42737 42177
99430 99001 790
22562 22133 857
99430 98952 956
84838 79704 5718
5134 2 4
84836 54204 30085
84836 76800 11096
8036 0 0
84836 44279 33701
84836 82369 4526
2467 0 0
84836 20013 19642
7015 6601 736
414 0 0
7015 5075 2071
637 569 120
68 0 0
637 271 294
43317 41363 3687
1954 1 2
43316 6202 9587
43316 41044 4234
2272 0 0
43316 12341 15775
43316 39540 6796
3776 0 0
43316 12327 16953
43316 39243 7412
4073 0 0
43316 17936 19899
43319 38588 8294
4732 3 6
43317 19986 21381
43317 38282 8780
5035 0 0
43317 20927 21473
43318 37987 9266
5331 1 2
43317 21142 21703
89604 78684 19050
10920 2 4
89602 27606 36177
89602 81075 15308
8527 0 0
89602 37599 40985
89602 83083 11980
6519 0 0
89602 47191 42398
89602 81719 14397
7883 0 0
89602 39479 43718
89604 81338 14862
8266 2 4
89602 43194 40668
89602 80823 15794
8779 0 0
89602 38646 42035
89602 249 492
89353 69942 29158
19411 0 0
69942 61392 14858
8550 0 0
69942 34886 34926
69945 61004 15413
8941 3 6
69942 35204 34897
69943 61151 15206
8792 1 2
69942 34836 34742
69942 0 0
89602 0 0
7015 6511 890
504 0 0
7015 4574 1968
7015 6527 856
488 0 0
7015 5009 1974
7015 6531 844
484 0 0
7015 4950 2008
7015 6571 801
444 0 0
7015 5000 2043
7015 6597 738
418 0 0
7015 4762 1680
1307 1078 366
229 0 0
1307 440 521
9350 7020 1668
9350 8961 722
389 0 0
9350 7652 1454
1698 1359 479
339 0 0
1698 453 472
1698 1534 284
164 0 0
1698 543 555
1698 1522 312
176 0 0
1698 633 650
29957 24883 7856
5074 2 4
29955 17214 13344
29957 26364 6418
3593 2 4
29955 16741 14094
29955 26407 6372
3548 0 0
29955 16389 14445
606255 532288 145811
73967 7 14
606248 536306 139883
69943 61107 15364
8836 1 2
69942 36074 35001
7015 6363 1138
652 0 0
7015 3983 1460
7015 6913 196
102 0 0
7015 3676 1342
16332 13036 4876
3296 2 4
16330 8187 6806
16330 14416 3392
1914 0 0
16330 10019 6911
16330 14760 2826
1570 0 0
16330 7132 7749
59646 55552 7347
4094 0 0
59646 43316 18523
43316 41014 4168
2302 0 0
43316 3480 6635
9690 7115 3147
2575 0 0
9690 3781 2188
5909 5686 412
223 0 0
5909 5569 476
340 3 6
340 0 0
99293 93610 10162
5683 2 4
99291 9690 9509
89601 74465 22061
89601 88239 2635
1362 0 0
89601 59646 32211
637 415 259
222 0 0
637 325 252
637 553 128
84 0 0
637 375 258
7652 7441 381
211 0 0
7652 7015 862
3782 3548 414
234 1 2
3781 1307 1584
8880 8108 1361
772 0 0
8880 4136 4042
13498 11993 2712
1505 0 0
13498 6557 6756
17149 15010 3732
2139 0 0
17149 8417 8579
19024 16774 4002
2250 0 0
19024 9585 9237
19411 17006 4190
2405 0 0
19411 9811 9244
550 550 0
99001 91454 10180
7547 7546 2
9690 0 0
37 30 11
7 0 0
580 580 0
556 0 0
556 550 12
6 0 0
6 0 0
586 0 0
6 0 0
6 6 0
6 0 0
6 0 0
6 0 0
6 6 0
6 0 0
6 6 0
6 6 0
41 0 0
41 0 0
41 0 0
41 0 0
41 0 0
41 41 0
41 0 0
509 0 0
509 0 0
509 0 0
509 0 0
509 509 0
509 509 0
509 509 0
82 0 0
82 0 0
82 0 0
92555 0 0
92555 40323 32283
52232 29189 23451
29189 13599 11035
15590 7177 5992
8413 0 0
153177 144764 14475
40323 18168 17907
22155 17437 6361
4718 0 0
4718 26 50
7547 7547 0
7547 529 239
529 408 44
121 0 0
408 0 0
768 360 719
4 1 1
25 11 22
13 6 11
19 8 15
7 3 5
14 5 10
32 15 29
6 2 4
13 4 7
2 0 0
17 6 11
8 3 6
28 12 24
4 2 3
12 5 10
