# Mix output version 2
# FINI: end of program
# EMIT_DYNAMIC_STATS FOR TID 1
# instructions = 100001506, basic blocks = 12500949
Local Byte Stride Bucket 0 is equal to 11755496
Local Byte Stride Bucket 1 is equal to 255435
Local Byte Stride Bucket 2 is equal to 762105
Local Byte Stride Bucket 3 is equal to 31089
Local Byte Stride Bucket 4 is equal to 1347014
Local Byte Stride Bucket 5 is equal to 17815
Local Byte Stride Bucket 6 is equal to 257935
Local Byte Stride Bucket 7 is equal to 14106
Local Byte Stride Bucket 8 is equal to 150407
Local Byte Stride Bucket 9 is equal to 9965
Local Byte Stride Bucket 10 is equal to 83611
Local Byte Stride Bucket 11 is equal to 8191
Local Byte Stride Bucket 12 is equal to 96291
Local Byte Stride Bucket 13 is equal to 7201
Local Byte Stride Bucket 14 is equal to 76909
Local Byte Stride Bucket 15 is equal to 6523
Local Byte Stride Bucket 16 is equal to 146415
Local Byte Stride Bucket 17 is equal to 8801
Local Byte Stride Bucket 18 is equal to 52014
Local Byte Stride Bucket 19 is equal to 7917
Local Byte Stride Bucket 20 is equal to 39836
Local Byte Stride Bucket 21 is equal to 6994
Local Byte Stride Bucket 22 is equal to 27875
Local Byte Stride Bucket 23 is equal to 6717
Local Byte Stride Bucket 24 is equal to 67279
Local Byte Stride Bucket 25 is equal to 6436
Local Byte Stride Bucket 26 is equal to 23107
Local Byte Stride Bucket 27 is equal to 5347
Local Byte Stride Bucket 28 is equal to 26161
Local Byte Stride Bucket 29 is equal to 5439
Local Byte Stride Bucket 30 is equal to 35261
Local Byte Stride Bucket 31 is equal to 4918
Local Byte Stride Bucket 32 is equal to 99122
Local Byte Stride Bucket 33 is equal to 4973
Local Byte Stride Bucket 34 is equal to 26368
Local Byte Stride Bucket 35 is equal to 4702
Local Byte Stride Bucket 36 is equal to 16775
Local Byte Stride Bucket 37 is equal to 4342
Local Byte Stride Bucket 38 is equal to 13370
Local Byte Stride Bucket 39 is equal to 3994
Local Byte Stride Bucket 40 is equal to 43353
Local Byte Stride Bucket 41 is equal to 3596
Local Byte Stride Bucket 42 is equal to 8899
Local Byte Stride Bucket 43 is equal to 3284
Local Byte Stride Bucket 44 is equal to 8834
Local Byte Stride Bucket 45 is equal to 3120
Local Byte Stride Bucket 46 is equal to 12629
Local Byte Stride Bucket 47 is equal to 3076
Local Byte Stride Bucket 48 is equal to 63407
Local Byte Stride Bucket 49 is equal to 2782
Local Byte Stride Bucket 50 is equal to 12261
Local Byte Stride Bucket 51 is equal to 2908
Local Byte Stride Bucket 52 is equal to 8078
Local Byte Stride Bucket 53 is equal to 2752
Local Byte Stride Bucket 54 is equal to 7286
Local Byte Stride Bucket 55 is equal to 2818
Local Byte Stride Bucket 56 is equal to 39211
Local Byte Stride Bucket 57 is equal to 3197
Local Byte Stride Bucket 58 is equal to 6818
Local Byte Stride Bucket 59 is equal to 3138
Local Byte Stride Bucket 60 is equal to 8512
Local Byte Stride Bucket 61 is equal to 4106
Local Byte Stride Bucket 62 is equal to 18614
Local Byte Stride Bucket 63 is equal to 3982
Local Byte Stride Bucket 64 is equal to 1201441
Local Byte Stride Bucket 65 is equal to 3630
Local Byte Stride Bucket 66 is equal to 8250
Local Byte Stride Bucket 67 is equal to 3516
Local Byte Stride Bucket 68 is equal to 7587
Local Byte Stride Bucket 69 is equal to 3287
Local Byte Stride Bucket 70 is equal to 7005
Local Byte Stride Bucket 71 is equal to 3057
Local Byte Stride Bucket 72 is equal to 36747
Local Byte Stride Bucket 73 is equal to 2838
Local Byte Stride Bucket 74 is equal to 4947
Local Byte Stride Bucket 75 is equal to 2581
Local Byte Stride Bucket 76 is equal to 4796
Local Byte Stride Bucket 77 is equal to 2586
Local Byte Stride Bucket 78 is equal to 5234
Local Byte Stride Bucket 79 is equal to 2186
Local Byte Stride Bucket 80 is equal to 36526
Local Byte Stride Bucket 81 is equal to 2152
Local Byte Stride Bucket 82 is equal to 4712
Local Byte Stride Bucket 83 is equal to 1980
Local Byte Stride Bucket 84 is equal to 4288
Local Byte Stride Bucket 85 is equal to 1854
Local Byte Stride Bucket 86 is equal to 4422
Local Byte Stride Bucket 87 is equal to 1886
Local Byte Stride Bucket 88 is equal to 35074
Local Byte Stride Bucket 89 is equal to 1669
Local Byte Stride Bucket 90 is equal to 6091
Local Byte Stride Bucket 91 is equal to 1799
Local Byte Stride Bucket 92 is equal to 8008
Local Byte Stride Bucket 93 is equal to 1868
Local Byte Stride Bucket 94 is equal to 29438
Local Byte Stride Bucket 95 is equal to 1827
Local Byte Stride Bucket 96 is equal to 46019
Local Byte Stride Bucket 97 is equal to 1623
Local Byte Stride Bucket 98 is equal to 11045
Local Byte Stride Bucket 99 is equal to 1521
Local Byte Stride Bucket 100 is equal to 8652
Local Byte Stride Bucket 101 is equal to 1478
Local Byte Stride Bucket 102 is equal to 12149
Local Byte Stride Bucket 103 is equal to 1273
Local Byte Stride Bucket 104 is equal to 34296
Local Byte Stride Bucket 105 is equal to 1342
Local Byte Stride Bucket 106 is equal to 3303
Local Byte Stride Bucket 107 is equal to 1255
Local Byte Stride Bucket 108 is equal to 3235
Local Byte Stride Bucket 109 is equal to 1224
Local Byte Stride Bucket 110 is equal to 3038
Local Byte Stride Bucket 111 is equal to 1212
Local Byte Stride Bucket 112 is equal to 34313
Local Byte Stride Bucket 113 is equal to 1322
Local Byte Stride Bucket 114 is equal to 3710
Local Byte Stride Bucket 115 is equal to 1406
Local Byte Stride Bucket 116 is equal to 3486
Local Byte Stride Bucket 117 is equal to 1429
Local Byte Stride Bucket 118 is equal to 3727
Local Byte Stride Bucket 119 is equal to 1586
Local Byte Stride Bucket 120 is equal to 34779
Local Byte Stride Bucket 121 is equal to 1547
Local Byte Stride Bucket 122 is equal to 4767
Local Byte Stride Bucket 123 is equal to 1781
Local Byte Stride Bucket 124 is equal to 8021
Local Byte Stride Bucket 125 is equal to 1999
Local Byte Stride Bucket 126 is equal to 12234
Local Byte Stride Bucket 127 is equal to 1729
Local Byte Stride Bucket 128 is equal to 105486
Local Byte Stride Bucket 129 is equal to 1621
Local Byte Stride Bucket 130 is equal to 19827
Local Byte Stride Bucket 131 is equal to 1462
Local Byte Stride Bucket 132 is equal to 10698
Local Byte Stride Bucket 133 is equal to 1528
Local Byte Stride Bucket 134 is equal to 6625
Local Byte Stride Bucket 135 is equal to 1132
Local Byte Stride Bucket 136 is equal to 35884
Local Byte Stride Bucket 137 is equal to 1176
Local Byte Stride Bucket 138 is equal to 4105
Local Byte Stride Bucket 139 is equal to 1405
Local Byte Stride Bucket 140 is equal to 3636
Local Byte Stride Bucket 141 is equal to 1083
Local Byte Stride Bucket 142 is equal to 3581
Local Byte Stride Bucket 143 is equal to 962
Local Byte Stride Bucket 144 is equal to 38542
Local Byte Stride Bucket 145 is equal to 1126
Local Byte Stride Bucket 146 is equal to 2402
Local Byte Stride Bucket 147 is equal to 842
Local Byte Stride Bucket 148 is equal to 2310
Local Byte Stride Bucket 149 is equal to 830
Local Byte Stride Bucket 150 is equal to 2104
Local Byte Stride Bucket 151 is equal to 1023
Local Byte Stride Bucket 152 is equal to 32372
Local Byte Stride Bucket 153 is equal to 699
Local Byte Stride Bucket 154 is equal to 2063
Local Byte Stride Bucket 155 is equal to 801
Local Byte Stride Bucket 156 is equal to 1847
Local Byte Stride Bucket 157 is equal to 956
Local Byte Stride Bucket 158 is equal to 1833
Local Byte Stride Bucket 159 is equal to 642
Local Byte Stride Bucket 160 is equal to 32199
Local Byte Stride Bucket 161 is equal to 622
Local Byte Stride Bucket 162 is equal to 2039
Local Byte Stride Bucket 163 is equal to 850
Local Byte Stride Bucket 164 is equal to 1406
Local Byte Stride Bucket 165 is equal to 648
Local Byte Stride Bucket 166 is equal to 1353
Local Byte Stride Bucket 167 is equal to 659
Local Byte Stride Bucket 168 is equal to 30919
Local Byte Stride Bucket 169 is equal to 777
Local Byte Stride Bucket 170 is equal to 1203
Local Byte Stride Bucket 171 is equal to 673
Local Byte Stride Bucket 172 is equal to 1379
Local Byte Stride Bucket 173 is equal to 643
Local Byte Stride Bucket 174 is equal to 1182
Local Byte Stride Bucket 175 is equal to 751
Local Byte Stride Bucket 176 is equal to 30964
Local Byte Stride Bucket 177 is equal to 682
Local Byte Stride Bucket 178 is equal to 1070
Local Byte Stride Bucket 179 is equal to 618
Local Byte Stride Bucket 180 is equal to 1045
Local Byte Stride Bucket 181 is equal to 681
Local Byte Stride Bucket 182 is equal to 1201
Local Byte Stride Bucket 183 is equal to 603
Local Byte Stride Bucket 184 is equal to 31011
Local Byte Stride Bucket 185 is equal to 585
Local Byte Stride Bucket 186 is equal to 1987
Local Byte Stride Bucket 187 is equal to 592
Local Byte Stride Bucket 188 is equal to 2955
Local Byte Stride Bucket 189 is equal to 775
Local Byte Stride Bucket 190 is equal to 17580
Local Byte Stride Bucket 191 is equal to 715
Local Byte Stride Bucket 192 is equal to 35975
Local Byte Stride Bucket 193 is equal to 710
Local Byte Stride Bucket 194 is equal to 3811
Local Byte Stride Bucket 195 is equal to 640
Local Byte Stride Bucket 196 is equal to 2708
Local Byte Stride Bucket 197 is equal to 619
Local Byte Stride Bucket 198 is equal to 6643
Local Byte Stride Bucket 199 is equal to 575
Local Byte Stride Bucket 200 is equal to 30280
Local Byte Stride Bucket 201 is equal to 529
Local Byte Stride Bucket 202 is equal to 728
Local Byte Stride Bucket 203 is equal to 504
Local Byte Stride Bucket 204 is equal to 691
Local Byte Stride Bucket 205 is equal to 589
Local Byte Stride Bucket 206 is equal to 654
Local Byte Stride Bucket 207 is equal to 468
Local Byte Stride Bucket 208 is equal to 29791
Local Byte Stride Bucket 209 is equal to 582
Local Byte Stride Bucket 210 is equal to 693
Local Byte Stride Bucket 211 is equal to 546
Local Byte Stride Bucket 212 is equal to 802
Local Byte Stride Bucket 213 is equal to 470
Local Byte Stride Bucket 214 is equal to 675
Local Byte Stride Bucket 215 is equal to 508
Local Byte Stride Bucket 216 is equal to 29833
Local Byte Stride Bucket 217 is equal to 438
Local Byte Stride Bucket 218 is equal to 1337
Local Byte Stride Bucket 219 is equal to 440
Local Byte Stride Bucket 220 is equal to 1824
Local Byte Stride Bucket 221 is equal to 441
Local Byte Stride Bucket 222 is equal to 2500
Local Byte Stride Bucket 223 is equal to 388
Local Byte Stride Bucket 224 is equal to 32214
Local Byte Stride Bucket 225 is equal to 425
Local Byte Stride Bucket 226 is equal to 2959
Local Byte Stride Bucket 227 is equal to 432
Local Byte Stride Bucket 228 is equal to 2041
Local Byte Stride Bucket 229 is equal to 516
Local Byte Stride Bucket 230 is equal to 1358
Local Byte Stride Bucket 231 is equal to 419
Local Byte Stride Bucket 232 is equal to 29579
Local Byte Stride Bucket 233 is equal to 385
Local Byte Stride Bucket 234 is equal to 591
Local Byte Stride Bucket 235 is equal to 414
Local Byte Stride Bucket 236 is equal to 601
Local Byte Stride Bucket 237 is equal to 377
Local Byte Stride Bucket 238 is equal to 632
Local Byte Stride Bucket 239 is equal to 402
Local Byte Stride Bucket 240 is equal to 29381
Local Byte Stride Bucket 241 is equal to 422
Local Byte Stride Bucket 242 is equal to 567
Local Byte Stride Bucket 243 is equal to 358
Local Byte Stride Bucket 244 is equal to 626
Local Byte Stride Bucket 245 is equal to 451
Local Byte Stride Bucket 246 is equal to 723
Local Byte Stride Bucket 247 is equal to 493
Local Byte Stride Bucket 248 is equal to 29438
Local Byte Stride Bucket 249 is equal to 574
Local Byte Stride Bucket 250 is equal to 1263
Local Byte Stride Bucket 251 is equal to 608
Local Byte Stride Bucket 252 is equal to 2501
Local Byte Stride Bucket 253 is equal to 669
Local Byte Stride Bucket 254 is equal to 4081
Local Byte Stride Bucket 255 is equal to 733
Local Byte Stride Bucket 256 is equal to 4742078

Local Cache Stride Bucket 0 is equal to 15148833
Local Cache Stride Bucket 1 is equal to 2093244
Local Cache Stride Bucket 2 is equal to 551501
Local Cache Stride Bucket 3 is equal to 340196
Local Cache Stride Bucket 4 is equal to 365603
Local Cache Stride Bucket 5 is equal to 268688
Local Cache Stride Bucket 6 is equal to 240336
Local Cache Stride Bucket 7 is equal to 216480
Local Cache Stride Bucket 8 is equal to 237348
Local Cache Stride Bucket 9 is equal to 191182
Local Cache Stride Bucket 10 is equal to 183675
Local Cache Stride Bucket 11 is equal to 175476
Local Cache Stride Bucket 12 is equal to 166895
Local Cache Stride Bucket 13 is equal to 158537
Local Cache Stride Bucket 14 is equal to 149455
Local Cache Stride Bucket 15 is equal to 141297
Local Cache Stride Bucket 16 is equal to 149868
Local Cache Stride Bucket 17 is equal to 124211
Local Cache Stride Bucket 18 is equal to 115677
Local Cache Stride Bucket 19 is equal to 107859
Local Cache Stride Bucket 20 is equal to 99711
Local Cache Stride Bucket 21 is equal to 92186
Local Cache Stride Bucket 22 is equal to 85235
Local Cache Stride Bucket 23 is equal to 88468
Local Cache Stride Bucket 24 is equal to 434437
Local Cache Stride Bucket 25 is equal to 70657
Local Cache Stride Bucket 26 is equal to 52473
Local Cache Stride Bucket 27 is equal to 42410
Local Cache Stride Bucket 28 is equal to 33621
Local Cache Stride Bucket 29 is equal to 25390
Local Cache Stride Bucket 30 is equal to 17059
Local Cache Stride Bucket 31 is equal to 9128
Local Cache Stride Bucket 32 is equal to 11892
Local Cache Stride Bucket 33 is equal to 957
Local Cache Stride Bucket 34 is equal to 843
Local Cache Stride Bucket 35 is equal to 810
Local Cache Stride Bucket 36 is equal to 835
Local Cache Stride Bucket 37 is equal to 856
Local Cache Stride Bucket 38 is equal to 815
Local Cache Stride Bucket 39 is equal to 762
Local Cache Stride Bucket 40 is equal to 9315
Local Cache Stride Bucket 41 is equal to 723
Local Cache Stride Bucket 42 is equal to 702
Local Cache Stride Bucket 43 is equal to 701
Local Cache Stride Bucket 44 is equal to 682
Local Cache Stride Bucket 45 is equal to 1808
Local Cache Stride Bucket 46 is equal to 3016
Local Cache Stride Bucket 47 is equal to 13631
Local Cache Stride Bucket 48 is equal to 217376
Local Cache Stride Bucket 49 is equal to 9236
Local Cache Stride Bucket 50 is equal to 1958
Local Cache Stride Bucket 51 is equal to 828
Local Cache Stride Bucket 52 is equal to 540
Local Cache Stride Bucket 53 is equal to 534
Local Cache Stride Bucket 54 is equal to 448
Local Cache Stride Bucket 55 is equal to 495
Local Cache Stride Bucket 56 is equal to 5229
Local Cache Stride Bucket 57 is equal to 503
Local Cache Stride Bucket 58 is equal to 451
Local Cache Stride Bucket 59 is equal to 444
Local Cache Stride Bucket 60 is equal to 449
Local Cache Stride Bucket 61 is equal to 495
Local Cache Stride Bucket 62 is equal to 444
Local Cache Stride Bucket 63 is equal to 482
Local Cache Stride Bucket 64 is equal to 3178
Local Cache Stride Bucket 65 is equal to 454
Local Cache Stride Bucket 66 is equal to 430
Local Cache Stride Bucket 67 is equal to 390
Local Cache Stride Bucket 68 is equal to 1071
Local Cache Stride Bucket 69 is equal to 1751
Local Cache Stride Bucket 70 is equal to 2684
Local Cache Stride Bucket 71 is equal to 7716
Local Cache Stride Bucket 72 is equal to 86873
Local Cache Stride Bucket 73 is equal to 4157
Local Cache Stride Bucket 74 is equal to 1159
Local Cache Stride Bucket 75 is equal to 516
Local Cache Stride Bucket 76 is equal to 327
Local Cache Stride Bucket 77 is equal to 335
Local Cache Stride Bucket 78 is equal to 339
Local Cache Stride Bucket 79 is equal to 302
Local Cache Stride Bucket 80 is equal to 899
Local Cache Stride Bucket 81 is equal to 305
Local Cache Stride Bucket 82 is equal to 364
Local Cache Stride Bucket 83 is equal to 312
Local Cache Stride Bucket 84 is equal to 313
Local Cache Stride Bucket 85 is equal to 280
Local Cache Stride Bucket 86 is equal to 296
Local Cache Stride Bucket 87 is equal to 306
Local Cache Stride Bucket 88 is equal to 560
Local Cache Stride Bucket 89 is equal to 305
Local Cache Stride Bucket 90 is equal to 262
Local Cache Stride Bucket 91 is equal to 287
Local Cache Stride Bucket 92 is equal to 248
Local Cache Stride Bucket 93 is equal to 1311
Local Cache Stride Bucket 94 is equal to 2557
Local Cache Stride Bucket 95 is equal to 6947
Local Cache Stride Bucket 96 is equal to 69178
Local Cache Stride Bucket 97 is equal to 2216
Local Cache Stride Bucket 98 is equal to 621
Local Cache Stride Bucket 99 is equal to 431
Local Cache Stride Bucket 100 is equal to 315
Local Cache Stride Bucket 101 is equal to 325
Local Cache Stride Bucket 102 is equal to 310
Local Cache Stride Bucket 103 is equal to 254
Local Cache Stride Bucket 104 is equal to 385
Local Cache Stride Bucket 105 is equal to 304
Local Cache Stride Bucket 106 is equal to 284
Local Cache Stride Bucket 107 is equal to 284
Local Cache Stride Bucket 108 is equal to 244
Local Cache Stride Bucket 109 is equal to 263
Local Cache Stride Bucket 110 is equal to 278
Local Cache Stride Bucket 111 is equal to 311
Local Cache Stride Bucket 112 is equal to 343
Local Cache Stride Bucket 113 is equal to 323
Local Cache Stride Bucket 114 is equal to 325
Local Cache Stride Bucket 115 is equal to 324
Local Cache Stride Bucket 116 is equal to 364
Local Cache Stride Bucket 117 is equal to 1366
Local Cache Stride Bucket 118 is equal to 1960
Local Cache Stride Bucket 119 is equal to 4974
Local Cache Stride Bucket 120 is equal to 48753
Local Cache Stride Bucket 121 is equal to 1616
Local Cache Stride Bucket 122 is equal to 517
Local Cache Stride Bucket 123 is equal to 430
Local Cache Stride Bucket 124 is equal to 339
Local Cache Stride Bucket 125 is equal to 379
Local Cache Stride Bucket 126 is equal to 497
Local Cache Stride Bucket 127 is equal to 567
Local Cache Stride Bucket 128 is equal to 1232
Local Cache Stride Bucket 129 is equal to 204
Local Cache Stride Bucket 130 is equal to 208
Local Cache Stride Bucket 131 is equal to 207
Local Cache Stride Bucket 132 is equal to 196
Local Cache Stride Bucket 133 is equal to 162
Local Cache Stride Bucket 134 is equal to 203
Local Cache Stride Bucket 135 is equal to 214
Local Cache Stride Bucket 136 is equal to 188
Local Cache Stride Bucket 137 is equal to 189
Local Cache Stride Bucket 138 is equal to 203
Local Cache Stride Bucket 139 is equal to 212
Local Cache Stride Bucket 140 is equal to 199
Local Cache Stride Bucket 141 is equal to 1129
Local Cache Stride Bucket 142 is equal to 1267
Local Cache Stride Bucket 143 is equal to 3388
Local Cache Stride Bucket 144 is equal to 32910
Local Cache Stride Bucket 145 is equal to 671
Local Cache Stride Bucket 146 is equal to 311
Local Cache Stride Bucket 147 is equal to 247
Local Cache Stride Bucket 148 is equal to 175
Local Cache Stride Bucket 149 is equal to 182
Local Cache Stride Bucket 150 is equal to 172
Local Cache Stride Bucket 151 is equal to 171
Local Cache Stride Bucket 152 is equal to 173
Local Cache Stride Bucket 153 is equal to 149
Local Cache Stride Bucket 154 is equal to 149
Local Cache Stride Bucket 155 is equal to 167
Local Cache Stride Bucket 156 is equal to 146
Local Cache Stride Bucket 157 is equal to 159
Local Cache Stride Bucket 158 is equal to 118
Local Cache Stride Bucket 159 is equal to 175
Local Cache Stride Bucket 160 is equal to 192
Local Cache Stride Bucket 161 is equal to 142
Local Cache Stride Bucket 162 is equal to 165
Local Cache Stride Bucket 163 is equal to 175
Local Cache Stride Bucket 164 is equal to 136
Local Cache Stride Bucket 165 is equal to 744
Local Cache Stride Bucket 166 is equal to 767
Local Cache Stride Bucket 167 is equal to 1882
Local Cache Stride Bucket 168 is equal to 17991
Local Cache Stride Bucket 169 is equal to 434
Local Cache Stride Bucket 170 is equal to 229
Local Cache Stride Bucket 171 is equal to 214
Local Cache Stride Bucket 172 is equal to 124
Local Cache Stride Bucket 173 is equal to 141
Local Cache Stride Bucket 174 is equal to 153
Local Cache Stride Bucket 175 is equal to 160
Local Cache Stride Bucket 176 is equal to 181
Local Cache Stride Bucket 177 is equal to 166
Local Cache Stride Bucket 178 is equal to 167
Local Cache Stride Bucket 179 is equal to 143
Local Cache Stride Bucket 180 is equal to 142
Local Cache Stride Bucket 181 is equal to 123
Local Cache Stride Bucket 182 is equal to 132
Local Cache Stride Bucket 183 is equal to 129
Local Cache Stride Bucket 184 is equal to 151
Local Cache Stride Bucket 185 is equal to 140
Local Cache Stride Bucket 186 is equal to 160
Local Cache Stride Bucket 187 is equal to 149
Local Cache Stride Bucket 188 is equal to 128
Local Cache Stride Bucket 189 is equal to 97
Local Cache Stride Bucket 190 is equal to 121
Local Cache Stride Bucket 191 is equal to 112
Local Cache Stride Bucket 192 is equal to 129
Local Cache Stride Bucket 193 is equal to 104
Local Cache Stride Bucket 194 is equal to 144
Local Cache Stride Bucket 195 is equal to 137
Local Cache Stride Bucket 196 is equal to 159
Local Cache Stride Bucket 197 is equal to 133
Local Cache Stride Bucket 198 is equal to 119
Local Cache Stride Bucket 199 is equal to 134
Local Cache Stride Bucket 200 is equal to 111
Local Cache Stride Bucket 201 is equal to 148
Local Cache Stride Bucket 202 is equal to 130
Local Cache Stride Bucket 203 is equal to 113
Local Cache Stride Bucket 204 is equal to 114
Local Cache Stride Bucket 205 is equal to 106
Local Cache Stride Bucket 206 is equal to 102
Local Cache Stride Bucket 207 is equal to 114
Local Cache Stride Bucket 208 is equal to 108
Local Cache Stride Bucket 209 is equal to 124
Local Cache Stride Bucket 210 is equal to 106
Local Cache Stride Bucket 211 is equal to 111
Local Cache Stride Bucket 212 is equal to 105
Local Cache Stride Bucket 213 is equal to 118
Local Cache Stride Bucket 214 is equal to 106
Local Cache Stride Bucket 215 is equal to 109
Local Cache Stride Bucket 216 is equal to 93
Local Cache Stride Bucket 217 is equal to 100
Local Cache Stride Bucket 218 is equal to 102
Local Cache Stride Bucket 219 is equal to 116
Local Cache Stride Bucket 220 is equal to 127
Local Cache Stride Bucket 221 is equal to 141
Local Cache Stride Bucket 222 is equal to 110
Local Cache Stride Bucket 223 is equal to 138
Local Cache Stride Bucket 224 is equal to 112
Local Cache Stride Bucket 225 is equal to 144
Local Cache Stride Bucket 226 is equal to 117
Local Cache Stride Bucket 227 is equal to 142
Local Cache Stride Bucket 228 is equal to 112
Local Cache Stride Bucket 229 is equal to 90
Local Cache Stride Bucket 230 is equal to 123
Local Cache Stride Bucket 231 is equal to 97
Local Cache Stride Bucket 232 is equal to 91
Local Cache Stride Bucket 233 is equal to 110
Local Cache Stride Bucket 234 is equal to 130
Local Cache Stride Bucket 235 is equal to 140
Local Cache Stride Bucket 236 is equal to 120
Local Cache Stride Bucket 237 is equal to 89
Local Cache Stride Bucket 238 is equal to 104
Local Cache Stride Bucket 239 is equal to 112
Local Cache Stride Bucket 240 is equal to 118
Local Cache Stride Bucket 241 is equal to 103
Local Cache Stride Bucket 242 is equal to 146
Local Cache Stride Bucket 243 is equal to 130
Local Cache Stride Bucket 244 is equal to 127
Local Cache Stride Bucket 245 is equal to 96
Local Cache Stride Bucket 246 is equal to 105
Local Cache Stride Bucket 247 is equal to 113
Local Cache Stride Bucket 248 is equal to 137
Local Cache Stride Bucket 249 is equal to 107
Local Cache Stride Bucket 250 is equal to 100
Local Cache Stride Bucket 251 is equal to 120
Local Cache Stride Bucket 252 is equal to 102
Local Cache Stride Bucket 253 is equal to 96
Local Cache Stride Bucket 254 is equal to 125
Local Cache Stride Bucket 255 is equal to 85
Local Cache Stride Bucket 256 is equal to 190843


            "0": "11755496",
            "1": "255435",
            "2": "762105",
            "3": "31089",
            "4": "1347014",
            "5": "17815",
            "6": "257935",
            "7": "14106",
            "8": "150407",
            "9": "9965",
            "10": "83611",
            "11": "8191",
            "12": "96291",
            "13": "7201",
            "14": "76909",
            "15": "6523",
            "16": "146415",
            "17": "8801",
            "18": "52014",
            "19": "7917",
            "20": "39836",
            "21": "6994",
            "22": "27875",
            "23": "6717",
            "24": "67279",
            "25": "6436",
            "26": "23107",
            "27": "5347",
            "28": "26161",
            "29": "5439",
            "30": "35261",
            "31": "4918",
            "32": "99122",
            "33": "4973",
            "34": "26368",
            "35": "4702",
            "36": "16775",
            "37": "4342",
            "38": "13370",
            "39": "3994",
            "40": "43353",
            "41": "3596",
            "42": "8899",
            "43": "3284",
            "44": "8834",
            "45": "3120",
            "46": "12629",
            "47": "3076",
            "48": "63407",
            "49": "2782",
            "50": "12261",
            "51": "2908",
            "52": "8078",
            "53": "2752",
            "54": "7286",
            "55": "2818",
            "56": "39211",
            "57": "3197",
            "58": "6818",
            "59": "3138",
            "60": "8512",
            "61": "4106",
            "62": "18614",
            "63": "3982",
            "64": "1201441",
            "65": "3630",
            "66": "8250",
            "67": "3516",
            "68": "7587",
            "69": "3287",
            "70": "7005",
            "71": "3057",
            "72": "36747",
            "73": "2838",
            "74": "4947",
            "75": "2581",
            "76": "4796",
            "77": "2586",
            "78": "5234",
            "79": "2186",
            "80": "36526",
            "81": "2152",
            "82": "4712",
            "83": "1980",
            "84": "4288",
            "85": "1854",
            "86": "4422",
            "87": "1886",
            "88": "35074",
            "89": "1669",
            "90": "6091",
            "91": "1799",
            "92": "8008",
            "93": "1868",
            "94": "29438",
            "95": "1827",
            "96": "46019",
            "97": "1623",
            "98": "11045",
            "99": "1521",
            "100": "8652",
            "101": "1478",
            "102": "12149",
            "103": "1273",
            "104": "34296",
            "105": "1342",
            "106": "3303",
            "107": "1255",
            "108": "3235",
            "109": "1224",
            "110": "3038",
            "111": "1212",
            "112": "34313",
            "113": "1322",
            "114": "3710",
            "115": "1406",
            "116": "3486",
            "117": "1429",
            "118": "3727",
            "119": "1586",
            "120": "34779",
            "121": "1547",
            "122": "4767",
            "123": "1781",
            "124": "8021",
            "125": "1999",
            "126": "12234",
            "127": "1729",
            "128": "105486",
            "129": "1621",
            "130": "19827",
            "131": "1462",
            "132": "10698",
            "133": "1528",
            "134": "6625",
            "135": "1132",
            "136": "35884",
            "137": "1176",
            "138": "4105",
            "139": "1405",
            "140": "3636",
            "141": "1083",
            "142": "3581",
            "143": "962",
            "144": "38542",
            "145": "1126",
            "146": "2402",
            "147": "842",
            "148": "2310",
            "149": "830",
            "150": "2104",
            "151": "1023",
            "152": "32372",
            "153": "699",
            "154": "2063",
            "155": "801",
            "156": "1847",
            "157": "956",
            "158": "1833",
            "159": "642",
            "160": "32199",
            "161": "622",
            "162": "2039",
            "163": "850",
            "164": "1406",
            "165": "648",
            "166": "1353",
            "167": "659",
            "168": "30919",
            "169": "777",
            "170": "1203",
            "171": "673",
            "172": "1379",
            "173": "643",
            "174": "1182",
            "175": "751",
            "176": "30964",
            "177": "682",
            "178": "1070",
            "179": "618",
            "180": "1045",
            "181": "681",
            "182": "1201",
            "183": "603",
            "184": "31011",
            "185": "585",
            "186": "1987",
            "187": "592",
            "188": "2955",
            "189": "775",
            "190": "17580",
            "191": "715",
            "192": "35975",
            "193": "710",
            "194": "3811",
            "195": "640",
            "196": "2708",
            "197": "619",
            "198": "6643",
            "199": "575",
            "200": "30280",
            "201": "529",
            "202": "728",
            "203": "504",
            "204": "691",
            "205": "589",
            "206": "654",
            "207": "468",
            "208": "29791",
            "209": "582",
            "210": "693",
            "211": "546",
            "212": "802",
            "213": "470",
            "214": "675",
            "215": "508",
            "216": "29833",
            "217": "438",
            "218": "1337",
            "219": "440",
            "220": "1824",
            "221": "441",
            "222": "2500",
            "223": "388",
            "224": "32214",
            "225": "425",
            "226": "2959",
            "227": "432",
            "228": "2041",
            "229": "516",
            "230": "1358",
            "231": "419",
            "232": "29579",
            "233": "385",
            "234": "591",
            "235": "414",
            "236": "601",
            "237": "377",
            "238": "632",
            "239": "402",
            "240": "29381",
            "241": "422",
            "242": "567",
            "243": "358",
            "244": "626",
            "245": "451",
            "246": "723",
            "247": "493",
            "248": "29438",
            "249": "574",
            "250": "1263",
            "251": "608",
            "252": "2501",
            "253": "669",
            "254": "4081",
            "255": "733",
            "256": "4742078",


# END_DYNAMIC_STATS
