# Mix output version 2
# FINI: end of program
# EMIT_DYNAMIC_STATS FOR TID 1, ins = 100001506
Dynamic Instruction Count = 100001506, Dyn BBL Count = 12500949
RAWdep[ 0] = 0
RAWdep[ 1] = 32360204
RAWdep[ 2] = 11206503
RAWdep[ 3] = 6061111
RAWdep[ 4] = 8068672
RAWdep[ 5] = 4028447
RAWdep[ 6] = 5260267
RAWdep[ 7] = 4055756
RAWdep[ 8] = 3659791
RAWdep[ 9] = 5152285
RAWdep[ 10] = 4961419
RAWdep[ 11] = 2789752
RAWdep[ 12] = 2429547
RAWdep[ 13] = 2932687
RAWdep[ 14] = 1695270
RAWdep[ 15] = 1201899
RAWdep[ 16] = 2320871
RAWdep[ 17] = 3566186
RAWdep[ 18] = 925669
RAWdep[ 19] = 1221348
RAWdep[ 20] = 1254058
RAWdep[ 21] = 699104
RAWdep[ 22] = 396417
RAWdep[ 23] = 415434
RAWdep[ 24] = 132815
RAWdep[ 25] = 170765
RAWdep[ 26] = 392478
RAWdep[ 27] = 364841
RAWdep[ 28] = 315224
RAWdep[ 29] = 212729
RAWdep[ 30] = 57199
RAWdep[ 31] = 87593
RAWdep[ 32] = 241029
RAWdep[ 33] = 38448386

WAWdep[ 0] = 0
WAWdep[ 1] = 30968590
WAWdep[ 2] = 16164682
WAWdep[ 3] = 9852925
WAWdep[ 4] = 9491949
WAWdep[ 5] = 6073848
WAWdep[ 6] = 4747360
WAWdep[ 7] = 4305302
WAWdep[ 8] = 2739715
WAWdep[ 9] = 4272898
WAWdep[ 10] = 3596532
WAWdep[ 11] = 2712283
WAWdep[ 12] = 2489806
WAWdep[ 13] = 1882931
WAWdep[ 14] = 2000274
WAWdep[ 15] = 943391
WAWdep[ 16] = 972431
WAWdep[ 17] = 4877483
WAWdep[ 18] = 1669748
WAWdep[ 19] = 1971192
WAWdep[ 20] = 2743469
WAWdep[ 21] = 1488363
WAWdep[ 22] = 582518
WAWdep[ 23] = 201977
WAWdep[ 24] = 357100
WAWdep[ 25] = 352590
WAWdep[ 26] = 519896
WAWdep[ 27] = 668287
WAWdep[ 28] = 352101
WAWdep[ 29] = 268946
WAWdep[ 30] = 147770
WAWdep[ 31] = 198697
WAWdep[ 32] = 155496
WAWdep[ 33] = 8041026

WARdep[ 0] = 47910647
WARdep[ 1] = 6645113
WARdep[ 2] = 5188784
WARdep[ 3] = 5566187
WARdep[ 4] = 7395867
WARdep[ 5] = 5288018
WARdep[ 6] = 3886889
WARdep[ 7] = 3858916
WARdep[ 8] = 6105799
WARdep[ 9] = 6508708
WARdep[ 10] = 4589241
WARdep[ 11] = 1561980
WARdep[ 12] = 2477422
WARdep[ 13] = 2051171
WARdep[ 14] = 3034333
WARdep[ 15] = 2007969
WARdep[ 16] = 1845450
WARdep[ 17] = 467322
WARdep[ 18] = 824744
WARdep[ 19] = 583082
WARdep[ 20] = 443203
WARdep[ 21] = 173822
WARdep[ 22] = 73774
WARdep[ 23] = 243858
WARdep[ 24] = 180706
WARdep[ 25] = 276648
WARdep[ 26] = 317640
WARdep[ 27] = 398589
WARdep[ 28] = 91734
WARdep[ 29] = 84616
WARdep[ 30] = 316856
WARdep[ 31] = 170758
WARdep[ 32] = 102899
WARdep[ 33] = 7138831


		"0": "0",
		"1": "32360204",
		"2": "11206503",
		"3": "6061111",
		"4": "8068672",
		"5": "4028447",
		"6": "5260267",
		"7": "4055756",
		"8": "3659791",
		"9": "5152285",
		"10": "4961419",
		"11": "2789752",
		"12": "2429547",
		"13": "2932687",
		"14": "1695270",
		"15": "1201899",
		"16": "2320871",
		"17": "3566186",
		"18": "925669",
		"19": "1221348",
		"20": "1254058",
		"21": "699104",
		"22": "396417",
		"23": "415434",
		"24": "132815",
		"25": "170765",
		"26": "392478",
		"27": "364841",
		"28": "315224",
		"29": "212729",
		"30": "57199",
		"31": "87593",
		"32": "241029",
		"33": "38448386",


# END_DYNAMIC_STATS
