# Branch output version 3
Dynamic_Instruction_Count: 100001501
Dynamic_Conditional_Branch_Count: 14549758
Dynamic_Unconditional_Branch_Count: 1778324
Total_Taken_Branches: 8631980
Total_Branch_Transitions: 1839259

Local Branch Stats (Total Count; Taken Count; Transition Count)
23 0 0
23 0 0
23 0 0
23 0 0
23 0 0
23 0 0
23 0 0
23 0 0
23 0 0
23 23 0
23 0 0
23 0 0
23 0 0
23 0 0
23 0 0
23 0 0
23 0 0
23 0 0
23 0 0
23 0 0
23 0 0
23 0 0
23 0 0
23 0 0
23 23 0
23 0 0
23 23 0
23 23 0
23 0 0
23 23 0
23 0 0
23 23 0
23 0 0
23 0 0
23 23 0
23 23 0
23 23 0
23 23 0
23 0 0
23 0 0
47104 47081 45
23 0 0
46 0 0
46 23 45
23 23 0
23 0 0
23 0 0
23 0 0
23 23 0
23 0 0
23 0 0
23 23 0
23 23 0
23 23 0
156788 154 308
156634 23280 40012
133354 82734 37558
131665 58703 55427
387839 81045 133950
389528 387839 3377
82734 56473 36174
26261 1689 1891
571454 2234 4468
569220 19206 36792
550014 397496 74772
408832 139105 139437
3384629 256313 423078
3525812 3384629 282365
26130 1206 1558
24924 2696 2544
2696 0 0
2696 2511 332
109218 2411 4554
109318 109218 199
26130 26130 0
26130 26130 0
26130 10230 8196
15900 28 54
15872 13223 3131
12907 11300 1891
25123 0 0
25123 0 0
26130 6632 7986
24523 0 0
24523 16425 7870
66409 15418 21434
67416 66409 2013
1007 0 0
1007 1007 0
161616 0 0
161616 0 0
161616 2696 5392
161616 161616 0
373 0 0
8952 5968 5967
2984 373 745
2611 2611 0
373 373 0
373 0 0
373 0 0
7833 5222 5221
2611 0 0
2611 2238 745
8266 2595 2210
5671 705 669
4966 2836 2176
4966 0 0
4966 4636 630
4966 1867 2059
4966 29 58
4937 3812 1631
4455 3330 2187
2836 1895 962
705 274 163
431 349 124
82 25 29
431 431 0
1867 0 0
274 48 35
657 539 116
657 0 0
657 614 74
30490 26678 7623
2595 1105 1142
2595 919 620
539 487 90
8840 7735 2209
23 0 0
8289 23 46
8266 967 1671
153955 0 0
153955 8266 16531
145689 130923 29532
15733 15690 86
43 0 0
8289 0 0
8289 0 0
8289 0 0
8289 8266 46
23 23 0
8266 8266 0
15733 15690 86
15733 15733 0
8266 4630 2002
4630 1215 2430
3415 39 78
3415 223 446
3415 0 0
4630 4630 0
17960 4569 9137
18520 16418 3394
2102 727 671
1375 0 0
1375 1178 271
83005 967 1565
83216 83005 421
1375 815 552
560 499 94
4630 4106 535
524 0 0
3568 3345 445
156 0 0
41184 34320 13727
6864 6708 311
156 0 0
4680 4524 311
156 117 77
20124 15288 9360
4836 4797 77
4106 1934 2354
2172 2172 0
1934 1572 406
362 13 22
349 349 0
1585 1303 378
2256 1974 563
1585 42 72
1585 12 22
9675 8102 2943
6292 6167 228
125 11 15
114 65 44
797 98 34
797 672 200
6292 4719 3145
1573 6 12
1567 1563 8
5 1 2
6396 1028 605
9632 568 154
9632 3104 3533
9632 6396 956
10424 9121 2605
42 18 17
1573 0 0
22715 1215 2293
21500 21475 50
25 1 2
24 17 8
7 5 2
25 0 0
25 1 2
24 17 8
689 202 84
487 364 53
123 79 17
21500 14038 6150
59696 52234 14923
21500 14974 6179
21500 10241 6834
21500 0 0
21500 6543 6187
14957 9922 6074
5035 0 0
5035 4654 689
771 369 168
783 771 24
381 295 128
86 36 31
86 61 26
192 167 41
86 52 31
86000 15073 25032
86000 64500 42999
21500 21500 0
21500 3300 2626
18200 12975 7234
16727 11502 6823
18200 14584 3230
4846 1230 1792
76828 21392 12061
98012 70060 15961
98012 42074 41197
98012 41705 21756
98012 76828 7710
21392 0 0
42074 0 0
42074 3081 4905
5382 3030 1022
5433 5382 102
42074 41519 826
4440 3885 1109
555 392 229
892 729 295
555 344 251
42074 18200 23933
15073 6448 5899
8625 0 0
8625 2524 3212
19888 6101 8678
19888 19888 0
8625 8568 114
232 175 77
8625 7112 1988
1513 547 515
28513 27822 462
28513 19888 12201
8625 8625 0
4159 158 316
12626 4159 1436
8625 8252 250
2984 2611 745
373 334 78
512 473 77
373 303 94
21500 21142 678
21475 7594 6048
13882 13200 328
112304 98266 28075
1 1 0
7594 7462 260
132 132 0
10241 302 544
9939 219 128
10022 9900 224
1 0 0
1028 0 0
3104 1567 1787
17 7 5
7462 5353 1930
5209 1573 2001
5209 5197 24
12 0 0
5353 2518 3339
23 0 0
23 0 0
23 23 0
23 23 0
23 0 0
23 0 0
23 0 0
23 0 0
23 0 0
23 23 0
23 0 0
46 0 0
46 0 0
46 0 0
46 0 0
46 0 0
46 46 0
46 0 0
46 0 0
46 0 0
5842 5796 91
