Block 0x0: Count: 3384629, Running Total: 3384629
Block 0x1: Count: 3525812, Running Total: 6910441
Block 0x2: Count: 550014, Running Total: 7460455
Block 0x3: Count: 161616, Running Total: 7622071
Block 0x4: Count: 162623, Running Total: 7784694
Block 0x5: Count: 112304, Running Total: 7896998
Block 0x6: Count: 133354, Running Total: 8030352
Block 0x7: Count: 571454, Running Total: 8601806
Block 0x8: Count: 141183, Running Total: 8742989
Block 0x9: Count: 269727, Running Total: 9012716
Block 0x10: Count: 387839, Running Total: 9400555
Block 0x11: Count: 98012, Running Total: 9498567
Block 0x12: Count: 389528, Running Total: 9888095
Block 0x13: Count: 21500, Running Total: 9909595
Block 0x14: Count: 569220, Running Total: 10478815
Block 0x15: Count: 161616, Running Total: 10640431
Block 0x16: Count: 161616, Running Total: 10802047
Block 0x17: Count: 161616, Running Total: 10963663
Block 0x18: Count: 66433, Running Total: 11030096
Block 0x19: Count: 57032, Running Total: 11087128
Load metaop: *mem-read-1
Load metaop: *mem-read-2
Load metaop: *mem-read-4
Load metaop: *mem-read-8
Load metaop: *mem-read-16
Store metaop: *mem-write-1
Store metaop: *mem-write-2
Store metaop: *mem-write-4
Store metaop: *mem-write-8
Store metaop: *mem-write-16
Xfer metaop: *category-DATAXFER
Unrecognized opcode CMOVB, classifying as "other"
Unrecognized opcode CMOVBE, classifying as "other"
Unrecognized opcode CMOVNB, classifying as "other"
Unrecognized opcode CMOVNBE, classifying as "other"
Unrecognized opcode CMOVNZ, classifying as "other"
Unrecognized opcode CMOVZ, classifying as "other"
Unrecognized opcode LEAVE, classifying as "other"
Unrecognized opcode NOP, classifying as "other"
Unrecognized opcode SETNBE, classifying as "other"
Unrecognized opcode SETNL, classifying as "other"
Unrecognized opcode SETNZ, classifying as "other"
Total metaop: *total

Done parsing file

"Other" ratio: 27.9853424534%
Sum category count: 144614925
Static BBL count: 26

# FINI: end of program
Dynamic Instruction Count = 100001501, Dyn BBL Count = 11087128
<DynInsCount> 100001501
<BBLCount> 11087128
<TotInsCount> 100001501
<IntCount> 40187511
<IntMulCount> 123488
<IntDivCount> 0
<FPCount> 0
<FPMulCount> 0
<FPDivCount> 0
<LdCount> 25125021
<StCount> 7830083
<Br/CallCount> 16328082
<CondBrCount> 14549758
<OtherCount> 40470982
<SysCallCount> 0

# END_DYNAMIC_STATS


Saving to file ./pinball_out/xalancbmk/t0r7/imix_new.out


