# Mix output version 2
# FINI: end of program
# EMIT_DYNAMIC_STATS FOR TID 1, ins = 100001501
Dynamic Instruction Count = 100001501, Dyn BBL Count = 16328082
RAWdep[ 0] = 0
RAWdep[ 1] = 33872118
RAWdep[ 2] = 11205994
RAWdep[ 3] = 15831160
RAWdep[ 4] = 4477039
RAWdep[ 5] = 5500226
RAWdep[ 6] = 2329648
RAWdep[ 7] = 2659915
RAWdep[ 8] = 5164546
RAWdep[ 9] = 2272962
RAWdep[ 10] = 1336147
RAWdep[ 11] = 1176205
RAWdep[ 12] = 1175234
RAWdep[ 13] = 1105796
RAWdep[ 14] = 874845
RAWdep[ 15] = 443169
RAWdep[ 16] = 1682844
RAWdep[ 17] = 637080
RAWdep[ 18] = 1258735
RAWdep[ 19] = 1275794
RAWdep[ 20] = 417685
RAWdep[ 21] = 382914
RAWdep[ 22] = 762593
RAWdep[ 23] = 759959
RAWdep[ 24] = 1830334
RAWdep[ 25] = 353628
RAWdep[ 26] = 180021
RAWdep[ 27] = 156073
RAWdep[ 28] = 478536
RAWdep[ 29] = 457127
RAWdep[ 30] = 351655
RAWdep[ 31] = 431727
RAWdep[ 32] = 1009259
RAWdep[ 33] = 59211996

WAWdep[ 0] = 0
WAWdep[ 1] = 21060631
WAWdep[ 2] = 22225801
WAWdep[ 3] = 9920940
WAWdep[ 4] = 7568801
WAWdep[ 5] = 10517932
WAWdep[ 6] = 6093790
WAWdep[ 7] = 4650191
WAWdep[ 8] = 7896709
WAWdep[ 9] = 944609
WAWdep[ 10] = 1128197
WAWdep[ 11] = 698133
WAWdep[ 12] = 1062243
WAWdep[ 13] = 1545401
WAWdep[ 14] = 642741
WAWdep[ 15] = 924778
WAWdep[ 16] = 462851
WAWdep[ 17] = 951792
WAWdep[ 18] = 875039
WAWdep[ 19] = 858453
WAWdep[ 20] = 514678
WAWdep[ 21] = 239968
WAWdep[ 22] = 290751
WAWdep[ 23] = 145893
WAWdep[ 24] = 846619
WAWdep[ 25] = 500132
WAWdep[ 26] = 102417
WAWdep[ 27] = 171011
WAWdep[ 28] = 91910
WAWdep[ 29] = 270564
WAWdep[ 30] = 153571
WAWdep[ 31] = 86098
WAWdep[ 32] = 563453
WAWdep[ 33] = 11611701

WARdep[ 0] = 40559687
WARdep[ 1] = 10997929
WARdep[ 2] = 6479400
WARdep[ 3] = 4009427
WARdep[ 4] = 6844593
WARdep[ 5] = 5369383
WARdep[ 6] = 2184057
WARdep[ 7] = 2896935
WARdep[ 8] = 975939
WARdep[ 9] = 1580469
WARdep[ 10] = 1130437
WARdep[ 11] = 1288099
WARdep[ 12] = 2097269
WARdep[ 13] = 1386491
WARdep[ 14] = 1454733
WARdep[ 15] = 1030504
WARdep[ 16] = 901984
WARdep[ 17] = 498864
WARdep[ 18] = 755036
WARdep[ 19] = 696867
WARdep[ 20] = 945074
WARdep[ 21] = 440780
WARdep[ 22] = 1081464
WARdep[ 23] = 279830
WARdep[ 24] = 248539
WARdep[ 25] = 550576
WARdep[ 26] = 207832
WARdep[ 27] = 96503
WARdep[ 28] = 496104
WARdep[ 29] = 423965
WARdep[ 30] = 774693
WARdep[ 31] = 191921
WARdep[ 32] = 294595
WARdep[ 33] = 16447819


		"0": "0",
		"1": "33872118",
		"2": "11205994",
		"3": "15831160",
		"4": "4477039",
		"5": "5500226",
		"6": "2329648",
		"7": "2659915",
		"8": "5164546",
		"9": "2272962",
		"10": "1336147",
		"11": "1176205",
		"12": "1175234",
		"13": "1105796",
		"14": "874845",
		"15": "443169",
		"16": "1682844",
		"17": "637080",
		"18": "1258735",
		"19": "1275794",
		"20": "417685",
		"21": "382914",
		"22": "762593",
		"23": "759959",
		"24": "1830334",
		"25": "353628",
		"26": "180021",
		"27": "156073",
		"28": "478536",
		"29": "457127",
		"30": "351655",
		"31": "431727",
		"32": "1009259",
		"33": "59211996",


# END_DYNAMIC_STATS
