# Branch output version 3
Dynamic_Instruction_Count: 100101483
Dynamic_Conditional_Branch_Count: 11324939
Dynamic_Unconditional_Branch_Count: 5454533
Total_Taken_Branches: 10265699
Total_Branch_Transitions: 2682684

Local Branch Stats (Total Count; Taken Count; Transition Count)
24608 6068 7401
18540 6295 6775
24608 18456 12303
6152 0 0
6152 5470 1364
682 387 583
6068 4753 2629
2040 725 1265
6295 873 1702
5422 1984 2716
6152 0 0
6152 0 0
6152 0 0
6152 0 0
6152 6152 0
80834 0 0
80834 0 0
80834 0 0
80834 0 0
86986 80834 12303
6152 1703 3405
4449 1287 2572
3162 1819 2685
4809 4809 0
1287 0 0
2990 0 0
182 0 0
182 0 0
182 0 0
182 0 0
6152 0 0
6152 634 1268
5518 0 0
6152 634 1268
5518 0 0
1268 1268 0
1268 0 0
1268 1268 0
1268 0 0
1268 0 0
1268 1268 0
1268 0 0
1268 0 0
1268 1268 0
635 635 0
634 0 0
33761 10974 15648
30987 2477 4934
51354 33761 14758
20367 17138 6113
5706 5072 1267
10974 8200 2825
635 635 0
28922 403 806
28519 0 0
28519 231 462
28287 1484 2161
27438 8875 1125
18563 771 1376
182042 6328 12655
6968 656 1269
6333 6333 0
656 21 40
6334 0 0
6334 182 362
6152 6152 0
21 0 0
634 634 0
634 0 0
634 634 0
634 0 0
634 0 0
634 7 14
634 0 0
634 0 0
634 634 0
634 634 0
634 0 0
634 634 0
634 0 0
634 634 0
634 0 0
634 0 0
592 485 196
107 35 57
72 3 4
71 5 10
66 0 0
69 18 34
51 0 0
54 0 0
54 0 0
216 54 107
162 49 79
72 27 39
158 72 92
216 162 107
54 1 2
54 3 6
54 3 6
54 0 0
216 54 107
162 49 79
72 27 39
158 72 92
216 162 107
35 33 4
5 2 2
18 15 4
135914 77832 50883
58082 1187 1868
56895 333 582
56562 177 318
24608 6152 12303
18456 4024 4436
11424 3682 5142
22174 11424 14938
24608 18456 12303
8160 2040 4079
6120 1057 2096
4010 62 120
9011 4010 6044
8160 6120 4079
634 0 0
6181 404 808
10974 6181 3960
4793 4563 459
6728 2227 3987
6728 1907 3144
6728 79 158
6728 5422 2038
6728 3374 3652
3354 301 602
3053 330 659
2723 0 0
2723 272 542
79 27 19
52 0 0
52 9 7
43 0 0
1907 0 0
1907 44 86
1863 0 0
1863 469 937
2227 375 739
1852 42 84
1810 62 124
1748 0 0
8044 2011 4021
6033 2340 2014
2599 623 1067
5669 2599 3530
8044 6033 4021
8044 2304 3907
8044 6033 4021
40112 10028 20055
30084 7644 8800
16311 5251 7396
33500 16311 23546
40112 30084 20055
10028 7724 2365
27438 2011 3786
101708 25427 50853
76281 18456 24595
40479 10655 15238
87649 40479 55944
101708 76281 50853
101708 61138 44127
101708 76281 50853
25427 755 1480
61138 29602 29002
31536 0 0
31536 6118 9734
25418 16041 13357
17251 3418 5380
17251 3219 5100
17251 2834 4485
17251 9377 4266
17251 13448 6079
3803 993 1457
2810 561 896
2249 0 0
2249 145 278
29602 24065 9397
34632 8658 17315
25974 8822 9740
11280 2666 3766
25766 11280 16518
34632 25974 17315
8658 3121 2462
9052 2263 4525
6789 2114 2838
2849 1163 1273
6361 2849 4222
9052 6789 4525
2263 1508 1509
2834 468 758
2366 0 0
2366 118 220
2248 81 144
3219 0 0
3219 1090 1480
2129 165 290
1964 163 264
3418 794 1230
2624 367 616
2257 187 346
2070 0 0
24572 4748 7720
24572 3685 6102
24572 2754 4726
24572 16041 6584
24572 19711 8010
4861 1248 1785
3613 491 738
3122 0 0
3122 520 890
2754 926 1213
1828 0 0
1828 541 771
1287 144 272
3685 0 0
3685 490 766
3195 412 674
2783 419 711
4748 757 1217
3991 667 1072
3324 1117 1503
2207 0 0
10974 8148 2901
2826 948 1201
1878 1867 20
948 41 66
186994 132307 68179
54687 20948 26356
33739 31938 2674
20947 2398 2561
87116 70968 20973
70968 8157 10939
68376 14677 19031
53699 5869 7450
52476 7086 9926
45390 5340 6738
44577 4852 7123
39725 5890 7184
38969 3475 5249
35494 6184 7856
115235 14923 28949
100312 29739 37806
112297 85925 52743
14923 0 0
1686 530 344
16079 1686 2948
14393 1156 1734
29739 17245 8503
59958 32410 29444
108876 34843 57422
107094 81328 51531
58176 47464 15112
10712 10712 0
34843 16387 22506
10302 8520 1755
20238 10302 9197
9936 1782 2720
8157 5565 2451
5869 4646 1314
5340 4527 1038
5890 5134 940
185506 23487 46971
216760 163076 77620
53684 41297 13019
31254 27646 7058
41297 2703 4846
39924 33156 10472
33041 1796 3364
32073 26996 8235
28363 1912 3250
27386 23312 6430
25427 1864 3462
24640 19620 7245
23454 9149 11212
56658 6988 13516
49670 6458 8852
55634 13281 26561
6988 0 0
460 92 134
7356 460 912
6896 368 688
6458 3389 2541
11853 5646 5688
24213 8110 13645
23557 18006 11102
11197 8784 3096
2413 2413 0
8110 4324 5284
1953 1297 590
4442 1953 2122
2489 656 1049
2703 1330 1362
1796 828 896
1912 935 1009
1864 1077 860
26996 23286 5876
33156 26273 9864
23312 21353 3270
19620 18434 2088
27095 24463 4980
268 243 46
2800 96 174
2704 39 49
2665 1294 1310
1558 588 733
1117 539 541
655 68 122
587 65 102
2532 143 286
1294 187 300
588 147 221
539 77 124
1076 235 432
1076 150 268
1076 187 350
1076 229 415
38814 17381 15911
38814 25710 16096
38814 26730 15856
38814 27648 14501
108380 25596 35813
108380 81285 54189
25596 18294 9309
7302 7302 0
7302 2969 3065
103496 40327 46189
103496 77622 51747
25874 18572 7432
7302 4486 3023
2816 784 1395
2032 0 0
40327 33434 9238
6893 2 2
6891 3064 3369
5246 1419 2402
3827 3255 888
3636 3636 0
5460 1824 1612
3636 1053 1238
2583 1092 1071
1491 892 532
599 599 0
1824 1824 0
12753 5451 4458
7302 1489 2430
5813 2101 2451
3712 2013 1852
1699 1699 0
5451 5451 0
910 910 0
910 649 350
261 261 0
910 0 0
910 649 350
910 910 0
910 649 350
261 0 0
261 261 0
28923 0 0
6968 6761 414
6761 6714 80
13930 0 0
80551 40326 40404
40225 0 0
40225 40225 0
47789 4452 8134
83562 146 292
83416 22840 27866
60576 24803 20202
40326 0 0
40326 0 0
86133 153 306
85979 22342 28628
63637 38209 23525
47923 45807 3922
2116 31 62
5697 349 678
7433 19 38
7414 2759 3216
4655 1736 1861
5484 327 639
9580 6 12
9574 2528 2786
7046 4096 1981
4452 4423 58
28923 1119 2195
27804 27804 0
80550 736 748
79814 59861 39906
51010 19205 29469
31805 31057 1496
19205 0 0
27804 709 1388
27095 9978 14299
40391 23274 21177
17117 412 788
16705 0 0
39642 828 1280
192976 33816 61905
159160 154162 9996
38814 26605 14083
39642 22937 20787
16705 8472 7861
8233 6836 2241
1896 0 0
1896 499 659
8233 8233 0
182 182 0
6152 0 0
6152 6152 0
6152 6009 280
279594 259227 11384
279594 278960 1267
634 0 0
197760 0 0
6962 5237 232
6962 3689 6546
3273 0 0
3273 2464 232
3689 916 232
6333 0 0
6333 6333 0
175863 0 0
182196 0 0
182196 9239 8244
182196 169081 20774
182197 175863 12667
6328 0 0
6328 3273 6109
3055 768 232
13856 577 1153
21811 13856 10146
7955 7764 382
3273 809 232
23236 809 1617
23236 15143 10746
71360 2464 4927
71360 45055 32315
65635 2287 4573
65635 43134 29410
21 21 0
21 21 0
21 21 0
559 21 41
559 21 41
538 436 161
538 527 22
21 21 0
610 21 41
610 0 0
610 18 36
592 54 106
538 126 167
412 0 0
21 0 0
21 0 0
21 0 0
3445 0 0
3445 0 0
3445 0 0
3445 0 0
3445 2557 1604
888 0 0
888 0 0
888 0 0
888 888 0
888 0 0
888 240 376
648 648 0
888 888 0
888 0 0
888 240 376
648 648 0
2557 0 0
2557 2557 0
2557 0 0
2557 2557 0
2557 0 0
2557 0 0
2557 0 0
2557 0 0
2557 2060 993
497 0 0
497 0 0
497 0 0
497 497 0
2557 0 0
2557 1035 995
1522 0 0
1522 0 0
1522 0 0
1522 908 1227
614 0 0
2557 0 0
2557 1943 1227
2557 2557 0
2557 2557 0
2557 0 0
2557 0 0
2557 0 0
2557 2557 0
2557 0 0
2557 2557 0
4005 0 0
4005 2557 1296
1448 559 42
889 889 0
889 0 0
3116 0 0
3116 3096 40
20 0 0
20 0 0
20 20 0
3508 0 0
3546 0 0
6642 2101 4201
4541 0 0
4541 0 0
4541 0 0
4541 2598 2577
4044 498 996
3546 2892 1306
654 642 2
626 460 2
166 0 0
166 0 0
642 614 1
28 0 0
614 0 0
2598 1289 1310
1309 812 82
497 235 39
497 497 0
2101 0 0
2974 1506 1352
1468 0 0
1468 825 1283
643 0 0
643 642 2
1 0 0
1 1 0
31137 0 0
34111 31137 5919
2974 2101 1624
498 0 0
889 889 0
2101 0 0
2101 0 0
2101 0 0
2101 0 0
2101 1446 1307
655 655 0
2101 2101 0
2101 0 0
2101 0 0
2101 1446 1307
655 0 0
655 0 0
655 0 0
4005 0 0
4005 0 0
4005 4005 0
4005 0 0
4005 0 0
4005 4005 0
4005 0 0
4005 0 0
4005 0 0
4005 0 0
3445 0 0
3445 0 0
3445 0 0
3445 3445 0
5706 0 0
5706 0 0
5706 5706 0
5706 0 0
5706 0 0
5706 0 0
74812 69106 11411
2797 775 1506
2022 0 0
2022 1902 182
775 634 196
634 634 0
1902 0 0
1902 1902 0
634 0 0
1902 1268 1267
5706 3804 3803
4005 0 0
