Block 0x0: Count: 118628, Running Total: 118628
Block 0x1: Count: 197760, Running Total: 316388
Block 0x2: Count: 182196, Running Total: 498584
Block 0x3: Count: 175714, Running Total: 674298
Block 0x4: Count: 54687, Running Total: 728985
Block 0x5: Count: 279594, Running Total: 1008579
Block 0x6: Count: 172957, Running Total: 1181536
Block 0x7: Count: 216760, Running Total: 1398296
Block 0x8: Count: 135914, Running Total: 1534210
Block 0x9: Count: 186994, Running Total: 1721204
Block 0xa: Count: 79814, Running Total: 1801018
Block 0xb: Count: 101708, Running Total: 1902726
Block 0xc: Count: 108380, Running Total: 2011106
Block 0xd: Count: 80551, Running Total: 2091657
Block 0xe: Count: 115235, Running Total: 2206892
Block 0xf: Count: 279594, Running Total: 2486486
Block 0x10: Count: 74812, Running Total: 2561298
Block 0x11: Count: 101708, Running Total: 2663006
Block 0x12: Count: 192976, Running Total: 2855982
Block 0x13: Count: 108876, Running Total: 2964858
Load metaop: *mem-read-1
Load metaop: *mem-read-2
Load metaop: *mem-read-4
Load metaop: *mem-read-8
Load metaop: *mem-read-16
Store metaop: *mem-write-1
Store metaop: *mem-write-2
Store metaop: *mem-write-4
Store metaop: *mem-write-8
Store metaop: *mem-write-16
Xfer metaop: *category-DATAXFER
Unrecognized opcode CDQ, classifying as "other"
Unrecognized opcode CDQE, classifying as "other"
Unrecognized opcode CMOVL, classifying as "other"
Unrecognized opcode CMOVLE, classifying as "other"
Unrecognized opcode CMOVNB, classifying as "other"
Unrecognized opcode CMOVNLE, classifying as "other"
Unrecognized opcode CMOVNZ, classifying as "other"
Unrecognized opcode CMOVZ, classifying as "other"
Unrecognized opcode CMPXCHG, classifying as "other"
Unrecognized opcode LDDQU, classifying as "other"
Unrecognized opcode LEAVE, classifying as "other"
Unrecognized opcode NOP, classifying as "other"
Opcode REP_STOSQ has repeat prefix; discarding prefix
Unrecognized opcode SETNBE, classifying as "other"
Unrecognized opcode SETNLE, classifying as "other"
Unrecognized opcode SETNZ, classifying as "other"
Unrecognized opcode SETZ, classifying as "other"
Unrecognized opcode VADDSS, classifying as "other"
Unrecognized opcode VCVTSI2SS, classifying as "other"
Unrecognized opcode VCVTTSS2SI, classifying as "other"
Unrecognized opcode VDIVSS, classifying as "other"
Unrecognized opcode VMOVSS, classifying as "other"
Unrecognized opcode VSUBSS, classifying as "other"
Unrecognized opcode VUCOMISS, classifying as "other"
Unrecognized opcode VXORPS, classifying as "other"
Total metaop: *total

Done parsing file

"Other" ratio: 27.3502409385%
Sum category count: 141800685
Static BBL count: 20

# FINI: end of program
Dynamic Instruction Count = 100101483, Dyn BBL Count = 2964858
<DynInsCount> 100101483
<BBLCount> 2964858
<TotInsCount> 100101483
<IntCount> 39024250
<IntMulCount> 1434485
<IntDivCount> 551913
<FPCount> 0
<FPMulCount> 0
<FPDivCount> 0
<LdCount> 24379864
<StCount> 9522933
<Br/CallCount> 16779472
<CondBrCount> 11324939
<OtherCount> 38782829
<SysCallCount> 0

# END_DYNAMIC_STATS


Saving to file ./pinball_out/t0r1/imix_new.out


