# Mix output version 2
# FINI: end of program
# EMIT_DYNAMIC_STATS FOR TID 1
# instructions = 100101483, basic blocks = 16881462
Local Byte Stride Bucket -256 is equal to 1248697
Local Byte Stride Bucket -254 is equal to 6
Local Byte Stride Bucket -252 is equal to 5829
Local Byte Stride Bucket -251 is equal to 1
Local Byte Stride Bucket -250 is equal to 1
Local Byte Stride Bucket -248 is equal to 7070
Local Byte Stride Bucket -244 is equal to 5598
Local Byte Stride Bucket -243 is equal to 6
Local Byte Stride Bucket -242 is equal to 1
Local Byte Stride Bucket -241 is equal to 2
Local Byte Stride Bucket -240 is equal to 5897
Local Byte Stride Bucket -237 is equal to 1
Local Byte Stride Bucket -236 is equal to 6598
Local Byte Stride Bucket -234 is equal to 7
Local Byte Stride Bucket -232 is equal to 7674
Local Byte Stride Bucket -230 is equal to 12
Local Byte Stride Bucket -229 is equal to 1
Local Byte Stride Bucket -228 is equal to 6917
Local Byte Stride Bucket -227 is equal to 3
Local Byte Stride Bucket -226 is equal to 21
Local Byte Stride Bucket -224 is equal to 732016
Local Byte Stride Bucket -222 is equal to 26
Local Byte Stride Bucket -220 is equal to 7113
Local Byte Stride Bucket -218 is equal to 35
Local Byte Stride Bucket -217 is equal to 2
Local Byte Stride Bucket -216 is equal to 6864
Local Byte Stride Bucket -214 is equal to 33
Local Byte Stride Bucket -212 is equal to 4750
Local Byte Stride Bucket -211 is equal to 3
Local Byte Stride Bucket -210 is equal to 175
Local Byte Stride Bucket -209 is equal to 3
Local Byte Stride Bucket -208 is equal to 5654
Local Byte Stride Bucket -207 is equal to 1
Local Byte Stride Bucket -206 is equal to 155
Local Byte Stride Bucket -205 is equal to 2
Local Byte Stride Bucket -204 is equal to 6878
Local Byte Stride Bucket -203 is equal to 1
Local Byte Stride Bucket -202 is equal to 173
Local Byte Stride Bucket -200 is equal to 7950
Local Byte Stride Bucket -198 is equal to 346
Local Byte Stride Bucket -196 is equal to 5137
Local Byte Stride Bucket -195 is equal to 2
Local Byte Stride Bucket -194 is equal to 387
Local Byte Stride Bucket -193 is equal to 9
Local Byte Stride Bucket -192 is equal to 83004
Local Byte Stride Bucket -191 is equal to 30
Local Byte Stride Bucket -190 is equal to 1753
Local Byte Stride Bucket -189 is equal to 1
Local Byte Stride Bucket -188 is equal to 8850
Local Byte Stride Bucket -187 is equal to 1
Local Byte Stride Bucket -186 is equal to 2665
Local Byte Stride Bucket -184 is equal to 8046
Local Byte Stride Bucket -183 is equal to 4
Local Byte Stride Bucket -182 is equal to 4805
Local Byte Stride Bucket -181 is equal to 2
Local Byte Stride Bucket -180 is equal to 10606
Local Byte Stride Bucket -179 is equal to 5
Local Byte Stride Bucket -178 is equal to 6525
Local Byte Stride Bucket -177 is equal to 6
Local Byte Stride Bucket -176 is equal to 17890
Local Byte Stride Bucket -175 is equal to 2
Local Byte Stride Bucket -174 is equal to 8027
Local Byte Stride Bucket -172 is equal to 11817
Local Byte Stride Bucket -171 is equal to 1
Local Byte Stride Bucket -170 is equal to 5756
Local Byte Stride Bucket -168 is equal to 12265
Local Byte Stride Bucket -167 is equal to 1
Local Byte Stride Bucket -166 is equal to 7351
Local Byte Stride Bucket -165 is equal to 1
Local Byte Stride Bucket -164 is equal to 10970
Local Byte Stride Bucket -162 is equal to 10019
Local Byte Stride Bucket -161 is equal to 1
Local Byte Stride Bucket -160 is equal to 73781
Local Byte Stride Bucket -159 is equal to 2
Local Byte Stride Bucket -158 is equal to 6171
Local Byte Stride Bucket -156 is equal to 12812
Local Byte Stride Bucket -155 is equal to 1
Local Byte Stride Bucket -154 is equal to 9279
Local Byte Stride Bucket -152 is equal to 14039
Local Byte Stride Bucket -150 is equal to 9041
Local Byte Stride Bucket -149 is equal to 2
Local Byte Stride Bucket -148 is equal to 19110
Local Byte Stride Bucket -147 is equal to 1
Local Byte Stride Bucket -146 is equal to 8260
Local Byte Stride Bucket -145 is equal to 3
Local Byte Stride Bucket -144 is equal to 22176
Local Byte Stride Bucket -142 is equal to 7027
Local Byte Stride Bucket -141 is equal to 1
Local Byte Stride Bucket -140 is equal to 14468
Local Byte Stride Bucket -139 is equal to 1
Local Byte Stride Bucket -138 is equal to 7138
Local Byte Stride Bucket -136 is equal to 17344
Local Byte Stride Bucket -134 is equal to 6642
Local Byte Stride Bucket -133 is equal to 2
Local Byte Stride Bucket -132 is equal to 24280
Local Byte Stride Bucket -130 is equal to 11619
Local Byte Stride Bucket -129 is equal to 9
Local Byte Stride Bucket -128 is equal to 178381
Local Byte Stride Bucket -127 is equal to 3
Local Byte Stride Bucket -126 is equal to 9972
Local Byte Stride Bucket -125 is equal to 2
Local Byte Stride Bucket -124 is equal to 16430
Local Byte Stride Bucket -123 is equal to 6
Local Byte Stride Bucket -122 is equal to 8652
Local Byte Stride Bucket -121 is equal to 2
Local Byte Stride Bucket -120 is equal to 17059
Local Byte Stride Bucket -119 is equal to 4
Local Byte Stride Bucket -118 is equal to 9597
Local Byte Stride Bucket -116 is equal to 16618
Local Byte Stride Bucket -115 is equal to 2
Local Byte Stride Bucket -114 is equal to 6419
Local Byte Stride Bucket -113 is equal to 5
Local Byte Stride Bucket -112 is equal to 12813
Local Byte Stride Bucket -110 is equal to 10874
Local Byte Stride Bucket -109 is equal to 1
Local Byte Stride Bucket -108 is equal to 17387
Local Byte Stride Bucket -107 is equal to 4
Local Byte Stride Bucket -106 is equal to 8774
Local Byte Stride Bucket -105 is equal to 1
Local Byte Stride Bucket -104 is equal to 20936
Local Byte Stride Bucket -102 is equal to 11641
Local Byte Stride Bucket -100 is equal to 24100
Local Byte Stride Bucket -99 is equal to 1
Local Byte Stride Bucket -98 is equal to 8774
Local Byte Stride Bucket -96 is equal to 25023
Local Byte Stride Bucket -94 is equal to 18987
Local Byte Stride Bucket -92 is equal to 31606
Local Byte Stride Bucket -90 is equal to 11759
Local Byte Stride Bucket -88 is equal to 55223
Local Byte Stride Bucket -86 is equal to 11636
Local Byte Stride Bucket -85 is equal to 2
Local Byte Stride Bucket -84 is equal to 32663
Local Byte Stride Bucket -82 is equal to 9586
Local Byte Stride Bucket -81 is equal to 5
Local Byte Stride Bucket -80 is equal to 26939
Local Byte Stride Bucket -79 is equal to 5
Local Byte Stride Bucket -78 is equal to 13078
Local Byte Stride Bucket -77 is equal to 1
Local Byte Stride Bucket -76 is equal to 17190
Local Byte Stride Bucket -75 is equal to 5
Local Byte Stride Bucket -74 is equal to 23347
Local Byte Stride Bucket -72 is equal to 26102
Local Byte Stride Bucket -70 is equal to 15613
Local Byte Stride Bucket -69 is equal to 5
Local Byte Stride Bucket -68 is equal to 36691
Local Byte Stride Bucket -67 is equal to 3
Local Byte Stride Bucket -66 is equal to 23769
Local Byte Stride Bucket -65 is equal to 6
Local Byte Stride Bucket -64 is equal to 864179
Local Byte Stride Bucket -63 is equal to 8
Local Byte Stride Bucket -62 is equal to 11303
Local Byte Stride Bucket -61 is equal to 5
Local Byte Stride Bucket -60 is equal to 25230
Local Byte Stride Bucket -59 is equal to 2
Local Byte Stride Bucket -58 is equal to 13323
Local Byte Stride Bucket -56 is equal to 39260
Local Byte Stride Bucket -55 is equal to 3
Local Byte Stride Bucket -54 is equal to 13584
Local Byte Stride Bucket -53 is equal to 17
Local Byte Stride Bucket -52 is equal to 39135
Local Byte Stride Bucket -51 is equal to 5
Local Byte Stride Bucket -50 is equal to 22295
Local Byte Stride Bucket -49 is equal to 5
Local Byte Stride Bucket -48 is equal to 240254
Local Byte Stride Bucket -47 is equal to 6
Local Byte Stride Bucket -46 is equal to 44613
Local Byte Stride Bucket -45 is equal to 1
Local Byte Stride Bucket -44 is equal to 97599
Local Byte Stride Bucket -43 is equal to 4
Local Byte Stride Bucket -42 is equal to 38315
Local Byte Stride Bucket -40 is equal to 69495
Local Byte Stride Bucket -38 is equal to 14644
Local Byte Stride Bucket -36 is equal to 38109
Local Byte Stride Bucket -35 is equal to 1
Local Byte Stride Bucket -34 is equal to 14434
Local Byte Stride Bucket -33 is equal to 7
Local Byte Stride Bucket -32 is equal to 333910
Local Byte Stride Bucket -31 is equal to 3
Local Byte Stride Bucket -30 is equal to 25771
Local Byte Stride Bucket -28 is equal to 74420
Local Byte Stride Bucket -27 is equal to 1
Local Byte Stride Bucket -26 is equal to 41187
Local Byte Stride Bucket -25 is equal to 9
Local Byte Stride Bucket -24 is equal to 310991
Local Byte Stride Bucket -22 is equal to 100173
Local Byte Stride Bucket -21 is equal to 2
Local Byte Stride Bucket -20 is equal to 89956
Local Byte Stride Bucket -19 is equal to 1
Local Byte Stride Bucket -18 is equal to 35815
Local Byte Stride Bucket -17 is equal to 1
Local Byte Stride Bucket -16 is equal to 90838
Local Byte Stride Bucket -15 is equal to 9
Local Byte Stride Bucket -14 is equal to 35881
Local Byte Stride Bucket -13 is equal to 379
Local Byte Stride Bucket -12 is equal to 295621
Local Byte Stride Bucket -11 is equal to 12
Local Byte Stride Bucket -10 is equal to 27308
Local Byte Stride Bucket -9 is equal to 1
Local Byte Stride Bucket -8 is equal to 208744
Local Byte Stride Bucket -7 is equal to 8
Local Byte Stride Bucket -6 is equal to 48430
Local Byte Stride Bucket -5 is equal to 3
Local Byte Stride Bucket -4 is equal to 314404
Local Byte Stride Bucket -3 is equal to 12
Local Byte Stride Bucket -2 is equal to 153337
Local Byte Stride Bucket -1 is equal to 14
Local Byte Stride Bucket 0 is equal to 18655358
Local Byte Stride Bucket 1 is equal to 33
Local Byte Stride Bucket 2 is equal to 242933
Local Byte Stride Bucket 3 is equal to 22
Local Byte Stride Bucket 4 is equal to 1705959
Local Byte Stride Bucket 5 is equal to 4
Local Byte Stride Bucket 6 is equal to 52810
Local Byte Stride Bucket 7 is equal to 5
Local Byte Stride Bucket 8 is equal to 490226
Local Byte Stride Bucket 9 is equal to 1
Local Byte Stride Bucket 10 is equal to 25067
Local Byte Stride Bucket 11 is equal to 2
Local Byte Stride Bucket 12 is equal to 62924
Local Byte Stride Bucket 13 is equal to 29
Local Byte Stride Bucket 14 is equal to 34976
Local Byte Stride Bucket 15 is equal to 6
Local Byte Stride Bucket 16 is equal to 50640
Local Byte Stride Bucket 17 is equal to 1
Local Byte Stride Bucket 18 is equal to 48334
Local Byte Stride Bucket 19 is equal to 2
Local Byte Stride Bucket 20 is equal to 286975
Local Byte Stride Bucket 21 is equal to 3
Local Byte Stride Bucket 22 is equal to 109712
Local Byte Stride Bucket 23 is equal to 6
Local Byte Stride Bucket 24 is equal to 277405
Local Byte Stride Bucket 25 is equal to 4
Local Byte Stride Bucket 26 is equal to 47309
Local Byte Stride Bucket 27 is equal to 3
Local Byte Stride Bucket 28 is equal to 42583
Local Byte Stride Bucket 30 is equal to 20553
Local Byte Stride Bucket 31 is equal to 3
Local Byte Stride Bucket 32 is equal to 33071
Local Byte Stride Bucket 33 is equal to 10
Local Byte Stride Bucket 34 is equal to 14093
Local Byte Stride Bucket 36 is equal to 105199
Local Byte Stride Bucket 38 is equal to 14933
Local Byte Stride Bucket 40 is equal to 250461
Local Byte Stride Bucket 42 is equal to 36750
Local Byte Stride Bucket 43 is equal to 3
Local Byte Stride Bucket 44 is equal to 184437
Local Byte Stride Bucket 46 is equal to 39684
Local Byte Stride Bucket 47 is equal to 14
Local Byte Stride Bucket 48 is equal to 220817
Local Byte Stride Bucket 49 is equal to 4
Local Byte Stride Bucket 50 is equal to 18866
Local Byte Stride Bucket 51 is equal to 2
Local Byte Stride Bucket 52 is equal to 37028
Local Byte Stride Bucket 53 is equal to 13
Local Byte Stride Bucket 54 is equal to 13688
Local Byte Stride Bucket 55 is equal to 3
Local Byte Stride Bucket 56 is equal to 37585
Local Byte Stride Bucket 57 is equal to 1
Local Byte Stride Bucket 58 is equal to 13424
Local Byte Stride Bucket 59 is equal to 1
Local Byte Stride Bucket 60 is equal to 23224
Local Byte Stride Bucket 61 is equal to 2
Local Byte Stride Bucket 62 is equal to 12633
Local Byte Stride Bucket 63 is equal to 23
Local Byte Stride Bucket 64 is equal to 778250
Local Byte Stride Bucket 65 is equal to 17
Local Byte Stride Bucket 66 is equal to 20457
Local Byte Stride Bucket 67 is equal to 2
Local Byte Stride Bucket 68 is equal to 35101
Local Byte Stride Bucket 69 is equal to 14
Local Byte Stride Bucket 70 is equal to 15152
Local Byte Stride Bucket 72 is equal to 18558
Local Byte Stride Bucket 73 is equal to 2
Local Byte Stride Bucket 74 is equal to 21415
Local Byte Stride Bucket 76 is equal to 15556
Local Byte Stride Bucket 77 is equal to 2
Local Byte Stride Bucket 78 is equal to 11224
Local Byte Stride Bucket 79 is equal to 5
Local Byte Stride Bucket 80 is equal to 24520
Local Byte Stride Bucket 81 is equal to 5
Local Byte Stride Bucket 82 is equal to 12164
Local Byte Stride Bucket 84 is equal to 34948
Local Byte Stride Bucket 85 is equal to 1
Local Byte Stride Bucket 86 is equal to 10901
Local Byte Stride Bucket 88 is equal to 65356
Local Byte Stride Bucket 90 is equal to 12696
Local Byte Stride Bucket 91 is equal to 1
Local Byte Stride Bucket 92 is equal to 29080
Local Byte Stride Bucket 94 is equal to 18021
Local Byte Stride Bucket 96 is equal to 25318
Local Byte Stride Bucket 97 is equal to 5
Local Byte Stride Bucket 98 is equal to 8951
Local Byte Stride Bucket 100 is equal to 21090
Local Byte Stride Bucket 101 is equal to 1
Local Byte Stride Bucket 102 is equal to 10957
Local Byte Stride Bucket 103 is equal to 2
Local Byte Stride Bucket 104 is equal to 20763
Local Byte Stride Bucket 105 is equal to 1
Local Byte Stride Bucket 106 is equal to 8723
Local Byte Stride Bucket 107 is equal to 3
Local Byte Stride Bucket 108 is equal to 16836
Local Byte Stride Bucket 110 is equal to 11832
Local Byte Stride Bucket 111 is equal to 2
Local Byte Stride Bucket 112 is equal to 13832
Local Byte Stride Bucket 113 is equal to 1
Local Byte Stride Bucket 114 is equal to 7193
Local Byte Stride Bucket 115 is equal to 5
Local Byte Stride Bucket 116 is equal to 15917
Local Byte Stride Bucket 117 is equal to 2
Local Byte Stride Bucket 118 is equal to 7712
Local Byte Stride Bucket 119 is equal to 1
Local Byte Stride Bucket 120 is equal to 14793
Local Byte Stride Bucket 121 is equal to 1
Local Byte Stride Bucket 122 is equal to 8452
Local Byte Stride Bucket 123 is equal to 1
Local Byte Stride Bucket 124 is equal to 14555
Local Byte Stride Bucket 125 is equal to 3
Local Byte Stride Bucket 126 is equal to 8816
Local Byte Stride Bucket 127 is equal to 3
Local Byte Stride Bucket 128 is equal to 79307
Local Byte Stride Bucket 129 is equal to 10
Local Byte Stride Bucket 130 is equal to 8964
Local Byte Stride Bucket 131 is equal to 3
Local Byte Stride Bucket 132 is equal to 22662
Local Byte Stride Bucket 133 is equal to 5
Local Byte Stride Bucket 134 is equal to 8066
Local Byte Stride Bucket 136 is equal to 15342
Local Byte Stride Bucket 138 is equal to 7565
Local Byte Stride Bucket 139 is equal to 1
Local Byte Stride Bucket 140 is equal to 12009
Local Byte Stride Bucket 141 is equal to 1
Local Byte Stride Bucket 142 is equal to 6322
Local Byte Stride Bucket 143 is equal to 2
Local Byte Stride Bucket 144 is equal to 16245
Local Byte Stride Bucket 145 is equal to 5
Local Byte Stride Bucket 146 is equal to 7614
Local Byte Stride Bucket 147 is equal to 2
Local Byte Stride Bucket 148 is equal to 16677
Local Byte Stride Bucket 149 is equal to 23
Local Byte Stride Bucket 150 is equal to 8484
Local Byte Stride Bucket 151 is equal to 2
Local Byte Stride Bucket 152 is equal to 13369
Local Byte Stride Bucket 154 is equal to 9583
Local Byte Stride Bucket 155 is equal to 1
Local Byte Stride Bucket 156 is equal to 12210
Local Byte Stride Bucket 157 is equal to 1
Local Byte Stride Bucket 158 is equal to 6018
Local Byte Stride Bucket 159 is equal to 2
Local Byte Stride Bucket 160 is equal to 79518
Local Byte Stride Bucket 161 is equal to 1
Local Byte Stride Bucket 162 is equal to 8924
Local Byte Stride Bucket 164 is equal to 9053
Local Byte Stride Bucket 165 is equal to 1
Local Byte Stride Bucket 166 is equal to 6688
Local Byte Stride Bucket 168 is equal to 13748
Local Byte Stride Bucket 170 is equal to 4958
Local Byte Stride Bucket 171 is equal to 1
Local Byte Stride Bucket 172 is equal to 9648
Local Byte Stride Bucket 174 is equal to 6245
Local Byte Stride Bucket 175 is equal to 2
Local Byte Stride Bucket 176 is equal to 16177
Local Byte Stride Bucket 177 is equal to 7
Local Byte Stride Bucket 178 is equal to 5550
Local Byte Stride Bucket 179 is equal to 2
Local Byte Stride Bucket 180 is equal to 9267
Local Byte Stride Bucket 181 is equal to 3
Local Byte Stride Bucket 182 is equal to 3355
Local Byte Stride Bucket 183 is equal to 2
Local Byte Stride Bucket 184 is equal to 4472
Local Byte Stride Bucket 186 is equal to 1805
Local Byte Stride Bucket 188 is equal to 7225
Local Byte Stride Bucket 189 is equal to 1
Local Byte Stride Bucket 190 is equal to 1175
Local Byte Stride Bucket 191 is equal to 25
Local Byte Stride Bucket 192 is equal to 16394
Local Byte Stride Bucket 193 is equal to 6
Local Byte Stride Bucket 194 is equal to 2
Local Byte Stride Bucket 195 is equal to 1
Local Byte Stride Bucket 196 is equal to 4856
Local Byte Stride Bucket 198 is equal to 1
Local Byte Stride Bucket 200 is equal to 7523
Local Byte Stride Bucket 204 is equal to 6719
Local Byte Stride Bucket 208 is equal to 6993
Local Byte Stride Bucket 211 is equal to 1
Local Byte Stride Bucket 212 is equal to 4858
Local Byte Stride Bucket 216 is equal to 6651
Local Byte Stride Bucket 220 is equal to 7460
Local Byte Stride Bucket 222 is equal to 4
Local Byte Stride Bucket 223 is equal to 1
Local Byte Stride Bucket 224 is equal to 500825
Local Byte Stride Bucket 225 is equal to 1
Local Byte Stride Bucket 226 is equal to 9
Local Byte Stride Bucket 227 is equal to 2
Local Byte Stride Bucket 228 is equal to 3369
Local Byte Stride Bucket 229 is equal to 1
Local Byte Stride Bucket 232 is equal to 4651
Local Byte Stride Bucket 235 is equal to 1
Local Byte Stride Bucket 236 is equal to 5194
Local Byte Stride Bucket 237 is equal to 1
Local Byte Stride Bucket 238 is equal to 1
Local Byte Stride Bucket 240 is equal to 32832
Local Byte Stride Bucket 241 is equal to 1
Local Byte Stride Bucket 242 is equal to 3
Local Byte Stride Bucket 243 is equal to 4
Local Byte Stride Bucket 244 is equal to 5277
Local Byte Stride Bucket 248 is equal to 7214
Local Byte Stride Bucket 250 is equal to 1
Local Byte Stride Bucket 252 is equal to 5585
Local Byte Stride Bucket 254 is equal to 2
Local Byte Stride Bucket 255 is equal to 1
Local Byte Stride Bucket 256 is equal to 1210403

Local Cache Stride Bucket -256 is equal to 262259
Local Cache Stride Bucket -255 is equal to 137
Local Cache Stride Bucket -254 is equal to 128
Local Cache Stride Bucket -253 is equal to 93
Local Cache Stride Bucket -252 is equal to 105
Local Cache Stride Bucket -251 is equal to 80
Local Cache Stride Bucket -250 is equal to 88
Local Cache Stride Bucket -249 is equal to 511
Local Cache Stride Bucket -248 is equal to 37
Local Cache Stride Bucket -247 is equal to 30
Local Cache Stride Bucket -246 is equal to 70
Local Cache Stride Bucket -245 is equal to 90
Local Cache Stride Bucket -244 is equal to 155
Local Cache Stride Bucket -243 is equal to 41
Local Cache Stride Bucket -242 is equal to 23
Local Cache Stride Bucket -241 is equal to 24
Local Cache Stride Bucket -240 is equal to 64
Local Cache Stride Bucket -239 is equal to 49
Local Cache Stride Bucket -238 is equal to 37
Local Cache Stride Bucket -237 is equal to 32
Local Cache Stride Bucket -236 is equal to 21
Local Cache Stride Bucket -235 is equal to 28
Local Cache Stride Bucket -234 is equal to 23
Local Cache Stride Bucket -233 is equal to 92
Local Cache Stride Bucket -232 is equal to 43
Local Cache Stride Bucket -231 is equal to 26
Local Cache Stride Bucket -230 is equal to 17
Local Cache Stride Bucket -229 is equal to 24
Local Cache Stride Bucket -228 is equal to 9
Local Cache Stride Bucket -227 is equal to 36
Local Cache Stride Bucket -226 is equal to 25
Local Cache Stride Bucket -225 is equal to 20
Local Cache Stride Bucket -224 is equal to 88
Local Cache Stride Bucket -223 is equal to 29
Local Cache Stride Bucket -222 is equal to 24
Local Cache Stride Bucket -221 is equal to 13
Local Cache Stride Bucket -220 is equal to 17
Local Cache Stride Bucket -219 is equal to 128
Local Cache Stride Bucket -218 is equal to 46
Local Cache Stride Bucket -217 is equal to 23
Local Cache Stride Bucket -216 is equal to 21
Local Cache Stride Bucket -215 is equal to 35
Local Cache Stride Bucket -214 is equal to 20
Local Cache Stride Bucket -213 is equal to 21
Local Cache Stride Bucket -212 is equal to 17
Local Cache Stride Bucket -211 is equal to 33
Local Cache Stride Bucket -210 is equal to 20
Local Cache Stride Bucket -209 is equal to 12
Local Cache Stride Bucket -208 is equal to 38
Local Cache Stride Bucket -207 is equal to 24
Local Cache Stride Bucket -206 is equal to 75
Local Cache Stride Bucket -205 is equal to 100
Local Cache Stride Bucket -204 is equal to 43
Local Cache Stride Bucket -203 is equal to 19
Local Cache Stride Bucket -202 is equal to 28
Local Cache Stride Bucket -201 is equal to 56
Local Cache Stride Bucket -200 is equal to 35
Local Cache Stride Bucket -199 is equal to 40
Local Cache Stride Bucket -198 is equal to 21
Local Cache Stride Bucket -197 is equal to 40
Local Cache Stride Bucket -196 is equal to 29
Local Cache Stride Bucket -195 is equal to 32
Local Cache Stride Bucket -194 is equal to 5
Local Cache Stride Bucket -193 is equal to 7
Local Cache Stride Bucket -192 is equal to 116
Local Cache Stride Bucket -191 is equal to 13
Local Cache Stride Bucket -190 is equal to 9
Local Cache Stride Bucket -189 is equal to 17
Local Cache Stride Bucket -188 is equal to 46
Local Cache Stride Bucket -187 is equal to 18
Local Cache Stride Bucket -186 is equal to 6
Local Cache Stride Bucket -185 is equal to 9
Local Cache Stride Bucket -184 is equal to 17
Local Cache Stride Bucket -183 is equal to 33
Local Cache Stride Bucket -182 is equal to 21
Local Cache Stride Bucket -181 is equal to 10
Local Cache Stride Bucket -180 is equal to 34
Local Cache Stride Bucket -179 is equal to 28
Local Cache Stride Bucket -178 is equal to 27
Local Cache Stride Bucket -177 is equal to 25
Local Cache Stride Bucket -176 is equal to 33
Local Cache Stride Bucket -175 is equal to 16
Local Cache Stride Bucket -174 is equal to 18
Local Cache Stride Bucket -173 is equal to 648
Local Cache Stride Bucket -172 is equal to 124
Local Cache Stride Bucket -171 is equal to 43
Local Cache Stride Bucket -170 is equal to 39
Local Cache Stride Bucket -169 is equal to 192
Local Cache Stride Bucket -168 is equal to 551
Local Cache Stride Bucket -167 is equal to 18
Local Cache Stride Bucket -166 is equal to 31
Local Cache Stride Bucket -165 is equal to 8
Local Cache Stride Bucket -164 is equal to 18
Local Cache Stride Bucket -163 is equal to 41
Local Cache Stride Bucket -162 is equal to 27
Local Cache Stride Bucket -161 is equal to 21
Local Cache Stride Bucket -160 is equal to 31
Local Cache Stride Bucket -159 is equal to 22
Local Cache Stride Bucket -158 is equal to 385
Local Cache Stride Bucket -157 is equal to 13
Local Cache Stride Bucket -156 is equal to 34
Local Cache Stride Bucket -155 is equal to 501
Local Cache Stride Bucket -154 is equal to 19
Local Cache Stride Bucket -153 is equal to 24
Local Cache Stride Bucket -152 is equal to 54
Local Cache Stride Bucket -151 is equal to 73
Local Cache Stride Bucket -150 is equal to 53
Local Cache Stride Bucket -149 is equal to 18
Local Cache Stride Bucket -148 is equal to 36
Local Cache Stride Bucket -147 is equal to 38
Local Cache Stride Bucket -146 is equal to 30
Local Cache Stride Bucket -145 is equal to 19
Local Cache Stride Bucket -144 is equal to 40
Local Cache Stride Bucket -143 is equal to 15
Local Cache Stride Bucket -142 is equal to 23
Local Cache Stride Bucket -141 is equal to 46
Local Cache Stride Bucket -140 is equal to 14
Local Cache Stride Bucket -139 is equal to 26
Local Cache Stride Bucket -138 is equal to 41
Local Cache Stride Bucket -137 is equal to 33
Local Cache Stride Bucket -136 is equal to 62
Local Cache Stride Bucket -135 is equal to 6
Local Cache Stride Bucket -134 is equal to 11
Local Cache Stride Bucket -133 is equal to 16
Local Cache Stride Bucket -132 is equal to 65
Local Cache Stride Bucket -131 is equal to 30
Local Cache Stride Bucket -130 is equal to 97
Local Cache Stride Bucket -129 is equal to 5123
Local Cache Stride Bucket -128 is equal to 5294
Local Cache Stride Bucket -127 is equal to 24
Local Cache Stride Bucket -126 is equal to 69
Local Cache Stride Bucket -125 is equal to 11
Local Cache Stride Bucket -124 is equal to 37
Local Cache Stride Bucket -123 is equal to 42
Local Cache Stride Bucket -122 is equal to 24
Local Cache Stride Bucket -121 is equal to 25
Local Cache Stride Bucket -120 is equal to 14
Local Cache Stride Bucket -119 is equal to 50
Local Cache Stride Bucket -118 is equal to 1373
Local Cache Stride Bucket -117 is equal to 3842
Local Cache Stride Bucket -116 is equal to 9
Local Cache Stride Bucket -115 is equal to 20
Local Cache Stride Bucket -114 is equal to 16
Local Cache Stride Bucket -113 is equal to 59
Local Cache Stride Bucket -112 is equal to 43
Local Cache Stride Bucket -111 is equal to 35
Local Cache Stride Bucket -110 is equal to 5820
Local Cache Stride Bucket -109 is equal to 34
Local Cache Stride Bucket -108 is equal to 15
Local Cache Stride Bucket -107 is equal to 13
Local Cache Stride Bucket -106 is equal to 20
Local Cache Stride Bucket -105 is equal to 667
Local Cache Stride Bucket -104 is equal to 43
Local Cache Stride Bucket -103 is equal to 17
Local Cache Stride Bucket -102 is equal to 32
Local Cache Stride Bucket -101 is equal to 64
Local Cache Stride Bucket -100 is equal to 87
Local Cache Stride Bucket -99 is equal to 12
Local Cache Stride Bucket -98 is equal to 81
Local Cache Stride Bucket -97 is equal to 49
Local Cache Stride Bucket -96 is equal to 217
Local Cache Stride Bucket -95 is equal to 53
Local Cache Stride Bucket -94 is equal to 88
Local Cache Stride Bucket -93 is equal to 76
Local Cache Stride Bucket -92 is equal to 365
Local Cache Stride Bucket -91 is equal to 427
Local Cache Stride Bucket -90 is equal to 33
Local Cache Stride Bucket -89 is equal to 82
Local Cache Stride Bucket -88 is equal to 285
Local Cache Stride Bucket -87 is equal to 28
Local Cache Stride Bucket -86 is equal to 31
Local Cache Stride Bucket -85 is equal to 47
Local Cache Stride Bucket -84 is equal to 642
Local Cache Stride Bucket -83 is equal to 35
Local Cache Stride Bucket -82 is equal to 599
Local Cache Stride Bucket -81 is equal to 156
Local Cache Stride Bucket -80 is equal to 38
Local Cache Stride Bucket -79 is equal to 37
Local Cache Stride Bucket -78 is equal to 140
Local Cache Stride Bucket -77 is equal to 49
Local Cache Stride Bucket -76 is equal to 321
Local Cache Stride Bucket -75 is equal to 51
Local Cache Stride Bucket -74 is equal to 46
Local Cache Stride Bucket -73 is equal to 43
Local Cache Stride Bucket -72 is equal to 46
Local Cache Stride Bucket -71 is equal to 57
Local Cache Stride Bucket -70 is equal to 381
Local Cache Stride Bucket -69 is equal to 30
Local Cache Stride Bucket -68 is equal to 131
Local Cache Stride Bucket -67 is equal to 27
Local Cache Stride Bucket -66 is equal to 87
Local Cache Stride Bucket -65 is equal to 277
Local Cache Stride Bucket -64 is equal to 181
Local Cache Stride Bucket -63 is equal to 191
Local Cache Stride Bucket -62 is equal to 85
Local Cache Stride Bucket -61 is equal to 302
Local Cache Stride Bucket -60 is equal to 767
Local Cache Stride Bucket -59 is equal to 180
Local Cache Stride Bucket -58 is equal to 232
Local Cache Stride Bucket -57 is equal to 175
Local Cache Stride Bucket -56 is equal to 2744
Local Cache Stride Bucket -55 is equal to 1855
Local Cache Stride Bucket -54 is equal to 4811
Local Cache Stride Bucket -53 is equal to 6327
Local Cache Stride Bucket -52 is equal to 2440
Local Cache Stride Bucket -51 is equal to 3191
Local Cache Stride Bucket -50 is equal to 1947
Local Cache Stride Bucket -49 is equal to 17247
Local Cache Stride Bucket -48 is equal to 3554
Local Cache Stride Bucket -47 is equal to 1970
Local Cache Stride Bucket -46 is equal to 17782
Local Cache Stride Bucket -45 is equal to 8746
Local Cache Stride Bucket -44 is equal to 4824
Local Cache Stride Bucket -43 is equal to 4019
Local Cache Stride Bucket -42 is equal to 18840
Local Cache Stride Bucket -41 is equal to 3790
Local Cache Stride Bucket -40 is equal to 3732
Local Cache Stride Bucket -39 is equal to 5843
Local Cache Stride Bucket -38 is equal to 5512
Local Cache Stride Bucket -37 is equal to 3481
Local Cache Stride Bucket -36 is equal to 5863
Local Cache Stride Bucket -35 is equal to 9167
Local Cache Stride Bucket -34 is equal to 5354
Local Cache Stride Bucket -33 is equal to 4547
Local Cache Stride Bucket -32 is equal to 10199
Local Cache Stride Bucket -31 is equal to 12393
Local Cache Stride Bucket -30 is equal to 4745
Local Cache Stride Bucket -29 is equal to 5040
Local Cache Stride Bucket -28 is equal to 9882
Local Cache Stride Bucket -27 is equal to 7484
Local Cache Stride Bucket -26 is equal to 2175
Local Cache Stride Bucket -25 is equal to 5768
Local Cache Stride Bucket -24 is equal to 4896
Local Cache Stride Bucket -23 is equal to 610
Local Cache Stride Bucket -22 is equal to 919
Local Cache Stride Bucket -21 is equal to 10029
Local Cache Stride Bucket -20 is equal to 954
Local Cache Stride Bucket -19 is equal to 688
Local Cache Stride Bucket -18 is equal to 6188
Local Cache Stride Bucket -17 is equal to 4692
Local Cache Stride Bucket -16 is equal to 2332
Local Cache Stride Bucket -15 is equal to 1948
Local Cache Stride Bucket -14 is equal to 41591
Local Cache Stride Bucket -13 is equal to 61138
Local Cache Stride Bucket -12 is equal to 118745
Local Cache Stride Bucket -11 is equal to 72810
Local Cache Stride Bucket -10 is equal to 15352
Local Cache Stride Bucket -9 is equal to 7246
Local Cache Stride Bucket -8 is equal to 14070
Local Cache Stride Bucket -7 is equal to 46532
Local Cache Stride Bucket -6 is equal to 56933
Local Cache Stride Bucket -5 is equal to 157216
Local Cache Stride Bucket -4 is equal to 532366
Local Cache Stride Bucket -3 is equal to 661287
Local Cache Stride Bucket -2 is equal to 648461
Local Cache Stride Bucket -1 is equal to 2411983
Local Cache Stride Bucket 0 is equal to 23545682
Local Cache Stride Bucket 1 is equal to 2453723
Local Cache Stride Bucket 2 is equal to 525967
Local Cache Stride Bucket 3 is equal to 469969
Local Cache Stride Bucket 4 is equal to 385405
Local Cache Stride Bucket 5 is equal to 106834
Local Cache Stride Bucket 6 is equal to 51941
Local Cache Stride Bucket 7 is equal to 47199
Local Cache Stride Bucket 8 is equal to 5404
Local Cache Stride Bucket 9 is equal to 1793
Local Cache Stride Bucket 10 is equal to 8754
Local Cache Stride Bucket 11 is equal to 72495
Local Cache Stride Bucket 12 is equal to 117593
Local Cache Stride Bucket 13 is equal to 67190
Local Cache Stride Bucket 14 is equal to 78658
Local Cache Stride Bucket 15 is equal to 2162
Local Cache Stride Bucket 16 is equal to 2249
Local Cache Stride Bucket 17 is equal to 8429
Local Cache Stride Bucket 18 is equal to 12660
Local Cache Stride Bucket 19 is equal to 1839
Local Cache Stride Bucket 20 is equal to 408
Local Cache Stride Bucket 21 is equal to 16692
Local Cache Stride Bucket 22 is equal to 1417
Local Cache Stride Bucket 23 is equal to 1025
Local Cache Stride Bucket 24 is equal to 5266
Local Cache Stride Bucket 25 is equal to 7611
Local Cache Stride Bucket 26 is equal to 2910
Local Cache Stride Bucket 27 is equal to 7270
Local Cache Stride Bucket 28 is equal to 12967
Local Cache Stride Bucket 29 is equal to 1291
Local Cache Stride Bucket 30 is equal to 1418
Local Cache Stride Bucket 31 is equal to 12060
Local Cache Stride Bucket 32 is equal to 7403
Local Cache Stride Bucket 33 is equal to 2393
Local Cache Stride Bucket 34 is equal to 1188
Local Cache Stride Bucket 35 is equal to 8307
Local Cache Stride Bucket 36 is equal to 1334
Local Cache Stride Bucket 37 is equal to 1043
Local Cache Stride Bucket 38 is equal to 10276
Local Cache Stride Bucket 39 is equal to 10469
Local Cache Stride Bucket 40 is equal to 5001
Local Cache Stride Bucket 41 is equal to 3336
Local Cache Stride Bucket 42 is equal to 14368
Local Cache Stride Bucket 43 is equal to 3286
Local Cache Stride Bucket 44 is equal to 4317
Local Cache Stride Bucket 45 is equal to 7704
Local Cache Stride Bucket 46 is equal to 10710
Local Cache Stride Bucket 47 is equal to 7599
Local Cache Stride Bucket 48 is equal to 926
Local Cache Stride Bucket 49 is equal to 7368
Local Cache Stride Bucket 50 is equal to 3155
Local Cache Stride Bucket 51 is equal to 912
Local Cache Stride Bucket 52 is equal to 13344
Local Cache Stride Bucket 53 is equal to 12389
Local Cache Stride Bucket 54 is equal to 14366
Local Cache Stride Bucket 55 is equal to 2937
Local Cache Stride Bucket 56 is equal to 630
Local Cache Stride Bucket 57 is equal to 6091
Local Cache Stride Bucket 58 is equal to 6849
Local Cache Stride Bucket 59 is equal to 240
Local Cache Stride Bucket 60 is equal to 4056
Local Cache Stride Bucket 61 is equal to 3144
Local Cache Stride Bucket 62 is equal to 335
Local Cache Stride Bucket 63 is equal to 34
Local Cache Stride Bucket 64 is equal to 229
Local Cache Stride Bucket 65 is equal to 181
Local Cache Stride Bucket 66 is equal to 110
Local Cache Stride Bucket 67 is equal to 23
Local Cache Stride Bucket 68 is equal to 67
Local Cache Stride Bucket 69 is equal to 29
Local Cache Stride Bucket 70 is equal to 25
Local Cache Stride Bucket 71 is equal to 54
Local Cache Stride Bucket 72 is equal to 54
Local Cache Stride Bucket 73 is equal to 57
Local Cache Stride Bucket 74 is equal to 41
Local Cache Stride Bucket 75 is equal to 53
Local Cache Stride Bucket 76 is equal to 60
Local Cache Stride Bucket 77 is equal to 31
Local Cache Stride Bucket 78 is equal to 90
Local Cache Stride Bucket 79 is equal to 67
Local Cache Stride Bucket 80 is equal to 71
Local Cache Stride Bucket 81 is equal to 162
Local Cache Stride Bucket 82 is equal to 29
Local Cache Stride Bucket 83 is equal to 41
Local Cache Stride Bucket 84 is equal to 114
Local Cache Stride Bucket 85 is equal to 96
Local Cache Stride Bucket 86 is equal to 669
Local Cache Stride Bucket 87 is equal to 113
Local Cache Stride Bucket 88 is equal to 705
Local Cache Stride Bucket 89 is equal to 143
Local Cache Stride Bucket 90 is equal to 294
Local Cache Stride Bucket 91 is equal to 1099
Local Cache Stride Bucket 92 is equal to 46
Local Cache Stride Bucket 93 is equal to 48
Local Cache Stride Bucket 94 is equal to 165
Local Cache Stride Bucket 95 is equal to 43
Local Cache Stride Bucket 96 is equal to 152
Local Cache Stride Bucket 97 is equal to 28
Local Cache Stride Bucket 98 is equal to 26
Local Cache Stride Bucket 99 is equal to 10
Local Cache Stride Bucket 100 is equal to 35
Local Cache Stride Bucket 101 is equal to 92
Local Cache Stride Bucket 102 is equal to 10
Local Cache Stride Bucket 103 is equal to 6
Local Cache Stride Bucket 104 is equal to 51
Local Cache Stride Bucket 105 is equal to 925
Local Cache Stride Bucket 106 is equal to 25
Local Cache Stride Bucket 107 is equal to 23
Local Cache Stride Bucket 108 is equal to 19
Local Cache Stride Bucket 109 is equal to 18
Local Cache Stride Bucket 110 is equal to 5838
Local Cache Stride Bucket 111 is equal to 26
Local Cache Stride Bucket 112 is equal to 50
Local Cache Stride Bucket 113 is equal to 154
Local Cache Stride Bucket 114 is equal to 669
Local Cache Stride Bucket 115 is equal to 150
Local Cache Stride Bucket 116 is equal to 53
Local Cache Stride Bucket 117 is equal to 26
Local Cache Stride Bucket 118 is equal to 33
Local Cache Stride Bucket 119 is equal to 12
Local Cache Stride Bucket 120 is equal to 18
Local Cache Stride Bucket 121 is equal to 27
Local Cache Stride Bucket 122 is equal to 33
Local Cache Stride Bucket 123 is equal to 42
Local Cache Stride Bucket 124 is equal to 17
Local Cache Stride Bucket 125 is equal to 3
Local Cache Stride Bucket 126 is equal to 37
Local Cache Stride Bucket 127 is equal to 23
Local Cache Stride Bucket 128 is equal to 270
Local Cache Stride Bucket 129 is equal to 122
Local Cache Stride Bucket 130 is equal to 149
Local Cache Stride Bucket 131 is equal to 34
Local Cache Stride Bucket 132 is equal to 393
Local Cache Stride Bucket 133 is equal to 299
Local Cache Stride Bucket 134 is equal to 45
Local Cache Stride Bucket 135 is equal to 91
Local Cache Stride Bucket 136 is equal to 63
Local Cache Stride Bucket 137 is equal to 31
Local Cache Stride Bucket 138 is equal to 28
Local Cache Stride Bucket 139 is equal to 17
Local Cache Stride Bucket 140 is equal to 14
Local Cache Stride Bucket 141 is equal to 38
Local Cache Stride Bucket 142 is equal to 28
Local Cache Stride Bucket 143 is equal to 47
Local Cache Stride Bucket 144 is equal to 18
Local Cache Stride Bucket 145 is equal to 49
Local Cache Stride Bucket 146 is equal to 20
Local Cache Stride Bucket 147 is equal to 37
Local Cache Stride Bucket 148 is equal to 23
Local Cache Stride Bucket 149 is equal to 26
Local Cache Stride Bucket 150 is equal to 75
Local Cache Stride Bucket 151 is equal to 89
Local Cache Stride Bucket 152 is equal to 26
Local Cache Stride Bucket 153 is equal to 9
Local Cache Stride Bucket 154 is equal to 15
Local Cache Stride Bucket 155 is equal to 52
Local Cache Stride Bucket 156 is equal to 29
Local Cache Stride Bucket 157 is equal to 25
Local Cache Stride Bucket 158 is equal to 57
Local Cache Stride Bucket 159 is equal to 43
Local Cache Stride Bucket 160 is equal to 20
Local Cache Stride Bucket 161 is equal to 41
Local Cache Stride Bucket 162 is equal to 65
Local Cache Stride Bucket 163 is equal to 38
Local Cache Stride Bucket 164 is equal to 16
Local Cache Stride Bucket 165 is equal to 22
Local Cache Stride Bucket 166 is equal to 27
Local Cache Stride Bucket 167 is equal to 19
Local Cache Stride Bucket 168 is equal to 429
Local Cache Stride Bucket 169 is equal to 159
Local Cache Stride Bucket 170 is equal to 57
Local Cache Stride Bucket 171 is equal to 31
Local Cache Stride Bucket 172 is equal to 220
Local Cache Stride Bucket 173 is equal to 1149
Local Cache Stride Bucket 174 is equal to 16
Local Cache Stride Bucket 175 is equal to 28
Local Cache Stride Bucket 176 is equal to 23
Local Cache Stride Bucket 177 is equal to 41
Local Cache Stride Bucket 178 is equal to 27
Local Cache Stride Bucket 179 is equal to 26
Local Cache Stride Bucket 180 is equal to 29
Local Cache Stride Bucket 181 is equal to 3
Local Cache Stride Bucket 182 is equal to 26
Local Cache Stride Bucket 183 is equal to 28
Local Cache Stride Bucket 184 is equal to 24
Local Cache Stride Bucket 185 is equal to 9
Local Cache Stride Bucket 186 is equal to 12
Local Cache Stride Bucket 187 is equal to 22
Local Cache Stride Bucket 188 is equal to 28
Local Cache Stride Bucket 189 is equal to 12
Local Cache Stride Bucket 190 is equal to 14
Local Cache Stride Bucket 191 is equal to 31
Local Cache Stride Bucket 192 is equal to 27
Local Cache Stride Bucket 193 is equal to 15
Local Cache Stride Bucket 194 is equal to 9
Local Cache Stride Bucket 195 is equal to 50
Local Cache Stride Bucket 196 is equal to 46
Local Cache Stride Bucket 197 is equal to 46
Local Cache Stride Bucket 198 is equal to 30
Local Cache Stride Bucket 199 is equal to 21
Local Cache Stride Bucket 200 is equal to 22
Local Cache Stride Bucket 201 is equal to 60
Local Cache Stride Bucket 202 is equal to 33
Local Cache Stride Bucket 203 is equal to 36
Local Cache Stride Bucket 204 is equal to 31
Local Cache Stride Bucket 205 is equal to 78
Local Cache Stride Bucket 206 is equal to 78
Local Cache Stride Bucket 207 is equal to 24
Local Cache Stride Bucket 208 is equal to 86
Local Cache Stride Bucket 209 is equal to 10
Local Cache Stride Bucket 210 is equal to 29
Local Cache Stride Bucket 211 is equal to 48
Local Cache Stride Bucket 212 is equal to 15
Local Cache Stride Bucket 213 is equal to 21
Local Cache Stride Bucket 214 is equal to 132
Local Cache Stride Bucket 215 is equal to 44
Local Cache Stride Bucket 216 is equal to 23
Local Cache Stride Bucket 217 is equal to 9
Local Cache Stride Bucket 218 is equal to 47
Local Cache Stride Bucket 219 is equal to 81
Local Cache Stride Bucket 220 is equal to 43
Local Cache Stride Bucket 221 is equal to 30
Local Cache Stride Bucket 222 is equal to 54
Local Cache Stride Bucket 223 is equal to 14
Local Cache Stride Bucket 224 is equal to 32
Local Cache Stride Bucket 225 is equal to 15
Local Cache Stride Bucket 226 is equal to 33
Local Cache Stride Bucket 227 is equal to 40
Local Cache Stride Bucket 228 is equal to 22
Local Cache Stride Bucket 229 is equal to 27
Local Cache Stride Bucket 230 is equal to 19
Local Cache Stride Bucket 231 is equal to 16
Local Cache Stride Bucket 232 is equal to 51
Local Cache Stride Bucket 233 is equal to 58
Local Cache Stride Bucket 234 is equal to 24
Local Cache Stride Bucket 235 is equal to 25
Local Cache Stride Bucket 236 is equal to 24
Local Cache Stride Bucket 237 is equal to 44
Local Cache Stride Bucket 238 is equal to 37
Local Cache Stride Bucket 239 is equal to 42
Local Cache Stride Bucket 240 is equal to 37
Local Cache Stride Bucket 241 is equal to 24
Local Cache Stride Bucket 242 is equal to 32
Local Cache Stride Bucket 243 is equal to 32
Local Cache Stride Bucket 244 is equal to 67
Local Cache Stride Bucket 245 is equal to 13
Local Cache Stride Bucket 246 is equal to 25
Local Cache Stride Bucket 247 is equal to 17
Local Cache Stride Bucket 248 is equal to 1370
Local Cache Stride Bucket 249 is equal to 639
Local Cache Stride Bucket 250 is equal to 27
Local Cache Stride Bucket 251 is equal to 49
Local Cache Stride Bucket 252 is equal to 70
Local Cache Stride Bucket 253 is equal to 64
Local Cache Stride Bucket 254 is equal to 103
Local Cache Stride Bucket 255 is equal to 320
Local Cache Stride Bucket 256 is equal to 281598


Global LD ST Byte Stride Bucket -256 is equal to 9221671
Global LD ST Byte Stride Bucket -248 is equal to 14173
Global LD ST Byte Stride Bucket -244 is equal to 17
Global LD ST Byte Stride Bucket -228 is equal to 5429
Global LD ST Byte Stride Bucket -216 is equal to 79716
Global LD ST Byte Stride Bucket -212 is equal to 6
Global LD ST Byte Stride Bucket -200 is equal to 1
Global LD ST Byte Stride Bucket -196 is equal to 8
Global LD ST Byte Stride Bucket -192 is equal to 139
Global LD ST Byte Stride Bucket -190 is equal to 2
Global LD ST Byte Stride Bucket -188 is equal to 7317
Global LD ST Byte Stride Bucket -186 is equal to 14
Global LD ST Byte Stride Bucket -184 is equal to 11720
Global LD ST Byte Stride Bucket -182 is equal to 53
Global LD ST Byte Stride Bucket -180 is equal to 116
Global LD ST Byte Stride Bucket -178 is equal to 74
Global LD ST Byte Stride Bucket -176 is equal to 35590
Global LD ST Byte Stride Bucket -174 is equal to 47
Global LD ST Byte Stride Bucket -172 is equal to 44
Global LD ST Byte Stride Bucket -170 is equal to 148
Global LD ST Byte Stride Bucket -168 is equal to 3279
Global LD ST Byte Stride Bucket -166 is equal to 46
Global LD ST Byte Stride Bucket -164 is equal to 8137
Global LD ST Byte Stride Bucket -162 is equal to 52
Global LD ST Byte Stride Bucket -160 is equal to 9999
Global LD ST Byte Stride Bucket -158 is equal to 67
Global LD ST Byte Stride Bucket -156 is equal to 59
Global LD ST Byte Stride Bucket -154 is equal to 79
Global LD ST Byte Stride Bucket -152 is equal to 399
Global LD ST Byte Stride Bucket -150 is equal to 49
Global LD ST Byte Stride Bucket -148 is equal to 315
Global LD ST Byte Stride Bucket -146 is equal to 56
Global LD ST Byte Stride Bucket -144 is equal to 853
Global LD ST Byte Stride Bucket -142 is equal to 60
Global LD ST Byte Stride Bucket -140 is equal to 83
Global LD ST Byte Stride Bucket -138 is equal to 40
Global LD ST Byte Stride Bucket -136 is equal to 109
Global LD ST Byte Stride Bucket -134 is equal to 56
Global LD ST Byte Stride Bucket -132 is equal to 474
Global LD ST Byte Stride Bucket -130 is equal to 90
Global LD ST Byte Stride Bucket -128 is equal to 398
Global LD ST Byte Stride Bucket -126 is equal to 61
Global LD ST Byte Stride Bucket -124 is equal to 1238
Global LD ST Byte Stride Bucket -122 is equal to 70
Global LD ST Byte Stride Bucket -120 is equal to 16095
Global LD ST Byte Stride Bucket -118 is equal to 31
Global LD ST Byte Stride Bucket -116 is equal to 4983
Global LD ST Byte Stride Bucket -114 is equal to 57
Global LD ST Byte Stride Bucket -112 is equal to 7459
Global LD ST Byte Stride Bucket -110 is equal to 127
Global LD ST Byte Stride Bucket -108 is equal to 4662
Global LD ST Byte Stride Bucket -106 is equal to 90
Global LD ST Byte Stride Bucket -104 is equal to 5268
Global LD ST Byte Stride Bucket -102 is equal to 121
Global LD ST Byte Stride Bucket -100 is equal to 11431
Global LD ST Byte Stride Bucket -98 is equal to 82
Global LD ST Byte Stride Bucket -96 is equal to 119748
Global LD ST Byte Stride Bucket -94 is equal to 561
Global LD ST Byte Stride Bucket -92 is equal to 6281
Global LD ST Byte Stride Bucket -90 is equal to 858
Global LD ST Byte Stride Bucket -88 is equal to 61227
Global LD ST Byte Stride Bucket -86 is equal to 939
Global LD ST Byte Stride Bucket -84 is equal to 6154
Global LD ST Byte Stride Bucket -82 is equal to 666
Global LD ST Byte Stride Bucket -80 is equal to 58794
Global LD ST Byte Stride Bucket -78 is equal to 298
Global LD ST Byte Stride Bucket -76 is equal to 2322
Global LD ST Byte Stride Bucket -74 is equal to 560
Global LD ST Byte Stride Bucket -72 is equal to 4013
Global LD ST Byte Stride Bucket -70 is equal to 750
Global LD ST Byte Stride Bucket -68 is equal to 6870
Global LD ST Byte Stride Bucket -66 is equal to 1889
Global LD ST Byte Stride Bucket -64 is equal to 9025
Global LD ST Byte Stride Bucket -62 is equal to 1403
Global LD ST Byte Stride Bucket -60 is equal to 40981
Global LD ST Byte Stride Bucket -58 is equal to 178
Global LD ST Byte Stride Bucket -56 is equal to 191737
Global LD ST Byte Stride Bucket -54 is equal to 159
Global LD ST Byte Stride Bucket -52 is equal to 111989
Global LD ST Byte Stride Bucket -50 is equal to 1542
Global LD ST Byte Stride Bucket -48 is equal to 66760
Global LD ST Byte Stride Bucket -46 is equal to 1868
Global LD ST Byte Stride Bucket -44 is equal to 7603
Global LD ST Byte Stride Bucket -42 is equal to 1975
Global LD ST Byte Stride Bucket -40 is equal to 63807
Global LD ST Byte Stride Bucket -38 is equal to 308
Global LD ST Byte Stride Bucket -36 is equal to 116835
Global LD ST Byte Stride Bucket -34 is equal to 214
Global LD ST Byte Stride Bucket -32 is equal to 118761
Global LD ST Byte Stride Bucket -30 is equal to 372
Global LD ST Byte Stride Bucket -28 is equal to 22740
Global LD ST Byte Stride Bucket -26 is equal to 1584
Global LD ST Byte Stride Bucket -24 is equal to 212902
Global LD ST Byte Stride Bucket -22 is equal to 20605
Global LD ST Byte Stride Bucket -20 is equal to 245255
Global LD ST Byte Stride Bucket -18 is equal to 794
Global LD ST Byte Stride Bucket -16 is equal to 204559
Global LD ST Byte Stride Bucket -14 is equal to 505
Global LD ST Byte Stride Bucket -13 is equal to 7
Global LD ST Byte Stride Bucket -12 is equal to 296449
Global LD ST Byte Stride Bucket -10 is equal to 324
Global LD ST Byte Stride Bucket -9 is equal to 21
Global LD ST Byte Stride Bucket -8 is equal to 2556273
Global LD ST Byte Stride Bucket -6 is equal to 980
Global LD ST Byte Stride Bucket -4 is equal to 1144851
Global LD ST Byte Stride Bucket -2 is equal to 19469
Global LD ST Byte Stride Bucket -1 is equal to 26
Global LD ST Byte Stride Bucket 0 is equal to 2556098
Global LD ST Byte Stride Bucket 2 is equal to 22283
Global LD ST Byte Stride Bucket 4 is equal to 1219996
Global LD ST Byte Stride Bucket 6 is equal to 675
Global LD ST Byte Stride Bucket 8 is equal to 2947906
Global LD ST Byte Stride Bucket 9 is equal to 634
Global LD ST Byte Stride Bucket 10 is equal to 715
Global LD ST Byte Stride Bucket 12 is equal to 100634
Global LD ST Byte Stride Bucket 14 is equal to 663
Global LD ST Byte Stride Bucket 16 is equal to 326242
Global LD ST Byte Stride Bucket 18 is equal to 847
Global LD ST Byte Stride Bucket 20 is equal to 119167
Global LD ST Byte Stride Bucket 22 is equal to 24982
Global LD ST Byte Stride Bucket 24 is equal to 215954
Global LD ST Byte Stride Bucket 26 is equal to 1277
Global LD ST Byte Stride Bucket 28 is equal to 24093
Global LD ST Byte Stride Bucket 30 is equal to 575
Global LD ST Byte Stride Bucket 32 is equal to 114140
Global LD ST Byte Stride Bucket 34 is equal to 232
Global LD ST Byte Stride Bucket 36 is equal to 235473
Global LD ST Byte Stride Bucket 38 is equal to 557
Global LD ST Byte Stride Bucket 40 is equal to 70256
Global LD ST Byte Stride Bucket 42 is equal to 971
Global LD ST Byte Stride Bucket 44 is equal to 123228
Global LD ST Byte Stride Bucket 46 is equal to 1045
Global LD ST Byte Stride Bucket 48 is equal to 87176
Global LD ST Byte Stride Bucket 50 is equal to 388
Global LD ST Byte Stride Bucket 52 is equal to 126926
Global LD ST Byte Stride Bucket 54 is equal to 120
Global LD ST Byte Stride Bucket 56 is equal to 36619
Global LD ST Byte Stride Bucket 57 is equal to 54
Global LD ST Byte Stride Bucket 58 is equal to 106
Global LD ST Byte Stride Bucket 60 is equal to 7956
Global LD ST Byte Stride Bucket 62 is equal to 1147
Global LD ST Byte Stride Bucket 64 is equal to 9738
Global LD ST Byte Stride Bucket 66 is equal to 429
Global LD ST Byte Stride Bucket 68 is equal to 463
Global LD ST Byte Stride Bucket 70 is equal to 596
Global LD ST Byte Stride Bucket 72 is equal to 3060
Global LD ST Byte Stride Bucket 74 is equal to 222
Global LD ST Byte Stride Bucket 76 is equal to 192
Global LD ST Byte Stride Bucket 78 is equal to 246
Global LD ST Byte Stride Bucket 80 is equal to 279
Global LD ST Byte Stride Bucket 82 is equal to 310
Global LD ST Byte Stride Bucket 84 is equal to 119091
Global LD ST Byte Stride Bucket 86 is equal to 234
Global LD ST Byte Stride Bucket 88 is equal to 58629
Global LD ST Byte Stride Bucket 90 is equal to 303
Global LD ST Byte Stride Bucket 92 is equal to 2253
Global LD ST Byte Stride Bucket 94 is equal to 418
Global LD ST Byte Stride Bucket 96 is equal to 896
Global LD ST Byte Stride Bucket 98 is equal to 54
Global LD ST Byte Stride Bucket 100 is equal to 121
Global LD ST Byte Stride Bucket 102 is equal to 102
Global LD ST Byte Stride Bucket 104 is equal to 978
Global LD ST Byte Stride Bucket 106 is equal to 90
Global LD ST Byte Stride Bucket 108 is equal to 91
Global LD ST Byte Stride Bucket 110 is equal to 94
Global LD ST Byte Stride Bucket 112 is equal to 287
Global LD ST Byte Stride Bucket 114 is equal to 65
Global LD ST Byte Stride Bucket 116 is equal to 83
Global LD ST Byte Stride Bucket 118 is equal to 70
Global LD ST Byte Stride Bucket 120 is equal to 340
Global LD ST Byte Stride Bucket 122 is equal to 96
Global LD ST Byte Stride Bucket 124 is equal to 132
Global LD ST Byte Stride Bucket 126 is equal to 126
Global LD ST Byte Stride Bucket 128 is equal to 220
Global LD ST Byte Stride Bucket 130 is equal to 118
Global LD ST Byte Stride Bucket 132 is equal to 126
Global LD ST Byte Stride Bucket 134 is equal to 59
Global LD ST Byte Stride Bucket 136 is equal to 1201
Global LD ST Byte Stride Bucket 138 is equal to 367
Global LD ST Byte Stride Bucket 140 is equal to 58
Global LD ST Byte Stride Bucket 142 is equal to 51
Global LD ST Byte Stride Bucket 144 is equal to 99
Global LD ST Byte Stride Bucket 146 is equal to 131
Global LD ST Byte Stride Bucket 148 is equal to 145
Global LD ST Byte Stride Bucket 150 is equal to 170
Global LD ST Byte Stride Bucket 152 is equal to 161
Global LD ST Byte Stride Bucket 154 is equal to 159
Global LD ST Byte Stride Bucket 156 is equal to 677
Global LD ST Byte Stride Bucket 158 is equal to 83
Global LD ST Byte Stride Bucket 160 is equal to 7392
Global LD ST Byte Stride Bucket 162 is equal to 97
Global LD ST Byte Stride Bucket 164 is equal to 104
Global LD ST Byte Stride Bucket 166 is equal to 88
Global LD ST Byte Stride Bucket 168 is equal to 73
Global LD ST Byte Stride Bucket 170 is equal to 70
Global LD ST Byte Stride Bucket 172 is equal to 76
Global LD ST Byte Stride Bucket 174 is equal to 98
Global LD ST Byte Stride Bucket 176 is equal to 13878
Global LD ST Byte Stride Bucket 178 is equal to 96
Global LD ST Byte Stride Bucket 180 is equal to 69
Global LD ST Byte Stride Bucket 182 is equal to 41
Global LD ST Byte Stride Bucket 184 is equal to 31556
Global LD ST Byte Stride Bucket 186 is equal to 16
Global LD ST Byte Stride Bucket 188 is equal to 9
Global LD ST Byte Stride Bucket 190 is equal to 2
Global LD ST Byte Stride Bucket 192 is equal to 3
Global LD ST Byte Stride Bucket 196 is equal to 2
Global LD ST Byte Stride Bucket 200 is equal to 8354
Global LD ST Byte Stride Bucket 212 is equal to 1
Global LD ST Byte Stride Bucket 216 is equal to 20
Global LD ST Byte Stride Bucket 220 is equal to 1051
Global LD ST Byte Stride Bucket 224 is equal to 85410
Global LD ST Byte Stride Bucket 228 is equal to 1
Global LD ST Byte Stride Bucket 232 is equal to 65
Global LD ST Byte Stride Bucket 244 is equal to 1
Global LD ST Byte Stride Bucket 248 is equal to 6334
Global LD ST Byte Stride Bucket 252 is equal to 64
Global LD ST Byte Stride Bucket 256 is equal to 9987227

Global LD ST Cache Stride Bucket -256 is equal to 2089284
Global LD ST Cache Stride Bucket -254 is equal to 91
Global LD ST Cache Stride Bucket -243 is equal to 1
Global LD ST Cache Stride Bucket -242 is equal to 1
Global LD ST Cache Stride Bucket -241 is equal to 1
Global LD ST Cache Stride Bucket -240 is equal to 1
Global LD ST Cache Stride Bucket -239 is equal to 1
Global LD ST Cache Stride Bucket -238 is equal to 1
Global LD ST Cache Stride Bucket -237 is equal to 1
Global LD ST Cache Stride Bucket -236 is equal to 16
Global LD ST Cache Stride Bucket -235 is equal to 1
Global LD ST Cache Stride Bucket -234 is equal to 1
Global LD ST Cache Stride Bucket -233 is equal to 1
Global LD ST Cache Stride Bucket -232 is equal to 1
Global LD ST Cache Stride Bucket -231 is equal to 1
Global LD ST Cache Stride Bucket -230 is equal to 1
Global LD ST Cache Stride Bucket -229 is equal to 1
Global LD ST Cache Stride Bucket -228 is equal to 1
Global LD ST Cache Stride Bucket -227 is equal to 1
Global LD ST Cache Stride Bucket -226 is equal to 1
Global LD ST Cache Stride Bucket -223 is equal to 14
Global LD ST Cache Stride Bucket -222 is equal to 14
Global LD ST Cache Stride Bucket -211 is equal to 1
Global LD ST Cache Stride Bucket -210 is equal to 1
Global LD ST Cache Stride Bucket -209 is equal to 1
Global LD ST Cache Stride Bucket -208 is equal to 1
Global LD ST Cache Stride Bucket -207 is equal to 1
Global LD ST Cache Stride Bucket -206 is equal to 1
Global LD ST Cache Stride Bucket -205 is equal to 1
Global LD ST Cache Stride Bucket -204 is equal to 1
Global LD ST Cache Stride Bucket -203 is equal to 2
Global LD ST Cache Stride Bucket -202 is equal to 2
Global LD ST Cache Stride Bucket -201 is equal to 2
Global LD ST Cache Stride Bucket -200 is equal to 2
Global LD ST Cache Stride Bucket -199 is equal to 2
Global LD ST Cache Stride Bucket -198 is equal to 2
Global LD ST Cache Stride Bucket -197 is equal to 2
Global LD ST Cache Stride Bucket -196 is equal to 2
Global LD ST Cache Stride Bucket -195 is equal to 2
Global LD ST Cache Stride Bucket -194 is equal to 2
Global LD ST Cache Stride Bucket -193 is equal to 9
Global LD ST Cache Stride Bucket -192 is equal to 323
Global LD ST Cache Stride Bucket -191 is equal to 4586
Global LD ST Cache Stride Bucket -190 is equal to 3675
Global LD ST Cache Stride Bucket -189 is equal to 6838
Global LD ST Cache Stride Bucket -188 is equal to 26281
Global LD ST Cache Stride Bucket -187 is equal to 50767
Global LD ST Cache Stride Bucket -186 is equal to 56381
Global LD ST Cache Stride Bucket -185 is equal to 39177
Global LD ST Cache Stride Bucket -184 is equal to 68076
Global LD ST Cache Stride Bucket -183 is equal to 50449
Global LD ST Cache Stride Bucket -182 is equal to 30225
Global LD ST Cache Stride Bucket -181 is equal to 17209
Global LD ST Cache Stride Bucket -180 is equal to 45052
Global LD ST Cache Stride Bucket -179 is equal to 40973
Global LD ST Cache Stride Bucket -178 is equal to 26277
Global LD ST Cache Stride Bucket -177 is equal to 41834
Global LD ST Cache Stride Bucket -176 is equal to 28096
Global LD ST Cache Stride Bucket -175 is equal to 19246
Global LD ST Cache Stride Bucket -174 is equal to 25799
Global LD ST Cache Stride Bucket -173 is equal to 53310
Global LD ST Cache Stride Bucket -172 is equal to 54143
Global LD ST Cache Stride Bucket -171 is equal to 35182
Global LD ST Cache Stride Bucket -170 is equal to 25522
Global LD ST Cache Stride Bucket -169 is equal to 12467
Global LD ST Cache Stride Bucket -168 is equal to 6916
Global LD ST Cache Stride Bucket -167 is equal to 9066
Global LD ST Cache Stride Bucket -166 is equal to 16556
Global LD ST Cache Stride Bucket -165 is equal to 17063
Global LD ST Cache Stride Bucket -164 is equal to 13207
Global LD ST Cache Stride Bucket -163 is equal to 28100
Global LD ST Cache Stride Bucket -162 is equal to 22805
Global LD ST Cache Stride Bucket -161 is equal to 18350
Global LD ST Cache Stride Bucket -160 is equal to 24316
Global LD ST Cache Stride Bucket -159 is equal to 50639
Global LD ST Cache Stride Bucket -158 is equal to 56466
Global LD ST Cache Stride Bucket -157 is equal to 42217
Global LD ST Cache Stride Bucket -156 is equal to 48048
Global LD ST Cache Stride Bucket -155 is equal to 31287
Global LD ST Cache Stride Bucket -154 is equal to 32439
Global LD ST Cache Stride Bucket -153 is equal to 14393
Global LD ST Cache Stride Bucket -152 is equal to 32512
Global LD ST Cache Stride Bucket -151 is equal to 35968
Global LD ST Cache Stride Bucket -150 is equal to 25997
Global LD ST Cache Stride Bucket -149 is equal to 17522
Global LD ST Cache Stride Bucket -148 is equal to 15278
Global LD ST Cache Stride Bucket -147 is equal to 27676
Global LD ST Cache Stride Bucket -146 is equal to 27343
Global LD ST Cache Stride Bucket -145 is equal to 32717
Global LD ST Cache Stride Bucket -144 is equal to 33202
Global LD ST Cache Stride Bucket -143 is equal to 30343
Global LD ST Cache Stride Bucket -142 is equal to 17680
Global LD ST Cache Stride Bucket -141 is equal to 13002
Global LD ST Cache Stride Bucket -140 is equal to 19457
Global LD ST Cache Stride Bucket -139 is equal to 22962
Global LD ST Cache Stride Bucket -138 is equal to 18776
Global LD ST Cache Stride Bucket -137 is equal to 17033
Global LD ST Cache Stride Bucket -136 is equal to 16357
Global LD ST Cache Stride Bucket -135 is equal to 19782
Global LD ST Cache Stride Bucket -134 is equal to 30480
Global LD ST Cache Stride Bucket -133 is equal to 39280
Global LD ST Cache Stride Bucket -132 is equal to 36861
Global LD ST Cache Stride Bucket -131 is equal to 28649
Global LD ST Cache Stride Bucket -130 is equal to 28833
Global LD ST Cache Stride Bucket -129 is equal to 24069
Global LD ST Cache Stride Bucket -128 is equal to 21746
Global LD ST Cache Stride Bucket -127 is equal to 17352
Global LD ST Cache Stride Bucket -126 is equal to 25801
Global LD ST Cache Stride Bucket -125 is equal to 16752
Global LD ST Cache Stride Bucket -124 is equal to 12702
Global LD ST Cache Stride Bucket -123 is equal to 18592
Global LD ST Cache Stride Bucket -122 is equal to 16697
Global LD ST Cache Stride Bucket -121 is equal to 20605
Global LD ST Cache Stride Bucket -120 is equal to 30256
Global LD ST Cache Stride Bucket -119 is equal to 30804
Global LD ST Cache Stride Bucket -118 is equal to 34290
Global LD ST Cache Stride Bucket -117 is equal to 19504
Global LD ST Cache Stride Bucket -116 is equal to 18373
Global LD ST Cache Stride Bucket -115 is equal to 13292
Global LD ST Cache Stride Bucket -114 is equal to 15427
Global LD ST Cache Stride Bucket -113 is equal to 16788
Global LD ST Cache Stride Bucket -112 is equal to 18752
Global LD ST Cache Stride Bucket -111 is equal to 18838
Global LD ST Cache Stride Bucket -110 is equal to 10835
Global LD ST Cache Stride Bucket -109 is equal to 11791
Global LD ST Cache Stride Bucket -108 is equal to 8424
Global LD ST Cache Stride Bucket -107 is equal to 14644
Global LD ST Cache Stride Bucket -106 is equal to 18271
Global LD ST Cache Stride Bucket -105 is equal to 13603
Global LD ST Cache Stride Bucket -104 is equal to 18009
Global LD ST Cache Stride Bucket -103 is equal to 5025
Global LD ST Cache Stride Bucket -102 is equal to 7898
Global LD ST Cache Stride Bucket -101 is equal to 6025
Global LD ST Cache Stride Bucket -100 is equal to 100176
Global LD ST Cache Stride Bucket -99 is equal to 13183
Global LD ST Cache Stride Bucket -98 is equal to 90478
Global LD ST Cache Stride Bucket -97 is equal to 69318
Global LD ST Cache Stride Bucket -96 is equal to 192446
Global LD ST Cache Stride Bucket -95 is equal to 258947
Global LD ST Cache Stride Bucket -94 is equal to 177318
Global LD ST Cache Stride Bucket -93 is equal to 162635
Global LD ST Cache Stride Bucket -92 is equal to 223907
Global LD ST Cache Stride Bucket -91 is equal to 263214
Global LD ST Cache Stride Bucket -90 is equal to 202489
Global LD ST Cache Stride Bucket -89 is equal to 39585
Global LD ST Cache Stride Bucket -88 is equal to 68901
Global LD ST Cache Stride Bucket -87 is equal to 33427
Global LD ST Cache Stride Bucket -86 is equal to 34963
Global LD ST Cache Stride Bucket -85 is equal to 49875
Global LD ST Cache Stride Bucket -84 is equal to 26649
Global LD ST Cache Stride Bucket -83 is equal to 26510
Global LD ST Cache Stride Bucket -82 is equal to 27383
Global LD ST Cache Stride Bucket -81 is equal to 46128
Global LD ST Cache Stride Bucket -80 is equal to 23657
Global LD ST Cache Stride Bucket -79 is equal to 20170
Global LD ST Cache Stride Bucket -78 is equal to 31604
Global LD ST Cache Stride Bucket -77 is equal to 26095
Global LD ST Cache Stride Bucket -76 is equal to 17891
Global LD ST Cache Stride Bucket -75 is equal to 12865
Global LD ST Cache Stride Bucket -74 is equal to 47957
Global LD ST Cache Stride Bucket -73 is equal to 14207
Global LD ST Cache Stride Bucket -72 is equal to 16618
Global LD ST Cache Stride Bucket -71 is equal to 13046
Global LD ST Cache Stride Bucket -70 is equal to 11086
Global LD ST Cache Stride Bucket -69 is equal to 13646
Global LD ST Cache Stride Bucket -68 is equal to 19715
Global LD ST Cache Stride Bucket -67 is equal to 27796
Global LD ST Cache Stride Bucket -66 is equal to 19712
Global LD ST Cache Stride Bucket -65 is equal to 17455
Global LD ST Cache Stride Bucket -64 is equal to 29967
Global LD ST Cache Stride Bucket -63 is equal to 30185
Global LD ST Cache Stride Bucket -62 is equal to 17390
Global LD ST Cache Stride Bucket -61 is equal to 14760
Global LD ST Cache Stride Bucket -60 is equal to 45101
Global LD ST Cache Stride Bucket -59 is equal to 19374
Global LD ST Cache Stride Bucket -58 is equal to 13887
Global LD ST Cache Stride Bucket -57 is equal to 23381
Global LD ST Cache Stride Bucket -56 is equal to 41430
Global LD ST Cache Stride Bucket -55 is equal to 92739
Global LD ST Cache Stride Bucket -54 is equal to 74910
Global LD ST Cache Stride Bucket -53 is equal to 83551
Global LD ST Cache Stride Bucket -52 is equal to 60841
Global LD ST Cache Stride Bucket -51 is equal to 11309
Global LD ST Cache Stride Bucket -50 is equal to 5283
Global LD ST Cache Stride Bucket -49 is equal to 6169
Global LD ST Cache Stride Bucket -48 is equal to 3947
Global LD ST Cache Stride Bucket -47 is equal to 2402
Global LD ST Cache Stride Bucket -46 is equal to 7019
Global LD ST Cache Stride Bucket -45 is equal to 5514
Global LD ST Cache Stride Bucket -44 is equal to 2589
Global LD ST Cache Stride Bucket -43 is equal to 2739
Global LD ST Cache Stride Bucket -42 is equal to 102243
Global LD ST Cache Stride Bucket -41 is equal to 156827
Global LD ST Cache Stride Bucket -40 is equal to 29211
Global LD ST Cache Stride Bucket -39 is equal to 35399
Global LD ST Cache Stride Bucket -38 is equal to 44718
Global LD ST Cache Stride Bucket -37 is equal to 1624
Global LD ST Cache Stride Bucket -36 is equal to 1809
Global LD ST Cache Stride Bucket -35 is equal to 896
Global LD ST Cache Stride Bucket -34 is equal to 755
Global LD ST Cache Stride Bucket -33 is equal to 1687
Global LD ST Cache Stride Bucket -32 is equal to 5368
Global LD ST Cache Stride Bucket -31 is equal to 4925
Global LD ST Cache Stride Bucket -30 is equal to 8552
Global LD ST Cache Stride Bucket -29 is equal to 7861
Global LD ST Cache Stride Bucket -28 is equal to 129419
Global LD ST Cache Stride Bucket -27 is equal to 113403
Global LD ST Cache Stride Bucket -26 is equal to 32675
Global LD ST Cache Stride Bucket -25 is equal to 79005
Global LD ST Cache Stride Bucket -24 is equal to 21341
Global LD ST Cache Stride Bucket -23 is equal to 67
Global LD ST Cache Stride Bucket -22 is equal to 278
Global LD ST Cache Stride Bucket -21 is equal to 131
Global LD ST Cache Stride Bucket -20 is equal to 1
Global LD ST Cache Stride Bucket -19 is equal to 1
Global LD ST Cache Stride Bucket -18 is equal to 2355
Global LD ST Cache Stride Bucket -17 is equal to 12914
Global LD ST Cache Stride Bucket -16 is equal to 16738
Global LD ST Cache Stride Bucket -15 is equal to 72148
Global LD ST Cache Stride Bucket -14 is equal to 265993
Global LD ST Cache Stride Bucket -13 is equal to 211654
Global LD ST Cache Stride Bucket -12 is equal to 75959
Global LD ST Cache Stride Bucket -11 is equal to 74621
Global LD ST Cache Stride Bucket -10 is equal to 20016
Global LD ST Cache Stride Bucket -9 is equal to 3795
Global LD ST Cache Stride Bucket -8 is equal to 7479
Global LD ST Cache Stride Bucket -7 is equal to 22146
Global LD ST Cache Stride Bucket -6 is equal to 113223
Global LD ST Cache Stride Bucket -5 is equal to 128219
Global LD ST Cache Stride Bucket -4 is equal to 49523
Global LD ST Cache Stride Bucket -3 is equal to 117640
Global LD ST Cache Stride Bucket -2 is equal to 140265
Global LD ST Cache Stride Bucket -1 is equal to 1437291
Global LD ST Cache Stride Bucket 0 is equal to 11476278
Global LD ST Cache Stride Bucket 1 is equal to 1262611
Global LD ST Cache Stride Bucket 2 is equal to 64233
Global LD ST Cache Stride Bucket 3 is equal to 95296
Global LD ST Cache Stride Bucket 4 is equal to 67639
Global LD ST Cache Stride Bucket 5 is equal to 109002
Global LD ST Cache Stride Bucket 6 is equal to 108499
Global LD ST Cache Stride Bucket 7 is equal to 20743
Global LD ST Cache Stride Bucket 8 is equal to 972
Global LD ST Cache Stride Bucket 9 is equal to 1291
Global LD ST Cache Stride Bucket 10 is equal to 41299
Global LD ST Cache Stride Bucket 11 is equal to 53231
Global LD ST Cache Stride Bucket 12 is equal to 53711
Global LD ST Cache Stride Bucket 13 is equal to 363326
Global LD ST Cache Stride Bucket 14 is equal to 604321
Global LD ST Cache Stride Bucket 15 is equal to 139681
Global LD ST Cache Stride Bucket 16 is equal to 16286
Global LD ST Cache Stride Bucket 17 is equal to 9816
Global LD ST Cache Stride Bucket 18 is equal to 6739
Global LD ST Cache Stride Bucket 19 is equal to 1540
Global LD ST Cache Stride Bucket 20 is equal to 117
Global LD ST Cache Stride Bucket 21 is equal to 302
Global LD ST Cache Stride Bucket 22 is equal to 452
Global LD ST Cache Stride Bucket 23 is equal to 1566
Global LD ST Cache Stride Bucket 24 is equal to 83221
Global LD ST Cache Stride Bucket 25 is equal to 127743
Global LD ST Cache Stride Bucket 26 is equal to 86060
Global LD ST Cache Stride Bucket 27 is equal to 153713
Global LD ST Cache Stride Bucket 28 is equal to 130575
Global LD ST Cache Stride Bucket 29 is equal to 7929
Global LD ST Cache Stride Bucket 30 is equal to 5960
Global LD ST Cache Stride Bucket 31 is equal to 5169
Global LD ST Cache Stride Bucket 32 is equal to 945
Global LD ST Cache Stride Bucket 33 is equal to 10315
Global LD ST Cache Stride Bucket 34 is equal to 6231
Global LD ST Cache Stride Bucket 35 is equal to 2564
Global LD ST Cache Stride Bucket 36 is equal to 1045
Global LD ST Cache Stride Bucket 37 is equal to 34089
Global LD ST Cache Stride Bucket 38 is equal to 167385
Global LD ST Cache Stride Bucket 39 is equal to 182499
Global LD ST Cache Stride Bucket 40 is equal to 224949
Global LD ST Cache Stride Bucket 41 is equal to 194336
Global LD ST Cache Stride Bucket 42 is equal to 18990
Global LD ST Cache Stride Bucket 43 is equal to 6992
Global LD ST Cache Stride Bucket 44 is equal to 4216
Global LD ST Cache Stride Bucket 45 is equal to 5340
Global LD ST Cache Stride Bucket 46 is equal to 3291
Global LD ST Cache Stride Bucket 47 is equal to 16398
Global LD ST Cache Stride Bucket 48 is equal to 5693
Global LD ST Cache Stride Bucket 49 is equal to 5253
Global LD ST Cache Stride Bucket 50 is equal to 3869
Global LD ST Cache Stride Bucket 51 is equal to 18661
Global LD ST Cache Stride Bucket 52 is equal to 42915
Global LD ST Cache Stride Bucket 53 is equal to 46402
Global LD ST Cache Stride Bucket 54 is equal to 72398
Global LD ST Cache Stride Bucket 55 is equal to 82117
Global LD ST Cache Stride Bucket 56 is equal to 35657
Global LD ST Cache Stride Bucket 57 is equal to 18431
Global LD ST Cache Stride Bucket 58 is equal to 45095
Global LD ST Cache Stride Bucket 59 is equal to 19841
Global LD ST Cache Stride Bucket 60 is equal to 21251
Global LD ST Cache Stride Bucket 61 is equal to 58455
Global LD ST Cache Stride Bucket 62 is equal to 25015
Global LD ST Cache Stride Bucket 63 is equal to 26559
Global LD ST Cache Stride Bucket 64 is equal to 18755
Global LD ST Cache Stride Bucket 65 is equal to 30215
Global LD ST Cache Stride Bucket 66 is equal to 23241
Global LD ST Cache Stride Bucket 67 is equal to 20367
Global LD ST Cache Stride Bucket 68 is equal to 32035
Global LD ST Cache Stride Bucket 69 is equal to 15813
Global LD ST Cache Stride Bucket 70 is equal to 15335
Global LD ST Cache Stride Bucket 71 is equal to 13970
Global LD ST Cache Stride Bucket 72 is equal to 29052
Global LD ST Cache Stride Bucket 73 is equal to 17578
Global LD ST Cache Stride Bucket 74 is equal to 21612
Global LD ST Cache Stride Bucket 75 is equal to 50733
Global LD ST Cache Stride Bucket 76 is equal to 15571
Global LD ST Cache Stride Bucket 77 is equal to 13801
Global LD ST Cache Stride Bucket 78 is equal to 16634
Global LD ST Cache Stride Bucket 79 is equal to 37813
Global LD ST Cache Stride Bucket 80 is equal to 39947
Global LD ST Cache Stride Bucket 81 is equal to 30999
Global LD ST Cache Stride Bucket 82 is equal to 64226
Global LD ST Cache Stride Bucket 83 is equal to 68697
Global LD ST Cache Stride Bucket 84 is equal to 58049
Global LD ST Cache Stride Bucket 85 is equal to 70073
Global LD ST Cache Stride Bucket 86 is equal to 92355
Global LD ST Cache Stride Bucket 87 is equal to 25167
Global LD ST Cache Stride Bucket 88 is equal to 29987
Global LD ST Cache Stride Bucket 89 is equal to 61905
Global LD ST Cache Stride Bucket 90 is equal to 65758
Global LD ST Cache Stride Bucket 91 is equal to 77630
Global LD ST Cache Stride Bucket 92 is equal to 62141
Global LD ST Cache Stride Bucket 93 is equal to 51689
Global LD ST Cache Stride Bucket 94 is equal to 47026
Global LD ST Cache Stride Bucket 95 is equal to 65105
Global LD ST Cache Stride Bucket 96 is equal to 67545
Global LD ST Cache Stride Bucket 97 is equal to 21263
Global LD ST Cache Stride Bucket 98 is equal to 18279
Global LD ST Cache Stride Bucket 99 is equal to 33857
Global LD ST Cache Stride Bucket 100 is equal to 4237
Global LD ST Cache Stride Bucket 101 is equal to 3691
Global LD ST Cache Stride Bucket 102 is equal to 2958
Global LD ST Cache Stride Bucket 103 is equal to 4280
Global LD ST Cache Stride Bucket 104 is equal to 3978
Global LD ST Cache Stride Bucket 105 is equal to 7758
Global LD ST Cache Stride Bucket 106 is equal to 8262
Global LD ST Cache Stride Bucket 107 is equal to 7316
Global LD ST Cache Stride Bucket 108 is equal to 5554
Global LD ST Cache Stride Bucket 109 is equal to 10705
Global LD ST Cache Stride Bucket 110 is equal to 6673
Global LD ST Cache Stride Bucket 111 is equal to 9871
Global LD ST Cache Stride Bucket 112 is equal to 9981
Global LD ST Cache Stride Bucket 113 is equal to 9319
Global LD ST Cache Stride Bucket 114 is equal to 7262
Global LD ST Cache Stride Bucket 115 is equal to 5984
Global LD ST Cache Stride Bucket 116 is equal to 4286
Global LD ST Cache Stride Bucket 117 is equal to 4672
Global LD ST Cache Stride Bucket 118 is equal to 6935
Global LD ST Cache Stride Bucket 119 is equal to 12091
Global LD ST Cache Stride Bucket 120 is equal to 12831
Global LD ST Cache Stride Bucket 121 is equal to 10339
Global LD ST Cache Stride Bucket 122 is equal to 6035
Global LD ST Cache Stride Bucket 123 is equal to 4580
Global LD ST Cache Stride Bucket 124 is equal to 6485
Global LD ST Cache Stride Bucket 125 is equal to 21050
Global LD ST Cache Stride Bucket 126 is equal to 179551
Global LD ST Cache Stride Bucket 127 is equal to 9424
Global LD ST Cache Stride Bucket 128 is equal to 6881
Global LD ST Cache Stride Bucket 129 is equal to 7241
Global LD ST Cache Stride Bucket 130 is equal to 6844
Global LD ST Cache Stride Bucket 131 is equal to 11198
Global LD ST Cache Stride Bucket 132 is equal to 9382
Global LD ST Cache Stride Bucket 133 is equal to 14181
Global LD ST Cache Stride Bucket 134 is equal to 20398
Global LD ST Cache Stride Bucket 135 is equal to 11851
Global LD ST Cache Stride Bucket 136 is equal to 7452
Global LD ST Cache Stride Bucket 137 is equal to 9986
Global LD ST Cache Stride Bucket 138 is equal to 14001
Global LD ST Cache Stride Bucket 139 is equal to 18544
Global LD ST Cache Stride Bucket 140 is equal to 12889
Global LD ST Cache Stride Bucket 141 is equal to 12317
Global LD ST Cache Stride Bucket 142 is equal to 9836
Global LD ST Cache Stride Bucket 143 is equal to 15312
Global LD ST Cache Stride Bucket 144 is equal to 21267
Global LD ST Cache Stride Bucket 145 is equal to 19736
Global LD ST Cache Stride Bucket 146 is equal to 16623
Global LD ST Cache Stride Bucket 147 is equal to 18299
Global LD ST Cache Stride Bucket 148 is equal to 22630
Global LD ST Cache Stride Bucket 149 is equal to 19594
Global LD ST Cache Stride Bucket 150 is equal to 30772
Global LD ST Cache Stride Bucket 151 is equal to 60250
Global LD ST Cache Stride Bucket 152 is equal to 46448
Global LD ST Cache Stride Bucket 153 is equal to 26388
Global LD ST Cache Stride Bucket 154 is equal to 36767
Global LD ST Cache Stride Bucket 155 is equal to 57320
Global LD ST Cache Stride Bucket 156 is equal to 48522
Global LD ST Cache Stride Bucket 157 is equal to 50437
Global LD ST Cache Stride Bucket 158 is equal to 107238
Global LD ST Cache Stride Bucket 159 is equal to 73554
Global LD ST Cache Stride Bucket 160 is equal to 43233
Global LD ST Cache Stride Bucket 161 is equal to 39799
Global LD ST Cache Stride Bucket 162 is equal to 48779
Global LD ST Cache Stride Bucket 163 is equal to 33895
Global LD ST Cache Stride Bucket 164 is equal to 23936
Global LD ST Cache Stride Bucket 165 is equal to 43882
Global LD ST Cache Stride Bucket 166 is equal to 29079
Global LD ST Cache Stride Bucket 167 is equal to 18414
Global LD ST Cache Stride Bucket 168 is equal to 18040
Global LD ST Cache Stride Bucket 169 is equal to 23009
Global LD ST Cache Stride Bucket 170 is equal to 36997
Global LD ST Cache Stride Bucket 171 is equal to 59839
Global LD ST Cache Stride Bucket 172 is equal to 125998
Global LD ST Cache Stride Bucket 173 is equal to 86304
Global LD ST Cache Stride Bucket 174 is equal to 47738
Global LD ST Cache Stride Bucket 175 is equal to 42572
Global LD ST Cache Stride Bucket 176 is equal to 52812
Global LD ST Cache Stride Bucket 177 is equal to 45969
Global LD ST Cache Stride Bucket 178 is equal to 37888
Global LD ST Cache Stride Bucket 179 is equal to 82171
Global LD ST Cache Stride Bucket 180 is equal to 62302
Global LD ST Cache Stride Bucket 181 is equal to 31146
Global LD ST Cache Stride Bucket 182 is equal to 56946
Global LD ST Cache Stride Bucket 183 is equal to 92700
Global LD ST Cache Stride Bucket 184 is equal to 77027
Global LD ST Cache Stride Bucket 185 is equal to 54773
Global LD ST Cache Stride Bucket 186 is equal to 126792
Global LD ST Cache Stride Bucket 187 is equal to 69842
Global LD ST Cache Stride Bucket 188 is equal to 35056
Global LD ST Cache Stride Bucket 189 is equal to 15001
Global LD ST Cache Stride Bucket 190 is equal to 7807
Global LD ST Cache Stride Bucket 191 is equal to 4485
Global LD ST Cache Stride Bucket 192 is equal to 334
Global LD ST Cache Stride Bucket 193 is equal to 397
Global LD ST Cache Stride Bucket 205 is equal to 2
Global LD ST Cache Stride Bucket 211 is equal to 2
Global LD ST Cache Stride Bucket 219 is equal to 116
Global LD ST Cache Stride Bucket 223 is equal to 29
Global LD ST Cache Stride Bucket 234 is equal to 2
Global LD ST Cache Stride Bucket 236 is equal to 30
Global LD ST Cache Stride Bucket 237 is equal to 1
Global LD ST Cache Stride Bucket 238 is equal to 1
Global LD ST Cache Stride Bucket 239 is equal to 1
Global LD ST Cache Stride Bucket 240 is equal to 1
Global LD ST Cache Stride Bucket 241 is equal to 1
Global LD ST Cache Stride Bucket 242 is equal to 1
Global LD ST Cache Stride Bucket 243 is equal to 2
Global LD ST Cache Stride Bucket 244 is equal to 2
Global LD ST Cache Stride Bucket 245 is equal to 1
Global LD ST Cache Stride Bucket 246 is equal to 1
Global LD ST Cache Stride Bucket 247 is equal to 1
Global LD ST Cache Stride Bucket 248 is equal to 1
Global LD ST Cache Stride Bucket 249 is equal to 1
Global LD ST Cache Stride Bucket 250 is equal to 531
Global LD ST Cache Stride Bucket 251 is equal to 1
Global LD ST Cache Stride Bucket 252 is equal to 1
Global LD ST Cache Stride Bucket 253 is equal to 1
Global LD ST Cache Stride Bucket 254 is equal to 92
Global LD ST Cache Stride Bucket 256 is equal to 2204188


            "-256": "9221671",
            "-255": "0",
            "-254": "0",
            "-253": "0",
            "-252": "0",
            "-251": "0",
            "-250": "0",
            "-249": "0",
            "-248": "14173",
            "-247": "0",
            "-246": "0",
            "-245": "0",
            "-244": "17",
            "-243": "0",
            "-242": "0",
            "-241": "0",
            "-240": "0",
            "-239": "0",
            "-238": "0",
            "-237": "0",
            "-236": "0",
            "-235": "0",
            "-234": "0",
            "-233": "0",
            "-232": "0",
            "-231": "0",
            "-230": "0",
            "-229": "0",
            "-228": "5429",
            "-227": "0",
            "-226": "0",
            "-225": "0",
            "-224": "0",
            "-223": "0",
            "-222": "0",
            "-221": "0",
            "-220": "0",
            "-219": "0",
            "-218": "0",
            "-217": "0",
            "-216": "79716",
            "-215": "0",
            "-214": "0",
            "-213": "0",
            "-212": "6",
            "-211": "0",
            "-210": "0",
            "-209": "0",
            "-208": "0",
            "-207": "0",
            "-206": "0",
            "-205": "0",
            "-204": "0",
            "-203": "0",
            "-202": "0",
            "-201": "0",
            "-200": "1",
            "-199": "0",
            "-198": "0",
            "-197": "0",
            "-196": "8",
            "-195": "0",
            "-194": "0",
            "-193": "0",
            "-192": "139",
            "-191": "0",
            "-190": "2",
            "-189": "0",
            "-188": "7317",
            "-187": "0",
            "-186": "14",
            "-185": "0",
            "-184": "11720",
            "-183": "0",
            "-182": "53",
            "-181": "0",
            "-180": "116",
            "-179": "0",
            "-178": "74",
            "-177": "0",
            "-176": "35590",
            "-175": "0",
            "-174": "47",
            "-173": "0",
            "-172": "44",
            "-171": "0",
            "-170": "148",
            "-169": "0",
            "-168": "3279",
            "-167": "0",
            "-166": "46",
            "-165": "0",
            "-164": "8137",
            "-163": "0",
            "-162": "52",
            "-161": "0",
            "-160": "9999",
            "-159": "0",
            "-158": "67",
            "-157": "0",
            "-156": "59",
            "-155": "0",
            "-154": "79",
            "-153": "0",
            "-152": "399",
            "-151": "0",
            "-150": "49",
            "-149": "0",
            "-148": "315",
            "-147": "0",
            "-146": "56",
            "-145": "0",
            "-144": "853",
            "-143": "0",
            "-142": "60",
            "-141": "0",
            "-140": "83",
            "-139": "0",
            "-138": "40",
            "-137": "0",
            "-136": "109",
            "-135": "0",
            "-134": "56",
            "-133": "0",
            "-132": "474",
            "-131": "0",
            "-130": "90",
            "-129": "0",
            "-128": "398",
            "-127": "0",
            "-126": "61",
            "-125": "0",
            "-124": "1238",
            "-123": "0",
            "-122": "70",
            "-121": "0",
            "-120": "16095",
            "-119": "0",
            "-118": "31",
            "-117": "0",
            "-116": "4983",
            "-115": "0",
            "-114": "57",
            "-113": "0",
            "-112": "7459",
            "-111": "0",
            "-110": "127",
            "-109": "0",
            "-108": "4662",
            "-107": "0",
            "-106": "90",
            "-105": "0",
            "-104": "5268",
            "-103": "0",
            "-102": "121",
            "-101": "0",
            "-100": "11431",
            "-99": "0",
            "-98": "82",
            "-97": "0",
            "-96": "119748",
            "-95": "0",
            "-94": "561",
            "-93": "0",
            "-92": "6281",
            "-91": "0",
            "-90": "858",
            "-89": "0",
            "-88": "61227",
            "-87": "0",
            "-86": "939",
            "-85": "0",
            "-84": "6154",
            "-83": "0",
            "-82": "666",
            "-81": "0",
            "-80": "58794",
            "-79": "0",
            "-78": "298",
            "-77": "0",
            "-76": "2322",
            "-75": "0",
            "-74": "560",
            "-73": "0",
            "-72": "4013",
            "-71": "0",
            "-70": "750",
            "-69": "0",
            "-68": "6870",
            "-67": "0",
            "-66": "1889",
            "-65": "0",
            "-64": "9025",
            "-63": "0",
            "-62": "1403",
            "-61": "0",
            "-60": "40981",
            "-59": "0",
            "-58": "178",
            "-57": "0",
            "-56": "191737",
            "-55": "0",
            "-54": "159",
            "-53": "0",
            "-52": "111989",
            "-51": "0",
            "-50": "1542",
            "-49": "0",
            "-48": "66760",
            "-47": "0",
            "-46": "1868",
            "-45": "0",
            "-44": "7603",
            "-43": "0",
            "-42": "1975",
            "-41": "0",
            "-40": "63807",
            "-39": "0",
            "-38": "308",
            "-37": "0",
            "-36": "116835",
            "-35": "0",
            "-34": "214",
            "-33": "0",
            "-32": "118761",
            "-31": "0",
            "-30": "372",
            "-29": "0",
            "-28": "22740",
            "-27": "0",
            "-26": "1584",
            "-25": "0",
            "-24": "212902",
            "-23": "0",
            "-22": "20605",
            "-21": "0",
            "-20": "245255",
            "-19": "0",
            "-18": "794",
            "-17": "0",
            "-16": "204559",
            "-15": "0",
            "-14": "505",
            "-13": "7",
            "-12": "296449",
            "-11": "0",
            "-10": "324",
            "-9": "21",
            "-8": "2556273",
            "-7": "0",
            "-6": "980",
            "-5": "0",
            "-4": "1144851",
            "-3": "0",
            "-2": "19469",
            "-1": "26",
            "0": "2556098",
            "1": "0",
            "2": "22283",
            "3": "0",
            "4": "1219996",
            "5": "0",
            "6": "675",
            "7": "0",
            "8": "2947906",
            "9": "634",
            "10": "715",
            "11": "0",
            "12": "100634",
            "13": "0",
            "14": "663",
            "15": "0",
            "16": "326242",
            "17": "0",
            "18": "847",
            "19": "0",
            "20": "119167",
            "21": "0",
            "22": "24982",
            "23": "0",
            "24": "215954",
            "25": "0",
            "26": "1277",
            "27": "0",
            "28": "24093",
            "29": "0",
            "30": "575",
            "31": "0",
            "32": "114140",
            "33": "0",
            "34": "232",
            "35": "0",
            "36": "235473",
            "37": "0",
            "38": "557",
            "39": "0",
            "40": "70256",
            "41": "0",
            "42": "971",
            "43": "0",
            "44": "123228",
            "45": "0",
            "46": "1045",
            "47": "0",
            "48": "87176",
            "49": "0",
            "50": "388",
            "51": "0",
            "52": "126926",
            "53": "0",
            "54": "120",
            "55": "0",
            "56": "36619",
            "57": "54",
            "58": "106",
            "59": "0",
            "60": "7956",
            "61": "0",
            "62": "1147",
            "63": "0",
            "64": "9738",
            "65": "0",
            "66": "429",
            "67": "0",
            "68": "463",
            "69": "0",
            "70": "596",
            "71": "0",
            "72": "3060",
            "73": "0",
            "74": "222",
            "75": "0",
            "76": "192",
            "77": "0",
            "78": "246",
            "79": "0",
            "80": "279",
            "81": "0",
            "82": "310",
            "83": "0",
            "84": "119091",
            "85": "0",
            "86": "234",
            "87": "0",
            "88": "58629",
            "89": "0",
            "90": "303",
            "91": "0",
            "92": "2253",
            "93": "0",
            "94": "418",
            "95": "0",
            "96": "896",
            "97": "0",
            "98": "54",
            "99": "0",
            "100": "121",
            "101": "0",
            "102": "102",
            "103": "0",
            "104": "978",
            "105": "0",
            "106": "90",
            "107": "0",
            "108": "91",
            "109": "0",
            "110": "94",
            "111": "0",
            "112": "287",
            "113": "0",
            "114": "65",
            "115": "0",
            "116": "83",
            "117": "0",
            "118": "70",
            "119": "0",
            "120": "340",
            "121": "0",
            "122": "96",
            "123": "0",
            "124": "132",
            "125": "0",
            "126": "126",
            "127": "0",
            "128": "220",
            "129": "0",
            "130": "118",
            "131": "0",
            "132": "126",
            "133": "0",
            "134": "59",
            "135": "0",
            "136": "1201",
            "137": "0",
            "138": "367",
            "139": "0",
            "140": "58",
            "141": "0",
            "142": "51",
            "143": "0",
            "144": "99",
            "145": "0",
            "146": "131",
            "147": "0",
            "148": "145",
            "149": "0",
            "150": "170",
            "151": "0",
            "152": "161",
            "153": "0",
            "154": "159",
            "155": "0",
            "156": "677",
            "157": "0",
            "158": "83",
            "159": "0",
            "160": "7392",
            "161": "0",
            "162": "97",
            "163": "0",
            "164": "104",
            "165": "0",
            "166": "88",
            "167": "0",
            "168": "73",
            "169": "0",
            "170": "70",
            "171": "0",
            "172": "76",
            "173": "0",
            "174": "98",
            "175": "0",
            "176": "13878",
            "177": "0",
            "178": "96",
            "179": "0",
            "180": "69",
            "181": "0",
            "182": "41",
            "183": "0",
            "184": "31556",
            "185": "0",
            "186": "16",
            "187": "0",
            "188": "9",
            "189": "0",
            "190": "2",
            "191": "0",
            "192": "3",
            "193": "0",
            "194": "0",
            "195": "0",
            "196": "2",
            "197": "0",
            "198": "0",
            "199": "0",
            "200": "8354",
            "201": "0",
            "202": "0",
            "203": "0",
            "204": "0",
            "205": "0",
            "206": "0",
            "207": "0",
            "208": "0",
            "209": "0",
            "210": "0",
            "211": "0",
            "212": "1",
            "213": "0",
            "214": "0",
            "215": "0",
            "216": "20",
            "217": "0",
            "218": "0",
            "219": "0",
            "220": "1051",
            "221": "0",
            "222": "0",
            "223": "0",
            "224": "85410",
            "225": "0",
            "226": "0",
            "227": "0",
            "228": "1",
            "229": "0",
            "230": "0",
            "231": "0",
            "232": "65",
            "233": "0",
            "234": "0",
            "235": "0",
            "236": "0",
            "237": "0",
            "238": "0",
            "239": "0",
            "240": "0",
            "241": "0",
            "242": "0",
            "243": "0",
            "244": "1",
            "245": "0",
            "246": "0",
            "247": "0",
            "248": "6334",
            "249": "0",
            "250": "0",
            "251": "0",
            "252": "64",
            "253": "0",
            "254": "0",
            "255": "0",
            "256": "9987227",


# END_DYNAMIC_STATS
