# Mix output version 2
# FINI: end of program
# EMIT_DYNAMIC_STATS FOR TID 1, ins = 100101483
Dynamic Instruction Count = 100101483, Dyn BBL Count = 16881462
RAWdep[ 0] = 0
RAWdep[ 1] = 43915769
RAWdep[ 2] = 18782221
RAWdep[ 3] = 14489940
RAWdep[ 4] = 7960625
RAWdep[ 5] = 4338954
RAWdep[ 6] = 4531466
RAWdep[ 7] = 2973782
RAWdep[ 8] = 2701524
RAWdep[ 9] = 2624951
RAWdep[ 10] = 2278947
RAWdep[ 11] = 1912131
RAWdep[ 12] = 1125203
RAWdep[ 13] = 1764247
RAWdep[ 14] = 913328
RAWdep[ 15] = 955968
RAWdep[ 16] = 1072096
RAWdep[ 17] = 849485
RAWdep[ 18] = 453367
RAWdep[ 19] = 849277
RAWdep[ 20] = 840156
RAWdep[ 21] = 551634
RAWdep[ 22] = 683348
RAWdep[ 23] = 740004
RAWdep[ 24] = 696715
RAWdep[ 25] = 448823
RAWdep[ 26] = 225326
RAWdep[ 27] = 430080
RAWdep[ 28] = 611910
RAWdep[ 29] = 910284
RAWdep[ 30] = 529515
RAWdep[ 31] = 551229
RAWdep[ 32] = 899219
RAWdep[ 33] = 29050843

WAWdep[ 0] = 0
WAWdep[ 1] = 25670547
WAWdep[ 2] = 20701465
WAWdep[ 3] = 16235742
WAWdep[ 4] = 7876253
WAWdep[ 5] = 5073304
WAWdep[ 6] = 5625178
WAWdep[ 7] = 3342844
WAWdep[ 8] = 2726016
WAWdep[ 9] = 3249465
WAWdep[ 10] = 2610481
WAWdep[ 11] = 1443679
WAWdep[ 12] = 1310025
WAWdep[ 13] = 2119290
WAWdep[ 14] = 1341748
WAWdep[ 15] = 1048124
WAWdep[ 16] = 1006084
WAWdep[ 17] = 841319
WAWdep[ 18] = 494523
WAWdep[ 19] = 762184
WAWdep[ 20] = 803938
WAWdep[ 21] = 674241
WAWdep[ 22] = 405829
WAWdep[ 23] = 476013
WAWdep[ 24] = 925701
WAWdep[ 25] = 309743
WAWdep[ 26] = 234546
WAWdep[ 27] = 641467
WAWdep[ 28] = 347464
WAWdep[ 29] = 316378
WAWdep[ 30] = 240344
WAWdep[ 31] = 184360
WAWdep[ 32] = 828764
WAWdep[ 33] = 15030669

WARdep[ 0] = 46302661
WARdep[ 1] = 10629896
WARdep[ 2] = 8916332
WARdep[ 3] = 5682432
WARdep[ 4] = 4284005
WARdep[ 5] = 4013439
WARdep[ 6] = 2910328
WARdep[ 7] = 3400853
WARdep[ 8] = 2911500
WARdep[ 9] = 1903841
WARdep[ 10] = 2405964
WARdep[ 11] = 1853492
WARdep[ 12] = 1262027
WARdep[ 13] = 1475229
WARdep[ 14] = 1007619
WARdep[ 15] = 871656
WARdep[ 16] = 1066789
WARdep[ 17] = 751373
WARdep[ 18] = 1064999
WARdep[ 19] = 1265733
WARdep[ 20] = 1048501
WARdep[ 21] = 742940
WARdep[ 22] = 979977
WARdep[ 23] = 484838
WARdep[ 24] = 840969
WARdep[ 25] = 903403
WARdep[ 26] = 1045162
WARdep[ 27] = 615562
WARdep[ 28] = 435422
WARdep[ 29] = 477930
WARdep[ 30] = 392018
WARdep[ 31] = 533545
WARdep[ 32] = 471936
WARdep[ 33] = 11945357


		"0": "0",
		"1": "43915769",
		"2": "18782221",
		"3": "14489940",
		"4": "7960625",
		"5": "4338954",
		"6": "4531466",
		"7": "2973782",
		"8": "2701524",
		"9": "2624951",
		"10": "2278947",
		"11": "1912131",
		"12": "1125203",
		"13": "1764247",
		"14": "913328",
		"15": "955968",
		"16": "1072096",
		"17": "849485",
		"18": "453367",
		"19": "849277",
		"20": "840156",
		"21": "551634",
		"22": "683348",
		"23": "740004",
		"24": "696715",
		"25": "448823",
		"26": "225326",
		"27": "430080",
		"28": "611910",
		"29": "910284",
		"30": "529515",
		"31": "551229",
		"32": "899219",
		"33": "29050843",


# END_DYNAMIC_STATS
