# Branch output version 3
Dynamic_Instruction_Count: 100101507
Dynamic_Conditional_Branch_Count: 10083776
Dynamic_Unconditional_Branch_Count: 5736901
Total_Taken_Branches: 10178874
Total_Branch_Transitions: 2654443

Local Branch Stats (Total Count; Taken Count; Transition Count)
828 42 80
786 49 68
828 621 413
207 0 0
207 207 0
42 42 0
49 0 0
49 20 25
207 0 0
207 0 0
207 0 0
207 0 0
207 207 0
3519 0 0
3519 0 0
3519 0 0
3519 0 0
3726 3519 413
207 114 185
93 93 0
207 207 0
93 0 0
207 0 0
2 0 0
2 0 0
2 0 0
2 0 0
207 0 0
207 114 185
93 0 0
207 114 185
93 0 0
228 228 0
228 0 0
228 228 0
228 0 0
228 0 0
228 228 0
228 0 0
228 0 0
228 228 0
114 114 0
114 0 0
23974 6572 9441
21433 1478 2949
41154 23974 14571
19721 19033 1376
2166 2052 227
6572 4031 2360
114 114 0
39813 113 226
39700 0 0
39700 1 2
39699 803 1380
39010 35598 228
3412 4 6
60226 208 416
323 116 227
209 209 0
116 2 4
209 0 0
209 2 4
207 207 0
2 0 0
114 114 0
114 0 0
114 114 0
114 0 0
114 0 0
114 0 0
114 0 0
114 0 0
114 114 0
114 114 0
114 0 0
114 114 0
114 0 0
114 114 0
114 0 0
114 0 0
576 574 4
2 2 0
2 2 0
134052 89375 32774
44677 413 781
44264 245 464
44019 184 344
828 207 413
621 502 122
63 29 30
153 63 80
828 621 413
114 0 0
3809 79 157
6572 3809 2894
2763 2728 70
68 42 46
68 39 27
68 31 32
68 49 20
68 48 15
20 0 0
20 1 2
19 0 0
19 0 0
31 10 6
21 0 0
21 4 5
17 0 0
39 0 0
39 1 2
38 0 0
38 2 2
42 3 5
39 0 0
39 4 7
35 0 0
4480 1120 2239
3360 755 935
1976 394 569
4187 1976 2719
4480 3360 2239
4480 1313 2213
4480 3360 2239
13944 3486 6971
10458 2443 3373
5640 1487 2009
12168 5640 8153
13944 10458 6971
3486 2173 671
39010 1120 2168
151560 37890 75779
113670 32001 36594
57711 13992 18364
125388 57711 80614
151560 113670 75779
151560 85194 63604
151560 113670 75779
37890 306 588
85194 42788 41234
42406 0 0
42406 6500 10312
35906 19836 17649
29503 7833 10938
29503 8165 10806
29503 7851 10569
29503 16070 6940
29503 21727 10771
7776 1227 1503
6549 901 1593
5648 0 0
5648 721 1262
42788 37630 8712
33928 8482 16963
25446 8141 8629
12002 2694 3656
26613 12002 17466
33928 25446 16963
8482 3324 2308
3392 848 1695
2544 809 1032
1021 462 486
2294 1021 1504
3392 2544 1695
848 542 611
7851 866 1332
6985 0 0
6985 383 640
6602 89 168
8165 0 0
8165 1222 1948
6943 223 367
6720 287 508
7833 1488 2221
6345 396 634
5949 363 624
5586 0 0
32735 7174 10376
32735 6436 9530
32735 6618 9916
32735 19836 6320
32735 25028 10970
7707 1214 1586
6493 1139 1815
5354 0 0
5354 862 1423
6618 1720 2353
4898 0 0
4898 1162 1636
3736 181 308
6436 0 0
6436 1356 1969
5080 705 996
4375 917 1402
7174 1426 2215
5748 568 870
5180 1160 1760
4020 0 0
6572 4012 2372
2560 746 708
1814 1801 24
746 6 12
175680 132313 53360
43367 12371 17595
30996 29377 2404
12371 696 1022
99410 57394 33868
57394 4729 7706
56078 16439 22059
39639 3739 5992
38936 8187 12222
30749 2807 4426
30230 5827 8609
24403 2499 3844
24082 3317 5262
20765 6381 7905
56102 7554 14466
48548 15645 20065
54245 41718 25053
7554 0 0
1084 350 207
8288 1084 1878
7204 734 1180
15645 8363 6201
33009 18202 14093
57855 18804 30710
56732 43048 27367
31886 25727 8290
6159 6159 0
18804 9679 12919
4564 3441 1007
10248 4564 4885
5684 1123 1828
4729 3413 1656
3739 3037 990
2807 2288 728
2499 2178 442
212906 26567 53041
310520 190467 127824
120053 51491 33780
97614 85366 24154
51491 2286 4234
50383 43404 11062
39333 1752 3296
38611 33024 8835
32690 1303 2440
32108 27649 7148
27720 1008 1924
27309 23498 6086
24148 13246 10776
42406 6117 11652
36289 5971 8924
40697 9193 18385
6117 0 0
789 54 91
6852 789 1556
6063 735 1226
5971 2472 2497
8792 3337 3358
20719 7720 12106
19745 15264 8962
7818 5293 2621
2525 2525 0
7720 3884 5609
1680 706 529
4810 1680 2523
3130 974 1378
2286 1178 1076
1752 1030 875
1303 721 621
1008 597 485
33024 27103 9213
43404 32354 15699
27649 23261 6838
23498 20337 4908
38815 36631 4165
100 93 14
2364 27 52
2337 7 12
2330 918 1013
1575 687 735
992 565 459
491 35 56
456 31 49
2264 173 324
918 163 248
687 104 159
565 64 109
1152 90 180
1152 89 174
1152 90 179
1152 89 166
107966 64309 44659
107966 72200 41424
107966 75924 41588
107966 80678 37393
155260 39234 56348
155260 116445 77629
39234 30172 12564
9062 9062 0
9062 5819 3188
83120 43625 43003
83120 62340 41559
20780 11718 6031
9062 6688 2661
2374 213 400
2161 0 0
43625 38693 8174
4932 30 20
4902 3174 1934
2115 387 664
1728 1336 542
3566 3566 0
4125 559 586
3566 925 1224
2641 873 1033
1768 817 783
951 951 0
559 559 0
13707 4645 4106
9062 2240 3287
6822 2278 3012
4544 2172 2232
2372 2372 0
4645 4645 0
233 233 0
233 116 179
117 117 0
233 0 0
233 116 179
233 233 0
233 116 179
117 0 0
117 117 0
39813 0 0
323 250 146
250 250 0
645 0 0
90380 45354 45397
45026 0 0
45026 45026 0
40787 878 1686
84935 30 60
84905 19620 24024
65285 21137 14980
45354 0 0
45354 0 0
85394 25 50
85369 19696 24128
65673 45027 15580
40367 40040 640
327 0 0
1776 13 26
2090 1 2
2089 860 952
1229 314 372
1885 19 38
2744 3 6
2741 876 966
1865 859 490
878 878 0
39813 692 1380
39121 39121 0
90380 32 32
90347 67760 45173
57531 21816 33183
35715 34944 1542
21816 0 0
39121 306 588
38815 7567 11209
109263 78015 50552
31248 259 494
30989 0 0
108818 852 1352
505784 102086 180125
403698 397818 11760
107966 78111 35835
108818 77829 50362
30989 13795 13163
17194 12762 5992
6079 0 0
6079 1647 2390
17194 17194 0
2 2 0
207 0 0
207 207 0
207 207 0
50274 30553 10506
50274 50160 227
114 0 0
234335 0 0
322 177 59
322 114 227
208 0 0
208 115 59
114 52 59
209 0 0
209 209 0
60306 0 0
60515 0 0
60515 19417 3138
60515 59812 1157
60515 60306 417
208 0 0
208 94 188
114 52 59
14304 50 99
15080 14304 1402
776 774 4
94 41 46
11849 41 81
11849 11237 1074
15317 53 105
15317 14527 1372
17980 62 123
17980 17060 1668
2 2 0
2 2 0
2 2 0
578 2 3
578 2 3
576 568 16
576 574 4
2 2 0
576 2 3
576 0 0
576 0 0
576 0 0
576 20 31
556 0 0
2 0 0
2 0 0
2 0 0
116 0 0
116 116 0
1160 120 235
2 0 0
2 0 0
2 0 0
2 2 0
210 210 0
210 120 179
210 210 0
210 0 0
210 2 4
1160 1044 231
689 0 0
689 0 0
689 0 0
689 0 0
689 466 407
223 0 0
223 0 0
223 0 0
223 223 0
223 0 0
223 133 179
90 90 0
223 223 0
223 0 0
223 133 179
90 90 0
466 0 0
466 466 0
466 0 0
466 466 0
466 0 0
466 0 0
466 0 0
466 0 0
466 464 4
2 0 0
2 0 0
2 0 0
2 2 0
466 0 0
466 122 231
344 0 0
344 0 0
344 0 0
344 344 0
466 0 0
466 4 4
466 466 0
466 466 0
466 0 0
466 0 0
466 0 0
466 466 0
466 0 0
466 466 0
1267 0 0
1267 466 231
801 788 26
13 13 0
13 0 0
1254 232 232
1022 814 231
208 0 0
208 0 0
208 208 0
702 0 0
232 232 0
232 116 231
923 0 0
1969 367 726
1602 0 0
1602 0 0
1602 558 231
1044 810 235
1037 114 227
923 570 237
353 4 8
353 239 228
114 0 0
114 114 0
4 4 0
114 114 0
114 0 0
114 114 0
4 0 0
810 120 235
690 125 22
565 120 11
565 565 0
367 118 231
509 260 260
249 0 0
249 243 8
6 0 0
6 4 3
2 0 0
2 2 0
4004 0 0
4513 4004 989
509 367 257
114 0 0
13 13 0
118 118 0
367 0 0
367 0 0
367 0 0
367 0 0
367 11 16
356 242 227
367 363 8
4 0 0
363 0 0
363 118 231
363 354 8
242 0 0
242 0 0
242 0 0
1267 0 0
1267 0 0
1267 1267 0
1267 0 0
1267 0 0
1267 1267 0
1267 0 0
1267 0 0
1267 0 0
1267 0 0
689 0 0
689 0 0
689 0 0
689 689 0
1026 0 0
1026 0 0
1026 1026 0
1026 0 0
1026 0 0
1026 0 0
13452 12426 2051
573 278 256
295 0 0
295 238 99
278 224 106
224 224 0
238 0 0
238 238 0
224 0 0
894 670 447
956 718 475
1267 0 0
