# Mix output version 2
# FINI: end of program
# EMIT_DYNAMIC_STATS FOR TID 1
# instructions = 100101507, basic blocks = 15825997
Local Byte Stride Bucket 0 is equal to 21971619
Local Byte Stride Bucket 1 is equal to 141
Local Byte Stride Bucket 2 is equal to 550775
Local Byte Stride Bucket 3 is equal to 341
Local Byte Stride Bucket 4 is equal to 2896238
Local Byte Stride Bucket 5 is equal to 244
Local Byte Stride Bucket 6 is equal to 36368
Local Byte Stride Bucket 7 is equal to 141
Local Byte Stride Bucket 8 is equal to 675724
Local Byte Stride Bucket 9 is equal to 52
Local Byte Stride Bucket 10 is equal to 18252
Local Byte Stride Bucket 11 is equal to 40
Local Byte Stride Bucket 12 is equal to 307577
Local Byte Stride Bucket 13 is equal to 100
Local Byte Stride Bucket 14 is equal to 15933
Local Byte Stride Bucket 15 is equal to 97
Local Byte Stride Bucket 16 is equal to 106771
Local Byte Stride Bucket 17 is equal to 102
Local Byte Stride Bucket 18 is equal to 15050
Local Byte Stride Bucket 19 is equal to 44
Local Byte Stride Bucket 20 is equal to 75209
Local Byte Stride Bucket 21 is equal to 154
Local Byte Stride Bucket 22 is equal to 15345
Local Byte Stride Bucket 23 is equal to 13
Local Byte Stride Bucket 24 is equal to 161363
Local Byte Stride Bucket 25 is equal to 55
Local Byte Stride Bucket 26 is equal to 15146
Local Byte Stride Bucket 27 is equal to 238
Local Byte Stride Bucket 28 is equal to 98748
Local Byte Stride Bucket 29 is equal to 75
Local Byte Stride Bucket 30 is equal to 14283
Local Byte Stride Bucket 31 is equal to 44
Local Byte Stride Bucket 32 is equal to 41397
Local Byte Stride Bucket 33 is equal to 27
Local Byte Stride Bucket 34 is equal to 21819
Local Byte Stride Bucket 35 is equal to 10
Local Byte Stride Bucket 36 is equal to 35827
Local Byte Stride Bucket 37 is equal to 23
Local Byte Stride Bucket 38 is equal to 161723
Local Byte Stride Bucket 39 is equal to 31
Local Byte Stride Bucket 40 is equal to 330477
Local Byte Stride Bucket 41 is equal to 41
Local Byte Stride Bucket 42 is equal to 292247
Local Byte Stride Bucket 43 is equal to 14
Local Byte Stride Bucket 44 is equal to 458786
Local Byte Stride Bucket 45 is equal to 11
Local Byte Stride Bucket 46 is equal to 67735
Local Byte Stride Bucket 47 is equal to 11
Local Byte Stride Bucket 48 is equal to 43952
Local Byte Stride Bucket 49 is equal to 24
Local Byte Stride Bucket 50 is equal to 19440
Local Byte Stride Bucket 51 is equal to 2
Local Byte Stride Bucket 52 is equal to 24911
Local Byte Stride Bucket 53 is equal to 36
Local Byte Stride Bucket 54 is equal to 15483
Local Byte Stride Bucket 55 is equal to 20
Local Byte Stride Bucket 56 is equal to 26369
Local Byte Stride Bucket 57 is equal to 36
Local Byte Stride Bucket 58 is equal to 14982
Local Byte Stride Bucket 59 is equal to 38
Local Byte Stride Bucket 60 is equal to 21973
Local Byte Stride Bucket 61 is equal to 21
Local Byte Stride Bucket 62 is equal to 14150
Local Byte Stride Bucket 63 is equal to 45
Local Byte Stride Bucket 64 is equal to 703080
Local Byte Stride Bucket 65 is equal to 81
Local Byte Stride Bucket 66 is equal to 13838
Local Byte Stride Bucket 67 is equal to 36
Local Byte Stride Bucket 68 is equal to 23064
Local Byte Stride Bucket 69 is equal to 53
Local Byte Stride Bucket 70 is equal to 13651
Local Byte Stride Bucket 71 is equal to 18
Local Byte Stride Bucket 72 is equal to 27462
Local Byte Stride Bucket 73 is equal to 19
Local Byte Stride Bucket 74 is equal to 15066
Local Byte Stride Bucket 75 is equal to 14
Local Byte Stride Bucket 76 is equal to 252404
Local Byte Stride Bucket 77 is equal to 19
Local Byte Stride Bucket 78 is equal to 21017
Local Byte Stride Bucket 79 is equal to 20
Local Byte Stride Bucket 80 is equal to 303157
Local Byte Stride Bucket 81 is equal to 21
Local Byte Stride Bucket 82 is equal to 74687
Local Byte Stride Bucket 83 is equal to 11
Local Byte Stride Bucket 84 is equal to 386666
Local Byte Stride Bucket 85 is equal to 62
Local Byte Stride Bucket 86 is equal to 67013
Local Byte Stride Bucket 87 is equal to 16
Local Byte Stride Bucket 88 is equal to 410148
Local Byte Stride Bucket 89 is equal to 26
Local Byte Stride Bucket 90 is equal to 28424
Local Byte Stride Bucket 91 is equal to 14
Local Byte Stride Bucket 92 is equal to 64946
Local Byte Stride Bucket 93 is equal to 4
Local Byte Stride Bucket 94 is equal to 14642
Local Byte Stride Bucket 95 is equal to 16
Local Byte Stride Bucket 96 is equal to 32911
Local Byte Stride Bucket 97 is equal to 8
Local Byte Stride Bucket 98 is equal to 11892
Local Byte Stride Bucket 99 is equal to 6
Local Byte Stride Bucket 100 is equal to 23423
Local Byte Stride Bucket 101 is equal to 14
Local Byte Stride Bucket 102 is equal to 13806
Local Byte Stride Bucket 103 is equal to 7
Local Byte Stride Bucket 104 is equal to 21856
Local Byte Stride Bucket 105 is equal to 21
Local Byte Stride Bucket 106 is equal to 13875
Local Byte Stride Bucket 107 is equal to 10
Local Byte Stride Bucket 108 is equal to 21188
Local Byte Stride Bucket 109 is equal to 5
Local Byte Stride Bucket 110 is equal to 13327
Local Byte Stride Bucket 111 is equal to 7
Local Byte Stride Bucket 112 is equal to 20440
Local Byte Stride Bucket 113 is equal to 5
Local Byte Stride Bucket 114 is equal to 13486
Local Byte Stride Bucket 115 is equal to 6
Local Byte Stride Bucket 116 is equal to 21791
Local Byte Stride Bucket 117 is equal to 11
Local Byte Stride Bucket 118 is equal to 14334
Local Byte Stride Bucket 119 is equal to 6
Local Byte Stride Bucket 120 is equal to 23285
Local Byte Stride Bucket 121 is equal to 15
Local Byte Stride Bucket 122 is equal to 19871
Local Byte Stride Bucket 123 is equal to 11
Local Byte Stride Bucket 124 is equal to 32373
Local Byte Stride Bucket 125 is equal to 11
Local Byte Stride Bucket 126 is equal to 34371
Local Byte Stride Bucket 127 is equal to 23
Local Byte Stride Bucket 128 is equal to 105696
Local Byte Stride Bucket 129 is equal to 25
Local Byte Stride Bucket 130 is equal to 24836
Local Byte Stride Bucket 131 is equal to 56
Local Byte Stride Bucket 132 is equal to 26694
Local Byte Stride Bucket 133 is equal to 21
Local Byte Stride Bucket 134 is equal to 14410
Local Byte Stride Bucket 135 is equal to 29
Local Byte Stride Bucket 136 is equal to 19912
Local Byte Stride Bucket 137 is equal to 11
Local Byte Stride Bucket 138 is equal to 12934
Local Byte Stride Bucket 139 is equal to 5
Local Byte Stride Bucket 140 is equal to 17253
Local Byte Stride Bucket 141 is equal to 8
Local Byte Stride Bucket 142 is equal to 10097
Local Byte Stride Bucket 143 is equal to 7
Local Byte Stride Bucket 144 is equal to 17985
Local Byte Stride Bucket 145 is equal to 6
Local Byte Stride Bucket 146 is equal to 10820
Local Byte Stride Bucket 147 is equal to 12
Local Byte Stride Bucket 148 is equal to 17349
Local Byte Stride Bucket 149 is equal to 18
Local Byte Stride Bucket 150 is equal to 13585
Local Byte Stride Bucket 151 is equal to 7
Local Byte Stride Bucket 152 is equal to 17123
Local Byte Stride Bucket 153 is equal to 7
Local Byte Stride Bucket 154 is equal to 9997
Local Byte Stride Bucket 155 is equal to 21
Local Byte Stride Bucket 156 is equal to 20332
Local Byte Stride Bucket 157 is equal to 9
Local Byte Stride Bucket 158 is equal to 10138
Local Byte Stride Bucket 159 is equal to 8
Local Byte Stride Bucket 160 is equal to 132429
Local Byte Stride Bucket 161 is equal to 6
Local Byte Stride Bucket 162 is equal to 13791
Local Byte Stride Bucket 163 is equal to 2
Local Byte Stride Bucket 164 is equal to 65377
Local Byte Stride Bucket 165 is equal to 7
Local Byte Stride Bucket 166 is equal to 14846
Local Byte Stride Bucket 167 is equal to 14
Local Byte Stride Bucket 168 is equal to 78806
Local Byte Stride Bucket 169 is equal to 9
Local Byte Stride Bucket 170 is equal to 15699
Local Byte Stride Bucket 171 is equal to 4
Local Byte Stride Bucket 172 is equal to 59248
Local Byte Stride Bucket 173 is equal to 4
Local Byte Stride Bucket 174 is equal to 13845
Local Byte Stride Bucket 175 is equal to 12
Local Byte Stride Bucket 176 is equal to 34085
Local Byte Stride Bucket 177 is equal to 16
Local Byte Stride Bucket 178 is equal to 11084
Local Byte Stride Bucket 179 is equal to 15
Local Byte Stride Bucket 180 is equal to 30681
Local Byte Stride Bucket 181 is equal to 15
Local Byte Stride Bucket 182 is equal to 25281
Local Byte Stride Bucket 183 is equal to 8
Local Byte Stride Bucket 184 is equal to 17034
Local Byte Stride Bucket 185 is equal to 20
Local Byte Stride Bucket 186 is equal to 10912
Local Byte Stride Bucket 187 is equal to 13
Local Byte Stride Bucket 188 is equal to 16268
Local Byte Stride Bucket 189 is equal to 11
Local Byte Stride Bucket 190 is equal to 17911
Local Byte Stride Bucket 191 is equal to 20
Local Byte Stride Bucket 192 is equal to 44594
Local Byte Stride Bucket 193 is equal to 18
Local Byte Stride Bucket 194 is equal to 10032
Local Byte Stride Bucket 195 is equal to 10
Local Byte Stride Bucket 196 is equal to 16108
Local Byte Stride Bucket 197 is equal to 11
Local Byte Stride Bucket 198 is equal to 27145
Local Byte Stride Bucket 199 is equal to 19
Local Byte Stride Bucket 200 is equal to 15766
Local Byte Stride Bucket 201 is equal to 11
Local Byte Stride Bucket 202 is equal to 9284
Local Byte Stride Bucket 203 is equal to 12
Local Byte Stride Bucket 204 is equal to 18005
Local Byte Stride Bucket 205 is equal to 19
Local Byte Stride Bucket 206 is equal to 11335
Local Byte Stride Bucket 207 is equal to 26
Local Byte Stride Bucket 208 is equal to 18309
Local Byte Stride Bucket 209 is equal to 6
Local Byte Stride Bucket 210 is equal to 14037
Local Byte Stride Bucket 211 is equal to 6
Local Byte Stride Bucket 212 is equal to 17656
Local Byte Stride Bucket 213 is equal to 7
Local Byte Stride Bucket 214 is equal to 12239
Local Byte Stride Bucket 215 is equal to 9
Local Byte Stride Bucket 216 is equal to 19438
Local Byte Stride Bucket 217 is equal to 7
Local Byte Stride Bucket 218 is equal to 11497
Local Byte Stride Bucket 219 is equal to 21
Local Byte Stride Bucket 220 is equal to 17571
Local Byte Stride Bucket 221 is equal to 1
Local Byte Stride Bucket 222 is equal to 11671
Local Byte Stride Bucket 223 is equal to 7
Local Byte Stride Bucket 224 is equal to 60614
Local Byte Stride Bucket 225 is equal to 4
Local Byte Stride Bucket 226 is equal to 10793
Local Byte Stride Bucket 227 is equal to 15
Local Byte Stride Bucket 228 is equal to 16642
Local Byte Stride Bucket 229 is equal to 13
Local Byte Stride Bucket 230 is equal to 9947
Local Byte Stride Bucket 231 is equal to 6
Local Byte Stride Bucket 232 is equal to 16552
Local Byte Stride Bucket 233 is equal to 5
Local Byte Stride Bucket 234 is equal to 9941
Local Byte Stride Bucket 235 is equal to 9
Local Byte Stride Bucket 236 is equal to 15394
Local Byte Stride Bucket 237 is equal to 6
Local Byte Stride Bucket 238 is equal to 18101
Local Byte Stride Bucket 239 is equal to 4
Local Byte Stride Bucket 240 is equal to 17311
Local Byte Stride Bucket 241 is equal to 17
Local Byte Stride Bucket 242 is equal to 8644
Local Byte Stride Bucket 243 is equal to 11
Local Byte Stride Bucket 244 is equal to 18053
Local Byte Stride Bucket 245 is equal to 10
Local Byte Stride Bucket 246 is equal to 10982
Local Byte Stride Bucket 247 is equal to 5
Local Byte Stride Bucket 248 is equal to 23887
Local Byte Stride Bucket 249 is equal to 13
Local Byte Stride Bucket 250 is equal to 9875
Local Byte Stride Bucket 251 is equal to 13
Local Byte Stride Bucket 252 is equal to 32571
Local Byte Stride Bucket 253 is equal to 16
Local Byte Stride Bucket 254 is equal to 11010
Local Byte Stride Bucket 255 is equal to 16
Local Byte Stride Bucket 256 is equal to 3358417

Local Cache Stride Bucket 0 is equal to 26802397
Local Cache Stride Bucket 1 is equal to 3752952
Local Cache Stride Bucket 2 is equal to 1235715
Local Cache Stride Bucket 3 is equal to 721333
Local Cache Stride Bucket 4 is equal to 535133
Local Cache Stride Bucket 5 is equal to 404661
Local Cache Stride Bucket 6 is equal to 363848
Local Cache Stride Bucket 7 is equal to 335506
Local Cache Stride Bucket 8 is equal to 291730
Local Cache Stride Bucket 9 is equal to 249771
Local Cache Stride Bucket 10 is equal to 227933
Local Cache Stride Bucket 11 is equal to 195127
Local Cache Stride Bucket 12 is equal to 150961
Local Cache Stride Bucket 13 is equal to 103427
Local Cache Stride Bucket 14 is equal to 65928
Local Cache Stride Bucket 15 is equal to 52659
Local Cache Stride Bucket 16 is equal to 48139
Local Cache Stride Bucket 17 is equal to 44539
Local Cache Stride Bucket 18 is equal to 39287
Local Cache Stride Bucket 19 is equal to 37975
Local Cache Stride Bucket 20 is equal to 31901
Local Cache Stride Bucket 21 is equal to 31053
Local Cache Stride Bucket 22 is equal to 24861
Local Cache Stride Bucket 23 is equal to 20720
Local Cache Stride Bucket 24 is equal to 13779
Local Cache Stride Bucket 25 is equal to 2835
Local Cache Stride Bucket 26 is equal to 553
Local Cache Stride Bucket 27 is equal to 1188
Local Cache Stride Bucket 28 is equal to 1685
Local Cache Stride Bucket 29 is equal to 260
Local Cache Stride Bucket 30 is equal to 852
Local Cache Stride Bucket 31 is equal to 459
Local Cache Stride Bucket 32 is equal to 1670
Local Cache Stride Bucket 33 is equal to 524
Local Cache Stride Bucket 34 is equal to 427
Local Cache Stride Bucket 35 is equal to 217
Local Cache Stride Bucket 36 is equal to 351
Local Cache Stride Bucket 37 is equal to 656
Local Cache Stride Bucket 38 is equal to 722
Local Cache Stride Bucket 39 is equal to 180
Local Cache Stride Bucket 40 is equal to 254
Local Cache Stride Bucket 41 is equal to 232
Local Cache Stride Bucket 42 is equal to 177
Local Cache Stride Bucket 43 is equal to 1028
Local Cache Stride Bucket 44 is equal to 624
Local Cache Stride Bucket 45 is equal to 382
Local Cache Stride Bucket 46 is equal to 184
Local Cache Stride Bucket 47 is equal to 264
Local Cache Stride Bucket 48 is equal to 972
Local Cache Stride Bucket 49 is equal to 781
Local Cache Stride Bucket 50 is equal to 1570
Local Cache Stride Bucket 51 is equal to 210
Local Cache Stride Bucket 52 is equal to 166
Local Cache Stride Bucket 53 is equal to 101
Local Cache Stride Bucket 54 is equal to 144
Local Cache Stride Bucket 55 is equal to 125
Local Cache Stride Bucket 56 is equal to 214
Local Cache Stride Bucket 57 is equal to 141
Local Cache Stride Bucket 58 is equal to 212
Local Cache Stride Bucket 59 is equal to 172
Local Cache Stride Bucket 60 is equal to 272
Local Cache Stride Bucket 61 is equal to 233
Local Cache Stride Bucket 62 is equal to 212
Local Cache Stride Bucket 63 is equal to 333
Local Cache Stride Bucket 64 is equal to 752
Local Cache Stride Bucket 65 is equal to 362
Local Cache Stride Bucket 66 is equal to 353
Local Cache Stride Bucket 67 is equal to 212
Local Cache Stride Bucket 68 is equal to 286
Local Cache Stride Bucket 69 is equal to 162
Local Cache Stride Bucket 70 is equal to 386
Local Cache Stride Bucket 71 is equal to 133
Local Cache Stride Bucket 72 is equal to 335
Local Cache Stride Bucket 73 is equal to 149
Local Cache Stride Bucket 74 is equal to 137
Local Cache Stride Bucket 75 is equal to 195
Local Cache Stride Bucket 76 is equal to 229
Local Cache Stride Bucket 77 is equal to 241
Local Cache Stride Bucket 78 is equal to 189
Local Cache Stride Bucket 79 is equal to 241
Local Cache Stride Bucket 80 is equal to 678
Local Cache Stride Bucket 81 is equal to 366
Local Cache Stride Bucket 82 is equal to 213
Local Cache Stride Bucket 83 is equal to 135
Local Cache Stride Bucket 84 is equal to 151
Local Cache Stride Bucket 85 is equal to 189
Local Cache Stride Bucket 86 is equal to 275
Local Cache Stride Bucket 87 is equal to 121
Local Cache Stride Bucket 88 is equal to 289
Local Cache Stride Bucket 89 is equal to 173
Local Cache Stride Bucket 90 is equal to 186
Local Cache Stride Bucket 91 is equal to 107
Local Cache Stride Bucket 92 is equal to 229
Local Cache Stride Bucket 93 is equal to 184
Local Cache Stride Bucket 94 is equal to 212
Local Cache Stride Bucket 95 is equal to 137
Local Cache Stride Bucket 96 is equal to 977
Local Cache Stride Bucket 97 is equal to 299
Local Cache Stride Bucket 98 is equal to 271
Local Cache Stride Bucket 99 is equal to 116
Local Cache Stride Bucket 100 is equal to 126
Local Cache Stride Bucket 101 is equal to 129
Local Cache Stride Bucket 102 is equal to 136
Local Cache Stride Bucket 103 is equal to 174
Local Cache Stride Bucket 104 is equal to 166
Local Cache Stride Bucket 105 is equal to 110
Local Cache Stride Bucket 106 is equal to 97
Local Cache Stride Bucket 107 is equal to 157
Local Cache Stride Bucket 108 is equal to 143
Local Cache Stride Bucket 109 is equal to 131
Local Cache Stride Bucket 110 is equal to 489
Local Cache Stride Bucket 111 is equal to 193
Local Cache Stride Bucket 112 is equal to 381
Local Cache Stride Bucket 113 is equal to 173
Local Cache Stride Bucket 114 is equal to 215
Local Cache Stride Bucket 115 is equal to 167
Local Cache Stride Bucket 116 is equal to 135
Local Cache Stride Bucket 117 is equal to 756
Local Cache Stride Bucket 118 is equal to 359
Local Cache Stride Bucket 119 is equal to 109
Local Cache Stride Bucket 120 is equal to 219
Local Cache Stride Bucket 121 is equal to 85
Local Cache Stride Bucket 122 is equal to 191
Local Cache Stride Bucket 123 is equal to 85
Local Cache Stride Bucket 124 is equal to 222
Local Cache Stride Bucket 125 is equal to 145
Local Cache Stride Bucket 126 is equal to 280
Local Cache Stride Bucket 127 is equal to 204
Local Cache Stride Bucket 128 is equal to 1996
Local Cache Stride Bucket 129 is equal to 1239
Local Cache Stride Bucket 130 is equal to 310
Local Cache Stride Bucket 131 is equal to 165
Local Cache Stride Bucket 132 is equal to 263
Local Cache Stride Bucket 133 is equal to 143
Local Cache Stride Bucket 134 is equal to 155
Local Cache Stride Bucket 135 is equal to 71
Local Cache Stride Bucket 136 is equal to 166
Local Cache Stride Bucket 137 is equal to 129
Local Cache Stride Bucket 138 is equal to 110
Local Cache Stride Bucket 139 is equal to 90
Local Cache Stride Bucket 140 is equal to 141
Local Cache Stride Bucket 141 is equal to 121
Local Cache Stride Bucket 142 is equal to 113
Local Cache Stride Bucket 143 is equal to 168
Local Cache Stride Bucket 144 is equal to 204
Local Cache Stride Bucket 145 is equal to 299
Local Cache Stride Bucket 146 is equal to 151
Local Cache Stride Bucket 147 is equal to 156
Local Cache Stride Bucket 148 is equal to 143
Local Cache Stride Bucket 149 is equal to 140
Local Cache Stride Bucket 150 is equal to 86
Local Cache Stride Bucket 151 is equal to 87
Local Cache Stride Bucket 152 is equal to 114
Local Cache Stride Bucket 153 is equal to 169
Local Cache Stride Bucket 154 is equal to 171
Local Cache Stride Bucket 155 is equal to 88
Local Cache Stride Bucket 156 is equal to 89
Local Cache Stride Bucket 157 is equal to 102
Local Cache Stride Bucket 158 is equal to 183
Local Cache Stride Bucket 159 is equal to 827
Local Cache Stride Bucket 160 is equal to 542
Local Cache Stride Bucket 161 is equal to 145
Local Cache Stride Bucket 162 is equal to 161
Local Cache Stride Bucket 163 is equal to 134
Local Cache Stride Bucket 164 is equal to 230
Local Cache Stride Bucket 165 is equal to 87
Local Cache Stride Bucket 166 is equal to 126
Local Cache Stride Bucket 167 is equal to 129
Local Cache Stride Bucket 168 is equal to 96
Local Cache Stride Bucket 169 is equal to 84
Local Cache Stride Bucket 170 is equal to 83
Local Cache Stride Bucket 171 is equal to 146
Local Cache Stride Bucket 172 is equal to 107
Local Cache Stride Bucket 173 is equal to 116
Local Cache Stride Bucket 174 is equal to 150
Local Cache Stride Bucket 175 is equal to 324
Local Cache Stride Bucket 176 is equal to 184
Local Cache Stride Bucket 177 is equal to 130
Local Cache Stride Bucket 178 is equal to 1023
Local Cache Stride Bucket 179 is equal to 165
Local Cache Stride Bucket 180 is equal to 196
Local Cache Stride Bucket 181 is equal to 85
Local Cache Stride Bucket 182 is equal to 126
Local Cache Stride Bucket 183 is equal to 107
Local Cache Stride Bucket 184 is equal to 239
Local Cache Stride Bucket 185 is equal to 95
Local Cache Stride Bucket 186 is equal to 82
Local Cache Stride Bucket 187 is equal to 75
Local Cache Stride Bucket 188 is equal to 175
Local Cache Stride Bucket 189 is equal to 114
Local Cache Stride Bucket 190 is equal to 125
Local Cache Stride Bucket 191 is equal to 157
Local Cache Stride Bucket 192 is equal to 915
Local Cache Stride Bucket 193 is equal to 188
Local Cache Stride Bucket 194 is equal to 157
Local Cache Stride Bucket 195 is equal to 107
Local Cache Stride Bucket 196 is equal to 218
Local Cache Stride Bucket 197 is equal to 92
Local Cache Stride Bucket 198 is equal to 71
Local Cache Stride Bucket 199 is equal to 90
Local Cache Stride Bucket 200 is equal to 138
Local Cache Stride Bucket 201 is equal to 105
Local Cache Stride Bucket 202 is equal to 73
Local Cache Stride Bucket 203 is equal to 60
Local Cache Stride Bucket 204 is equal to 105
Local Cache Stride Bucket 205 is equal to 109
Local Cache Stride Bucket 206 is equal to 99
Local Cache Stride Bucket 207 is equal to 118
Local Cache Stride Bucket 208 is equal to 310
Local Cache Stride Bucket 209 is equal to 152
Local Cache Stride Bucket 210 is equal to 131
Local Cache Stride Bucket 211 is equal to 123
Local Cache Stride Bucket 212 is equal to 218
Local Cache Stride Bucket 213 is equal to 100
Local Cache Stride Bucket 214 is equal to 100
Local Cache Stride Bucket 215 is equal to 109
Local Cache Stride Bucket 216 is equal to 144
Local Cache Stride Bucket 217 is equal to 99
Local Cache Stride Bucket 218 is equal to 135
Local Cache Stride Bucket 219 is equal to 74
Local Cache Stride Bucket 220 is equal to 135
Local Cache Stride Bucket 221 is equal to 127
Local Cache Stride Bucket 222 is equal to 139
Local Cache Stride Bucket 223 is equal to 128
Local Cache Stride Bucket 224 is equal to 312
Local Cache Stride Bucket 225 is equal to 111
Local Cache Stride Bucket 226 is equal to 213
Local Cache Stride Bucket 227 is equal to 203
Local Cache Stride Bucket 228 is equal to 163
Local Cache Stride Bucket 229 is equal to 143
Local Cache Stride Bucket 230 is equal to 104
Local Cache Stride Bucket 231 is equal to 80
Local Cache Stride Bucket 232 is equal to 171
Local Cache Stride Bucket 233 is equal to 106
Local Cache Stride Bucket 234 is equal to 117
Local Cache Stride Bucket 235 is equal to 160
Local Cache Stride Bucket 236 is equal to 143
Local Cache Stride Bucket 237 is equal to 205
Local Cache Stride Bucket 238 is equal to 155
Local Cache Stride Bucket 239 is equal to 303
Local Cache Stride Bucket 240 is equal to 397
Local Cache Stride Bucket 241 is equal to 365
Local Cache Stride Bucket 242 is equal to 161
Local Cache Stride Bucket 243 is equal to 302
Local Cache Stride Bucket 244 is equal to 329
Local Cache Stride Bucket 245 is equal to 174
Local Cache Stride Bucket 246 is equal to 216
Local Cache Stride Bucket 247 is equal to 185
Local Cache Stride Bucket 248 is equal to 291
Local Cache Stride Bucket 249 is equal to 149
Local Cache Stride Bucket 250 is equal to 200
Local Cache Stride Bucket 251 is equal to 172
Local Cache Stride Bucket 252 is equal to 475
Local Cache Stride Bucket 253 is equal to 236
Local Cache Stride Bucket 254 is equal to 246
Local Cache Stride Bucket 255 is equal to 283
Local Cache Stride Bucket 256 is equal to 306461


            "0": "21971619",
            "1": "141",
            "2": "550775",
            "3": "341",
            "4": "2896238",
            "5": "244",
            "6": "36368",
            "7": "141",
            "8": "675724",
            "9": "52",
            "10": "18252",
            "11": "40",
            "12": "307577",
            "13": "100",
            "14": "15933",
            "15": "97",
            "16": "106771",
            "17": "102",
            "18": "15050",
            "19": "44",
            "20": "75209",
            "21": "154",
            "22": "15345",
            "23": "13",
            "24": "161363",
            "25": "55",
            "26": "15146",
            "27": "238",
            "28": "98748",
            "29": "75",
            "30": "14283",
            "31": "44",
            "32": "41397",
            "33": "27",
            "34": "21819",
            "35": "10",
            "36": "35827",
            "37": "23",
            "38": "161723",
            "39": "31",
            "40": "330477",
            "41": "41",
            "42": "292247",
            "43": "14",
            "44": "458786",
            "45": "11",
            "46": "67735",
            "47": "11",
            "48": "43952",
            "49": "24",
            "50": "19440",
            "51": "2",
            "52": "24911",
            "53": "36",
            "54": "15483",
            "55": "20",
            "56": "26369",
            "57": "36",
            "58": "14982",
            "59": "38",
            "60": "21973",
            "61": "21",
            "62": "14150",
            "63": "45",
            "64": "703080",
            "65": "81",
            "66": "13838",
            "67": "36",
            "68": "23064",
            "69": "53",
            "70": "13651",
            "71": "18",
            "72": "27462",
            "73": "19",
            "74": "15066",
            "75": "14",
            "76": "252404",
            "77": "19",
            "78": "21017",
            "79": "20",
            "80": "303157",
            "81": "21",
            "82": "74687",
            "83": "11",
            "84": "386666",
            "85": "62",
            "86": "67013",
            "87": "16",
            "88": "410148",
            "89": "26",
            "90": "28424",
            "91": "14",
            "92": "64946",
            "93": "4",
            "94": "14642",
            "95": "16",
            "96": "32911",
            "97": "8",
            "98": "11892",
            "99": "6",
            "100": "23423",
            "101": "14",
            "102": "13806",
            "103": "7",
            "104": "21856",
            "105": "21",
            "106": "13875",
            "107": "10",
            "108": "21188",
            "109": "5",
            "110": "13327",
            "111": "7",
            "112": "20440",
            "113": "5",
            "114": "13486",
            "115": "6",
            "116": "21791",
            "117": "11",
            "118": "14334",
            "119": "6",
            "120": "23285",
            "121": "15",
            "122": "19871",
            "123": "11",
            "124": "32373",
            "125": "11",
            "126": "34371",
            "127": "23",
            "128": "105696",
            "129": "25",
            "130": "24836",
            "131": "56",
            "132": "26694",
            "133": "21",
            "134": "14410",
            "135": "29",
            "136": "19912",
            "137": "11",
            "138": "12934",
            "139": "5",
            "140": "17253",
            "141": "8",
            "142": "10097",
            "143": "7",
            "144": "17985",
            "145": "6",
            "146": "10820",
            "147": "12",
            "148": "17349",
            "149": "18",
            "150": "13585",
            "151": "7",
            "152": "17123",
            "153": "7",
            "154": "9997",
            "155": "21",
            "156": "20332",
            "157": "9",
            "158": "10138",
            "159": "8",
            "160": "132429",
            "161": "6",
            "162": "13791",
            "163": "2",
            "164": "65377",
            "165": "7",
            "166": "14846",
            "167": "14",
            "168": "78806",
            "169": "9",
            "170": "15699",
            "171": "4",
            "172": "59248",
            "173": "4",
            "174": "13845",
            "175": "12",
            "176": "34085",
            "177": "16",
            "178": "11084",
            "179": "15",
            "180": "30681",
            "181": "15",
            "182": "25281",
            "183": "8",
            "184": "17034",
            "185": "20",
            "186": "10912",
            "187": "13",
            "188": "16268",
            "189": "11",
            "190": "17911",
            "191": "20",
            "192": "44594",
            "193": "18",
            "194": "10032",
            "195": "10",
            "196": "16108",
            "197": "11",
            "198": "27145",
            "199": "19",
            "200": "15766",
            "201": "11",
            "202": "9284",
            "203": "12",
            "204": "18005",
            "205": "19",
            "206": "11335",
            "207": "26",
            "208": "18309",
            "209": "6",
            "210": "14037",
            "211": "6",
            "212": "17656",
            "213": "7",
            "214": "12239",
            "215": "9",
            "216": "19438",
            "217": "7",
            "218": "11497",
            "219": "21",
            "220": "17571",
            "221": "1",
            "222": "11671",
            "223": "7",
            "224": "60614",
            "225": "4",
            "226": "10793",
            "227": "15",
            "228": "16642",
            "229": "13",
            "230": "9947",
            "231": "6",
            "232": "16552",
            "233": "5",
            "234": "9941",
            "235": "9",
            "236": "15394",
            "237": "6",
            "238": "18101",
            "239": "4",
            "240": "17311",
            "241": "17",
            "242": "8644",
            "243": "11",
            "244": "18053",
            "245": "10",
            "246": "10982",
            "247": "5",
            "248": "23887",
            "249": "13",
            "250": "9875",
            "251": "13",
            "252": "32571",
            "253": "16",
            "254": "11010",
            "255": "16",
            "256": "3358417",


# END_DYNAMIC_STATS
