# Mix output version 2
# FINI: end of program
# EMIT_DYNAMIC_STATS FOR TID 1, ins = 100101507
Dynamic Instruction Count = 100101507, Dyn BBL Count = 15825997
RAWdep[ 0] = 0
RAWdep[ 1] = 42570924
RAWdep[ 2] = 16923047
RAWdep[ 3] = 14997428
RAWdep[ 4] = 8129297
RAWdep[ 5] = 4310007
RAWdep[ 6] = 4784798
RAWdep[ 7] = 2898875
RAWdep[ 8] = 2846727
RAWdep[ 9] = 2706319
RAWdep[ 10] = 2372745
RAWdep[ 11] = 1915863
RAWdep[ 12] = 1312876
RAWdep[ 13] = 1475635
RAWdep[ 14] = 616799
RAWdep[ 15] = 1072430
RAWdep[ 16] = 1278033
RAWdep[ 17] = 1209129
RAWdep[ 18] = 463985
RAWdep[ 19] = 841194
RAWdep[ 20] = 925719
RAWdep[ 21] = 577359
RAWdep[ 22] = 823841
RAWdep[ 23] = 1032154
RAWdep[ 24] = 646734
RAWdep[ 25] = 413568
RAWdep[ 26] = 226418
RAWdep[ 27] = 441853
RAWdep[ 28] = 739696
RAWdep[ 29] = 1107482
RAWdep[ 30] = 453022
RAWdep[ 31] = 454546
RAWdep[ 32] = 1033089
RAWdep[ 33] = 30063612

WAWdep[ 0] = 0
WAWdep[ 1] = 25000249
WAWdep[ 2] = 17850027
WAWdep[ 3] = 15779038
WAWdep[ 4] = 7778359
WAWdep[ 5] = 5514459
WAWdep[ 6] = 6886298
WAWdep[ 7] = 2739885
WAWdep[ 8] = 2547625
WAWdep[ 9] = 3714847
WAWdep[ 10] = 2981260
WAWdep[ 11] = 1431377
WAWdep[ 12] = 1512381
WAWdep[ 13] = 2646181
WAWdep[ 14] = 1154826
WAWdep[ 15] = 930360
WAWdep[ 16] = 1243211
WAWdep[ 17] = 1004752
WAWdep[ 18] = 521983
WAWdep[ 19] = 714042
WAWdep[ 20] = 881225
WAWdep[ 21] = 839919
WAWdep[ 22] = 370744
WAWdep[ 23] = 375146
WAWdep[ 24] = 591202
WAWdep[ 25] = 290655
WAWdep[ 26] = 205062
WAWdep[ 27] = 616281
WAWdep[ 28] = 341262
WAWdep[ 29] = 257202
WAWdep[ 30] = 224088
WAWdep[ 31] = 192550
WAWdep[ 32] = 943082
WAWdep[ 33] = 16384576

WARdep[ 0] = 44780507
WARdep[ 1] = 9201456
WARdep[ 2] = 8586442
WARdep[ 3] = 6069859
WARdep[ 4] = 4510134
WARdep[ 5] = 4088408
WARdep[ 6] = 2745613
WARdep[ 7] = 3424212
WARdep[ 8] = 2635927
WARdep[ 9] = 2119554
WARdep[ 10] = 2929975
WARdep[ 11] = 2137399
WARdep[ 12] = 1441914
WARdep[ 13] = 1231991
WARdep[ 14] = 1094213
WARdep[ 15] = 642133
WARdep[ 16] = 989279
WARdep[ 17] = 789296
WARdep[ 18] = 922208
WARdep[ 19] = 1030484
WARdep[ 20] = 1174449
WARdep[ 21] = 834278
WARdep[ 22] = 845531
WARdep[ 23] = 315830
WARdep[ 24] = 800928
WARdep[ 25] = 880173
WARdep[ 26] = 873429
WARdep[ 27] = 717701
WARdep[ 28] = 515709
WARdep[ 29] = 516003
WARdep[ 30] = 421283
WARdep[ 31] = 677025
WARdep[ 32] = 628875
WARdep[ 33] = 13891936


		"0": "0",
		"1": "42570924",
		"2": "16923047",
		"3": "14997428",
		"4": "8129297",
		"5": "4310007",
		"6": "4784798",
		"7": "2898875",
		"8": "2846727",
		"9": "2706319",
		"10": "2372745",
		"11": "1915863",
		"12": "1312876",
		"13": "1475635",
		"14": "616799",
		"15": "1072430",
		"16": "1278033",
		"17": "1209129",
		"18": "463985",
		"19": "841194",
		"20": "925719",
		"21": "577359",
		"22": "823841",
		"23": "1032154",
		"24": "646734",
		"25": "413568",
		"26": "226418",
		"27": "441853",
		"28": "739696",
		"29": "1107482",
		"30": "453022",
		"31": "454546",
		"32": "1033089",
		"33": "30063612",


# END_DYNAMIC_STATS
