# Mix output version 2
# FINI: end of program
# EMIT_DYNAMIC_STATS FOR TID 1, ins = 100001500
Dynamic Instruction Count = 100001500, Dyn BBL Count = 18297288
RAWdep[ 0] = 0
RAWdep[ 1] = 34783124
RAWdep[ 2] = 7582209
RAWdep[ 3] = 19119146
RAWdep[ 4] = 2821211
RAWdep[ 5] = 7392512
RAWdep[ 6] = 1444717
RAWdep[ 7] = 2335328
RAWdep[ 8] = 6715222
RAWdep[ 9] = 2008687
RAWdep[ 10] = 612975
RAWdep[ 11] = 1155661
RAWdep[ 12] = 389368
RAWdep[ 13] = 400159
RAWdep[ 14] = 317160
RAWdep[ 15] = 240503
RAWdep[ 16] = 1748624
RAWdep[ 17] = 588854
RAWdep[ 18] = 1463904
RAWdep[ 19] = 1144905
RAWdep[ 20] = 270746
RAWdep[ 21] = 32816
RAWdep[ 22] = 960033
RAWdep[ 23] = 546173
RAWdep[ 24] = 1393816
RAWdep[ 25] = 240252
RAWdep[ 26] = 23457
RAWdep[ 27] = 13597
RAWdep[ 28] = 257049
RAWdep[ 29] = 261276
RAWdep[ 30] = 284586
RAWdep[ 31] = 515086
RAWdep[ 32] = 1245256
RAWdep[ 33] = 68468387

WAWdep[ 0] = 0
WAWdep[ 1] = 17970512
WAWdep[ 2] = 23076214
WAWdep[ 3] = 9611159
WAWdep[ 4] = 5837376
WAWdep[ 5] = 14871985
WAWdep[ 6] = 7183991
WAWdep[ 7] = 4122054
WAWdep[ 8] = 11488108
WAWdep[ 9] = 315131
WAWdep[ 10] = 972348
WAWdep[ 11] = 565153
WAWdep[ 12] = 958164
WAWdep[ 13] = 999863
WAWdep[ 14] = 289459
WAWdep[ 15] = 972136
WAWdep[ 16] = 230373
WAWdep[ 17] = 1207601
WAWdep[ 18] = 1168033
WAWdep[ 19] = 1026981
WAWdep[ 20] = 446065
WAWdep[ 21] = 4643
WAWdep[ 22] = 61202
WAWdep[ 23] = 3262
WAWdep[ 24] = 16911
WAWdep[ 25] = 251296
WAWdep[ 26] = 1984
WAWdep[ 27] = 14525
WAWdep[ 28] = 5220
WAWdep[ 29] = 33195
WAWdep[ 30] = 24158
WAWdep[ 31] = 264
WAWdep[ 32] = 268659
WAWdep[ 33] = 10491220

WARdep[ 0] = 38646266
WARdep[ 1] = 10941593
WARdep[ 2] = 7161970
WARdep[ 3] = 3580631
WARdep[ 4] = 8226899
WARdep[ 5] = 6424293
WARdep[ 6] = 1491516
WARdep[ 7] = 3117774
WARdep[ 8] = 316331
WARdep[ 9] = 1033106
WARdep[ 10] = 889946
WARdep[ 11] = 861259
WARdep[ 12] = 1928122
WARdep[ 13] = 1082975
WARdep[ 14] = 1614919
WARdep[ 15] = 774691
WARdep[ 16] = 538568
WARdep[ 17] = 235993
WARdep[ 18] = 490255
WARdep[ 19] = 513278
WARdep[ 20] = 1006685
WARdep[ 21] = 428676
WARdep[ 22] = 1373800
WARdep[ 23] = 4479
WARdep[ 24] = 5913
WARdep[ 25] = 449001
WARdep[ 26] = 11692
WARdep[ 27] = 16107
WARdep[ 28] = 659779
WARdep[ 29] = 446537
WARdep[ 30] = 1315761
WARdep[ 31] = 4887
WARdep[ 32] = 279146
WARdep[ 33] = 18616397


		"0": "0",
		"1": "34783124",
		"2": "7582209",
		"3": "19119146",
		"4": "2821211",
		"5": "7392512",
		"6": "1444717",
		"7": "2335328",
		"8": "6715222",
		"9": "2008687",
		"10": "612975",
		"11": "1155661",
		"12": "389368",
		"13": "400159",
		"14": "317160",
		"15": "240503",
		"16": "1748624",
		"17": "588854",
		"18": "1463904",
		"19": "1144905",
		"20": "270746",
		"21": "32816",
		"22": "960033",
		"23": "546173",
		"24": "1393816",
		"25": "240252",
		"26": "23457",
		"27": "13597",
		"28": "257049",
		"29": "261276",
		"30": "284586",
		"31": "515086",
		"32": "1245256",
		"33": "68468387",


# END_DYNAMIC_STATS
