# Branch output version 3
Dynamic_Instruction_Count: 100001499
Dynamic_Conditional_Branch_Count: 13723817
Dynamic_Unconditional_Branch_Count: 1877721
Total_Taken_Branches: 8450732
Total_Branch_Transitions: 1855546

Local Branch Stats (Total Count; Taken Count; Transition Count)
21 0 0
21 0 0
21 0 0
21 0 0
21 0 0
21 0 0
21 0 0
21 0 0
21 0 0
21 21 0
21 0 0
21 0 0
21 0 0
21 0 0
21 0 0
21 0 0
21 0 0
21 0 0
21 0 0
21 0 0
21 0 0
21 0 0
21 0 0
21 0 0
21 21 0
21 0 0
21 21 0
21 21 0
21 0 0
21 21 0
21 0 0
21 21 0
21 0 0
21 0 0
21 21 0
21 21 0
21 21 0
21 21 0
21 0 0
21 0 0
43008 42987 41
22 0 0
43 0 0
43 22 41
21 21 0
22 0 0
22 0 0
22 1 2
22 22 0
22 0 0
22 0 0
22 22 0
22 22 0
22 22 0
177284 471 942
176813 31531 52434
145282 86265 36340
143726 51323 51911
449825 84709 149596
451381 449825 3111
86265 64692 31225
21573 1556 1873
442633 448 896
442185 25906 49862
416279 309334 64034
303818 106981 109086
2820142 196873 358717
2932604 2820142 224923
34767 1345 2034
33422 2765 2969
2765 0 0
2765 2531 408
94633 2501 4625
94663 94633 60
34767 34767 0
34767 34767 0
34767 15475 10654
19292 39 76
19253 16156 4024
18611 16976 2298
33558 0 0
33558 0 0
34767 7885 9918
33132 0 0
33132 23771 9140
103442 22562 34193
104651 103442 2418
1209 0 0
1209 1209 0
137607 0 0
137607 0 0
137606 2768 5536
137606 137606 0
445 0 0
10680 7120 7119
3560 445 889
3115 3115 0
445 445 0
445 0 0
445 0 0
9345 6230 6229
3115 0 0
3115 2670 889
10858 4153 3699
6705 431 628
6274 3384 2534
6274 0 0
6274 5856 784
6274 2056 2603
6274 11 22
6263 4126 2628
7621 5484 4185
3384 2190 1136
431 258 167
173 109 74
64 15 20
173 173 0
2056 0 0
258 26 32
405 262 139
405 0 0
405 378 54
31691 27565 8251
4153 1850 1922
4153 1342 1192
262 161 58
14800 12950 3699
22 0 0
10880 22 44
10858 1215 2171
187290 0 0
187290 10858 21715
176432 158590 35682
19057 18969 176
88 0 0
10880 0 0
10880 0 0
10880 0 0
10880 10858 44
22 22 0
10858 10858 0
19057 18969 176
19057 19057 0
10858 4928 2614
4928 1438 2875
3490 49 98
3490 243 486
3490 0 0
4928 4928 0
19448 4871 9741
19712 18191 2726
1521 705 653
816 0 0
816 581 276
11840 571 921
11850 11840 20
816 552 315
264 207 87
4928 4747 334
181 0 0
3888 3645 485
196 0 0
51744 43120 17247
8624 8428 391
196 0 0
5880 5684 391
196 147 97
25284 19208 11760
6076 6027 97
4747 2160 2781
2587 2587 0
2160 1908 356
252 7 14
245 245 0
1915 1594 448
2568 2247 641
1915 34 68
1915 7 14
11382 9474 3621
7632 7525 206
107 15 28
92 39 40
478 35 14
478 371 183
7632 5724 3815
1908 6 12
1902 1894 16
8 0 0
7042 884 582
11292 247 181
11292 3628 4207
11292 7042 1358
12752 11158 3187
34 26 8
1908 0 0
31277 1438 2587
29839 29783 112
56 4 6
52 29 24
23 21 1
54 0 0
54 2 4
52 29 24
1419 897 144
522 325 80
197 151 32
29839 19332 7909
84056 73549 21013
29839 20383 7977
29839 15050 8308
29839 0 0
29839 9482 7977
20357 14627 7291
5730 0 0
5730 5430 558
849 287 207
862 849 26
300 188 113
112 62 47
112 75 47
268 231 65
112 60 45
119356 20199 35378
119356 89517 59677
29839 29839 0
29839 5729 4042
24110 16707 9714
23753 16350 9411
24110 19582 3886
5227 699 1212
80301 12179 7846
119454 81938 20509
119454 44366 46421
119454 50247 24225
119454 80301 9564
12179 0 0
44366 0 0
44366 2344 3491
6273 2280 1098
6337 6273 128
44366 43776 718
4720 4130 1179
590 430 210
1127 967 303
590 389 233
44366 24110 25122
20199 6674 7389
13525 0 0
13525 3334 4729
37990 10188 15647
37993 37990 6
13525 13369 310
624 468 249
13525 11277 3269
2248 827 626
51518 49463 1012
51518 37993 20381
13525 13525 0
8224 129 258
21620 8224 2382
13525 12740 468
6280 5495 1569
785 722 119
616 553 119
785 696 149
29839 29369 910
29783 10651 7827
19136 17740 649
154656 135324 38663
4 2 1
2 2 0
10651 10507 288
144 144 0
15050 397 720
14653 934 310
14116 13969 248
2 2 0
884 0 0
3628 1902 2248
29 15 16
10507 7151 3348
7838 1908 2613
7838 7799 78
39 2 2
7151 2882 4150
22 0 0
22 0 0
22 22 0
22 22 0
21 0 0
21 0 0
21 0 0
21 0 0
21 0 0
21 21 0
21 0 0
42 0 0
42 0 0
42 0 0
43 0 0
43 0 0
43 43 0
43 0 0
43 0 0
43 0 0
5333 5290 85
1 1 0
1 1 0
1 1 0
1 1 0
1 0 0
1 0 0
1 1 0
1 0 0
1 1 0
27713 27712 1
1 0 0
5120 5119 1
