# Mix output version 2
# FINI: end of program
# EMIT_DYNAMIC_STATS FOR TID 1, ins = 100001499
Dynamic Instruction Count = 100001499, Dyn BBL Count = 15601538
RAWdep[ 0] = 0
RAWdep[ 1] = 33582623
RAWdep[ 2] = 11968478
RAWdep[ 3] = 14834656
RAWdep[ 4] = 4807608
RAWdep[ 5] = 5021049
RAWdep[ 6] = 2587565
RAWdep[ 7] = 2626322
RAWdep[ 8] = 4879587
RAWdep[ 9] = 2601134
RAWdep[ 10] = 1593161
RAWdep[ 11] = 1260772
RAWdep[ 12] = 1409287
RAWdep[ 13] = 1337829
RAWdep[ 14] = 1036410
RAWdep[ 15] = 531708
RAWdep[ 16] = 1662533
RAWdep[ 17] = 678634
RAWdep[ 18] = 1173281
RAWdep[ 19] = 1308164
RAWdep[ 20] = 470342
RAWdep[ 21] = 528775
RAWdep[ 22] = 722479
RAWdep[ 23] = 924847
RAWdep[ 24] = 2070511
RAWdep[ 25] = 362634
RAWdep[ 26] = 243834
RAWdep[ 27] = 202514
RAWdep[ 28] = 502213
RAWdep[ 29] = 473734
RAWdep[ 30] = 358724
RAWdep[ 31] = 391570
RAWdep[ 32] = 920988
RAWdep[ 33] = 56124539

WAWdep[ 0] = 0
WAWdep[ 1] = 21881690
WAWdep[ 2] = 21803321
WAWdep[ 3] = 9936133
WAWdep[ 4] = 7698339
WAWdep[ 5] = 9427838
WAWdep[ 6] = 5844188
WAWdep[ 7] = 4624315
WAWdep[ 8] = 7072811
WAWdep[ 9] = 1145937
WAWdep[ 10] = 1211358
WAWdep[ 11] = 750676
WAWdep[ 12] = 1102928
WAWdep[ 13] = 1723901
WAWdep[ 14] = 698886
WAWdep[ 15] = 880067
WAWdep[ 16] = 477184
WAWdep[ 17] = 880903
WAWdep[ 18] = 736370
WAWdep[ 19] = 825796
WAWdep[ 20] = 505630
WAWdep[ 21] = 333425
WAWdep[ 22] = 325370
WAWdep[ 23] = 543967
WAWdep[ 24] = 1234025
WAWdep[ 25] = 573375
WAWdep[ 26] = 149046
WAWdep[ 27] = 236058
WAWdep[ 28] = 120116
WAWdep[ 29] = 336062
WAWdep[ 30] = 184232
WAWdep[ 31] = 113207
WAWdep[ 32] = 599747
WAWdep[ 33] = 11590291

WARdep[ 0] = 41000642
WARdep[ 1] = 10961663
WARdep[ 2] = 6283993
WARdep[ 3] = 3909369
WARdep[ 4] = 6478501
WARdep[ 5] = 4965247
WARdep[ 6] = 2346285
WARdep[ 7] = 2754612
WARdep[ 8] = 1184755
WARdep[ 9] = 1685100
WARdep[ 10] = 1170625
WARdep[ 11] = 1402468
WARdep[ 12] = 2129059
WARdep[ 13] = 1474648
WARdep[ 14] = 1623073
WARdep[ 15] = 1111040
WARdep[ 16] = 999164
WARdep[ 17] = 569073
WARdep[ 18] = 843324
WARdep[ 19] = 717211
WARdep[ 20] = 998004
WARdep[ 21] = 395943
WARdep[ 22] = 1094625
WARdep[ 23] = 384550
WARdep[ 24] = 307765
WARdep[ 25] = 526271
WARdep[ 26] = 264013
WARdep[ 27] = 124964
WARdep[ 28] = 476697
WARdep[ 29] = 370467
WARdep[ 30] = 689169
WARdep[ 31] = 247682
WARdep[ 32] = 297389
WARdep[ 33] = 15779801


		"0": "0",
		"1": "33582623",
		"2": "11968478",
		"3": "14834656",
		"4": "4807608",
		"5": "5021049",
		"6": "2587565",
		"7": "2626322",
		"8": "4879587",
		"9": "2601134",
		"10": "1593161",
		"11": "1260772",
		"12": "1409287",
		"13": "1337829",
		"14": "1036410",
		"15": "531708",
		"16": "1662533",
		"17": "678634",
		"18": "1173281",
		"19": "1308164",
		"20": "470342",
		"21": "528775",
		"22": "722479",
		"23": "924847",
		"24": "2070511",
		"25": "362634",
		"26": "243834",
		"27": "202514",
		"28": "502213",
		"29": "473734",
		"30": "358724",
		"31": "391570",
		"32": "920988",
		"33": "56124539",


# END_DYNAMIC_STATS
