# Branch output version 3
Dynamic_Instruction_Count: 100001484
Dynamic_Conditional_Branch_Count: 12997841
Dynamic_Unconditional_Branch_Count: 2013910
Total_Taken_Branches: 8392917
Total_Branch_Transitions: 2344860

Local Branch Stats (Total Count; Taken Count; Transition Count)
14 0 0
14 0 0
14 0 0
14 0 0
14 0 0
14 0 0
14 0 0
14 0 0
14 0 0
14 14 0
14 0 0
14 0 0
14 0 0
14 0 0
14 0 0
14 0 0
14 0 0
14 0 0
14 0 0
14 0 0
14 0 0
14 0 0
14 0 0
14 0 0
14 14 0
14 0 0
14 14 0
14 14 0
14 0 0
14 14 0
14 0 0
14 14 0
14 0 0
14 0 0
14 14 0
14 14 0
14 14 0
14 14 0
14 0 0
14 0 0
28672 28658 27
14 0 0
28 0 0
28 14 27
14 14 0
14 0 0
14 0 0
14 0 0
14 14 0
14 0 0
14 0 0
14 14 0
14 14 0
14 14 0
324610 110 220
324499 39339 74276
285160 180893 90974
283304 136291 131019
784252 179037 289861
786108 784252 3712
180893 118291 87599
62602 1856 3314
381649 137 274
381512 24798 48909
356714 253842 93434
312237 145513 138456
1589775 209365 335649
1634252 1589775 88954
41821 865 1056
40956 2372 3236
2372 0 0
2372 1986 621
31293 1974 3447
31305 31293 24
41822 41822 0
41822 41822 0
41822 12752 13736
29070 0 0
29070 26803 3144
15019 13498 1890
41305 0 0
41305 0 0
41822 11031 13826
40301 0 0
40301 25543 14889
75335 25027 31136
75851 75335 1032
516 0 0
516 516 0
68896 0 0
68896 0 0
68896 2373 4745
68896 68896 0
469 0 0
11256 7504 7503
3752 469 937
3283 3283 0
469 469 0
469 0 0
469 0 0
9849 6566 6565
3283 0 0
3283 2814 937
9989 2909 3087
7080 650 897
6430 3548 3131
6430 0 0
6430 6001 824
6430 3742 2847
6430 49 94
6381 5445 1522
3885 2949 1837
3548 1599 1575
650 449 178
201 127 80
74 25 29
201 201 0
3742 0 0
449 73 120
577 195 195
577 0 0
577 537 73
54241 48796 10889
2909 1544 1012
2909 859 496
195 141 69
12352 10808 3087
14 0 0
10003 14 28
9989 1144 2008
200672 0 0
200672 9989 19977
190683 170567 40230
21260 21169 182
91 0 0
10003 0 0
10003 0 0
10003 0 0
10003 9989 28
14 14 0
9989 9989 0
21260 21169 182
21260 21260 0
9989 4391 2567
4391 1605 3209
2786 50 100
2786 307 613
2786 0 0
4391 4391 0
17332 4355 8709
17564 15870 2943
1694 1033 682
661 0 0
661 444 256
11611 433 726
11622 11611 22
661 429 290
232 196 58
4391 4241 276
150 0 0
4912 4605 613
200 0 0
52800 44000 17599
8800 8600 399
200 0 0
6000 5800 399
200 150 99
25800 19600 12000
6200 6150 99
4241 2018 3073
2223 2223 0
2018 1748 160
270 3 6
267 267 0
1751 1632 142
952 833 237
1751 14 26
1751 3 6
12973 11225 3449
6992 6894 180
98 6 10
92 34 45
422 28 20
422 324 142
6992 5244 3495
1748 3 6
1745 1742 6
4 1 2
10675 1750 1026
12927 343 160
12927 4823 5541
12927 10675 1173
13056 11424 3263
14 7 5
1748 0 0
39035 1605 3048
37430 37283 292
147 5 10
142 96 38
46 46 0
147 0 0
147 5 10
142 96 38
2262 1343 184
919 553 134
366 230 57
37430 26744 10234
85488 74802 21371
37430 27527 9951
37430 18635 13017
37430 0 0
37430 9994 9923
27436 17819 11382
9617 0 0
9617 8872 1334
1338 736 314
1347 1338 18
745 587 228
158 37 54
158 141 20
91 74 23
158 133 32
149720 26053 45524
149720 112290 74859
37430 37430 0
37430 2755 2412
34675 24782 13690
32625 22732 13289
34675 26064 7385
11577 2966 4845
182773 30713 19804
211792 153669 34916
211793 92449 93254
211792 102195 48303
211792 182773 18374
30713 0 0
92449 0 0
92449 8084 13639
14350 7992 3370
14442 14350 184
92449 90696 2852
14024 12271 3505
1753 1297 717
2350 1894 825
1753 1106 801
92449 34676 54615
26053 11792 10924
14261 0 0
14261 4831 6141
26432 9430 12587
26432 26432 0
14261 14137 244
433 309 206
14261 12442 2485
1819 805 581
40693 38238 1249
40693 26432 18860
14261 14261 0
7916 182 364
21995 7916 3540
14261 13298 646
7704 6741 1925
963 862 188
806 705 193
963 824 234
37431 37288 266
37283 11178 9903
26110 23894 857
213952 187208 53487
5 5 0
11178 10686 981
492 492 0
18635 725 1297
17910 1445 557
17190 16695 670
5 4 1
1750 0 0
4823 1745 2800
96 47 32
10686 8428 2620
7346 1748 2567
7346 7245 202
101 3 6
8428 4128 5379
14 0 0
14 0 0
14 14 0
14 14 0
14 0 0
14 0 0
14 0 0
14 0 0
14 0 0
14 14 0
14 0 0
28 0 0
28 0 0
28 0 0
28 0 0
28 0 0
28 28 0
28 0 0
28 0 0
28 0 0
3556 3528 55
