Block 0x0: Count: 1589775, Running Total: 1589775
Block 0x1: Count: 356714, Running Total: 1946489
Block 0x2: Count: 285160, Running Total: 2231649
Block 0x3: Count: 213952, Running Total: 2445601
Block 0x4: Count: 1634252, Running Total: 4079853
Block 0x5: Count: 784252, Running Total: 4864105
Block 0x6: Count: 211792, Running Total: 5075897
Block 0x7: Count: 786108, Running Total: 5862005
Block 0x8: Count: 68896, Running Total: 5930901
Block 0x9: Count: 37430, Running Total: 5968331
Block 0x10: Count: 381649, Running Total: 6349980
Block 0x11: Count: 149720, Running Total: 6499700
Block 0x12: Count: 41822, Running Total: 6541522
Block 0x13: Count: 324610, Running Total: 6866132
Block 0x14: Count: 69412, Running Total: 6935544
Block 0x15: Count: 81390, Running Total: 7016934
Block 0x16: Count: 85488, Running Total: 7102422
Block 0x17: Count: 34675, Running Total: 7137097
Block 0x18: Count: 182773, Running Total: 7319870
Block 0x19: Count: 65041, Running Total: 7384911
Load metaop: *mem-read-1
Load metaop: *mem-read-2
Load metaop: *mem-read-4
Load metaop: *mem-read-8
Load metaop: *mem-read-16
Store metaop: *mem-write-1
Store metaop: *mem-write-2
Store metaop: *mem-write-4
Store metaop: *mem-write-8
Store metaop: *mem-write-16
Xfer metaop: *category-DATAXFER
Unrecognized opcode CMOVB, classifying as "other"
Unrecognized opcode CMOVBE, classifying as "other"
Unrecognized opcode CMOVNB, classifying as "other"
Unrecognized opcode CMOVNBE, classifying as "other"
Unrecognized opcode CMOVNZ, classifying as "other"
Unrecognized opcode CMOVZ, classifying as "other"
Unrecognized opcode LEAVE, classifying as "other"
Unrecognized opcode NOP, classifying as "other"
Unrecognized opcode SETNBE, classifying as "other"
Unrecognized opcode SETNL, classifying as "other"
Unrecognized opcode SETNZ, classifying as "other"
Total metaop: *total

Done parsing file

"Other" ratio: 27.8635738472%
Sum category count: 143396494
Static BBL count: 26

# FINI: end of program
Dynamic Instruction Count = 100001484, Dyn BBL Count = 7384911
<DynInsCount> 100001484
<BBLCount> 7384911
<TotInsCount> 100001484
<IntCount> 42630194
<IntMulCount> 146445
<IntDivCount> 0
<FPCount> 0
<FPMulCount> 0
<FPDivCount> 0
<LdCount> 24192688
<StCount> 8462187
<Br/CallCount> 15011751
<CondBrCount> 12997841
<OtherCount> 39955388
<SysCallCount> 0

# END_DYNAMIC_STATS


Saving to file ./pinball_out/xalancbmk/t0r16/imix_new.out


