# Mix output version 2
# FINI: end of program
# EMIT_DYNAMIC_STATS FOR TID 1, ins = 100001484
Dynamic Instruction Count = 100001484, Dyn BBL Count = 15011751
RAWdep[ 0] = 0
RAWdep[ 1] = 32781228
RAWdep[ 2] = 13985007
RAWdep[ 3] = 13631232
RAWdep[ 4] = 5444855
RAWdep[ 5] = 4155944
RAWdep[ 6] = 2956992
RAWdep[ 7] = 2960591
RAWdep[ 8] = 3754444
RAWdep[ 9] = 2578361
RAWdep[ 10] = 1649983
RAWdep[ 11] = 1393360
RAWdep[ 12] = 1693694
RAWdep[ 13] = 1461792
RAWdep[ 14] = 1242326
RAWdep[ 15] = 508661
RAWdep[ 16] = 1592720
RAWdep[ 17] = 559703
RAWdep[ 18] = 1089770
RAWdep[ 19] = 1352077
RAWdep[ 20] = 472379
RAWdep[ 21] = 715955
RAWdep[ 22] = 696948
RAWdep[ 23] = 1054408
RAWdep[ 24] = 2258305
RAWdep[ 25] = 421339
RAWdep[ 26] = 345180
RAWdep[ 27] = 273027
RAWdep[ 28] = 674002
RAWdep[ 29] = 637326
RAWdep[ 30] = 386469
RAWdep[ 31] = 323122
RAWdep[ 32] = 787250
RAWdep[ 33] = 53891711

WAWdep[ 0] = 0
WAWdep[ 1] = 23029329
WAWdep[ 2] = 22236490
WAWdep[ 3] = 10130766
WAWdep[ 4] = 8654495
WAWdep[ 5] = 7101923
WAWdep[ 6] = 5287382
WAWdep[ 7] = 5217092
WAWdep[ 8] = 4896813
WAWdep[ 9] = 1282114
WAWdep[ 10] = 1260935
WAWdep[ 11] = 872084
WAWdep[ 12] = 1266754
WAWdep[ 13] = 1693317
WAWdep[ 14] = 856728
WAWdep[ 15] = 923409
WAWdep[ 16] = 601268
WAWdep[ 17] = 782654
WAWdep[ 18] = 747264
WAWdep[ 19] = 1077586
WAWdep[ 20] = 486535
WAWdep[ 21] = 426655
WAWdep[ 22] = 417633
WAWdep[ 23] = 232570
WAWdep[ 24] = 1522057
WAWdep[ 25] = 605382
WAWdep[ 26] = 165090
WAWdep[ 27] = 215166
WAWdep[ 28] = 139063
WAWdep[ 29] = 439531
WAWdep[ 30] = 303552
WAWdep[ 31] = 166542
WAWdep[ 32] = 863242
WAWdep[ 33] = 12338940

WARdep[ 0] = 41236835
WARdep[ 1] = 11365635
WARdep[ 2] = 5661589
WARdep[ 3] = 4838147
WARdep[ 4] = 6011171
WARdep[ 5] = 4747972
WARdep[ 6] = 3000459
WARdep[ 7] = 2965319
WARdep[ 8] = 1354072
WARdep[ 9] = 2120323
WARdep[ 10] = 1409770
WARdep[ 11] = 1327755
WARdep[ 12] = 2069879
WARdep[ 13] = 1662458
WARdep[ 14] = 1534489
WARdep[ 15] = 1026964
WARdep[ 16] = 1227733
WARdep[ 17] = 616730
WARdep[ 18] = 864848
WARdep[ 19] = 702494
WARdep[ 20] = 1130229
WARdep[ 21] = 419211
WARdep[ 22] = 1102496
WARdep[ 23] = 464763
WARdep[ 24] = 481878
WARdep[ 25] = 601948
WARdep[ 26] = 359517
WARdep[ 27] = 146490
WARdep[ 28] = 452051
WARdep[ 29] = 382435
WARdep[ 30] = 528873
WARdep[ 31] = 347434
WARdep[ 32] = 312281
WARdep[ 33] = 13766113


		"0": "0",
		"1": "32781228",
		"2": "13985007",
		"3": "13631232",
		"4": "5444855",
		"5": "4155944",
		"6": "2956992",
		"7": "2960591",
		"8": "3754444",
		"9": "2578361",
		"10": "1649983",
		"11": "1393360",
		"12": "1693694",
		"13": "1461792",
		"14": "1242326",
		"15": "508661",
		"16": "1592720",
		"17": "559703",
		"18": "1089770",
		"19": "1352077",
		"20": "472379",
		"21": "715955",
		"22": "696948",
		"23": "1054408",
		"24": "2258305",
		"25": "421339",
		"26": "345180",
		"27": "273027",
		"28": "674002",
		"29": "637326",
		"30": "386469",
		"31": "323122",
		"32": "787250",
		"33": "53891711",


# END_DYNAMIC_STATS
