# Branch output version 3
Dynamic_Instruction_Count: 100101504
Dynamic_Conditional_Branch_Count: 11056162
Dynamic_Unconditional_Branch_Count: 5442922
Total_Taken_Branches: 10289309
Total_Branch_Transitions: 2846187

Local Branch Stats (Total Count; Taken Count; Transition Count)
8752 1669 2273
7083 1247 1953
8752 6564 4375
2188 0 0
2188 2181 14
7 7 0
1669 1656 20
13 0 0
1247 34 68
1213 278 456
2187 0 0
2187 0 0
2187 0 0
2187 0 0
2187 2187 0
23427 0 0
23427 0 0
23427 0 0
23427 0 0
25614 23427 4373
2187 366 731
1821 738 1239
1083 463 925
1567 1567 0
738 0 0
1104 0 0
81 0 0
81 0 0
81 0 0
81 0 0
1 0 0
1 1 0
1 1 0
2187 0 0
2187 630 1239
1557 0 0
2187 630 1239
1557 0 0
1262 1262 0
1262 0 0
1262 1262 0
1262 0 0
1262 0 0
1262 1262 0
1262 0 0
1262 0 0
1262 1262 0
630 630 0
629 0 0
31194 10819 14402
27595 2106 4145
50949 31194 16753
23354 19799 6841
5661 5032 1257
10819 7220 3299
630 627 6
34449 456 910
33993 0 0
33993 173 346
33819 1780 2648
32666 13955 1250
18711 432 812
84296 2264 4527
2898 641 1259
2268 2268 0
641 11 22
2268 0 0
2268 81 160
2187 2187 0
11 0 0
2 2 0
2 1 1
1 0 0
1 1 0
1 0 0
1 1 0
1 0 0
1 1 0
1 1 0
1 0 0
1 1 0
1 1 0
1 0 0
1 1 0
1 0 0
1 1 0
1 1 0
47 47 0
47 47 0
47 0 0
47 47 0
47 0 0
47 1 1
47 0 0
47 47 0
47 0 0
47 0 0
1 0 0
1 1 0
1 1 0
1 0 0
48 0 0
48 0 0
48 48 0
48 47 1
1 0 0
1 0 0
1 0 0
1 1 0
1 0 0
1 0 0
1 0 0
1 1 0
1 0 0
630 629 2
630 0 0
630 630 0
630 0 0
630 0 0
630 4 8
630 0 0
630 0 0
630 630 0
630 630 0
630 0 0
630 630 0
630 0 0
630 630 0
630 0 0
630 0 0
1 0 0
1 0 0
1 1 0
1 1 0
1 1 0
1 1 0
1 1 0
1 1 0
1 0 0
1 0 0
1 1 0
1 1 0
1 0 0
1 1 0
1 0 0
1 1 0
47 47 0
47 47 0
47 0 0
47 47 0
47 0 0
47 1 1
47 0 0
47 47 0
1 1 0
47 0 0
47 0 0
1 0 0
1 0 0
47 0 0
47 0 0
47 47 0
47 46 1
1 0 0
1 0 0
1 0 0
1 0 0
1 1 0
1 0 0
395 363 64
32 15 19
17 0 0
18 1 2
17 0 0
17 5 9
12 0 0
12 0 0
12 0 0
48 12 23
36 1 2
23 13 19
45 23 24
48 36 23
12 0 0
12 0 0
12 0 0
12 0 0
48 12 23
36 1 2
23 13 19
45 23 24
48 36 23
15 14 2
1 1 0
5 5 0
148390 90885 50050
57505 1183 1950
56322 392 666
55930 173 314
8752 2188 4375
6564 2410 2300
2422 1409 896
5167 2422 2976
8752 6564 4375
52 13 25
39 2 4
35 4 7
68 35 47
52 39 25
629 0 0
6557 430 859
10819 6557 4005
4262 4063 398
1419 572 870
1419 547 950
1419 95 178
1419 1213 306
1419 1105 456
314 4 8
310 35 26
275 0 0
275 18 28
95 25 24
70 0 0
70 0 0
70 0 0
547 0 0
547 61 58
486 0 0
486 25 50
572 22 40
550 28 16
522 7 14
515 0 0
7812 1953 3905
5859 1551 1798
3100 815 1077
6593 3100 4264
7812 5859 3905
7812 2299 3823
7812 5859 3905
32200 8050 16099
24150 6046 7556
13023 3741 5277
27386 13023 18945
32200 24150 16099
8050 5751 1923
32666 1953 3658
122852 30713 61425
92139 22434 29799
49426 12655 17455
106476 49426 68500
122852 92139 61425
122852 72484 53365
122852 92139 61425
30713 743 1448
72484 36360 34251
36124 0 0
36124 6165 9870
29959 18638 15548
20379 4608 7126
20379 4547 6909
20379 3964 6201
20379 11321 5804
20379 15874 7115
4505 835 1209
3670 855 1376
2815 0 0
2815 482 856
36360 29558 11445
44320 11080 22159
33240 9411 11655
16868 3692 5261
37005 16868 24714
44320 33240 22159
11080 4278 3546
7948 1987 3973
5961 1747 2505
2570 1104 1131
5680 2570 3796
7948 5961 3973
1987 1244 1485
3964 529 870
3435 0 0
3435 205 371
3230 71 136
4547 0 0
4547 1457 2012
3090 95 158
2995 170 314
4608 1398 1983
3210 652 1021
2558 207 374
2351 0 0
27520 5336 8720
27520 4936 8104
27520 3709 6370
27520 18638 6958
27520 21654 9307
5866 1186 1746
4680 975 1362
3705 0 0
3705 817 1318
3709 1176 1544
2533 0 0
2533 567 868
1966 220 390
4936 0 0
4936 951 1452
3985 659 1054
3326 616 956
5336 1013 1615
4323 376 608
3947 1011 1566
2936 0 0
10819 7180 3335
3639 1599 1605
2040 2031 18
1599 31 58
199388 144779 68552
54609 23758 27216
30851 28936 2490
23758 2091 2636
1 0 0
1 1 0
1 0 0
1 0 0
1 0 0
1 0 0
1 0 0
1 1 0
1 1 0
1 1 0
1 1 0
1 1 0
1 0 0
1 1 0
1 1 0
102655 79993 27052
79993 7769 10708
77267 15310 20515
61957 6297 8622
60747 9632 13594
51115 6153 7988
49550 5560 8060
43990 5041 6678
43294 4551 6872
38743 7546 9560
122599 17646 34343
104953 30330 39529
119645 91402 56485
17646 0 0
2267 1200 614
18713 2267 3696
16446 1067 1672
30330 15833 10027
63000 32022 29442
121993 37797 64709
120106 91015 58181
61113 48503 18645
12610 12610 0
37797 18869 26987
10344 8457 2018
20815 10344 9734
10471 1887 2922
7769 5043 2486
6297 5087 1395
6153 4589 1690
5041 4345 932
218796 27276 54552
258944 191783 96332
67161 48734 16835
40148 35056 9875
48734 3121 5674
46909 38431 12622
39487 2392 4372
38583 31294 10822
34542 2129 3916
33273 27616 8367
30896 1749 3216
30117 23715 8554
28466 11133 13104
68460 8694 16825
59766 7668 11252
67007 15880 31759
8694 0 0
675 238 278
9131 675 1308
8456 437 748
7668 3501 3371
13061 5709 5530
28398 9598 16168
27382 21046 12672
12045 8894 4117
3151 3151 0
9598 4958 6933
2128 1112 738
5656 2128 2895
3528 1016 1528
3121 1296 1578
2392 1488 1120
2129 860 1072
1749 970 834
31294 27253 6692
38431 31009 10838
27616 25239 4002
23715 22064 2982
32368 29261 5916
287 268 38
3371 124 215
3247 13 20
3234 1122 1330
2336 1050 1086
1551 779 715
893 82 136
811 68 126
3084 245 476
1122 224 334
1050 265 368
779 121 190
766 122 244
766 118 204
766 108 194
766 140 246
51407 25941 20179
51407 32042 20670
51407 33770 20529
51407 35734 19523
129472 30902 43018
129472 97104 64735
30902 21100 11426
9802 9802 0
9802 4636 4295
116868 52119 55791
116868 87651 58433
29217 19415 10135
9802 6405 3921
3397 858 1547
2539 0 0
52119 43336 12308
8783 34 16
8749 4503 4122
5819 1573 2766
4246 3479 1179
5270 5270 0
7007 1737 1686
5270 1788 1892
3482 1271 1402
2211 1259 805
952 952 0
1737 1737 0
17342 7540 7155
9802 1951 3012
7851 2835 3452
5016 2289 2504
2727 2727 0
7540 7540 0
935 935 0
935 636 474
299 299 0
935 0 0
935 636 474
935 935 0
935 636 474
299 0 0
299 299 0
34450 0 0
2898 2615 566
2615 2609 12
5792 0 0
93488 46516 46710
46972 0 0
46972 46972 0
47128 4043 7312
90057 133 266
89924 22507 28166
67417 24488 20262
46516 0 0
46516 0 0
92389 149 294
92240 22601 28472
69639 44464 22908
47925 45873 3816
2052 22 44
6038 317 624
7751 7 14
7744 2958 3436
4786 1713 1976
5345 272 530
9092 11 22
9081 2533 2840
6548 3747 1910
4043 4019 46
34450 1363 2678
33087 33087 0
93488 635 646
92852 69639 46425
59985 22065 33790
37920 36772 2296
22065 0 0
33087 719 1400
32368 11260 16614
53138 32030 27553
21108 465 900
20643 0 0
52245 838 1332
253007 44941 81890
208066 201600 12932
51407 33489 18152
52245 31602 27075
20643 10042 9755
10601 8375 3368
3471 0 0
3471 1245 1424
10601 10601 0
81 81 0
2188 0 0
2188 2188 0
2188 2144 88
277389 254035 13286
277389 276760 1257
629 0 0
230832 0 0
2893 1941 279
2894 1628 2532
1266 0 0
1266 851 279
1628 537 279
1 0 0
2268 0 0
2268 2268 0
82176 0 0
84444 0 0
84444 9153 6830
84444 74272 17071
84444 82176 4535
2264 0 0
2264 1266 1996
998 319 279
7552 208 415
11658 7552 5318
4106 3995 222
1266 415 279
15734 415 829
15734 10332 7418
32146 851 1701
32146 20963 14862
24758 679 1357
24758 15977 11306
11 11 0
11 11 0
11 11 0
394 11 21
394 11 21
383 332 88
383 373 20
11 11 0
399 11 21
399 0 0
399 4 8
395 12 24
383 77 107
306 0 0
11 0 0
11 0 0
11 0 0
2 0 0
40 1 1
40 8 10
62 0 0
76 2 3
76 40 1
36 30 9
2 0 0
2 0 0
2 0 0
37 35 3
76 74 3
2 0 0
14 14 0
14 12 3
14 0 0
14 2 3
126 0 0
126 114 20
14 14 0
14 2 3
12 12 0
12 0 0
12 12 0
2 2 0
2 0 0
2 0 0
2 0 0
74 0 0
74 72 3
52 31 1
21 0 0
21 19 4
2 0 0
2 0 0
6 0 0
6 4 3
28 0 0
28 9 8
12 0 0
12 0 0
64 31 1
33 33 0
12 0 0
35 23 15
33 24 12
9 4 4
5 0 0
29 8 12
64 52 23
2 0 0
2 0 0
56 18 1
38 0 0
38 29 1
9 0 0
9 5 1
4 3 1
1 0 0
1 1 0
36 1 1
37 18 7
20 1 1
1 0 0
1 0 0
2 0 0
2 2 0
2 0 0
2 0 0
37 35 3
8 0 0
8 4 7
36 14 1
22 0 0
22 15 3
7 2 1
5 5 0
36 4 7
32 32 0
8 4 7
20 16 7
8 4 7
20 16 7
20 14 7
4 0 0
4 0 0
62 28 1
34 0 0
34 33 1
1 0 0
1 0 0
1 1 0
62 0 0
62 58 7
4 4 0
4 0 0
14 10 7
34 28 5
4 4 0
8 4 7
4 0 0
4 0 0
4 0 0
4 4 0
4 0 0
2 0 0
2 2 0
1 1 0
1 0 0
4 4 0
4 1 2
4 2 1
2 0 0
4 4 0
1 1 0
1 0 0
1 1 0
2 2 0
2 2 0
2 0 0
2 2 0
4 0 0
4 0 0
4 0 0
4 0 0
1 1 0
1 1 0
5 4 1
1 1 0
1 0 0
1 0 0
1 0 0
1 1 0
1 1 0
1 0 0
1 0 0
1 0 0
1 1 0
1 0 0
1 1 0
1 0 0
1 0 0
1 0 0
1 0 0
1 0 0
4 4 0
1 1 0
1 0 0
1 1 0
4 0 0
4 0 0
4 0 0
4 0 0
4 1 1
1 1 0
1 1 0
1 1 0
1 0 0
1 0 0
1 1 0
1 1 0
1 1 0
1 0 0
1 1 0
1 1 0
1 0 0
1 0 0
1 1 0
1 0 0
1 0 0
1 0 0
1 1 0
1 1 0
1 0 0
1 0 0
1 1 0
1 0 0
1 0 0
1 1 0
1 1 0
1 1 0
1 0 0
1 0 0
1 1 0
1 1 0
1 1 0
1 1 0
1 1 0
1 1 0
1 0 0
1 0 0
1 0 0
1 1 0
1 0 0
1 0 0
1 1 0
1 0 0
1 0 0
1 1 0
1 1 0
1 1 0
1 0 0
1 0 0
1 1 0
1 0 0
1 0 0
4 4 0
4 0 0
4 4 0
4 3 1
4 0 0
4 0 0
1 0 0
1 1 0
1 1 0
1 1 0
1 0 0
1 0 0
1 1 0
1 1 0
1 0 0
1 1 0
13 1 1
13 12 1
1 1 0
1 0 0
1 0 0
1 0 0
1 0 0
1 1 0
1 0 0
1 0 0
1 0 0
1 1 0
1 1 0
1 0 0
1 0 0
1 0 0
1 1 0
1 0 0
2 1 1
1 0 0
1 0 0
1 0 0
2 1 1
1 1 0
1 1 0
1 0 0
1 0 0
1 0 0
1 1 0
1 1 0
1 0 0
1 1 0
1 0 0
1 1 0
1 1 0
1 1 0
1 0 0
1 1 0
1 0 0
1 0 0
1 1 0
1 1 0
1 0 0
1 0 0
1 0 0
1 1 0
1 1 0
1 0 0
1 0 0
3 0 0
4 1 1
4 3 2
1 0 0
1 1 0
1 1 0
1 0 0
1 0 0
1 1 0
1 0 0
1 0 0
1 1 0
1 0 0
1 1 0
1 1 0
1 1 0
1 0 0
4 0 0
4 3 1
7 1 2
6 0 0
6 0 0
6 0 0
6 0 0
5 0 0
5 5 0
50 23 19
14 0 0
14 0 0
14 0 0
14 10 3
4 0 0
71 60 9
71 23 28
71 43 21
28 0 0
28 0 0
28 0 0
28 21 7
7 0 0
71 0 0
71 14 27
50 45 9
3671 0 0
3671 0 0
3671 0 0
3671 0 0
3671 2689 1734
982 0 0
982 0 0
982 0 0
982 982 0
982 0 0
982 300 516
682 682 0
982 982 0
982 0 0
982 300 516
682 682 0
2689 0 0
2689 2689 0
2689 0 0
2689 2689 0
2689 0 0
2689 0 0
2689 0 0
2689 0 0
2689 1990 1391
699 0 0
699 0 0
699 0 0
699 644 12
55 2 3
2689 1 2
2688 1969 1387
719 0 0
719 0 0
719 0 0
719 292 51
427 2 4
2688 0 0
2688 2009 1306
2689 2687 4
2 2 0
2 2 0
2689 2689 0
2689 0 0
2689 0 0
2689 0 0
2689 2689 0
2689 0 0
2 2 0
2 0 0
2 0 0
2 0 0
2 0 0
2 0 0
2 0 0
2689 2689 0
4064 0 0
4064 2689 1282
1375 463 26
912 912 0
912 0 0
3152 4 8
3148 2507 1244
641 0 0
641 0 0
641 641 0
3554 0 0
4 2 3
2 2 0
4 1 2
2689 0 0
5200 1369 2709
3831 0 0
3831 0 0
3831 13 8
3818 2476 1347
3322 633 1266
2689 2039 1254
650 451 38
298 297 2
1 0 0
1 0 0
451 99 5
352 0 0
99 2 2
2476 1292 1312
1184 675 80
509 114 27
509 509 0
2 2 0
2 0 0
1369 4 8
1506 181 118
1325 1 2
1324 896 845
428 0 0
428 425 4
3 0 0
3 3 0
1 1 0
17035 0 0
18540 17035 2869
1505 1368 140
633 0 0
912 912 0
4 4 0
2 0 0
2 2 0
1368 0 0
1368 0 0
1368 0 0
1368 0 0
1368 719 1247
649 649 0
1368 1355 26
13 0 0
1355 0 0
1355 3 6
1355 903 891
1 1 0
649 0 0
649 0 0
649 0 0
4064 0 0
4064 0 0
4064 4064 0
4064 0 0
4064 0 0
4064 4064 0
4064 0 0
4064 0 0
4064 0 0
4064 0 0
3671 0 0
3671 0 0
3671 0 0
3671 3671 0
1 0 0
1 0 0
1 1 0
1 0 0
130 129 1
7 0 0
7 1 2
7 3 5
7 3 3
7 7 0
7 7 0
2 0 0
2 2 0
2 2 0
2 2 0
2 2 0
2 0 0
2 0 0
5 0 0
5 0 0
6537 0 0
6537 3 2
6534 6534 0
6534 0 0
6534 0 0
6534 0 0
85669 79135 13067
3 0 0
3 0 0
3 0 0
3 1 1
1 0 0
1 0 0
1 1 0
1 0 0
1 0 0
1 0 0
1 0 0
1 0 0
1 1 0
1 0 0
4 0 0
4 4 0
4 0 0
4 0 0
4 4 0
4 0 0
3013 1324 1394
1689 0 0
1689 1497 254
1324 1149 258
1149 1149 0
1497 0 0
1497 1497 0
1149 0 0
2270 1121 2241
2966 1469 2933
12 0 0
12 0 0
12 12 0
4062 0 0
2 0 0
8 8 0
8 0 0
4 0 0
4 4 0
4 0 0
4 0 0
4 0 0
4 0 0
4 0 0
2 0 0
2 0 0
4 4 0
4 4 0
13 13 0
4 4 0
4 0 0
4 4 0
4 4 0
8 7 1
1 1 0
1 1 0
1 1 0
2 0 0
2 0 0
2 0 0
2 0 0
2 0 0
2 0 0
2 0 0
2 0 0
2 0 0
2 0 0
2 0 0
2 0 0
2 0 0
2 0 0
2 0 0
2 0 0
2 0 0
2 0 0
1 0 0
1 0 0
1 0 0
1 1 0
1 0 0
1 0 0
1 0 0
1 0 0
1 0 0
1 0 0
1 0 0
2 2 0
2 0 0
2 2 0
1 0 0
1 1 0
1 1 0
1 0 0
1 0 0
1 1 0
1 1 0
1 0 0
1 0 0
1 0 0
1 0 0
1 1 0
1 1 0
1 1 0
1 0 0
1 0 0
1 0 0
1 1 0
1 0 0
1 1 0
1 0 0
1 1 0
1 1 0
1 1 0
2 0 0
2 1 1
1 1 0
1 1 0
1 0 0
1 0 0
1 1 0
1 1 0
3 0 0
3 0 0
3 3 0
2 1 1
1 1 0
1 1 0
1 0 0
2 0 0
2 1 1
1 1 0
1 1 0
1 1 0
1 0 0
1 0 0
1 0 0
1 1 0
1 0 0
1 1 0
2 0 0
2 2 0
2 2 0
1 0 0
1 0 0
1 1 0
1 1 0
1 1 0
