Block 0x0: Count: 144260, Running Total: 144260
Block 0x1: Count: 230832, Running Total: 375092
Block 0x2: Count: 84444, Running Total: 459536
Block 0x3: Count: 258944, Running Total: 718480
Block 0x4: Count: 54609, Running Total: 773089
Block 0x5: Count: 277389, Running Total: 1050478
Block 0x6: Count: 148390, Running Total: 1198868
Block 0x7: Count: 92852, Running Total: 1291720
Block 0x8: Count: 122852, Running Total: 1414572
Block 0x9: Count: 199388, Running Total: 1613960
Block 0xa: Count: 129472, Running Total: 1743432
Block 0xb: Count: 93488, Running Total: 1836920
Block 0xc: Count: 82032, Running Total: 1918952
Block 0xd: Count: 253007, Running Total: 2171959
Block 0xe: Count: 122852, Running Total: 2294811
Block 0xf: Count: 122599, Running Total: 2417410
Block 0x10: Count: 85669, Running Total: 2503079
Block 0x11: Count: 144260, Running Total: 2647339
Block 0x12: Count: 121993, Running Total: 2769332
Block 0x13: Count: 92853, Running Total: 2862185
Load metaop: *mem-read-1
Load metaop: *mem-read-2
Load metaop: *mem-read-4
Load metaop: *mem-read-8
Load metaop: *mem-read-16
Store metaop: *mem-write-1
Store metaop: *mem-write-2
Store metaop: *mem-write-4
Store metaop: *mem-write-8
Store metaop: *mem-write-16
Xfer metaop: *category-DATAXFER
Unrecognized opcode CDQ, classifying as "other"
Unrecognized opcode CDQE, classifying as "other"
Unrecognized opcode CMOVB, classifying as "other"
Unrecognized opcode CMOVBE, classifying as "other"
Unrecognized opcode CMOVL, classifying as "other"
Unrecognized opcode CMOVLE, classifying as "other"
Unrecognized opcode CMOVNB, classifying as "other"
Unrecognized opcode CMOVNBE, classifying as "other"
Unrecognized opcode CMOVNLE, classifying as "other"
Unrecognized opcode CMOVNS, classifying as "other"
Unrecognized opcode CMOVNZ, classifying as "other"
Unrecognized opcode CMOVS, classifying as "other"
Unrecognized opcode CMOVZ, classifying as "other"
Unrecognized opcode CMPXCHG, classifying as "other"
Unrecognized opcode FNSTCW, classifying as "other"
Unrecognized opcode LDDQU, classifying as "other"
Unrecognized opcode LEAVE, classifying as "other"
Unrecognized opcode NOP, classifying as "other"
Unrecognized opcode PCMPEQB, classifying as "other"
Unrecognized opcode PMOVMSKB, classifying as "other"
Unrecognized opcode PSHUFD, classifying as "other"
Unrecognized opcode PSLLDQ, classifying as "other"
Unrecognized opcode PSUBB, classifying as "other"
Unrecognized opcode PUNPCKLBW, classifying as "other"
Unrecognized opcode PUNPCKLWD, classifying as "other"
Unrecognized opcode REPNE_SCASB, classifying as "other"
Opcode REP_STOSD has repeat prefix; discarding prefix
Opcode REP_STOSQ has repeat prefix; discarding prefix
Unrecognized opcode SETNBE, classifying as "other"
Unrecognized opcode SETNLE, classifying as "other"
Unrecognized opcode SETNZ, classifying as "other"
Unrecognized opcode SETZ, classifying as "other"
Unrecognized opcode VADDSS, classifying as "other"
Unrecognized opcode VCVTPS2PD, classifying as "other"
Unrecognized opcode VCVTSI2SS, classifying as "other"
Unrecognized opcode VCVTTSS2SI, classifying as "other"
Unrecognized opcode VDIVSS, classifying as "other"
Unrecognized opcode VEXTRACTF128, classifying as "other"
Unrecognized opcode VMOVAPS, classifying as "other"
Unrecognized opcode VMOVDQU, classifying as "other"
Unrecognized opcode VMOVSS, classifying as "other"
Unrecognized opcode VPXOR, classifying as "other"
Unrecognized opcode VSUBSS, classifying as "other"
Unrecognized opcode VUCOMISS, classifying as "other"
Unrecognized opcode VUNPCKLPS, classifying as "other"
Unrecognized opcode VXORPS, classifying as "other"
Unrecognized opcode VZEROUPPER, classifying as "other"
Total metaop: *total

Done parsing file

"Other" ratio: 27.6585422272%
Sum category count: 142394193
Static BBL count: 20

# FINI: end of program
Dynamic Instruction Count = 100101504, Dyn BBL Count = 2862185
<DynInsCount> 100101504
<BBLCount> 2862185
<TotInsCount> 100101504
<IntCount> 39515113
<IntMulCount> 890102
<IntDivCount> 250646
<FPCount> 0
<FPMulCount> 0
<FPDivCount> 0
<LdCount> 25129260
<StCount> 9669668
<Br/CallCount> 16499084
<CondBrCount> 11056162
<OtherCount> 39384158
<SysCallCount> 0

# END_DYNAMIC_STATS


Saving to file ./pinball_out/t0r10/imix_new.out


