# Mix output version 2
# FINI: end of program
# EMIT_DYNAMIC_STATS FOR TID 1
# instructions = 100101504, basic blocks = 16544068
Local Byte Stride Bucket -256 is equal to 893867
Local Byte Stride Bucket -255 is equal to 3
Local Byte Stride Bucket -254 is equal to 8
Local Byte Stride Bucket -253 is equal to 3
Local Byte Stride Bucket -252 is equal to 6325
Local Byte Stride Bucket -250 is equal to 2
Local Byte Stride Bucket -248 is equal to 7268
Local Byte Stride Bucket -247 is equal to 3
Local Byte Stride Bucket -246 is equal to 4
Local Byte Stride Bucket -245 is equal to 3
Local Byte Stride Bucket -244 is equal to 7456
Local Byte Stride Bucket -243 is equal to 3
Local Byte Stride Bucket -242 is equal to 4
Local Byte Stride Bucket -241 is equal to 1
Local Byte Stride Bucket -240 is equal to 5372
Local Byte Stride Bucket -239 is equal to 5
Local Byte Stride Bucket -238 is equal to 21
Local Byte Stride Bucket -237 is equal to 1
Local Byte Stride Bucket -236 is equal to 6302
Local Byte Stride Bucket -234 is equal to 6
Local Byte Stride Bucket -232 is equal to 7285
Local Byte Stride Bucket -230 is equal to 18
Local Byte Stride Bucket -228 is equal to 6703
Local Byte Stride Bucket -227 is equal to 2
Local Byte Stride Bucket -226 is equal to 16
Local Byte Stride Bucket -224 is equal to 242969
Local Byte Stride Bucket -223 is equal to 2
Local Byte Stride Bucket -222 is equal to 30
Local Byte Stride Bucket -221 is equal to 1
Local Byte Stride Bucket -220 is equal to 8055
Local Byte Stride Bucket -219 is equal to 1
Local Byte Stride Bucket -218 is equal to 59
Local Byte Stride Bucket -217 is equal to 1
Local Byte Stride Bucket -216 is equal to 8709
Local Byte Stride Bucket -214 is equal to 49
Local Byte Stride Bucket -212 is equal to 5837
Local Byte Stride Bucket -211 is equal to 3
Local Byte Stride Bucket -210 is equal to 136
Local Byte Stride Bucket -209 is equal to 1
Local Byte Stride Bucket -208 is equal to 7482
Local Byte Stride Bucket -207 is equal to 4
Local Byte Stride Bucket -206 is equal to 189
Local Byte Stride Bucket -205 is equal to 5
Local Byte Stride Bucket -204 is equal to 9901
Local Byte Stride Bucket -203 is equal to 1
Local Byte Stride Bucket -202 is equal to 239
Local Byte Stride Bucket -201 is equal to 4
Local Byte Stride Bucket -200 is equal to 8933
Local Byte Stride Bucket -199 is equal to 5
Local Byte Stride Bucket -198 is equal to 315
Local Byte Stride Bucket -196 is equal to 6748
Local Byte Stride Bucket -195 is equal to 6
Local Byte Stride Bucket -194 is equal to 404
Local Byte Stride Bucket -193 is equal to 10
Local Byte Stride Bucket -192 is equal to 22118
Local Byte Stride Bucket -191 is equal to 16
Local Byte Stride Bucket -190 is equal to 3324
Local Byte Stride Bucket -189 is equal to 1
Local Byte Stride Bucket -188 is equal to 12097
Local Byte Stride Bucket -187 is equal to 1
Local Byte Stride Bucket -186 is equal to 3964
Local Byte Stride Bucket -185 is equal to 1
Local Byte Stride Bucket -184 is equal to 9676
Local Byte Stride Bucket -183 is equal to 2
Local Byte Stride Bucket -182 is equal to 6569
Local Byte Stride Bucket -181 is equal to 1
Local Byte Stride Bucket -180 is equal to 13961
Local Byte Stride Bucket -179 is equal to 2
Local Byte Stride Bucket -178 is equal to 7863
Local Byte Stride Bucket -177 is equal to 3
Local Byte Stride Bucket -176 is equal to 19810
Local Byte Stride Bucket -175 is equal to 11
Local Byte Stride Bucket -174 is equal to 8982
Local Byte Stride Bucket -172 is equal to 13732
Local Byte Stride Bucket -170 is equal to 5506
Local Byte Stride Bucket -169 is equal to 3
Local Byte Stride Bucket -168 is equal to 12654
Local Byte Stride Bucket -167 is equal to 1
Local Byte Stride Bucket -166 is equal to 8894
Local Byte Stride Bucket -165 is equal to 1
Local Byte Stride Bucket -164 is equal to 13287
Local Byte Stride Bucket -162 is equal to 9626
Local Byte Stride Bucket -160 is equal to 93727
Local Byte Stride Bucket -159 is equal to 3
Local Byte Stride Bucket -158 is equal to 8625
Local Byte Stride Bucket -157 is equal to 1
Local Byte Stride Bucket -156 is equal to 15179
Local Byte Stride Bucket -154 is equal to 11922
Local Byte Stride Bucket -153 is equal to 1
Local Byte Stride Bucket -152 is equal to 17955
Local Byte Stride Bucket -151 is equal to 1
Local Byte Stride Bucket -150 is equal to 7766
Local Byte Stride Bucket -149 is equal to 2
Local Byte Stride Bucket -148 is equal to 20102
Local Byte Stride Bucket -147 is equal to 1
Local Byte Stride Bucket -146 is equal to 10093
Local Byte Stride Bucket -145 is equal to 3
Local Byte Stride Bucket -144 is equal to 23076
Local Byte Stride Bucket -143 is equal to 4
Local Byte Stride Bucket -142 is equal to 6891
Local Byte Stride Bucket -141 is equal to 8
Local Byte Stride Bucket -140 is equal to 19952
Local Byte Stride Bucket -139 is equal to 4
Local Byte Stride Bucket -138 is equal to 8503
Local Byte Stride Bucket -137 is equal to 2
Local Byte Stride Bucket -136 is equal to 19281
Local Byte Stride Bucket -135 is equal to 4
Local Byte Stride Bucket -134 is equal to 9584
Local Byte Stride Bucket -133 is equal to 2
Local Byte Stride Bucket -132 is equal to 26489
Local Byte Stride Bucket -130 is equal to 12778
Local Byte Stride Bucket -129 is equal to 7
Local Byte Stride Bucket -128 is equal to 68430
Local Byte Stride Bucket -127 is equal to 2
Local Byte Stride Bucket -126 is equal to 9609
Local Byte Stride Bucket -125 is equal to 1
Local Byte Stride Bucket -124 is equal to 17886
Local Byte Stride Bucket -123 is equal to 1
Local Byte Stride Bucket -122 is equal to 11236
Local Byte Stride Bucket -121 is equal to 2
Local Byte Stride Bucket -120 is equal to 15843
Local Byte Stride Bucket -119 is equal to 2
Local Byte Stride Bucket -118 is equal to 9242
Local Byte Stride Bucket -116 is equal to 19829
Local Byte Stride Bucket -115 is equal to 12
Local Byte Stride Bucket -114 is equal to 8322
Local Byte Stride Bucket -113 is equal to 2
Local Byte Stride Bucket -112 is equal to 16484
Local Byte Stride Bucket -111 is equal to 2
Local Byte Stride Bucket -110 is equal to 12261
Local Byte Stride Bucket -108 is equal to 21116
Local Byte Stride Bucket -107 is equal to 3
Local Byte Stride Bucket -106 is equal to 9339
Local Byte Stride Bucket -105 is equal to 1
Local Byte Stride Bucket -104 is equal to 24225
Local Byte Stride Bucket -103 is equal to 1
Local Byte Stride Bucket -102 is equal to 15039
Local Byte Stride Bucket -101 is equal to 1
Local Byte Stride Bucket -100 is equal to 26939
Local Byte Stride Bucket -99 is equal to 2
Local Byte Stride Bucket -98 is equal to 13179
Local Byte Stride Bucket -97 is equal to 5
Local Byte Stride Bucket -96 is equal to 30911
Local Byte Stride Bucket -95 is equal to 4
Local Byte Stride Bucket -94 is equal to 17364
Local Byte Stride Bucket -92 is equal to 37852
Local Byte Stride Bucket -91 is equal to 2
Local Byte Stride Bucket -90 is equal to 14716
Local Byte Stride Bucket -89 is equal to 3
Local Byte Stride Bucket -88 is equal to 57146
Local Byte Stride Bucket -87 is equal to 1
Local Byte Stride Bucket -86 is equal to 13424
Local Byte Stride Bucket -85 is equal to 2
Local Byte Stride Bucket -84 is equal to 38320
Local Byte Stride Bucket -82 is equal to 13796
Local Byte Stride Bucket -81 is equal to 6
Local Byte Stride Bucket -80 is equal to 28032
Local Byte Stride Bucket -78 is equal to 13804
Local Byte Stride Bucket -77 is equal to 73
Local Byte Stride Bucket -76 is equal to 21822
Local Byte Stride Bucket -75 is equal to 1
Local Byte Stride Bucket -74 is equal to 22458
Local Byte Stride Bucket -73 is equal to 3
Local Byte Stride Bucket -72 is equal to 25362
Local Byte Stride Bucket -71 is equal to 2
Local Byte Stride Bucket -70 is equal to 19454
Local Byte Stride Bucket -69 is equal to 5
Local Byte Stride Bucket -68 is equal to 40188
Local Byte Stride Bucket -67 is equal to 4
Local Byte Stride Bucket -66 is equal to 24342
Local Byte Stride Bucket -65 is equal to 13
Local Byte Stride Bucket -64 is equal to 709084
Local Byte Stride Bucket -63 is equal to 5
Local Byte Stride Bucket -62 is equal to 15625
Local Byte Stride Bucket -61 is equal to 3
Local Byte Stride Bucket -60 is equal to 26316
Local Byte Stride Bucket -59 is equal to 2
Local Byte Stride Bucket -58 is equal to 14871
Local Byte Stride Bucket -57 is equal to 3
Local Byte Stride Bucket -56 is equal to 50453
Local Byte Stride Bucket -55 is equal to 6
Local Byte Stride Bucket -54 is equal to 15478
Local Byte Stride Bucket -53 is equal to 4
Local Byte Stride Bucket -52 is equal to 40444
Local Byte Stride Bucket -51 is equal to 8
Local Byte Stride Bucket -50 is equal to 25320
Local Byte Stride Bucket -49 is equal to 2
Local Byte Stride Bucket -48 is equal to 263225
Local Byte Stride Bucket -47 is equal to 7
Local Byte Stride Bucket -46 is equal to 44110
Local Byte Stride Bucket -45 is equal to 3
Local Byte Stride Bucket -44 is equal to 115612
Local Byte Stride Bucket -43 is equal to 1
Local Byte Stride Bucket -42 is equal to 41613
Local Byte Stride Bucket -41 is equal to 9
Local Byte Stride Bucket -40 is equal to 67563
Local Byte Stride Bucket -39 is equal to 1
Local Byte Stride Bucket -38 is equal to 16144
Local Byte Stride Bucket -36 is equal to 45360
Local Byte Stride Bucket -35 is equal to 4
Local Byte Stride Bucket -34 is equal to 14775
Local Byte Stride Bucket -33 is equal to 1
Local Byte Stride Bucket -32 is equal to 125330
Local Byte Stride Bucket -31 is equal to 2
Local Byte Stride Bucket -30 is equal to 22254
Local Byte Stride Bucket -28 is equal to 95768
Local Byte Stride Bucket -26 is equal to 44344
Local Byte Stride Bucket -24 is equal to 338492
Local Byte Stride Bucket -23 is equal to 2
Local Byte Stride Bucket -22 is equal to 116596
Local Byte Stride Bucket -21 is equal to 3
Local Byte Stride Bucket -20 is equal to 94289
Local Byte Stride Bucket -19 is equal to 3
Local Byte Stride Bucket -18 is equal to 41629
Local Byte Stride Bucket -17 is equal to 28
Local Byte Stride Bucket -16 is equal to 88299
Local Byte Stride Bucket -15 is equal to 35
Local Byte Stride Bucket -14 is equal to 37056
Local Byte Stride Bucket -13 is equal to 112
Local Byte Stride Bucket -12 is equal to 327016
Local Byte Stride Bucket -11 is equal to 10
Local Byte Stride Bucket -10 is equal to 27066
Local Byte Stride Bucket -9 is equal to 8
Local Byte Stride Bucket -8 is equal to 212265
Local Byte Stride Bucket -7 is equal to 2
Local Byte Stride Bucket -6 is equal to 53912
Local Byte Stride Bucket -5 is equal to 2
Local Byte Stride Bucket -4 is equal to 352067
Local Byte Stride Bucket -3 is equal to 3
Local Byte Stride Bucket -2 is equal to 152799
Local Byte Stride Bucket -1 is equal to 29
Local Byte Stride Bucket 0 is equal to 20459810
Local Byte Stride Bucket 1 is equal to 61
Local Byte Stride Bucket 2 is equal to 258439
Local Byte Stride Bucket 3 is equal to 12
Local Byte Stride Bucket 4 is equal to 1946825
Local Byte Stride Bucket 5 is equal to 5
Local Byte Stride Bucket 6 is equal to 55017
Local Byte Stride Bucket 7 is equal to 8
Local Byte Stride Bucket 8 is equal to 452979
Local Byte Stride Bucket 9 is equal to 17
Local Byte Stride Bucket 10 is equal to 25572
Local Byte Stride Bucket 11 is equal to 53
Local Byte Stride Bucket 12 is equal to 72016
Local Byte Stride Bucket 13 is equal to 117
Local Byte Stride Bucket 14 is equal to 36372
Local Byte Stride Bucket 15 is equal to 9
Local Byte Stride Bucket 16 is equal to 54913
Local Byte Stride Bucket 17 is equal to 13
Local Byte Stride Bucket 18 is equal to 52186
Local Byte Stride Bucket 19 is equal to 6
Local Byte Stride Bucket 20 is equal to 287987
Local Byte Stride Bucket 21 is equal to 3
Local Byte Stride Bucket 22 is equal to 139374
Local Byte Stride Bucket 23 is equal to 14
Local Byte Stride Bucket 24 is equal to 298255
Local Byte Stride Bucket 25 is equal to 2
Local Byte Stride Bucket 26 is equal to 45333
Local Byte Stride Bucket 27 is equal to 3
Local Byte Stride Bucket 28 is equal to 50286
Local Byte Stride Bucket 29 is equal to 2
Local Byte Stride Bucket 30 is equal to 20696
Local Byte Stride Bucket 31 is equal to 2
Local Byte Stride Bucket 32 is equal to 33311
Local Byte Stride Bucket 33 is equal to 2
Local Byte Stride Bucket 34 is equal to 15179
Local Byte Stride Bucket 35 is equal to 1
Local Byte Stride Bucket 36 is equal to 121268
Local Byte Stride Bucket 37 is equal to 3
Local Byte Stride Bucket 38 is equal to 15840
Local Byte Stride Bucket 39 is equal to 4
Local Byte Stride Bucket 40 is equal to 271351
Local Byte Stride Bucket 41 is equal to 117
Local Byte Stride Bucket 42 is equal to 42804
Local Byte Stride Bucket 43 is equal to 2
Local Byte Stride Bucket 44 is equal to 228533
Local Byte Stride Bucket 45 is equal to 5
Local Byte Stride Bucket 46 is equal to 44517
Local Byte Stride Bucket 47 is equal to 20
Local Byte Stride Bucket 48 is equal to 245003
Local Byte Stride Bucket 49 is equal to 1
Local Byte Stride Bucket 50 is equal to 21607
Local Byte Stride Bucket 51 is equal to 15
Local Byte Stride Bucket 52 is equal to 41025
Local Byte Stride Bucket 53 is equal to 104
Local Byte Stride Bucket 54 is equal to 15213
Local Byte Stride Bucket 55 is equal to 8
Local Byte Stride Bucket 56 is equal to 49212
Local Byte Stride Bucket 57 is equal to 36
Local Byte Stride Bucket 58 is equal to 15192
Local Byte Stride Bucket 59 is equal to 4
Local Byte Stride Bucket 60 is equal to 25564
Local Byte Stride Bucket 61 is equal to 3
Local Byte Stride Bucket 62 is equal to 16209
Local Byte Stride Bucket 63 is equal to 15
Local Byte Stride Bucket 64 is equal to 860791
Local Byte Stride Bucket 65 is equal to 78
Local Byte Stride Bucket 66 is equal to 23504
Local Byte Stride Bucket 67 is equal to 3
Local Byte Stride Bucket 68 is equal to 38989
Local Byte Stride Bucket 69 is equal to 7
Local Byte Stride Bucket 70 is equal to 20367
Local Byte Stride Bucket 71 is equal to 2
Local Byte Stride Bucket 72 is equal to 22701
Local Byte Stride Bucket 73 is equal to 34
Local Byte Stride Bucket 74 is equal to 20655
Local Byte Stride Bucket 75 is equal to 1
Local Byte Stride Bucket 76 is equal to 20592
Local Byte Stride Bucket 77 is equal to 8
Local Byte Stride Bucket 78 is equal to 14123
Local Byte Stride Bucket 79 is equal to 2
Local Byte Stride Bucket 80 is equal to 26127
Local Byte Stride Bucket 81 is equal to 9
Local Byte Stride Bucket 82 is equal to 15120
Local Byte Stride Bucket 84 is equal to 33729
Local Byte Stride Bucket 85 is equal to 72
Local Byte Stride Bucket 86 is equal to 14182
Local Byte Stride Bucket 88 is equal to 70920
Local Byte Stride Bucket 89 is equal to 2
Local Byte Stride Bucket 90 is equal to 13816
Local Byte Stride Bucket 92 is equal to 35370
Local Byte Stride Bucket 94 is equal to 16423
Local Byte Stride Bucket 95 is equal to 2
Local Byte Stride Bucket 96 is equal to 27075
Local Byte Stride Bucket 97 is equal to 7
Local Byte Stride Bucket 98 is equal to 13525
Local Byte Stride Bucket 99 is equal to 1
Local Byte Stride Bucket 100 is equal to 22918
Local Byte Stride Bucket 101 is equal to 1
Local Byte Stride Bucket 102 is equal to 15482
Local Byte Stride Bucket 103 is equal to 1
Local Byte Stride Bucket 104 is equal to 22199
Local Byte Stride Bucket 105 is equal to 1
Local Byte Stride Bucket 106 is equal to 8655
Local Byte Stride Bucket 107 is equal to 2
Local Byte Stride Bucket 108 is equal to 20356
Local Byte Stride Bucket 110 is equal to 12784
Local Byte Stride Bucket 111 is equal to 3
Local Byte Stride Bucket 112 is equal to 17143
Local Byte Stride Bucket 113 is equal to 2
Local Byte Stride Bucket 114 is equal to 8802
Local Byte Stride Bucket 115 is equal to 5
Local Byte Stride Bucket 116 is equal to 19981
Local Byte Stride Bucket 117 is equal to 1
Local Byte Stride Bucket 118 is equal to 8529
Local Byte Stride Bucket 119 is equal to 1
Local Byte Stride Bucket 120 is equal to 14446
Local Byte Stride Bucket 121 is equal to 2
Local Byte Stride Bucket 122 is equal to 10481
Local Byte Stride Bucket 124 is equal to 14401
Local Byte Stride Bucket 125 is equal to 1
Local Byte Stride Bucket 126 is equal to 8917
Local Byte Stride Bucket 127 is equal to 1
Local Byte Stride Bucket 128 is equal to 76173
Local Byte Stride Bucket 129 is equal to 1
Local Byte Stride Bucket 130 is equal to 12135
Local Byte Stride Bucket 132 is equal to 25305
Local Byte Stride Bucket 133 is equal to 3
Local Byte Stride Bucket 134 is equal to 9884
Local Byte Stride Bucket 135 is equal to 2
Local Byte Stride Bucket 136 is equal to 17320
Local Byte Stride Bucket 137 is equal to 2
Local Byte Stride Bucket 138 is equal to 8815
Local Byte Stride Bucket 140 is equal to 15185
Local Byte Stride Bucket 141 is equal to 1
Local Byte Stride Bucket 142 is equal to 6984
Local Byte Stride Bucket 143 is equal to 4
Local Byte Stride Bucket 144 is equal to 18471
Local Byte Stride Bucket 145 is equal to 1
Local Byte Stride Bucket 146 is equal to 9939
Local Byte Stride Bucket 147 is equal to 2
Local Byte Stride Bucket 148 is equal to 18987
Local Byte Stride Bucket 149 is equal to 62
Local Byte Stride Bucket 150 is equal to 6913
Local Byte Stride Bucket 151 is equal to 1
Local Byte Stride Bucket 152 is equal to 15724
Local Byte Stride Bucket 153 is equal to 1
Local Byte Stride Bucket 154 is equal to 11212
Local Byte Stride Bucket 156 is equal to 16150
Local Byte Stride Bucket 158 is equal to 7808
Local Byte Stride Bucket 159 is equal to 11
Local Byte Stride Bucket 160 is equal to 96066
Local Byte Stride Bucket 161 is equal to 1
Local Byte Stride Bucket 162 is equal to 9156
Local Byte Stride Bucket 164 is equal to 12736
Local Byte Stride Bucket 165 is equal to 3
Local Byte Stride Bucket 166 is equal to 8377
Local Byte Stride Bucket 167 is equal to 1
Local Byte Stride Bucket 168 is equal to 12186
Local Byte Stride Bucket 170 is equal to 4904
Local Byte Stride Bucket 172 is equal to 12391
Local Byte Stride Bucket 174 is equal to 7117
Local Byte Stride Bucket 175 is equal to 2
Local Byte Stride Bucket 176 is equal to 18982
Local Byte Stride Bucket 177 is equal to 1
Local Byte Stride Bucket 178 is equal to 5828
Local Byte Stride Bucket 179 is equal to 1
Local Byte Stride Bucket 180 is equal to 11583
Local Byte Stride Bucket 181 is equal to 1
Local Byte Stride Bucket 182 is equal to 5214
Local Byte Stride Bucket 183 is equal to 3
Local Byte Stride Bucket 184 is equal to 8071
Local Byte Stride Bucket 186 is equal to 3067
Local Byte Stride Bucket 188 is equal to 10247
Local Byte Stride Bucket 190 is equal to 2407
Local Byte Stride Bucket 191 is equal to 12
Local Byte Stride Bucket 192 is equal to 8416
Local Byte Stride Bucket 193 is equal to 12
Local Byte Stride Bucket 194 is equal to 7
Local Byte Stride Bucket 195 is equal to 5
Local Byte Stride Bucket 196 is equal to 5944
Local Byte Stride Bucket 197 is equal to 1
Local Byte Stride Bucket 199 is equal to 1
Local Byte Stride Bucket 200 is equal to 7624
Local Byte Stride Bucket 201 is equal to 2
Local Byte Stride Bucket 202 is equal to 1
Local Byte Stride Bucket 203 is equal to 2
Local Byte Stride Bucket 204 is equal to 9671
Local Byte Stride Bucket 205 is equal to 6
Local Byte Stride Bucket 206 is equal to 4
Local Byte Stride Bucket 207 is equal to 2
Local Byte Stride Bucket 208 is equal to 8279
Local Byte Stride Bucket 209 is equal to 2
Local Byte Stride Bucket 211 is equal to 3
Local Byte Stride Bucket 212 is equal to 5507
Local Byte Stride Bucket 214 is equal to 1
Local Byte Stride Bucket 215 is equal to 2
Local Byte Stride Bucket 216 is equal to 8413
Local Byte Stride Bucket 217 is equal to 1
Local Byte Stride Bucket 218 is equal to 2
Local Byte Stride Bucket 220 is equal to 8492
Local Byte Stride Bucket 222 is equal to 1
Local Byte Stride Bucket 223 is equal to 2
Local Byte Stride Bucket 224 is equal to 182750
Local Byte Stride Bucket 228 is equal to 5210
Local Byte Stride Bucket 229 is equal to 1
Local Byte Stride Bucket 231 is equal to 1
Local Byte Stride Bucket 232 is equal to 7030
Local Byte Stride Bucket 235 is equal to 1
Local Byte Stride Bucket 236 is equal to 5853
Local Byte Stride Bucket 237 is equal to 2
Local Byte Stride Bucket 238 is equal to 15
Local Byte Stride Bucket 240 is equal to 13860
Local Byte Stride Bucket 241 is equal to 2
Local Byte Stride Bucket 242 is equal to 11
Local Byte Stride Bucket 243 is equal to 10
Local Byte Stride Bucket 244 is equal to 7856
Local Byte Stride Bucket 245 is equal to 3
Local Byte Stride Bucket 246 is equal to 2
Local Byte Stride Bucket 247 is equal to 3
Local Byte Stride Bucket 248 is equal to 6147
Local Byte Stride Bucket 250 is equal to 1
Local Byte Stride Bucket 251 is equal to 2
Local Byte Stride Bucket 252 is equal to 5747
Local Byte Stride Bucket 253 is equal to 3
Local Byte Stride Bucket 254 is equal to 1
Local Byte Stride Bucket 255 is equal to 1
Local Byte Stride Bucket 256 is equal to 961540

Local Cache Stride Bucket -256 is equal to 197206
Local Cache Stride Bucket -255 is equal to 70
Local Cache Stride Bucket -254 is equal to 729
Local Cache Stride Bucket -253 is equal to 41
Local Cache Stride Bucket -252 is equal to 97
Local Cache Stride Bucket -251 is equal to 34
Local Cache Stride Bucket -250 is equal to 32
Local Cache Stride Bucket -249 is equal to 36
Local Cache Stride Bucket -248 is equal to 30
Local Cache Stride Bucket -247 is equal to 32
Local Cache Stride Bucket -246 is equal to 18
Local Cache Stride Bucket -245 is equal to 23
Local Cache Stride Bucket -244 is equal to 20
Local Cache Stride Bucket -243 is equal to 61
Local Cache Stride Bucket -242 is equal to 82
Local Cache Stride Bucket -241 is equal to 105
Local Cache Stride Bucket -240 is equal to 114
Local Cache Stride Bucket -239 is equal to 119
Local Cache Stride Bucket -238 is equal to 49
Local Cache Stride Bucket -237 is equal to 25
Local Cache Stride Bucket -236 is equal to 19
Local Cache Stride Bucket -235 is equal to 34
Local Cache Stride Bucket -234 is equal to 36
Local Cache Stride Bucket -233 is equal to 62
Local Cache Stride Bucket -232 is equal to 176
Local Cache Stride Bucket -231 is equal to 132
Local Cache Stride Bucket -230 is equal to 52
Local Cache Stride Bucket -229 is equal to 25
Local Cache Stride Bucket -228 is equal to 27
Local Cache Stride Bucket -227 is equal to 37
Local Cache Stride Bucket -226 is equal to 44
Local Cache Stride Bucket -225 is equal to 44
Local Cache Stride Bucket -224 is equal to 81
Local Cache Stride Bucket -223 is equal to 49
Local Cache Stride Bucket -222 is equal to 21
Local Cache Stride Bucket -221 is equal to 30
Local Cache Stride Bucket -220 is equal to 14
Local Cache Stride Bucket -219 is equal to 76
Local Cache Stride Bucket -218 is equal to 29
Local Cache Stride Bucket -217 is equal to 30
Local Cache Stride Bucket -216 is equal to 30
Local Cache Stride Bucket -215 is equal to 49
Local Cache Stride Bucket -214 is equal to 11
Local Cache Stride Bucket -213 is equal to 63
Local Cache Stride Bucket -212 is equal to 31
Local Cache Stride Bucket -211 is equal to 38
Local Cache Stride Bucket -210 is equal to 21
Local Cache Stride Bucket -209 is equal to 120
Local Cache Stride Bucket -208 is equal to 144
Local Cache Stride Bucket -207 is equal to 49
Local Cache Stride Bucket -206 is equal to 41
Local Cache Stride Bucket -205 is equal to 83
Local Cache Stride Bucket -204 is equal to 21
Local Cache Stride Bucket -203 is equal to 22
Local Cache Stride Bucket -202 is equal to 25
Local Cache Stride Bucket -201 is equal to 62
Local Cache Stride Bucket -200 is equal to 52
Local Cache Stride Bucket -199 is equal to 21
Local Cache Stride Bucket -198 is equal to 29
Local Cache Stride Bucket -197 is equal to 29
Local Cache Stride Bucket -196 is equal to 59
Local Cache Stride Bucket -195 is equal to 67
Local Cache Stride Bucket -194 is equal to 17
Local Cache Stride Bucket -193 is equal to 89
Local Cache Stride Bucket -192 is equal to 190
Local Cache Stride Bucket -191 is equal to 48
Local Cache Stride Bucket -190 is equal to 18
Local Cache Stride Bucket -189 is equal to 31
Local Cache Stride Bucket -188 is equal to 34
Local Cache Stride Bucket -187 is equal to 20
Local Cache Stride Bucket -186 is equal to 21
Local Cache Stride Bucket -185 is equal to 26
Local Cache Stride Bucket -184 is equal to 38
Local Cache Stride Bucket -183 is equal to 18
Local Cache Stride Bucket -182 is equal to 205
Local Cache Stride Bucket -181 is equal to 21
Local Cache Stride Bucket -180 is equal to 31
Local Cache Stride Bucket -179 is equal to 38
Local Cache Stride Bucket -178 is equal to 21
Local Cache Stride Bucket -177 is equal to 35
Local Cache Stride Bucket -176 is equal to 32
Local Cache Stride Bucket -175 is equal to 47
Local Cache Stride Bucket -174 is equal to 18
Local Cache Stride Bucket -173 is equal to 57
Local Cache Stride Bucket -172 is equal to 65
Local Cache Stride Bucket -171 is equal to 74
Local Cache Stride Bucket -170 is equal to 58
Local Cache Stride Bucket -169 is equal to 42
Local Cache Stride Bucket -168 is equal to 64
Local Cache Stride Bucket -167 is equal to 15
Local Cache Stride Bucket -166 is equal to 18
Local Cache Stride Bucket -165 is equal to 28
Local Cache Stride Bucket -164 is equal to 56
Local Cache Stride Bucket -163 is equal to 107
Local Cache Stride Bucket -162 is equal to 60
Local Cache Stride Bucket -161 is equal to 66
Local Cache Stride Bucket -160 is equal to 67
Local Cache Stride Bucket -159 is equal to 38
Local Cache Stride Bucket -158 is equal to 173
Local Cache Stride Bucket -157 is equal to 95
Local Cache Stride Bucket -156 is equal to 30
Local Cache Stride Bucket -155 is equal to 62
Local Cache Stride Bucket -154 is equal to 46
Local Cache Stride Bucket -153 is equal to 172
Local Cache Stride Bucket -152 is equal to 77
Local Cache Stride Bucket -151 is equal to 32
Local Cache Stride Bucket -150 is equal to 29
Local Cache Stride Bucket -149 is equal to 39
Local Cache Stride Bucket -148 is equal to 51
Local Cache Stride Bucket -147 is equal to 88
Local Cache Stride Bucket -146 is equal to 45
Local Cache Stride Bucket -145 is equal to 49
Local Cache Stride Bucket -144 is equal to 90
Local Cache Stride Bucket -143 is equal to 66
Local Cache Stride Bucket -142 is equal to 35
Local Cache Stride Bucket -141 is equal to 58
Local Cache Stride Bucket -140 is equal to 40
Local Cache Stride Bucket -139 is equal to 29
Local Cache Stride Bucket -138 is equal to 51
Local Cache Stride Bucket -137 is equal to 77
Local Cache Stride Bucket -136 is equal to 74
Local Cache Stride Bucket -135 is equal to 29
Local Cache Stride Bucket -134 is equal to 71
Local Cache Stride Bucket -133 is equal to 78
Local Cache Stride Bucket -132 is equal to 84
Local Cache Stride Bucket -131 is equal to 39
Local Cache Stride Bucket -130 is equal to 123
Local Cache Stride Bucket -129 is equal to 5096
Local Cache Stride Bucket -128 is equal to 5275
Local Cache Stride Bucket -127 is equal to 58
Local Cache Stride Bucket -126 is equal to 69
Local Cache Stride Bucket -125 is equal to 80
Local Cache Stride Bucket -124 is equal to 46
Local Cache Stride Bucket -123 is equal to 50
Local Cache Stride Bucket -122 is equal to 111
Local Cache Stride Bucket -121 is equal to 79
Local Cache Stride Bucket -120 is equal to 96
Local Cache Stride Bucket -119 is equal to 97
Local Cache Stride Bucket -118 is equal to 1307
Local Cache Stride Bucket -117 is equal to 3850
Local Cache Stride Bucket -116 is equal to 68
Local Cache Stride Bucket -115 is equal to 98
Local Cache Stride Bucket -114 is equal to 43
Local Cache Stride Bucket -113 is equal to 100
Local Cache Stride Bucket -112 is equal to 128
Local Cache Stride Bucket -111 is equal to 68
Local Cache Stride Bucket -110 is equal to 1929
Local Cache Stride Bucket -109 is equal to 98
Local Cache Stride Bucket -108 is equal to 31
Local Cache Stride Bucket -107 is equal to 34
Local Cache Stride Bucket -106 is equal to 31
Local Cache Stride Bucket -105 is equal to 52
Local Cache Stride Bucket -104 is equal to 49
Local Cache Stride Bucket -103 is equal to 31
Local Cache Stride Bucket -102 is equal to 37
Local Cache Stride Bucket -101 is equal to 63
Local Cache Stride Bucket -100 is equal to 39
Local Cache Stride Bucket -99 is equal to 68
Local Cache Stride Bucket -98 is equal to 51
Local Cache Stride Bucket -97 is equal to 265
Local Cache Stride Bucket -96 is equal to 180
Local Cache Stride Bucket -95 is equal to 34
Local Cache Stride Bucket -94 is equal to 50
Local Cache Stride Bucket -93 is equal to 96
Local Cache Stride Bucket -92 is equal to 54
Local Cache Stride Bucket -91 is equal to 40
Local Cache Stride Bucket -90 is equal to 51
Local Cache Stride Bucket -89 is equal to 43
Local Cache Stride Bucket -88 is equal to 84
Local Cache Stride Bucket -87 is equal to 222
Local Cache Stride Bucket -86 is equal to 40
Local Cache Stride Bucket -85 is equal to 82
Local Cache Stride Bucket -84 is equal to 697
Local Cache Stride Bucket -83 is equal to 175
Local Cache Stride Bucket -82 is equal to 71
Local Cache Stride Bucket -81 is equal to 149
Local Cache Stride Bucket -80 is equal to 42
Local Cache Stride Bucket -79 is equal to 103
Local Cache Stride Bucket -78 is equal to 55
Local Cache Stride Bucket -77 is equal to 31
Local Cache Stride Bucket -76 is equal to 181
Local Cache Stride Bucket -75 is equal to 165
Local Cache Stride Bucket -74 is equal to 74
Local Cache Stride Bucket -73 is equal to 90
Local Cache Stride Bucket -72 is equal to 71
Local Cache Stride Bucket -71 is equal to 59
Local Cache Stride Bucket -70 is equal to 53
Local Cache Stride Bucket -69 is equal to 87
Local Cache Stride Bucket -68 is equal to 40
Local Cache Stride Bucket -67 is equal to 31
Local Cache Stride Bucket -66 is equal to 62
Local Cache Stride Bucket -65 is equal to 156
Local Cache Stride Bucket -64 is equal to 382
Local Cache Stride Bucket -63 is equal to 296
Local Cache Stride Bucket -62 is equal to 222
Local Cache Stride Bucket -61 is equal to 124
Local Cache Stride Bucket -60 is equal to 53
Local Cache Stride Bucket -59 is equal to 122
Local Cache Stride Bucket -58 is equal to 95
Local Cache Stride Bucket -57 is equal to 122
Local Cache Stride Bucket -56 is equal to 87
Local Cache Stride Bucket -55 is equal to 169
Local Cache Stride Bucket -54 is equal to 114
Local Cache Stride Bucket -53 is equal to 92
Local Cache Stride Bucket -52 is equal to 98
Local Cache Stride Bucket -51 is equal to 156
Local Cache Stride Bucket -50 is equal to 580
Local Cache Stride Bucket -49 is equal to 527
Local Cache Stride Bucket -48 is equal to 430
Local Cache Stride Bucket -47 is equal to 301
Local Cache Stride Bucket -46 is equal to 313
Local Cache Stride Bucket -45 is equal to 314
Local Cache Stride Bucket -44 is equal to 1080
Local Cache Stride Bucket -43 is equal to 1107
Local Cache Stride Bucket -42 is equal to 3512
Local Cache Stride Bucket -41 is equal to 3163
Local Cache Stride Bucket -40 is equal to 3573
Local Cache Stride Bucket -39 is equal to 4027
Local Cache Stride Bucket -38 is equal to 4896
Local Cache Stride Bucket -37 is equal to 3918
Local Cache Stride Bucket -36 is equal to 1987
Local Cache Stride Bucket -35 is equal to 556
Local Cache Stride Bucket -34 is equal to 192
Local Cache Stride Bucket -33 is equal to 326
Local Cache Stride Bucket -32 is equal to 61
Local Cache Stride Bucket -31 is equal to 44
Local Cache Stride Bucket -30 is equal to 243
Local Cache Stride Bucket -29 is equal to 230
Local Cache Stride Bucket -28 is equal to 56
Local Cache Stride Bucket -27 is equal to 63
Local Cache Stride Bucket -26 is equal to 823
Local Cache Stride Bucket -25 is equal to 1121
Local Cache Stride Bucket -24 is equal to 1897
Local Cache Stride Bucket -23 is equal to 272
Local Cache Stride Bucket -22 is equal to 277
Local Cache Stride Bucket -21 is equal to 5660
Local Cache Stride Bucket -20 is equal to 1350
Local Cache Stride Bucket -19 is equal to 368
Local Cache Stride Bucket -18 is equal to 4129
Local Cache Stride Bucket -17 is equal to 5933
Local Cache Stride Bucket -16 is equal to 862
Local Cache Stride Bucket -15 is equal to 1447
Local Cache Stride Bucket -14 is equal to 46879
Local Cache Stride Bucket -13 is equal to 67648
Local Cache Stride Bucket -12 is equal to 123969
Local Cache Stride Bucket -11 is equal to 82458
Local Cache Stride Bucket -10 is equal to 6514
Local Cache Stride Bucket -9 is equal to 1068
Local Cache Stride Bucket -8 is equal to 5621
Local Cache Stride Bucket -7 is equal to 19269
Local Cache Stride Bucket -6 is equal to 55193
Local Cache Stride Bucket -5 is equal to 133232
Local Cache Stride Bucket -4 is equal to 239953
Local Cache Stride Bucket -3 is equal to 396389
Local Cache Stride Bucket -2 is equal to 607903
Local Cache Stride Bucket -1 is equal to 2299738
Local Cache Stride Bucket 0 is equal to 25659454
Local Cache Stride Bucket 1 is equal to 2728917
Local Cache Stride Bucket 2 is equal to 589003
Local Cache Stride Bucket 3 is equal to 340106
Local Cache Stride Bucket 4 is equal to 211556
Local Cache Stride Bucket 5 is equal to 107404
Local Cache Stride Bucket 6 is equal to 51593
Local Cache Stride Bucket 7 is equal to 25476
Local Cache Stride Bucket 8 is equal to 6120
Local Cache Stride Bucket 9 is equal to 609
Local Cache Stride Bucket 10 is equal to 11757
Local Cache Stride Bucket 11 is equal to 94392
Local Cache Stride Bucket 12 is equal to 124510
Local Cache Stride Bucket 13 is equal to 76607
Local Cache Stride Bucket 14 is equal to 103028
Local Cache Stride Bucket 15 is equal to 1199
Local Cache Stride Bucket 16 is equal to 700
Local Cache Stride Bucket 17 is equal to 5783
Local Cache Stride Bucket 18 is equal to 5411
Local Cache Stride Bucket 19 is equal to 3051
Local Cache Stride Bucket 20 is equal to 340
Local Cache Stride Bucket 21 is equal to 109
Local Cache Stride Bucket 22 is equal to 2106
Local Cache Stride Bucket 23 is equal to 2905
Local Cache Stride Bucket 24 is equal to 93
Local Cache Stride Bucket 25 is equal to 132
Local Cache Stride Bucket 26 is equal to 7718
Local Cache Stride Bucket 27 is equal to 4411
Local Cache Stride Bucket 28 is equal to 7337
Local Cache Stride Bucket 29 is equal to 1878
Local Cache Stride Bucket 30 is equal to 2164
Local Cache Stride Bucket 31 is equal to 893
Local Cache Stride Bucket 32 is equal to 1351
Local Cache Stride Bucket 33 is equal to 191
Local Cache Stride Bucket 34 is equal to 1157
Local Cache Stride Bucket 35 is equal to 479
Local Cache Stride Bucket 36 is equal to 1952
Local Cache Stride Bucket 37 is equal to 3003
Local Cache Stride Bucket 38 is equal to 2214
Local Cache Stride Bucket 39 is equal to 157
Local Cache Stride Bucket 40 is equal to 292
Local Cache Stride Bucket 41 is equal to 170
Local Cache Stride Bucket 42 is equal to 406
Local Cache Stride Bucket 43 is equal to 1967
Local Cache Stride Bucket 44 is equal to 4693
Local Cache Stride Bucket 45 is equal to 78
Local Cache Stride Bucket 46 is equal to 113
Local Cache Stride Bucket 47 is equal to 137
Local Cache Stride Bucket 48 is equal to 192
Local Cache Stride Bucket 49 is equal to 136
Local Cache Stride Bucket 50 is equal to 46
Local Cache Stride Bucket 51 is equal to 88
Local Cache Stride Bucket 52 is equal to 66
Local Cache Stride Bucket 53 is equal to 757
Local Cache Stride Bucket 54 is equal to 204
Local Cache Stride Bucket 55 is equal to 114
Local Cache Stride Bucket 56 is equal to 126
Local Cache Stride Bucket 57 is equal to 523
Local Cache Stride Bucket 58 is equal to 165
Local Cache Stride Bucket 59 is equal to 75
Local Cache Stride Bucket 60 is equal to 85
Local Cache Stride Bucket 61 is equal to 63
Local Cache Stride Bucket 62 is equal to 56
Local Cache Stride Bucket 63 is equal to 86
Local Cache Stride Bucket 64 is equal to 243
Local Cache Stride Bucket 65 is equal to 107
Local Cache Stride Bucket 66 is equal to 82
Local Cache Stride Bucket 67 is equal to 47
Local Cache Stride Bucket 68 is equal to 37
Local Cache Stride Bucket 69 is equal to 74
Local Cache Stride Bucket 70 is equal to 58
Local Cache Stride Bucket 71 is equal to 49
Local Cache Stride Bucket 72 is equal to 73
Local Cache Stride Bucket 73 is equal to 2619
Local Cache Stride Bucket 74 is equal to 51
Local Cache Stride Bucket 75 is equal to 82
Local Cache Stride Bucket 76 is equal to 104
Local Cache Stride Bucket 77 is equal to 33
Local Cache Stride Bucket 78 is equal to 34
Local Cache Stride Bucket 79 is equal to 124
Local Cache Stride Bucket 80 is equal to 137
Local Cache Stride Bucket 81 is equal to 177
Local Cache Stride Bucket 82 is equal to 22
Local Cache Stride Bucket 83 is equal to 82
Local Cache Stride Bucket 84 is equal to 94
Local Cache Stride Bucket 85 is equal to 83
Local Cache Stride Bucket 86 is equal to 754
Local Cache Stride Bucket 87 is equal to 267
Local Cache Stride Bucket 88 is equal to 66
Local Cache Stride Bucket 89 is equal to 36
Local Cache Stride Bucket 90 is equal to 34
Local Cache Stride Bucket 91 is equal to 106
Local Cache Stride Bucket 92 is equal to 108
Local Cache Stride Bucket 93 is equal to 79
Local Cache Stride Bucket 94 is equal to 59
Local Cache Stride Bucket 95 is equal to 39
Local Cache Stride Bucket 96 is equal to 205
Local Cache Stride Bucket 97 is equal to 211
Local Cache Stride Bucket 98 is equal to 57
Local Cache Stride Bucket 99 is equal to 71
Local Cache Stride Bucket 100 is equal to 33
Local Cache Stride Bucket 101 is equal to 66
Local Cache Stride Bucket 102 is equal to 50
Local Cache Stride Bucket 103 is equal to 34
Local Cache Stride Bucket 104 is equal to 73
Local Cache Stride Bucket 105 is equal to 44
Local Cache Stride Bucket 106 is equal to 57
Local Cache Stride Bucket 107 is equal to 41
Local Cache Stride Bucket 108 is equal to 20
Local Cache Stride Bucket 109 is equal to 72
Local Cache Stride Bucket 110 is equal to 1933
Local Cache Stride Bucket 111 is equal to 48
Local Cache Stride Bucket 112 is equal to 56
Local Cache Stride Bucket 113 is equal to 94
Local Cache Stride Bucket 114 is equal to 30
Local Cache Stride Bucket 115 is equal to 44
Local Cache Stride Bucket 116 is equal to 117
Local Cache Stride Bucket 117 is equal to 93
Local Cache Stride Bucket 118 is equal to 32
Local Cache Stride Bucket 119 is equal to 24
Local Cache Stride Bucket 120 is equal to 71
Local Cache Stride Bucket 121 is equal to 26
Local Cache Stride Bucket 122 is equal to 33
Local Cache Stride Bucket 123 is equal to 28
Local Cache Stride Bucket 124 is equal to 62
Local Cache Stride Bucket 125 is equal to 87
Local Cache Stride Bucket 126 is equal to 50
Local Cache Stride Bucket 127 is equal to 35
Local Cache Stride Bucket 128 is equal to 304
Local Cache Stride Bucket 129 is equal to 118
Local Cache Stride Bucket 130 is equal to 87
Local Cache Stride Bucket 131 is equal to 1201
Local Cache Stride Bucket 132 is equal to 8351
Local Cache Stride Bucket 133 is equal to 32
Local Cache Stride Bucket 134 is equal to 66
Local Cache Stride Bucket 135 is equal to 48
Local Cache Stride Bucket 136 is equal to 80
Local Cache Stride Bucket 137 is equal to 87
Local Cache Stride Bucket 138 is equal to 42
Local Cache Stride Bucket 139 is equal to 25
Local Cache Stride Bucket 140 is equal to 46
Local Cache Stride Bucket 141 is equal to 52
Local Cache Stride Bucket 142 is equal to 62
Local Cache Stride Bucket 143 is equal to 59
Local Cache Stride Bucket 144 is equal to 63
Local Cache Stride Bucket 145 is equal to 136
Local Cache Stride Bucket 146 is equal to 41
Local Cache Stride Bucket 147 is equal to 101
Local Cache Stride Bucket 148 is equal to 108
Local Cache Stride Bucket 149 is equal to 36
Local Cache Stride Bucket 150 is equal to 15
Local Cache Stride Bucket 151 is equal to 49
Local Cache Stride Bucket 152 is equal to 103
Local Cache Stride Bucket 153 is equal to 257
Local Cache Stride Bucket 154 is equal to 24
Local Cache Stride Bucket 155 is equal to 53
Local Cache Stride Bucket 156 is equal to 343
Local Cache Stride Bucket 157 is equal to 44
Local Cache Stride Bucket 158 is equal to 102
Local Cache Stride Bucket 159 is equal to 62
Local Cache Stride Bucket 160 is equal to 60
Local Cache Stride Bucket 161 is equal to 37
Local Cache Stride Bucket 162 is equal to 90
Local Cache Stride Bucket 163 is equal to 136
Local Cache Stride Bucket 164 is equal to 50
Local Cache Stride Bucket 165 is equal to 29
Local Cache Stride Bucket 166 is equal to 21
Local Cache Stride Bucket 167 is equal to 12
Local Cache Stride Bucket 168 is equal to 49
Local Cache Stride Bucket 169 is equal to 36
Local Cache Stride Bucket 170 is equal to 27
Local Cache Stride Bucket 171 is equal to 61
Local Cache Stride Bucket 172 is equal to 64
Local Cache Stride Bucket 173 is equal to 50
Local Cache Stride Bucket 174 is equal to 20
Local Cache Stride Bucket 175 is equal to 38
Local Cache Stride Bucket 176 is equal to 44
Local Cache Stride Bucket 177 is equal to 60
Local Cache Stride Bucket 178 is equal to 40
Local Cache Stride Bucket 179 is equal to 39
Local Cache Stride Bucket 180 is equal to 27
Local Cache Stride Bucket 181 is equal to 20
Local Cache Stride Bucket 182 is equal to 24
Local Cache Stride Bucket 183 is equal to 20
Local Cache Stride Bucket 184 is equal to 56
Local Cache Stride Bucket 185 is equal to 10
Local Cache Stride Bucket 186 is equal to 19
Local Cache Stride Bucket 187 is equal to 21
Local Cache Stride Bucket 188 is equal to 35
Local Cache Stride Bucket 189 is equal to 18
Local Cache Stride Bucket 190 is equal to 8
Local Cache Stride Bucket 191 is equal to 51
Local Cache Stride Bucket 192 is equal to 125
Local Cache Stride Bucket 193 is equal to 40
Local Cache Stride Bucket 194 is equal to 13
Local Cache Stride Bucket 195 is equal to 58
Local Cache Stride Bucket 196 is equal to 43
Local Cache Stride Bucket 197 is equal to 34
Local Cache Stride Bucket 198 is equal to 35
Local Cache Stride Bucket 199 is equal to 18
Local Cache Stride Bucket 200 is equal to 40
Local Cache Stride Bucket 201 is equal to 48
Local Cache Stride Bucket 202 is equal to 21
Local Cache Stride Bucket 203 is equal to 20
Local Cache Stride Bucket 204 is equal to 26
Local Cache Stride Bucket 205 is equal to 66
Local Cache Stride Bucket 206 is equal to 42
Local Cache Stride Bucket 207 is equal to 50
Local Cache Stride Bucket 208 is equal to 121
Local Cache Stride Bucket 209 is equal to 32
Local Cache Stride Bucket 210 is equal to 27
Local Cache Stride Bucket 211 is equal to 44
Local Cache Stride Bucket 212 is equal to 21
Local Cache Stride Bucket 213 is equal to 58
Local Cache Stride Bucket 214 is equal to 12
Local Cache Stride Bucket 215 is equal to 48
Local Cache Stride Bucket 216 is equal to 24
Local Cache Stride Bucket 217 is equal to 32
Local Cache Stride Bucket 218 is equal to 36
Local Cache Stride Bucket 219 is equal to 41
Local Cache Stride Bucket 220 is equal to 27
Local Cache Stride Bucket 221 is equal to 23
Local Cache Stride Bucket 222 is equal to 60
Local Cache Stride Bucket 223 is equal to 26
Local Cache Stride Bucket 224 is equal to 55
Local Cache Stride Bucket 225 is equal to 31
Local Cache Stride Bucket 226 is equal to 692
Local Cache Stride Bucket 227 is equal to 50
Local Cache Stride Bucket 228 is equal to 40
Local Cache Stride Bucket 229 is equal to 44
Local Cache Stride Bucket 230 is equal to 78
Local Cache Stride Bucket 231 is equal to 45
Local Cache Stride Bucket 232 is equal to 113
Local Cache Stride Bucket 233 is equal to 54
Local Cache Stride Bucket 234 is equal to 45
Local Cache Stride Bucket 235 is equal to 26
Local Cache Stride Bucket 236 is equal to 21
Local Cache Stride Bucket 237 is equal to 37
Local Cache Stride Bucket 238 is equal to 37
Local Cache Stride Bucket 239 is equal to 46
Local Cache Stride Bucket 240 is equal to 43
Local Cache Stride Bucket 241 is equal to 32
Local Cache Stride Bucket 242 is equal to 46
Local Cache Stride Bucket 243 is equal to 64
Local Cache Stride Bucket 244 is equal to 29
Local Cache Stride Bucket 245 is equal to 24
Local Cache Stride Bucket 246 is equal to 21
Local Cache Stride Bucket 247 is equal to 29
Local Cache Stride Bucket 248 is equal to 39
Local Cache Stride Bucket 249 is equal to 33
Local Cache Stride Bucket 250 is equal to 39
Local Cache Stride Bucket 251 is equal to 31
Local Cache Stride Bucket 252 is equal to 128
Local Cache Stride Bucket 253 is equal to 42
Local Cache Stride Bucket 254 is equal to 268
Local Cache Stride Bucket 255 is equal to 38
Local Cache Stride Bucket 256 is equal to 198183


Global LD ST Byte Stride Bucket -256 is equal to 9738956
Global LD ST Byte Stride Bucket -248 is equal to 8877
Global LD ST Byte Stride Bucket -244 is equal to 4
Global LD ST Byte Stride Bucket -240 is equal to 38
Global LD ST Byte Stride Bucket -234 is equal to 1
Global LD ST Byte Stride Bucket -232 is equal to 6
Global LD ST Byte Stride Bucket -228 is equal to 33
Global LD ST Byte Stride Bucket -224 is equal to 29
Global LD ST Byte Stride Bucket -216 is equal to 22900
Global LD ST Byte Stride Bucket -208 is equal to 24
Global LD ST Byte Stride Bucket -204 is equal to 1
Global LD ST Byte Stride Bucket -200 is equal to 26
Global LD ST Byte Stride Bucket -192 is equal to 49
Global LD ST Byte Stride Bucket -190 is equal to 11
Global LD ST Byte Stride Bucket -188 is equal to 9816
Global LD ST Byte Stride Bucket -186 is equal to 44
Global LD ST Byte Stride Bucket -184 is equal to 5986
Global LD ST Byte Stride Bucket -182 is equal to 51
Global LD ST Byte Stride Bucket -180 is equal to 113
Global LD ST Byte Stride Bucket -178 is equal to 88
Global LD ST Byte Stride Bucket -176 is equal to 44332
Global LD ST Byte Stride Bucket -174 is equal to 78
Global LD ST Byte Stride Bucket -172 is equal to 60
Global LD ST Byte Stride Bucket -170 is equal to 55
Global LD ST Byte Stride Bucket -168 is equal to 4591
Global LD ST Byte Stride Bucket -166 is equal to 42
Global LD ST Byte Stride Bucket -164 is equal to 694
Global LD ST Byte Stride Bucket -162 is equal to 82
Global LD ST Byte Stride Bucket -160 is equal to 7617
Global LD ST Byte Stride Bucket -158 is equal to 145
Global LD ST Byte Stride Bucket -156 is equal to 98
Global LD ST Byte Stride Bucket -154 is equal to 103
Global LD ST Byte Stride Bucket -152 is equal to 100
Global LD ST Byte Stride Bucket -150 is equal to 84
Global LD ST Byte Stride Bucket -148 is equal to 149
Global LD ST Byte Stride Bucket -146 is equal to 158
Global LD ST Byte Stride Bucket -144 is equal to 1312
Global LD ST Byte Stride Bucket -142 is equal to 54
Global LD ST Byte Stride Bucket -140 is equal to 180
Global LD ST Byte Stride Bucket -139 is equal to 4
Global LD ST Byte Stride Bucket -138 is equal to 63
Global LD ST Byte Stride Bucket -136 is equal to 214
Global LD ST Byte Stride Bucket -135 is equal to 1
Global LD ST Byte Stride Bucket -134 is equal to 145
Global LD ST Byte Stride Bucket -132 is equal to 409
Global LD ST Byte Stride Bucket -130 is equal to 152
Global LD ST Byte Stride Bucket -128 is equal to 770
Global LD ST Byte Stride Bucket -127 is equal to 1
Global LD ST Byte Stride Bucket -126 is equal to 137
Global LD ST Byte Stride Bucket -124 is equal to 2107
Global LD ST Byte Stride Bucket -122 is equal to 138
Global LD ST Byte Stride Bucket -120 is equal to 8710
Global LD ST Byte Stride Bucket -118 is equal to 36
Global LD ST Byte Stride Bucket -116 is equal to 7020
Global LD ST Byte Stride Bucket -114 is equal to 101
Global LD ST Byte Stride Bucket -112 is equal to 7671
Global LD ST Byte Stride Bucket -110 is equal to 246
Global LD ST Byte Stride Bucket -108 is equal to 5171
Global LD ST Byte Stride Bucket -106 is equal to 126
Global LD ST Byte Stride Bucket -104 is equal to 6111
Global LD ST Byte Stride Bucket -102 is equal to 138
Global LD ST Byte Stride Bucket -100 is equal to 3072
Global LD ST Byte Stride Bucket -98 is equal to 164
Global LD ST Byte Stride Bucket -96 is equal to 145921
Global LD ST Byte Stride Bucket -94 is equal to 576
Global LD ST Byte Stride Bucket -92 is equal to 6809
Global LD ST Byte Stride Bucket -90 is equal to 1087
Global LD ST Byte Stride Bucket -88 is equal to 62511
Global LD ST Byte Stride Bucket -86 is equal to 1035
Global LD ST Byte Stride Bucket -84 is equal to 7144
Global LD ST Byte Stride Bucket -82 is equal to 569
Global LD ST Byte Stride Bucket -80 is equal to 69353
Global LD ST Byte Stride Bucket -78 is equal to 264
Global LD ST Byte Stride Bucket -77 is equal to 1
Global LD ST Byte Stride Bucket -76 is equal to 2961
Global LD ST Byte Stride Bucket -74 is equal to 291
Global LD ST Byte Stride Bucket -72 is equal to 4265
Global LD ST Byte Stride Bucket -70 is equal to 716
Global LD ST Byte Stride Bucket -68 is equal to 9213
Global LD ST Byte Stride Bucket -66 is equal to 1859
Global LD ST Byte Stride Bucket -64 is equal to 12382
Global LD ST Byte Stride Bucket -62 is equal to 980
Global LD ST Byte Stride Bucket -60 is equal to 50130
Global LD ST Byte Stride Bucket -58 is equal to 204
Global LD ST Byte Stride Bucket -56 is equal to 184786
Global LD ST Byte Stride Bucket -54 is equal to 160
Global LD ST Byte Stride Bucket -52 is equal to 132134
Global LD ST Byte Stride Bucket -50 is equal to 1423
Global LD ST Byte Stride Bucket -49 is equal to 1
Global LD ST Byte Stride Bucket -48 is equal to 67237
Global LD ST Byte Stride Bucket -47 is equal to 1
Global LD ST Byte Stride Bucket -46 is equal to 2284
Global LD ST Byte Stride Bucket -44 is equal to 7244
Global LD ST Byte Stride Bucket -43 is equal to 1
Global LD ST Byte Stride Bucket -42 is equal to 1783
Global LD ST Byte Stride Bucket -40 is equal to 60449
Global LD ST Byte Stride Bucket -39 is equal to 2
Global LD ST Byte Stride Bucket -38 is equal to 289
Global LD ST Byte Stride Bucket -36 is equal to 103619
Global LD ST Byte Stride Bucket -34 is equal to 186
Global LD ST Byte Stride Bucket -33 is equal to 1
Global LD ST Byte Stride Bucket -32 is equal to 149727
Global LD ST Byte Stride Bucket -30 is equal to 247
Global LD ST Byte Stride Bucket -28 is equal to 29546
Global LD ST Byte Stride Bucket -26 is equal to 1649
Global LD ST Byte Stride Bucket -24 is equal to 233808
Global LD ST Byte Stride Bucket -23 is equal to 1
Global LD ST Byte Stride Bucket -22 is equal to 21435
Global LD ST Byte Stride Bucket -20 is equal to 151370
Global LD ST Byte Stride Bucket -18 is equal to 2465
Global LD ST Byte Stride Bucket -16 is equal to 226316
Global LD ST Byte Stride Bucket -14 is equal to 367
Global LD ST Byte Stride Bucket -12 is equal to 342859
Global LD ST Byte Stride Bucket -10 is equal to 553
Global LD ST Byte Stride Bucket -9 is equal to 12
Global LD ST Byte Stride Bucket -8 is equal to 2181722
Global LD ST Byte Stride Bucket -6 is equal to 715
Global LD ST Byte Stride Bucket -5 is equal to 1
Global LD ST Byte Stride Bucket -4 is equal to 1054660
Global LD ST Byte Stride Bucket -2 is equal to 18248
Global LD ST Byte Stride Bucket -1 is equal to 1
Global LD ST Byte Stride Bucket 0 is equal to 2528684
Global LD ST Byte Stride Bucket 1 is equal to 5
Global LD ST Byte Stride Bucket 2 is equal to 20665
Global LD ST Byte Stride Bucket 4 is equal to 1423672
Global LD ST Byte Stride Bucket 6 is equal to 733
Global LD ST Byte Stride Bucket 7 is equal to 1
Global LD ST Byte Stride Bucket 8 is equal to 2812365
Global LD ST Byte Stride Bucket 9 is equal to 630
Global LD ST Byte Stride Bucket 10 is equal to 356
Global LD ST Byte Stride Bucket 12 is equal to 108186
Global LD ST Byte Stride Bucket 14 is equal to 318
Global LD ST Byte Stride Bucket 15 is equal to 1
Global LD ST Byte Stride Bucket 16 is equal to 367500
Global LD ST Byte Stride Bucket 18 is equal to 947
Global LD ST Byte Stride Bucket 20 is equal to 133606
Global LD ST Byte Stride Bucket 22 is equal to 23461
Global LD ST Byte Stride Bucket 24 is equal to 206758
Global LD ST Byte Stride Bucket 25 is equal to 1
Global LD ST Byte Stride Bucket 26 is equal to 1687
Global LD ST Byte Stride Bucket 27 is equal to 1
Global LD ST Byte Stride Bucket 28 is equal to 26998
Global LD ST Byte Stride Bucket 30 is equal to 376
Global LD ST Byte Stride Bucket 32 is equal to 119280
Global LD ST Byte Stride Bucket 33 is equal to 1
Global LD ST Byte Stride Bucket 34 is equal to 158
Global LD ST Byte Stride Bucket 36 is equal to 280924
Global LD ST Byte Stride Bucket 38 is equal to 314
Global LD ST Byte Stride Bucket 40 is equal to 69553
Global LD ST Byte Stride Bucket 42 is equal to 804
Global LD ST Byte Stride Bucket 44 is equal to 147313
Global LD ST Byte Stride Bucket 46 is equal to 2427
Global LD ST Byte Stride Bucket 47 is equal to 1
Global LD ST Byte Stride Bucket 48 is equal to 93078
Global LD ST Byte Stride Bucket 50 is equal to 497
Global LD ST Byte Stride Bucket 51 is equal to 4
Global LD ST Byte Stride Bucket 52 is equal to 150415
Global LD ST Byte Stride Bucket 53 is equal to 4
Global LD ST Byte Stride Bucket 54 is equal to 217
Global LD ST Byte Stride Bucket 56 is equal to 37302
Global LD ST Byte Stride Bucket 57 is equal to 12
Global LD ST Byte Stride Bucket 58 is equal to 91
Global LD ST Byte Stride Bucket 60 is equal to 6898
Global LD ST Byte Stride Bucket 62 is equal to 807
Global LD ST Byte Stride Bucket 64 is equal to 10484
Global LD ST Byte Stride Bucket 66 is equal to 726
Global LD ST Byte Stride Bucket 68 is equal to 1110
Global LD ST Byte Stride Bucket 70 is equal to 560
Global LD ST Byte Stride Bucket 72 is equal to 1257
Global LD ST Byte Stride Bucket 74 is equal to 368
Global LD ST Byte Stride Bucket 76 is equal to 216
Global LD ST Byte Stride Bucket 78 is equal to 244
Global LD ST Byte Stride Bucket 80 is equal to 136
Global LD ST Byte Stride Bucket 82 is equal to 342
Global LD ST Byte Stride Bucket 84 is equal to 144394
Global LD ST Byte Stride Bucket 86 is equal to 254
Global LD ST Byte Stride Bucket 88 is equal to 59376
Global LD ST Byte Stride Bucket 90 is equal to 377
Global LD ST Byte Stride Bucket 92 is equal to 280
Global LD ST Byte Stride Bucket 94 is equal to 451
Global LD ST Byte Stride Bucket 96 is equal to 1002
Global LD ST Byte Stride Bucket 98 is equal to 324
Global LD ST Byte Stride Bucket 100 is equal to 120
Global LD ST Byte Stride Bucket 102 is equal to 158
Global LD ST Byte Stride Bucket 104 is equal to 1106
Global LD ST Byte Stride Bucket 106 is equal to 77
Global LD ST Byte Stride Bucket 107 is equal to 4
Global LD ST Byte Stride Bucket 108 is equal to 98
Global LD ST Byte Stride Bucket 110 is equal to 119
Global LD ST Byte Stride Bucket 112 is equal to 408
Global LD ST Byte Stride Bucket 114 is equal to 86
Global LD ST Byte Stride Bucket 116 is equal to 91
Global LD ST Byte Stride Bucket 118 is equal to 72
Global LD ST Byte Stride Bucket 120 is equal to 279
Global LD ST Byte Stride Bucket 122 is equal to 164
Global LD ST Byte Stride Bucket 124 is equal to 434
Global LD ST Byte Stride Bucket 126 is equal to 72
Global LD ST Byte Stride Bucket 128 is equal to 197
Global LD ST Byte Stride Bucket 130 is equal to 123
Global LD ST Byte Stride Bucket 132 is equal to 145
Global LD ST Byte Stride Bucket 134 is equal to 103
Global LD ST Byte Stride Bucket 136 is equal to 497
Global LD ST Byte Stride Bucket 138 is equal to 58
Global LD ST Byte Stride Bucket 140 is equal to 55
Global LD ST Byte Stride Bucket 142 is equal to 50
Global LD ST Byte Stride Bucket 144 is equal to 125
Global LD ST Byte Stride Bucket 146 is equal to 295
Global LD ST Byte Stride Bucket 148 is equal to 109
Global LD ST Byte Stride Bucket 150 is equal to 110
Global LD ST Byte Stride Bucket 152 is equal to 127
Global LD ST Byte Stride Bucket 154 is equal to 159
Global LD ST Byte Stride Bucket 156 is equal to 117
Global LD ST Byte Stride Bucket 158 is equal to 72
Global LD ST Byte Stride Bucket 160 is equal to 9900
Global LD ST Byte Stride Bucket 162 is equal to 70
Global LD ST Byte Stride Bucket 164 is equal to 88
Global LD ST Byte Stride Bucket 166 is equal to 94
Global LD ST Byte Stride Bucket 168 is equal to 119
Global LD ST Byte Stride Bucket 170 is equal to 88
Global LD ST Byte Stride Bucket 172 is equal to 77
Global LD ST Byte Stride Bucket 174 is equal to 101
Global LD ST Byte Stride Bucket 176 is equal to 12915
Global LD ST Byte Stride Bucket 178 is equal to 119
Global LD ST Byte Stride Bucket 180 is equal to 96
Global LD ST Byte Stride Bucket 182 is equal to 70
Global LD ST Byte Stride Bucket 184 is equal to 40215
Global LD ST Byte Stride Bucket 186 is equal to 31
Global LD ST Byte Stride Bucket 188 is equal to 29
Global LD ST Byte Stride Bucket 190 is equal to 20
Global LD ST Byte Stride Bucket 192 is equal to 26
Global LD ST Byte Stride Bucket 200 is equal to 9832
Global LD ST Byte Stride Bucket 208 is equal to 36
Global LD ST Byte Stride Bucket 216 is equal to 14
Global LD ST Byte Stride Bucket 224 is equal to 24537
Global LD ST Byte Stride Bucket 232 is equal to 27
Global LD ST Byte Stride Bucket 236 is equal to 1
Global LD ST Byte Stride Bucket 240 is equal to 34
Global LD ST Byte Stride Bucket 248 is equal to 3723
Global LD ST Byte Stride Bucket 256 is equal to 10656817

Global LD ST Cache Stride Bucket -256 is equal to 1964562
Global LD ST Cache Stride Bucket -254 is equal to 2
Global LD ST Cache Stride Bucket -251 is equal to 3
Global LD ST Cache Stride Bucket -245 is equal to 2
Global LD ST Cache Stride Bucket -240 is equal to 2
Global LD ST Cache Stride Bucket -239 is equal to 1
Global LD ST Cache Stride Bucket -238 is equal to 1
Global LD ST Cache Stride Bucket -237 is equal to 2
Global LD ST Cache Stride Bucket -236 is equal to 1
Global LD ST Cache Stride Bucket -235 is equal to 11
Global LD ST Cache Stride Bucket -234 is equal to 11
Global LD ST Cache Stride Bucket -233 is equal to 1
Global LD ST Cache Stride Bucket -232 is equal to 1
Global LD ST Cache Stride Bucket -226 is equal to 2
Global LD ST Cache Stride Bucket -222 is equal to 2
Global LD ST Cache Stride Bucket -219 is equal to 15
Global LD ST Cache Stride Bucket -218 is equal to 8
Global LD ST Cache Stride Bucket -214 is equal to 4
Global LD ST Cache Stride Bucket -213 is equal to 2
Global LD ST Cache Stride Bucket -211 is equal to 2
Global LD ST Cache Stride Bucket -202 is equal to 10
Global LD ST Cache Stride Bucket -201 is equal to 10
Global LD ST Cache Stride Bucket -200 is equal to 2
Global LD ST Cache Stride Bucket -199 is equal to 1
Global LD ST Cache Stride Bucket -197 is equal to 4
Global LD ST Cache Stride Bucket -194 is equal to 1
Global LD ST Cache Stride Bucket -193 is equal to 1
Global LD ST Cache Stride Bucket -192 is equal to 1
Global LD ST Cache Stride Bucket -190 is equal to 80
Global LD ST Cache Stride Bucket -188 is equal to 2
Global LD ST Cache Stride Bucket -187 is equal to 4
Global LD ST Cache Stride Bucket -181 is equal to 1
Global LD ST Cache Stride Bucket -180 is equal to 3
Global LD ST Cache Stride Bucket -178 is equal to 155
Global LD ST Cache Stride Bucket -175 is equal to 18
Global LD ST Cache Stride Bucket -174 is equal to 5
Global LD ST Cache Stride Bucket -173 is equal to 1
Global LD ST Cache Stride Bucket -170 is equal to 2
Global LD ST Cache Stride Bucket -169 is equal to 1
Global LD ST Cache Stride Bucket -168 is equal to 1
Global LD ST Cache Stride Bucket -165 is equal to 86
Global LD ST Cache Stride Bucket -163 is equal to 32
Global LD ST Cache Stride Bucket -160 is equal to 2
Global LD ST Cache Stride Bucket -158 is equal to 157
Global LD ST Cache Stride Bucket -157 is equal to 6932
Global LD ST Cache Stride Bucket -156 is equal to 76026
Global LD ST Cache Stride Bucket -155 is equal to 80867
Global LD ST Cache Stride Bucket -154 is equal to 64120
Global LD ST Cache Stride Bucket -153 is equal to 76023
Global LD ST Cache Stride Bucket -152 is equal to 159390
Global LD ST Cache Stride Bucket -151 is equal to 189577
Global LD ST Cache Stride Bucket -150 is equal to 128982
Global LD ST Cache Stride Bucket -149 is equal to 167144
Global LD ST Cache Stride Bucket -148 is equal to 134222
Global LD ST Cache Stride Bucket -147 is equal to 79963
Global LD ST Cache Stride Bucket -146 is equal to 31574
Global LD ST Cache Stride Bucket -145 is equal to 85501
Global LD ST Cache Stride Bucket -144 is equal to 83525
Global LD ST Cache Stride Bucket -143 is equal to 49603
Global LD ST Cache Stride Bucket -142 is equal to 22766
Global LD ST Cache Stride Bucket -141 is equal to 9353
Global LD ST Cache Stride Bucket -140 is equal to 6231
Global LD ST Cache Stride Bucket -139 is equal to 8425
Global LD ST Cache Stride Bucket -138 is equal to 7197
Global LD ST Cache Stride Bucket -137 is equal to 4552
Global LD ST Cache Stride Bucket -136 is equal to 7675
Global LD ST Cache Stride Bucket -135 is equal to 4679
Global LD ST Cache Stride Bucket -134 is equal to 4760
Global LD ST Cache Stride Bucket -133 is equal to 3940
Global LD ST Cache Stride Bucket -132 is equal to 2636
Global LD ST Cache Stride Bucket -131 is equal to 4376
Global LD ST Cache Stride Bucket -130 is equal to 3358
Global LD ST Cache Stride Bucket -129 is equal to 2632
Global LD ST Cache Stride Bucket -128 is equal to 14341
Global LD ST Cache Stride Bucket -127 is equal to 5191
Global LD ST Cache Stride Bucket -126 is equal to 29367
Global LD ST Cache Stride Bucket -125 is equal to 4191
Global LD ST Cache Stride Bucket -124 is equal to 21904
Global LD ST Cache Stride Bucket -123 is equal to 34099
Global LD ST Cache Stride Bucket -122 is equal to 34026
Global LD ST Cache Stride Bucket -121 is equal to 14736
Global LD ST Cache Stride Bucket -120 is equal to 3220
Global LD ST Cache Stride Bucket -119 is equal to 37892
Global LD ST Cache Stride Bucket -118 is equal to 1346
Global LD ST Cache Stride Bucket -117 is equal to 12697
Global LD ST Cache Stride Bucket -116 is equal to 29050
Global LD ST Cache Stride Bucket -115 is equal to 34947
Global LD ST Cache Stride Bucket -114 is equal to 26878
Global LD ST Cache Stride Bucket -113 is equal to 30586
Global LD ST Cache Stride Bucket -112 is equal to 53324
Global LD ST Cache Stride Bucket -111 is equal to 64296
Global LD ST Cache Stride Bucket -110 is equal to 61035
Global LD ST Cache Stride Bucket -109 is equal to 45844
Global LD ST Cache Stride Bucket -108 is equal to 39893
Global LD ST Cache Stride Bucket -107 is equal to 32179
Global LD ST Cache Stride Bucket -106 is equal to 22918
Global LD ST Cache Stride Bucket -105 is equal to 23536
Global LD ST Cache Stride Bucket -104 is equal to 25353
Global LD ST Cache Stride Bucket -103 is equal to 23922
Global LD ST Cache Stride Bucket -102 is equal to 28451
Global LD ST Cache Stride Bucket -101 is equal to 17642
Global LD ST Cache Stride Bucket -100 is equal to 137076
Global LD ST Cache Stride Bucket -99 is equal to 52216
Global LD ST Cache Stride Bucket -98 is equal to 116689
Global LD ST Cache Stride Bucket -97 is equal to 115283
Global LD ST Cache Stride Bucket -96 is equal to 222319
Global LD ST Cache Stride Bucket -95 is equal to 313936
Global LD ST Cache Stride Bucket -94 is equal to 209338
Global LD ST Cache Stride Bucket -93 is equal to 200777
Global LD ST Cache Stride Bucket -92 is equal to 251989
Global LD ST Cache Stride Bucket -91 is equal to 252834
Global LD ST Cache Stride Bucket -90 is equal to 202294
Global LD ST Cache Stride Bucket -89 is equal to 21250
Global LD ST Cache Stride Bucket -88 is equal to 8922
Global LD ST Cache Stride Bucket -87 is equal to 5504
Global LD ST Cache Stride Bucket -86 is equal to 7009
Global LD ST Cache Stride Bucket -85 is equal to 12614
Global LD ST Cache Stride Bucket -84 is equal to 12830
Global LD ST Cache Stride Bucket -83 is equal to 10200
Global LD ST Cache Stride Bucket -82 is equal to 5832
Global LD ST Cache Stride Bucket -81 is equal to 9035
Global LD ST Cache Stride Bucket -80 is equal to 4911
Global LD ST Cache Stride Bucket -79 is equal to 2033
Global LD ST Cache Stride Bucket -78 is equal to 4837
Global LD ST Cache Stride Bucket -77 is equal to 4384
Global LD ST Cache Stride Bucket -76 is equal to 1904
Global LD ST Cache Stride Bucket -75 is equal to 32
Global LD ST Cache Stride Bucket -74 is equal to 33
Global LD ST Cache Stride Bucket -73 is equal to 193
Global LD ST Cache Stride Bucket -72 is equal to 327
Global LD ST Cache Stride Bucket -71 is equal to 670
Global LD ST Cache Stride Bucket -70 is equal to 36
Global LD ST Cache Stride Bucket -69 is equal to 842
Global LD ST Cache Stride Bucket -68 is equal to 4696
Global LD ST Cache Stride Bucket -67 is equal to 1979
Global LD ST Cache Stride Bucket -66 is equal to 4989
Global LD ST Cache Stride Bucket -65 is equal to 14232
Global LD ST Cache Stride Bucket -64 is equal to 15216
Global LD ST Cache Stride Bucket -63 is equal to 21854
Global LD ST Cache Stride Bucket -62 is equal to 28928
Global LD ST Cache Stride Bucket -61 is equal to 49214
Global LD ST Cache Stride Bucket -60 is equal to 56869
Global LD ST Cache Stride Bucket -59 is equal to 61336
Global LD ST Cache Stride Bucket -58 is equal to 55947
Global LD ST Cache Stride Bucket -57 is equal to 107815
Global LD ST Cache Stride Bucket -56 is equal to 129275
Global LD ST Cache Stride Bucket -55 is equal to 166927
Global LD ST Cache Stride Bucket -54 is equal to 137317
Global LD ST Cache Stride Bucket -53 is equal to 248875
Global LD ST Cache Stride Bucket -52 is equal to 129698
Global LD ST Cache Stride Bucket -51 is equal to 50616
Global LD ST Cache Stride Bucket -50 is equal to 82645
Global LD ST Cache Stride Bucket -49 is equal to 37590
Global LD ST Cache Stride Bucket -48 is equal to 25693
Global LD ST Cache Stride Bucket -47 is equal to 20359
Global LD ST Cache Stride Bucket -46 is equal to 52555
Global LD ST Cache Stride Bucket -45 is equal to 11522
Global LD ST Cache Stride Bucket -44 is equal to 12379
Global LD ST Cache Stride Bucket -43 is equal to 4346
Global LD ST Cache Stride Bucket -42 is equal to 103101
Global LD ST Cache Stride Bucket -41 is equal to 166745
Global LD ST Cache Stride Bucket -40 is equal to 43017
Global LD ST Cache Stride Bucket -39 is equal to 45119
Global LD ST Cache Stride Bucket -38 is equal to 52779
Global LD ST Cache Stride Bucket -37 is equal to 3142
Global LD ST Cache Stride Bucket -36 is equal to 1405
Global LD ST Cache Stride Bucket -35 is equal to 1383
Global LD ST Cache Stride Bucket -34 is equal to 927
Global LD ST Cache Stride Bucket -33 is equal to 757
Global LD ST Cache Stride Bucket -32 is equal to 6540
Global LD ST Cache Stride Bucket -31 is equal to 6655
Global LD ST Cache Stride Bucket -30 is equal to 8929
Global LD ST Cache Stride Bucket -29 is equal to 7070
Global LD ST Cache Stride Bucket -28 is equal to 128712
Global LD ST Cache Stride Bucket -27 is equal to 134392
Global LD ST Cache Stride Bucket -26 is equal to 42025
Global LD ST Cache Stride Bucket -25 is equal to 86628
Global LD ST Cache Stride Bucket -24 is equal to 18286
Global LD ST Cache Stride Bucket -23 is equal to 59
Global LD ST Cache Stride Bucket -22 is equal to 22
Global LD ST Cache Stride Bucket -21 is equal to 13
Global LD ST Cache Stride Bucket -20 is equal to 10
Global LD ST Cache Stride Bucket -19 is equal to 862
Global LD ST Cache Stride Bucket -18 is equal to 106
Global LD ST Cache Stride Bucket -17 is equal to 8535
Global LD ST Cache Stride Bucket -16 is equal to 18436
Global LD ST Cache Stride Bucket -15 is equal to 73733
Global LD ST Cache Stride Bucket -14 is equal to 289235
Global LD ST Cache Stride Bucket -13 is equal to 222649
Global LD ST Cache Stride Bucket -12 is equal to 74243
Global LD ST Cache Stride Bucket -11 is equal to 67538
Global LD ST Cache Stride Bucket -10 is equal to 19488
Global LD ST Cache Stride Bucket -9 is equal to 53
Global LD ST Cache Stride Bucket -8 is equal to 5477
Global LD ST Cache Stride Bucket -7 is equal to 19020
Global LD ST Cache Stride Bucket -6 is equal to 56487
Global LD ST Cache Stride Bucket -5 is equal to 58811
Global LD ST Cache Stride Bucket -4 is equal to 17941
Global LD ST Cache Stride Bucket -3 is equal to 84297
Global LD ST Cache Stride Bucket -2 is equal to 142208
Global LD ST Cache Stride Bucket -1 is equal to 1434662
Global LD ST Cache Stride Bucket 0 is equal to 11225143
Global LD ST Cache Stride Bucket 1 is equal to 1331431
Global LD ST Cache Stride Bucket 2 is equal to 71635
Global LD ST Cache Stride Bucket 3 is equal to 76152
Global LD ST Cache Stride Bucket 4 is equal to 31354
Global LD ST Cache Stride Bucket 5 is equal to 52529
Global LD ST Cache Stride Bucket 6 is equal to 57289
Global LD ST Cache Stride Bucket 7 is equal to 18847
Global LD ST Cache Stride Bucket 8 is equal to 82
Global LD ST Cache Stride Bucket 9 is equal to 79
Global LD ST Cache Stride Bucket 10 is equal to 42934
Global LD ST Cache Stride Bucket 11 is equal to 65213
Global LD ST Cache Stride Bucket 12 is equal to 64262
Global LD ST Cache Stride Bucket 13 is equal to 394292
Global LD ST Cache Stride Bucket 14 is equal to 686606
Global LD ST Cache Stride Bucket 15 is equal to 146740
Global LD ST Cache Stride Bucket 16 is equal to 18617
Global LD ST Cache Stride Bucket 17 is equal to 7211
Global LD ST Cache Stride Bucket 18 is equal to 4461
Global LD ST Cache Stride Bucket 19 is equal to 15500
Global LD ST Cache Stride Bucket 20 is equal to 3520
Global LD ST Cache Stride Bucket 21 is equal to 1725
Global LD ST Cache Stride Bucket 22 is equal to 1532
Global LD ST Cache Stride Bucket 23 is equal to 22266
Global LD ST Cache Stride Bucket 24 is equal to 90201
Global LD ST Cache Stride Bucket 25 is equal to 143867
Global LD ST Cache Stride Bucket 26 is equal to 139547
Global LD ST Cache Stride Bucket 27 is equal to 189681
Global LD ST Cache Stride Bucket 28 is equal to 144614
Global LD ST Cache Stride Bucket 29 is equal to 11090
Global LD ST Cache Stride Bucket 30 is equal to 16825
Global LD ST Cache Stride Bucket 31 is equal to 8785
Global LD ST Cache Stride Bucket 32 is equal to 5671
Global LD ST Cache Stride Bucket 33 is equal to 51
Global LD ST Cache Stride Bucket 34 is equal to 4940
Global LD ST Cache Stride Bucket 35 is equal to 2170
Global LD ST Cache Stride Bucket 36 is equal to 2368
Global LD ST Cache Stride Bucket 37 is equal to 35397
Global LD ST Cache Stride Bucket 38 is equal to 188401
Global LD ST Cache Stride Bucket 39 is equal to 214083
Global LD ST Cache Stride Bucket 40 is equal to 257557
Global LD ST Cache Stride Bucket 41 is equal to 214900
Global LD ST Cache Stride Bucket 42 is equal to 25475
Global LD ST Cache Stride Bucket 43 is equal to 8829
Global LD ST Cache Stride Bucket 44 is equal to 16152
Global LD ST Cache Stride Bucket 45 is equal to 22705
Global LD ST Cache Stride Bucket 46 is equal to 24261
Global LD ST Cache Stride Bucket 47 is equal to 69151
Global LD ST Cache Stride Bucket 48 is equal to 26162
Global LD ST Cache Stride Bucket 49 is equal to 25282
Global LD ST Cache Stride Bucket 50 is equal to 34828
Global LD ST Cache Stride Bucket 51 is equal to 113904
Global LD ST Cache Stride Bucket 52 is equal to 94135
Global LD ST Cache Stride Bucket 53 is equal to 112061
Global LD ST Cache Stride Bucket 54 is equal to 208102
Global LD ST Cache Stride Bucket 55 is equal to 119857
Global LD ST Cache Stride Bucket 56 is equal to 69258
Global LD ST Cache Stride Bucket 57 is equal to 51773
Global LD ST Cache Stride Bucket 58 is equal to 73360
Global LD ST Cache Stride Bucket 59 is equal to 24636
Global LD ST Cache Stride Bucket 60 is equal to 19281
Global LD ST Cache Stride Bucket 61 is equal to 16379
Global LD ST Cache Stride Bucket 62 is equal to 20877
Global LD ST Cache Stride Bucket 63 is equal to 19482
Global LD ST Cache Stride Bucket 64 is equal to 8666
Global LD ST Cache Stride Bucket 65 is equal to 10821
Global LD ST Cache Stride Bucket 66 is equal to 9886
Global LD ST Cache Stride Bucket 67 is equal to 15322
Global LD ST Cache Stride Bucket 68 is equal to 16428
Global LD ST Cache Stride Bucket 69 is equal to 14010
Global LD ST Cache Stride Bucket 70 is equal to 9918
Global LD ST Cache Stride Bucket 71 is equal to 8866
Global LD ST Cache Stride Bucket 72 is equal to 9827
Global LD ST Cache Stride Bucket 73 is equal to 761
Global LD ST Cache Stride Bucket 74 is equal to 314
Global LD ST Cache Stride Bucket 75 is equal to 4
Global LD ST Cache Stride Bucket 76 is equal to 610
Global LD ST Cache Stride Bucket 77 is equal to 3116
Global LD ST Cache Stride Bucket 78 is equal to 2982
Global LD ST Cache Stride Bucket 79 is equal to 9050
Global LD ST Cache Stride Bucket 80 is equal to 32065
Global LD ST Cache Stride Bucket 81 is equal to 18611
Global LD ST Cache Stride Bucket 82 is equal to 31982
Global LD ST Cache Stride Bucket 83 is equal to 60251
Global LD ST Cache Stride Bucket 84 is equal to 52373
Global LD ST Cache Stride Bucket 85 is equal to 63343
Global LD ST Cache Stride Bucket 86 is equal to 55100
Global LD ST Cache Stride Bucket 87 is equal to 8295
Global LD ST Cache Stride Bucket 88 is equal to 3061
Global LD ST Cache Stride Bucket 89 is equal to 5757
Global LD ST Cache Stride Bucket 90 is equal to 58279
Global LD ST Cache Stride Bucket 91 is equal to 73272
Global LD ST Cache Stride Bucket 92 is equal to 65792
Global LD ST Cache Stride Bucket 93 is equal to 51359
Global LD ST Cache Stride Bucket 94 is equal to 59138
Global LD ST Cache Stride Bucket 95 is equal to 78809
Global LD ST Cache Stride Bucket 96 is equal to 84210
Global LD ST Cache Stride Bucket 97 is equal to 29792
Global LD ST Cache Stride Bucket 98 is equal to 25249
Global LD ST Cache Stride Bucket 99 is equal to 52195
Global LD ST Cache Stride Bucket 100 is equal to 15133
Global LD ST Cache Stride Bucket 101 is equal to 9856
Global LD ST Cache Stride Bucket 102 is equal to 7039
Global LD ST Cache Stride Bucket 103 is equal to 10418
Global LD ST Cache Stride Bucket 104 is equal to 4231
Global LD ST Cache Stride Bucket 105 is equal to 4619
Global LD ST Cache Stride Bucket 106 is equal to 5873
Global LD ST Cache Stride Bucket 107 is equal to 4663
Global LD ST Cache Stride Bucket 108 is equal to 7046
Global LD ST Cache Stride Bucket 109 is equal to 11909
Global LD ST Cache Stride Bucket 110 is equal to 4912
Global LD ST Cache Stride Bucket 111 is equal to 12067
Global LD ST Cache Stride Bucket 112 is equal to 14989
Global LD ST Cache Stride Bucket 113 is equal to 13358
Global LD ST Cache Stride Bucket 114 is equal to 6495
Global LD ST Cache Stride Bucket 115 is equal to 5141
Global LD ST Cache Stride Bucket 116 is equal to 3529
Global LD ST Cache Stride Bucket 117 is equal to 4054
Global LD ST Cache Stride Bucket 118 is equal to 1791
Global LD ST Cache Stride Bucket 119 is equal to 2579
Global LD ST Cache Stride Bucket 120 is equal to 9589
Global LD ST Cache Stride Bucket 121 is equal to 4688
Global LD ST Cache Stride Bucket 122 is equal to 4045
Global LD ST Cache Stride Bucket 123 is equal to 6472
Global LD ST Cache Stride Bucket 124 is equal to 13257
Global LD ST Cache Stride Bucket 125 is equal to 32433
Global LD ST Cache Stride Bucket 126 is equal to 180597
Global LD ST Cache Stride Bucket 127 is equal to 14393
Global LD ST Cache Stride Bucket 128 is equal to 8832
Global LD ST Cache Stride Bucket 129 is equal to 7645
Global LD ST Cache Stride Bucket 130 is equal to 14688
Global LD ST Cache Stride Bucket 131 is equal to 13543
Global LD ST Cache Stride Bucket 132 is equal to 14499
Global LD ST Cache Stride Bucket 133 is equal to 16208
Global LD ST Cache Stride Bucket 134 is equal to 22914
Global LD ST Cache Stride Bucket 135 is equal to 20361
Global LD ST Cache Stride Bucket 136 is equal to 33377
Global LD ST Cache Stride Bucket 137 is equal to 40971
Global LD ST Cache Stride Bucket 138 is equal to 34776
Global LD ST Cache Stride Bucket 139 is equal to 37479
Global LD ST Cache Stride Bucket 140 is equal to 27704
Global LD ST Cache Stride Bucket 141 is equal to 17171
Global LD ST Cache Stride Bucket 142 is equal to 38828
Global LD ST Cache Stride Bucket 143 is equal to 81770
Global LD ST Cache Stride Bucket 144 is equal to 155952
Global LD ST Cache Stride Bucket 145 is equal to 119601
Global LD ST Cache Stride Bucket 146 is equal to 66076
Global LD ST Cache Stride Bucket 147 is equal to 143473
Global LD ST Cache Stride Bucket 148 is equal to 226173
Global LD ST Cache Stride Bucket 149 is equal to 190744
Global LD ST Cache Stride Bucket 150 is equal to 180836
Global LD ST Cache Stride Bucket 151 is equal to 391165
Global LD ST Cache Stride Bucket 152 is equal to 227130
Global LD ST Cache Stride Bucket 153 is equal to 119966
Global LD ST Cache Stride Bucket 154 is equal to 122595
Global LD ST Cache Stride Bucket 155 is equal to 156318
Global LD ST Cache Stride Bucket 156 is equal to 88105
Global LD ST Cache Stride Bucket 157 is equal to 6941
Global LD ST Cache Stride Bucket 158 is equal to 8979
Global LD ST Cache Stride Bucket 159 is equal to 2
Global LD ST Cache Stride Bucket 160 is equal to 3
Global LD ST Cache Stride Bucket 161 is equal to 2
Global LD ST Cache Stride Bucket 162 is equal to 2
Global LD ST Cache Stride Bucket 163 is equal to 34
Global LD ST Cache Stride Bucket 165 is equal to 173
Global LD ST Cache Stride Bucket 166 is equal to 2
Global LD ST Cache Stride Bucket 167 is equal to 2
Global LD ST Cache Stride Bucket 168 is equal to 2
Global LD ST Cache Stride Bucket 169 is equal to 4
Global LD ST Cache Stride Bucket 170 is equal to 4
Global LD ST Cache Stride Bucket 171 is equal to 2
Global LD ST Cache Stride Bucket 172 is equal to 2
Global LD ST Cache Stride Bucket 173 is equal to 3675
Global LD ST Cache Stride Bucket 174 is equal to 4
Global LD ST Cache Stride Bucket 175 is equal to 35
Global LD ST Cache Stride Bucket 176 is equal to 2
Global LD ST Cache Stride Bucket 177 is equal to 4
Global LD ST Cache Stride Bucket 178 is equal to 159
Global LD ST Cache Stride Bucket 179 is equal to 2
Global LD ST Cache Stride Bucket 180 is equal to 5
Global LD ST Cache Stride Bucket 181 is equal to 5
Global LD ST Cache Stride Bucket 182 is equal to 2
Global LD ST Cache Stride Bucket 183 is equal to 2
Global LD ST Cache Stride Bucket 184 is equal to 2
Global LD ST Cache Stride Bucket 185 is equal to 2
Global LD ST Cache Stride Bucket 186 is equal to 4
Global LD ST Cache Stride Bucket 187 is equal to 7
Global LD ST Cache Stride Bucket 188 is equal to 3
Global LD ST Cache Stride Bucket 189 is equal to 1
Global LD ST Cache Stride Bucket 190 is equal to 160
Global LD ST Cache Stride Bucket 191 is equal to 3
Global LD ST Cache Stride Bucket 192 is equal to 2
Global LD ST Cache Stride Bucket 193 is equal to 4
Global LD ST Cache Stride Bucket 194 is equal to 2
Global LD ST Cache Stride Bucket 195 is equal to 2
Global LD ST Cache Stride Bucket 196 is equal to 2
Global LD ST Cache Stride Bucket 197 is equal to 5
Global LD ST Cache Stride Bucket 198 is equal to 1
Global LD ST Cache Stride Bucket 199 is equal to 2
Global LD ST Cache Stride Bucket 200 is equal to 1
Global LD ST Cache Stride Bucket 201 is equal to 5
Global LD ST Cache Stride Bucket 202 is equal to 15
Global LD ST Cache Stride Bucket 204 is equal to 1
Global LD ST Cache Stride Bucket 207 is equal to 1
Global LD ST Cache Stride Bucket 208 is equal to 1
Global LD ST Cache Stride Bucket 211 is equal to 2
Global LD ST Cache Stride Bucket 212 is equal to 3
Global LD ST Cache Stride Bucket 216 is equal to 1
Global LD ST Cache Stride Bucket 217 is equal to 1
Global LD ST Cache Stride Bucket 218 is equal to 14
Global LD ST Cache Stride Bucket 219 is equal to 11
Global LD ST Cache Stride Bucket 220 is equal to 1
Global LD ST Cache Stride Bucket 222 is equal to 3
Global LD ST Cache Stride Bucket 224 is equal to 1
Global LD ST Cache Stride Bucket 227 is equal to 3
Global LD ST Cache Stride Bucket 228 is equal to 1
Global LD ST Cache Stride Bucket 232 is equal to 2
Global LD ST Cache Stride Bucket 234 is equal to 6
Global LD ST Cache Stride Bucket 235 is equal to 13
Global LD ST Cache Stride Bucket 236 is equal to 1
Global LD ST Cache Stride Bucket 237 is equal to 2
Global LD ST Cache Stride Bucket 239 is equal to 1
Global LD ST Cache Stride Bucket 240 is equal to 1
Global LD ST Cache Stride Bucket 241 is equal to 1
Global LD ST Cache Stride Bucket 244 is equal to 1
Global LD ST Cache Stride Bucket 245 is equal to 2
Global LD ST Cache Stride Bucket 246 is equal to 4
Global LD ST Cache Stride Bucket 247 is equal to 1
Global LD ST Cache Stride Bucket 251 is equal to 3
Global LD ST Cache Stride Bucket 254 is equal to 2
Global LD ST Cache Stride Bucket 256 is equal to 2092838


            "-256": "9738956",
            "-255": "0",
            "-254": "0",
            "-253": "0",
            "-252": "0",
            "-251": "0",
            "-250": "0",
            "-249": "0",
            "-248": "8877",
            "-247": "0",
            "-246": "0",
            "-245": "0",
            "-244": "4",
            "-243": "0",
            "-242": "0",
            "-241": "0",
            "-240": "38",
            "-239": "0",
            "-238": "0",
            "-237": "0",
            "-236": "0",
            "-235": "0",
            "-234": "1",
            "-233": "0",
            "-232": "6",
            "-231": "0",
            "-230": "0",
            "-229": "0",
            "-228": "33",
            "-227": "0",
            "-226": "0",
            "-225": "0",
            "-224": "29",
            "-223": "0",
            "-222": "0",
            "-221": "0",
            "-220": "0",
            "-219": "0",
            "-218": "0",
            "-217": "0",
            "-216": "22900",
            "-215": "0",
            "-214": "0",
            "-213": "0",
            "-212": "0",
            "-211": "0",
            "-210": "0",
            "-209": "0",
            "-208": "24",
            "-207": "0",
            "-206": "0",
            "-205": "0",
            "-204": "1",
            "-203": "0",
            "-202": "0",
            "-201": "0",
            "-200": "26",
            "-199": "0",
            "-198": "0",
            "-197": "0",
            "-196": "0",
            "-195": "0",
            "-194": "0",
            "-193": "0",
            "-192": "49",
            "-191": "0",
            "-190": "11",
            "-189": "0",
            "-188": "9816",
            "-187": "0",
            "-186": "44",
            "-185": "0",
            "-184": "5986",
            "-183": "0",
            "-182": "51",
            "-181": "0",
            "-180": "113",
            "-179": "0",
            "-178": "88",
            "-177": "0",
            "-176": "44332",
            "-175": "0",
            "-174": "78",
            "-173": "0",
            "-172": "60",
            "-171": "0",
            "-170": "55",
            "-169": "0",
            "-168": "4591",
            "-167": "0",
            "-166": "42",
            "-165": "0",
            "-164": "694",
            "-163": "0",
            "-162": "82",
            "-161": "0",
            "-160": "7617",
            "-159": "0",
            "-158": "145",
            "-157": "0",
            "-156": "98",
            "-155": "0",
            "-154": "103",
            "-153": "0",
            "-152": "100",
            "-151": "0",
            "-150": "84",
            "-149": "0",
            "-148": "149",
            "-147": "0",
            "-146": "158",
            "-145": "0",
            "-144": "1312",
            "-143": "0",
            "-142": "54",
            "-141": "0",
            "-140": "180",
            "-139": "4",
            "-138": "63",
            "-137": "0",
            "-136": "214",
            "-135": "1",
            "-134": "145",
            "-133": "0",
            "-132": "409",
            "-131": "0",
            "-130": "152",
            "-129": "0",
            "-128": "770",
            "-127": "1",
            "-126": "137",
            "-125": "0",
            "-124": "2107",
            "-123": "0",
            "-122": "138",
            "-121": "0",
            "-120": "8710",
            "-119": "0",
            "-118": "36",
            "-117": "0",
            "-116": "7020",
            "-115": "0",
            "-114": "101",
            "-113": "0",
            "-112": "7671",
            "-111": "0",
            "-110": "246",
            "-109": "0",
            "-108": "5171",
            "-107": "0",
            "-106": "126",
            "-105": "0",
            "-104": "6111",
            "-103": "0",
            "-102": "138",
            "-101": "0",
            "-100": "3072",
            "-99": "0",
            "-98": "164",
            "-97": "0",
            "-96": "145921",
            "-95": "0",
            "-94": "576",
            "-93": "0",
            "-92": "6809",
            "-91": "0",
            "-90": "1087",
            "-89": "0",
            "-88": "62511",
            "-87": "0",
            "-86": "1035",
            "-85": "0",
            "-84": "7144",
            "-83": "0",
            "-82": "569",
            "-81": "0",
            "-80": "69353",
            "-79": "0",
            "-78": "264",
            "-77": "1",
            "-76": "2961",
            "-75": "0",
            "-74": "291",
            "-73": "0",
            "-72": "4265",
            "-71": "0",
            "-70": "716",
            "-69": "0",
            "-68": "9213",
            "-67": "0",
            "-66": "1859",
            "-65": "0",
            "-64": "12382",
            "-63": "0",
            "-62": "980",
            "-61": "0",
            "-60": "50130",
            "-59": "0",
            "-58": "204",
            "-57": "0",
            "-56": "184786",
            "-55": "0",
            "-54": "160",
            "-53": "0",
            "-52": "132134",
            "-51": "0",
            "-50": "1423",
            "-49": "1",
            "-48": "67237",
            "-47": "1",
            "-46": "2284",
            "-45": "0",
            "-44": "7244",
            "-43": "1",
            "-42": "1783",
            "-41": "0",
            "-40": "60449",
            "-39": "2",
            "-38": "289",
            "-37": "0",
            "-36": "103619",
            "-35": "0",
            "-34": "186",
            "-33": "1",
            "-32": "149727",
            "-31": "0",
            "-30": "247",
            "-29": "0",
            "-28": "29546",
            "-27": "0",
            "-26": "1649",
            "-25": "0",
            "-24": "233808",
            "-23": "1",
            "-22": "21435",
            "-21": "0",
            "-20": "151370",
            "-19": "0",
            "-18": "2465",
            "-17": "0",
            "-16": "226316",
            "-15": "0",
            "-14": "367",
            "-13": "0",
            "-12": "342859",
            "-11": "0",
            "-10": "553",
            "-9": "12",
            "-8": "2181722",
            "-7": "0",
            "-6": "715",
            "-5": "1",
            "-4": "1054660",
            "-3": "0",
            "-2": "18248",
            "-1": "1",
            "0": "2528684",
            "1": "5",
            "2": "20665",
            "3": "0",
            "4": "1423672",
            "5": "0",
            "6": "733",
            "7": "1",
            "8": "2812365",
            "9": "630",
            "10": "356",
            "11": "0",
            "12": "108186",
            "13": "0",
            "14": "318",
            "15": "1",
            "16": "367500",
            "17": "0",
            "18": "947",
            "19": "0",
            "20": "133606",
            "21": "0",
            "22": "23461",
            "23": "0",
            "24": "206758",
            "25": "1",
            "26": "1687",
            "27": "1",
            "28": "26998",
            "29": "0",
            "30": "376",
            "31": "0",
            "32": "119280",
            "33": "1",
            "34": "158",
            "35": "0",
            "36": "280924",
            "37": "0",
            "38": "314",
            "39": "0",
            "40": "69553",
            "41": "0",
            "42": "804",
            "43": "0",
            "44": "147313",
            "45": "0",
            "46": "2427",
            "47": "1",
            "48": "93078",
            "49": "0",
            "50": "497",
            "51": "4",
            "52": "150415",
            "53": "4",
            "54": "217",
            "55": "0",
            "56": "37302",
            "57": "12",
            "58": "91",
            "59": "0",
            "60": "6898",
            "61": "0",
            "62": "807",
            "63": "0",
            "64": "10484",
            "65": "0",
            "66": "726",
            "67": "0",
            "68": "1110",
            "69": "0",
            "70": "560",
            "71": "0",
            "72": "1257",
            "73": "0",
            "74": "368",
            "75": "0",
            "76": "216",
            "77": "0",
            "78": "244",
            "79": "0",
            "80": "136",
            "81": "0",
            "82": "342",
            "83": "0",
            "84": "144394",
            "85": "0",
            "86": "254",
            "87": "0",
            "88": "59376",
            "89": "0",
            "90": "377",
            "91": "0",
            "92": "280",
            "93": "0",
            "94": "451",
            "95": "0",
            "96": "1002",
            "97": "0",
            "98": "324",
            "99": "0",
            "100": "120",
            "101": "0",
            "102": "158",
            "103": "0",
            "104": "1106",
            "105": "0",
            "106": "77",
            "107": "4",
            "108": "98",
            "109": "0",
            "110": "119",
            "111": "0",
            "112": "408",
            "113": "0",
            "114": "86",
            "115": "0",
            "116": "91",
            "117": "0",
            "118": "72",
            "119": "0",
            "120": "279",
            "121": "0",
            "122": "164",
            "123": "0",
            "124": "434",
            "125": "0",
            "126": "72",
            "127": "0",
            "128": "197",
            "129": "0",
            "130": "123",
            "131": "0",
            "132": "145",
            "133": "0",
            "134": "103",
            "135": "0",
            "136": "497",
            "137": "0",
            "138": "58",
            "139": "0",
            "140": "55",
            "141": "0",
            "142": "50",
            "143": "0",
            "144": "125",
            "145": "0",
            "146": "295",
            "147": "0",
            "148": "109",
            "149": "0",
            "150": "110",
            "151": "0",
            "152": "127",
            "153": "0",
            "154": "159",
            "155": "0",
            "156": "117",
            "157": "0",
            "158": "72",
            "159": "0",
            "160": "9900",
            "161": "0",
            "162": "70",
            "163": "0",
            "164": "88",
            "165": "0",
            "166": "94",
            "167": "0",
            "168": "119",
            "169": "0",
            "170": "88",
            "171": "0",
            "172": "77",
            "173": "0",
            "174": "101",
            "175": "0",
            "176": "12915",
            "177": "0",
            "178": "119",
            "179": "0",
            "180": "96",
            "181": "0",
            "182": "70",
            "183": "0",
            "184": "40215",
            "185": "0",
            "186": "31",
            "187": "0",
            "188": "29",
            "189": "0",
            "190": "20",
            "191": "0",
            "192": "26",
            "193": "0",
            "194": "0",
            "195": "0",
            "196": "0",
            "197": "0",
            "198": "0",
            "199": "0",
            "200": "9832",
            "201": "0",
            "202": "0",
            "203": "0",
            "204": "0",
            "205": "0",
            "206": "0",
            "207": "0",
            "208": "36",
            "209": "0",
            "210": "0",
            "211": "0",
            "212": "0",
            "213": "0",
            "214": "0",
            "215": "0",
            "216": "14",
            "217": "0",
            "218": "0",
            "219": "0",
            "220": "0",
            "221": "0",
            "222": "0",
            "223": "0",
            "224": "24537",
            "225": "0",
            "226": "0",
            "227": "0",
            "228": "0",
            "229": "0",
            "230": "0",
            "231": "0",
            "232": "27",
            "233": "0",
            "234": "0",
            "235": "0",
            "236": "1",
            "237": "0",
            "238": "0",
            "239": "0",
            "240": "34",
            "241": "0",
            "242": "0",
            "243": "0",
            "244": "0",
            "245": "0",
            "246": "0",
            "247": "0",
            "248": "3723",
            "249": "0",
            "250": "0",
            "251": "0",
            "252": "0",
            "253": "0",
            "254": "0",
            "255": "0",
            "256": "10656817",


# END_DYNAMIC_STATS
