# Branch output version 3
Dynamic_Instruction_Count: 100001518
Dynamic_Conditional_Branch_Count: 10243587
Dynamic_Unconditional_Branch_Count: 2737076
Total_Taken_Branches: 9291993
Total_Branch_Transitions: 2231332

Local Branch Stats (Total Count; Taken Count; Transition Count)
226 160 131
66 0 0
66 0 0
226 160 131
66 0 0
160 0 0
160 160 0
226 0 0
226 0 0
226 0 0
226 0 0
226 226 0
226 0 0
226 0 0
226 0 0
226 0 0
226 0 0
226 0 0
226 0 0
226 0 0
226 0 0
226 0 0
226 0 0
226 0 0
226 0 0
226 0 0
226 226 0
226 226 0
226 0 0
226 226 0
226 0 0
226 0 0
226 0 0
226 0 0
226 226 0
226 0 0
226 226 0
226 226 0
226 226 0
226 176 99
109 59 79
315 89 98
226 0 0
328865 328639 451
226 226 0
226 1 2
226 0 0
226 0 0
226 160 131
66 0 0
1 0 0
8 8 0
384 376 15
8 8 0
8 7 1
12 0 0
12 0 0
12 0 0
12 12 0
12 11 1
4 4 0
4 0 0
4 4 0
4 3 1
1 1 0
1 0 0
1 0 0
1 0 0
1 1 0
1 0 0
1 0 0
1 0 0
1 1 0
1 1 0
1 0 0
1 0 0
1 0 0
1 0 0
1 0 0
1 0 0
1 0 0
1 0 0
1 0 0
1 0 0
1 0 0
1 0 0
1 1 0
1 1 0
1 0 0
1 0 0
1 0 0
1 0 0
1 1 0
1 0 0
1 0 0
1 0 0
1 0 0
1 0 0
1 0 0
1 0 0
1 0 0
1 0 0
1 0 0
1 1 0
1 1 0
1 0 0
1 0 0
1 0 0
1 0 0
1 0 0
1 0 0
1 1 0
1 1 0
202 6 12
30 6 11
30 30 0
202 202 0
202 0 0
319515 0 0
319515 41 82
319474 279987 48681
39487 3 6
319471 62877 36754
256594 238216 18916
18377 14864 5132
3513 0 0
18377 2894 2668
18377 17704 1186
673 0 0
18377 8388 8316
18378 16659 3066
1719 1 2
18377 12781 6848
18378 16842 2762
1536 1 2
18377 8090 7925
18377 16528 3302
1849 0 0
18377 8256 8281
18377 16642 3098
1735 0 0
18377 8073 8580
18377 16405 3548
1972 0 0
18377 9234 8850
18377 16501 3368
1876 0 0
18377 8664 8756
256593 256593 0
202 0 0
202 196 12
6 0 0
6 0 0
6 0 0
238218 209421 31016
28797 2 4
238216 124648 118482
238220 209066 32072
29154 4 8
238216 124530 118201
238220 209031 31682
29189 4 8
238216 124892 119175
238218 209021 31676
29197 2 4
238216 124383 119184
238221 208637 32176
29584 5 10
238216 124640 119486
62299 61763 860
32479 31943 1071
62299 62189 220
238219 209493 30794
28726 3 6
238216 126228 117451
238220 208389 32190
29831 4 8
238216 129652 115325
238216 235290 5343
2926 0 0
238216 119457 114140
1430 1302 219
128 0 0
1430 954 476
484 426 104
58 0 0
484 195 225
10157 10003 294
154 0 0
10157 440 675
10157 9925 440
232 0 0
10157 948 1441
10157 9678 875
479 0 0
10157 1857 2652
10157 9359 1445
798 0 0
10157 3081 4050
10158 9079 1906
1079 1 2
10157 3930 4688
10158 8962 2100
1196 1 2
10157 4495 4870
10157 8922 2166
1235 0 0
10157 4768 4997
57689 51174 11364
6515 3 6
57686 18391 22287
57686 52295 9451
5391 0 0
57686 26517 26461
57686 53676 7362
4010 0 0
57686 26586 27066
57686 52546 9408
5140 0 0
57686 28897 27581
57688 51657 10698
6031 2 4
57686 29294 27536
57687 51142 11468
6545 1 2
57687 24675 27395
57687 487 950
57200 48247 13902
8953 0 0
48249 42136 10560
6113 2 4
48247 24032 24146
48247 42178 10406
6069 0 0
48247 24036 24075
48247 42324 10286
5923 0 0
48247 24189 23905
48247 0 0
57687 0 0
1430 1342 166
88 0 0
1430 837 384
1430 1294 228
136 0 0
1430 936 441
1430 1311 207
119 0 0
1430 931 468
1430 1315 196
115 0 0
1430 947 455
1430 1358 136
72 0 0
1430 773 297
684 588 161
96 0 0
684 277 300
4502 1778 1192
4502 4161 642
341 0 0
4502 1914 1360
2588 2371 388
217 0 0
2588 673 831
2588 2334 454
254 0 0
2588 899 972
2588 2314 490
274 0 0
2588 985 1123
34042 30911 5470
3131 1 2
34041 17837 13150
34042 30518 6166
3524 1 2
34041 19749 16152
34042 30253 6688
3789 1 2
34041 17411 16589
414892 363658 101147
51234 5 10
414887 366640 96493
48249 42234 10400
6015 2 4
48247 24232 24139
1430 1334 166
96 0 0
1430 641 250
1430 1366 118
64 0 0
1430 574 184
13488 12202 2276
1286 0 0
13488 5371 6141
13488 11822 2948
1666 0 0
13488 7198 6417
13488 11891 2798
1597 0 0
13488 6201 6654
23645 20236 5597
3409 0 0
23645 10157 9829
10157 8702 2422
1455 0 0
10157 173 282
5192 3719 1941
1473 1 2
5191 1543 1598
3648 3539 214
109 0 0
3648 2959 924
689 0 0
689 0 0
62878 56215 9521
6663 1 2
62877 5191 6780
57686 42722 16024
57686 56804 1718
882 0 0
57686 23645 23943
484 391 153
93 0 0
484 193 210
484 426 105
58 0 0
484 230 220
1914 1666 422
248 0 0
1914 1430 467
1543 1392 256
151 0 0
1543 684 710
3651 3205 760
446 0 0
3651 1793 1749
5945 5237 1254
708 0 0
5945 3013 2960
7496 6582 1598
914 0 0
7496 3749 3770
8455 7380 1885
1075 0 0
8455 4300 4243
8953 7776 2023
1177 0 0
8953 4426 4330
196 196 0
61763 54307 9642
7456 7454 4
5191 0 0
41 39 2
2 0 0
262 262 0
202 0 0
202 196 12
6 0 0
8 0 0
270 0 0
8 0 0
8 8 0
8 2 2
6 0 0
6 0 0
6 5 2
32 32 0
32 2 3
8 0 0
8 8 0
2 0 0
8 8 0
66 0 0
66 0 0
66 0 0
66 0 0
66 0 0
66 66 0
66 0 0
160 0 0
160 0 0
160 0 0
160 0 0
160 160 0
160 160 0
160 160 0
132 0 0
132 0 0
132 0 0
54793 0 0
54793 43799 14206
10994 3383 3488
3383 2009 839
1374 575 378
799 0 0
51750 50951 1476
43799 17557 17958
26242 20007 7454
6235 0 0
6235 20 38
7456 7456 0
7456 385 122
385 221 17
164 0 0
221 0 0
418 197 394
2 1 1
7 3 5
12 5 10
205 101 201
9 3 6
6 2 4
3 1 1
5 2 3
21 10 19
10 4 7
3 1 1
22 11 21
4 1 1
