# Mix output version 2
# FINI: end of program
# EMIT_DYNAMIC_STATS FOR TID 1, ins = 100001518
Dynamic Instruction Count = 100001518, Dyn BBL Count = 12980663
RAWdep[ 0] = 0
RAWdep[ 1] = 34740042
RAWdep[ 2] = 9790049
RAWdep[ 3] = 4918185
RAWdep[ 4] = 9362208
RAWdep[ 5] = 4643162
RAWdep[ 6] = 3950306
RAWdep[ 7] = 3965985
RAWdep[ 8] = 3915816
RAWdep[ 9] = 4393199
RAWdep[ 10] = 6421695
RAWdep[ 11] = 3457656
RAWdep[ 12] = 3267446
RAWdep[ 13] = 1902298
RAWdep[ 14] = 775231
RAWdep[ 15] = 1286752
RAWdep[ 16] = 1942993
RAWdep[ 17] = 1986937
RAWdep[ 18] = 862408
RAWdep[ 19] = 1163239
RAWdep[ 20] = 1773663
RAWdep[ 21] = 1054605
RAWdep[ 22] = 403287
RAWdep[ 23] = 296686
RAWdep[ 24] = 94618
RAWdep[ 25] = 97456
RAWdep[ 26] = 331219
RAWdep[ 27] = 350426
RAWdep[ 28] = 585574
RAWdep[ 29] = 240166
RAWdep[ 30] = 37069
RAWdep[ 31] = 49662
RAWdep[ 32] = 433192
RAWdep[ 33] = 38868665

WAWdep[ 0] = 0
WAWdep[ 1] = 27742188
WAWdep[ 2] = 15052864
WAWdep[ 3] = 9307167
WAWdep[ 4] = 11264462
WAWdep[ 5] = 5954718
WAWdep[ 6] = 4503350
WAWdep[ 7] = 2600177
WAWdep[ 8] = 2983140
WAWdep[ 9] = 4078615
WAWdep[ 10] = 4842687
WAWdep[ 11] = 2208528
WAWdep[ 12] = 2008948
WAWdep[ 13] = 1254210
WAWdep[ 14] = 1506898
WAWdep[ 15] = 1343368
WAWdep[ 16] = 925776
WAWdep[ 17] = 1948270
WAWdep[ 18] = 1591035
WAWdep[ 19] = 2886642
WAWdep[ 20] = 5258751
WAWdep[ 21] = 2198835
WAWdep[ 22] = 523953
WAWdep[ 23] = 244549
WAWdep[ 24] = 493236
WAWdep[ 25] = 421796
WAWdep[ 26] = 409690
WAWdep[ 27] = 911397
WAWdep[ 28] = 810440
WAWdep[ 29] = 467360
WAWdep[ 30] = 155730
WAWdep[ 31] = 279495
WAWdep[ 32] = 137348
WAWdep[ 33] = 8690979

WARdep[ 0] = 44983753
WARdep[ 1] = 5694125
WARdep[ 2] = 4559597
WARdep[ 3] = 5825858
WARdep[ 4] = 7487861
WARdep[ 5] = 6549145
WARdep[ 6] = 4620601
WARdep[ 7] = 3889397
WARdep[ 8] = 6033242
WARdep[ 9] = 7398546
WARdep[ 10] = 4551357
WARdep[ 11] = 1799932
WARdep[ 12] = 2496184
WARdep[ 13] = 1474607
WARdep[ 14] = 1908196
WARdep[ 15] = 1779843
WARdep[ 16] = 1684799
WARdep[ 17] = 452342
WARdep[ 18] = 979273
WARdep[ 19] = 1010639
WARdep[ 20] = 811196
WARdep[ 21] = 335458
WARdep[ 22] = 82671
WARdep[ 23] = 244285
WARdep[ 24] = 229724
WARdep[ 25] = 503511
WARdep[ 26] = 419396
WARdep[ 27] = 809639
WARdep[ 28] = 49832
WARdep[ 29] = 95500
WARdep[ 30] = 228167
WARdep[ 31] = 150218
WARdep[ 32] = 68829
WARdep[ 33] = 5798879


		"0": "0",
		"1": "34740042",
		"2": "9790049",
		"3": "4918185",
		"4": "9362208",
		"5": "4643162",
		"6": "3950306",
		"7": "3965985",
		"8": "3915816",
		"9": "4393199",
		"10": "6421695",
		"11": "3457656",
		"12": "3267446",
		"13": "1902298",
		"14": "775231",
		"15": "1286752",
		"16": "1942993",
		"17": "1986937",
		"18": "862408",
		"19": "1163239",
		"20": "1773663",
		"21": "1054605",
		"22": "403287",
		"23": "296686",
		"24": "94618",
		"25": "97456",
		"26": "331219",
		"27": "350426",
		"28": "585574",
		"29": "240166",
		"30": "37069",
		"31": "49662",
		"32": "433192",
		"33": "38868665",


# END_DYNAMIC_STATS
