# Branch output version 3
Dynamic_Instruction_Count: 100101551
Dynamic_Conditional_Branch_Count: 10675857
Dynamic_Unconditional_Branch_Count: 5567764
Total_Taken_Branches: 10096620
Total_Branch_Transitions: 2845823

Local Branch Stats (Total Count; Taken Count; Transition Count)
1248 418 504
830 161 206
1248 936 623
312 0 0
312 301 22
11 11 0
418 407 22
11 0 0
161 28 56
133 84 61
312 0 0
312 0 0
312 0 0
312 0 0
312 312 0
14976 0 0
14976 0 0
14976 0 0
14976 0 0
15288 14976 623
312 4 8
308 0 0
308 151 301
155 155 0
4 0 0
2 0 0
2 0 0
2 0 0
2 0 0
312 0 0
312 157 301
155 0 0
312 157 301
155 0 0
314 314 0
314 0 0
314 314 0
314 0 0
314 0 0
314 314 0
314 0 0
314 0 0
314 314 0
157 157 0
157 0 0
32154 9798 12434
27518 2186 4369
56677 32154 20637
29159 28362 1586
2983 2826 313
9798 5162 3261
157 157 0
37520 157 314
37363 0 0
37363 0 0
37363 947 1580
36573 31864 314
4709 3 6
53988 314 627
471 159 313
314 314 0
159 2 4
314 0 0
314 2 4
312 312 0
2 0 0
157 157 0
157 0 0
157 157 0
157 0 0
157 0 0
157 0 0
157 0 0
157 0 0
157 157 0
157 157 0
157 0 0
157 157 0
157 0 0
157 157 0
157 0 0
157 0 0
349 309 68
40 17 16
23 0 0
23 5 8
18 1 1
17 5 7
12 0 0
12 5 6
7 0 0
36 9 17
27 1 2
25 0 0
51 25 34
36 27 17
9 0 0
9 0 0
9 0 0
9 2 3
36 9 17
27 1 2
25 0 0
51 25 34
36 27 17
17 17 0
5 5 0
5 5 0
5 3 1
179573 98393 52206
81180 375 724
80805 236 452
80569 107 208
1248 312 623
936 372 380
327 76 81
815 327 552
1248 936 623
44 11 21
33 8 13
18 0 0
43 18 28
44 33 21
157 0 0
6084 105 209
9798 6084 4420
3714 3662 104
150 63 67
150 48 64
150 52 67
150 133 28
150 102 56
48 5 6
43 6 10
37 0 0
37 8 9
52 7 13
45 0 0
45 4 6
41 0 0
48 0 0
48 6 9
42 0 0
42 1 2
63 10 14
53 0 0
53 5 8
48 0 0
4264 1066 2131
3198 766 991
1792 390 579
3834 1792 2491
4264 3198 2131
4264 1225 2126
4264 3198 2131
14548 3637 7273
10911 2497 3466
5928 1603 2356
12739 5928 8587
14548 10911 7273
3637 2412 798
36572 1066 2073
142028 35507 71013
106521 23781 31939
60348 13470 18420
129618 60348 84614
142028 106521 71013
142028 95371 56021
142028 106521 71013
35507 485 924
95371 46132 46947
49239 0 0
49239 9741 15390
39498 23868 19594
34220 8593 12400
34220 8967 12346
34220 8027 11560
34220 15630 8559
34220 26287 11687
7933 1834 2206
6099 1014 1734
5085 0 0
5085 942 1576
46132 38448 12383
54692 13673 27345
41019 14345 14122
18004 4302 5655
40376 18004 26310
54692 41019 27345
13673 5989 4070
5744 1436 2871
4308 1385 1738
1728 691 741
3960 1728 2573
5744 4308 2871
1436 951 969
8027 1476 2067
6551 0 0
6551 545 882
6006 207 372
8967 0 0
8967 1867 2801
7100 362 539
6738 484 841
8593 2439 3546
6154 468 762
5686 493 865
5193 0 0
43018 8468 13319
43018 7478 11917
43018 7856 12500
43018 23868 7876
43018 33665 14372
9353 1976 2402
7377 1456 2216
5921 0 0
5921 993 1688
7856 2203 2902
5653 0 0
5653 1860 2331
3793 233 400
7478 0 0
7478 2035 2717
5443 1236 1651
4207 1033 1506
8468 1950 2762
6518 972 1406
5546 1661 2291
3885 0 0
9798 5148 3265
4650 939 1078
3711 3704 14
939 7 14
255746 177083 94892
78663 20983 29677
57680 55866 2862
20983 1025 1502
108010 80005 35680
80005 5955 9996
78054 24612 31926
53442 4380 7018
52437 10560 15968
41877 3647 5868
41239 6331 10012
34908 4091 6508
34470 3456 5618
31014 8757 11028
87280 10834 20851
76446 22535 32579
84877 65023 39708
10834 0 0
1564 534 329
11864 1564 2741
10300 1030 1665
22535 11841 9088
46493 25752 19994
81604 27006 44406
80231 60863 38735
45120 35799 13069
9321 9321 0
27006 14057 18966
5797 4424 1324
14322 5797 6950
8525 1373 2298
5955 4004 2389
4380 3375 1352
3647 3009 948
4091 3653 662
234244 29639 59179
289944 207305 113689
82639 56743 24649
55700 49096 12825
56743 2882 5370
55262 47941 11726
43059 1781 3361
42194 36485 9031
36161 1247 2388
35711 31249 7420
31953 1191 2284
31532 27285 6728
29037 16054 12541
50474 6435 12428
44039 7468 11568
48376 10885 21769
6435 0 0
1002 81 138
7356 1002 1976
6354 921 1586
7468 3124 3154
10870 4165 4359
25708 9624 15676
24531 19003 11055
9693 6526 3517
3167 3167 0
9624 4901 6793
1959 782 664
5900 1959 3099
3941 1177 1748
2882 1401 1495
1781 916 926
1247 797 555
1191 770 499
36485 30452 9614
47941 35738 16368
31249 27491 6153
27285 24790 4138
36243 33122 5856
144 138 10
3394 37 74
3357 4 8
3353 1258 1509
2335 873 1031
1634 892 766
820 43 78
777 60 105
3250 267 492
1258 240 354
873 172 250
892 78 124
680 141 234
680 145 265
680 136 238
680 141 240
65224 34424 26444
65224 39814 28244
65224 44170 26473
65224 46764 24536
144972 39342 54534
144972 108729 72485
39342 30593 12167
8749 8749 0
8749 4389 3619
93864 47774 49169
93864 70398 46931
23466 14717 7783
8749 5349 3311
3400 305 573
3095 0 0
47774 43407 7275
4367 0 0
4367 2566 2429
2089 288 508
1801 1368 591
2999 2999 0
3731 732 854
2999 728 978
2271 799 943
1472 787 568
685 685 0
732 732 0
14760 6011 5321
8749 2264 3163
6485 2403 2946
4082 1944 1988
2138 2138 0
6011 6011 0
323 323 0
323 159 259
164 164 0
323 0 0
323 159 259
323 323 0
323 159 259
164 0 0
164 164 0
37520 0 0
471 385 172
385 382 6
942 0 0
99331 49418 49676
49913 0 0
49913 49913 0
72651 1467 2878
121097 22 44
121075 35408 42406
85667 37221 23742
49418 0 0
49418 0 0
122827 27 54
122800 35775 43550
87025 48885 25412
73942 73409 1036
533 0 0
4857 30 60
5360 1 2
5359 2398 2486
2961 503 673
4733 39 78
6161 2 4
6159 2239 2451
3920 1428 876
1467 1467 0
37520 792 1580
36728 36728 0
99331 69 70
99261 74446 49630
63165 23937 36291
39228 38350 1756
23937 0 0
36728 485 924
36243 10480 15223
66338 40575 35589
25763 325 632
25438 0 0
65752 528 872
316646 58757 105177
257889 251422 12934
65224 46131 23184
65752 40314 35321
25438 12803 12190
12635 10316 3665
3133 0 0
3133 814 1120
12635 12635 0
2 2 0
312 0 0
312 312 0
312 312 0
69237 40078 11442
69237 69080 313
157 0 0
248915 0 0
471 173 66
471 162 324
309 0 0
309 113 66
162 102 66
314 0 0
314 314 0
53674 0 0
53988 0 0
53988 21009 8235
53988 52349 2183
53988 53674 627
314 0 0
314 152 303
162 102 66
15936 98 195
17436 15936 2738
1500 1496 8
152 97 62
16781 97 193
16781 15350 2630
9515 55 109
9515 8707 1512
10256 60 119
10256 9369 1632
2 2 0
2 2 0
2 2 0
342 2 3
342 2 3
340 306 64
340 330 20
2 2 0
353 2 3
353 0 0
353 4 8
349 9 18
340 18 27
322 0 0
2 0 0
2 0 0
2 0 0
159 0 0
159 159 0
1590 163 321
2 0 0
2 0 0
2 0 0
2 2 0
292 292 0
292 163 258
292 292 0
292 0 0
292 2 4
1590 1431 317
951 0 0
951 0 0
951 0 0
951 0 0
951 636 573
315 0 0
315 0 0
315 0 0
315 315 0
315 0 0
315 186 258
129 129 0
315 315 0
315 0 0
315 186 258
129 129 0
636 0 0
636 636 0
636 0 0
636 636 0
636 0 0
636 0 0
636 0 0
636 0 0
636 632 4
4 0 0
4 0 0
4 0 0
4 4 0
636 0 0
636 167 313
469 0 0
469 0 0
469 0 0
469 0 0
469 430 77
636 0 0
636 4 4
636 636 0
636 636 0
636 0 0
636 0 0
636 0 0
636 636 0
636 0 0
430 0 0
430 0 0
430 157 313
157 157 0
636 636 0
1293 0 0
1293 636 317
657 635 44
22 22 0
22 0 0
1271 630 317
641 350 4
291 0 0
291 0 0
291 291 0
960 0 0
630 316 313
314 0 0
630 471 313
1250 0 0
2230 489 970
1741 0 0
1741 0 0
1741 1393 8
348 345 6
1408 158 315
1250 302 322
948 590 320
358 162 313
445 0 0
445 353 184
590 0 0
590 249 314
353 353 0
353 0 0
353 353 0
345 6 7
339 6 12
333 80 9
333 333 0
489 473 8
624 297 335
327 0 0
327 320 12
7 0 0
7 4 3
3 0 0
3 3 0
1333 0 0
1957 1333 1167
624 488 248
158 0 0
22 22 0
473 315 316
158 157 2
1 0 0
1 1 0
1 0 0
1 0 0
1 0 0
1 0 0
1 1 0
1 0 0
1 0 0
488 0 0
488 0 0
488 0 0
488 0 0
488 7 14
481 323 315
488 482 12
6 0 0
482 0 0
482 472 6
482 6 4
1 0 0
1 0 0
1 0 0
323 0 0
323 0 0
323 0 0
1293 0 0
1293 0 0
1293 1293 0
1293 0 0
1293 0 0
1293 1293 0
1293 0 0
1293 0 0
1293 0 0
1293 0 0
951 0 0
951 0 0
951 0 0
951 951 0
1413 0 0
1413 0 0
1413 1413 0
1413 0 0
1413 0 0
1413 0 0
18526 17113 2825
792 395 363
397 0 0
397 317 145
395 315 156
315 315 0
317 0 0
317 317 0
315 0 0
3771 3456 629
3776 3459 633
1293 0 0
