# Mix output version 2
# FINI: end of program
# EMIT_DYNAMIC_STATS FOR TID 1
# instructions = 100101551, basic blocks = 16251314
Local Byte Stride Bucket 0 is equal to 21382671
Local Byte Stride Bucket 1 is equal to 47
Local Byte Stride Bucket 2 is equal to 461235
Local Byte Stride Bucket 3 is equal to 15
Local Byte Stride Bucket 4 is equal to 2418337
Local Byte Stride Bucket 5 is equal to 72
Local Byte Stride Bucket 6 is equal to 40653
Local Byte Stride Bucket 7 is equal to 7
Local Byte Stride Bucket 8 is equal to 633159
Local Byte Stride Bucket 9 is equal to 17
Local Byte Stride Bucket 10 is equal to 22600
Local Byte Stride Bucket 11 is equal to 22
Local Byte Stride Bucket 12 is equal to 325348
Local Byte Stride Bucket 13 is equal to 22
Local Byte Stride Bucket 14 is equal to 18892
Local Byte Stride Bucket 15 is equal to 26
Local Byte Stride Bucket 16 is equal to 83081
Local Byte Stride Bucket 17 is equal to 11
Local Byte Stride Bucket 18 is equal to 19391
Local Byte Stride Bucket 19 is equal to 8
Local Byte Stride Bucket 20 is equal to 54118
Local Byte Stride Bucket 21 is equal to 10
Local Byte Stride Bucket 22 is equal to 18077
Local Byte Stride Bucket 23 is equal to 25
Local Byte Stride Bucket 24 is equal to 155299
Local Byte Stride Bucket 25 is equal to 9
Local Byte Stride Bucket 26 is equal to 19957
Local Byte Stride Bucket 27 is equal to 10
Local Byte Stride Bucket 28 is equal to 97470
Local Byte Stride Bucket 29 is equal to 31
Local Byte Stride Bucket 30 is equal to 22859
Local Byte Stride Bucket 31 is equal to 11
Local Byte Stride Bucket 32 is equal to 92232
Local Byte Stride Bucket 33 is equal to 7
Local Byte Stride Bucket 34 is equal to 26152
Local Byte Stride Bucket 35 is equal to 6
Local Byte Stride Bucket 36 is equal to 42936
Local Byte Stride Bucket 37 is equal to 5
Local Byte Stride Bucket 38 is equal to 106733
Local Byte Stride Bucket 39 is equal to 10
Local Byte Stride Bucket 40 is equal to 328932
Local Byte Stride Bucket 41 is equal to 10
Local Byte Stride Bucket 42 is equal to 213080
Local Byte Stride Bucket 43 is equal to 7
Local Byte Stride Bucket 44 is equal to 470290
Local Byte Stride Bucket 45 is equal to 7
Local Byte Stride Bucket 46 is equal to 74832
Local Byte Stride Bucket 47 is equal to 8
Local Byte Stride Bucket 48 is equal to 50427
Local Byte Stride Bucket 49 is equal to 12
Local Byte Stride Bucket 50 is equal to 23139
Local Byte Stride Bucket 51 is equal to 5
Local Byte Stride Bucket 52 is equal to 27910
Local Byte Stride Bucket 53 is equal to 11
Local Byte Stride Bucket 54 is equal to 23283
Local Byte Stride Bucket 55 is equal to 4
Local Byte Stride Bucket 56 is equal to 31793
Local Byte Stride Bucket 57 is equal to 11
Local Byte Stride Bucket 58 is equal to 17735
Local Byte Stride Bucket 59 is equal to 16
Local Byte Stride Bucket 60 is equal to 26274
Local Byte Stride Bucket 61 is equal to 27
Local Byte Stride Bucket 62 is equal to 15232
Local Byte Stride Bucket 63 is equal to 34
Local Byte Stride Bucket 64 is equal to 766733
Local Byte Stride Bucket 65 is equal to 30
Local Byte Stride Bucket 66 is equal to 15276
Local Byte Stride Bucket 67 is equal to 8
Local Byte Stride Bucket 68 is equal to 31571
Local Byte Stride Bucket 69 is equal to 10
Local Byte Stride Bucket 70 is equal to 16654
Local Byte Stride Bucket 71 is equal to 17
Local Byte Stride Bucket 72 is equal to 32527
Local Byte Stride Bucket 73 is equal to 12
Local Byte Stride Bucket 74 is equal to 20367
Local Byte Stride Bucket 75 is equal to 7
Local Byte Stride Bucket 76 is equal to 174535
Local Byte Stride Bucket 77 is equal to 24
Local Byte Stride Bucket 78 is equal to 26151
Local Byte Stride Bucket 79 is equal to 3
Local Byte Stride Bucket 80 is equal to 310347
Local Byte Stride Bucket 81 is equal to 4
Local Byte Stride Bucket 82 is equal to 68144
Local Byte Stride Bucket 83 is equal to 13
Local Byte Stride Bucket 84 is equal to 328215
Local Byte Stride Bucket 85 is equal to 3
Local Byte Stride Bucket 86 is equal to 63252
Local Byte Stride Bucket 87 is equal to 5
Local Byte Stride Bucket 88 is equal to 437336
Local Byte Stride Bucket 89 is equal to 5
Local Byte Stride Bucket 90 is equal to 21746
Local Byte Stride Bucket 91 is equal to 6
Local Byte Stride Bucket 92 is equal to 65985
Local Byte Stride Bucket 93 is equal to 1
Local Byte Stride Bucket 94 is equal to 23669
Local Byte Stride Bucket 95 is equal to 8
Local Byte Stride Bucket 96 is equal to 31841
Local Byte Stride Bucket 97 is equal to 6
Local Byte Stride Bucket 98 is equal to 15833
Local Byte Stride Bucket 99 is equal to 3
Local Byte Stride Bucket 100 is equal to 26591
Local Byte Stride Bucket 101 is equal to 8
Local Byte Stride Bucket 102 is equal to 14429
Local Byte Stride Bucket 103 is equal to 4
Local Byte Stride Bucket 104 is equal to 23364
Local Byte Stride Bucket 105 is equal to 11
Local Byte Stride Bucket 106 is equal to 22012
Local Byte Stride Bucket 107 is equal to 10
Local Byte Stride Bucket 108 is equal to 22363
Local Byte Stride Bucket 109 is equal to 4
Local Byte Stride Bucket 110 is equal to 14514
Local Byte Stride Bucket 111 is equal to 3
Local Byte Stride Bucket 112 is equal to 23927
Local Byte Stride Bucket 113 is equal to 20
Local Byte Stride Bucket 114 is equal to 18427
Local Byte Stride Bucket 115 is equal to 3
Local Byte Stride Bucket 116 is equal to 23757
Local Byte Stride Bucket 117 is equal to 7
Local Byte Stride Bucket 118 is equal to 22007
Local Byte Stride Bucket 119 is equal to 3
Local Byte Stride Bucket 120 is equal to 25304
Local Byte Stride Bucket 121 is equal to 2
Local Byte Stride Bucket 122 is equal to 26558
Local Byte Stride Bucket 123 is equal to 7
Local Byte Stride Bucket 124 is equal to 36074
Local Byte Stride Bucket 125 is equal to 5
Local Byte Stride Bucket 126 is equal to 35676
Local Byte Stride Bucket 127 is equal to 24
Local Byte Stride Bucket 128 is equal to 166899
Local Byte Stride Bucket 129 is equal to 7
Local Byte Stride Bucket 130 is equal to 20478
Local Byte Stride Bucket 131 is equal to 5
Local Byte Stride Bucket 132 is equal to 32676
Local Byte Stride Bucket 133 is equal to 24
Local Byte Stride Bucket 134 is equal to 16992
Local Byte Stride Bucket 135 is equal to 5
Local Byte Stride Bucket 136 is equal to 21600
Local Byte Stride Bucket 137 is equal to 1
Local Byte Stride Bucket 138 is equal to 13977
Local Byte Stride Bucket 139 is equal to 4
Local Byte Stride Bucket 140 is equal to 19375
Local Byte Stride Bucket 141 is equal to 6
Local Byte Stride Bucket 142 is equal to 15166
Local Byte Stride Bucket 143 is equal to 10
Local Byte Stride Bucket 144 is equal to 24951
Local Byte Stride Bucket 145 is equal to 56
Local Byte Stride Bucket 146 is equal to 11375
Local Byte Stride Bucket 147 is equal to 6
Local Byte Stride Bucket 148 is equal to 20068
Local Byte Stride Bucket 149 is equal to 36
Local Byte Stride Bucket 150 is equal to 13343
Local Byte Stride Bucket 151 is equal to 11
Local Byte Stride Bucket 152 is equal to 22343
Local Byte Stride Bucket 153 is equal to 6
Local Byte Stride Bucket 154 is equal to 13342
Local Byte Stride Bucket 155 is equal to 9
Local Byte Stride Bucket 156 is equal to 25748
Local Byte Stride Bucket 157 is equal to 27
Local Byte Stride Bucket 158 is equal to 15434
Local Byte Stride Bucket 159 is equal to 7
Local Byte Stride Bucket 160 is equal to 166533
Local Byte Stride Bucket 161 is equal to 9
Local Byte Stride Bucket 162 is equal to 21430
Local Byte Stride Bucket 163 is equal to 0
Local Byte Stride Bucket 164 is equal to 60850
Local Byte Stride Bucket 165 is equal to 3
Local Byte Stride Bucket 166 is equal to 18505
Local Byte Stride Bucket 167 is equal to 7
Local Byte Stride Bucket 168 is equal to 84181
Local Byte Stride Bucket 169 is equal to 4
Local Byte Stride Bucket 170 is equal to 18454
Local Byte Stride Bucket 171 is equal to 1
Local Byte Stride Bucket 172 is equal to 51690
Local Byte Stride Bucket 173 is equal to 4
Local Byte Stride Bucket 174 is equal to 17884
Local Byte Stride Bucket 175 is equal to 11
Local Byte Stride Bucket 176 is equal to 30645
Local Byte Stride Bucket 177 is equal to 13
Local Byte Stride Bucket 178 is equal to 11028
Local Byte Stride Bucket 179 is equal to 7
Local Byte Stride Bucket 180 is equal to 28670
Local Byte Stride Bucket 181 is equal to 9
Local Byte Stride Bucket 182 is equal to 13451
Local Byte Stride Bucket 183 is equal to 7
Local Byte Stride Bucket 184 is equal to 20372
Local Byte Stride Bucket 185 is equal to 1
Local Byte Stride Bucket 186 is equal to 11614
Local Byte Stride Bucket 187 is equal to 5
Local Byte Stride Bucket 188 is equal to 18986
Local Byte Stride Bucket 189 is equal to 7
Local Byte Stride Bucket 190 is equal to 13599
Local Byte Stride Bucket 191 is equal to 25
Local Byte Stride Bucket 192 is equal to 68141
Local Byte Stride Bucket 193 is equal to 19
Local Byte Stride Bucket 194 is equal to 10087
Local Byte Stride Bucket 195 is equal to 3
Local Byte Stride Bucket 196 is equal to 19081
Local Byte Stride Bucket 197 is equal to 11
Local Byte Stride Bucket 198 is equal to 11979
Local Byte Stride Bucket 199 is equal to 10
Local Byte Stride Bucket 200 is equal to 19336
Local Byte Stride Bucket 201 is equal to 5
Local Byte Stride Bucket 202 is equal to 11489
Local Byte Stride Bucket 203 is equal to 4
Local Byte Stride Bucket 204 is equal to 22106
Local Byte Stride Bucket 205 is equal to 13
Local Byte Stride Bucket 206 is equal to 12284
Local Byte Stride Bucket 207 is equal to 22
Local Byte Stride Bucket 208 is equal to 22568
Local Byte Stride Bucket 209 is equal to 8
Local Byte Stride Bucket 210 is equal to 16065
Local Byte Stride Bucket 211 is equal to 7
Local Byte Stride Bucket 212 is equal to 22440
Local Byte Stride Bucket 213 is equal to 6
Local Byte Stride Bucket 214 is equal to 14419
Local Byte Stride Bucket 215 is equal to 5
Local Byte Stride Bucket 216 is equal to 20144
Local Byte Stride Bucket 217 is equal to 15
Local Byte Stride Bucket 218 is equal to 12915
Local Byte Stride Bucket 219 is equal to 2
Local Byte Stride Bucket 220 is equal to 37211
Local Byte Stride Bucket 221 is equal to 4
Local Byte Stride Bucket 222 is equal to 11090
Local Byte Stride Bucket 223 is equal to 16
Local Byte Stride Bucket 224 is equal to 78871
Local Byte Stride Bucket 225 is equal to 3
Local Byte Stride Bucket 226 is equal to 11612
Local Byte Stride Bucket 227 is equal to 15
Local Byte Stride Bucket 228 is equal to 20185
Local Byte Stride Bucket 229 is equal to 6
Local Byte Stride Bucket 230 is equal to 11446
Local Byte Stride Bucket 231 is equal to 14
Local Byte Stride Bucket 232 is equal to 18394
Local Byte Stride Bucket 233 is equal to 5
Local Byte Stride Bucket 234 is equal to 10607
Local Byte Stride Bucket 235 is equal to 5
Local Byte Stride Bucket 236 is equal to 20037
Local Byte Stride Bucket 237 is equal to 19
Local Byte Stride Bucket 238 is equal to 18651
Local Byte Stride Bucket 239 is equal to 5
Local Byte Stride Bucket 240 is equal to 19517
Local Byte Stride Bucket 241 is equal to 7
Local Byte Stride Bucket 242 is equal to 10762
Local Byte Stride Bucket 243 is equal to 9
Local Byte Stride Bucket 244 is equal to 22371
Local Byte Stride Bucket 245 is equal to 3
Local Byte Stride Bucket 246 is equal to 10216
Local Byte Stride Bucket 247 is equal to 10
Local Byte Stride Bucket 248 is equal to 28246
Local Byte Stride Bucket 249 is equal to 25
Local Byte Stride Bucket 250 is equal to 11833
Local Byte Stride Bucket 251 is equal to 10
Local Byte Stride Bucket 252 is equal to 38275
Local Byte Stride Bucket 253 is equal to 14
Local Byte Stride Bucket 254 is equal to 12722
Local Byte Stride Bucket 255 is equal to 9
Local Byte Stride Bucket 256 is equal to 3805857

Local Cache Stride Bucket 0 is equal to 25543770
Local Cache Stride Bucket 1 is equal to 3802411
Local Cache Stride Bucket 2 is equal to 1367849
Local Cache Stride Bucket 3 is equal to 796341
Local Cache Stride Bucket 4 is equal to 609299
Local Cache Stride Bucket 5 is equal to 472490
Local Cache Stride Bucket 6 is equal to 419964
Local Cache Stride Bucket 7 is equal to 407702
Local Cache Stride Bucket 8 is equal to 318688
Local Cache Stride Bucket 9 is equal to 306719
Local Cache Stride Bucket 10 is equal to 240488
Local Cache Stride Bucket 11 is equal to 205329
Local Cache Stride Bucket 12 is equal to 162062
Local Cache Stride Bucket 13 is equal to 118313
Local Cache Stride Bucket 14 is equal to 82304
Local Cache Stride Bucket 15 is equal to 61274
Local Cache Stride Bucket 16 is equal to 54124
Local Cache Stride Bucket 17 is equal to 49175
Local Cache Stride Bucket 18 is equal to 41687
Local Cache Stride Bucket 19 is equal to 43249
Local Cache Stride Bucket 20 is equal to 35515
Local Cache Stride Bucket 21 is equal to 32551
Local Cache Stride Bucket 22 is equal to 28283
Local Cache Stride Bucket 23 is equal to 26762
Local Cache Stride Bucket 24 is equal to 18297
Local Cache Stride Bucket 25 is equal to 3372
Local Cache Stride Bucket 26 is equal to 494
Local Cache Stride Bucket 27 is equal to 1247
Local Cache Stride Bucket 28 is equal to 1855
Local Cache Stride Bucket 29 is equal to 176
Local Cache Stride Bucket 30 is equal to 337
Local Cache Stride Bucket 31 is equal to 302
Local Cache Stride Bucket 32 is equal to 503
Local Cache Stride Bucket 33 is equal to 240
Local Cache Stride Bucket 34 is equal to 282
Local Cache Stride Bucket 35 is equal to 193
Local Cache Stride Bucket 36 is equal to 190
Local Cache Stride Bucket 37 is equal to 179
Local Cache Stride Bucket 38 is equal to 218
Local Cache Stride Bucket 39 is equal to 124
Local Cache Stride Bucket 40 is equal to 180
Local Cache Stride Bucket 41 is equal to 116
Local Cache Stride Bucket 42 is equal to 162
Local Cache Stride Bucket 43 is equal to 129
Local Cache Stride Bucket 44 is equal to 174
Local Cache Stride Bucket 45 is equal to 103
Local Cache Stride Bucket 46 is equal to 130
Local Cache Stride Bucket 47 is equal to 209
Local Cache Stride Bucket 48 is equal to 242
Local Cache Stride Bucket 49 is equal to 236
Local Cache Stride Bucket 50 is equal to 113
Local Cache Stride Bucket 51 is equal to 130
Local Cache Stride Bucket 52 is equal to 116
Local Cache Stride Bucket 53 is equal to 117
Local Cache Stride Bucket 54 is equal to 108
Local Cache Stride Bucket 55 is equal to 1346
Local Cache Stride Bucket 56 is equal to 110
Local Cache Stride Bucket 57 is equal to 110
Local Cache Stride Bucket 58 is equal to 142
Local Cache Stride Bucket 59 is equal to 127
Local Cache Stride Bucket 60 is equal to 255
Local Cache Stride Bucket 61 is equal to 133
Local Cache Stride Bucket 62 is equal to 108
Local Cache Stride Bucket 63 is equal to 211
Local Cache Stride Bucket 64 is equal to 428
Local Cache Stride Bucket 65 is equal to 201
Local Cache Stride Bucket 66 is equal to 170
Local Cache Stride Bucket 67 is equal to 171
Local Cache Stride Bucket 68 is equal to 203
Local Cache Stride Bucket 69 is equal to 140
Local Cache Stride Bucket 70 is equal to 105
Local Cache Stride Bucket 71 is equal to 136
Local Cache Stride Bucket 72 is equal to 83
Local Cache Stride Bucket 73 is equal to 95
Local Cache Stride Bucket 74 is equal to 116
Local Cache Stride Bucket 75 is equal to 165
Local Cache Stride Bucket 76 is equal to 187
Local Cache Stride Bucket 77 is equal to 175
Local Cache Stride Bucket 78 is equal to 162
Local Cache Stride Bucket 79 is equal to 156
Local Cache Stride Bucket 80 is equal to 298
Local Cache Stride Bucket 81 is equal to 183
Local Cache Stride Bucket 82 is equal to 151
Local Cache Stride Bucket 83 is equal to 124
Local Cache Stride Bucket 84 is equal to 172
Local Cache Stride Bucket 85 is equal to 164
Local Cache Stride Bucket 86 is equal to 279
Local Cache Stride Bucket 87 is equal to 100
Local Cache Stride Bucket 88 is equal to 188
Local Cache Stride Bucket 89 is equal to 144
Local Cache Stride Bucket 90 is equal to 124
Local Cache Stride Bucket 91 is equal to 87
Local Cache Stride Bucket 92 is equal to 154
Local Cache Stride Bucket 93 is equal to 111
Local Cache Stride Bucket 94 is equal to 262
Local Cache Stride Bucket 95 is equal to 116
Local Cache Stride Bucket 96 is equal to 212
Local Cache Stride Bucket 97 is equal to 161
Local Cache Stride Bucket 98 is equal to 119
Local Cache Stride Bucket 99 is equal to 102
Local Cache Stride Bucket 100 is equal to 92
Local Cache Stride Bucket 101 is equal to 77
Local Cache Stride Bucket 102 is equal to 123
Local Cache Stride Bucket 103 is equal to 107
Local Cache Stride Bucket 104 is equal to 114
Local Cache Stride Bucket 105 is equal to 72
Local Cache Stride Bucket 106 is equal to 95
Local Cache Stride Bucket 107 is equal to 110
Local Cache Stride Bucket 108 is equal to 91
Local Cache Stride Bucket 109 is equal to 717
Local Cache Stride Bucket 110 is equal to 118
Local Cache Stride Bucket 111 is equal to 111
Local Cache Stride Bucket 112 is equal to 278
Local Cache Stride Bucket 113 is equal to 110
Local Cache Stride Bucket 114 is equal to 102
Local Cache Stride Bucket 115 is equal to 102
Local Cache Stride Bucket 116 is equal to 82
Local Cache Stride Bucket 117 is equal to 1021
Local Cache Stride Bucket 118 is equal to 405
Local Cache Stride Bucket 119 is equal to 110
Local Cache Stride Bucket 120 is equal to 118
Local Cache Stride Bucket 121 is equal to 84
Local Cache Stride Bucket 122 is equal to 128
Local Cache Stride Bucket 123 is equal to 144
Local Cache Stride Bucket 124 is equal to 127
Local Cache Stride Bucket 125 is equal to 90
Local Cache Stride Bucket 126 is equal to 176
Local Cache Stride Bucket 127 is equal to 117
Local Cache Stride Bucket 128 is equal to 1734
Local Cache Stride Bucket 129 is equal to 1438
Local Cache Stride Bucket 130 is equal to 146
Local Cache Stride Bucket 131 is equal to 106
Local Cache Stride Bucket 132 is equal to 192
Local Cache Stride Bucket 133 is equal to 123
Local Cache Stride Bucket 134 is equal to 159
Local Cache Stride Bucket 135 is equal to 122
Local Cache Stride Bucket 136 is equal to 101
Local Cache Stride Bucket 137 is equal to 88
Local Cache Stride Bucket 138 is equal to 72
Local Cache Stride Bucket 139 is equal to 101
Local Cache Stride Bucket 140 is equal to 80
Local Cache Stride Bucket 141 is equal to 107
Local Cache Stride Bucket 142 is equal to 68
Local Cache Stride Bucket 143 is equal to 122
Local Cache Stride Bucket 144 is equal to 108
Local Cache Stride Bucket 145 is equal to 129
Local Cache Stride Bucket 146 is equal to 49
Local Cache Stride Bucket 147 is equal to 86
Local Cache Stride Bucket 148 is equal to 88
Local Cache Stride Bucket 149 is equal to 132
Local Cache Stride Bucket 150 is equal to 69
Local Cache Stride Bucket 151 is equal to 113
Local Cache Stride Bucket 152 is equal to 108
Local Cache Stride Bucket 153 is equal to 103
Local Cache Stride Bucket 154 is equal to 59
Local Cache Stride Bucket 155 is equal to 111
Local Cache Stride Bucket 156 is equal to 92
Local Cache Stride Bucket 157 is equal to 63
Local Cache Stride Bucket 158 is equal to 94
Local Cache Stride Bucket 159 is equal to 102
Local Cache Stride Bucket 160 is equal to 156
Local Cache Stride Bucket 161 is equal to 78
Local Cache Stride Bucket 162 is equal to 91
Local Cache Stride Bucket 163 is equal to 119
Local Cache Stride Bucket 164 is equal to 94
Local Cache Stride Bucket 165 is equal to 79
Local Cache Stride Bucket 166 is equal to 98
Local Cache Stride Bucket 167 is equal to 250
Local Cache Stride Bucket 168 is equal to 97
Local Cache Stride Bucket 169 is equal to 87
Local Cache Stride Bucket 170 is equal to 104
Local Cache Stride Bucket 171 is equal to 116
Local Cache Stride Bucket 172 is equal to 1351
Local Cache Stride Bucket 173 is equal to 156
Local Cache Stride Bucket 174 is equal to 128
Local Cache Stride Bucket 175 is equal to 131
Local Cache Stride Bucket 176 is equal to 127
Local Cache Stride Bucket 177 is equal to 162
Local Cache Stride Bucket 178 is equal to 119
Local Cache Stride Bucket 179 is equal to 87
Local Cache Stride Bucket 180 is equal to 68
Local Cache Stride Bucket 181 is equal to 1347
Local Cache Stride Bucket 182 is equal to 85
Local Cache Stride Bucket 183 is equal to 76
Local Cache Stride Bucket 184 is equal to 128
Local Cache Stride Bucket 185 is equal to 92
Local Cache Stride Bucket 186 is equal to 80
Local Cache Stride Bucket 187 is equal to 97
Local Cache Stride Bucket 188 is equal to 121
Local Cache Stride Bucket 189 is equal to 90
Local Cache Stride Bucket 190 is equal to 71
Local Cache Stride Bucket 191 is equal to 102
Local Cache Stride Bucket 192 is equal to 257
Local Cache Stride Bucket 193 is equal to 124
Local Cache Stride Bucket 194 is equal to 216
Local Cache Stride Bucket 195 is equal to 89
Local Cache Stride Bucket 196 is equal to 148
Local Cache Stride Bucket 197 is equal to 104
Local Cache Stride Bucket 198 is equal to 86
Local Cache Stride Bucket 199 is equal to 43
Local Cache Stride Bucket 200 is equal to 76
Local Cache Stride Bucket 201 is equal to 68
Local Cache Stride Bucket 202 is equal to 94
Local Cache Stride Bucket 203 is equal to 92
Local Cache Stride Bucket 204 is equal to 81
Local Cache Stride Bucket 205 is equal to 104
Local Cache Stride Bucket 206 is equal to 76
Local Cache Stride Bucket 207 is equal to 128
Local Cache Stride Bucket 208 is equal to 128
Local Cache Stride Bucket 209 is equal to 147
Local Cache Stride Bucket 210 is equal to 147
Local Cache Stride Bucket 211 is equal to 115
Local Cache Stride Bucket 212 is equal to 146
Local Cache Stride Bucket 213 is equal to 111
Local Cache Stride Bucket 214 is equal to 80
Local Cache Stride Bucket 215 is equal to 129
Local Cache Stride Bucket 216 is equal to 56
Local Cache Stride Bucket 217 is equal to 114
Local Cache Stride Bucket 218 is equal to 153
Local Cache Stride Bucket 219 is equal to 73
Local Cache Stride Bucket 220 is equal to 116
Local Cache Stride Bucket 221 is equal to 84
Local Cache Stride Bucket 222 is equal to 81
Local Cache Stride Bucket 223 is equal to 89
Local Cache Stride Bucket 224 is equal to 239
Local Cache Stride Bucket 225 is equal to 135
Local Cache Stride Bucket 226 is equal to 125
Local Cache Stride Bucket 227 is equal to 105
Local Cache Stride Bucket 228 is equal to 141
Local Cache Stride Bucket 229 is equal to 83
Local Cache Stride Bucket 230 is equal to 96
Local Cache Stride Bucket 231 is equal to 93
Local Cache Stride Bucket 232 is equal to 103
Local Cache Stride Bucket 233 is equal to 105
Local Cache Stride Bucket 234 is equal to 84
Local Cache Stride Bucket 235 is equal to 160
Local Cache Stride Bucket 236 is equal to 96
Local Cache Stride Bucket 237 is equal to 154
Local Cache Stride Bucket 238 is equal to 121
Local Cache Stride Bucket 239 is equal to 160
Local Cache Stride Bucket 240 is equal to 722
Local Cache Stride Bucket 241 is equal to 678
Local Cache Stride Bucket 242 is equal to 156
Local Cache Stride Bucket 243 is equal to 220
Local Cache Stride Bucket 244 is equal to 155
Local Cache Stride Bucket 245 is equal to 87
Local Cache Stride Bucket 246 is equal to 116
Local Cache Stride Bucket 247 is equal to 95
Local Cache Stride Bucket 248 is equal to 190
Local Cache Stride Bucket 249 is equal to 121
Local Cache Stride Bucket 250 is equal to 108
Local Cache Stride Bucket 251 is equal to 168
Local Cache Stride Bucket 252 is equal to 303
Local Cache Stride Bucket 253 is equal to 216
Local Cache Stride Bucket 254 is equal to 123
Local Cache Stride Bucket 255 is equal to 206
Local Cache Stride Bucket 256 is equal to 361768


            "0": "21382671",
            "1": "47",
            "2": "461235",
            "3": "15",
            "4": "2418337",
            "5": "72",
            "6": "40653",
            "7": "7",
            "8": "633159",
            "9": "17",
            "10": "22600",
            "11": "22",
            "12": "325348",
            "13": "22",
            "14": "18892",
            "15": "26",
            "16": "83081",
            "17": "11",
            "18": "19391",
            "19": "8",
            "20": "54118",
            "21": "10",
            "22": "18077",
            "23": "25",
            "24": "155299",
            "25": "9",
            "26": "19957",
            "27": "10",
            "28": "97470",
            "29": "31",
            "30": "22859",
            "31": "11",
            "32": "92232",
            "33": "7",
            "34": "26152",
            "35": "6",
            "36": "42936",
            "37": "5",
            "38": "106733",
            "39": "10",
            "40": "328932",
            "41": "10",
            "42": "213080",
            "43": "7",
            "44": "470290",
            "45": "7",
            "46": "74832",
            "47": "8",
            "48": "50427",
            "49": "12",
            "50": "23139",
            "51": "5",
            "52": "27910",
            "53": "11",
            "54": "23283",
            "55": "4",
            "56": "31793",
            "57": "11",
            "58": "17735",
            "59": "16",
            "60": "26274",
            "61": "27",
            "62": "15232",
            "63": "34",
            "64": "766733",
            "65": "30",
            "66": "15276",
            "67": "8",
            "68": "31571",
            "69": "10",
            "70": "16654",
            "71": "17",
            "72": "32527",
            "73": "12",
            "74": "20367",
            "75": "7",
            "76": "174535",
            "77": "24",
            "78": "26151",
            "79": "3",
            "80": "310347",
            "81": "4",
            "82": "68144",
            "83": "13",
            "84": "328215",
            "85": "3",
            "86": "63252",
            "87": "5",
            "88": "437336",
            "89": "5",
            "90": "21746",
            "91": "6",
            "92": "65985",
            "93": "1",
            "94": "23669",
            "95": "8",
            "96": "31841",
            "97": "6",
            "98": "15833",
            "99": "3",
            "100": "26591",
            "101": "8",
            "102": "14429",
            "103": "4",
            "104": "23364",
            "105": "11",
            "106": "22012",
            "107": "10",
            "108": "22363",
            "109": "4",
            "110": "14514",
            "111": "3",
            "112": "23927",
            "113": "20",
            "114": "18427",
            "115": "3",
            "116": "23757",
            "117": "7",
            "118": "22007",
            "119": "3",
            "120": "25304",
            "121": "2",
            "122": "26558",
            "123": "7",
            "124": "36074",
            "125": "5",
            "126": "35676",
            "127": "24",
            "128": "166899",
            "129": "7",
            "130": "20478",
            "131": "5",
            "132": "32676",
            "133": "24",
            "134": "16992",
            "135": "5",
            "136": "21600",
            "137": "1",
            "138": "13977",
            "139": "4",
            "140": "19375",
            "141": "6",
            "142": "15166",
            "143": "10",
            "144": "24951",
            "145": "56",
            "146": "11375",
            "147": "6",
            "148": "20068",
            "149": "36",
            "150": "13343",
            "151": "11",
            "152": "22343",
            "153": "6",
            "154": "13342",
            "155": "9",
            "156": "25748",
            "157": "27",
            "158": "15434",
            "159": "7",
            "160": "166533",
            "161": "9",
            "162": "21430",
            "163": "0",
            "164": "60850",
            "165": "3",
            "166": "18505",
            "167": "7",
            "168": "84181",
            "169": "4",
            "170": "18454",
            "171": "1",
            "172": "51690",
            "173": "4",
            "174": "17884",
            "175": "11",
            "176": "30645",
            "177": "13",
            "178": "11028",
            "179": "7",
            "180": "28670",
            "181": "9",
            "182": "13451",
            "183": "7",
            "184": "20372",
            "185": "1",
            "186": "11614",
            "187": "5",
            "188": "18986",
            "189": "7",
            "190": "13599",
            "191": "25",
            "192": "68141",
            "193": "19",
            "194": "10087",
            "195": "3",
            "196": "19081",
            "197": "11",
            "198": "11979",
            "199": "10",
            "200": "19336",
            "201": "5",
            "202": "11489",
            "203": "4",
            "204": "22106",
            "205": "13",
            "206": "12284",
            "207": "22",
            "208": "22568",
            "209": "8",
            "210": "16065",
            "211": "7",
            "212": "22440",
            "213": "6",
            "214": "14419",
            "215": "5",
            "216": "20144",
            "217": "15",
            "218": "12915",
            "219": "2",
            "220": "37211",
            "221": "4",
            "222": "11090",
            "223": "16",
            "224": "78871",
            "225": "3",
            "226": "11612",
            "227": "15",
            "228": "20185",
            "229": "6",
            "230": "11446",
            "231": "14",
            "232": "18394",
            "233": "5",
            "234": "10607",
            "235": "5",
            "236": "20037",
            "237": "19",
            "238": "18651",
            "239": "5",
            "240": "19517",
            "241": "7",
            "242": "10762",
            "243": "9",
            "244": "22371",
            "245": "3",
            "246": "10216",
            "247": "10",
            "248": "28246",
            "249": "25",
            "250": "11833",
            "251": "10",
            "252": "38275",
            "253": "14",
            "254": "12722",
            "255": "9",
            "256": "3805857",


# END_DYNAMIC_STATS
