Block 0x0: Count: 164486, Running Total: 164486
Block 0x1: Count: 248915, Running Total: 413401
Block 0x2: Count: 78663, Running Total: 492064
Block 0x3: Count: 289944, Running Total: 782008
Block 0x4: Count: 179573, Running Total: 961581
Block 0x5: Count: 255746, Running Total: 1217327
Block 0x6: Count: 53988, Running Total: 1271315
Block 0x7: Count: 142028, Running Total: 1413343
Block 0x8: Count: 99261, Running Total: 1512604
Block 0x9: Count: 144972, Running Total: 1657576
Block 0xa: Count: 316646, Running Total: 1974222
Block 0xb: Count: 99331, Running Total: 2073553
Block 0xc: Count: 142028, Running Total: 2215581
Block 0xd: Count: 65224, Running Total: 2280805
Block 0xe: Count: 164485, Running Total: 2445290
Block 0xf: Count: 316646, Running Total: 2761936
Block 0x10: Count: 316646, Running Total: 3078582
Block 0x11: Count: 99262, Running Total: 3177844
Block 0x12: Count: 108010, Running Total: 3285854
Block 0x13: Count: 35507, Running Total: 3321361
Load metaop: *mem-read-1
Load metaop: *mem-read-2
Load metaop: *mem-read-4
Load metaop: *mem-read-8
Load metaop: *mem-read-16
Store metaop: *mem-write-1
Store metaop: *mem-write-2
Store metaop: *mem-write-4
Store metaop: *mem-write-8
Store metaop: *mem-write-16
Xfer metaop: *category-DATAXFER
Unrecognized opcode CDQ, classifying as "other"
Unrecognized opcode CDQE, classifying as "other"
Unrecognized opcode CMOVL, classifying as "other"
Unrecognized opcode CMOVLE, classifying as "other"
Unrecognized opcode CMOVNB, classifying as "other"
Unrecognized opcode CMOVNLE, classifying as "other"
Unrecognized opcode CMOVNZ, classifying as "other"
Unrecognized opcode CMOVZ, classifying as "other"
Unrecognized opcode CMPXCHG, classifying as "other"
Unrecognized opcode LDDQU, classifying as "other"
Unrecognized opcode LEAVE, classifying as "other"
Unrecognized opcode NOP, classifying as "other"
Opcode REP_STOSQ has repeat prefix; discarding prefix
Unrecognized opcode SETNBE, classifying as "other"
Unrecognized opcode SETNLE, classifying as "other"
Unrecognized opcode SETNZ, classifying as "other"
Unrecognized opcode SETZ, classifying as "other"
Unrecognized opcode VADDSS, classifying as "other"
Unrecognized opcode VCVTSI2SS, classifying as "other"
Unrecognized opcode VCVTTSS2SI, classifying as "other"
Unrecognized opcode VDIVSS, classifying as "other"
Unrecognized opcode VMOVSS, classifying as "other"
Unrecognized opcode VSUBSS, classifying as "other"
Unrecognized opcode VUCOMISS, classifying as "other"
Unrecognized opcode VXORPS, classifying as "other"
Total metaop: *total

Done parsing file

"Other" ratio: 28.0604196359%
Sum category count: 143040915
Static BBL count: 20

# FINI: end of program
Dynamic Instruction Count = 100101551, Dyn BBL Count = 3321361
<DynInsCount> 100101551
<BBLCount> 3321361
<TotInsCount> 100101551
<IntCount> 39445741
<IntMulCount> 740231
<IntDivCount> 142054
<FPCount> 0
<FPMulCount> 0
<FPDivCount> 0
<LdCount> 26081564
<StCount> 9573966
<Br/CallCount> 16243621
<CondBrCount> 10675857
<OtherCount> 40137881
<SysCallCount> 0

# END_DYNAMIC_STATS


Saving to file ./pinball_out/t0r22/imix_new.out


