# Mix output version 2
# FINI: end of program
# EMIT_DYNAMIC_STATS FOR TID 1
# instructions = 100101551, basic blocks = 16251314
Local Byte Stride Bucket -256 is equal to 1937789
Local Byte Stride Bucket -255 is equal to 6
Local Byte Stride Bucket -254 is equal to 6319
Local Byte Stride Bucket -253 is equal to 5
Local Byte Stride Bucket -252 is equal to 19644
Local Byte Stride Bucket -251 is equal to 4
Local Byte Stride Bucket -250 is equal to 6166
Local Byte Stride Bucket -249 is equal to 2
Local Byte Stride Bucket -248 is equal to 15781
Local Byte Stride Bucket -247 is equal to 2
Local Byte Stride Bucket -246 is equal to 5266
Local Byte Stride Bucket -244 is equal to 11714
Local Byte Stride Bucket -243 is equal to 4
Local Byte Stride Bucket -242 is equal to 5350
Local Byte Stride Bucket -241 is equal to 2
Local Byte Stride Bucket -240 is equal to 9348
Local Byte Stride Bucket -239 is equal to 1
Local Byte Stride Bucket -238 is equal to 9423
Local Byte Stride Bucket -237 is equal to 3
Local Byte Stride Bucket -236 is equal to 10290
Local Byte Stride Bucket -235 is equal to 4
Local Byte Stride Bucket -234 is equal to 5269
Local Byte Stride Bucket -233 is equal to 3
Local Byte Stride Bucket -232 is equal to 9364
Local Byte Stride Bucket -231 is equal to 1
Local Byte Stride Bucket -230 is equal to 5851
Local Byte Stride Bucket -229 is equal to 4
Local Byte Stride Bucket -228 is equal to 10139
Local Byte Stride Bucket -227 is equal to 2
Local Byte Stride Bucket -226 is equal to 5973
Local Byte Stride Bucket -225 is equal to 2
Local Byte Stride Bucket -224 is equal to 38687
Local Byte Stride Bucket -223 is equal to 13
Local Byte Stride Bucket -222 is equal to 5568
Local Byte Stride Bucket -221 is equal to 2
Local Byte Stride Bucket -220 is equal to 18984
Local Byte Stride Bucket -219 is equal to 2
Local Byte Stride Bucket -218 is equal to 6616
Local Byte Stride Bucket -217 is equal to 13
Local Byte Stride Bucket -216 is equal to 10072
Local Byte Stride Bucket -215 is equal to 3
Local Byte Stride Bucket -214 is equal to 7261
Local Byte Stride Bucket -213 is equal to 4
Local Byte Stride Bucket -212 is equal to 11212
Local Byte Stride Bucket -211 is equal to 3
Local Byte Stride Bucket -210 is equal to 7717
Local Byte Stride Bucket -209 is equal to 7
Local Byte Stride Bucket -208 is equal to 11220
Local Byte Stride Bucket -207 is equal to 17
Local Byte Stride Bucket -206 is equal to 6351
Local Byte Stride Bucket -204 is equal to 10971
Local Byte Stride Bucket -202 is equal to 5793
Local Byte Stride Bucket -201 is equal to 3
Local Byte Stride Bucket -200 is equal to 9483
Local Byte Stride Bucket -199 is equal to 9
Local Byte Stride Bucket -198 is equal to 6163
Local Byte Stride Bucket -197 is equal to 8
Local Byte Stride Bucket -196 is equal to 9784
Local Byte Stride Bucket -195 is equal to 3
Local Byte Stride Bucket -194 is equal to 5085
Local Byte Stride Bucket -193 is equal to 8
Local Byte Stride Bucket -192 is equal to 35829
Local Byte Stride Bucket -191 is equal to 19
Local Byte Stride Bucket -190 is equal to 6684
Local Byte Stride Bucket -189 is equal to 4
Local Byte Stride Bucket -188 is equal to 9749
Local Byte Stride Bucket -187 is equal to 3
Local Byte Stride Bucket -186 is equal to 5809
Local Byte Stride Bucket -185 is equal to 1
Local Byte Stride Bucket -184 is equal to 10696
Local Byte Stride Bucket -183 is equal to 2
Local Byte Stride Bucket -182 is equal to 6550
Local Byte Stride Bucket -181 is equal to 3
Local Byte Stride Bucket -180 is equal to 15727
Local Byte Stride Bucket -179 is equal to 3
Local Byte Stride Bucket -178 is equal to 5586
Local Byte Stride Bucket -177 is equal to 7
Local Byte Stride Bucket -176 is equal to 15589
Local Byte Stride Bucket -175 is equal to 6
Local Byte Stride Bucket -174 is equal to 9051
Local Byte Stride Bucket -173 is equal to 2
Local Byte Stride Bucket -172 is equal to 25299
Local Byte Stride Bucket -170 is equal to 9194
Local Byte Stride Bucket -169 is equal to 2
Local Byte Stride Bucket -168 is equal to 34705
Local Byte Stride Bucket -167 is equal to 1
Local Byte Stride Bucket -166 is equal to 9120
Local Byte Stride Bucket -164 is equal to 26986
Local Byte Stride Bucket -162 is equal to 10899
Local Byte Stride Bucket -161 is equal to 7
Local Byte Stride Bucket -160 is equal to 80660
Local Byte Stride Bucket -159 is equal to 4
Local Byte Stride Bucket -158 is equal to 7843
Local Byte Stride Bucket -157 is equal to 25
Local Byte Stride Bucket -156 is equal to 13401
Local Byte Stride Bucket -155 is equal to 4
Local Byte Stride Bucket -154 is equal to 6478
Local Byte Stride Bucket -153 is equal to 5
Local Byte Stride Bucket -152 is equal to 11132
Local Byte Stride Bucket -151 is equal to 7
Local Byte Stride Bucket -150 is equal to 6816
Local Byte Stride Bucket -149 is equal to 4
Local Byte Stride Bucket -148 is equal to 10337
Local Byte Stride Bucket -147 is equal to 2
Local Byte Stride Bucket -146 is equal to 5632
Local Byte Stride Bucket -145 is equal to 55
Local Byte Stride Bucket -144 is equal to 12559
Local Byte Stride Bucket -143 is equal to 6
Local Byte Stride Bucket -142 is equal to 7866
Local Byte Stride Bucket -141 is equal to 4
Local Byte Stride Bucket -140 is equal to 9863
Local Byte Stride Bucket -139 is equal to 3
Local Byte Stride Bucket -138 is equal to 7163
Local Byte Stride Bucket -137 is equal to 1
Local Byte Stride Bucket -136 is equal to 10973
Local Byte Stride Bucket -135 is equal to 2
Local Byte Stride Bucket -134 is equal to 8414
Local Byte Stride Bucket -133 is equal to 16
Local Byte Stride Bucket -132 is equal to 16656
Local Byte Stride Bucket -131 is equal to 2
Local Byte Stride Bucket -130 is equal to 10942
Local Byte Stride Bucket -129 is equal to 3
Local Byte Stride Bucket -128 is equal to 86155
Local Byte Stride Bucket -127 is equal to 15
Local Byte Stride Bucket -126 is equal to 18394
Local Byte Stride Bucket -125 is equal to 1
Local Byte Stride Bucket -124 is equal to 19673
Local Byte Stride Bucket -123 is equal to 5
Local Byte Stride Bucket -122 is equal to 12294
Local Byte Stride Bucket -120 is equal to 12650
Local Byte Stride Bucket -119 is equal to 1
Local Byte Stride Bucket -118 is equal to 10821
Local Byte Stride Bucket -117 is equal to 3
Local Byte Stride Bucket -116 is equal to 11855
Local Byte Stride Bucket -115 is equal to 2
Local Byte Stride Bucket -114 is equal to 8980
Local Byte Stride Bucket -113 is equal to 19
Local Byte Stride Bucket -112 is equal to 11986
Local Byte Stride Bucket -111 is equal to 1
Local Byte Stride Bucket -110 is equal to 7223
Local Byte Stride Bucket -109 is equal to 4
Local Byte Stride Bucket -108 is equal to 11383
Local Byte Stride Bucket -107 is equal to 6
Local Byte Stride Bucket -106 is equal to 10752
Local Byte Stride Bucket -105 is equal to 8
Local Byte Stride Bucket -104 is equal to 11877
Local Byte Stride Bucket -103 is equal to 2
Local Byte Stride Bucket -102 is equal to 7186
Local Byte Stride Bucket -101 is equal to 2
Local Byte Stride Bucket -100 is equal to 13547
Local Byte Stride Bucket -99 is equal to 2
Local Byte Stride Bucket -98 is equal to 8180
Local Byte Stride Bucket -97 is equal to 3
Local Byte Stride Bucket -96 is equal to 17637
Local Byte Stride Bucket -95 is equal to 5
Local Byte Stride Bucket -94 is equal to 11953
Local Byte Stride Bucket -93 is equal to 1
Local Byte Stride Bucket -92 is equal to 28590
Local Byte Stride Bucket -91 is equal to 5
Local Byte Stride Bucket -90 is equal to 11846
Local Byte Stride Bucket -89 is equal to 2
Local Byte Stride Bucket -88 is equal to 220744
Local Byte Stride Bucket -87 is equal to 1
Local Byte Stride Bucket -86 is equal to 29566
Local Byte Stride Bucket -85 is equal to 1
Local Byte Stride Bucket -84 is equal to 94061
Local Byte Stride Bucket -83 is equal to 10
Local Byte Stride Bucket -82 is equal to 30590
Local Byte Stride Bucket -81 is equal to 2
Local Byte Stride Bucket -80 is equal to 60687
Local Byte Stride Bucket -79 is equal to 3
Local Byte Stride Bucket -78 is equal to 13263
Local Byte Stride Bucket -77 is equal to 21
Local Byte Stride Bucket -76 is equal to 28679
Local Byte Stride Bucket -75 is equal to 2
Local Byte Stride Bucket -74 is equal to 10494
Local Byte Stride Bucket -73 is equal to 9
Local Byte Stride Bucket -72 is equal to 16894
Local Byte Stride Bucket -71 is equal to 2
Local Byte Stride Bucket -70 is equal to 8393
Local Byte Stride Bucket -69 is equal to 4
Local Byte Stride Bucket -68 is equal to 15436
Local Byte Stride Bucket -67 is equal to 3
Local Byte Stride Bucket -66 is equal to 7537
Local Byte Stride Bucket -65 is equal to 8
Local Byte Stride Bucket -64 is equal to 412452
Local Byte Stride Bucket -63 is equal to 18
Local Byte Stride Bucket -62 is equal to 7812
Local Byte Stride Bucket -61 is equal to 18
Local Byte Stride Bucket -60 is equal to 13507
Local Byte Stride Bucket -59 is equal to 4
Local Byte Stride Bucket -58 is equal to 8830
Local Byte Stride Bucket -57 is equal to 8
Local Byte Stride Bucket -56 is equal to 16073
Local Byte Stride Bucket -55 is equal to 2
Local Byte Stride Bucket -54 is equal to 12059
Local Byte Stride Bucket -53 is equal to 8
Local Byte Stride Bucket -52 is equal to 14264
Local Byte Stride Bucket -51 is equal to 3
Local Byte Stride Bucket -50 is equal to 12078
Local Byte Stride Bucket -49 is equal to 9
Local Byte Stride Bucket -48 is equal to 24139
Local Byte Stride Bucket -47 is equal to 3
Local Byte Stride Bucket -46 is equal to 30936
Local Byte Stride Bucket -45 is equal to 3
Local Byte Stride Bucket -44 is equal to 216691
Local Byte Stride Bucket -43 is equal to 4
Local Byte Stride Bucket -42 is equal to 82951
Local Byte Stride Bucket -41 is equal to 6
Local Byte Stride Bucket -40 is equal to 65367
Local Byte Stride Bucket -39 is equal to 2
Local Byte Stride Bucket -38 is equal to 31554
Local Byte Stride Bucket -37 is equal to 2
Local Byte Stride Bucket -36 is equal to 22181
Local Byte Stride Bucket -35 is equal to 4
Local Byte Stride Bucket -34 is equal to 12489
Local Byte Stride Bucket -33 is equal to 4
Local Byte Stride Bucket -32 is equal to 76599
Local Byte Stride Bucket -31 is equal to 9
Local Byte Stride Bucket -30 is equal to 11570
Local Byte Stride Bucket -29 is equal to 28
Local Byte Stride Bucket -28 is equal to 73568
Local Byte Stride Bucket -27 is equal to 7
Local Byte Stride Bucket -26 is equal to 9916
Local Byte Stride Bucket -25 is equal to 4
Local Byte Stride Bucket -24 is equal to 110594
Local Byte Stride Bucket -23 is equal to 6
Local Byte Stride Bucket -22 is equal to 8837
Local Byte Stride Bucket -21 is equal to 5
Local Byte Stride Bucket -20 is equal to 31931
Local Byte Stride Bucket -19 is equal to 4
Local Byte Stride Bucket -18 is equal to 10150
Local Byte Stride Bucket -17 is equal to 9
Local Byte Stride Bucket -16 is equal to 52595
Local Byte Stride Bucket -15 is equal to 16
Local Byte Stride Bucket -14 is equal to 9889
Local Byte Stride Bucket -13 is equal to 5
Local Byte Stride Bucket -12 is equal to 281749
Local Byte Stride Bucket -11 is equal to 17
Local Byte Stride Bucket -10 is equal to 11673
Local Byte Stride Bucket -9 is equal to 8
Local Byte Stride Bucket -8 is equal to 196112
Local Byte Stride Bucket -7 is equal to 5
Local Byte Stride Bucket -6 is equal to 20396
Local Byte Stride Bucket -5 is equal to 66
Local Byte Stride Bucket -4 is equal to 372396
Local Byte Stride Bucket -3 is equal to 12
Local Byte Stride Bucket -2 is equal to 179127
Local Byte Stride Bucket -1 is equal to 22
Local Byte Stride Bucket 0 is equal to 21382671
Local Byte Stride Bucket 1 is equal to 25
Local Byte Stride Bucket 2 is equal to 282108
Local Byte Stride Bucket 3 is equal to 3
Local Byte Stride Bucket 4 is equal to 2045941
Local Byte Stride Bucket 5 is equal to 6
Local Byte Stride Bucket 6 is equal to 20257
Local Byte Stride Bucket 7 is equal to 2
Local Byte Stride Bucket 8 is equal to 437047
Local Byte Stride Bucket 9 is equal to 9
Local Byte Stride Bucket 10 is equal to 10927
Local Byte Stride Bucket 11 is equal to 5
Local Byte Stride Bucket 12 is equal to 43599
Local Byte Stride Bucket 13 is equal to 17
Local Byte Stride Bucket 14 is equal to 9003
Local Byte Stride Bucket 15 is equal to 10
Local Byte Stride Bucket 16 is equal to 30486
Local Byte Stride Bucket 17 is equal to 2
Local Byte Stride Bucket 18 is equal to 9241
Local Byte Stride Bucket 19 is equal to 4
Local Byte Stride Bucket 20 is equal to 22187
Local Byte Stride Bucket 21 is equal to 5
Local Byte Stride Bucket 22 is equal to 9240
Local Byte Stride Bucket 23 is equal to 19
Local Byte Stride Bucket 24 is equal to 44705
Local Byte Stride Bucket 25 is equal to 5
Local Byte Stride Bucket 26 is equal to 10041
Local Byte Stride Bucket 27 is equal to 3
Local Byte Stride Bucket 28 is equal to 23902
Local Byte Stride Bucket 29 is equal to 3
Local Byte Stride Bucket 30 is equal to 11289
Local Byte Stride Bucket 31 is equal to 2
Local Byte Stride Bucket 32 is equal to 15633
Local Byte Stride Bucket 33 is equal to 3
Local Byte Stride Bucket 34 is equal to 13663
Local Byte Stride Bucket 35 is equal to 2
Local Byte Stride Bucket 36 is equal to 20755
Local Byte Stride Bucket 37 is equal to 3
Local Byte Stride Bucket 38 is equal to 75179
Local Byte Stride Bucket 39 is equal to 8
Local Byte Stride Bucket 40 is equal to 263565
Local Byte Stride Bucket 41 is equal to 4
Local Byte Stride Bucket 42 is equal to 130129
Local Byte Stride Bucket 43 is equal to 3
Local Byte Stride Bucket 44 is equal to 253599
Local Byte Stride Bucket 45 is equal to 4
Local Byte Stride Bucket 46 is equal to 43896
Local Byte Stride Bucket 47 is equal to 5
Local Byte Stride Bucket 48 is equal to 26288
Local Byte Stride Bucket 49 is equal to 3
Local Byte Stride Bucket 50 is equal to 11061
Local Byte Stride Bucket 51 is equal to 2
Local Byte Stride Bucket 52 is equal to 13646
Local Byte Stride Bucket 53 is equal to 3
Local Byte Stride Bucket 54 is equal to 11224
Local Byte Stride Bucket 55 is equal to 2
Local Byte Stride Bucket 56 is equal to 15720
Local Byte Stride Bucket 57 is equal to 3
Local Byte Stride Bucket 58 is equal to 8905
Local Byte Stride Bucket 59 is equal to 12
Local Byte Stride Bucket 60 is equal to 12767
Local Byte Stride Bucket 61 is equal to 9
Local Byte Stride Bucket 62 is equal to 7420
Local Byte Stride Bucket 63 is equal to 16
Local Byte Stride Bucket 64 is equal to 354281
Local Byte Stride Bucket 65 is equal to 22
Local Byte Stride Bucket 66 is equal to 7739
Local Byte Stride Bucket 67 is equal to 5
Local Byte Stride Bucket 68 is equal to 16135
Local Byte Stride Bucket 69 is equal to 6
Local Byte Stride Bucket 70 is equal to 8261
Local Byte Stride Bucket 71 is equal to 15
Local Byte Stride Bucket 72 is equal to 15633
Local Byte Stride Bucket 73 is equal to 3
Local Byte Stride Bucket 74 is equal to 9873
Local Byte Stride Bucket 75 is equal to 5
Local Byte Stride Bucket 76 is equal to 145856
Local Byte Stride Bucket 77 is equal to 3
Local Byte Stride Bucket 78 is equal to 12888
Local Byte Stride Bucket 80 is equal to 249660
Local Byte Stride Bucket 81 is equal to 2
Local Byte Stride Bucket 82 is equal to 37554
Local Byte Stride Bucket 83 is equal to 3
Local Byte Stride Bucket 84 is equal to 234154
Local Byte Stride Bucket 85 is equal to 2
Local Byte Stride Bucket 86 is equal to 33686
Local Byte Stride Bucket 87 is equal to 4
Local Byte Stride Bucket 88 is equal to 216592
Local Byte Stride Bucket 89 is equal to 3
Local Byte Stride Bucket 90 is equal to 9900
Local Byte Stride Bucket 91 is equal to 1
Local Byte Stride Bucket 92 is equal to 37395
Local Byte Stride Bucket 94 is equal to 11716
Local Byte Stride Bucket 95 is equal to 3
Local Byte Stride Bucket 96 is equal to 14204
Local Byte Stride Bucket 97 is equal to 3
Local Byte Stride Bucket 98 is equal to 7653
Local Byte Stride Bucket 99 is equal to 1
Local Byte Stride Bucket 100 is equal to 13044
Local Byte Stride Bucket 101 is equal to 6
Local Byte Stride Bucket 102 is equal to 7243
Local Byte Stride Bucket 103 is equal to 2
Local Byte Stride Bucket 104 is equal to 11487
Local Byte Stride Bucket 105 is equal to 3
Local Byte Stride Bucket 106 is equal to 11260
Local Byte Stride Bucket 107 is equal to 4
Local Byte Stride Bucket 108 is equal to 10980
Local Byte Stride Bucket 110 is equal to 7291
Local Byte Stride Bucket 111 is equal to 2
Local Byte Stride Bucket 112 is equal to 11941
Local Byte Stride Bucket 113 is equal to 1
Local Byte Stride Bucket 114 is equal to 9447
Local Byte Stride Bucket 115 is equal to 1
Local Byte Stride Bucket 116 is equal to 11902
Local Byte Stride Bucket 117 is equal to 4
Local Byte Stride Bucket 118 is equal to 11186
Local Byte Stride Bucket 119 is equal to 2
Local Byte Stride Bucket 120 is equal to 12654
Local Byte Stride Bucket 121 is equal to 2
Local Byte Stride Bucket 122 is equal to 14264
Local Byte Stride Bucket 123 is equal to 2
Local Byte Stride Bucket 124 is equal to 16401
Local Byte Stride Bucket 125 is equal to 4
Local Byte Stride Bucket 126 is equal to 17282
Local Byte Stride Bucket 127 is equal to 9
Local Byte Stride Bucket 128 is equal to 80744
Local Byte Stride Bucket 129 is equal to 4
Local Byte Stride Bucket 130 is equal to 9536
Local Byte Stride Bucket 131 is equal to 3
Local Byte Stride Bucket 132 is equal to 16020
Local Byte Stride Bucket 133 is equal to 8
Local Byte Stride Bucket 134 is equal to 8578
Local Byte Stride Bucket 135 is equal to 3
Local Byte Stride Bucket 136 is equal to 10627
Local Byte Stride Bucket 138 is equal to 6814
Local Byte Stride Bucket 139 is equal to 1
Local Byte Stride Bucket 140 is equal to 9512
Local Byte Stride Bucket 141 is equal to 2
Local Byte Stride Bucket 142 is equal to 7300
Local Byte Stride Bucket 143 is equal to 4
Local Byte Stride Bucket 144 is equal to 12392
Local Byte Stride Bucket 145 is equal to 1
Local Byte Stride Bucket 146 is equal to 5743
Local Byte Stride Bucket 147 is equal to 4
Local Byte Stride Bucket 148 is equal to 9731
Local Byte Stride Bucket 149 is equal to 32
Local Byte Stride Bucket 150 is equal to 6527
Local Byte Stride Bucket 151 is equal to 4
Local Byte Stride Bucket 152 is equal to 11211
Local Byte Stride Bucket 153 is equal to 1
Local Byte Stride Bucket 154 is equal to 6864
Local Byte Stride Bucket 155 is equal to 5
Local Byte Stride Bucket 156 is equal to 12347
Local Byte Stride Bucket 157 is equal to 2
Local Byte Stride Bucket 158 is equal to 7591
Local Byte Stride Bucket 159 is equal to 3
Local Byte Stride Bucket 160 is equal to 85873
Local Byte Stride Bucket 161 is equal to 2
Local Byte Stride Bucket 162 is equal to 10531
Local Byte Stride Bucket 164 is equal to 33864
Local Byte Stride Bucket 165 is equal to 3
Local Byte Stride Bucket 166 is equal to 9385
Local Byte Stride Bucket 167 is equal to 6
Local Byte Stride Bucket 168 is equal to 49476
Local Byte Stride Bucket 169 is equal to 2
Local Byte Stride Bucket 170 is equal to 9260
Local Byte Stride Bucket 171 is equal to 1
Local Byte Stride Bucket 172 is equal to 26391
Local Byte Stride Bucket 173 is equal to 2
Local Byte Stride Bucket 174 is equal to 8833
Local Byte Stride Bucket 175 is equal to 5
Local Byte Stride Bucket 176 is equal to 15056
Local Byte Stride Bucket 177 is equal to 6
Local Byte Stride Bucket 178 is equal to 5442
Local Byte Stride Bucket 179 is equal to 4
Local Byte Stride Bucket 180 is equal to 12943
Local Byte Stride Bucket 181 is equal to 6
Local Byte Stride Bucket 182 is equal to 6901
Local Byte Stride Bucket 183 is equal to 5
Local Byte Stride Bucket 184 is equal to 9676
Local Byte Stride Bucket 186 is equal to 5805
Local Byte Stride Bucket 187 is equal to 2
Local Byte Stride Bucket 188 is equal to 9237
Local Byte Stride Bucket 189 is equal to 3
Local Byte Stride Bucket 190 is equal to 6915
Local Byte Stride Bucket 191 is equal to 6
Local Byte Stride Bucket 192 is equal to 32312
Local Byte Stride Bucket 193 is equal to 11
Local Byte Stride Bucket 194 is equal to 5002
Local Byte Stride Bucket 196 is equal to 9297
Local Byte Stride Bucket 197 is equal to 3
Local Byte Stride Bucket 198 is equal to 5816
Local Byte Stride Bucket 199 is equal to 1
Local Byte Stride Bucket 200 is equal to 9853
Local Byte Stride Bucket 201 is equal to 2
Local Byte Stride Bucket 202 is equal to 5696
Local Byte Stride Bucket 203 is equal to 4
Local Byte Stride Bucket 204 is equal to 11135
Local Byte Stride Bucket 205 is equal to 13
Local Byte Stride Bucket 206 is equal to 5933
Local Byte Stride Bucket 207 is equal to 5
Local Byte Stride Bucket 208 is equal to 11348
Local Byte Stride Bucket 209 is equal to 1
Local Byte Stride Bucket 210 is equal to 8348
Local Byte Stride Bucket 211 is equal to 4
Local Byte Stride Bucket 212 is equal to 11228
Local Byte Stride Bucket 213 is equal to 2
Local Byte Stride Bucket 214 is equal to 7158
Local Byte Stride Bucket 215 is equal to 2
Local Byte Stride Bucket 216 is equal to 10072
Local Byte Stride Bucket 217 is equal to 2
Local Byte Stride Bucket 218 is equal to 6299
Local Byte Stride Bucket 220 is equal to 18227
Local Byte Stride Bucket 221 is equal to 2
Local Byte Stride Bucket 222 is equal to 5522
Local Byte Stride Bucket 223 is equal to 3
Local Byte Stride Bucket 224 is equal to 40184
Local Byte Stride Bucket 225 is equal to 1
Local Byte Stride Bucket 226 is equal to 5639
Local Byte Stride Bucket 227 is equal to 13
Local Byte Stride Bucket 228 is equal to 10046
Local Byte Stride Bucket 229 is equal to 2
Local Byte Stride Bucket 230 is equal to 5595
Local Byte Stride Bucket 231 is equal to 13
Local Byte Stride Bucket 232 is equal to 9030
Local Byte Stride Bucket 233 is equal to 2
Local Byte Stride Bucket 234 is equal to 5338
Local Byte Stride Bucket 235 is equal to 1
Local Byte Stride Bucket 236 is equal to 9747
Local Byte Stride Bucket 237 is equal to 16
Local Byte Stride Bucket 238 is equal to 9228
Local Byte Stride Bucket 239 is equal to 4
Local Byte Stride Bucket 240 is equal to 10169
Local Byte Stride Bucket 241 is equal to 5
Local Byte Stride Bucket 242 is equal to 5412
Local Byte Stride Bucket 243 is equal to 5
Local Byte Stride Bucket 244 is equal to 10657
Local Byte Stride Bucket 245 is equal to 3
Local Byte Stride Bucket 246 is equal to 4950
Local Byte Stride Bucket 247 is equal to 8
Local Byte Stride Bucket 248 is equal to 12465
Local Byte Stride Bucket 249 is equal to 23
Local Byte Stride Bucket 250 is equal to 5667
Local Byte Stride Bucket 251 is equal to 6
Local Byte Stride Bucket 252 is equal to 18631
Local Byte Stride Bucket 253 is equal to 9
Local Byte Stride Bucket 254 is equal to 6403
Local Byte Stride Bucket 255 is equal to 3
Local Byte Stride Bucket 256 is equal to 1868068

Local Cache Stride Bucket -256 is equal to 184186
Local Cache Stride Bucket -255 is equal to 114
Local Cache Stride Bucket -254 is equal to 60
Local Cache Stride Bucket -253 is equal to 104
Local Cache Stride Bucket -252 is equal to 157
Local Cache Stride Bucket -251 is equal to 65
Local Cache Stride Bucket -250 is equal to 61
Local Cache Stride Bucket -249 is equal to 49
Local Cache Stride Bucket -248 is equal to 78
Local Cache Stride Bucket -247 is equal to 60
Local Cache Stride Bucket -246 is equal to 67
Local Cache Stride Bucket -245 is equal to 48
Local Cache Stride Bucket -244 is equal to 85
Local Cache Stride Bucket -243 is equal to 130
Local Cache Stride Bucket -242 is equal to 103
Local Cache Stride Bucket -241 is equal to 94
Local Cache Stride Bucket -240 is equal to 137
Local Cache Stride Bucket -239 is equal to 59
Local Cache Stride Bucket -238 is equal to 52
Local Cache Stride Bucket -237 is equal to 66
Local Cache Stride Bucket -236 is equal to 57
Local Cache Stride Bucket -235 is equal to 115
Local Cache Stride Bucket -234 is equal to 31
Local Cache Stride Bucket -233 is equal to 32
Local Cache Stride Bucket -232 is equal to 63
Local Cache Stride Bucket -231 is equal to 49
Local Cache Stride Bucket -230 is equal to 40
Local Cache Stride Bucket -229 is equal to 43
Local Cache Stride Bucket -228 is equal to 54
Local Cache Stride Bucket -227 is equal to 57
Local Cache Stride Bucket -226 is equal to 61
Local Cache Stride Bucket -225 is equal to 82
Local Cache Stride Bucket -224 is equal to 94
Local Cache Stride Bucket -223 is equal to 38
Local Cache Stride Bucket -222 is equal to 33
Local Cache Stride Bucket -221 is equal to 43
Local Cache Stride Bucket -220 is equal to 83
Local Cache Stride Bucket -219 is equal to 39
Local Cache Stride Bucket -218 is equal to 60
Local Cache Stride Bucket -217 is equal to 56
Local Cache Stride Bucket -216 is equal to 33
Local Cache Stride Bucket -215 is equal to 94
Local Cache Stride Bucket -214 is equal to 36
Local Cache Stride Bucket -213 is equal to 48
Local Cache Stride Bucket -212 is equal to 63
Local Cache Stride Bucket -211 is equal to 38
Local Cache Stride Bucket -210 is equal to 100
Local Cache Stride Bucket -209 is equal to 89
Local Cache Stride Bucket -208 is equal to 55
Local Cache Stride Bucket -207 is equal to 53
Local Cache Stride Bucket -206 is equal to 50
Local Cache Stride Bucket -205 is equal to 55
Local Cache Stride Bucket -204 is equal to 46
Local Cache Stride Bucket -203 is equal to 50
Local Cache Stride Bucket -202 is equal to 58
Local Cache Stride Bucket -201 is equal to 33
Local Cache Stride Bucket -200 is equal to 40
Local Cache Stride Bucket -199 is equal to 34
Local Cache Stride Bucket -198 is equal to 42
Local Cache Stride Bucket -197 is equal to 39
Local Cache Stride Bucket -196 is equal to 90
Local Cache Stride Bucket -195 is equal to 33
Local Cache Stride Bucket -194 is equal to 92
Local Cache Stride Bucket -193 is equal to 63
Local Cache Stride Bucket -192 is equal to 140
Local Cache Stride Bucket -191 is equal to 52
Local Cache Stride Bucket -190 is equal to 44
Local Cache Stride Bucket -189 is equal to 38
Local Cache Stride Bucket -188 is equal to 66
Local Cache Stride Bucket -187 is equal to 44
Local Cache Stride Bucket -186 is equal to 35
Local Cache Stride Bucket -185 is equal to 52
Local Cache Stride Bucket -184 is equal to 88
Local Cache Stride Bucket -183 is equal to 52
Local Cache Stride Bucket -182 is equal to 50
Local Cache Stride Bucket -181 is equal to 30
Local Cache Stride Bucket -180 is equal to 24
Local Cache Stride Bucket -179 is equal to 40
Local Cache Stride Bucket -178 is equal to 58
Local Cache Stride Bucket -177 is equal to 68
Local Cache Stride Bucket -176 is equal to 73
Local Cache Stride Bucket -175 is equal to 73
Local Cache Stride Bucket -174 is equal to 60
Local Cache Stride Bucket -173 is equal to 72
Local Cache Stride Bucket -172 is equal to 58
Local Cache Stride Bucket -171 is equal to 58
Local Cache Stride Bucket -170 is equal to 60
Local Cache Stride Bucket -169 is equal to 40
Local Cache Stride Bucket -168 is equal to 39
Local Cache Stride Bucket -167 is equal to 175
Local Cache Stride Bucket -166 is equal to 41
Local Cache Stride Bucket -165 is equal to 40
Local Cache Stride Bucket -164 is equal to 56
Local Cache Stride Bucket -163 is equal to 25
Local Cache Stride Bucket -162 is equal to 42
Local Cache Stride Bucket -161 is equal to 35
Local Cache Stride Bucket -160 is equal to 89
Local Cache Stride Bucket -159 is equal to 36
Local Cache Stride Bucket -158 is equal to 50
Local Cache Stride Bucket -157 is equal to 28
Local Cache Stride Bucket -156 is equal to 53
Local Cache Stride Bucket -155 is equal to 69
Local Cache Stride Bucket -154 is equal to 29
Local Cache Stride Bucket -153 is equal to 37
Local Cache Stride Bucket -152 is equal to 60
Local Cache Stride Bucket -151 is equal to 69
Local Cache Stride Bucket -150 is equal to 32
Local Cache Stride Bucket -149 is equal to 43
Local Cache Stride Bucket -148 is equal to 54
Local Cache Stride Bucket -147 is equal to 47
Local Cache Stride Bucket -146 is equal to 24
Local Cache Stride Bucket -145 is equal to 63
Local Cache Stride Bucket -144 is equal to 49
Local Cache Stride Bucket -143 is equal to 56
Local Cache Stride Bucket -142 is equal to 38
Local Cache Stride Bucket -141 is equal to 60
Local Cache Stride Bucket -140 is equal to 30
Local Cache Stride Bucket -139 is equal to 42
Local Cache Stride Bucket -138 is equal to 43
Local Cache Stride Bucket -137 is equal to 45
Local Cache Stride Bucket -136 is equal to 37
Local Cache Stride Bucket -135 is equal to 38
Local Cache Stride Bucket -134 is equal to 77
Local Cache Stride Bucket -133 is equal to 65
Local Cache Stride Bucket -132 is equal to 65
Local Cache Stride Bucket -131 is equal to 69
Local Cache Stride Bucket -130 is equal to 61
Local Cache Stride Bucket -129 is equal to 1365
Local Cache Stride Bucket -128 is equal to 1462
Local Cache Stride Bucket -127 is equal to 49
Local Cache Stride Bucket -126 is equal to 77
Local Cache Stride Bucket -125 is equal to 46
Local Cache Stride Bucket -124 is equal to 76
Local Cache Stride Bucket -123 is equal to 56
Local Cache Stride Bucket -122 is equal to 54
Local Cache Stride Bucket -121 is equal to 58
Local Cache Stride Bucket -120 is equal to 65
Local Cache Stride Bucket -119 is equal to 65
Local Cache Stride Bucket -118 is equal to 359
Local Cache Stride Bucket -117 is equal to 980
Local Cache Stride Bucket -116 is equal to 30
Local Cache Stride Bucket -115 is equal to 47
Local Cache Stride Bucket -114 is equal to 38
Local Cache Stride Bucket -113 is equal to 40
Local Cache Stride Bucket -112 is equal to 201
Local Cache Stride Bucket -111 is equal to 61
Local Cache Stride Bucket -110 is equal to 39
Local Cache Stride Bucket -109 is equal to 350
Local Cache Stride Bucket -108 is equal to 40
Local Cache Stride Bucket -107 is equal to 57
Local Cache Stride Bucket -106 is equal to 45
Local Cache Stride Bucket -105 is equal to 33
Local Cache Stride Bucket -104 is equal to 56
Local Cache Stride Bucket -103 is equal to 59
Local Cache Stride Bucket -102 is equal to 36
Local Cache Stride Bucket -101 is equal to 44
Local Cache Stride Bucket -100 is equal to 42
Local Cache Stride Bucket -99 is equal to 59
Local Cache Stride Bucket -98 is equal to 61
Local Cache Stride Bucket -97 is equal to 99
Local Cache Stride Bucket -96 is equal to 114
Local Cache Stride Bucket -95 is equal to 56
Local Cache Stride Bucket -94 is equal to 51
Local Cache Stride Bucket -93 is equal to 53
Local Cache Stride Bucket -92 is equal to 56
Local Cache Stride Bucket -91 is equal to 42
Local Cache Stride Bucket -90 is equal to 69
Local Cache Stride Bucket -89 is equal to 72
Local Cache Stride Bucket -88 is equal to 102
Local Cache Stride Bucket -87 is equal to 45
Local Cache Stride Bucket -86 is equal to 56
Local Cache Stride Bucket -85 is equal to 94
Local Cache Stride Bucket -84 is equal to 76
Local Cache Stride Bucket -83 is equal to 53
Local Cache Stride Bucket -82 is equal to 71
Local Cache Stride Bucket -81 is equal to 91
Local Cache Stride Bucket -80 is equal to 145
Local Cache Stride Bucket -79 is equal to 75
Local Cache Stride Bucket -78 is equal to 91
Local Cache Stride Bucket -77 is equal to 119
Local Cache Stride Bucket -76 is equal to 104
Local Cache Stride Bucket -75 is equal to 78
Local Cache Stride Bucket -74 is equal to 57
Local Cache Stride Bucket -73 is equal to 52
Local Cache Stride Bucket -72 is equal to 40
Local Cache Stride Bucket -71 is equal to 54
Local Cache Stride Bucket -70 is equal to 45
Local Cache Stride Bucket -69 is equal to 75
Local Cache Stride Bucket -68 is equal to 101
Local Cache Stride Bucket -67 is equal to 119
Local Cache Stride Bucket -66 is equal to 97
Local Cache Stride Bucket -65 is equal to 109
Local Cache Stride Bucket -64 is equal to 254
Local Cache Stride Bucket -63 is equal to 89
Local Cache Stride Bucket -62 is equal to 46
Local Cache Stride Bucket -61 is equal to 59
Local Cache Stride Bucket -60 is equal to 117
Local Cache Stride Bucket -59 is equal to 50
Local Cache Stride Bucket -58 is equal to 85
Local Cache Stride Bucket -57 is equal to 44
Local Cache Stride Bucket -56 is equal to 51
Local Cache Stride Bucket -55 is equal to 64
Local Cache Stride Bucket -54 is equal to 56
Local Cache Stride Bucket -53 is equal to 41
Local Cache Stride Bucket -52 is equal to 52
Local Cache Stride Bucket -51 is equal to 75
Local Cache Stride Bucket -50 is equal to 52
Local Cache Stride Bucket -49 is equal to 95
Local Cache Stride Bucket -48 is equal to 126
Local Cache Stride Bucket -47 is equal to 95
Local Cache Stride Bucket -46 is equal to 58
Local Cache Stride Bucket -45 is equal to 71
Local Cache Stride Bucket -44 is equal to 100
Local Cache Stride Bucket -43 is equal to 65
Local Cache Stride Bucket -42 is equal to 75
Local Cache Stride Bucket -41 is equal to 52
Local Cache Stride Bucket -40 is equal to 90
Local Cache Stride Bucket -39 is equal to 70
Local Cache Stride Bucket -38 is equal to 110
Local Cache Stride Bucket -37 is equal to 83
Local Cache Stride Bucket -36 is equal to 87
Local Cache Stride Bucket -35 is equal to 80
Local Cache Stride Bucket -34 is equal to 153
Local Cache Stride Bucket -33 is equal to 151
Local Cache Stride Bucket -32 is equal to 286
Local Cache Stride Bucket -31 is equal to 201
Local Cache Stride Bucket -30 is equal to 224
Local Cache Stride Bucket -29 is equal to 102
Local Cache Stride Bucket -28 is equal to 179
Local Cache Stride Bucket -27 is equal to 217
Local Cache Stride Bucket -26 is equal to 406
Local Cache Stride Bucket -25 is equal to 2275
Local Cache Stride Bucket -24 is equal to 10998
Local Cache Stride Bucket -23 is equal to 14487
Local Cache Stride Bucket -22 is equal to 14802
Local Cache Stride Bucket -21 is equal to 17186
Local Cache Stride Bucket -20 is equal to 18400
Local Cache Stride Bucket -19 is equal to 19696
Local Cache Stride Bucket -18 is equal to 21119
Local Cache Stride Bucket -17 is equal to 25413
Local Cache Stride Bucket -16 is equal to 28392
Local Cache Stride Bucket -15 is equal to 31361
Local Cache Stride Bucket -14 is equal to 37017
Local Cache Stride Bucket -13 is equal to 60134
Local Cache Stride Bucket -12 is equal to 83727
Local Cache Stride Bucket -11 is equal to 104941
Local Cache Stride Bucket -10 is equal to 123243
Local Cache Stride Bucket -9 is equal to 155661
Local Cache Stride Bucket -8 is equal to 163571
Local Cache Stride Bucket -7 is equal to 204955
Local Cache Stride Bucket -6 is equal to 211785
Local Cache Stride Bucket -5 is equal to 240501
Local Cache Stride Bucket -4 is equal to 314831
Local Cache Stride Bucket -3 is equal to 395143
Local Cache Stride Bucket -2 is equal to 626518
Local Cache Stride Bucket -1 is equal to 1648657
Local Cache Stride Bucket 0 is equal to 25543770
Local Cache Stride Bucket 1 is equal to 2153754
Local Cache Stride Bucket 2 is equal to 741331
Local Cache Stride Bucket 3 is equal to 401198
Local Cache Stride Bucket 4 is equal to 294468
Local Cache Stride Bucket 5 is equal to 231989
Local Cache Stride Bucket 6 is equal to 208179
Local Cache Stride Bucket 7 is equal to 202747
Local Cache Stride Bucket 8 is equal to 155117
Local Cache Stride Bucket 9 is equal to 151058
Local Cache Stride Bucket 10 is equal to 117245
Local Cache Stride Bucket 11 is equal to 100388
Local Cache Stride Bucket 12 is equal to 78335
Local Cache Stride Bucket 13 is equal to 58179
Local Cache Stride Bucket 14 is equal to 45287
Local Cache Stride Bucket 15 is equal to 29913
Local Cache Stride Bucket 16 is equal to 25732
Local Cache Stride Bucket 17 is equal to 23762
Local Cache Stride Bucket 18 is equal to 20568
Local Cache Stride Bucket 19 is equal to 23553
Local Cache Stride Bucket 20 is equal to 17115
Local Cache Stride Bucket 21 is equal to 15365
Local Cache Stride Bucket 22 is equal to 13481
Local Cache Stride Bucket 23 is equal to 12275
Local Cache Stride Bucket 24 is equal to 7299
Local Cache Stride Bucket 25 is equal to 1097
Local Cache Stride Bucket 26 is equal to 88
Local Cache Stride Bucket 27 is equal to 1030
Local Cache Stride Bucket 28 is equal to 1676
Local Cache Stride Bucket 29 is equal to 74
Local Cache Stride Bucket 30 is equal to 113
Local Cache Stride Bucket 31 is equal to 101
Local Cache Stride Bucket 32 is equal to 217
Local Cache Stride Bucket 33 is equal to 89
Local Cache Stride Bucket 34 is equal to 129
Local Cache Stride Bucket 35 is equal to 113
Local Cache Stride Bucket 36 is equal to 103
Local Cache Stride Bucket 37 is equal to 96
Local Cache Stride Bucket 38 is equal to 108
Local Cache Stride Bucket 39 is equal to 54
Local Cache Stride Bucket 40 is equal to 90
Local Cache Stride Bucket 41 is equal to 64
Local Cache Stride Bucket 42 is equal to 87
Local Cache Stride Bucket 43 is equal to 64
Local Cache Stride Bucket 44 is equal to 74
Local Cache Stride Bucket 45 is equal to 32
Local Cache Stride Bucket 46 is equal to 72
Local Cache Stride Bucket 47 is equal to 114
Local Cache Stride Bucket 48 is equal to 116
Local Cache Stride Bucket 49 is equal to 141
Local Cache Stride Bucket 50 is equal to 61
Local Cache Stride Bucket 51 is equal to 55
Local Cache Stride Bucket 52 is equal to 64
Local Cache Stride Bucket 53 is equal to 76
Local Cache Stride Bucket 54 is equal to 52
Local Cache Stride Bucket 55 is equal to 1282
Local Cache Stride Bucket 56 is equal to 59
Local Cache Stride Bucket 57 is equal to 66
Local Cache Stride Bucket 58 is equal to 57
Local Cache Stride Bucket 59 is equal to 77
Local Cache Stride Bucket 60 is equal to 138
Local Cache Stride Bucket 61 is equal to 74
Local Cache Stride Bucket 62 is equal to 62
Local Cache Stride Bucket 63 is equal to 122
Local Cache Stride Bucket 64 is equal to 174
Local Cache Stride Bucket 65 is equal to 92
Local Cache Stride Bucket 66 is equal to 73
Local Cache Stride Bucket 67 is equal to 52
Local Cache Stride Bucket 68 is equal to 102
Local Cache Stride Bucket 69 is equal to 65
Local Cache Stride Bucket 70 is equal to 60
Local Cache Stride Bucket 71 is equal to 82
Local Cache Stride Bucket 72 is equal to 43
Local Cache Stride Bucket 73 is equal to 43
Local Cache Stride Bucket 74 is equal to 59
Local Cache Stride Bucket 75 is equal to 87
Local Cache Stride Bucket 76 is equal to 83
Local Cache Stride Bucket 77 is equal to 56
Local Cache Stride Bucket 78 is equal to 71
Local Cache Stride Bucket 79 is equal to 81
Local Cache Stride Bucket 80 is equal to 153
Local Cache Stride Bucket 81 is equal to 92
Local Cache Stride Bucket 82 is equal to 80
Local Cache Stride Bucket 83 is equal to 71
Local Cache Stride Bucket 84 is equal to 96
Local Cache Stride Bucket 85 is equal to 70
Local Cache Stride Bucket 86 is equal to 223
Local Cache Stride Bucket 87 is equal to 55
Local Cache Stride Bucket 88 is equal to 86
Local Cache Stride Bucket 89 is equal to 72
Local Cache Stride Bucket 90 is equal to 55
Local Cache Stride Bucket 91 is equal to 45
Local Cache Stride Bucket 92 is equal to 98
Local Cache Stride Bucket 93 is equal to 58
Local Cache Stride Bucket 94 is equal to 211
Local Cache Stride Bucket 95 is equal to 60
Local Cache Stride Bucket 96 is equal to 98
Local Cache Stride Bucket 97 is equal to 62
Local Cache Stride Bucket 98 is equal to 58
Local Cache Stride Bucket 99 is equal to 43
Local Cache Stride Bucket 100 is equal to 50
Local Cache Stride Bucket 101 is equal to 33
Local Cache Stride Bucket 102 is equal to 87
Local Cache Stride Bucket 103 is equal to 48
Local Cache Stride Bucket 104 is equal to 58
Local Cache Stride Bucket 105 is equal to 39
Local Cache Stride Bucket 106 is equal to 50
Local Cache Stride Bucket 107 is equal to 53
Local Cache Stride Bucket 108 is equal to 51
Local Cache Stride Bucket 109 is equal to 367
Local Cache Stride Bucket 110 is equal to 79
Local Cache Stride Bucket 111 is equal to 50
Local Cache Stride Bucket 112 is equal to 77
Local Cache Stride Bucket 113 is equal to 70
Local Cache Stride Bucket 114 is equal to 64
Local Cache Stride Bucket 115 is equal to 55
Local Cache Stride Bucket 116 is equal to 52
Local Cache Stride Bucket 117 is equal to 41
Local Cache Stride Bucket 118 is equal to 46
Local Cache Stride Bucket 119 is equal to 45
Local Cache Stride Bucket 120 is equal to 53
Local Cache Stride Bucket 121 is equal to 26
Local Cache Stride Bucket 122 is equal to 74
Local Cache Stride Bucket 123 is equal to 88
Local Cache Stride Bucket 124 is equal to 51
Local Cache Stride Bucket 125 is equal to 44
Local Cache Stride Bucket 126 is equal to 99
Local Cache Stride Bucket 127 is equal to 68
Local Cache Stride Bucket 128 is equal to 272
Local Cache Stride Bucket 129 is equal to 73
Local Cache Stride Bucket 130 is equal to 85
Local Cache Stride Bucket 131 is equal to 37
Local Cache Stride Bucket 132 is equal to 127
Local Cache Stride Bucket 133 is equal to 58
Local Cache Stride Bucket 134 is equal to 82
Local Cache Stride Bucket 135 is equal to 84
Local Cache Stride Bucket 136 is equal to 64
Local Cache Stride Bucket 137 is equal to 43
Local Cache Stride Bucket 138 is equal to 29
Local Cache Stride Bucket 139 is equal to 59
Local Cache Stride Bucket 140 is equal to 50
Local Cache Stride Bucket 141 is equal to 47
Local Cache Stride Bucket 142 is equal to 30
Local Cache Stride Bucket 143 is equal to 66
Local Cache Stride Bucket 144 is equal to 59
Local Cache Stride Bucket 145 is equal to 66
Local Cache Stride Bucket 146 is equal to 25
Local Cache Stride Bucket 147 is equal to 39
Local Cache Stride Bucket 148 is equal to 34
Local Cache Stride Bucket 149 is equal to 89
Local Cache Stride Bucket 150 is equal to 37
Local Cache Stride Bucket 151 is equal to 44
Local Cache Stride Bucket 152 is equal to 48
Local Cache Stride Bucket 153 is equal to 66
Local Cache Stride Bucket 154 is equal to 30
Local Cache Stride Bucket 155 is equal to 42
Local Cache Stride Bucket 156 is equal to 39
Local Cache Stride Bucket 157 is equal to 35
Local Cache Stride Bucket 158 is equal to 44
Local Cache Stride Bucket 159 is equal to 66
Local Cache Stride Bucket 160 is equal to 67
Local Cache Stride Bucket 161 is equal to 43
Local Cache Stride Bucket 162 is equal to 49
Local Cache Stride Bucket 163 is equal to 94
Local Cache Stride Bucket 164 is equal to 38
Local Cache Stride Bucket 165 is equal to 39
Local Cache Stride Bucket 166 is equal to 57
Local Cache Stride Bucket 167 is equal to 75
Local Cache Stride Bucket 168 is equal to 58
Local Cache Stride Bucket 169 is equal to 47
Local Cache Stride Bucket 170 is equal to 44
Local Cache Stride Bucket 171 is equal to 58
Local Cache Stride Bucket 172 is equal to 1293
Local Cache Stride Bucket 173 is equal to 84
Local Cache Stride Bucket 174 is equal to 68
Local Cache Stride Bucket 175 is equal to 58
Local Cache Stride Bucket 176 is equal to 54
Local Cache Stride Bucket 177 is equal to 94
Local Cache Stride Bucket 178 is equal to 61
Local Cache Stride Bucket 179 is equal to 47
Local Cache Stride Bucket 180 is equal to 44
Local Cache Stride Bucket 181 is equal to 1317
Local Cache Stride Bucket 182 is equal to 35
Local Cache Stride Bucket 183 is equal to 24
Local Cache Stride Bucket 184 is equal to 40
Local Cache Stride Bucket 185 is equal to 40
Local Cache Stride Bucket 186 is equal to 45
Local Cache Stride Bucket 187 is equal to 53
Local Cache Stride Bucket 188 is equal to 55
Local Cache Stride Bucket 189 is equal to 52
Local Cache Stride Bucket 190 is equal to 27
Local Cache Stride Bucket 191 is equal to 50
Local Cache Stride Bucket 192 is equal to 117
Local Cache Stride Bucket 193 is equal to 61
Local Cache Stride Bucket 194 is equal to 124
Local Cache Stride Bucket 195 is equal to 56
Local Cache Stride Bucket 196 is equal to 58
Local Cache Stride Bucket 197 is equal to 65
Local Cache Stride Bucket 198 is equal to 44
Local Cache Stride Bucket 199 is equal to 9
Local Cache Stride Bucket 200 is equal to 36
Local Cache Stride Bucket 201 is equal to 35
Local Cache Stride Bucket 202 is equal to 36
Local Cache Stride Bucket 203 is equal to 42
Local Cache Stride Bucket 204 is equal to 35
Local Cache Stride Bucket 205 is equal to 49
Local Cache Stride Bucket 206 is equal to 26
Local Cache Stride Bucket 207 is equal to 75
Local Cache Stride Bucket 208 is equal to 73
Local Cache Stride Bucket 209 is equal to 58
Local Cache Stride Bucket 210 is equal to 47
Local Cache Stride Bucket 211 is equal to 77
Local Cache Stride Bucket 212 is equal to 83
Local Cache Stride Bucket 213 is equal to 63
Local Cache Stride Bucket 214 is equal to 44
Local Cache Stride Bucket 215 is equal to 35
Local Cache Stride Bucket 216 is equal to 23
Local Cache Stride Bucket 217 is equal to 58
Local Cache Stride Bucket 218 is equal to 93
Local Cache Stride Bucket 219 is equal to 34
Local Cache Stride Bucket 220 is equal to 33
Local Cache Stride Bucket 221 is equal to 41
Local Cache Stride Bucket 222 is equal to 48
Local Cache Stride Bucket 223 is equal to 51
Local Cache Stride Bucket 224 is equal to 145
Local Cache Stride Bucket 225 is equal to 53
Local Cache Stride Bucket 226 is equal to 64
Local Cache Stride Bucket 227 is equal to 48
Local Cache Stride Bucket 228 is equal to 87
Local Cache Stride Bucket 229 is equal to 40
Local Cache Stride Bucket 230 is equal to 56
Local Cache Stride Bucket 231 is equal to 44
Local Cache Stride Bucket 232 is equal to 40
Local Cache Stride Bucket 233 is equal to 73
Local Cache Stride Bucket 234 is equal to 53
Local Cache Stride Bucket 235 is equal to 45
Local Cache Stride Bucket 236 is equal to 39
Local Cache Stride Bucket 237 is equal to 88
Local Cache Stride Bucket 238 is equal to 69
Local Cache Stride Bucket 239 is equal to 101
Local Cache Stride Bucket 240 is equal to 585
Local Cache Stride Bucket 241 is equal to 584
Local Cache Stride Bucket 242 is equal to 53
Local Cache Stride Bucket 243 is equal to 90
Local Cache Stride Bucket 244 is equal to 70
Local Cache Stride Bucket 245 is equal to 39
Local Cache Stride Bucket 246 is equal to 49
Local Cache Stride Bucket 247 is equal to 35
Local Cache Stride Bucket 248 is equal to 112
Local Cache Stride Bucket 249 is equal to 72
Local Cache Stride Bucket 250 is equal to 47
Local Cache Stride Bucket 251 is equal to 103
Local Cache Stride Bucket 252 is equal to 146
Local Cache Stride Bucket 253 is equal to 112
Local Cache Stride Bucket 254 is equal to 63
Local Cache Stride Bucket 255 is equal to 92
Local Cache Stride Bucket 256 is equal to 177582


Global LD ST Byte Stride Bucket -256 is equal to 9972720
Global LD ST Byte Stride Bucket -254 is equal to 636
Global LD ST Byte Stride Bucket -252 is equal to 955
Global LD ST Byte Stride Bucket -250 is equal to 719
Global LD ST Byte Stride Bucket -248 is equal to 3736
Global LD ST Byte Stride Bucket -246 is equal to 720
Global LD ST Byte Stride Bucket -244 is equal to 583
Global LD ST Byte Stride Bucket -242 is equal to 409
Global LD ST Byte Stride Bucket -240 is equal to 541
Global LD ST Byte Stride Bucket -238 is equal to 350
Global LD ST Byte Stride Bucket -236 is equal to 378
Global LD ST Byte Stride Bucket -234 is equal to 333
Global LD ST Byte Stride Bucket -232 is equal to 608
Global LD ST Byte Stride Bucket -230 is equal to 612
Global LD ST Byte Stride Bucket -228 is equal to 1112
Global LD ST Byte Stride Bucket -226 is equal to 374
Global LD ST Byte Stride Bucket -224 is equal to 615
Global LD ST Byte Stride Bucket -222 is equal to 407
Global LD ST Byte Stride Bucket -220 is equal to 486
Global LD ST Byte Stride Bucket -218 is equal to 872
Global LD ST Byte Stride Bucket -216 is equal to 2830
Global LD ST Byte Stride Bucket -214 is equal to 382
Global LD ST Byte Stride Bucket -212 is equal to 805
Global LD ST Byte Stride Bucket -210 is equal to 1052
Global LD ST Byte Stride Bucket -208 is equal to 740
Global LD ST Byte Stride Bucket -206 is equal to 601
Global LD ST Byte Stride Bucket -204 is equal to 502
Global LD ST Byte Stride Bucket -202 is equal to 567
Global LD ST Byte Stride Bucket -200 is equal to 668
Global LD ST Byte Stride Bucket -198 is equal to 487
Global LD ST Byte Stride Bucket -196 is equal to 821
Global LD ST Byte Stride Bucket -194 is equal to 333
Global LD ST Byte Stride Bucket -192 is equal to 553
Global LD ST Byte Stride Bucket -190 is equal to 421
Global LD ST Byte Stride Bucket -188 is equal to 9442
Global LD ST Byte Stride Bucket -186 is equal to 227
Global LD ST Byte Stride Bucket -184 is equal to 3736
Global LD ST Byte Stride Bucket -182 is equal to 666
Global LD ST Byte Stride Bucket -180 is equal to 580
Global LD ST Byte Stride Bucket -178 is equal to 314
Global LD ST Byte Stride Bucket -176 is equal to 222371
Global LD ST Byte Stride Bucket -174 is equal to 896
Global LD ST Byte Stride Bucket -172 is equal to 681
Global LD ST Byte Stride Bucket -170 is equal to 1155
Global LD ST Byte Stride Bucket -168 is equal to 88262
Global LD ST Byte Stride Bucket -166 is equal to 884
Global LD ST Byte Stride Bucket -164 is equal to 1254
Global LD ST Byte Stride Bucket -162 is equal to 921
Global LD ST Byte Stride Bucket -160 is equal to 5689
Global LD ST Byte Stride Bucket -158 is equal to 798
Global LD ST Byte Stride Bucket -156 is equal to 382
Global LD ST Byte Stride Bucket -154 is equal to 608
Global LD ST Byte Stride Bucket -152 is equal to 577
Global LD ST Byte Stride Bucket -150 is equal to 366
Global LD ST Byte Stride Bucket -148 is equal to 408
Global LD ST Byte Stride Bucket -146 is equal to 548
Global LD ST Byte Stride Bucket -144 is equal to 1462
Global LD ST Byte Stride Bucket -142 is equal to 260
Global LD ST Byte Stride Bucket -140 is equal to 838
Global LD ST Byte Stride Bucket -138 is equal to 758
Global LD ST Byte Stride Bucket -136 is equal to 520
Global LD ST Byte Stride Bucket -134 is equal to 1229
Global LD ST Byte Stride Bucket -132 is equal to 1023
Global LD ST Byte Stride Bucket -130 is equal to 734
Global LD ST Byte Stride Bucket -128 is equal to 2324
Global LD ST Byte Stride Bucket -126 is equal to 2318
Global LD ST Byte Stride Bucket -124 is equal to 3825
Global LD ST Byte Stride Bucket -122 is equal to 1467
Global LD ST Byte Stride Bucket -120 is equal to 13411
Global LD ST Byte Stride Bucket -118 is equal to 1154
Global LD ST Byte Stride Bucket -116 is equal to 10994
Global LD ST Byte Stride Bucket -114 is equal to 910
Global LD ST Byte Stride Bucket -112 is equal to 10374
Global LD ST Byte Stride Bucket -110 is equal to 717
Global LD ST Byte Stride Bucket -108 is equal to 7370
Global LD ST Byte Stride Bucket -106 is equal to 315
Global LD ST Byte Stride Bucket -104 is equal to 7405
Global LD ST Byte Stride Bucket -102 is equal to 638
Global LD ST Byte Stride Bucket -100 is equal to 5025
Global LD ST Byte Stride Bucket -98 is equal to 983
Global LD ST Byte Stride Bucket -96 is equal to 2140
Global LD ST Byte Stride Bucket -94 is equal to 942
Global LD ST Byte Stride Bucket -92 is equal to 7099
Global LD ST Byte Stride Bucket -90 is equal to 1063
Global LD ST Byte Stride Bucket -88 is equal to 67171
Global LD ST Byte Stride Bucket -86 is equal to 2454
Global LD ST Byte Stride Bucket -84 is equal to 8766
Global LD ST Byte Stride Bucket -82 is equal to 2721
Global LD ST Byte Stride Bucket -80 is equal to 81144
Global LD ST Byte Stride Bucket -78 is equal to 1141
Global LD ST Byte Stride Bucket -76 is equal to 4190
Global LD ST Byte Stride Bucket -74 is equal to 739
Global LD ST Byte Stride Bucket -72 is equal to 8733
Global LD ST Byte Stride Bucket -70 is equal to 784
Global LD ST Byte Stride Bucket -68 is equal to 9001
Global LD ST Byte Stride Bucket -66 is equal to 490
Global LD ST Byte Stride Bucket -64 is equal to 19472
Global LD ST Byte Stride Bucket -62 is equal to 596
Global LD ST Byte Stride Bucket -60 is equal to 59687
Global LD ST Byte Stride Bucket -58 is equal to 415
Global LD ST Byte Stride Bucket -56 is equal to 152996
Global LD ST Byte Stride Bucket -54 is equal to 476
Global LD ST Byte Stride Bucket -52 is equal to 143100
Global LD ST Byte Stride Bucket -50 is equal to 863
Global LD ST Byte Stride Bucket -48 is equal to 22047
Global LD ST Byte Stride Bucket -46 is equal to 2043
Global LD ST Byte Stride Bucket -44 is equal to 51407
Global LD ST Byte Stride Bucket -42 is equal to 24439
Global LD ST Byte Stride Bucket -40 is equal to 69749
Global LD ST Byte Stride Bucket -38 is equal to 2054
Global LD ST Byte Stride Bucket -36 is equal to 74259
Global LD ST Byte Stride Bucket -34 is equal to 1034
Global LD ST Byte Stride Bucket -32 is equal to 165541
Global LD ST Byte Stride Bucket -30 is equal to 371
Global LD ST Byte Stride Bucket -28 is equal to 25132
Global LD ST Byte Stride Bucket -26 is equal to 407
Global LD ST Byte Stride Bucket -24 is equal to 218572
Global LD ST Byte Stride Bucket -22 is equal to 315
Global LD ST Byte Stride Bucket -20 is equal to 127082
Global LD ST Byte Stride Bucket -18 is equal to 323
Global LD ST Byte Stride Bucket -16 is equal to 240196
Global LD ST Byte Stride Bucket -14 is equal to 169
Global LD ST Byte Stride Bucket -13 is equal to 8
Global LD ST Byte Stride Bucket -12 is equal to 410111
Global LD ST Byte Stride Bucket -10 is equal to 273
Global LD ST Byte Stride Bucket -9 is equal to 1
Global LD ST Byte Stride Bucket -8 is equal to 2019621
Global LD ST Byte Stride Bucket -6 is equal to 791
Global LD ST Byte Stride Bucket -4 is equal to 1022148
Global LD ST Byte Stride Bucket -2 is equal to 25577
Global LD ST Byte Stride Bucket 0 is equal to 2459699
Global LD ST Byte Stride Bucket 2 is equal to 23818
Global LD ST Byte Stride Bucket 4 is equal to 1609429
Global LD ST Byte Stride Bucket 6 is equal to 995
Global LD ST Byte Stride Bucket 8 is equal to 2631174
Global LD ST Byte Stride Bucket 9 is equal to 157
Global LD ST Byte Stride Bucket 10 is equal to 512
Global LD ST Byte Stride Bucket 12 is equal to 131452
Global LD ST Byte Stride Bucket 14 is equal to 199
Global LD ST Byte Stride Bucket 16 is equal to 380373
Global LD ST Byte Stride Bucket 18 is equal to 81
Global LD ST Byte Stride Bucket 20 is equal to 141636
Global LD ST Byte Stride Bucket 22 is equal to 103
Global LD ST Byte Stride Bucket 24 is equal to 171294
Global LD ST Byte Stride Bucket 26 is equal to 109
Global LD ST Byte Stride Bucket 28 is equal to 32482
Global LD ST Byte Stride Bucket 30 is equal to 239
Global LD ST Byte Stride Bucket 32 is equal to 128057
Global LD ST Byte Stride Bucket 34 is equal to 297
Global LD ST Byte Stride Bucket 36 is equal to 310028
Global LD ST Byte Stride Bucket 38 is equal to 1414
Global LD ST Byte Stride Bucket 40 is equal to 67566
Global LD ST Byte Stride Bucket 42 is equal to 26316
Global LD ST Byte Stride Bucket 44 is equal to 59279
Global LD ST Byte Stride Bucket 46 is equal to 1469
Global LD ST Byte Stride Bucket 47 is equal to 8
Global LD ST Byte Stride Bucket 48 is equal to 47078
Global LD ST Byte Stride Bucket 49 is equal to 109
Global LD ST Byte Stride Bucket 50 is equal to 1203
Global LD ST Byte Stride Bucket 51 is equal to 18
Global LD ST Byte Stride Bucket 52 is equal to 171382
Global LD ST Byte Stride Bucket 53 is equal to 264
Global LD ST Byte Stride Bucket 54 is equal to 739
Global LD ST Byte Stride Bucket 55 is equal to 70
Global LD ST Byte Stride Bucket 56 is equal to 44274
Global LD ST Byte Stride Bucket 57 is equal to 170
Global LD ST Byte Stride Bucket 58 is equal to 1263
Global LD ST Byte Stride Bucket 59 is equal to 207
Global LD ST Byte Stride Bucket 60 is equal to 6543
Global LD ST Byte Stride Bucket 61 is equal to 15
Global LD ST Byte Stride Bucket 62 is equal to 544
Global LD ST Byte Stride Bucket 63 is equal to 47
Global LD ST Byte Stride Bucket 64 is equal to 16644
Global LD ST Byte Stride Bucket 65 is equal to 7
Global LD ST Byte Stride Bucket 66 is equal to 1475
Global LD ST Byte Stride Bucket 67 is equal to 39
Global LD ST Byte Stride Bucket 68 is equal to 1344
Global LD ST Byte Stride Bucket 69 is equal to 98
Global LD ST Byte Stride Bucket 70 is equal to 710
Global LD ST Byte Stride Bucket 71 is equal to 50
Global LD ST Byte Stride Bucket 72 is equal to 5474
Global LD ST Byte Stride Bucket 73 is equal to 98
Global LD ST Byte Stride Bucket 74 is equal to 890
Global LD ST Byte Stride Bucket 75 is equal to 127
Global LD ST Byte Stride Bucket 76 is equal to 1028
Global LD ST Byte Stride Bucket 77 is equal to 162
Global LD ST Byte Stride Bucket 78 is equal to 1309
Global LD ST Byte Stride Bucket 79 is equal to 224
Global LD ST Byte Stride Bucket 80 is equal to 64579
Global LD ST Byte Stride Bucket 81 is equal to 212
Global LD ST Byte Stride Bucket 82 is equal to 1767
Global LD ST Byte Stride Bucket 83 is equal to 100
Global LD ST Byte Stride Bucket 84 is equal to 167620
Global LD ST Byte Stride Bucket 86 is equal to 1640
Global LD ST Byte Stride Bucket 88 is equal to 62635
Global LD ST Byte Stride Bucket 89 is equal to 74
Global LD ST Byte Stride Bucket 90 is equal to 732
Global LD ST Byte Stride Bucket 91 is equal to 20
Global LD ST Byte Stride Bucket 92 is equal to 1319
Global LD ST Byte Stride Bucket 93 is equal to 29
Global LD ST Byte Stride Bucket 94 is equal to 342
Global LD ST Byte Stride Bucket 95 is equal to 15
Global LD ST Byte Stride Bucket 96 is equal to 1405
Global LD ST Byte Stride Bucket 97 is equal to 315
Global LD ST Byte Stride Bucket 98 is equal to 386
Global LD ST Byte Stride Bucket 99 is equal to 252
Global LD ST Byte Stride Bucket 100 is equal to 477
Global LD ST Byte Stride Bucket 101 is equal to 87
Global LD ST Byte Stride Bucket 102 is equal to 731
Global LD ST Byte Stride Bucket 103 is equal to 154
Global LD ST Byte Stride Bucket 104 is equal to 761
Global LD ST Byte Stride Bucket 105 is equal to 1
Global LD ST Byte Stride Bucket 106 is equal to 134
Global LD ST Byte Stride Bucket 107 is equal to 41
Global LD ST Byte Stride Bucket 108 is equal to 83
Global LD ST Byte Stride Bucket 109 is equal to 44
Global LD ST Byte Stride Bucket 110 is equal to 244
Global LD ST Byte Stride Bucket 111 is equal to 34
Global LD ST Byte Stride Bucket 112 is equal to 920
Global LD ST Byte Stride Bucket 113 is equal to 30
Global LD ST Byte Stride Bucket 114 is equal to 367
Global LD ST Byte Stride Bucket 115 is equal to 131
Global LD ST Byte Stride Bucket 116 is equal to 867
Global LD ST Byte Stride Bucket 117 is equal to 107
Global LD ST Byte Stride Bucket 118 is equal to 838
Global LD ST Byte Stride Bucket 119 is equal to 178
Global LD ST Byte Stride Bucket 120 is equal to 1028
Global LD ST Byte Stride Bucket 121 is equal to 211
Global LD ST Byte Stride Bucket 122 is equal to 1301
Global LD ST Byte Stride Bucket 123 is equal to 278
Global LD ST Byte Stride Bucket 124 is equal to 944
Global LD ST Byte Stride Bucket 125 is equal to 232
Global LD ST Byte Stride Bucket 126 is equal to 1568
Global LD ST Byte Stride Bucket 128 is equal to 777
Global LD ST Byte Stride Bucket 130 is equal to 667
Global LD ST Byte Stride Bucket 131 is equal to 8
Global LD ST Byte Stride Bucket 132 is equal to 1323
Global LD ST Byte Stride Bucket 133 is equal to 14
Global LD ST Byte Stride Bucket 134 is equal to 373
Global LD ST Byte Stride Bucket 135 is equal to 7
Global LD ST Byte Stride Bucket 136 is equal to 1160
Global LD ST Byte Stride Bucket 137 is equal to 189
Global LD ST Byte Stride Bucket 138 is equal to 279
Global LD ST Byte Stride Bucket 139 is equal to 120
Global LD ST Byte Stride Bucket 140 is equal to 129
Global LD ST Byte Stride Bucket 141 is equal to 1
Global LD ST Byte Stride Bucket 142 is equal to 191
Global LD ST Byte Stride Bucket 143 is equal to 90
Global LD ST Byte Stride Bucket 144 is equal to 472
Global LD ST Byte Stride Bucket 145 is equal to 323
Global LD ST Byte Stride Bucket 146 is equal to 180
Global LD ST Byte Stride Bucket 147 is equal to 51
Global LD ST Byte Stride Bucket 148 is equal to 488
Global LD ST Byte Stride Bucket 149 is equal to 8
Global LD ST Byte Stride Bucket 150 is equal to 584
Global LD ST Byte Stride Bucket 151 is equal to 330
Global LD ST Byte Stride Bucket 152 is equal to 517
Global LD ST Byte Stride Bucket 153 is equal to 76
Global LD ST Byte Stride Bucket 154 is equal to 727
Global LD ST Byte Stride Bucket 155 is equal to 20
Global LD ST Byte Stride Bucket 156 is equal to 1012
Global LD ST Byte Stride Bucket 157 is equal to 314
Global LD ST Byte Stride Bucket 158 is equal to 982
Global LD ST Byte Stride Bucket 159 is equal to 105
Global LD ST Byte Stride Bucket 160 is equal to 9528
Global LD ST Byte Stride Bucket 161 is equal to 99
Global LD ST Byte Stride Bucket 162 is equal to 816
Global LD ST Byte Stride Bucket 163 is equal to 27
Global LD ST Byte Stride Bucket 164 is equal to 164872
Global LD ST Byte Stride Bucket 165 is equal to 122
Global LD ST Byte Stride Bucket 166 is equal to 1113
Global LD ST Byte Stride Bucket 167 is equal to 178
Global LD ST Byte Stride Bucket 168 is equal to 84226
Global LD ST Byte Stride Bucket 170 is equal to 419
Global LD ST Byte Stride Bucket 172 is equal to 441
Global LD ST Byte Stride Bucket 173 is equal to 16
Global LD ST Byte Stride Bucket 174 is equal to 1195
Global LD ST Byte Stride Bucket 175 is equal to 2
Global LD ST Byte Stride Bucket 176 is equal to 8221
Global LD ST Byte Stride Bucket 177 is equal to 9
Global LD ST Byte Stride Bucket 178 is equal to 564
Global LD ST Byte Stride Bucket 179 is equal to 44
Global LD ST Byte Stride Bucket 180 is equal to 391
Global LD ST Byte Stride Bucket 181 is equal to 1
Global LD ST Byte Stride Bucket 182 is equal to 696
Global LD ST Byte Stride Bucket 183 is equal to 160
Global LD ST Byte Stride Bucket 184 is equal to 55956
Global LD ST Byte Stride Bucket 185 is equal to 120
Global LD ST Byte Stride Bucket 186 is equal to 726
Global LD ST Byte Stride Bucket 187 is equal to 16
Global LD ST Byte Stride Bucket 188 is equal to 777
Global LD ST Byte Stride Bucket 190 is equal to 51
Global LD ST Byte Stride Bucket 191 is equal to 6
Global LD ST Byte Stride Bucket 192 is equal to 68
Global LD ST Byte Stride Bucket 194 is equal to 73
Global LD ST Byte Stride Bucket 196 is equal to 53
Global LD ST Byte Stride Bucket 198 is equal to 81
Global LD ST Byte Stride Bucket 200 is equal to 8863
Global LD ST Byte Stride Bucket 202 is equal to 290
Global LD ST Byte Stride Bucket 203 is equal to 33
Global LD ST Byte Stride Bucket 204 is equal to 1019
Global LD ST Byte Stride Bucket 205 is equal to 43
Global LD ST Byte Stride Bucket 206 is equal to 400
Global LD ST Byte Stride Bucket 207 is equal to 80
Global LD ST Byte Stride Bucket 208 is equal to 944
Global LD ST Byte Stride Bucket 209 is equal to 154
Global LD ST Byte Stride Bucket 210 is equal to 671
Global LD ST Byte Stride Bucket 212 is equal to 268
Global LD ST Byte Stride Bucket 214 is equal to 417
Global LD ST Byte Stride Bucket 215 is equal to 121
Global LD ST Byte Stride Bucket 216 is equal to 606
Global LD ST Byte Stride Bucket 217 is equal to 26
Global LD ST Byte Stride Bucket 218 is equal to 819
Global LD ST Byte Stride Bucket 219 is equal to 20
Global LD ST Byte Stride Bucket 220 is equal to 110
Global LD ST Byte Stride Bucket 221 is equal to 69
Global LD ST Byte Stride Bucket 222 is equal to 168
Global LD ST Byte Stride Bucket 223 is equal to 73
Global LD ST Byte Stride Bucket 224 is equal to 2651
Global LD ST Byte Stride Bucket 225 is equal to 12
Global LD ST Byte Stride Bucket 226 is equal to 234
Global LD ST Byte Stride Bucket 227 is equal to 158
Global LD ST Byte Stride Bucket 228 is equal to 308
Global LD ST Byte Stride Bucket 229 is equal to 42
Global LD ST Byte Stride Bucket 230 is equal to 857
Global LD ST Byte Stride Bucket 231 is equal to 25
Global LD ST Byte Stride Bucket 232 is equal to 836
Global LD ST Byte Stride Bucket 233 is equal to 62
Global LD ST Byte Stride Bucket 234 is equal to 361
Global LD ST Byte Stride Bucket 235 is equal to 6
Global LD ST Byte Stride Bucket 236 is equal to 157
Global LD ST Byte Stride Bucket 237 is equal to 4
Global LD ST Byte Stride Bucket 238 is equal to 498
Global LD ST Byte Stride Bucket 239 is equal to 121
Global LD ST Byte Stride Bucket 240 is equal to 332
Global LD ST Byte Stride Bucket 241 is equal to 185
Global LD ST Byte Stride Bucket 242 is equal to 616
Global LD ST Byte Stride Bucket 243 is equal to 42
Global LD ST Byte Stride Bucket 244 is equal to 751
Global LD ST Byte Stride Bucket 245 is equal to 71
Global LD ST Byte Stride Bucket 246 is equal to 730
Global LD ST Byte Stride Bucket 247 is equal to 52
Global LD ST Byte Stride Bucket 248 is equal to 1091
Global LD ST Byte Stride Bucket 249 is equal to 152
Global LD ST Byte Stride Bucket 250 is equal to 572
Global LD ST Byte Stride Bucket 251 is equal to 133
Global LD ST Byte Stride Bucket 252 is equal to 772
Global LD ST Byte Stride Bucket 254 is equal to 230
Global LD ST Byte Stride Bucket 256 is equal to 10994067

Global LD ST Cache Stride Bucket -256 is equal to 1580059
Global LD ST Cache Stride Bucket -243 is equal to 7
Global LD ST Cache Stride Bucket -242 is equal to 1
Global LD ST Cache Stride Bucket -161 is equal to 1
Global LD ST Cache Stride Bucket -151 is equal to 11
Global LD ST Cache Stride Bucket -150 is equal to 1194
Global LD ST Cache Stride Bucket -149 is equal to 14696
Global LD ST Cache Stride Bucket -148 is equal to 16928
Global LD ST Cache Stride Bucket -147 is equal to 39167
Global LD ST Cache Stride Bucket -146 is equal to 200315
Global LD ST Cache Stride Bucket -145 is equal to 376039
Global LD ST Cache Stride Bucket -144 is equal to 491735
Global LD ST Cache Stride Bucket -143 is equal to 337233
Global LD ST Cache Stride Bucket -142 is equal to 146834
Global LD ST Cache Stride Bucket -141 is equal to 58158
Global LD ST Cache Stride Bucket -140 is equal to 16505
Global LD ST Cache Stride Bucket -139 is equal to 7248
Global LD ST Cache Stride Bucket -138 is equal to 7906
Global LD ST Cache Stride Bucket -137 is equal to 5183
Global LD ST Cache Stride Bucket -136 is equal to 2976
Global LD ST Cache Stride Bucket -135 is equal to 3720
Global LD ST Cache Stride Bucket -134 is equal to 3338
Global LD ST Cache Stride Bucket -133 is equal to 2859
Global LD ST Cache Stride Bucket -132 is equal to 4861
Global LD ST Cache Stride Bucket -131 is equal to 4660
Global LD ST Cache Stride Bucket -130 is equal to 7474
Global LD ST Cache Stride Bucket -129 is equal to 4238
Global LD ST Cache Stride Bucket -128 is equal to 2664
Global LD ST Cache Stride Bucket -127 is equal to 3589
Global LD ST Cache Stride Bucket -126 is equal to 3700
Global LD ST Cache Stride Bucket -125 is equal to 2658
Global LD ST Cache Stride Bucket -124 is equal to 2859
Global LD ST Cache Stride Bucket -123 is equal to 2758
Global LD ST Cache Stride Bucket -122 is equal to 3404
Global LD ST Cache Stride Bucket -121 is equal to 3622
Global LD ST Cache Stride Bucket -120 is equal to 3721
Global LD ST Cache Stride Bucket -119 is equal to 9307
Global LD ST Cache Stride Bucket -118 is equal to 3533
Global LD ST Cache Stride Bucket -117 is equal to 32503
Global LD ST Cache Stride Bucket -116 is equal to 80317
Global LD ST Cache Stride Bucket -115 is equal to 81986
Global LD ST Cache Stride Bucket -114 is equal to 43636
Global LD ST Cache Stride Bucket -113 is equal to 58181
Global LD ST Cache Stride Bucket -112 is equal to 60171
Global LD ST Cache Stride Bucket -111 is equal to 48889
Global LD ST Cache Stride Bucket -110 is equal to 47060
Global LD ST Cache Stride Bucket -109 is equal to 42941
Global LD ST Cache Stride Bucket -108 is equal to 50843
Global LD ST Cache Stride Bucket -107 is equal to 52370
Global LD ST Cache Stride Bucket -106 is equal to 56371
Global LD ST Cache Stride Bucket -105 is equal to 56329
Global LD ST Cache Stride Bucket -104 is equal to 52687
Global LD ST Cache Stride Bucket -103 is equal to 39819
Global LD ST Cache Stride Bucket -102 is equal to 35961
Global LD ST Cache Stride Bucket -101 is equal to 30522
Global LD ST Cache Stride Bucket -100 is equal to 136862
Global LD ST Cache Stride Bucket -99 is equal to 29132
Global LD ST Cache Stride Bucket -98 is equal to 111498
Global LD ST Cache Stride Bucket -97 is equal to 41695
Global LD ST Cache Stride Bucket -96 is equal to 70272
Global LD ST Cache Stride Bucket -95 is equal to 97722
Global LD ST Cache Stride Bucket -94 is equal to 125193
Global LD ST Cache Stride Bucket -93 is equal to 96867
Global LD ST Cache Stride Bucket -92 is equal to 92313
Global LD ST Cache Stride Bucket -91 is equal to 89587
Global LD ST Cache Stride Bucket -90 is equal to 70340
Global LD ST Cache Stride Bucket -89 is equal to 48009
Global LD ST Cache Stride Bucket -88 is equal to 60601
Global LD ST Cache Stride Bucket -87 is equal to 75757
Global LD ST Cache Stride Bucket -86 is equal to 63364
Global LD ST Cache Stride Bucket -85 is equal to 58522
Global LD ST Cache Stride Bucket -84 is equal to 57689
Global LD ST Cache Stride Bucket -83 is equal to 53394
Global LD ST Cache Stride Bucket -82 is equal to 62771
Global LD ST Cache Stride Bucket -81 is equal to 73074
Global LD ST Cache Stride Bucket -80 is equal to 73237
Global LD ST Cache Stride Bucket -79 is equal to 74802
Global LD ST Cache Stride Bucket -78 is equal to 65760
Global LD ST Cache Stride Bucket -77 is equal to 57422
Global LD ST Cache Stride Bucket -76 is equal to 53686
Global LD ST Cache Stride Bucket -75 is equal to 61450
Global LD ST Cache Stride Bucket -74 is equal to 67617
Global LD ST Cache Stride Bucket -73 is equal to 87167
Global LD ST Cache Stride Bucket -72 is equal to 98874
Global LD ST Cache Stride Bucket -71 is equal to 66369
Global LD ST Cache Stride Bucket -70 is equal to 51464
Global LD ST Cache Stride Bucket -69 is equal to 29126
Global LD ST Cache Stride Bucket -68 is equal to 28283
Global LD ST Cache Stride Bucket -67 is equal to 32166
Global LD ST Cache Stride Bucket -66 is equal to 33178
Global LD ST Cache Stride Bucket -65 is equal to 34556
Global LD ST Cache Stride Bucket -64 is equal to 32925
Global LD ST Cache Stride Bucket -63 is equal to 32961
Global LD ST Cache Stride Bucket -62 is equal to 24797
Global LD ST Cache Stride Bucket -61 is equal to 29453
Global LD ST Cache Stride Bucket -60 is equal to 29126
Global LD ST Cache Stride Bucket -59 is equal to 31699
Global LD ST Cache Stride Bucket -58 is equal to 28960
Global LD ST Cache Stride Bucket -57 is equal to 33271
Global LD ST Cache Stride Bucket -56 is equal to 45276
Global LD ST Cache Stride Bucket -55 is equal to 70550
Global LD ST Cache Stride Bucket -54 is equal to 66861
Global LD ST Cache Stride Bucket -53 is equal to 66999
Global LD ST Cache Stride Bucket -52 is equal to 56786
Global LD ST Cache Stride Bucket -51 is equal to 66976
Global LD ST Cache Stride Bucket -50 is equal to 67376
Global LD ST Cache Stride Bucket -49 is equal to 108662
Global LD ST Cache Stride Bucket -48 is equal to 51143
Global LD ST Cache Stride Bucket -47 is equal to 53318
Global LD ST Cache Stride Bucket -46 is equal to 336974
Global LD ST Cache Stride Bucket -45 is equal to 70701
Global LD ST Cache Stride Bucket -44 is equal to 72979
Global LD ST Cache Stride Bucket -43 is equal to 40317
Global LD ST Cache Stride Bucket -42 is equal to 109988
Global LD ST Cache Stride Bucket -41 is equal to 139318
Global LD ST Cache Stride Bucket -40 is equal to 27413
Global LD ST Cache Stride Bucket -39 is equal to 20908
Global LD ST Cache Stride Bucket -38 is equal to 13278
Global LD ST Cache Stride Bucket -37 is equal to 17717
Global LD ST Cache Stride Bucket -36 is equal to 18091
Global LD ST Cache Stride Bucket -35 is equal to 16009
Global LD ST Cache Stride Bucket -34 is equal to 18833
Global LD ST Cache Stride Bucket -33 is equal to 24620
Global LD ST Cache Stride Bucket -32 is equal to 25542
Global LD ST Cache Stride Bucket -31 is equal to 20613
Global LD ST Cache Stride Bucket -30 is equal to 15895
Global LD ST Cache Stride Bucket -29 is equal to 21036
Global LD ST Cache Stride Bucket -28 is equal to 42245
Global LD ST Cache Stride Bucket -27 is equal to 86921
Global LD ST Cache Stride Bucket -26 is equal to 82265
Global LD ST Cache Stride Bucket -25 is equal to 37869
Global LD ST Cache Stride Bucket -24 is equal to 23690
Global LD ST Cache Stride Bucket -23 is equal to 25931
Global LD ST Cache Stride Bucket -22 is equal to 20787
Global LD ST Cache Stride Bucket -21 is equal to 21603
Global LD ST Cache Stride Bucket -20 is equal to 29991
Global LD ST Cache Stride Bucket -19 is equal to 29615
Global LD ST Cache Stride Bucket -18 is equal to 31907
Global LD ST Cache Stride Bucket -17 is equal to 38673
Global LD ST Cache Stride Bucket -16 is equal to 59639
Global LD ST Cache Stride Bucket -15 is equal to 108337
Global LD ST Cache Stride Bucket -14 is equal to 253458
Global LD ST Cache Stride Bucket -13 is equal to 145138
Global LD ST Cache Stride Bucket -12 is equal to 91736
Global LD ST Cache Stride Bucket -11 is equal to 38821
Global LD ST Cache Stride Bucket -10 is equal to 27482
Global LD ST Cache Stride Bucket -9 is equal to 25815
Global LD ST Cache Stride Bucket -8 is equal to 28493
Global LD ST Cache Stride Bucket -7 is equal to 37564
Global LD ST Cache Stride Bucket -6 is equal to 55677
Global LD ST Cache Stride Bucket -5 is equal to 35649
Global LD ST Cache Stride Bucket -4 is equal to 23991
Global LD ST Cache Stride Bucket -3 is equal to 275717
Global LD ST Cache Stride Bucket -2 is equal to 179969
Global LD ST Cache Stride Bucket -1 is equal to 1280165
Global LD ST Cache Stride Bucket 0 is equal to 11252356
Global LD ST Cache Stride Bucket 1 is equal to 1213876
Global LD ST Cache Stride Bucket 2 is equal to 226213
Global LD ST Cache Stride Bucket 3 is equal to 231885
Global LD ST Cache Stride Bucket 4 is equal to 32708
Global LD ST Cache Stride Bucket 5 is equal to 34323
Global LD ST Cache Stride Bucket 6 is equal to 59922
Global LD ST Cache Stride Bucket 7 is equal to 43242
Global LD ST Cache Stride Bucket 8 is equal to 33939
Global LD ST Cache Stride Bucket 9 is equal to 36306
Global LD ST Cache Stride Bucket 10 is equal to 42868
Global LD ST Cache Stride Bucket 11 is equal to 63130
Global LD ST Cache Stride Bucket 12 is equal to 117420
Global LD ST Cache Stride Bucket 13 is equal to 282605
Global LD ST Cache Stride Bucket 14 is equal to 665978
Global LD ST Cache Stride Bucket 15 is equal to 184836
Global LD ST Cache Stride Bucket 16 is equal to 95223
Global LD ST Cache Stride Bucket 17 is equal to 77322
Global LD ST Cache Stride Bucket 18 is equal to 60619
Global LD ST Cache Stride Bucket 19 is equal to 92643
Global LD ST Cache Stride Bucket 20 is equal to 106433
Global LD ST Cache Stride Bucket 21 is equal to 58510
Global LD ST Cache Stride Bucket 22 is equal to 51004
Global LD ST Cache Stride Bucket 23 is equal to 44041
Global LD ST Cache Stride Bucket 24 is equal to 31313
Global LD ST Cache Stride Bucket 25 is equal to 38131
Global LD ST Cache Stride Bucket 26 is equal to 45523
Global LD ST Cache Stride Bucket 27 is equal to 94482
Global LD ST Cache Stride Bucket 28 is equal to 92860
Global LD ST Cache Stride Bucket 29 is equal to 69931
Global LD ST Cache Stride Bucket 30 is equal to 67188
Global LD ST Cache Stride Bucket 31 is equal to 68556
Global LD ST Cache Stride Bucket 32 is equal to 78647
Global LD ST Cache Stride Bucket 33 is equal to 71051
Global LD ST Cache Stride Bucket 34 is equal to 70148
Global LD ST Cache Stride Bucket 35 is equal to 63865
Global LD ST Cache Stride Bucket 36 is equal to 81861
Global LD ST Cache Stride Bucket 37 is equal to 74721
Global LD ST Cache Stride Bucket 38 is equal to 79304
Global LD ST Cache Stride Bucket 39 is equal to 92579
Global LD ST Cache Stride Bucket 40 is equal to 90545
Global LD ST Cache Stride Bucket 41 is equal to 45491
Global LD ST Cache Stride Bucket 42 is equal to 16679
Global LD ST Cache Stride Bucket 43 is equal to 27923
Global LD ST Cache Stride Bucket 44 is equal to 73402
Global LD ST Cache Stride Bucket 45 is equal to 96189
Global LD ST Cache Stride Bucket 46 is equal to 145149
Global LD ST Cache Stride Bucket 47 is equal to 395023
Global LD ST Cache Stride Bucket 48 is equal to 70806
Global LD ST Cache Stride Bucket 49 is equal to 29268
Global LD ST Cache Stride Bucket 50 is equal to 34026
Global LD ST Cache Stride Bucket 51 is equal to 45294
Global LD ST Cache Stride Bucket 52 is equal to 29768
Global LD ST Cache Stride Bucket 53 is equal to 35144
Global LD ST Cache Stride Bucket 54 is equal to 43758
Global LD ST Cache Stride Bucket 55 is equal to 43230
Global LD ST Cache Stride Bucket 56 is equal to 44018
Global LD ST Cache Stride Bucket 57 is equal to 23358
Global LD ST Cache Stride Bucket 58 is equal to 16836
Global LD ST Cache Stride Bucket 59 is equal to 20795
Global LD ST Cache Stride Bucket 60 is equal to 18976
Global LD ST Cache Stride Bucket 61 is equal to 18230
Global LD ST Cache Stride Bucket 62 is equal to 14026
Global LD ST Cache Stride Bucket 63 is equal to 16824
Global LD ST Cache Stride Bucket 64 is equal to 17628
Global LD ST Cache Stride Bucket 65 is equal to 16921
Global LD ST Cache Stride Bucket 66 is equal to 19453
Global LD ST Cache Stride Bucket 67 is equal to 19618
Global LD ST Cache Stride Bucket 68 is equal to 17564
Global LD ST Cache Stride Bucket 69 is equal to 18873
Global LD ST Cache Stride Bucket 70 is equal to 29352
Global LD ST Cache Stride Bucket 71 is equal to 29261
Global LD ST Cache Stride Bucket 72 is equal to 33603
Global LD ST Cache Stride Bucket 73 is equal to 35490
Global LD ST Cache Stride Bucket 74 is equal to 28462
Global LD ST Cache Stride Bucket 75 is equal to 27755
Global LD ST Cache Stride Bucket 76 is equal to 21393
Global LD ST Cache Stride Bucket 77 is equal to 25535
Global LD ST Cache Stride Bucket 78 is equal to 29124
Global LD ST Cache Stride Bucket 79 is equal to 27938
Global LD ST Cache Stride Bucket 80 is equal to 28154
Global LD ST Cache Stride Bucket 81 is equal to 30184
Global LD ST Cache Stride Bucket 82 is equal to 27623
Global LD ST Cache Stride Bucket 83 is equal to 23544
Global LD ST Cache Stride Bucket 84 is equal to 44280
Global LD ST Cache Stride Bucket 85 is equal to 41402
Global LD ST Cache Stride Bucket 86 is equal to 38634
Global LD ST Cache Stride Bucket 87 is equal to 44665
Global LD ST Cache Stride Bucket 88 is equal to 42328
Global LD ST Cache Stride Bucket 89 is equal to 33463
Global LD ST Cache Stride Bucket 90 is equal to 36619
Global LD ST Cache Stride Bucket 91 is equal to 43827
Global LD ST Cache Stride Bucket 92 is equal to 47211
Global LD ST Cache Stride Bucket 93 is equal to 46521
Global LD ST Cache Stride Bucket 94 is equal to 56524
Global LD ST Cache Stride Bucket 95 is equal to 60339
Global LD ST Cache Stride Bucket 96 is equal to 34581
Global LD ST Cache Stride Bucket 97 is equal to 20307
Global LD ST Cache Stride Bucket 98 is equal to 20770
Global LD ST Cache Stride Bucket 99 is equal to 54096
Global LD ST Cache Stride Bucket 100 is equal to 14963
Global LD ST Cache Stride Bucket 101 is equal to 14243
Global LD ST Cache Stride Bucket 102 is equal to 14482
Global LD ST Cache Stride Bucket 103 is equal to 6966
Global LD ST Cache Stride Bucket 104 is equal to 6466
Global LD ST Cache Stride Bucket 105 is equal to 8611
Global LD ST Cache Stride Bucket 106 is equal to 7463
Global LD ST Cache Stride Bucket 107 is equal to 5618
Global LD ST Cache Stride Bucket 108 is equal to 8279
Global LD ST Cache Stride Bucket 109 is equal to 5955
Global LD ST Cache Stride Bucket 110 is equal to 6533
Global LD ST Cache Stride Bucket 111 is equal to 6129
Global LD ST Cache Stride Bucket 112 is equal to 7937
Global LD ST Cache Stride Bucket 113 is equal to 8316
Global LD ST Cache Stride Bucket 114 is equal to 7740
Global LD ST Cache Stride Bucket 115 is equal to 6923
Global LD ST Cache Stride Bucket 116 is equal to 4131
Global LD ST Cache Stride Bucket 117 is equal to 21925
Global LD ST Cache Stride Bucket 118 is equal to 1290
Global LD ST Cache Stride Bucket 119 is equal to 7695
Global LD ST Cache Stride Bucket 120 is equal to 9155
Global LD ST Cache Stride Bucket 121 is equal to 8800
Global LD ST Cache Stride Bucket 122 is equal to 10088
Global LD ST Cache Stride Bucket 123 is equal to 20099
Global LD ST Cache Stride Bucket 124 is equal to 66607
Global LD ST Cache Stride Bucket 125 is equal to 124991
Global LD ST Cache Stride Bucket 126 is equal to 66230
Global LD ST Cache Stride Bucket 127 is equal to 7233
Global LD ST Cache Stride Bucket 128 is equal to 7299
Global LD ST Cache Stride Bucket 129 is equal to 14089
Global LD ST Cache Stride Bucket 130 is equal to 22724
Global LD ST Cache Stride Bucket 131 is equal to 29757
Global LD ST Cache Stride Bucket 132 is equal to 25395
Global LD ST Cache Stride Bucket 133 is equal to 23414
Global LD ST Cache Stride Bucket 134 is equal to 29561
Global LD ST Cache Stride Bucket 135 is equal to 25413
Global LD ST Cache Stride Bucket 136 is equal to 23693
Global LD ST Cache Stride Bucket 137 is equal to 26042
Global LD ST Cache Stride Bucket 138 is equal to 28592
Global LD ST Cache Stride Bucket 139 is equal to 29058
Global LD ST Cache Stride Bucket 140 is equal to 42038
Global LD ST Cache Stride Bucket 141 is equal to 56610
Global LD ST Cache Stride Bucket 142 is equal to 198718
Global LD ST Cache Stride Bucket 143 is equal to 491460
Global LD ST Cache Stride Bucket 144 is equal to 965473
Global LD ST Cache Stride Bucket 145 is equal to 470713
Global LD ST Cache Stride Bucket 146 is equal to 242323
Global LD ST Cache Stride Bucket 147 is equal to 108621
Global LD ST Cache Stride Bucket 148 is equal to 31598
Global LD ST Cache Stride Bucket 149 is equal to 15902
Global LD ST Cache Stride Bucket 150 is equal to 1210
Global LD ST Cache Stride Bucket 151 is equal to 2027
Global LD ST Cache Stride Bucket 172 is equal to 314
Global LD ST Cache Stride Bucket 173 is equal to 951
Global LD ST Cache Stride Bucket 181 is equal to 314
Global LD ST Cache Stride Bucket 242 is equal to 1
Global LD ST Cache Stride Bucket 243 is equal to 9
Global LD ST Cache Stride Bucket 256 is equal to 1739896


            "-256": "9972720",
            "-255": "0",
            "-254": "636",
            "-253": "0",
            "-252": "955",
            "-251": "0",
            "-250": "719",
            "-249": "0",
            "-248": "3736",
            "-247": "0",
            "-246": "720",
            "-245": "0",
            "-244": "583",
            "-243": "0",
            "-242": "409",
            "-241": "0",
            "-240": "541",
            "-239": "0",
            "-238": "350",
            "-237": "0",
            "-236": "378",
            "-235": "0",
            "-234": "333",
            "-233": "0",
            "-232": "608",
            "-231": "0",
            "-230": "612",
            "-229": "0",
            "-228": "1112",
            "-227": "0",
            "-226": "374",
            "-225": "0",
            "-224": "615",
            "-223": "0",
            "-222": "407",
            "-221": "0",
            "-220": "486",
            "-219": "0",
            "-218": "872",
            "-217": "0",
            "-216": "2830",
            "-215": "0",
            "-214": "382",
            "-213": "0",
            "-212": "805",
            "-211": "0",
            "-210": "1052",
            "-209": "0",
            "-208": "740",
            "-207": "0",
            "-206": "601",
            "-205": "0",
            "-204": "502",
            "-203": "0",
            "-202": "567",
            "-201": "0",
            "-200": "668",
            "-199": "0",
            "-198": "487",
            "-197": "0",
            "-196": "821",
            "-195": "0",
            "-194": "333",
            "-193": "0",
            "-192": "553",
            "-191": "0",
            "-190": "421",
            "-189": "0",
            "-188": "9442",
            "-187": "0",
            "-186": "227",
            "-185": "0",
            "-184": "3736",
            "-183": "0",
            "-182": "666",
            "-181": "0",
            "-180": "580",
            "-179": "0",
            "-178": "314",
            "-177": "0",
            "-176": "222371",
            "-175": "0",
            "-174": "896",
            "-173": "0",
            "-172": "681",
            "-171": "0",
            "-170": "1155",
            "-169": "0",
            "-168": "88262",
            "-167": "0",
            "-166": "884",
            "-165": "0",
            "-164": "1254",
            "-163": "0",
            "-162": "921",
            "-161": "0",
            "-160": "5689",
            "-159": "0",
            "-158": "798",
            "-157": "0",
            "-156": "382",
            "-155": "0",
            "-154": "608",
            "-153": "0",
            "-152": "577",
            "-151": "0",
            "-150": "366",
            "-149": "0",
            "-148": "408",
            "-147": "0",
            "-146": "548",
            "-145": "0",
            "-144": "1462",
            "-143": "0",
            "-142": "260",
            "-141": "0",
            "-140": "838",
            "-139": "0",
            "-138": "758",
            "-137": "0",
            "-136": "520",
            "-135": "0",
            "-134": "1229",
            "-133": "0",
            "-132": "1023",
            "-131": "0",
            "-130": "734",
            "-129": "0",
            "-128": "2324",
            "-127": "0",
            "-126": "2318",
            "-125": "0",
            "-124": "3825",
            "-123": "0",
            "-122": "1467",
            "-121": "0",
            "-120": "13411",
            "-119": "0",
            "-118": "1154",
            "-117": "0",
            "-116": "10994",
            "-115": "0",
            "-114": "910",
            "-113": "0",
            "-112": "10374",
            "-111": "0",
            "-110": "717",
            "-109": "0",
            "-108": "7370",
            "-107": "0",
            "-106": "315",
            "-105": "0",
            "-104": "7405",
            "-103": "0",
            "-102": "638",
            "-101": "0",
            "-100": "5025",
            "-99": "0",
            "-98": "983",
            "-97": "0",
            "-96": "2140",
            "-95": "0",
            "-94": "942",
            "-93": "0",
            "-92": "7099",
            "-91": "0",
            "-90": "1063",
            "-89": "0",
            "-88": "67171",
            "-87": "0",
            "-86": "2454",
            "-85": "0",
            "-84": "8766",
            "-83": "0",
            "-82": "2721",
            "-81": "0",
            "-80": "81144",
            "-79": "0",
            "-78": "1141",
            "-77": "0",
            "-76": "4190",
            "-75": "0",
            "-74": "739",
            "-73": "0",
            "-72": "8733",
            "-71": "0",
            "-70": "784",
            "-69": "0",
            "-68": "9001",
            "-67": "0",
            "-66": "490",
            "-65": "0",
            "-64": "19472",
            "-63": "0",
            "-62": "596",
            "-61": "0",
            "-60": "59687",
            "-59": "0",
            "-58": "415",
            "-57": "0",
            "-56": "152996",
            "-55": "0",
            "-54": "476",
            "-53": "0",
            "-52": "143100",
            "-51": "0",
            "-50": "863",
            "-49": "0",
            "-48": "22047",
            "-47": "0",
            "-46": "2043",
            "-45": "0",
            "-44": "51407",
            "-43": "0",
            "-42": "24439",
            "-41": "0",
            "-40": "69749",
            "-39": "0",
            "-38": "2054",
            "-37": "0",
            "-36": "74259",
            "-35": "0",
            "-34": "1034",
            "-33": "0",
            "-32": "165541",
            "-31": "0",
            "-30": "371",
            "-29": "0",
            "-28": "25132",
            "-27": "0",
            "-26": "407",
            "-25": "0",
            "-24": "218572",
            "-23": "0",
            "-22": "315",
            "-21": "0",
            "-20": "127082",
            "-19": "0",
            "-18": "323",
            "-17": "0",
            "-16": "240196",
            "-15": "0",
            "-14": "169",
            "-13": "8",
            "-12": "410111",
            "-11": "0",
            "-10": "273",
            "-9": "1",
            "-8": "2019621",
            "-7": "0",
            "-6": "791",
            "-5": "0",
            "-4": "1022148",
            "-3": "0",
            "-2": "25577",
            "-1": "0",
            "0": "2459699",
            "1": "0",
            "2": "23818",
            "3": "0",
            "4": "1609429",
            "5": "0",
            "6": "995",
            "7": "0",
            "8": "2631174",
            "9": "157",
            "10": "512",
            "11": "0",
            "12": "131452",
            "13": "0",
            "14": "199",
            "15": "0",
            "16": "380373",
            "17": "0",
            "18": "81",
            "19": "0",
            "20": "141636",
            "21": "0",
            "22": "103",
            "23": "0",
            "24": "171294",
            "25": "0",
            "26": "109",
            "27": "0",
            "28": "32482",
            "29": "0",
            "30": "239",
            "31": "0",
            "32": "128057",
            "33": "0",
            "34": "297",
            "35": "0",
            "36": "310028",
            "37": "0",
            "38": "1414",
            "39": "0",
            "40": "67566",
            "41": "0",
            "42": "26316",
            "43": "0",
            "44": "59279",
            "45": "0",
            "46": "1469",
            "47": "8",
            "48": "47078",
            "49": "109",
            "50": "1203",
            "51": "18",
            "52": "171382",
            "53": "264",
            "54": "739",
            "55": "70",
            "56": "44274",
            "57": "170",
            "58": "1263",
            "59": "207",
            "60": "6543",
            "61": "15",
            "62": "544",
            "63": "47",
            "64": "16644",
            "65": "7",
            "66": "1475",
            "67": "39",
            "68": "1344",
            "69": "98",
            "70": "710",
            "71": "50",
            "72": "5474",
            "73": "98",
            "74": "890",
            "75": "127",
            "76": "1028",
            "77": "162",
            "78": "1309",
            "79": "224",
            "80": "64579",
            "81": "212",
            "82": "1767",
            "83": "100",
            "84": "167620",
            "85": "0",
            "86": "1640",
            "87": "0",
            "88": "62635",
            "89": "74",
            "90": "732",
            "91": "20",
            "92": "1319",
            "93": "29",
            "94": "342",
            "95": "15",
            "96": "1405",
            "97": "315",
            "98": "386",
            "99": "252",
            "100": "477",
            "101": "87",
            "102": "731",
            "103": "154",
            "104": "761",
            "105": "1",
            "106": "134",
            "107": "41",
            "108": "83",
            "109": "44",
            "110": "244",
            "111": "34",
            "112": "920",
            "113": "30",
            "114": "367",
            "115": "131",
            "116": "867",
            "117": "107",
            "118": "838",
            "119": "178",
            "120": "1028",
            "121": "211",
            "122": "1301",
            "123": "278",
            "124": "944",
            "125": "232",
            "126": "1568",
            "127": "0",
            "128": "777",
            "129": "0",
            "130": "667",
            "131": "8",
            "132": "1323",
            "133": "14",
            "134": "373",
            "135": "7",
            "136": "1160",
            "137": "189",
            "138": "279",
            "139": "120",
            "140": "129",
            "141": "1",
            "142": "191",
            "143": "90",
            "144": "472",
            "145": "323",
            "146": "180",
            "147": "51",
            "148": "488",
            "149": "8",
            "150": "584",
            "151": "330",
            "152": "517",
            "153": "76",
            "154": "727",
            "155": "20",
            "156": "1012",
            "157": "314",
            "158": "982",
            "159": "105",
            "160": "9528",
            "161": "99",
            "162": "816",
            "163": "27",
            "164": "164872",
            "165": "122",
            "166": "1113",
            "167": "178",
            "168": "84226",
            "169": "0",
            "170": "419",
            "171": "0",
            "172": "441",
            "173": "16",
            "174": "1195",
            "175": "2",
            "176": "8221",
            "177": "9",
            "178": "564",
            "179": "44",
            "180": "391",
            "181": "1",
            "182": "696",
            "183": "160",
            "184": "55956",
            "185": "120",
            "186": "726",
            "187": "16",
            "188": "777",
            "189": "0",
            "190": "51",
            "191": "6",
            "192": "68",
            "193": "0",
            "194": "73",
            "195": "0",
            "196": "53",
            "197": "0",
            "198": "81",
            "199": "0",
            "200": "8863",
            "201": "0",
            "202": "290",
            "203": "33",
            "204": "1019",
            "205": "43",
            "206": "400",
            "207": "80",
            "208": "944",
            "209": "154",
            "210": "671",
            "211": "0",
            "212": "268",
            "213": "0",
            "214": "417",
            "215": "121",
            "216": "606",
            "217": "26",
            "218": "819",
            "219": "20",
            "220": "110",
            "221": "69",
            "222": "168",
            "223": "73",
            "224": "2651",
            "225": "12",
            "226": "234",
            "227": "158",
            "228": "308",
            "229": "42",
            "230": "857",
            "231": "25",
            "232": "836",
            "233": "62",
            "234": "361",
            "235": "6",
            "236": "157",
            "237": "4",
            "238": "498",
            "239": "121",
            "240": "332",
            "241": "185",
            "242": "616",
            "243": "42",
            "244": "751",
            "245": "71",
            "246": "730",
            "247": "52",
            "248": "1091",
            "249": "152",
            "250": "572",
            "251": "133",
            "252": "772",
            "253": "0",
            "254": "230",
            "255": "0",
            "256": "10994067",


# END_DYNAMIC_STATS
