# Mix output version 2
# FINI: end of program
# EMIT_DYNAMIC_STATS FOR TID 1
# instructions = 997455508279, basic blocks = 227256678461
Local Byte Stride Bucket -256 is equal to 53726535668
Local Byte Stride Bucket -255 is equal to 1
Local Byte Stride Bucket -254 is equal to 1
Local Byte Stride Bucket -251 is equal to 1
Local Byte Stride Bucket -248 is equal to 32798093
Local Byte Stride Bucket -240 is equal to 34734645
Local Byte Stride Bucket -236 is equal to 1
Local Byte Stride Bucket -232 is equal to 35067496
Local Byte Stride Bucket -224 is equal to 48418072
Local Byte Stride Bucket -216 is equal to 7597187908
Local Byte Stride Bucket -212 is equal to 1
Local Byte Stride Bucket -208 is equal to 107818126
Local Byte Stride Bucket -200 is equal to 44261187
Local Byte Stride Bucket -196 is equal to 1
Local Byte Stride Bucket -195 is equal to 1
Local Byte Stride Bucket -192 is equal to 57448178
Local Byte Stride Bucket -184 is equal to 47936046
Local Byte Stride Bucket -177 is equal to 1
Local Byte Stride Bucket -176 is equal to 50044129
Local Byte Stride Bucket -172 is equal to 1
Local Byte Stride Bucket -168 is equal to 54350831
Local Byte Stride Bucket -165 is equal to 5
Local Byte Stride Bucket -164 is equal to 33
Local Byte Stride Bucket -161 is equal to 1
Local Byte Stride Bucket -160 is equal to 70964429
Local Byte Stride Bucket -152 is equal to 61556776
Local Byte Stride Bucket -144 is equal to 219239833
Local Byte Stride Bucket -136 is equal to 72714681
Local Byte Stride Bucket -134 is equal to 2
Local Byte Stride Bucket -128 is equal to 91466416
Local Byte Stride Bucket -127 is equal to 1
Local Byte Stride Bucket -120 is equal to 86156436
Local Byte Stride Bucket -116 is equal to 2
Local Byte Stride Bucket -115 is equal to 1
Local Byte Stride Bucket -112 is equal to 93217904
Local Byte Stride Bucket -108 is equal to 2
Local Byte Stride Bucket -104 is equal to 7069848133
Local Byte Stride Bucket -96 is equal to 131275466
Local Byte Stride Bucket -92 is equal to 1
Local Byte Stride Bucket -91 is equal to 1
Local Byte Stride Bucket -88 is equal to 134497353
Local Byte Stride Bucket -80 is equal to 154927079
Local Byte Stride Bucket -79 is equal to 1
Local Byte Stride Bucket -78 is equal to 1
Local Byte Stride Bucket -72 is equal to 792731143
Local Byte Stride Bucket -69 is equal to 1
Local Byte Stride Bucket -68 is equal to 2
Local Byte Stride Bucket -64 is equal to 228092064
Local Byte Stride Bucket -63 is equal to 1
Local Byte Stride Bucket -62 is equal to 1
Local Byte Stride Bucket -60 is equal to 34
Local Byte Stride Bucket -59 is equal to 1
Local Byte Stride Bucket -56 is equal to 281391096
Local Byte Stride Bucket -52 is equal to 1
Local Byte Stride Bucket -50 is equal to 11724
Local Byte Stride Bucket -48 is equal to 328513511
Local Byte Stride Bucket -46 is equal to 14208
Local Byte Stride Bucket -44 is equal to 18041
Local Byte Stride Bucket -42 is equal to 23375
Local Byte Stride Bucket -41 is equal to 1
Local Byte Stride Bucket -40 is equal to 412601339
Local Byte Stride Bucket -39 is equal to 1
Local Byte Stride Bucket -38 is equal to 23069
Local Byte Stride Bucket -37 is equal to 2
Local Byte Stride Bucket -36 is equal to 23420
Local Byte Stride Bucket -34 is equal to 99316
Local Byte Stride Bucket -32 is equal to 8045172543
Local Byte Stride Bucket -28 is equal to 2
Local Byte Stride Bucket -26 is equal to 2
Local Byte Stride Bucket -24 is equal to 782910628
Local Byte Stride Bucket -22 is equal to 3
Local Byte Stride Bucket -20 is equal to 1
Local Byte Stride Bucket -18 is equal to 39
Local Byte Stride Bucket -16 is equal to 1320466465
Local Byte Stride Bucket -15 is equal to 43443
Local Byte Stride Bucket -14 is equal to 76246
Local Byte Stride Bucket -13 is equal to 71424
Local Byte Stride Bucket -12 is equal to 101851
Local Byte Stride Bucket -11 is equal to 148229
Local Byte Stride Bucket -10 is equal to 169898
Local Byte Stride Bucket -9 is equal to 14141
Local Byte Stride Bucket -8 is equal to 14034822396
Local Byte Stride Bucket -7 is equal to 16010
Local Byte Stride Bucket -6 is equal to 48055
Local Byte Stride Bucket -5 is equal to 137
Local Byte Stride Bucket -4 is equal to 295648
Local Byte Stride Bucket -3 is equal to 488211
Local Byte Stride Bucket -2 is equal to 109592
Local Byte Stride Bucket -1 is equal to 109886
Local Byte Stride Bucket 0 is equal to 162493362940
Local Byte Stride Bucket 1 is equal to 4550892
Local Byte Stride Bucket 2 is equal to 331680
Local Byte Stride Bucket 3 is equal to 417309
Local Byte Stride Bucket 4 is equal to 2185612
Local Byte Stride Bucket 5 is equal to 352708
Local Byte Stride Bucket 6 is equal to 116747
Local Byte Stride Bucket 7 is equal to 46
Local Byte Stride Bucket 8 is equal to 17488844366
Local Byte Stride Bucket 9 is equal to 27
Local Byte Stride Bucket 10 is equal to 18184
Local Byte Stride Bucket 11 is equal to 264
Local Byte Stride Bucket 12 is equal to 42282
Local Byte Stride Bucket 13 is equal to 3060
Local Byte Stride Bucket 14 is equal to 53126
Local Byte Stride Bucket 15 is equal to 202117
Local Byte Stride Bucket 16 is equal to 2415898654
Local Byte Stride Bucket 17 is equal to 89664
Local Byte Stride Bucket 18 is equal to 85
Local Byte Stride Bucket 19 is equal to 5
Local Byte Stride Bucket 20 is equal to 5
Local Byte Stride Bucket 21 is equal to 13
Local Byte Stride Bucket 22 is equal to 21
Local Byte Stride Bucket 23 is equal to 44
Local Byte Stride Bucket 24 is equal to 1487191338
Local Byte Stride Bucket 25 is equal to 111
Local Byte Stride Bucket 26 is equal to 124
Local Byte Stride Bucket 27 is equal to 950
Local Byte Stride Bucket 28 is equal to 230
Local Byte Stride Bucket 29 is equal to 4791
Local Byte Stride Bucket 30 is equal to 1267
Local Byte Stride Bucket 31 is equal to 4179
Local Byte Stride Bucket 32 is equal to 1268299615
Local Byte Stride Bucket 33 is equal to 2339
Local Byte Stride Bucket 34 is equal to 82668
Local Byte Stride Bucket 35 is equal to 27
Local Byte Stride Bucket 36 is equal to 43781
Local Byte Stride Bucket 37 is equal to 16
Local Byte Stride Bucket 38 is equal to 21729
Local Byte Stride Bucket 39 is equal to 116
Local Byte Stride Bucket 40 is equal to 822520872
Local Byte Stride Bucket 41 is equal to 219
Local Byte Stride Bucket 42 is equal to 24547
Local Byte Stride Bucket 43 is equal to 1536
Local Byte Stride Bucket 44 is equal to 28186
Local Byte Stride Bucket 45 is equal to 584
Local Byte Stride Bucket 46 is equal to 11954
Local Byte Stride Bucket 47 is equal to 1874
Local Byte Stride Bucket 48 is equal to 615122865
Local Byte Stride Bucket 49 is equal to 1383
Local Byte Stride Bucket 50 is equal to 10988
Local Byte Stride Bucket 51 is equal to 26
Local Byte Stride Bucket 52 is equal to 15
Local Byte Stride Bucket 53 is equal to 45
Local Byte Stride Bucket 54 is equal to 5
Local Byte Stride Bucket 55 is equal to 148
Local Byte Stride Bucket 56 is equal to 474052481
Local Byte Stride Bucket 57 is equal to 226
Local Byte Stride Bucket 58 is equal to 23
Local Byte Stride Bucket 59 is equal to 198
Local Byte Stride Bucket 60 is equal to 141
Local Byte Stride Bucket 61 is equal to 216
Local Byte Stride Bucket 62 is equal to 410
Local Byte Stride Bucket 63 is equal to 864
Local Byte Stride Bucket 64 is equal to 440488196
Local Byte Stride Bucket 65 is equal to 302
Local Byte Stride Bucket 66 is equal to 506
Local Byte Stride Bucket 67 is equal to 54
Local Byte Stride Bucket 68 is equal to 3
Local Byte Stride Bucket 69 is equal to 57
Local Byte Stride Bucket 70 is equal to 4
Local Byte Stride Bucket 71 is equal to 137
Local Byte Stride Bucket 72 is equal to 45349163280
Local Byte Stride Bucket 73 is equal to 64
Local Byte Stride Bucket 74 is equal to 61
Local Byte Stride Bucket 75 is equal to 187
Local Byte Stride Bucket 76 is equal to 93
Local Byte Stride Bucket 77 is equal to 357
Local Byte Stride Bucket 78 is equal to 68
Local Byte Stride Bucket 79 is equal to 363
Local Byte Stride Bucket 80 is equal to 300424502
Local Byte Stride Bucket 81 is equal to 212
Local Byte Stride Bucket 82 is equal to 147
Local Byte Stride Bucket 83 is equal to 465
Local Byte Stride Bucket 84 is equal to 7
Local Byte Stride Bucket 85 is equal to 66
Local Byte Stride Bucket 86 is equal to 11
Local Byte Stride Bucket 87 is equal to 39
Local Byte Stride Bucket 88 is equal to 261463383
Local Byte Stride Bucket 89 is equal to 57
Local Byte Stride Bucket 90 is equal to 53
Local Byte Stride Bucket 91 is equal to 100
Local Byte Stride Bucket 92 is equal to 203
Local Byte Stride Bucket 93 is equal to 49
Local Byte Stride Bucket 94 is equal to 24
Local Byte Stride Bucket 95 is equal to 149
Local Byte Stride Bucket 96 is equal to 251907276
Local Byte Stride Bucket 97 is equal to 138
Local Byte Stride Bucket 98 is equal to 144
Local Byte Stride Bucket 99 is equal to 156
Local Byte Stride Bucket 100 is equal to 355
Local Byte Stride Bucket 101 is equal to 35
Local Byte Stride Bucket 102 is equal to 16
Local Byte Stride Bucket 103 is equal to 30
Local Byte Stride Bucket 104 is equal to 421969087
Local Byte Stride Bucket 105 is equal to 55
Local Byte Stride Bucket 106 is equal to 40
Local Byte Stride Bucket 107 is equal to 212
Local Byte Stride Bucket 108 is equal to 6
Local Byte Stride Bucket 109 is equal to 22
Local Byte Stride Bucket 110 is equal to 28
Local Byte Stride Bucket 111 is equal to 109
Local Byte Stride Bucket 112 is equal to 181709584
Local Byte Stride Bucket 113 is equal to 107
Local Byte Stride Bucket 114 is equal to 90
Local Byte Stride Bucket 115 is equal to 118
Local Byte Stride Bucket 116 is equal to 131
Local Byte Stride Bucket 117 is equal to 338
Local Byte Stride Bucket 118 is equal to 32
Local Byte Stride Bucket 119 is equal to 34
Local Byte Stride Bucket 120 is equal to 165484992
Local Byte Stride Bucket 121 is equal to 52
Local Byte Stride Bucket 122 is equal to 141
Local Byte Stride Bucket 123 is equal to 17
Local Byte Stride Bucket 124 is equal to 8
Local Byte Stride Bucket 125 is equal to 19
Local Byte Stride Bucket 126 is equal to 19
Local Byte Stride Bucket 127 is equal to 115
Local Byte Stride Bucket 128 is equal to 219920233
Local Byte Stride Bucket 129 is equal to 65
Local Byte Stride Bucket 130 is equal to 64
Local Byte Stride Bucket 131 is equal to 67
Local Byte Stride Bucket 132 is equal to 77
Local Byte Stride Bucket 133 is equal to 107
Local Byte Stride Bucket 134 is equal to 256
Local Byte Stride Bucket 135 is equal to 37
Local Byte Stride Bucket 136 is equal to 129208735
Local Byte Stride Bucket 137 is equal to 144
Local Byte Stride Bucket 138 is equal to 2
Local Byte Stride Bucket 139 is equal to 10
Local Byte Stride Bucket 140 is equal to 3
Local Byte Stride Bucket 141 is equal to 16
Local Byte Stride Bucket 142 is equal to 10
Local Byte Stride Bucket 143 is equal to 71
Local Byte Stride Bucket 144 is equal to 2598338797
Local Byte Stride Bucket 145 is equal to 20
Local Byte Stride Bucket 146 is equal to 14
Local Byte Stride Bucket 147 is equal to 45
Local Byte Stride Bucket 148 is equal to 71
Local Byte Stride Bucket 149 is equal to 100
Local Byte Stride Bucket 150 is equal to 95
Local Byte Stride Bucket 151 is equal to 281
Local Byte Stride Bucket 152 is equal to 101179934
Local Byte Stride Bucket 153 is equal to 14
Local Byte Stride Bucket 154 is equal to 1
Local Byte Stride Bucket 155 is equal to 6
Local Byte Stride Bucket 156 is equal to 7
Local Byte Stride Bucket 157 is equal to 8
Local Byte Stride Bucket 158 is equal to 7
Local Byte Stride Bucket 159 is equal to 36
Local Byte Stride Bucket 160 is equal to 100995507
Local Byte Stride Bucket 161 is equal to 29
Local Byte Stride Bucket 162 is equal to 39
Local Byte Stride Bucket 163 is equal to 51
Local Byte Stride Bucket 164 is equal to 59
Local Byte Stride Bucket 165 is equal to 61
Local Byte Stride Bucket 166 is equal to 44
Local Byte Stride Bucket 167 is equal to 172
Local Byte Stride Bucket 168 is equal to 79584816
Local Byte Stride Bucket 169 is equal to 11
Local Byte Stride Bucket 171 is equal to 11
Local Byte Stride Bucket 172 is equal to 9
Local Byte Stride Bucket 173 is equal to 7
Local Byte Stride Bucket 174 is equal to 12
Local Byte Stride Bucket 175 is equal to 8
Local Byte Stride Bucket 176 is equal to 69725516
Local Byte Stride Bucket 177 is equal to 33
Local Byte Stride Bucket 178 is equal to 28
Local Byte Stride Bucket 179 is equal to 48
Local Byte Stride Bucket 180 is equal to 38
Local Byte Stride Bucket 181 is equal to 59
Local Byte Stride Bucket 182 is equal to 126
Local Byte Stride Bucket 183 is equal to 32
Local Byte Stride Bucket 184 is equal to 64463423
Local Byte Stride Bucket 185 is equal to 165
Local Byte Stride Bucket 186 is equal to 2
Local Byte Stride Bucket 187 is equal to 4
Local Byte Stride Bucket 188 is equal to 4
Local Byte Stride Bucket 189 is equal to 8
Local Byte Stride Bucket 190 is equal to 10
Local Byte Stride Bucket 191 is equal to 21
Local Byte Stride Bucket 192 is equal to 73210575
Local Byte Stride Bucket 193 is equal to 25
Local Byte Stride Bucket 194 is equal to 24
Local Byte Stride Bucket 195 is equal to 21
Local Byte Stride Bucket 196 is equal to 38
Local Byte Stride Bucket 197 is equal to 117
Local Byte Stride Bucket 198 is equal to 27
Local Byte Stride Bucket 199 is equal to 19
Local Byte Stride Bucket 200 is equal to 54416746
Local Byte Stride Bucket 201 is equal to 30
Local Byte Stride Bucket 202 is equal to 152
Local Byte Stride Bucket 203 is equal to 9
Local Byte Stride Bucket 204 is equal to 9
Local Byte Stride Bucket 205 is equal to 10
Local Byte Stride Bucket 206 is equal to 12
Local Byte Stride Bucket 207 is equal to 27
Local Byte Stride Bucket 208 is equal to 213066967
Local Byte Stride Bucket 209 is equal to 23
Local Byte Stride Bucket 210 is equal to 10
Local Byte Stride Bucket 211 is equal to 23
Local Byte Stride Bucket 212 is equal to 74
Local Byte Stride Bucket 213 is equal to 18
Local Byte Stride Bucket 214 is equal to 16
Local Byte Stride Bucket 215 is equal to 21
Local Byte Stride Bucket 216 is equal to 2273789008
Local Byte Stride Bucket 217 is equal to 37
Local Byte Stride Bucket 218 is equal to 38
Local Byte Stride Bucket 219 is equal to 136
Local Byte Stride Bucket 220 is equal to 7
Local Byte Stride Bucket 221 is equal to 21
Local Byte Stride Bucket 222 is equal to 16
Local Byte Stride Bucket 223 is equal to 31
Local Byte Stride Bucket 224 is equal to 56463179
Local Byte Stride Bucket 225 is equal to 22
Local Byte Stride Bucket 226 is equal to 20
Local Byte Stride Bucket 227 is equal to 57
Local Byte Stride Bucket 228 is equal to 8
Local Byte Stride Bucket 229 is equal to 21
Local Byte Stride Bucket 230 is equal to 23
Local Byte Stride Bucket 231 is equal to 36
Local Byte Stride Bucket 232 is equal to 41563292
Local Byte Stride Bucket 233 is equal to 25
Local Byte Stride Bucket 234 is equal to 38
Local Byte Stride Bucket 235 is equal to 58
Local Byte Stride Bucket 236 is equal to 84
Local Byte Stride Bucket 237 is equal to 8
Local Byte Stride Bucket 238 is equal to 9
Local Byte Stride Bucket 239 is equal to 26
Local Byte Stride Bucket 240 is equal to 40156647
Local Byte Stride Bucket 241 is equal to 18
Local Byte Stride Bucket 242 is equal to 57
Local Byte Stride Bucket 243 is equal to 8
Local Byte Stride Bucket 244 is equal to 8
Local Byte Stride Bucket 245 is equal to 5
Local Byte Stride Bucket 246 is equal to 18
Local Byte Stride Bucket 247 is equal to 8
Local Byte Stride Bucket 248 is equal to 36827278
Local Byte Stride Bucket 249 is equal to 35
Local Byte Stride Bucket 250 is equal to 37
Local Byte Stride Bucket 251 is equal to 42
Local Byte Stride Bucket 252 is equal to 20
Local Byte Stride Bucket 253 is equal to 102
Local Byte Stride Bucket 254 is equal to 4
Local Byte Stride Bucket 255 is equal to 18
Local Byte Stride Bucket 256 is equal to 126123537528

Local Cache Stride Bucket -256 is equal to 28117754353
Local Cache Stride Bucket -255 is equal to 22677237
Local Cache Stride Bucket -254 is equal to 21437777
Local Cache Stride Bucket -253 is equal to 21573782
Local Cache Stride Bucket -252 is equal to 23023875
Local Cache Stride Bucket -251 is equal to 21276090
Local Cache Stride Bucket -250 is equal to 22306431
Local Cache Stride Bucket -249 is equal to 21906538
Local Cache Stride Bucket -248 is equal to 21280543
Local Cache Stride Bucket -247 is equal to 23390485
Local Cache Stride Bucket -246 is equal to 21419935
Local Cache Stride Bucket -245 is equal to 22117659
Local Cache Stride Bucket -244 is equal to 22481342
Local Cache Stride Bucket -243 is equal to 21883247
Local Cache Stride Bucket -242 is equal to 22873760
Local Cache Stride Bucket -241 is equal to 21824446
Local Cache Stride Bucket -240 is equal to 21720941
Local Cache Stride Bucket -239 is equal to 22902895
Local Cache Stride Bucket -238 is equal to 21510164
Local Cache Stride Bucket -237 is equal to 22558266
Local Cache Stride Bucket -236 is equal to 22291692
Local Cache Stride Bucket -235 is equal to 21637245
Local Cache Stride Bucket -234 is equal to 23848208
Local Cache Stride Bucket -233 is equal to 21721092
Local Cache Stride Bucket -232 is equal to 22265408
Local Cache Stride Bucket -231 is equal to 22648292
Local Cache Stride Bucket -230 is equal to 21782714
Local Cache Stride Bucket -229 is equal to 23223938
Local Cache Stride Bucket -228 is equal to 22032769
Local Cache Stride Bucket -227 is equal to 21987406
Local Cache Stride Bucket -226 is equal to 23362324
Local Cache Stride Bucket -225 is equal to 22286644
Local Cache Stride Bucket -224 is equal to 22764779
Local Cache Stride Bucket -223 is equal to 22586469
Local Cache Stride Bucket -222 is equal to 21947311
Local Cache Stride Bucket -221 is equal to 23752129
Local Cache Stride Bucket -220 is equal to 21902580
Local Cache Stride Bucket -219 is equal to 22627854
Local Cache Stride Bucket -218 is equal to 23144929
Local Cache Stride Bucket -217 is equal to 21991330
Local Cache Stride Bucket -216 is equal to 23930928
Local Cache Stride Bucket -215 is equal to 22509175
Local Cache Stride Bucket -214 is equal to 22446899
Local Cache Stride Bucket -213 is equal to 23714694
Local Cache Stride Bucket -212 is equal to 22228788
Local Cache Stride Bucket -211 is equal to 23324821
Local Cache Stride Bucket -210 is equal to 22775686
Local Cache Stride Bucket -209 is equal to 22265369
Local Cache Stride Bucket -208 is equal to 24094811
Local Cache Stride Bucket -207 is equal to 22624897
Local Cache Stride Bucket -206 is equal to 23156811
Local Cache Stride Bucket -205 is equal to 23579396
Local Cache Stride Bucket -204 is equal to 22440873
Local Cache Stride Bucket -203 is equal to 23912377
Local Cache Stride Bucket -202 is equal to 22872892
Local Cache Stride Bucket -201 is equal to 22817768
Local Cache Stride Bucket -200 is equal to 24014365
Local Cache Stride Bucket -199 is equal to 22638726
Local Cache Stride Bucket -198 is equal to 24072605
Local Cache Stride Bucket -197 is equal to 23249956
Local Cache Stride Bucket -196 is equal to 22865708
Local Cache Stride Bucket -195 is equal to 24373777
Local Cache Stride Bucket -194 is equal to 22653592
Local Cache Stride Bucket -193 is equal to 23523675
Local Cache Stride Bucket -192 is equal to 24014740
Local Cache Stride Bucket -191 is equal to 22785461
Local Cache Stride Bucket -190 is equal to 24343273
Local Cache Stride Bucket -189 is equal to 23604326
Local Cache Stride Bucket -188 is equal to 23288443
Local Cache Stride Bucket -187 is equal to 24356537
Local Cache Stride Bucket -186 is equal to 23095780
Local Cache Stride Bucket -185 is equal to 24264883
Local Cache Stride Bucket -184 is equal to 23843753
Local Cache Stride Bucket -183 is equal to 23160032
Local Cache Stride Bucket -182 is equal to 25125372
Local Cache Stride Bucket -181 is equal to 23217404
Local Cache Stride Bucket -180 is equal to 24315645
Local Cache Stride Bucket -179 is equal to 24315376
Local Cache Stride Bucket -178 is equal to 23286604
Local Cache Stride Bucket -177 is equal to 24535274
Local Cache Stride Bucket -176 is equal to 23726437
Local Cache Stride Bucket -175 is equal to 23700144
Local Cache Stride Bucket -174 is equal to 24909169
Local Cache Stride Bucket -173 is equal to 23509800
Local Cache Stride Bucket -172 is equal to 24596365
Local Cache Stride Bucket -171 is equal to 24676028
Local Cache Stride Bucket -170 is equal to 23669701
Local Cache Stride Bucket -169 is equal to 25603637
Local Cache Stride Bucket -168 is equal to 23656613
Local Cache Stride Bucket -167 is equal to 24422102
Local Cache Stride Bucket -166 is equal to 24861766
Local Cache Stride Bucket -165 is equal to 23816233
Local Cache Stride Bucket -164 is equal to 25380040
Local Cache Stride Bucket -163 is equal to 24186968
Local Cache Stride Bucket -162 is equal to 24958308
Local Cache Stride Bucket -161 is equal to 25253683
Local Cache Stride Bucket -160 is equal to 23864905
Local Cache Stride Bucket -159 is equal to 25375606
Local Cache Stride Bucket -158 is equal to 24891448
Local Cache Stride Bucket -157 is equal to 24317846
Local Cache Stride Bucket -156 is equal to 26029153
Local Cache Stride Bucket -155 is equal to 24318533
Local Cache Stride Bucket -154 is equal to 25016242
Local Cache Stride Bucket -153 is equal to 25845907
Local Cache Stride Bucket -152 is equal to 24575726
Local Cache Stride Bucket -151 is equal to 25887561
Local Cache Stride Bucket -150 is equal to 24728491
Local Cache Stride Bucket -149 is equal to 24798726
Local Cache Stride Bucket -148 is equal to 26210151
Local Cache Stride Bucket -147 is equal to 24515217
Local Cache Stride Bucket -146 is equal to 25715640
Local Cache Stride Bucket -145 is equal to 25607360
Local Cache Stride Bucket -144 is equal to 25126833
Local Cache Stride Bucket -143 is equal to 26630636
Local Cache Stride Bucket -142 is equal to 24941095
Local Cache Stride Bucket -141 is equal to 25720106
Local Cache Stride Bucket -140 is equal to 26149203
Local Cache Stride Bucket -139 is equal to 25077461
Local Cache Stride Bucket -138 is equal to 26687411
Local Cache Stride Bucket -137 is equal to 25656469
Local Cache Stride Bucket -136 is equal to 25698133
Local Cache Stride Bucket -135 is equal to 29968281
Local Cache Stride Bucket -134 is equal to 25704918
Local Cache Stride Bucket -133 is equal to 26319237
Local Cache Stride Bucket -132 is equal to 26344804
Local Cache Stride Bucket -131 is equal to 25768087
Local Cache Stride Bucket -130 is equal to 27418194
Local Cache Stride Bucket -129 is equal to 25756137
Local Cache Stride Bucket -128 is equal to 26737778
Local Cache Stride Bucket -127 is equal to 26962081
Local Cache Stride Bucket -126 is equal to 26459904
Local Cache Stride Bucket -125 is equal to 27816522
Local Cache Stride Bucket -124 is equal to 26344776
Local Cache Stride Bucket -123 is equal to 26417718
Local Cache Stride Bucket -122 is equal to 27870388
Local Cache Stride Bucket -121 is equal to 26296953
Local Cache Stride Bucket -120 is equal to 27217893
Local Cache Stride Bucket -119 is equal to 27332668
Local Cache Stride Bucket -118 is equal to 26594251
Local Cache Stride Bucket -117 is equal to 29019905
Local Cache Stride Bucket -116 is equal to 26562178
Local Cache Stride Bucket -115 is equal to 27536111
Local Cache Stride Bucket -114 is equal to 28099393
Local Cache Stride Bucket -113 is equal to 26733079
Local Cache Stride Bucket -112 is equal to 28730531
Local Cache Stride Bucket -111 is equal to 27408737
Local Cache Stride Bucket -110 is equal to 27275475
Local Cache Stride Bucket -109 is equal to 28613780
Local Cache Stride Bucket -108 is equal to 27909517
Local Cache Stride Bucket -107 is equal to 28530093
Local Cache Stride Bucket -106 is equal to 28140275
Local Cache Stride Bucket -105 is equal to 27527674
Local Cache Stride Bucket -104 is equal to 29608116
Local Cache Stride Bucket -103 is equal to 27619232
Local Cache Stride Bucket -102 is equal to 28566561
Local Cache Stride Bucket -101 is equal to 29371106
Local Cache Stride Bucket -100 is equal to 27762228
Local Cache Stride Bucket -99 is equal to 30332830
Local Cache Stride Bucket -98 is equal to 28826140
Local Cache Stride Bucket -97 is equal to 28635408
Local Cache Stride Bucket -96 is equal to 29809473
Local Cache Stride Bucket -95 is equal to 28492450
Local Cache Stride Bucket -94 is equal to 30056190
Local Cache Stride Bucket -93 is equal to 29351960
Local Cache Stride Bucket -92 is equal to 28723961
Local Cache Stride Bucket -91 is equal to 30966176
Local Cache Stride Bucket -90 is equal to 29599659
Local Cache Stride Bucket -89 is equal to 29810451
Local Cache Stride Bucket -88 is equal to 30586182
Local Cache Stride Bucket -87 is equal to 29113069
Local Cache Stride Bucket -86 is equal to 31203650
Local Cache Stride Bucket -85 is equal to 30136712
Local Cache Stride Bucket -84 is equal to 30320439
Local Cache Stride Bucket -83 is equal to 31641644
Local Cache Stride Bucket -82 is equal to 30075258
Local Cache Stride Bucket -81 is equal to 32569022
Local Cache Stride Bucket -80 is equal to 31100444
Local Cache Stride Bucket -79 is equal to 30572333
Local Cache Stride Bucket -78 is equal to 33030976
Local Cache Stride Bucket -77 is equal to 30820017
Local Cache Stride Bucket -76 is equal to 31688558
Local Cache Stride Bucket -75 is equal to 32469070
Local Cache Stride Bucket -74 is equal to 31567262
Local Cache Stride Bucket -73 is equal to 33204577
Local Cache Stride Bucket -72 is equal to 32798232
Local Cache Stride Bucket -71 is equal to 32651065
Local Cache Stride Bucket -70 is equal to 33834582
Local Cache Stride Bucket -69 is equal to 32077624
Local Cache Stride Bucket -68 is equal to 34208415
Local Cache Stride Bucket -67 is equal to 33852202
Local Cache Stride Bucket -66 is equal to 32722756
Local Cache Stride Bucket -65 is equal to 35213042
Local Cache Stride Bucket -64 is equal to 33876700
Local Cache Stride Bucket -63 is equal to 35425705
Local Cache Stride Bucket -62 is equal to 35118495
Local Cache Stride Bucket -61 is equal to 34427987
Local Cache Stride Bucket -60 is equal to 36289108
Local Cache Stride Bucket -59 is equal to 35166818
Local Cache Stride Bucket -58 is equal to 35622272
Local Cache Stride Bucket -57 is equal to 37400706
Local Cache Stride Bucket -56 is equal to 35399375
Local Cache Stride Bucket -55 is equal to 37160226
Local Cache Stride Bucket -54 is equal to 39122576
Local Cache Stride Bucket -53 is equal to 36479006
Local Cache Stride Bucket -52 is equal to 39628573
Local Cache Stride Bucket -51 is equal to 37674627
Local Cache Stride Bucket -50 is equal to 38971270
Local Cache Stride Bucket -49 is equal to 39901215
Local Cache Stride Bucket -48 is equal to 38524975
Local Cache Stride Bucket -47 is equal to 41439188
Local Cache Stride Bucket -46 is equal to 39609248
Local Cache Stride Bucket -45 is equal to 42342535
Local Cache Stride Bucket -44 is equal to 42993005
Local Cache Stride Bucket -43 is equal to 40901104
Local Cache Stride Bucket -42 is equal to 42854873
Local Cache Stride Bucket -41 is equal to 45019963
Local Cache Stride Bucket -40 is equal to 44372721
Local Cache Stride Bucket -39 is equal to 45811809
Local Cache Stride Bucket -38 is equal to 43848206
Local Cache Stride Bucket -37 is equal to 46697699
Local Cache Stride Bucket -36 is equal to 55866966
Local Cache Stride Bucket -35 is equal to 46090219
Local Cache Stride Bucket -34 is equal to 50396202
Local Cache Stride Bucket -33 is equal to 48757287
Local Cache Stride Bucket -32 is equal to 58289646
Local Cache Stride Bucket -31 is equal to 61219562
Local Cache Stride Bucket -30 is equal to 52183709
Local Cache Stride Bucket -29 is equal to 54473677
Local Cache Stride Bucket -28 is equal to 54491385
Local Cache Stride Bucket -27 is equal to 94644725
Local Cache Stride Bucket -26 is equal to 59471452
Local Cache Stride Bucket -25 is equal to 57878087
Local Cache Stride Bucket -24 is equal to 61789803
Local Cache Stride Bucket -23 is equal to 101808305
Local Cache Stride Bucket -22 is equal to 100303996
Local Cache Stride Bucket -21 is equal to 69638340
Local Cache Stride Bucket -20 is equal to 70662902
Local Cache Stride Bucket -19 is equal to 71697673
Local Cache Stride Bucket -18 is equal to 231704155
Local Cache Stride Bucket -17 is equal to 80325264
Local Cache Stride Bucket -16 is equal to 85533629
Local Cache Stride Bucket -15 is equal to 88844713
Local Cache Stride Bucket -14 is equal to 247667236
Local Cache Stride Bucket -13 is equal to 260754808
Local Cache Stride Bucket -12 is equal to 105722473
Local Cache Stride Bucket -11 is equal to 117805284
Local Cache Stride Bucket -10 is equal to 133305397
Local Cache Stride Bucket -9 is equal to 797107436
Local Cache Stride Bucket -8 is equal to 170149171
Local Cache Stride Bucket -7 is equal to 199847717
Local Cache Stride Bucket -6 is equal to 221276424
Local Cache Stride Bucket -5 is equal to 7900895992
Local Cache Stride Bucket -4 is equal to 10767775945
Local Cache Stride Bucket -3 is equal to 5210246968
Local Cache Stride Bucket -2 is equal to 5251838009
Local Cache Stride Bucket -1 is equal to 11024755845
Local Cache Stride Bucket 0 is equal to 199748887114
Local Cache Stride Bucket 1 is equal to 46213274947
Local Cache Stride Bucket 2 is equal to 8960211824
Local Cache Stride Bucket 3 is equal to 2845066179
Local Cache Stride Bucket 4 is equal to 7883806716
Local Cache Stride Bucket 5 is equal to 7251446434
Local Cache Stride Bucket 6 is equal to 1136524590
Local Cache Stride Bucket 7 is equal to 1296018600
Local Cache Stride Bucket 8 is equal to 1076352994
Local Cache Stride Bucket 9 is equal to 3266662376
Local Cache Stride Bucket 10 is equal to 600836398
Local Cache Stride Bucket 11 is equal to 660835066
Local Cache Stride Bucket 12 is equal to 627466113
Local Cache Stride Bucket 13 is equal to 943314170
Local Cache Stride Bucket 14 is equal to 804604217
Local Cache Stride Bucket 15 is equal to 539580969
Local Cache Stride Bucket 16 is equal to 635200827
Local Cache Stride Bucket 17 is equal to 451146044
Local Cache Stride Bucket 18 is equal to 562869703
Local Cache Stride Bucket 19 is equal to 306028699
Local Cache Stride Bucket 20 is equal to 353800831
Local Cache Stride Bucket 21 is equal to 375246321
Local Cache Stride Bucket 22 is equal to 337125094
Local Cache Stride Bucket 23 is equal to 323888296
Local Cache Stride Bucket 24 is equal to 304216466
Local Cache Stride Bucket 25 is equal to 343503105
Local Cache Stride Bucket 26 is equal to 321880170
Local Cache Stride Bucket 27 is equal to 374372677
Local Cache Stride Bucket 28 is equal to 292834747
Local Cache Stride Bucket 29 is equal to 347738058
Local Cache Stride Bucket 30 is equal to 321102491
Local Cache Stride Bucket 31 is equal to 343026237
Local Cache Stride Bucket 32 is equal to 281348723
Local Cache Stride Bucket 33 is equal to 271470947
Local Cache Stride Bucket 34 is equal to 323042198
Local Cache Stride Bucket 35 is equal to 173142713
Local Cache Stride Bucket 36 is equal to 244057001
Local Cache Stride Bucket 37 is equal to 181317532
Local Cache Stride Bucket 38 is equal to 191651888
Local Cache Stride Bucket 39 is equal to 230527091
Local Cache Stride Bucket 40 is equal to 190650696
Local Cache Stride Bucket 41 is equal to 180925060
Local Cache Stride Bucket 42 is equal to 185782102
Local Cache Stride Bucket 43 is equal to 188803964
Local Cache Stride Bucket 44 is equal to 195624270
Local Cache Stride Bucket 45 is equal to 219372004
Local Cache Stride Bucket 46 is equal to 161722562
Local Cache Stride Bucket 47 is equal to 205143626
Local Cache Stride Bucket 48 is equal to 178998311
Local Cache Stride Bucket 49 is equal to 196093251
Local Cache Stride Bucket 50 is equal to 165880057
Local Cache Stride Bucket 51 is equal to 153765500
Local Cache Stride Bucket 52 is equal to 210591515
Local Cache Stride Bucket 53 is equal to 151795399
Local Cache Stride Bucket 54 is equal to 213598267
Local Cache Stride Bucket 55 is equal to 170683995
Local Cache Stride Bucket 56 is equal to 182483775
Local Cache Stride Bucket 57 is equal to 209379790
Local Cache Stride Bucket 58 is equal to 181686892
Local Cache Stride Bucket 59 is equal to 161776327
Local Cache Stride Bucket 60 is equal to 175650276
Local Cache Stride Bucket 61 is equal to 177313237
Local Cache Stride Bucket 62 is equal to 171664590
Local Cache Stride Bucket 63 is equal to 203271579
Local Cache Stride Bucket 64 is equal to 141750838
Local Cache Stride Bucket 65 is equal to 198479581
Local Cache Stride Bucket 66 is equal to 172418717
Local Cache Stride Bucket 67 is equal to 183338342
Local Cache Stride Bucket 68 is equal to 147520187
Local Cache Stride Bucket 69 is equal to 107179500
Local Cache Stride Bucket 70 is equal to 136908574
Local Cache Stride Bucket 71 is equal to 108600081
Local Cache Stride Bucket 72 is equal to 134378378
Local Cache Stride Bucket 73 is equal to 119315388
Local Cache Stride Bucket 74 is equal to 108690569
Local Cache Stride Bucket 75 is equal to 124788879
Local Cache Stride Bucket 76 is equal to 117409933
Local Cache Stride Bucket 77 is equal to 95846131
Local Cache Stride Bucket 78 is equal to 123049823
Local Cache Stride Bucket 79 is equal to 112066530
Local Cache Stride Bucket 80 is equal to 106427590
Local Cache Stride Bucket 81 is equal to 134168417
Local Cache Stride Bucket 82 is equal to 91467266
Local Cache Stride Bucket 83 is equal to 123890627
Local Cache Stride Bucket 84 is equal to 111481419
Local Cache Stride Bucket 85 is equal to 111043527
Local Cache Stride Bucket 86 is equal to 114541118
Local Cache Stride Bucket 87 is equal to 93859729
Local Cache Stride Bucket 88 is equal to 123182133
Local Cache Stride Bucket 89 is equal to 104005919
Local Cache Stride Bucket 90 is equal to 115009747
Local Cache Stride Bucket 91 is equal to 113314297
Local Cache Stride Bucket 92 is equal to 102549203
Local Cache Stride Bucket 93 is equal to 112663648
Local Cache Stride Bucket 94 is equal to 113704658
Local Cache Stride Bucket 95 is equal to 90248949
Local Cache Stride Bucket 96 is equal to 107979325
Local Cache Stride Bucket 97 is equal to 107270059
Local Cache Stride Bucket 98 is equal to 96262857
Local Cache Stride Bucket 99 is equal to 130860365
Local Cache Stride Bucket 100 is equal to 85530759
Local Cache Stride Bucket 101 is equal to 109811681
Local Cache Stride Bucket 102 is equal to 106780874
Local Cache Stride Bucket 103 is equal to 99002468
Local Cache Stride Bucket 104 is equal to 108015240
Local Cache Stride Bucket 105 is equal to 85722022
Local Cache Stride Bucket 106 is equal to 109152538
Local Cache Stride Bucket 107 is equal to 100864689
Local Cache Stride Bucket 108 is equal to 110842379
Local Cache Stride Bucket 109 is equal to 103376620
Local Cache Stride Bucket 110 is equal to 103618660
Local Cache Stride Bucket 111 is equal to 105540803
Local Cache Stride Bucket 112 is equal to 117381681
Local Cache Stride Bucket 113 is equal to 91413710
Local Cache Stride Bucket 114 is equal to 101394682
Local Cache Stride Bucket 115 is equal to 110427084
Local Cache Stride Bucket 116 is equal to 90139405
Local Cache Stride Bucket 117 is equal to 128991297
Local Cache Stride Bucket 118 is equal to 83935741
Local Cache Stride Bucket 119 is equal to 110376929
Local Cache Stride Bucket 120 is equal to 108277837
Local Cache Stride Bucket 121 is equal to 95134629
Local Cache Stride Bucket 122 is equal to 100945958
Local Cache Stride Bucket 123 is equal to 89489565
Local Cache Stride Bucket 124 is equal to 102032828
Local Cache Stride Bucket 125 is equal to 100176447
Local Cache Stride Bucket 126 is equal to 107273104
Local Cache Stride Bucket 127 is equal to 92550313
Local Cache Stride Bucket 128 is equal to 100003955
Local Cache Stride Bucket 129 is equal to 93744834
Local Cache Stride Bucket 130 is equal to 108824342
Local Cache Stride Bucket 131 is equal to 81991469
Local Cache Stride Bucket 132 is equal to 91274204
Local Cache Stride Bucket 133 is equal to 107093838
Local Cache Stride Bucket 134 is equal to 83923899
Local Cache Stride Bucket 135 is equal to 120144975
Local Cache Stride Bucket 136 is equal to 81787716
Local Cache Stride Bucket 137 is equal to 75184162
Local Cache Stride Bucket 138 is equal to 79168067
Local Cache Stride Bucket 139 is equal to 63985984
Local Cache Stride Bucket 140 is equal to 68345297
Local Cache Stride Bucket 141 is equal to 64614239
Local Cache Stride Bucket 142 is equal to 66964386
Local Cache Stride Bucket 143 is equal to 74740504
Local Cache Stride Bucket 144 is equal to 69940318
Local Cache Stride Bucket 145 is equal to 63818005
Local Cache Stride Bucket 146 is equal to 73386307
Local Cache Stride Bucket 147 is equal to 64181745
Local Cache Stride Bucket 148 is equal to 74511947
Local Cache Stride Bucket 149 is equal to 60124105
Local Cache Stride Bucket 150 is equal to 61485728
Local Cache Stride Bucket 151 is equal to 77275592
Local Cache Stride Bucket 152 is equal to 58865772
Local Cache Stride Bucket 153 is equal to 81102578
Local Cache Stride Bucket 154 is equal to 61136253
Local Cache Stride Bucket 155 is equal to 62359115
Local Cache Stride Bucket 156 is equal to 77509406
Local Cache Stride Bucket 157 is equal to 65334167
Local Cache Stride Bucket 158 is equal to 66815498
Local Cache Stride Bucket 159 is equal to 65212692
Local Cache Stride Bucket 160 is equal to 64039685
Local Cache Stride Bucket 161 is equal to 68137150
Local Cache Stride Bucket 162 is equal to 70504375
Local Cache Stride Bucket 163 is equal to 56910427
Local Cache Stride Bucket 164 is equal to 71604366
Local Cache Stride Bucket 165 is equal to 61492442
Local Cache Stride Bucket 166 is equal to 70460330
Local Cache Stride Bucket 167 is equal to 61141303
Local Cache Stride Bucket 168 is equal to 55154547
Local Cache Stride Bucket 169 is equal to 76397454
Local Cache Stride Bucket 170 is equal to 56218976
Local Cache Stride Bucket 171 is equal to 70533097
Local Cache Stride Bucket 172 is equal to 60860229
Local Cache Stride Bucket 173 is equal to 60247813
Local Cache Stride Bucket 174 is equal to 70512760
Local Cache Stride Bucket 175 is equal to 63417354
Local Cache Stride Bucket 176 is equal to 57569525
Local Cache Stride Bucket 177 is equal to 64835769
Local Cache Stride Bucket 178 is equal to 60829027
Local Cache Stride Bucket 179 is equal to 62360339
Local Cache Stride Bucket 180 is equal to 71212189
Local Cache Stride Bucket 181 is equal to 53084232
Local Cache Stride Bucket 182 is equal to 72075538
Local Cache Stride Bucket 183 is equal to 59238311
Local Cache Stride Bucket 184 is equal to 63105547
Local Cache Stride Bucket 185 is equal to 60054929
Local Cache Stride Bucket 186 is equal to 54401051
Local Cache Stride Bucket 187 is equal to 72216816
Local Cache Stride Bucket 188 is equal to 56490476
Local Cache Stride Bucket 189 is equal to 65959218
Local Cache Stride Bucket 190 is equal to 60784739
Local Cache Stride Bucket 191 is equal to 58013749
Local Cache Stride Bucket 192 is equal to 65901963
Local Cache Stride Bucket 193 is equal to 62144099
Local Cache Stride Bucket 194 is equal to 52902267
Local Cache Stride Bucket 195 is equal to 63555747
Local Cache Stride Bucket 196 is equal to 59548293
Local Cache Stride Bucket 197 is equal to 56679450
Local Cache Stride Bucket 198 is equal to 71174936
Local Cache Stride Bucket 199 is equal to 50631200
Local Cache Stride Bucket 200 is equal to 65414342
Local Cache Stride Bucket 201 is equal to 59379775
Local Cache Stride Bucket 202 is equal to 58268102
Local Cache Stride Bucket 203 is equal to 58838553
Local Cache Stride Bucket 204 is equal to 51144678
Local Cache Stride Bucket 205 is equal to 63256758
Local Cache Stride Bucket 206 is equal to 55590850
Local Cache Stride Bucket 207 is equal to 62597361
Local Cache Stride Bucket 208 is equal to 58784318
Local Cache Stride Bucket 209 is equal to 55760010
Local Cache Stride Bucket 210 is equal to 60265143
Local Cache Stride Bucket 211 is equal to 60874334
Local Cache Stride Bucket 212 is equal to 50241093
Local Cache Stride Bucket 213 is equal to 58496873
Local Cache Stride Bucket 214 is equal to 59856382
Local Cache Stride Bucket 215 is equal to 52553845
Local Cache Stride Bucket 216 is equal to 71277477
Local Cache Stride Bucket 217 is equal to 51563961
Local Cache Stride Bucket 218 is equal to 62747835
Local Cache Stride Bucket 219 is equal to 61612782
Local Cache Stride Bucket 220 is equal to 58614122
Local Cache Stride Bucket 221 is equal to 62785838
Local Cache Stride Bucket 222 is equal to 51917628
Local Cache Stride Bucket 223 is equal to 61997066
Local Cache Stride Bucket 224 is equal to 58285944
Local Cache Stride Bucket 225 is equal to 62930657
Local Cache Stride Bucket 226 is equal to 59166295
Local Cache Stride Bucket 227 is equal to 58991460
Local Cache Stride Bucket 228 is equal to 59485099
Local Cache Stride Bucket 229 is equal to 64962349
Local Cache Stride Bucket 230 is equal to 52150857
Local Cache Stride Bucket 231 is equal to 56458753
Local Cache Stride Bucket 232 is equal to 61209509
Local Cache Stride Bucket 233 is equal to 51501985
Local Cache Stride Bucket 234 is equal to 70571260
Local Cache Stride Bucket 235 is equal to 48580763
Local Cache Stride Bucket 236 is equal to 58821641
Local Cache Stride Bucket 237 is equal to 60894594
Local Cache Stride Bucket 238 is equal to 55694232
Local Cache Stride Bucket 239 is equal to 56633299
Local Cache Stride Bucket 240 is equal to 52028786
Local Cache Stride Bucket 241 is equal to 57925317
Local Cache Stride Bucket 242 is equal to 56258021
Local Cache Stride Bucket 243 is equal to 61175823
Local Cache Stride Bucket 244 is equal to 53957876
Local Cache Stride Bucket 245 is equal to 59369822
Local Cache Stride Bucket 246 is equal to 55003138
Local Cache Stride Bucket 247 is equal to 61972314
Local Cache Stride Bucket 248 is equal to 50044253
Local Cache Stride Bucket 249 is equal to 52543566
Local Cache Stride Bucket 250 is equal to 61252064
Local Cache Stride Bucket 251 is equal to 49178444
Local Cache Stride Bucket 252 is equal to 65902938
Local Cache Stride Bucket 253 is equal to 48519720
Local Cache Stride Bucket 254 is equal to 57034750
Local Cache Stride Bucket 255 is equal to 61092483
Local Cache Stride Bucket 256 is equal to 73194012667


Global LD ST Byte Stride Bucket -256 is equal to 121243959495
Global LD ST Byte Stride Bucket -255 is equal to 55775
Global LD ST Byte Stride Bucket -254 is equal to 15628
Global LD ST Byte Stride Bucket -253 is equal to 1364
Global LD ST Byte Stride Bucket -252 is equal to 15818
Global LD ST Byte Stride Bucket -251 is equal to 148
Global LD ST Byte Stride Bucket -250 is equal to 26
Global LD ST Byte Stride Bucket -249 is equal to 18
Global LD ST Byte Stride Bucket -248 is equal to 27148951
Global LD ST Byte Stride Bucket -240 is equal to 34469164
Global LD ST Byte Stride Bucket -238 is equal to 1
Global LD ST Byte Stride Bucket -237 is equal to 1
Global LD ST Byte Stride Bucket -235 is equal to 1
Global LD ST Byte Stride Bucket -233 is equal to 131
Global LD ST Byte Stride Bucket -232 is equal to 96081799
Global LD ST Byte Stride Bucket -228 is equal to 132207
Global LD ST Byte Stride Bucket -224 is equal to 18183835507
Global LD ST Byte Stride Bucket -216 is equal to 602603860
Global LD ST Byte Stride Bucket -215 is equal to 131
Global LD ST Byte Stride Bucket -212 is equal to 401
Global LD ST Byte Stride Bucket -208 is equal to 1273383949
Global LD ST Byte Stride Bucket -204 is equal to 132203
Global LD ST Byte Stride Bucket -200 is equal to 42109063
Global LD ST Byte Stride Bucket -192 is equal to 50747428
Global LD ST Byte Stride Bucket -184 is equal to 39255624
Global LD ST Byte Stride Bucket -183 is equal to 131
Global LD ST Byte Stride Bucket -177 is equal to 381608
Global LD ST Byte Stride Bucket -176 is equal to 49304369
Global LD ST Byte Stride Bucket -175 is equal to 35
Global LD ST Byte Stride Bucket -168 is equal to 83946033
Global LD ST Byte Stride Bucket -164 is equal to 350
Global LD ST Byte Stride Bucket -160 is equal to 190955430
Global LD ST Byte Stride Bucket -156 is equal to 2
Global LD ST Byte Stride Bucket -152 is equal to 58022458
Global LD ST Byte Stride Bucket -151 is equal to 1
Global LD ST Byte Stride Bucket -148 is equal to 1
Global LD ST Byte Stride Bucket -144 is equal to 1322196191
Global LD ST Byte Stride Bucket -141 is equal to 381608
Global LD ST Byte Stride Bucket -140 is equal to 132203
Global LD ST Byte Stride Bucket -136 is equal to 65649672
Global LD ST Byte Stride Bucket -128 is equal to 1003731567
Global LD ST Byte Stride Bucket -124 is equal to 132272
Global LD ST Byte Stride Bucket -123 is equal to 132203
Global LD ST Byte Stride Bucket -120 is equal to 78496477
Global LD ST Byte Stride Bucket -116 is equal to 132380
Global LD ST Byte Stride Bucket -112 is equal to 1935787890
Global LD ST Byte Stride Bucket -109 is equal to 2
Global LD ST Byte Stride Bucket -108 is equal to 169
Global LD ST Byte Stride Bucket -106 is equal to 35
Global LD ST Byte Stride Bucket -104 is equal to 93950847
Global LD ST Byte Stride Bucket -102 is equal to 33
Global LD ST Byte Stride Bucket -100 is equal to 495474
Global LD ST Byte Stride Bucket -96 is equal to 439252245
Global LD ST Byte Stride Bucket -92 is equal to 132212
Global LD ST Byte Stride Bucket -88 is equal to 258349245
Global LD ST Byte Stride Bucket -86 is equal to 1
Global LD ST Byte Stride Bucket -85 is equal to 112536
Global LD ST Byte Stride Bucket -84 is equal to 375552
Global LD ST Byte Stride Bucket -83 is equal to 24657
Global LD ST Byte Stride Bucket -82 is equal to 702
Global LD ST Byte Stride Bucket -81 is equal to 463
Global LD ST Byte Stride Bucket -80 is equal to 1096429135
Global LD ST Byte Stride Bucket -76 is equal to 73
Global LD ST Byte Stride Bucket -72 is equal to 1219659078
Global LD ST Byte Stride Bucket -70 is equal to 33
Global LD ST Byte Stride Bucket -68 is equal to 133
Global LD ST Byte Stride Bucket -67 is equal to 131
Global LD ST Byte Stride Bucket -64 is equal to 1027898864
Global LD ST Byte Stride Bucket -63 is equal to 2
Global LD ST Byte Stride Bucket -56 is equal to 7192506059
Global LD ST Byte Stride Bucket -52 is equal to 512
Global LD ST Byte Stride Bucket -51 is equal to 1
Global LD ST Byte Stride Bucket -48 is equal to 707992673
Global LD ST Byte Stride Bucket -46 is equal to 193292349
Global LD ST Byte Stride Bucket -44 is equal to 33
Global LD ST Byte Stride Bucket -43 is equal to 1
Global LD ST Byte Stride Bucket -40 is equal to 7969426380
Global LD ST Byte Stride Bucket -38 is equal to 264
Global LD ST Byte Stride Bucket -36 is equal to 833902063
Global LD ST Byte Stride Bucket -34 is equal to 193292349
Global LD ST Byte Stride Bucket -32 is equal to 1263252499
Global LD ST Byte Stride Bucket -28 is equal to 11
Global LD ST Byte Stride Bucket -27 is equal to 381608
Global LD ST Byte Stride Bucket -24 is equal to 1444833026
Global LD ST Byte Stride Bucket -23 is equal to 1
Global LD ST Byte Stride Bucket -22 is equal to 2
Global LD ST Byte Stride Bucket -20 is equal to 759987
Global LD ST Byte Stride Bucket -19 is equal to 168
Global LD ST Byte Stride Bucket -16 is equal to 15793726030
Global LD ST Byte Stride Bucket -12 is equal to 1474798307
Global LD ST Byte Stride Bucket -11 is equal to 1
Global LD ST Byte Stride Bucket -8 is equal to 22513506985
Global LD ST Byte Stride Bucket -4 is equal to 265479
Global LD ST Byte Stride Bucket -2 is equal to 2252
Global LD ST Byte Stride Bucket -1 is equal to 5404
Global LD ST Byte Stride Bucket 0 is equal to 13826609475
Global LD ST Byte Stride Bucket 1 is equal to 1232033
Global LD ST Byte Stride Bucket 2 is equal to 1
Global LD ST Byte Stride Bucket 4 is equal to 1146558
Global LD ST Byte Stride Bucket 6 is equal to 6
Global LD ST Byte Stride Bucket 8 is equal to 10544409639
Global LD ST Byte Stride Bucket 10 is equal to 27
Global LD ST Byte Stride Bucket 11 is equal to 132203
Global LD ST Byte Stride Bucket 12 is equal to 641486075
Global LD ST Byte Stride Bucket 14 is equal to 8
Global LD ST Byte Stride Bucket 15 is equal to 1
Global LD ST Byte Stride Bucket 16 is equal to 11129268516
Global LD ST Byte Stride Bucket 17 is equal to 1
Global LD ST Byte Stride Bucket 19 is equal to 631179
Global LD ST Byte Stride Bucket 20 is equal to 1009212
Global LD ST Byte Stride Bucket 22 is equal to 510
Global LD ST Byte Stride Bucket 24 is equal to 3422302346
Global LD ST Byte Stride Bucket 28 is equal to 264414
Global LD ST Byte Stride Bucket 31 is equal to 2
Global LD ST Byte Stride Bucket 32 is equal to 7189326914
Global LD ST Byte Stride Bucket 34 is equal to 231
Global LD ST Byte Stride Bucket 36 is equal to 195285128
Global LD ST Byte Stride Bucket 38 is equal to 1
Global LD ST Byte Stride Bucket 40 is equal to 2820728798
Global LD ST Byte Stride Bucket 44 is equal to 577
Global LD ST Byte Stride Bucket 47 is equal to 35
Global LD ST Byte Stride Bucket 48 is equal to 1749297945
Global LD ST Byte Stride Bucket 50 is equal to 35
Global LD ST Byte Stride Bucket 51 is equal to 166
Global LD ST Byte Stride Bucket 52 is equal to 100
Global LD ST Byte Stride Bucket 53 is equal to 35
Global LD ST Byte Stride Bucket 54 is equal to 193292382
Global LD ST Byte Stride Bucket 56 is equal to 6177812809
Global LD ST Byte Stride Bucket 59 is equal to 35
Global LD ST Byte Stride Bucket 60 is equal to 1992939
Global LD ST Byte Stride Bucket 62 is equal to 68
Global LD ST Byte Stride Bucket 64 is equal to 1109420527
Global LD ST Byte Stride Bucket 65 is equal to 35
Global LD ST Byte Stride Bucket 68 is equal to 72
Global LD ST Byte Stride Bucket 71 is equal to 35
Global LD ST Byte Stride Bucket 72 is equal to 4990642668
Global LD ST Byte Stride Bucket 76 is equal to 337
Global LD ST Byte Stride Bucket 80 is equal to 1214616986
Global LD ST Byte Stride Bucket 84 is equal to 132374
Global LD ST Byte Stride Bucket 88 is equal to 916202978
Global LD ST Byte Stride Bucket 89 is equal to 381608
Global LD ST Byte Stride Bucket 92 is equal to 646029
Global LD ST Byte Stride Bucket 96 is equal to 648274823
Global LD ST Byte Stride Bucket 100 is equal to 4
Global LD ST Byte Stride Bucket 104 is equal to 301900777
Global LD ST Byte Stride Bucket 108 is equal to 103
Global LD ST Byte Stride Bucket 112 is equal to 286773093
Global LD ST Byte Stride Bucket 120 is equal to 265432581
Global LD ST Byte Stride Bucket 124 is equal to 132334
Global LD ST Byte Stride Bucket 128 is equal to 407050767
Global LD ST Byte Stride Bucket 133 is equal to 249405
Global LD ST Byte Stride Bucket 136 is equal to 691343108
Global LD ST Byte Stride Bucket 139 is equal to 3
Global LD ST Byte Stride Bucket 140 is equal to 35
Global LD ST Byte Stride Bucket 141 is equal to 763216
Global LD ST Byte Stride Bucket 144 is equal to 927991718
Global LD ST Byte Stride Bucket 148 is equal to 2
Global LD ST Byte Stride Bucket 152 is equal to 356238342
Global LD ST Byte Stride Bucket 154 is equal to 1
Global LD ST Byte Stride Bucket 160 is equal to 484225976
Global LD ST Byte Stride Bucket 163 is equal to 2
Global LD ST Byte Stride Bucket 168 is equal to 189147709
Global LD ST Byte Stride Bucket 176 is equal to 183423378
Global LD ST Byte Stride Bucket 184 is equal to 171336237
Global LD ST Byte Stride Bucket 192 is equal to 5741912242
Global LD ST Byte Stride Bucket 196 is equal to 1
Global LD ST Byte Stride Bucket 200 is equal to 865530629
Global LD ST Byte Stride Bucket 204 is equal to 35
Global LD ST Byte Stride Bucket 208 is equal to 885087222
Global LD ST Byte Stride Bucket 212 is equal to 659
Global LD ST Byte Stride Bucket 215 is equal to 131
Global LD ST Byte Stride Bucket 216 is equal to 5508409519
Global LD ST Byte Stride Bucket 219 is equal to 131
Global LD ST Byte Stride Bucket 220 is equal to 166
Global LD ST Byte Stride Bucket 224 is equal to 8405432353
Global LD ST Byte Stride Bucket 228 is equal to 5
Global LD ST Byte Stride Bucket 229 is equal to 3
Global LD ST Byte Stride Bucket 230 is equal to 3
Global LD ST Byte Stride Bucket 231 is equal to 7
Global LD ST Byte Stride Bucket 232 is equal to 303436232
Global LD ST Byte Stride Bucket 233 is equal to 2
Global LD ST Byte Stride Bucket 234 is equal to 3
Global LD ST Byte Stride Bucket 235 is equal to 7
Global LD ST Byte Stride Bucket 236 is equal to 37
Global LD ST Byte Stride Bucket 237 is equal to 6
Global LD ST Byte Stride Bucket 238 is equal to 1
Global LD ST Byte Stride Bucket 239 is equal to 4
Global LD ST Byte Stride Bucket 240 is equal to 129311089
Global LD ST Byte Stride Bucket 241 is equal to 2
Global LD ST Byte Stride Bucket 242 is equal to 2
Global LD ST Byte Stride Bucket 244 is equal to 1
Global LD ST Byte Stride Bucket 248 is equal to 122309254
Global LD ST Byte Stride Bucket 252 is equal to 631541
Global LD ST Byte Stride Bucket 256 is equal to 159867474649

Global LD ST Cache Stride Bucket -256 is equal to 101749823236
Global LD ST Cache Stride Bucket -255 is equal to 33896190
Global LD ST Cache Stride Bucket -254 is equal to 33669280
Global LD ST Cache Stride Bucket -253 is equal to 32891327
Global LD ST Cache Stride Bucket -252 is equal to 33744220
Global LD ST Cache Stride Bucket -251 is equal to 33515269
Global LD ST Cache Stride Bucket -250 is equal to 34286373
Global LD ST Cache Stride Bucket -249 is equal to 33320151
Global LD ST Cache Stride Bucket -248 is equal to 32836210
Global LD ST Cache Stride Bucket -247 is equal to 33558588
Global LD ST Cache Stride Bucket -246 is equal to 34849721
Global LD ST Cache Stride Bucket -245 is equal to 34466112
Global LD ST Cache Stride Bucket -244 is equal to 34028289
Global LD ST Cache Stride Bucket -243 is equal to 35608406
Global LD ST Cache Stride Bucket -242 is equal to 34328020
Global LD ST Cache Stride Bucket -241 is equal to 34859199
Global LD ST Cache Stride Bucket -240 is equal to 34378137
Global LD ST Cache Stride Bucket -239 is equal to 33773087
Global LD ST Cache Stride Bucket -238 is equal to 35083100
Global LD ST Cache Stride Bucket -237 is equal to 35805335
Global LD ST Cache Stride Bucket -236 is equal to 35591992
Global LD ST Cache Stride Bucket -235 is equal to 34832015
Global LD ST Cache Stride Bucket -234 is equal to 36495264
Global LD ST Cache Stride Bucket -233 is equal to 35585775
Global LD ST Cache Stride Bucket -232 is equal to 35875005
Global LD ST Cache Stride Bucket -231 is equal to 36345408
Global LD ST Cache Stride Bucket -230 is equal to 35143929
Global LD ST Cache Stride Bucket -229 is equal to 36236403
Global LD ST Cache Stride Bucket -228 is equal to 37717850
Global LD ST Cache Stride Bucket -227 is equal to 37398891
Global LD ST Cache Stride Bucket -226 is equal to 36458889
Global LD ST Cache Stride Bucket -225 is equal to 37386250
Global LD ST Cache Stride Bucket -224 is equal to 39214781
Global LD ST Cache Stride Bucket -223 is equal to 37802132
Global LD ST Cache Stride Bucket -222 is equal to 36308861
Global LD ST Cache Stride Bucket -221 is equal to 36116324
Global LD ST Cache Stride Bucket -220 is equal to 37385798
Global LD ST Cache Stride Bucket -219 is equal to 38731564
Global LD ST Cache Stride Bucket -218 is equal to 38199212
Global LD ST Cache Stride Bucket -217 is equal to 37515351
Global LD ST Cache Stride Bucket -216 is equal to 39434671
Global LD ST Cache Stride Bucket -215 is equal to 37722641
Global LD ST Cache Stride Bucket -214 is equal to 37841975
Global LD ST Cache Stride Bucket -213 is equal to 37259179
Global LD ST Cache Stride Bucket -212 is equal to 36787312
Global LD ST Cache Stride Bucket -211 is equal to 38084692
Global LD ST Cache Stride Bucket -210 is equal to 39130512
Global LD ST Cache Stride Bucket -209 is equal to 38390065
Global LD ST Cache Stride Bucket -208 is equal to 37900855
Global LD ST Cache Stride Bucket -207 is equal to 39815286
Global LD ST Cache Stride Bucket -206 is equal to 39260886
Global LD ST Cache Stride Bucket -205 is equal to 39239740
Global LD ST Cache Stride Bucket -204 is equal to 38534753
Global LD ST Cache Stride Bucket -203 is equal to 38310302
Global LD ST Cache Stride Bucket -202 is equal to 39023705
Global LD ST Cache Stride Bucket -201 is equal to 40232869
Global LD ST Cache Stride Bucket -200 is equal to 40035557
Global LD ST Cache Stride Bucket -199 is equal to 39771628
Global LD ST Cache Stride Bucket -198 is equal to 41059654
Global LD ST Cache Stride Bucket -197 is equal to 40186454
Global LD ST Cache Stride Bucket -196 is equal to 40867287
Global LD ST Cache Stride Bucket -195 is equal to 40290889
Global LD ST Cache Stride Bucket -194 is equal to 40079960
Global LD ST Cache Stride Bucket -193 is equal to 40523209
Global LD ST Cache Stride Bucket -192 is equal to 42239257
Global LD ST Cache Stride Bucket -191 is equal to 41662959
Global LD ST Cache Stride Bucket -190 is equal to 41243536
Global LD ST Cache Stride Bucket -189 is equal to 42663453
Global LD ST Cache Stride Bucket -188 is equal to 41718346
Global LD ST Cache Stride Bucket -187 is equal to 42104392
Global LD ST Cache Stride Bucket -186 is equal to 41558809
Global LD ST Cache Stride Bucket -185 is equal to 41165434
Global LD ST Cache Stride Bucket -184 is equal to 41957856
Global LD ST Cache Stride Bucket -183 is equal to 43604209
Global LD ST Cache Stride Bucket -182 is equal to 43102398
Global LD ST Cache Stride Bucket -181 is equal to 42612494
Global LD ST Cache Stride Bucket -180 is equal to 44224017
Global LD ST Cache Stride Bucket -179 is equal to 43380025
Global LD ST Cache Stride Bucket -178 is equal to 44073635
Global LD ST Cache Stride Bucket -177 is equal to 43005688
Global LD ST Cache Stride Bucket -176 is equal to 42548766
Global LD ST Cache Stride Bucket -175 is equal to 43455860
Global LD ST Cache Stride Bucket -174 is equal to 44595298
Global LD ST Cache Stride Bucket -173 is equal to 44273413
Global LD ST Cache Stride Bucket -172 is equal to 43859820
Global LD ST Cache Stride Bucket -171 is equal to 45191104
Global LD ST Cache Stride Bucket -170 is equal to 44543435
Global LD ST Cache Stride Bucket -169 is equal to 45611713
Global LD ST Cache Stride Bucket -168 is equal to 44948108
Global LD ST Cache Stride Bucket -167 is equal to 44679120
Global LD ST Cache Stride Bucket -166 is equal to 45316738
Global LD ST Cache Stride Bucket -165 is equal to 46278899
Global LD ST Cache Stride Bucket -164 is equal to 46066051
Global LD ST Cache Stride Bucket -163 is equal to 45615463
Global LD ST Cache Stride Bucket -162 is equal to 47585229
Global LD ST Cache Stride Bucket -161 is equal to 46515556
Global LD ST Cache Stride Bucket -160 is equal to 46762086
Global LD ST Cache Stride Bucket -159 is equal to 45986153
Global LD ST Cache Stride Bucket -158 is equal to 45693189
Global LD ST Cache Stride Bucket -157 is equal to 46859467
Global LD ST Cache Stride Bucket -156 is equal to 48139330
Global LD ST Cache Stride Bucket -155 is equal to 47964337
Global LD ST Cache Stride Bucket -154 is equal to 47116505
Global LD ST Cache Stride Bucket -153 is equal to 48867986
Global LD ST Cache Stride Bucket -152 is equal to 48094619
Global LD ST Cache Stride Bucket -151 is equal to 48500215
Global LD ST Cache Stride Bucket -150 is equal to 47852994
Global LD ST Cache Stride Bucket -149 is equal to 47953546
Global LD ST Cache Stride Bucket -148 is equal to 48341725
Global LD ST Cache Stride Bucket -147 is equal to 49627535
Global LD ST Cache Stride Bucket -146 is equal to 49752892
Global LD ST Cache Stride Bucket -145 is equal to 49402624
Global LD ST Cache Stride Bucket -144 is equal to 50877835
Global LD ST Cache Stride Bucket -143 is equal to 49472602
Global LD ST Cache Stride Bucket -142 is equal to 50335854
Global LD ST Cache Stride Bucket -141 is equal to 49495691
Global LD ST Cache Stride Bucket -140 is equal to 49094007
Global LD ST Cache Stride Bucket -139 is equal to 49910458
Global LD ST Cache Stride Bucket -138 is equal to 51360193
Global LD ST Cache Stride Bucket -137 is equal to 52722661
Global LD ST Cache Stride Bucket -136 is equal to 56741633
Global LD ST Cache Stride Bucket -135 is equal to 60927825
Global LD ST Cache Stride Bucket -134 is equal to 59231300
Global LD ST Cache Stride Bucket -133 is equal to 60076657
Global LD ST Cache Stride Bucket -132 is equal to 58937867
Global LD ST Cache Stride Bucket -131 is equal to 58245506
Global LD ST Cache Stride Bucket -130 is equal to 59318504
Global LD ST Cache Stride Bucket -129 is equal to 61511050
Global LD ST Cache Stride Bucket -128 is equal to 61124946
Global LD ST Cache Stride Bucket -127 is equal to 60006026
Global LD ST Cache Stride Bucket -126 is equal to 62821947
Global LD ST Cache Stride Bucket -125 is equal to 61971400
Global LD ST Cache Stride Bucket -124 is equal to 62462527
Global LD ST Cache Stride Bucket -123 is equal to 60615921
Global LD ST Cache Stride Bucket -122 is equal to 60497701
Global LD ST Cache Stride Bucket -121 is equal to 61618176
Global LD ST Cache Stride Bucket -120 is equal to 64216546
Global LD ST Cache Stride Bucket -119 is equal to 63576099
Global LD ST Cache Stride Bucket -118 is equal to 62752154
Global LD ST Cache Stride Bucket -117 is equal to 65260548
Global LD ST Cache Stride Bucket -116 is equal to 64045265
Global LD ST Cache Stride Bucket -115 is equal to 65630734
Global LD ST Cache Stride Bucket -114 is equal to 63848537
Global LD ST Cache Stride Bucket -113 is equal to 63169176
Global LD ST Cache Stride Bucket -112 is equal to 65299225
Global LD ST Cache Stride Bucket -111 is equal to 67552632
Global LD ST Cache Stride Bucket -110 is equal to 66538808
Global LD ST Cache Stride Bucket -109 is equal to 65630811
Global LD ST Cache Stride Bucket -108 is equal to 68819752
Global LD ST Cache Stride Bucket -107 is equal to 65016411
Global LD ST Cache Stride Bucket -106 is equal to 65628902
Global LD ST Cache Stride Bucket -105 is equal to 64841139
Global LD ST Cache Stride Bucket -104 is equal to 64133178
Global LD ST Cache Stride Bucket -103 is equal to 64615932
Global LD ST Cache Stride Bucket -102 is equal to 67833170
Global LD ST Cache Stride Bucket -101 is equal to 67437772
Global LD ST Cache Stride Bucket -100 is equal to 66463835
Global LD ST Cache Stride Bucket -99 is equal to 69646072
Global LD ST Cache Stride Bucket -98 is equal to 68297622
Global LD ST Cache Stride Bucket -97 is equal to 69736522
Global LD ST Cache Stride Bucket -96 is equal to 67403369
Global LD ST Cache Stride Bucket -95 is equal to 66966988
Global LD ST Cache Stride Bucket -94 is equal to 68483987
Global LD ST Cache Stride Bucket -93 is equal to 70959269
Global LD ST Cache Stride Bucket -92 is equal to 70612869
Global LD ST Cache Stride Bucket -91 is equal to 69802584
Global LD ST Cache Stride Bucket -90 is equal to 72423564
Global LD ST Cache Stride Bucket -89 is equal to 70674615
Global LD ST Cache Stride Bucket -88 is equal to 72534234
Global LD ST Cache Stride Bucket -87 is equal to 70677784
Global LD ST Cache Stride Bucket -86 is equal to 69494528
Global LD ST Cache Stride Bucket -85 is equal to 71110832
Global LD ST Cache Stride Bucket -84 is equal to 74173748
Global LD ST Cache Stride Bucket -83 is equal to 73307650
Global LD ST Cache Stride Bucket -82 is equal to 71609495
Global LD ST Cache Stride Bucket -81 is equal to 75549807
Global LD ST Cache Stride Bucket -80 is equal to 73376165
Global LD ST Cache Stride Bucket -79 is equal to 74886018
Global LD ST Cache Stride Bucket -78 is equal to 73514317
Global LD ST Cache Stride Bucket -77 is equal to 72278418
Global LD ST Cache Stride Bucket -76 is equal to 73825487
Global LD ST Cache Stride Bucket -75 is equal to 76791386
Global LD ST Cache Stride Bucket -74 is equal to 77165578
Global LD ST Cache Stride Bucket -73 is equal to 75559828
Global LD ST Cache Stride Bucket -72 is equal to 78894586
Global LD ST Cache Stride Bucket -71 is equal to 77652511
Global LD ST Cache Stride Bucket -70 is equal to 78200123
Global LD ST Cache Stride Bucket -69 is equal to 78723982
Global LD ST Cache Stride Bucket -68 is equal to 84592394
Global LD ST Cache Stride Bucket -67 is equal to 91843400
Global LD ST Cache Stride Bucket -66 is equal to 97064223
Global LD ST Cache Stride Bucket -65 is equal to 96221304
Global LD ST Cache Stride Bucket -64 is equal to 94321060
Global LD ST Cache Stride Bucket -63 is equal to 98700451
Global LD ST Cache Stride Bucket -62 is equal to 96096704
Global LD ST Cache Stride Bucket -61 is equal to 99698959
Global LD ST Cache Stride Bucket -60 is equal to 96113320
Global LD ST Cache Stride Bucket -59 is equal to 98381641
Global LD ST Cache Stride Bucket -58 is equal to 98596615
Global LD ST Cache Stride Bucket -57 is equal to 105617523
Global LD ST Cache Stride Bucket -56 is equal to 102832063
Global LD ST Cache Stride Bucket -55 is equal to 100185631
Global LD ST Cache Stride Bucket -54 is equal to 105918537
Global LD ST Cache Stride Bucket -53 is equal to 99845675
Global LD ST Cache Stride Bucket -52 is equal to 102058128
Global LD ST Cache Stride Bucket -51 is equal to 100055198
Global LD ST Cache Stride Bucket -50 is equal to 98245495
Global LD ST Cache Stride Bucket -49 is equal to 101059840
Global LD ST Cache Stride Bucket -48 is equal to 106741146
Global LD ST Cache Stride Bucket -47 is equal to 106196773
Global LD ST Cache Stride Bucket -46 is equal to 103589785
Global LD ST Cache Stride Bucket -45 is equal to 109697421
Global LD ST Cache Stride Bucket -44 is equal to 106806068
Global LD ST Cache Stride Bucket -43 is equal to 108246597
Global LD ST Cache Stride Bucket -42 is equal to 104840422
Global LD ST Cache Stride Bucket -41 is equal to 104062275
Global LD ST Cache Stride Bucket -40 is equal to 106698560
Global LD ST Cache Stride Bucket -39 is equal to 111822620
Global LD ST Cache Stride Bucket -38 is equal to 109454289
Global LD ST Cache Stride Bucket -37 is equal to 108227649
Global LD ST Cache Stride Bucket -36 is equal to 112617271
Global LD ST Cache Stride Bucket -35 is equal to 108309131
Global LD ST Cache Stride Bucket -34 is equal to 130505155
Global LD ST Cache Stride Bucket -33 is equal to 132161284
Global LD ST Cache Stride Bucket -32 is equal to 128068480
Global LD ST Cache Stride Bucket -31 is equal to 134616570
Global LD ST Cache Stride Bucket -30 is equal to 144146209
Global LD ST Cache Stride Bucket -29 is equal to 139541417
Global LD ST Cache Stride Bucket -28 is equal to 134847127
Global LD ST Cache Stride Bucket -27 is equal to 144117026
Global LD ST Cache Stride Bucket -26 is equal to 133108966
Global LD ST Cache Stride Bucket -25 is equal to 137426551
Global LD ST Cache Stride Bucket -24 is equal to 131578230
Global LD ST Cache Stride Bucket -23 is equal to 127232109
Global LD ST Cache Stride Bucket -22 is equal to 133490225
Global LD ST Cache Stride Bucket -21 is equal to 144545139
Global LD ST Cache Stride Bucket -20 is equal to 144648990
Global LD ST Cache Stride Bucket -19 is equal to 138728489
Global LD ST Cache Stride Bucket -18 is equal to 153009346
Global LD ST Cache Stride Bucket -17 is equal to 186000106
Global LD ST Cache Stride Bucket -16 is equal to 215699423
Global LD ST Cache Stride Bucket -15 is equal to 210662655
Global LD ST Cache Stride Bucket -14 is equal to 206130892
Global LD ST Cache Stride Bucket -13 is equal to 221521597
Global LD ST Cache Stride Bucket -12 is equal to 243299266
Global LD ST Cache Stride Bucket -11 is equal to 246396205
Global LD ST Cache Stride Bucket -10 is equal to 249866454
Global LD ST Cache Stride Bucket -9 is equal to 291048862
Global LD ST Cache Stride Bucket -8 is equal to 385266579
Global LD ST Cache Stride Bucket -7 is equal to 445482929
Global LD ST Cache Stride Bucket -6 is equal to 439082170
Global LD ST Cache Stride Bucket -5 is equal to 493138615
Global LD ST Cache Stride Bucket -4 is equal to 11196527626
Global LD ST Cache Stride Bucket -3 is equal to 10027134839
Global LD ST Cache Stride Bucket -2 is equal to 4392556582
Global LD ST Cache Stride Bucket -1 is equal to 24054097336
Global LD ST Cache Stride Bucket 0 is equal to 79882473804
Global LD ST Cache Stride Bucket 1 is equal to 25119314045
Global LD ST Cache Stride Bucket 2 is equal to 4431433946
Global LD ST Cache Stride Bucket 3 is equal to 14827314362
Global LD ST Cache Stride Bucket 4 is equal to 9122962077
Global LD ST Cache Stride Bucket 5 is equal to 1144169137
Global LD ST Cache Stride Bucket 6 is equal to 994822786
Global LD ST Cache Stride Bucket 7 is equal to 924167678
Global LD ST Cache Stride Bucket 8 is equal to 825975133
Global LD ST Cache Stride Bucket 9 is equal to 648731568
Global LD ST Cache Stride Bucket 10 is equal to 2249566618
Global LD ST Cache Stride Bucket 11 is equal to 561690687
Global LD ST Cache Stride Bucket 12 is equal to 522221618
Global LD ST Cache Stride Bucket 13 is equal to 485925309
Global LD ST Cache Stride Bucket 14 is equal to 1255415820
Global LD ST Cache Stride Bucket 15 is equal to 452958836
Global LD ST Cache Stride Bucket 16 is equal to 441038358
Global LD ST Cache Stride Bucket 17 is equal to 407784022
Global LD ST Cache Stride Bucket 18 is equal to 344996253
Global LD ST Cache Stride Bucket 19 is equal to 765595118
Global LD ST Cache Stride Bucket 20 is equal to 353575425
Global LD ST Cache Stride Bucket 21 is equal to 335316620
Global LD ST Cache Stride Bucket 22 is equal to 319448864
Global LD ST Cache Stride Bucket 23 is equal to 537769351
Global LD ST Cache Stride Bucket 24 is equal to 326148226
Global LD ST Cache Stride Bucket 25 is equal to 325038771
Global LD ST Cache Stride Bucket 26 is equal to 319868610
Global LD ST Cache Stride Bucket 27 is equal to 314094573
Global LD ST Cache Stride Bucket 28 is equal to 438103946
Global LD ST Cache Stride Bucket 29 is equal to 342288301
Global LD ST Cache Stride Bucket 30 is equal to 335016747
Global LD ST Cache Stride Bucket 31 is equal to 322038767
Global LD ST Cache Stride Bucket 32 is equal to 375251145
Global LD ST Cache Stride Bucket 33 is equal to 336501688
Global LD ST Cache Stride Bucket 34 is equal to 330379911
Global LD ST Cache Stride Bucket 35 is equal to 301518864
Global LD ST Cache Stride Bucket 36 is equal to 294125124
Global LD ST Cache Stride Bucket 37 is equal to 323282841
Global LD ST Cache Stride Bucket 38 is equal to 310551341
Global LD ST Cache Stride Bucket 39 is equal to 303627336
Global LD ST Cache Stride Bucket 40 is equal to 294987479
Global LD ST Cache Stride Bucket 41 is equal to 297367005
Global LD ST Cache Stride Bucket 42 is equal to 292660111
Global LD ST Cache Stride Bucket 43 is equal to 292699093
Global LD ST Cache Stride Bucket 44 is equal to 290250840
Global LD ST Cache Stride Bucket 45 is equal to 280125839
Global LD ST Cache Stride Bucket 46 is equal to 279908985
Global LD ST Cache Stride Bucket 47 is equal to 282965417
Global LD ST Cache Stride Bucket 48 is equal to 277573775
Global LD ST Cache Stride Bucket 49 is equal to 270335614
Global LD ST Cache Stride Bucket 50 is equal to 262779081
Global LD ST Cache Stride Bucket 51 is equal to 262526397
Global LD ST Cache Stride Bucket 52 is equal to 262224328
Global LD ST Cache Stride Bucket 53 is equal to 261225732
Global LD ST Cache Stride Bucket 54 is equal to 257036098
Global LD ST Cache Stride Bucket 55 is equal to 254407342
Global LD ST Cache Stride Bucket 56 is equal to 257518575
Global LD ST Cache Stride Bucket 57 is equal to 254398469
Global LD ST Cache Stride Bucket 58 is equal to 248557986
Global LD ST Cache Stride Bucket 59 is equal to 244808428
Global LD ST Cache Stride Bucket 60 is equal to 240150829
Global LD ST Cache Stride Bucket 61 is equal to 241328057
Global LD ST Cache Stride Bucket 62 is equal to 239705850
Global LD ST Cache Stride Bucket 63 is equal to 233563037
Global LD ST Cache Stride Bucket 64 is equal to 232060939
Global LD ST Cache Stride Bucket 65 is equal to 234653118
Global LD ST Cache Stride Bucket 66 is equal to 231514914
Global LD ST Cache Stride Bucket 67 is equal to 226106097
Global LD ST Cache Stride Bucket 68 is equal to 214963704
Global LD ST Cache Stride Bucket 69 is equal to 206532723
Global LD ST Cache Stride Bucket 70 is equal to 203990232
Global LD ST Cache Stride Bucket 71 is equal to 203751192
Global LD ST Cache Stride Bucket 72 is equal to 199686351
Global LD ST Cache Stride Bucket 73 is equal to 197361286
Global LD ST Cache Stride Bucket 74 is equal to 198889793
Global LD ST Cache Stride Bucket 75 is equal to 196135903
Global LD ST Cache Stride Bucket 76 is equal to 192446962
Global LD ST Cache Stride Bucket 77 is equal to 188651009
Global LD ST Cache Stride Bucket 78 is equal to 188787516
Global LD ST Cache Stride Bucket 79 is equal to 188392827
Global LD ST Cache Stride Bucket 80 is equal to 187115900
Global LD ST Cache Stride Bucket 81 is equal to 185122640
Global LD ST Cache Stride Bucket 82 is equal to 182254835
Global LD ST Cache Stride Bucket 83 is equal to 183767590
Global LD ST Cache Stride Bucket 84 is equal to 181866806
Global LD ST Cache Stride Bucket 85 is equal to 178555411
Global LD ST Cache Stride Bucket 86 is equal to 174630446
Global LD ST Cache Stride Bucket 87 is equal to 175267019
Global LD ST Cache Stride Bucket 88 is equal to 175930852
Global LD ST Cache Stride Bucket 89 is equal to 174577815
Global LD ST Cache Stride Bucket 90 is equal to 171978751
Global LD ST Cache Stride Bucket 91 is equal to 170821676
Global LD ST Cache Stride Bucket 92 is equal to 171608593
Global LD ST Cache Stride Bucket 93 is equal to 169097576
Global LD ST Cache Stride Bucket 94 is equal to 166660845
Global LD ST Cache Stride Bucket 95 is equal to 162630468
Global LD ST Cache Stride Bucket 96 is equal to 162598017
Global LD ST Cache Stride Bucket 97 is equal to 163207528
Global LD ST Cache Stride Bucket 98 is equal to 163194943
Global LD ST Cache Stride Bucket 99 is equal to 159410645
Global LD ST Cache Stride Bucket 100 is equal to 157944947
Global LD ST Cache Stride Bucket 101 is equal to 159644781
Global LD ST Cache Stride Bucket 102 is equal to 157269913
Global LD ST Cache Stride Bucket 103 is equal to 154594266
Global LD ST Cache Stride Bucket 104 is equal to 150926297
Global LD ST Cache Stride Bucket 105 is equal to 151245438
Global LD ST Cache Stride Bucket 106 is equal to 151185793
Global LD ST Cache Stride Bucket 107 is equal to 151094144
Global LD ST Cache Stride Bucket 108 is equal to 149609334
Global LD ST Cache Stride Bucket 109 is equal to 148683164
Global LD ST Cache Stride Bucket 110 is equal to 150313908
Global LD ST Cache Stride Bucket 111 is equal to 148866674
Global LD ST Cache Stride Bucket 112 is equal to 146475623
Global LD ST Cache Stride Bucket 113 is equal to 142355583
Global LD ST Cache Stride Bucket 114 is equal to 142620099
Global LD ST Cache Stride Bucket 115 is equal to 143297877
Global LD ST Cache Stride Bucket 116 is equal to 142826456
Global LD ST Cache Stride Bucket 117 is equal to 139600892
Global LD ST Cache Stride Bucket 118 is equal to 138821302
Global LD ST Cache Stride Bucket 119 is equal to 140111347
Global LD ST Cache Stride Bucket 120 is equal to 137945809
Global LD ST Cache Stride Bucket 121 is equal to 135817726
Global LD ST Cache Stride Bucket 122 is equal to 132751770
Global LD ST Cache Stride Bucket 123 is equal to 132707461
Global LD ST Cache Stride Bucket 124 is equal to 133388595
Global LD ST Cache Stride Bucket 125 is equal to 133518156
Global LD ST Cache Stride Bucket 126 is equal to 130214063
Global LD ST Cache Stride Bucket 127 is equal to 129506391
Global LD ST Cache Stride Bucket 128 is equal to 131121357
Global LD ST Cache Stride Bucket 129 is equal to 129461243
Global LD ST Cache Stride Bucket 130 is equal to 126747008
Global LD ST Cache Stride Bucket 131 is equal to 124177868
Global LD ST Cache Stride Bucket 132 is equal to 124531361
Global LD ST Cache Stride Bucket 133 is equal to 125010329
Global LD ST Cache Stride Bucket 134 is equal to 124736718
Global LD ST Cache Stride Bucket 135 is equal to 122145928
Global LD ST Cache Stride Bucket 136 is equal to 119855833
Global LD ST Cache Stride Bucket 137 is equal to 115216443
Global LD ST Cache Stride Bucket 138 is equal to 112050499
Global LD ST Cache Stride Bucket 139 is equal to 109941732
Global LD ST Cache Stride Bucket 140 is equal to 107843282
Global LD ST Cache Stride Bucket 141 is equal to 107750023
Global LD ST Cache Stride Bucket 142 is equal to 108255982
Global LD ST Cache Stride Bucket 143 is equal to 107696386
Global LD ST Cache Stride Bucket 144 is equal to 106314369
Global LD ST Cache Stride Bucket 145 is equal to 105139912
Global LD ST Cache Stride Bucket 146 is equal to 105844969
Global LD ST Cache Stride Bucket 147 is equal to 104685519
Global LD ST Cache Stride Bucket 148 is equal to 103324949
Global LD ST Cache Stride Bucket 149 is equal to 101134457
Global LD ST Cache Stride Bucket 150 is equal to 100978853
Global LD ST Cache Stride Bucket 151 is equal to 101388116
Global LD ST Cache Stride Bucket 152 is equal to 101158958
Global LD ST Cache Stride Bucket 153 is equal to 99281438
Global LD ST Cache Stride Bucket 154 is equal to 98355770
Global LD ST Cache Stride Bucket 155 is equal to 99262419
Global LD ST Cache Stride Bucket 156 is equal to 97996562
Global LD ST Cache Stride Bucket 157 is equal to 96389508
Global LD ST Cache Stride Bucket 158 is equal to 94421429
Global LD ST Cache Stride Bucket 159 is equal to 94479989
Global LD ST Cache Stride Bucket 160 is equal to 94338467
Global LD ST Cache Stride Bucket 161 is equal to 94187259
Global LD ST Cache Stride Bucket 162 is equal to 93105021
Global LD ST Cache Stride Bucket 163 is equal to 91750310
Global LD ST Cache Stride Bucket 164 is equal to 92144210
Global LD ST Cache Stride Bucket 165 is equal to 91515057
Global LD ST Cache Stride Bucket 166 is equal to 90396367
Global LD ST Cache Stride Bucket 167 is equal to 88092610
Global LD ST Cache Stride Bucket 168 is equal to 88472865
Global LD ST Cache Stride Bucket 169 is equal to 88666236
Global LD ST Cache Stride Bucket 170 is equal to 88381044
Global LD ST Cache Stride Bucket 171 is equal to 86761839
Global LD ST Cache Stride Bucket 172 is equal to 85897864
Global LD ST Cache Stride Bucket 173 is equal to 86512217
Global LD ST Cache Stride Bucket 174 is equal to 85539621
Global LD ST Cache Stride Bucket 175 is equal to 84384641
Global LD ST Cache Stride Bucket 176 is equal to 82301055
Global LD ST Cache Stride Bucket 177 is equal to 82411674
Global LD ST Cache Stride Bucket 178 is equal to 82496726
Global LD ST Cache Stride Bucket 179 is equal to 82504868
Global LD ST Cache Stride Bucket 180 is equal to 80912783
Global LD ST Cache Stride Bucket 181 is equal to 80505915
Global LD ST Cache Stride Bucket 182 is equal to 81257672
Global LD ST Cache Stride Bucket 183 is equal to 80114236
Global LD ST Cache Stride Bucket 184 is equal to 78608101
Global LD ST Cache Stride Bucket 185 is equal to 76981526
Global LD ST Cache Stride Bucket 186 is equal to 77266228
Global LD ST Cache Stride Bucket 187 is equal to 77346903
Global LD ST Cache Stride Bucket 188 is equal to 76980271
Global LD ST Cache Stride Bucket 189 is equal to 75611411
Global LD ST Cache Stride Bucket 190 is equal to 75026680
Global LD ST Cache Stride Bucket 191 is equal to 75662380
Global LD ST Cache Stride Bucket 192 is equal to 74952031
Global LD ST Cache Stride Bucket 193 is equal to 73604433
Global LD ST Cache Stride Bucket 194 is equal to 71805555
Global LD ST Cache Stride Bucket 195 is equal to 72207183
Global LD ST Cache Stride Bucket 196 is equal to 72470370
Global LD ST Cache Stride Bucket 197 is equal to 72155241
Global LD ST Cache Stride Bucket 198 is equal to 70859937
Global LD ST Cache Stride Bucket 199 is equal to 70267206
Global LD ST Cache Stride Bucket 200 is equal to 70805493
Global LD ST Cache Stride Bucket 201 is equal to 69854889
Global LD ST Cache Stride Bucket 202 is equal to 68844529
Global LD ST Cache Stride Bucket 203 is equal to 67040752
Global LD ST Cache Stride Bucket 204 is equal to 67202518
Global LD ST Cache Stride Bucket 205 is equal to 67401803
Global LD ST Cache Stride Bucket 206 is equal to 67496134
Global LD ST Cache Stride Bucket 207 is equal to 66027985
Global LD ST Cache Stride Bucket 208 is equal to 65509888
Global LD ST Cache Stride Bucket 209 is equal to 66294884
Global LD ST Cache Stride Bucket 210 is equal to 65280987
Global LD ST Cache Stride Bucket 211 is equal to 64191570
Global LD ST Cache Stride Bucket 212 is equal to 62307265
Global LD ST Cache Stride Bucket 213 is equal to 62565346
Global LD ST Cache Stride Bucket 214 is equal to 62809234
Global LD ST Cache Stride Bucket 215 is equal to 63032419
Global LD ST Cache Stride Bucket 216 is equal to 62279567
Global LD ST Cache Stride Bucket 217 is equal to 61802452
Global LD ST Cache Stride Bucket 218 is equal to 62509428
Global LD ST Cache Stride Bucket 219 is equal to 62041593
Global LD ST Cache Stride Bucket 220 is equal to 60879962
Global LD ST Cache Stride Bucket 221 is equal to 59128190
Global LD ST Cache Stride Bucket 222 is equal to 59200585
Global LD ST Cache Stride Bucket 223 is equal to 59655797
Global LD ST Cache Stride Bucket 224 is equal to 59527281
Global LD ST Cache Stride Bucket 225 is equal to 58290212
Global LD ST Cache Stride Bucket 226 is equal to 57876479
Global LD ST Cache Stride Bucket 227 is equal to 58572104
Global LD ST Cache Stride Bucket 228 is equal to 57979944
Global LD ST Cache Stride Bucket 229 is equal to 57047808
Global LD ST Cache Stride Bucket 230 is equal to 55263851
Global LD ST Cache Stride Bucket 231 is equal to 55364674
Global LD ST Cache Stride Bucket 232 is equal to 55719360
Global LD ST Cache Stride Bucket 233 is equal to 55768463
Global LD ST Cache Stride Bucket 234 is equal to 54327025
Global LD ST Cache Stride Bucket 235 is equal to 53679216
Global LD ST Cache Stride Bucket 236 is equal to 54872400
Global LD ST Cache Stride Bucket 237 is equal to 54105577
Global LD ST Cache Stride Bucket 238 is equal to 53142655
Global LD ST Cache Stride Bucket 239 is equal to 51415741
Global LD ST Cache Stride Bucket 240 is equal to 51496646
Global LD ST Cache Stride Bucket 241 is equal to 51775141
Global LD ST Cache Stride Bucket 242 is equal to 51943335
Global LD ST Cache Stride Bucket 243 is equal to 51003587
Global LD ST Cache Stride Bucket 244 is equal to 50365872
Global LD ST Cache Stride Bucket 245 is equal to 51161172
Global LD ST Cache Stride Bucket 246 is equal to 50579713
Global LD ST Cache Stride Bucket 247 is equal to 49693529
Global LD ST Cache Stride Bucket 248 is equal to 48219958
Global LD ST Cache Stride Bucket 249 is equal to 48571201
Global LD ST Cache Stride Bucket 250 is equal to 48993076
Global LD ST Cache Stride Bucket 251 is equal to 48709355
Global LD ST Cache Stride Bucket 252 is equal to 47691458
Global LD ST Cache Stride Bucket 253 is equal to 47139178
Global LD ST Cache Stride Bucket 254 is equal to 48093908
Global LD ST Cache Stride Bucket 255 is equal to 47482767
Global LD ST Cache Stride Bucket 256 is equal to 112984064564


            "-256": "121243959495",
            "-255": "55775",
            "-254": "15628",
            "-253": "1364",
            "-252": "15818",
            "-251": "148",
            "-250": "26",
            "-249": "18",
            "-248": "27148951",
            "-247": "0",
            "-246": "0",
            "-245": "0",
            "-244": "0",
            "-243": "0",
            "-242": "0",
            "-241": "0",
            "-240": "34469164",
            "-239": "0",
            "-238": "1",
            "-237": "1",
            "-236": "0",
            "-235": "1",
            "-234": "0",
            "-233": "131",
            "-232": "96081799",
            "-231": "0",
            "-230": "0",
            "-229": "0",
            "-228": "132207",
            "-227": "0",
            "-226": "0",
            "-225": "0",
            "-224": "18183835507",
            "-223": "0",
            "-222": "0",
            "-221": "0",
            "-220": "0",
            "-219": "0",
            "-218": "0",
            "-217": "0",
            "-216": "602603860",
            "-215": "131",
            "-214": "0",
            "-213": "0",
            "-212": "401",
            "-211": "0",
            "-210": "0",
            "-209": "0",
            "-208": "1273383949",
            "-207": "0",
            "-206": "0",
            "-205": "0",
            "-204": "132203",
            "-203": "0",
            "-202": "0",
            "-201": "0",
            "-200": "42109063",
            "-199": "0",
            "-198": "0",
            "-197": "0",
            "-196": "0",
            "-195": "0",
            "-194": "0",
            "-193": "0",
            "-192": "50747428",
            "-191": "0",
            "-190": "0",
            "-189": "0",
            "-188": "0",
            "-187": "0",
            "-186": "0",
            "-185": "0",
            "-184": "39255624",
            "-183": "131",
            "-182": "0",
            "-181": "0",
            "-180": "0",
            "-179": "0",
            "-178": "0",
            "-177": "381608",
            "-176": "49304369",
            "-175": "35",
            "-174": "0",
            "-173": "0",
            "-172": "0",
            "-171": "0",
            "-170": "0",
            "-169": "0",
            "-168": "83946033",
            "-167": "0",
            "-166": "0",
            "-165": "0",
            "-164": "350",
            "-163": "0",
            "-162": "0",
            "-161": "0",
            "-160": "190955430",
            "-159": "0",
            "-158": "0",
            "-157": "0",
            "-156": "2",
            "-155": "0",
            "-154": "0",
            "-153": "0",
            "-152": "58022458",
            "-151": "1",
            "-150": "0",
            "-149": "0",
            "-148": "1",
            "-147": "0",
            "-146": "0",
            "-145": "0",
            "-144": "1322196191",
            "-143": "0",
            "-142": "0",
            "-141": "381608",
            "-140": "132203",
            "-139": "0",
            "-138": "0",
            "-137": "0",
            "-136": "65649672",
            "-135": "0",
            "-134": "0",
            "-133": "0",
            "-132": "0",
            "-131": "0",
            "-130": "0",
            "-129": "0",
            "-128": "1003731567",
            "-127": "0",
            "-126": "0",
            "-125": "0",
            "-124": "132272",
            "-123": "132203",
            "-122": "0",
            "-121": "0",
            "-120": "78496477",
            "-119": "0",
            "-118": "0",
            "-117": "0",
            "-116": "132380",
            "-115": "0",
            "-114": "0",
            "-113": "0",
            "-112": "1935787890",
            "-111": "0",
            "-110": "0",
            "-109": "2",
            "-108": "169",
            "-107": "0",
            "-106": "35",
            "-105": "0",
            "-104": "93950847",
            "-103": "0",
            "-102": "33",
            "-101": "0",
            "-100": "495474",
            "-99": "0",
            "-98": "0",
            "-97": "0",
            "-96": "439252245",
            "-95": "0",
            "-94": "0",
            "-93": "0",
            "-92": "132212",
            "-91": "0",
            "-90": "0",
            "-89": "0",
            "-88": "258349245",
            "-87": "0",
            "-86": "1",
            "-85": "112536",
            "-84": "375552",
            "-83": "24657",
            "-82": "702",
            "-81": "463",
            "-80": "1096429135",
            "-79": "0",
            "-78": "0",
            "-77": "0",
            "-76": "73",
            "-75": "0",
            "-74": "0",
            "-73": "0",
            "-72": "1219659078",
            "-71": "0",
            "-70": "33",
            "-69": "0",
            "-68": "133",
            "-67": "131",
            "-66": "0",
            "-65": "0",
            "-64": "1027898864",
            "-63": "2",
            "-62": "0",
            "-61": "0",
            "-60": "0",
            "-59": "0",
            "-58": "0",
            "-57": "0",
            "-56": "7192506059",
            "-55": "0",
            "-54": "0",
            "-53": "0",
            "-52": "512",
            "-51": "1",
            "-50": "0",
            "-49": "0",
            "-48": "707992673",
            "-47": "0",
            "-46": "193292349",
            "-45": "0",
            "-44": "33",
            "-43": "1",
            "-42": "0",
            "-41": "0",
            "-40": "7969426380",
            "-39": "0",
            "-38": "264",
            "-37": "0",
            "-36": "833902063",
            "-35": "0",
            "-34": "193292349",
            "-33": "0",
            "-32": "1263252499",
            "-31": "0",
            "-30": "0",
            "-29": "0",
            "-28": "11",
            "-27": "381608",
            "-26": "0",
            "-25": "0",
            "-24": "1444833026",
            "-23": "1",
            "-22": "2",
            "-21": "0",
            "-20": "759987",
            "-19": "168",
            "-18": "0",
            "-17": "0",
            "-16": "15793726030",
            "-15": "0",
            "-14": "0",
            "-13": "0",
            "-12": "1474798307",
            "-11": "1",
            "-10": "0",
            "-9": "0",
            "-8": "22513506985",
            "-7": "0",
            "-6": "0",
            "-5": "0",
            "-4": "265479",
            "-3": "0",
            "-2": "2252",
            "-1": "5404",
            "0": "13826609475",
            "1": "1232033",
            "2": "1",
            "3": "0",
            "4": "1146558",
            "5": "0",
            "6": "6",
            "7": "0",
            "8": "10544409639",
            "9": "0",
            "10": "27",
            "11": "132203",
            "12": "641486075",
            "13": "0",
            "14": "8",
            "15": "1",
            "16": "11129268516",
            "17": "1",
            "18": "0",
            "19": "631179",
            "20": "1009212",
            "21": "0",
            "22": "510",
            "23": "0",
            "24": "3422302346",
            "25": "0",
            "26": "0",
            "27": "0",
            "28": "264414",
            "29": "0",
            "30": "0",
            "31": "2",
            "32": "7189326914",
            "33": "0",
            "34": "231",
            "35": "0",
            "36": "195285128",
            "37": "0",
            "38": "1",
            "39": "0",
            "40": "2820728798",
            "41": "0",
            "42": "0",
            "43": "0",
            "44": "577",
            "45": "0",
            "46": "0",
            "47": "35",
            "48": "1749297945",
            "49": "0",
            "50": "35",
            "51": "166",
            "52": "100",
            "53": "35",
            "54": "193292382",
            "55": "0",
            "56": "6177812809",
            "57": "0",
            "58": "0",
            "59": "35",
            "60": "1992939",
            "61": "0",
            "62": "68",
            "63": "0",
            "64": "1109420527",
            "65": "35",
            "66": "0",
            "67": "0",
            "68": "72",
            "69": "0",
            "70": "0",
            "71": "35",
            "72": "4990642668",
            "73": "0",
            "74": "0",
            "75": "0",
            "76": "337",
            "77": "0",
            "78": "0",
            "79": "0",
            "80": "1214616986",
            "81": "0",
            "82": "0",
            "83": "0",
            "84": "132374",
            "85": "0",
            "86": "0",
            "87": "0",
            "88": "916202978",
            "89": "381608",
            "90": "0",
            "91": "0",
            "92": "646029",
            "93": "0",
            "94": "0",
            "95": "0",
            "96": "648274823",
            "97": "0",
            "98": "0",
            "99": "0",
            "100": "4",
            "101": "0",
            "102": "0",
            "103": "0",
            "104": "301900777",
            "105": "0",
            "106": "0",
            "107": "0",
            "108": "103",
            "109": "0",
            "110": "0",
            "111": "0",
            "112": "286773093",
            "113": "0",
            "114": "0",
            "115": "0",
            "116": "0",
            "117": "0",
            "118": "0",
            "119": "0",
            "120": "265432581",
            "121": "0",
            "122": "0",
            "123": "0",
            "124": "132334",
            "125": "0",
            "126": "0",
            "127": "0",
            "128": "407050767",
            "129": "0",
            "130": "0",
            "131": "0",
            "132": "0",
            "133": "249405",
            "134": "0",
            "135": "0",
            "136": "691343108",
            "137": "0",
            "138": "0",
            "139": "3",
            "140": "35",
            "141": "763216",
            "142": "0",
            "143": "0",
            "144": "927991718",
            "145": "0",
            "146": "0",
            "147": "0",
            "148": "2",
            "149": "0",
            "150": "0",
            "151": "0",
            "152": "356238342",
            "153": "0",
            "154": "1",
            "155": "0",
            "156": "0",
            "157": "0",
            "158": "0",
            "159": "0",
            "160": "484225976",
            "161": "0",
            "162": "0",
            "163": "2",
            "164": "0",
            "165": "0",
            "166": "0",
            "167": "0",
            "168": "189147709",
            "169": "0",
            "170": "0",
            "171": "0",
            "172": "0",
            "173": "0",
            "174": "0",
            "175": "0",
            "176": "183423378",
            "177": "0",
            "178": "0",
            "179": "0",
            "180": "0",
            "181": "0",
            "182": "0",
            "183": "0",
            "184": "171336237",
            "185": "0",
            "186": "0",
            "187": "0",
            "188": "0",
            "189": "0",
            "190": "0",
            "191": "0",
            "192": "5741912242",
            "193": "0",
            "194": "0",
            "195": "0",
            "196": "1",
            "197": "0",
            "198": "0",
            "199": "0",
            "200": "865530629",
            "201": "0",
            "202": "0",
            "203": "0",
            "204": "35",
            "205": "0",
            "206": "0",
            "207": "0",
            "208": "885087222",
            "209": "0",
            "210": "0",
            "211": "0",
            "212": "659",
            "213": "0",
            "214": "0",
            "215": "131",
            "216": "5508409519",
            "217": "0",
            "218": "0",
            "219": "131",
            "220": "166",
            "221": "0",
            "222": "0",
            "223": "0",
            "224": "8405432353",
            "225": "0",
            "226": "0",
            "227": "0",
            "228": "5",
            "229": "3",
            "230": "3",
            "231": "7",
            "232": "303436232",
            "233": "2",
            "234": "3",
            "235": "7",
            "236": "37",
            "237": "6",
            "238": "1",
            "239": "4",
            "240": "129311089",
            "241": "2",
            "242": "2",
            "243": "0",
            "244": "1",
            "245": "0",
            "246": "0",
            "247": "0",
            "248": "122309254",
            "249": "0",
            "250": "0",
            "251": "0",
            "252": "631541",
            "253": "0",
            "254": "0",
            "255": "0",
            "256": "159867474649",


# END_DYNAMIC_STATS
