# Mix output version 2
# FINI: end of program
# EMIT_DYNAMIC_STATS FOR TID 1, ins = 997455508269
Dynamic Instruction Count = 997455508269, Dyn BBL Count = 227256678458
RAWdep[ 0] = 0
RAWdep[ 1] = 397570162702
RAWdep[ 2] = 201517535841
RAWdep[ 3] = 148869995749
RAWdep[ 4] = 64827590924
RAWdep[ 5] = 42573709808
RAWdep[ 6] = 89372626090
RAWdep[ 7] = 47325763332
RAWdep[ 8] = 22334768083
RAWdep[ 9] = 25074335630
RAWdep[ 10] = 24141118800
RAWdep[ 11] = 23779501670
RAWdep[ 12] = 7601110280
RAWdep[ 13] = 7001003535
RAWdep[ 14] = 8381719458
RAWdep[ 15] = 35410663817
RAWdep[ 16] = 9919350506
RAWdep[ 17] = 13164857717
RAWdep[ 18] = 10367946111
RAWdep[ 19] = 7275606060
RAWdep[ 20] = 6395598905
RAWdep[ 21] = 8771566404
RAWdep[ 22] = 8605530077
RAWdep[ 23] = 6060538471
RAWdep[ 24] = 13548317933
RAWdep[ 25] = 11015156103
RAWdep[ 26] = 6980035045
RAWdep[ 27] = 10571213423
RAWdep[ 28] = 4758258407
RAWdep[ 29] = 4610236541
RAWdep[ 30] = 2737662510
RAWdep[ 31] = 4794760014
RAWdep[ 32] = 1988065307
RAWdep[ 33] = 213053214459

WAWdep[ 0] = 0
WAWdep[ 1] = 138438613680
WAWdep[ 2] = 125315546580
WAWdep[ 3] = 137090268741
WAWdep[ 4] = 60648955031
WAWdep[ 5] = 35280971706
WAWdep[ 6] = 84514200433
WAWdep[ 7] = 26893897356
WAWdep[ 8] = 27191512720
WAWdep[ 9] = 12372836952
WAWdep[ 10] = 37774063887
WAWdep[ 11] = 21001894922
WAWdep[ 12] = 23962803420
WAWdep[ 13] = 12263480960
WAWdep[ 14] = 17230831552
WAWdep[ 15] = 44360375475
WAWdep[ 16] = 12958595904
WAWdep[ 17] = 24364591530
WAWdep[ 18] = 10025678869
WAWdep[ 19] = 15306969203
WAWdep[ 20] = 4143366843
WAWdep[ 21] = 21556307111
WAWdep[ 22] = 7334079155
WAWdep[ 23] = 7146000164
WAWdep[ 24] = 9439445782
WAWdep[ 25] = 10146847655
WAWdep[ 26] = 8045838722
WAWdep[ 27] = 5345264340
WAWdep[ 28] = 2874503463
WAWdep[ 29] = 1579176610
WAWdep[ 30] = 4885306512
WAWdep[ 31] = 3025740866
WAWdep[ 32] = 7707066161
WAWdep[ 33] = 66840700184

WARdep[ 0] = 373568363843
WARdep[ 1] = 113500332150
WARdep[ 2] = 82227087515
WARdep[ 3] = 66813651847
WARdep[ 4] = 47347162185
WARdep[ 5] = 26108535425
WARdep[ 6] = 15918251915
WARdep[ 7] = 17385168662
WARdep[ 8] = 16314021897
WARdep[ 9] = 21912486138
WARdep[ 10] = 17438358604
WARdep[ 11] = 22087228508
WARdep[ 12] = 22547896959
WARdep[ 13] = 18969046150
WARdep[ 14] = 9558940886
WARdep[ 15] = 7339537321
WARdep[ 16] = 12071282231
WARdep[ 17] = 11880879649
WARdep[ 18] = 21866592799
WARdep[ 19] = 9559533348
WARdep[ 20] = 5892761208
WARdep[ 21] = 8563545849
WARdep[ 22] = 3229854199
WARdep[ 23] = 2689995032
WARdep[ 24] = 2179518917
WARdep[ 25] = 2673881933
WARdep[ 26] = 2078663220
WARdep[ 27] = 1410398017
WARdep[ 28] = 4895575104
WARdep[ 29] = 4611844723
WARdep[ 30] = 2561668928
WARdep[ 31] = 1521988264
WARdep[ 32] = 2881536400
WARdep[ 33] = 47460142663


		"0": "0",
		"1": "397570162702",
		"2": "201517535841",
		"3": "148869995749",
		"4": "64827590924",
		"5": "42573709808",
		"6": "89372626090",
		"7": "47325763332",
		"8": "22334768083",
		"9": "25074335630",
		"10": "24141118800",
		"11": "23779501670",
		"12": "7601110280",
		"13": "7001003535",
		"14": "8381719458",
		"15": "35410663817",
		"16": "9919350506",
		"17": "13164857717",
		"18": "10367946111",
		"19": "7275606060",
		"20": "6395598905",
		"21": "8771566404",
		"22": "8605530077",
		"23": "6060538471",
		"24": "13548317933",
		"25": "11015156103",
		"26": "6980035045",
		"27": "10571213423",
		"28": "4758258407",
		"29": "4610236541",
		"30": "2737662510",
		"31": "4794760014",
		"32": "1988065307",
		"33": "213053214459",


# END_DYNAMIC_STATS
