# Branch output version 3
Dynamic_Instruction_Count: 100101505
Dynamic_Conditional_Branch_Count: 10384464
Dynamic_Unconditional_Branch_Count: 5639049
Total_Taken_Branches: 10159708
Total_Branch_Transitions: 2793369

Local Branch Stats (Total Count; Taken Count; Transition Count)
1064 239 395
825 140 250
1064 798 531
266 0 0
266 265 2
1 1 0
239 238 2
1 0 0
140 6 12
134 61 45
266 0 0
266 0 0
266 0 0
266 0 0
266 266 0
9044 0 0
9044 0 0
9044 0 0
9044 0 0
9310 9044 531
266 0 0
266 0 0
266 130 259
130 130 0
1 0 0
1 0 0
1 0 0
1 0 0
266 0 0
266 136 259
130 0 0
266 136 259
130 0 0
272 272 0
272 0 0
272 272 0
272 0 0
272 0 0
272 272 0
272 0 0
272 0 0
272 272 0
136 136 0
136 0 0
30068 8322 12015
27194 1417 2833
49096 30068 16174
21902 20735 2330
2584 2448 271
8322 5448 2604
136 136 0
39773 134 268
39639 0 0
39639 2 4
39636 972 1676
38800 34730 272
4070 14 28
60473 267 533
403 137 271
267 267 0
137 1 2
267 0 0
267 1 2
266 266 0
1 0 0
136 136 0
136 0 0
136 136 0
136 0 0
136 0 0
136 0 0
136 0 0
136 0 0
136 136 0
136 136 0
136 0 0
136 136 0
136 0 0
136 136 0
136 0 0
136 0 0
227 216 17
11 2 3
9 0 0
9 4 3
5 0 0
5 0 0
5 0 0
5 4 1
1 0 0
4 1 1
3 0 0
3 0 0
6 3 4
4 3 1
1 0 0
1 0 0
1 0 0
1 0 0
4 1 1
3 0 0
3 0 0
6 3 4
4 3 1
2 2 0
4 4 0
4 4 0
144114 91894 38054
52220 316 612
51904 181 346
51723 169 330
1064 266 531
798 309 289
289 122 157
656 289 358
1064 798 531
4 1 1
3 3 0
4 3 1
136 0 0
4795 102 204
8322 4795 3633
3527 3493 67
140 83 57
140 94 44
140 45 52
140 134 12
140 82 54
58 1 2
57 7 10
50 0 0
50 1 2
45 12 10
33 0 0
33 3 5
30 0 0
94 0 0
94 25 13
69 0 0
69 0 0
83 9 10
74 1 2
73 4 6
69 0 0
4564 1141 2281
3423 847 1059
1900 440 564
4036 1900 2612
4564 3423 2281
4564 1307 2271
4564 3423 2281
14996 3749 7497
11247 2557 3618
6190 1736 2352
13144 6190 8838
14996 11247 7497
3749 2442 810
38800 1141 2200
150636 37659 75317
112977 28800 36674
59956 13777 18656
130356 59956 84784
150636 112977 75317
150636 93286 61160
150636 112977 75317
37659 425 806
93286 46175 45805
47111 0 0
47111 8394 13262
38717 21906 19429
32998 7917 11777
32998 8158 11565
32998 8232 11814
32998 16811 8085
32998 24999 12001
7999 1496 1918
6503 1081 1844
5422 0 0
5422 793 1313
46175 39628 10760
45076 11269 22537
33807 11317 11582
15408 3564 4850
34334 15408 22504
45076 33807 22537
11269 4722 3473
5084 1271 2541
3813 1319 1593
1391 626 660
3259 1391 2054
5084 3813 2541
1271 846 849
8232 1280 1912
6952 0 0
6952 530 821
6422 129 224
8158 0 0
8158 1363 2110
6795 295 488
6500 501 900
7917 1779 2728
6138 544 828
5594 433 776
5161 0 0
35428 7604 11151
35428 6256 9758
35428 6939 10483
35428 21906 6832
35428 27182 12024
8246 1515 1882
6731 1155 1808
5576 0 0
5576 784 1322
6939 1825 2458
5114 0 0
5114 1272 1786
3842 190 318
6256 0 0
6256 1544 2144
4712 712 1048
4000 928 1403
7604 1455 2121
6149 727 1150
5422 1232 1866
4190 0 0
8322 5417 2636
2905 858 876
2047 2028 34
858 12 24
192690 142194 63284
50496 14051 19939
36445 35154 1980
14051 856 1259
103049 65187 39620
65187 5617 9201
63579 18815 24800
44764 4207 6752
44110 8966 13625
35144 3394 5249
34534 5671 8644
28863 3160 4840
28505 3089 5084
25416 7350 9354
70268 8997 17296
61271 19830 26490
67792 52202 31179
8997 0 0
1391 409 226
9979 1391 2466
8588 982 1622
19830 10723 8006
35670 18441 14736
67167 22457 36337
65673 49938 31469
34176 26563 9566
7613 7613 0
22457 11494 16172
5078 3584 1254
12457 5078 5840
7379 1494 2394
5617 4009 2026
4207 3553 948
3394 2784 891
3160 2802 556
230179 29373 58705
308064 205495 125824
102569 55109 31746
77885 68750 17810
55109 2784 5068
53689 45631 12322
42011 2066 3832
41266 34941 9938
35016 1544 2820
34294 29239 8052
29802 1178 2198
29414 25398 6574
26931 14541 12279
47862 6611 12528
41251 7908 11955
45615 10143 20285
6611 0 0
1049 71 120
7589 1049 2076
6540 978 1620
7908 3308 3352
10867 4006 3794
25880 9942 15179
24611 19019 11183
9598 6267 3241
3331 3331 0
9942 4983 7097
2054 785 575
6228 2054 3153
4174 1269 1867
2784 1364 1452
2066 1321 967
1544 822 775
1178 790 495
34941 28691 9760
45631 33953 16080
29239 24747 6928
25398 22915 4117
38509 35588 5496
141 131 18
3178 22 42
3156 10 16
3146 1310 1396
2078 961 945
1310 686 621
714 53 90
661 56 82
3037 247 456
1310 242 356
961 193 268
686 90 149
452 67 120
452 60 114
452 68 127
452 59 106
89429 50528 37903
89429 56938 35734
89429 59607 36802
89429 65821 31577
154036 40914 58107
154036 115527 77017
40914 30601 13875
10313 10313 0
10313 6034 4094
101116 52075 52141
101116 75837 50557
25279 14966 8222
10313 7128 3558
3185 263 500
2922 0 0
52075 46828 8517
5247 23 10
5224 3257 2262
2458 491 812
1967 1547 596
3677 3677 0
4377 700 770
3677 945 1295
2732 844 1038
1888 944 813
944 944 0
700 700 0
16145 5832 5400
10313 2607 3788
7706 2483 3172
5223 2413 2502
2810 2810 0
5832 5832 0
272 272 0
272 137 219
135 135 0
272 0 0
272 137 219
272 272 0
272 137 219
135 0 0
135 135 0
39772 0 0
403 305 195
305 302 6
806 0 0
92779 46388 46381
46391 0 0
46391 46391 0
47666 1427 2760
92630 22 44
92608 23023 28826
69585 24621 17408
46388 0 0
46388 0 0
93220 24 48
93196 22886 28596
70310 46034 18096
47186 46832 698
354 0 0
2514 24 48
2844 2 4
2842 1274 1361
1568 330 458
2409 19 36
3817 0 0
3817 1166 1320
2651 1408 624
1427 1427 0
39773 839 1676
38934 38934 0
92779 43 44
92736 69552 46367
59496 22255 33823
37241 36312 1858
22255 0 0
38934 425 806
38508 8561 12769
90629 60682 45565
29947 342 668
29605 0 0
90101 672 1062
422248 82412 146111
339836 332819 14034
89429 61727 32788
90101 60496 45369
29605 13060 12982
16545 12759 5300
5273 0 0
5273 1487 2081
16545 16545 0
1 1 0
266 0 0
266 266 0
266 266 0
59976 38074 11844
59976 59840 271
136 0 0
238347 0 0
403 302 54
403 136 272
267 0 0
267 200 54
136 34 54
267 0 0
267 267 0
60206 0 0
60473 0 0
60473 18381 4273
60473 59320 1677
60473 60206 533
267 0 0
267 131 261
136 34 54
7183 34 67
7684 7183 930
501 501 0
131 33 52
7491 33 65
7491 7006 884
22246 98 195
22246 20795 2606
23052 102 203
23052 21549 2764
1 1 0
1 1 0
1 1 0
227 1 1
227 1 1
226 212 26
226 224 4
1 1 0
227 1 1
227 0 0
227 0 0
227 1 2
226 9 13
217 0 0
1 0 0
1 0 0
1 0 0
137 0 0
137 137 0
1370 139 275
1 0 0
1 0 0
1 0 0
1 1 0
249 249 0
249 139 219
249 249 0
249 0 0
249 1 2
1370 1233 273
816 0 0
816 0 0
816 0 0
816 0 0
816 548 491
268 0 0
268 0 0
268 0 0
268 268 0
268 0 0
268 158 220
110 110 0
268 268 0
268 0 0
268 158 220
110 110 0
548 0 0
548 548 0
548 0 0
548 548 0
548 0 0
548 0 0
548 0 0
548 0 0
548 546 2
2 0 0
2 0 0
2 0 0
2 2 0
548 0 0
548 140 273
408 0 0
408 0 0
408 0 0
408 1 2
407 407 0
548 0 0
548 2 2
548 548 0
548 548 0
548 0 0
548 0 0
548 0 0
548 548 0
548 0 0
407 0 0
407 0 0
407 136 272
136 136 0
548 548 0
1043 0 0
1043 548 274
495 476 38
19 19 0
19 0 0
1024 545 274
479 231 2
248 0 0
248 0 0
248 248 0
824 0 0
545 545 0
545 408 271
1075 0 0
1851 418 834
1433 0 0
1433 0 0
1433 1204 4
229 227 4
1214 139 275
1075 255 276
820 272 543
628 276 543
352 0 0
352 272 160
272 80 159
192 0 0
272 272 0
272 0 0
272 272 0
80 0 0
227 3 3
224 5 9
219 46 5
219 219 0
418 409 4
577 433 284
144 0 0
144 141 4
3 0 0
3 2 1
1 0 0
1 1 0
6834 0 0
7411 6834 1131
577 418 286
139 0 0
19 19 0
409 273 272
136 136 0
418 0 0
418 0 0
418 0 0
418 0 0
418 4 8
414 278 271
418 417 2
1 0 0
417 0 0
417 409 4
417 5 4
278 0 0
278 0 0
278 0 0
1043 0 0
1043 0 0
1043 1043 0
1043 0 0
1043 0 0
1043 1043 0
1043 0 0
1043 0 0
1043 0 0
1043 0 0
816 0 0
816 0 0
816 0 0
816 816 0
1224 0 0
1224 0 0
1224 1224 0
1224 0 0
1224 0 0
1224 0 0
16048 14824 2447
679 395 362
284 0 0
284 218 125
395 328 129
328 328 0
218 0 0
218 218 0
328 0 0
2624 2296 655
1734 1516 435
1043 0 0
