# Mix output version 2
# FINI: end of program
# EMIT_DYNAMIC_STATS FOR TID 1
# instructions = 100101505, basic blocks = 16030107
Local Byte Stride Bucket -256 is equal to 1826843
Local Byte Stride Bucket -255 is equal to 5
Local Byte Stride Bucket -254 is equal to 5890
Local Byte Stride Bucket -253 is equal to 8
Local Byte Stride Bucket -252 is equal to 22295
Local Byte Stride Bucket -251 is equal to 9
Local Byte Stride Bucket -250 is equal to 6284
Local Byte Stride Bucket -249 is equal to 19
Local Byte Stride Bucket -248 is equal to 16060
Local Byte Stride Bucket -247 is equal to 1
Local Byte Stride Bucket -246 is equal to 5425
Local Byte Stride Bucket -245 is equal to 5
Local Byte Stride Bucket -244 is equal to 11374
Local Byte Stride Bucket -243 is equal to 2
Local Byte Stride Bucket -242 is equal to 4891
Local Byte Stride Bucket -240 is equal to 11025
Local Byte Stride Bucket -239 is equal to 3
Local Byte Stride Bucket -238 is equal to 5128
Local Byte Stride Bucket -237 is equal to 2
Local Byte Stride Bucket -236 is equal to 8432
Local Byte Stride Bucket -235 is equal to 5
Local Byte Stride Bucket -234 is equal to 4661
Local Byte Stride Bucket -233 is equal to 6
Local Byte Stride Bucket -232 is equal to 8021
Local Byte Stride Bucket -231 is equal to 3
Local Byte Stride Bucket -230 is equal to 18884
Local Byte Stride Bucket -229 is equal to 4
Local Byte Stride Bucket -228 is equal to 7513
Local Byte Stride Bucket -227 is equal to 4
Local Byte Stride Bucket -226 is equal to 4990
Local Byte Stride Bucket -225 is equal to 4
Local Byte Stride Bucket -224 is equal to 33767
Local Byte Stride Bucket -223 is equal to 3
Local Byte Stride Bucket -222 is equal to 5599
Local Byte Stride Bucket -221 is equal to 3
Local Byte Stride Bucket -220 is equal to 7863
Local Byte Stride Bucket -219 is equal to 2
Local Byte Stride Bucket -218 is equal to 5230
Local Byte Stride Bucket -217 is equal to 3
Local Byte Stride Bucket -216 is equal to 9716
Local Byte Stride Bucket -215 is equal to 24
Local Byte Stride Bucket -214 is equal to 6888
Local Byte Stride Bucket -213 is equal to 19
Local Byte Stride Bucket -212 is equal to 9569
Local Byte Stride Bucket -211 is equal to 4
Local Byte Stride Bucket -210 is equal to 6923
Local Byte Stride Bucket -209 is equal to 7
Local Byte Stride Bucket -208 is equal to 9951
Local Byte Stride Bucket -207 is equal to 24
Local Byte Stride Bucket -206 is equal to 6464
Local Byte Stride Bucket -205 is equal to 4
Local Byte Stride Bucket -204 is equal to 10132
Local Byte Stride Bucket -203 is equal to 5
Local Byte Stride Bucket -202 is equal to 5120
Local Byte Stride Bucket -201 is equal to 3
Local Byte Stride Bucket -200 is equal to 8652
Local Byte Stride Bucket -199 is equal to 12
Local Byte Stride Bucket -198 is equal to 5802
Local Byte Stride Bucket -197 is equal to 3
Local Byte Stride Bucket -196 is equal to 8675
Local Byte Stride Bucket -195 is equal to 6
Local Byte Stride Bucket -194 is equal to 5066
Local Byte Stride Bucket -193 is equal to 22
Local Byte Stride Bucket -192 is equal to 20397
Local Byte Stride Bucket -191 is equal to 21
Local Byte Stride Bucket -190 is equal to 9824
Local Byte Stride Bucket -189 is equal to 3
Local Byte Stride Bucket -188 is equal to 8242
Local Byte Stride Bucket -187 is equal to 2
Local Byte Stride Bucket -186 is equal to 5349
Local Byte Stride Bucket -185 is equal to 10
Local Byte Stride Bucket -184 is equal to 11122
Local Byte Stride Bucket -183 is equal to 15
Local Byte Stride Bucket -182 is equal to 5456
Local Byte Stride Bucket -181 is equal to 9
Local Byte Stride Bucket -180 is equal to 16698
Local Byte Stride Bucket -179 is equal to 2
Local Byte Stride Bucket -178 is equal to 5272
Local Byte Stride Bucket -177 is equal to 10
Local Byte Stride Bucket -176 is equal to 21960
Local Byte Stride Bucket -175 is equal to 15
Local Byte Stride Bucket -174 is equal to 6446
Local Byte Stride Bucket -173 is equal to 1
Local Byte Stride Bucket -172 is equal to 30638
Local Byte Stride Bucket -171 is equal to 4
Local Byte Stride Bucket -170 is equal to 8625
Local Byte Stride Bucket -169 is equal to 7
Local Byte Stride Bucket -168 is equal to 36762
Local Byte Stride Bucket -167 is equal to 8
Local Byte Stride Bucket -166 is equal to 9158
Local Byte Stride Bucket -165 is equal to 3
Local Byte Stride Bucket -164 is equal to 33504
Local Byte Stride Bucket -162 is equal to 6946
Local Byte Stride Bucket -160 is equal to 80999
Local Byte Stride Bucket -159 is equal to 3
Local Byte Stride Bucket -158 is equal to 5523
Local Byte Stride Bucket -157 is equal to 1
Local Byte Stride Bucket -156 is equal to 11760
Local Byte Stride Bucket -155 is equal to 15
Local Byte Stride Bucket -154 is equal to 6820
Local Byte Stride Bucket -153 is equal to 1
Local Byte Stride Bucket -152 is equal to 10668
Local Byte Stride Bucket -151 is equal to 4
Local Byte Stride Bucket -150 is equal to 5362
Local Byte Stride Bucket -149 is equal to 1
Local Byte Stride Bucket -148 is equal to 9287
Local Byte Stride Bucket -147 is equal to 3
Local Byte Stride Bucket -146 is equal to 5219
Local Byte Stride Bucket -145 is equal to 5
Local Byte Stride Bucket -144 is equal to 9620
Local Byte Stride Bucket -143 is equal to 7
Local Byte Stride Bucket -142 is equal to 5846
Local Byte Stride Bucket -141 is equal to 1
Local Byte Stride Bucket -140 is equal to 9078
Local Byte Stride Bucket -138 is equal to 6125
Local Byte Stride Bucket -137 is equal to 4
Local Byte Stride Bucket -136 is equal to 17342
Local Byte Stride Bucket -135 is equal to 8
Local Byte Stride Bucket -134 is equal to 7424
Local Byte Stride Bucket -133 is equal to 6
Local Byte Stride Bucket -132 is equal to 13909
Local Byte Stride Bucket -131 is equal to 23
Local Byte Stride Bucket -130 is equal to 13181
Local Byte Stride Bucket -129 is equal to 13
Local Byte Stride Bucket -128 is equal to 56754
Local Byte Stride Bucket -127 is equal to 14
Local Byte Stride Bucket -126 is equal to 22983
Local Byte Stride Bucket -125 is equal to 9
Local Byte Stride Bucket -124 is equal to 19829
Local Byte Stride Bucket -123 is equal to 2
Local Byte Stride Bucket -122 is equal to 10808
Local Byte Stride Bucket -121 is equal to 4
Local Byte Stride Bucket -120 is equal to 13725
Local Byte Stride Bucket -119 is equal to 4
Local Byte Stride Bucket -118 is equal to 7816
Local Byte Stride Bucket -117 is equal to 2
Local Byte Stride Bucket -116 is equal to 13299
Local Byte Stride Bucket -115 is equal to 6
Local Byte Stride Bucket -114 is equal to 6623
Local Byte Stride Bucket -113 is equal to 8
Local Byte Stride Bucket -112 is equal to 10943
Local Byte Stride Bucket -111 is equal to 1
Local Byte Stride Bucket -110 is equal to 5927
Local Byte Stride Bucket -109 is equal to 4
Local Byte Stride Bucket -108 is equal to 10359
Local Byte Stride Bucket -107 is equal to 6
Local Byte Stride Bucket -106 is equal to 5957
Local Byte Stride Bucket -105 is equal to 14
Local Byte Stride Bucket -104 is equal to 10340
Local Byte Stride Bucket -103 is equal to 9
Local Byte Stride Bucket -102 is equal to 7126
Local Byte Stride Bucket -101 is equal to 5
Local Byte Stride Bucket -100 is equal to 11712
Local Byte Stride Bucket -99 is equal to 2
Local Byte Stride Bucket -98 is equal to 8971
Local Byte Stride Bucket -97 is equal to 9
Local Byte Stride Bucket -96 is equal to 18816
Local Byte Stride Bucket -95 is equal to 3
Local Byte Stride Bucket -94 is equal to 8445
Local Byte Stride Bucket -93 is equal to 7
Local Byte Stride Bucket -92 is equal to 28547
Local Byte Stride Bucket -91 is equal to 11
Local Byte Stride Bucket -90 is equal to 16155
Local Byte Stride Bucket -89 is equal to 25
Local Byte Stride Bucket -88 is equal to 220270
Local Byte Stride Bucket -87 is equal to 4
Local Byte Stride Bucket -86 is equal to 33024
Local Byte Stride Bucket -85 is equal to 3
Local Byte Stride Bucket -84 is equal to 101785
Local Byte Stride Bucket -83 is equal to 11
Local Byte Stride Bucket -82 is equal to 37199
Local Byte Stride Bucket -81 is equal to 7
Local Byte Stride Bucket -80 is equal to 58659
Local Byte Stride Bucket -79 is equal to 5
Local Byte Stride Bucket -78 is equal to 11712
Local Byte Stride Bucket -77 is equal to 8
Local Byte Stride Bucket -76 is equal to 31916
Local Byte Stride Bucket -75 is equal to 3
Local Byte Stride Bucket -74 is equal to 8178
Local Byte Stride Bucket -73 is equal to 19
Local Byte Stride Bucket -72 is equal to 17778
Local Byte Stride Bucket -71 is equal to 8
Local Byte Stride Bucket -70 is equal to 7673
Local Byte Stride Bucket -69 is equal to 9
Local Byte Stride Bucket -68 is equal to 13055
Local Byte Stride Bucket -67 is equal to 32
Local Byte Stride Bucket -66 is equal to 7188
Local Byte Stride Bucket -65 is equal to 24
Local Byte Stride Bucket -64 is equal to 429634
Local Byte Stride Bucket -63 is equal to 14
Local Byte Stride Bucket -62 is equal to 7504
Local Byte Stride Bucket -61 is equal to 8
Local Byte Stride Bucket -60 is equal to 11256
Local Byte Stride Bucket -59 is equal to 9
Local Byte Stride Bucket -58 is equal to 7639
Local Byte Stride Bucket -57 is equal to 14
Local Byte Stride Bucket -56 is equal to 14374
Local Byte Stride Bucket -55 is equal to 11
Local Byte Stride Bucket -54 is equal to 10205
Local Byte Stride Bucket -53 is equal to 4
Local Byte Stride Bucket -52 is equal to 13589
Local Byte Stride Bucket -51 is equal to 9
Local Byte Stride Bucket -50 is equal to 11208
Local Byte Stride Bucket -49 is equal to 16
Local Byte Stride Bucket -48 is equal to 25224
Local Byte Stride Bucket -47 is equal to 6
Local Byte Stride Bucket -46 is equal to 33702
Local Byte Stride Bucket -45 is equal to 6
Local Byte Stride Bucket -44 is equal to 226577
Local Byte Stride Bucket -43 is equal to 9
Local Byte Stride Bucket -42 is equal to 102876
Local Byte Stride Bucket -41 is equal to 4
Local Byte Stride Bucket -40 is equal to 63907
Local Byte Stride Bucket -39 is equal to 7
Local Byte Stride Bucket -38 is equal to 34201
Local Byte Stride Bucket -37 is equal to 5
Local Byte Stride Bucket -36 is equal to 19414
Local Byte Stride Bucket -35 is equal to 2
Local Byte Stride Bucket -34 is equal to 11800
Local Byte Stride Bucket -33 is equal to 12
Local Byte Stride Bucket -32 is equal to 50536
Local Byte Stride Bucket -31 is equal to 21
Local Byte Stride Bucket -30 is equal to 8862
Local Byte Stride Bucket -29 is equal to 24
Local Byte Stride Bucket -28 is equal to 76527
Local Byte Stride Bucket -27 is equal to 159
Local Byte Stride Bucket -26 is equal to 8299
Local Byte Stride Bucket -25 is equal to 14
Local Byte Stride Bucket -24 is equal to 112437
Local Byte Stride Bucket -23 is equal to 5
Local Byte Stride Bucket -22 is equal to 8163
Local Byte Stride Bucket -21 is equal to 9
Local Byte Stride Bucket -20 is equal to 39698
Local Byte Stride Bucket -19 is equal to 43
Local Byte Stride Bucket -18 is equal to 9146
Local Byte Stride Bucket -17 is equal to 13
Local Byte Stride Bucket -16 is equal to 63970
Local Byte Stride Bucket -15 is equal to 52
Local Byte Stride Bucket -14 is equal to 9229
Local Byte Stride Bucket -13 is equal to 23
Local Byte Stride Bucket -12 is equal to 282549
Local Byte Stride Bucket -11 is equal to 39
Local Byte Stride Bucket -10 is equal to 9823
Local Byte Stride Bucket -9 is equal to 15
Local Byte Stride Bucket -8 is equal to 196577
Local Byte Stride Bucket -7 is equal to 87
Local Byte Stride Bucket -6 is equal to 20145
Local Byte Stride Bucket -5 is equal to 130
Local Byte Stride Bucket -4 is equal to 388581
Local Byte Stride Bucket -3 is equal to 138
Local Byte Stride Bucket -2 is equal to 162302
Local Byte Stride Bucket -1 is equal to 36
Local Byte Stride Bucket 0 is equal to 21600752
Local Byte Stride Bucket 1 is equal to 68
Local Byte Stride Bucket 2 is equal to 327213
Local Byte Stride Bucket 3 is equal to 11
Local Byte Stride Bucket 4 is equal to 2311812
Local Byte Stride Bucket 5 is equal to 45
Local Byte Stride Bucket 6 is equal to 18135
Local Byte Stride Bucket 7 is equal to 52
Local Byte Stride Bucket 8 is equal to 441075
Local Byte Stride Bucket 9 is equal to 16
Local Byte Stride Bucket 10 is equal to 8935
Local Byte Stride Bucket 11 is equal to 17
Local Byte Stride Bucket 12 is equal to 39171
Local Byte Stride Bucket 13 is equal to 34
Local Byte Stride Bucket 14 is equal to 8874
Local Byte Stride Bucket 15 is equal to 30
Local Byte Stride Bucket 16 is equal to 30728
Local Byte Stride Bucket 17 is equal to 35
Local Byte Stride Bucket 18 is equal to 8463
Local Byte Stride Bucket 19 is equal to 35
Local Byte Stride Bucket 20 is equal to 23166
Local Byte Stride Bucket 21 is equal to 15
Local Byte Stride Bucket 22 is equal to 8431
Local Byte Stride Bucket 23 is equal to 7
Local Byte Stride Bucket 24 is equal to 46051
Local Byte Stride Bucket 25 is equal to 13
Local Byte Stride Bucket 26 is equal to 8659
Local Byte Stride Bucket 27 is equal to 7
Local Byte Stride Bucket 28 is equal to 20511
Local Byte Stride Bucket 29 is equal to 15
Local Byte Stride Bucket 30 is equal to 8565
Local Byte Stride Bucket 31 is equal to 8
Local Byte Stride Bucket 32 is equal to 14610
Local Byte Stride Bucket 33 is equal to 3
Local Byte Stride Bucket 34 is equal to 10726
Local Byte Stride Bucket 35 is equal to 4
Local Byte Stride Bucket 36 is equal to 17926
Local Byte Stride Bucket 37 is equal to 9
Local Byte Stride Bucket 38 is equal to 99380
Local Byte Stride Bucket 39 is equal to 3
Local Byte Stride Bucket 40 is equal to 277217
Local Byte Stride Bucket 41 is equal to 6
Local Byte Stride Bucket 42 is equal to 166349
Local Byte Stride Bucket 43 is equal to 5
Local Byte Stride Bucket 44 is equal to 256221
Local Byte Stride Bucket 45 is equal to 2
Local Byte Stride Bucket 46 is equal to 43291
Local Byte Stride Bucket 47 is equal to 5
Local Byte Stride Bucket 48 is equal to 21560
Local Byte Stride Bucket 49 is equal to 8
Local Byte Stride Bucket 50 is equal to 10086
Local Byte Stride Bucket 51 is equal to 6
Local Byte Stride Bucket 52 is equal to 12363
Local Byte Stride Bucket 53 is equal to 5
Local Byte Stride Bucket 54 is equal to 8975
Local Byte Stride Bucket 55 is equal to 4
Local Byte Stride Bucket 56 is equal to 13074
Local Byte Stride Bucket 57 is equal to 4
Local Byte Stride Bucket 58 is equal to 7608
Local Byte Stride Bucket 59 is equal to 3
Local Byte Stride Bucket 60 is equal to 11147
Local Byte Stride Bucket 61 is equal to 13
Local Byte Stride Bucket 62 is equal to 7935
Local Byte Stride Bucket 63 is equal to 27
Local Byte Stride Bucket 64 is equal to 320768
Local Byte Stride Bucket 65 is equal to 47
Local Byte Stride Bucket 66 is equal to 7208
Local Byte Stride Bucket 67 is equal to 11
Local Byte Stride Bucket 68 is equal to 11656
Local Byte Stride Bucket 69 is equal to 8
Local Byte Stride Bucket 70 is equal to 7535
Local Byte Stride Bucket 71 is equal to 4
Local Byte Stride Bucket 72 is equal to 14059
Local Byte Stride Bucket 73 is equal to 8
Local Byte Stride Bucket 74 is equal to 8100
Local Byte Stride Bucket 75 is equal to 3
Local Byte Stride Bucket 76 is equal to 188906
Local Byte Stride Bucket 77 is equal to 4
Local Byte Stride Bucket 78 is equal to 11585
Local Byte Stride Bucket 79 is equal to 9
Local Byte Stride Bucket 80 is equal to 257857
Local Byte Stride Bucket 81 is equal to 8
Local Byte Stride Bucket 82 is equal to 38725
Local Byte Stride Bucket 83 is equal to 2
Local Byte Stride Bucket 84 is equal to 274808
Local Byte Stride Bucket 85 is equal to 7
Local Byte Stride Bucket 86 is equal to 31871
Local Byte Stride Bucket 87 is equal to 1
Local Byte Stride Bucket 88 is equal to 213823
Local Byte Stride Bucket 89 is equal to 2
Local Byte Stride Bucket 90 is equal to 12157
Local Byte Stride Bucket 91 is equal to 2
Local Byte Stride Bucket 92 is equal to 34520
Local Byte Stride Bucket 93 is equal to 3
Local Byte Stride Bucket 94 is equal to 7921
Local Byte Stride Bucket 95 is equal to 1
Local Byte Stride Bucket 96 is equal to 12405
Local Byte Stride Bucket 97 is equal to 6
Local Byte Stride Bucket 98 is equal to 8773
Local Byte Stride Bucket 99 is equal to 2
Local Byte Stride Bucket 100 is equal to 10491
Local Byte Stride Bucket 101 is equal to 5
Local Byte Stride Bucket 102 is equal to 6919
Local Byte Stride Bucket 103 is equal to 1
Local Byte Stride Bucket 104 is equal to 9580
Local Byte Stride Bucket 105 is equal to 6
Local Byte Stride Bucket 106 is equal to 6180
Local Byte Stride Bucket 107 is equal to 1
Local Byte Stride Bucket 108 is equal to 9651
Local Byte Stride Bucket 109 is equal to 1
Local Byte Stride Bucket 110 is equal to 5926
Local Byte Stride Bucket 111 is equal to 2
Local Byte Stride Bucket 112 is equal to 10163
Local Byte Stride Bucket 113 is equal to 2
Local Byte Stride Bucket 114 is equal to 6734
Local Byte Stride Bucket 115 is equal to 2
Local Byte Stride Bucket 116 is equal to 13254
Local Byte Stride Bucket 117 is equal to 2
Local Byte Stride Bucket 118 is equal to 8389
Local Byte Stride Bucket 119 is equal to 1
Local Byte Stride Bucket 120 is equal to 13622
Local Byte Stride Bucket 121 is equal to 3
Local Byte Stride Bucket 122 is equal to 10561
Local Byte Stride Bucket 123 is equal to 8
Local Byte Stride Bucket 124 is equal to 17501
Local Byte Stride Bucket 125 is equal to 2
Local Byte Stride Bucket 126 is equal to 16783
Local Byte Stride Bucket 127 is equal to 17
Local Byte Stride Bucket 128 is equal to 59532
Local Byte Stride Bucket 129 is equal to 7
Local Byte Stride Bucket 130 is equal to 8849
Local Byte Stride Bucket 131 is equal to 2
Local Byte Stride Bucket 132 is equal to 12525
Local Byte Stride Bucket 133 is equal to 4
Local Byte Stride Bucket 134 is equal to 7670
Local Byte Stride Bucket 135 is equal to 2
Local Byte Stride Bucket 136 is equal to 18485
Local Byte Stride Bucket 137 is equal to 2
Local Byte Stride Bucket 138 is equal to 5800
Local Byte Stride Bucket 139 is equal to 4
Local Byte Stride Bucket 140 is equal to 9025
Local Byte Stride Bucket 141 is equal to 1
Local Byte Stride Bucket 142 is equal to 6122
Local Byte Stride Bucket 143 is equal to 5
Local Byte Stride Bucket 144 is equal to 8688
Local Byte Stride Bucket 145 is equal to 3
Local Byte Stride Bucket 146 is equal to 5298
Local Byte Stride Bucket 147 is equal to 2
Local Byte Stride Bucket 148 is equal to 9562
Local Byte Stride Bucket 149 is equal to 3
Local Byte Stride Bucket 150 is equal to 5319
Local Byte Stride Bucket 151 is equal to 1
Local Byte Stride Bucket 152 is equal to 10165
Local Byte Stride Bucket 153 is equal to 1
Local Byte Stride Bucket 154 is equal to 6596
Local Byte Stride Bucket 155 is equal to 3
Local Byte Stride Bucket 156 is equal to 10450
Local Byte Stride Bucket 157 is equal to 5
Local Byte Stride Bucket 158 is equal to 5204
Local Byte Stride Bucket 159 is equal to 1
Local Byte Stride Bucket 160 is equal to 84936
Local Byte Stride Bucket 161 is equal to 2
Local Byte Stride Bucket 162 is equal to 7315
Local Byte Stride Bucket 163 is equal to 2
Local Byte Stride Bucket 164 is equal to 35000
Local Byte Stride Bucket 165 is equal to 4
Local Byte Stride Bucket 166 is equal to 9213
Local Byte Stride Bucket 167 is equal to 9
Local Byte Stride Bucket 168 is equal to 44132
Local Byte Stride Bucket 169 is equal to 2
Local Byte Stride Bucket 170 is equal to 7866
Local Byte Stride Bucket 171 is equal to 2
Local Byte Stride Bucket 172 is equal to 26783
Local Byte Stride Bucket 173 is equal to 1
Local Byte Stride Bucket 174 is equal to 6026
Local Byte Stride Bucket 175 is equal to 2
Local Byte Stride Bucket 176 is equal to 18484
Local Byte Stride Bucket 177 is equal to 8
Local Byte Stride Bucket 178 is equal to 5112
Local Byte Stride Bucket 179 is equal to 2
Local Byte Stride Bucket 180 is equal to 10231
Local Byte Stride Bucket 181 is equal to 2
Local Byte Stride Bucket 182 is equal to 5243
Local Byte Stride Bucket 183 is equal to 6
Local Byte Stride Bucket 184 is equal to 9989
Local Byte Stride Bucket 186 is equal to 4973
Local Byte Stride Bucket 187 is equal to 9
Local Byte Stride Bucket 188 is equal to 7627
Local Byte Stride Bucket 189 is equal to 3
Local Byte Stride Bucket 190 is equal to 10167
Local Byte Stride Bucket 191 is equal to 9
Local Byte Stride Bucket 192 is equal to 9414
Local Byte Stride Bucket 193 is equal to 6
Local Byte Stride Bucket 194 is equal to 4961
Local Byte Stride Bucket 195 is equal to 4
Local Byte Stride Bucket 196 is equal to 8160
Local Byte Stride Bucket 197 is equal to 4
Local Byte Stride Bucket 198 is equal to 5646
Local Byte Stride Bucket 199 is equal to 1
Local Byte Stride Bucket 200 is equal to 8801
Local Byte Stride Bucket 201 is equal to 1
Local Byte Stride Bucket 202 is equal to 4998
Local Byte Stride Bucket 203 is equal to 3
Local Byte Stride Bucket 204 is equal to 10104
Local Byte Stride Bucket 205 is equal to 7
Local Byte Stride Bucket 206 is equal to 6405
Local Byte Stride Bucket 207 is equal to 8
Local Byte Stride Bucket 208 is equal to 10127
Local Byte Stride Bucket 209 is equal to 3
Local Byte Stride Bucket 210 is equal to 7110
Local Byte Stride Bucket 211 is equal to 1
Local Byte Stride Bucket 212 is equal to 9463
Local Byte Stride Bucket 214 is equal to 6792
Local Byte Stride Bucket 215 is equal to 6
Local Byte Stride Bucket 216 is equal to 9054
Local Byte Stride Bucket 217 is equal to 5
Local Byte Stride Bucket 218 is equal to 5145
Local Byte Stride Bucket 219 is equal to 5
Local Byte Stride Bucket 220 is equal to 7901
Local Byte Stride Bucket 222 is equal to 5085
Local Byte Stride Bucket 223 is equal to 1
Local Byte Stride Bucket 224 is equal to 34781
Local Byte Stride Bucket 225 is equal to 3
Local Byte Stride Bucket 226 is equal to 5029
Local Byte Stride Bucket 227 is equal to 5
Local Byte Stride Bucket 228 is equal to 7454
Local Byte Stride Bucket 229 is equal to 11
Local Byte Stride Bucket 230 is equal to 18679
Local Byte Stride Bucket 231 is equal to 6
Local Byte Stride Bucket 232 is equal to 7357
Local Byte Stride Bucket 233 is equal to 1
Local Byte Stride Bucket 234 is equal to 4724
Local Byte Stride Bucket 235 is equal to 1
Local Byte Stride Bucket 236 is equal to 8385
Local Byte Stride Bucket 237 is equal to 5
Local Byte Stride Bucket 238 is equal to 4896
Local Byte Stride Bucket 239 is equal to 2
Local Byte Stride Bucket 240 is equal to 11299
Local Byte Stride Bucket 241 is equal to 8
Local Byte Stride Bucket 242 is equal to 4864
Local Byte Stride Bucket 243 is equal to 3
Local Byte Stride Bucket 244 is equal to 10628
Local Byte Stride Bucket 245 is equal to 8
Local Byte Stride Bucket 246 is equal to 5467
Local Byte Stride Bucket 247 is equal to 3
Local Byte Stride Bucket 248 is equal to 12685
Local Byte Stride Bucket 249 is equal to 10
Local Byte Stride Bucket 250 is equal to 5715
Local Byte Stride Bucket 251 is equal to 11
Local Byte Stride Bucket 252 is equal to 16859
Local Byte Stride Bucket 253 is equal to 22
Local Byte Stride Bucket 254 is equal to 5863
Local Byte Stride Bucket 255 is equal to 6
Local Byte Stride Bucket 256 is equal to 1718158

Local Cache Stride Bucket -256 is equal to 191612
Local Cache Stride Bucket -255 is equal to 139
Local Cache Stride Bucket -254 is equal to 87
Local Cache Stride Bucket -253 is equal to 111
Local Cache Stride Bucket -252 is equal to 231
Local Cache Stride Bucket -251 is equal to 81
Local Cache Stride Bucket -250 is equal to 54
Local Cache Stride Bucket -249 is equal to 134
Local Cache Stride Bucket -248 is equal to 104
Local Cache Stride Bucket -247 is equal to 63
Local Cache Stride Bucket -246 is equal to 129
Local Cache Stride Bucket -245 is equal to 67
Local Cache Stride Bucket -244 is equal to 115
Local Cache Stride Bucket -243 is equal to 121
Local Cache Stride Bucket -242 is equal to 117
Local Cache Stride Bucket -241 is equal to 133
Local Cache Stride Bucket -240 is equal to 207
Local Cache Stride Bucket -239 is equal to 70
Local Cache Stride Bucket -238 is equal to 52
Local Cache Stride Bucket -237 is equal to 62
Local Cache Stride Bucket -236 is equal to 79
Local Cache Stride Bucket -235 is equal to 68
Local Cache Stride Bucket -234 is equal to 33
Local Cache Stride Bucket -233 is equal to 57
Local Cache Stride Bucket -232 is equal to 71
Local Cache Stride Bucket -231 is equal to 33
Local Cache Stride Bucket -230 is equal to 41
Local Cache Stride Bucket -229 is equal to 38
Local Cache Stride Bucket -228 is equal to 74
Local Cache Stride Bucket -227 is equal to 52
Local Cache Stride Bucket -226 is equal to 82
Local Cache Stride Bucket -225 is equal to 90
Local Cache Stride Bucket -224 is equal to 118
Local Cache Stride Bucket -223 is equal to 66
Local Cache Stride Bucket -222 is equal to 57
Local Cache Stride Bucket -221 is equal to 56
Local Cache Stride Bucket -220 is equal to 55
Local Cache Stride Bucket -219 is equal to 44
Local Cache Stride Bucket -218 is equal to 52
Local Cache Stride Bucket -217 is equal to 70
Local Cache Stride Bucket -216 is equal to 60
Local Cache Stride Bucket -215 is equal to 34
Local Cache Stride Bucket -214 is equal to 36
Local Cache Stride Bucket -213 is equal to 49
Local Cache Stride Bucket -212 is equal to 59
Local Cache Stride Bucket -211 is equal to 34
Local Cache Stride Bucket -210 is equal to 50
Local Cache Stride Bucket -209 is equal to 69
Local Cache Stride Bucket -208 is equal to 114
Local Cache Stride Bucket -207 is equal to 53
Local Cache Stride Bucket -206 is equal to 56
Local Cache Stride Bucket -205 is equal to 58
Local Cache Stride Bucket -204 is equal to 622
Local Cache Stride Bucket -203 is equal to 582
Local Cache Stride Bucket -202 is equal to 26
Local Cache Stride Bucket -201 is equal to 44
Local Cache Stride Bucket -200 is equal to 39
Local Cache Stride Bucket -199 is equal to 33
Local Cache Stride Bucket -198 is equal to 35
Local Cache Stride Bucket -197 is equal to 58
Local Cache Stride Bucket -196 is equal to 72
Local Cache Stride Bucket -195 is equal to 59
Local Cache Stride Bucket -194 is equal to 50
Local Cache Stride Bucket -193 is equal to 101
Local Cache Stride Bucket -192 is equal to 426
Local Cache Stride Bucket -191 is equal to 74
Local Cache Stride Bucket -190 is equal to 46
Local Cache Stride Bucket -189 is equal to 55
Local Cache Stride Bucket -188 is equal to 109
Local Cache Stride Bucket -187 is equal to 54
Local Cache Stride Bucket -186 is equal to 32
Local Cache Stride Bucket -185 is equal to 43
Local Cache Stride Bucket -184 is equal to 86
Local Cache Stride Bucket -183 is equal to 63
Local Cache Stride Bucket -182 is equal to 60
Local Cache Stride Bucket -181 is equal to 43
Local Cache Stride Bucket -180 is equal to 49
Local Cache Stride Bucket -179 is equal to 117
Local Cache Stride Bucket -178 is equal to 56
Local Cache Stride Bucket -177 is equal to 101
Local Cache Stride Bucket -176 is equal to 104
Local Cache Stride Bucket -175 is equal to 198
Local Cache Stride Bucket -174 is equal to 57
Local Cache Stride Bucket -173 is equal to 46
Local Cache Stride Bucket -172 is equal to 136
Local Cache Stride Bucket -171 is equal to 49
Local Cache Stride Bucket -170 is equal to 37
Local Cache Stride Bucket -169 is equal to 40
Local Cache Stride Bucket -168 is equal to 42
Local Cache Stride Bucket -167 is equal to 57
Local Cache Stride Bucket -166 is equal to 54
Local Cache Stride Bucket -165 is equal to 34
Local Cache Stride Bucket -164 is equal to 42
Local Cache Stride Bucket -163 is equal to 52
Local Cache Stride Bucket -162 is equal to 84
Local Cache Stride Bucket -161 is equal to 91
Local Cache Stride Bucket -160 is equal to 115
Local Cache Stride Bucket -159 is equal to 58
Local Cache Stride Bucket -158 is equal to 47
Local Cache Stride Bucket -157 is equal to 57
Local Cache Stride Bucket -156 is equal to 41
Local Cache Stride Bucket -155 is equal to 63
Local Cache Stride Bucket -154 is equal to 45
Local Cache Stride Bucket -153 is equal to 44
Local Cache Stride Bucket -152 is equal to 58
Local Cache Stride Bucket -151 is equal to 47
Local Cache Stride Bucket -150 is equal to 49
Local Cache Stride Bucket -149 is equal to 68
Local Cache Stride Bucket -148 is equal to 57
Local Cache Stride Bucket -147 is equal to 64
Local Cache Stride Bucket -146 is equal to 80
Local Cache Stride Bucket -145 is equal to 95
Local Cache Stride Bucket -144 is equal to 81
Local Cache Stride Bucket -143 is equal to 89
Local Cache Stride Bucket -142 is equal to 39
Local Cache Stride Bucket -141 is equal to 67
Local Cache Stride Bucket -140 is equal to 64
Local Cache Stride Bucket -139 is equal to 56
Local Cache Stride Bucket -138 is equal to 42
Local Cache Stride Bucket -137 is equal to 51
Local Cache Stride Bucket -136 is equal to 60
Local Cache Stride Bucket -135 is equal to 27
Local Cache Stride Bucket -134 is equal to 47
Local Cache Stride Bucket -133 is equal to 63
Local Cache Stride Bucket -132 is equal to 119
Local Cache Stride Bucket -131 is equal to 56
Local Cache Stride Bucket -130 is equal to 94
Local Cache Stride Bucket -129 is equal to 1232
Local Cache Stride Bucket -128 is equal to 1426
Local Cache Stride Bucket -127 is equal to 101
Local Cache Stride Bucket -126 is equal to 68
Local Cache Stride Bucket -125 is equal to 34
Local Cache Stride Bucket -124 is equal to 111
Local Cache Stride Bucket -123 is equal to 54
Local Cache Stride Bucket -122 is equal to 59
Local Cache Stride Bucket -121 is equal to 41
Local Cache Stride Bucket -120 is equal to 102
Local Cache Stride Bucket -119 is equal to 42
Local Cache Stride Bucket -118 is equal to 338
Local Cache Stride Bucket -117 is equal to 847
Local Cache Stride Bucket -116 is equal to 49
Local Cache Stride Bucket -115 is equal to 84
Local Cache Stride Bucket -114 is equal to 77
Local Cache Stride Bucket -113 is equal to 66
Local Cache Stride Bucket -112 is equal to 180
Local Cache Stride Bucket -111 is equal to 120
Local Cache Stride Bucket -110 is equal to 314
Local Cache Stride Bucket -109 is equal to 61
Local Cache Stride Bucket -108 is equal to 356
Local Cache Stride Bucket -107 is equal to 881
Local Cache Stride Bucket -106 is equal to 33
Local Cache Stride Bucket -105 is equal to 38
Local Cache Stride Bucket -104 is equal to 50
Local Cache Stride Bucket -103 is equal to 62
Local Cache Stride Bucket -102 is equal to 41
Local Cache Stride Bucket -101 is equal to 43
Local Cache Stride Bucket -100 is equal to 43
Local Cache Stride Bucket -99 is equal to 86
Local Cache Stride Bucket -98 is equal to 86
Local Cache Stride Bucket -97 is equal to 96
Local Cache Stride Bucket -96 is equal to 261
Local Cache Stride Bucket -95 is equal to 67
Local Cache Stride Bucket -94 is equal to 82
Local Cache Stride Bucket -93 is equal to 83
Local Cache Stride Bucket -92 is equal to 125
Local Cache Stride Bucket -91 is equal to 59
Local Cache Stride Bucket -90 is equal to 76
Local Cache Stride Bucket -89 is equal to 61
Local Cache Stride Bucket -88 is equal to 109
Local Cache Stride Bucket -87 is equal to 74
Local Cache Stride Bucket -86 is equal to 70
Local Cache Stride Bucket -85 is equal to 78
Local Cache Stride Bucket -84 is equal to 86
Local Cache Stride Bucket -83 is equal to 86
Local Cache Stride Bucket -82 is equal to 113
Local Cache Stride Bucket -81 is equal to 121
Local Cache Stride Bucket -80 is equal to 237
Local Cache Stride Bucket -79 is equal to 122
Local Cache Stride Bucket -78 is equal to 97
Local Cache Stride Bucket -77 is equal to 80
Local Cache Stride Bucket -76 is equal to 139
Local Cache Stride Bucket -75 is equal to 93
Local Cache Stride Bucket -74 is equal to 62
Local Cache Stride Bucket -73 is equal to 65
Local Cache Stride Bucket -72 is equal to 99
Local Cache Stride Bucket -71 is equal to 109
Local Cache Stride Bucket -70 is equal to 102
Local Cache Stride Bucket -69 is equal to 101
Local Cache Stride Bucket -68 is equal to 154
Local Cache Stride Bucket -67 is equal to 132
Local Cache Stride Bucket -66 is equal to 160
Local Cache Stride Bucket -65 is equal to 183
Local Cache Stride Bucket -64 is equal to 321
Local Cache Stride Bucket -63 is equal to 130
Local Cache Stride Bucket -62 is equal to 76
Local Cache Stride Bucket -61 is equal to 84
Local Cache Stride Bucket -60 is equal to 161
Local Cache Stride Bucket -59 is equal to 95
Local Cache Stride Bucket -58 is equal to 51
Local Cache Stride Bucket -57 is equal to 71
Local Cache Stride Bucket -56 is equal to 93
Local Cache Stride Bucket -55 is equal to 51
Local Cache Stride Bucket -54 is equal to 80
Local Cache Stride Bucket -53 is equal to 73
Local Cache Stride Bucket -52 is equal to 71
Local Cache Stride Bucket -51 is equal to 93
Local Cache Stride Bucket -50 is equal to 177
Local Cache Stride Bucket -49 is equal to 180
Local Cache Stride Bucket -48 is equal to 416
Local Cache Stride Bucket -47 is equal to 91
Local Cache Stride Bucket -46 is equal to 69
Local Cache Stride Bucket -45 is equal to 98
Local Cache Stride Bucket -44 is equal to 156
Local Cache Stride Bucket -43 is equal to 89
Local Cache Stride Bucket -42 is equal to 52
Local Cache Stride Bucket -41 is equal to 81
Local Cache Stride Bucket -40 is equal to 87
Local Cache Stride Bucket -39 is equal to 87
Local Cache Stride Bucket -38 is equal to 101
Local Cache Stride Bucket -37 is equal to 96
Local Cache Stride Bucket -36 is equal to 67
Local Cache Stride Bucket -35 is equal to 106
Local Cache Stride Bucket -34 is equal to 157
Local Cache Stride Bucket -33 is equal to 198
Local Cache Stride Bucket -32 is equal to 384
Local Cache Stride Bucket -31 is equal to 175
Local Cache Stride Bucket -30 is equal to 188
Local Cache Stride Bucket -29 is equal to 102
Local Cache Stride Bucket -28 is equal to 141
Local Cache Stride Bucket -27 is equal to 202
Local Cache Stride Bucket -26 is equal to 327
Local Cache Stride Bucket -25 is equal to 1471
Local Cache Stride Bucket -24 is equal to 8824
Local Cache Stride Bucket -23 is equal to 12783
Local Cache Stride Bucket -22 is equal to 13578
Local Cache Stride Bucket -21 is equal to 13227
Local Cache Stride Bucket -20 is equal to 13425
Local Cache Stride Bucket -19 is equal to 17304
Local Cache Stride Bucket -18 is equal to 17856
Local Cache Stride Bucket -17 is equal to 21311
Local Cache Stride Bucket -16 is equal to 24889
Local Cache Stride Bucket -15 is equal to 27565
Local Cache Stride Bucket -14 is equal to 34734
Local Cache Stride Bucket -13 is equal to 51677
Local Cache Stride Bucket -12 is equal to 71547
Local Cache Stride Bucket -11 is equal to 105635
Local Cache Stride Bucket -10 is equal to 121250
Local Cache Stride Bucket -9 is equal to 126645
Local Cache Stride Bucket -8 is equal to 171083
Local Cache Stride Bucket -7 is equal to 178578
Local Cache Stride Bucket -6 is equal to 198984
Local Cache Stride Bucket -5 is equal to 230304
Local Cache Stride Bucket -4 is equal to 309210
Local Cache Stride Bucket -3 is equal to 369305
Local Cache Stride Bucket -2 is equal to 597424
Local Cache Stride Bucket -1 is equal to 1664315
Local Cache Stride Bucket 0 is equal to 26117577
Local Cache Stride Bucket 1 is equal to 2191164
Local Cache Stride Bucket 2 is equal to 713267
Local Cache Stride Bucket 3 is equal to 351186
Local Cache Stride Bucket 4 is equal to 272506
Local Cache Stride Bucket 5 is equal to 212281
Local Cache Stride Bucket 6 is equal to 190269
Local Cache Stride Bucket 7 is equal to 171677
Local Cache Stride Bucket 8 is equal to 164796
Local Cache Stride Bucket 9 is equal to 123531
Local Cache Stride Bucket 10 is equal to 118105
Local Cache Stride Bucket 11 is equal to 100496
Local Cache Stride Bucket 12 is equal to 64687
Local Cache Stride Bucket 13 is equal to 49522
Local Cache Stride Bucket 14 is equal to 39817
Local Cache Stride Bucket 15 is equal to 26164
Local Cache Stride Bucket 16 is equal to 23818
Local Cache Stride Bucket 17 is equal to 20745
Local Cache Stride Bucket 18 is equal to 17653
Local Cache Stride Bucket 19 is equal to 19916
Local Cache Stride Bucket 20 is equal to 13208
Local Cache Stride Bucket 21 is equal to 13149
Local Cache Stride Bucket 22 is equal to 12376
Local Cache Stride Bucket 23 is equal to 9520
Local Cache Stride Bucket 24 is equal to 5519
Local Cache Stride Bucket 25 is equal to 778
Local Cache Stride Bucket 26 is equal to 95
Local Cache Stride Bucket 27 is equal to 851
Local Cache Stride Bucket 28 is equal to 1446
Local Cache Stride Bucket 29 is equal to 66
Local Cache Stride Bucket 30 is equal to 94
Local Cache Stride Bucket 31 is equal to 123
Local Cache Stride Bucket 32 is equal to 176
Local Cache Stride Bucket 33 is equal to 144
Local Cache Stride Bucket 34 is equal to 138
Local Cache Stride Bucket 35 is equal to 76
Local Cache Stride Bucket 36 is equal to 66
Local Cache Stride Bucket 37 is equal to 54
Local Cache Stride Bucket 38 is equal to 72
Local Cache Stride Bucket 39 is equal to 59
Local Cache Stride Bucket 40 is equal to 80
Local Cache Stride Bucket 41 is equal to 90
Local Cache Stride Bucket 42 is equal to 50
Local Cache Stride Bucket 43 is equal to 64
Local Cache Stride Bucket 44 is equal to 50
Local Cache Stride Bucket 45 is equal to 50
Local Cache Stride Bucket 46 is equal to 60
Local Cache Stride Bucket 47 is equal to 121
Local Cache Stride Bucket 48 is equal to 132
Local Cache Stride Bucket 49 is equal to 107
Local Cache Stride Bucket 50 is equal to 103
Local Cache Stride Bucket 51 is equal to 108
Local Cache Stride Bucket 52 is equal to 110
Local Cache Stride Bucket 53 is equal to 88
Local Cache Stride Bucket 54 is equal to 53
Local Cache Stride Bucket 55 is equal to 57
Local Cache Stride Bucket 56 is equal to 99
Local Cache Stride Bucket 57 is equal to 110
Local Cache Stride Bucket 58 is equal to 98
Local Cache Stride Bucket 59 is equal to 88
Local Cache Stride Bucket 60 is equal to 141
Local Cache Stride Bucket 61 is equal to 138
Local Cache Stride Bucket 62 is equal to 113
Local Cache Stride Bucket 63 is equal to 158
Local Cache Stride Bucket 64 is equal to 390
Local Cache Stride Bucket 65 is equal to 161
Local Cache Stride Bucket 66 is equal to 90
Local Cache Stride Bucket 67 is equal to 95
Local Cache Stride Bucket 68 is equal to 133
Local Cache Stride Bucket 69 is equal to 81
Local Cache Stride Bucket 70 is equal to 69
Local Cache Stride Bucket 71 is equal to 74
Local Cache Stride Bucket 72 is equal to 143
Local Cache Stride Bucket 73 is equal to 69
Local Cache Stride Bucket 74 is equal to 50
Local Cache Stride Bucket 75 is equal to 93
Local Cache Stride Bucket 76 is equal to 106
Local Cache Stride Bucket 77 is equal to 94
Local Cache Stride Bucket 78 is equal to 78
Local Cache Stride Bucket 79 is equal to 117
Local Cache Stride Bucket 80 is equal to 151
Local Cache Stride Bucket 81 is equal to 167
Local Cache Stride Bucket 82 is equal to 74
Local Cache Stride Bucket 83 is equal to 94
Local Cache Stride Bucket 84 is equal to 93
Local Cache Stride Bucket 85 is equal to 80
Local Cache Stride Bucket 86 is equal to 225
Local Cache Stride Bucket 87 is equal to 53
Local Cache Stride Bucket 88 is equal to 75
Local Cache Stride Bucket 89 is equal to 84
Local Cache Stride Bucket 90 is equal to 58
Local Cache Stride Bucket 91 is equal to 54
Local Cache Stride Bucket 92 is equal to 75
Local Cache Stride Bucket 93 is equal to 52
Local Cache Stride Bucket 94 is equal to 99
Local Cache Stride Bucket 95 is equal to 67
Local Cache Stride Bucket 96 is equal to 110
Local Cache Stride Bucket 97 is equal to 94
Local Cache Stride Bucket 98 is equal to 62
Local Cache Stride Bucket 99 is equal to 50
Local Cache Stride Bucket 100 is equal to 56
Local Cache Stride Bucket 101 is equal to 40
Local Cache Stride Bucket 102 is equal to 58
Local Cache Stride Bucket 103 is equal to 50
Local Cache Stride Bucket 104 is equal to 107
Local Cache Stride Bucket 105 is equal to 96
Local Cache Stride Bucket 106 is equal to 40
Local Cache Stride Bucket 107 is equal to 57
Local Cache Stride Bucket 108 is equal to 71
Local Cache Stride Bucket 109 is equal to 50
Local Cache Stride Bucket 110 is equal to 282
Local Cache Stride Bucket 111 is equal to 75
Local Cache Stride Bucket 112 is equal to 125
Local Cache Stride Bucket 113 is equal to 57
Local Cache Stride Bucket 114 is equal to 48
Local Cache Stride Bucket 115 is equal to 58
Local Cache Stride Bucket 116 is equal to 77
Local Cache Stride Bucket 117 is equal to 46
Local Cache Stride Bucket 118 is equal to 31
Local Cache Stride Bucket 119 is equal to 35
Local Cache Stride Bucket 120 is equal to 66
Local Cache Stride Bucket 121 is equal to 28
Local Cache Stride Bucket 122 is equal to 64
Local Cache Stride Bucket 123 is equal to 33
Local Cache Stride Bucket 124 is equal to 79
Local Cache Stride Bucket 125 is equal to 62
Local Cache Stride Bucket 126 is equal to 88
Local Cache Stride Bucket 127 is equal to 88
Local Cache Stride Bucket 128 is equal to 287
Local Cache Stride Bucket 129 is equal to 103
Local Cache Stride Bucket 130 is equal to 82
Local Cache Stride Bucket 131 is equal to 53
Local Cache Stride Bucket 132 is equal to 230
Local Cache Stride Bucket 133 is equal to 44
Local Cache Stride Bucket 134 is equal to 60
Local Cache Stride Bucket 135 is equal to 37
Local Cache Stride Bucket 136 is equal to 73
Local Cache Stride Bucket 137 is equal to 56
Local Cache Stride Bucket 138 is equal to 53
Local Cache Stride Bucket 139 is equal to 42
Local Cache Stride Bucket 140 is equal to 26
Local Cache Stride Bucket 141 is equal to 37
Local Cache Stride Bucket 142 is equal to 25
Local Cache Stride Bucket 143 is equal to 72
Local Cache Stride Bucket 144 is equal to 103
Local Cache Stride Bucket 145 is equal to 140
Local Cache Stride Bucket 146 is equal to 42
Local Cache Stride Bucket 147 is equal to 73
Local Cache Stride Bucket 148 is equal to 94
Local Cache Stride Bucket 149 is equal to 65
Local Cache Stride Bucket 150 is equal to 52
Local Cache Stride Bucket 151 is equal to 43
Local Cache Stride Bucket 152 is equal to 58
Local Cache Stride Bucket 153 is equal to 87
Local Cache Stride Bucket 154 is equal to 39
Local Cache Stride Bucket 155 is equal to 67
Local Cache Stride Bucket 156 is equal to 34
Local Cache Stride Bucket 157 is equal to 53
Local Cache Stride Bucket 158 is equal to 71
Local Cache Stride Bucket 159 is equal to 81
Local Cache Stride Bucket 160 is equal to 111
Local Cache Stride Bucket 161 is equal to 92
Local Cache Stride Bucket 162 is equal to 65
Local Cache Stride Bucket 163 is equal to 77
Local Cache Stride Bucket 164 is equal to 78
Local Cache Stride Bucket 165 is equal to 49
Local Cache Stride Bucket 166 is equal to 61
Local Cache Stride Bucket 167 is equal to 39
Local Cache Stride Bucket 168 is equal to 52
Local Cache Stride Bucket 169 is equal to 59
Local Cache Stride Bucket 170 is equal to 41
Local Cache Stride Bucket 171 is equal to 58
Local Cache Stride Bucket 172 is equal to 53
Local Cache Stride Bucket 173 is equal to 62
Local Cache Stride Bucket 174 is equal to 83
Local Cache Stride Bucket 175 is equal to 84
Local Cache Stride Bucket 176 is equal to 90
Local Cache Stride Bucket 177 is equal to 81
Local Cache Stride Bucket 178 is equal to 91
Local Cache Stride Bucket 179 is equal to 81
Local Cache Stride Bucket 180 is equal to 80
Local Cache Stride Bucket 181 is equal to 35
Local Cache Stride Bucket 182 is equal to 50
Local Cache Stride Bucket 183 is equal to 58
Local Cache Stride Bucket 184 is equal to 60
Local Cache Stride Bucket 185 is equal to 37
Local Cache Stride Bucket 186 is equal to 29
Local Cache Stride Bucket 187 is equal to 36
Local Cache Stride Bucket 188 is equal to 78
Local Cache Stride Bucket 189 is equal to 55
Local Cache Stride Bucket 190 is equal to 63
Local Cache Stride Bucket 191 is equal to 94
Local Cache Stride Bucket 192 is equal to 107
Local Cache Stride Bucket 193 is equal to 74
Local Cache Stride Bucket 194 is equal to 51
Local Cache Stride Bucket 195 is equal to 99
Local Cache Stride Bucket 196 is equal to 108
Local Cache Stride Bucket 197 is equal to 81
Local Cache Stride Bucket 198 is equal to 34
Local Cache Stride Bucket 199 is equal to 31
Local Cache Stride Bucket 200 is equal to 43
Local Cache Stride Bucket 201 is equal to 45
Local Cache Stride Bucket 202 is equal to 39
Local Cache Stride Bucket 203 is equal to 47
Local Cache Stride Bucket 204 is equal to 43
Local Cache Stride Bucket 205 is equal to 73
Local Cache Stride Bucket 206 is equal to 53
Local Cache Stride Bucket 207 is equal to 84
Local Cache Stride Bucket 208 is equal to 116
Local Cache Stride Bucket 209 is equal to 54
Local Cache Stride Bucket 210 is equal to 591
Local Cache Stride Bucket 211 is equal to 454
Local Cache Stride Bucket 212 is equal to 95
Local Cache Stride Bucket 213 is equal to 52
Local Cache Stride Bucket 214 is equal to 52
Local Cache Stride Bucket 215 is equal to 51
Local Cache Stride Bucket 216 is equal to 57
Local Cache Stride Bucket 217 is equal to 108
Local Cache Stride Bucket 218 is equal to 75
Local Cache Stride Bucket 219 is equal to 35
Local Cache Stride Bucket 220 is equal to 56
Local Cache Stride Bucket 221 is equal to 83
Local Cache Stride Bucket 222 is equal to 69
Local Cache Stride Bucket 223 is equal to 47
Local Cache Stride Bucket 224 is equal to 71
Local Cache Stride Bucket 225 is equal to 46
Local Cache Stride Bucket 226 is equal to 67
Local Cache Stride Bucket 227 is equal to 50
Local Cache Stride Bucket 228 is equal to 81
Local Cache Stride Bucket 229 is equal to 48
Local Cache Stride Bucket 230 is equal to 61
Local Cache Stride Bucket 231 is equal to 64
Local Cache Stride Bucket 232 is equal to 69
Local Cache Stride Bucket 233 is equal to 58
Local Cache Stride Bucket 234 is equal to 51
Local Cache Stride Bucket 235 is equal to 59
Local Cache Stride Bucket 236 is equal to 67
Local Cache Stride Bucket 237 is equal to 104
Local Cache Stride Bucket 238 is equal to 98
Local Cache Stride Bucket 239 is equal to 103
Local Cache Stride Bucket 240 is equal to 112
Local Cache Stride Bucket 241 is equal to 89
Local Cache Stride Bucket 242 is equal to 66
Local Cache Stride Bucket 243 is equal to 157
Local Cache Stride Bucket 244 is equal to 239
Local Cache Stride Bucket 245 is equal to 102
Local Cache Stride Bucket 246 is equal to 70
Local Cache Stride Bucket 247 is equal to 72
Local Cache Stride Bucket 248 is equal to 113
Local Cache Stride Bucket 249 is equal to 69
Local Cache Stride Bucket 250 is equal to 51
Local Cache Stride Bucket 251 is equal to 67
Local Cache Stride Bucket 252 is equal to 195
Local Cache Stride Bucket 253 is equal to 141
Local Cache Stride Bucket 254 is equal to 167
Local Cache Stride Bucket 255 is equal to 199
Local Cache Stride Bucket 256 is equal to 179408


Global LD ST Byte Stride Bucket -256 is equal to 10124748
Global LD ST Byte Stride Bucket -254 is equal to 1000
Global LD ST Byte Stride Bucket -252 is equal to 1027
Global LD ST Byte Stride Bucket -250 is equal to 748
Global LD ST Byte Stride Bucket -248 is equal to 3359
Global LD ST Byte Stride Bucket -246 is equal to 425
Global LD ST Byte Stride Bucket -244 is equal to 890
Global LD ST Byte Stride Bucket -242 is equal to 775
Global LD ST Byte Stride Bucket -240 is equal to 601
Global LD ST Byte Stride Bucket -238 is equal to 555
Global LD ST Byte Stride Bucket -236 is equal to 411
Global LD ST Byte Stride Bucket -234 is equal to 464
Global LD ST Byte Stride Bucket -232 is equal to 203
Global LD ST Byte Stride Bucket -230 is equal to 630
Global LD ST Byte Stride Bucket -228 is equal to 1383
Global LD ST Byte Stride Bucket -226 is equal to 627
Global LD ST Byte Stride Bucket -224 is equal to 819
Global LD ST Byte Stride Bucket -222 is equal to 454
Global LD ST Byte Stride Bucket -220 is equal to 398
Global LD ST Byte Stride Bucket -218 is equal to 754
Global LD ST Byte Stride Bucket -216 is equal to 2619
Global LD ST Byte Stride Bucket -214 is equal to 405
Global LD ST Byte Stride Bucket -212 is equal to 703
Global LD ST Byte Stride Bucket -210 is equal to 916
Global LD ST Byte Stride Bucket -208 is equal to 1176
Global LD ST Byte Stride Bucket -206 is equal to 764
Global LD ST Byte Stride Bucket -204 is equal to 629
Global LD ST Byte Stride Bucket -202 is equal to 679
Global LD ST Byte Stride Bucket -200 is equal to 432
Global LD ST Byte Stride Bucket -198 is equal to 388
Global LD ST Byte Stride Bucket -196 is equal to 307
Global LD ST Byte Stride Bucket -194 is equal to 343
Global LD ST Byte Stride Bucket -192 is equal to 355
Global LD ST Byte Stride Bucket -190 is equal to 633
Global LD ST Byte Stride Bucket -188 is equal to 10941
Global LD ST Byte Stride Bucket -186 is equal to 603
Global LD ST Byte Stride Bucket -184 is equal to 5242
Global LD ST Byte Stride Bucket -182 is equal to 623
Global LD ST Byte Stride Bucket -180 is equal to 414
Global LD ST Byte Stride Bucket -178 is equal to 512
Global LD ST Byte Stride Bucket -176 is equal to 261937
Global LD ST Byte Stride Bucket -174 is equal to 771
Global LD ST Byte Stride Bucket -172 is equal to 682
Global LD ST Byte Stride Bucket -170 is equal to 780
Global LD ST Byte Stride Bucket -168 is equal to 59912
Global LD ST Byte Stride Bucket -166 is equal to 822
Global LD ST Byte Stride Bucket -164 is equal to 2002
Global LD ST Byte Stride Bucket -162 is equal to 935
Global LD ST Byte Stride Bucket -160 is equal to 6936
Global LD ST Byte Stride Bucket -158 is equal to 465
Global LD ST Byte Stride Bucket -156 is equal to 418
Global LD ST Byte Stride Bucket -154 is equal to 380
Global LD ST Byte Stride Bucket -152 is equal to 400
Global LD ST Byte Stride Bucket -150 is equal to 634
Global LD ST Byte Stride Bucket -148 is equal to 381
Global LD ST Byte Stride Bucket -146 is equal to 557
Global LD ST Byte Stride Bucket -144 is equal to 1173
Global LD ST Byte Stride Bucket -142 is equal to 477
Global LD ST Byte Stride Bucket -140 is equal to 835
Global LD ST Byte Stride Bucket -138 is equal to 484
Global LD ST Byte Stride Bucket -136 is equal to 860
Global LD ST Byte Stride Bucket -134 is equal to 1282
Global LD ST Byte Stride Bucket -132 is equal to 1265
Global LD ST Byte Stride Bucket -130 is equal to 800
Global LD ST Byte Stride Bucket -128 is equal to 2675
Global LD ST Byte Stride Bucket -126 is equal to 1774
Global LD ST Byte Stride Bucket -124 is equal to 5145
Global LD ST Byte Stride Bucket -122 is equal to 1226
Global LD ST Byte Stride Bucket -120 is equal to 20941
Global LD ST Byte Stride Bucket -118 is equal to 590
Global LD ST Byte Stride Bucket -116 is equal to 14013
Global LD ST Byte Stride Bucket -114 is equal to 764
Global LD ST Byte Stride Bucket -112 is equal to 13444
Global LD ST Byte Stride Bucket -110 is equal to 762
Global LD ST Byte Stride Bucket -108 is equal to 9762
Global LD ST Byte Stride Bucket -106 is equal to 603
Global LD ST Byte Stride Bucket -104 is equal to 8007
Global LD ST Byte Stride Bucket -102 is equal to 515
Global LD ST Byte Stride Bucket -100 is equal to 5011
Global LD ST Byte Stride Bucket -98 is equal to 935
Global LD ST Byte Stride Bucket -96 is equal to 2127
Global LD ST Byte Stride Bucket -94 is equal to 993
Global LD ST Byte Stride Bucket -92 is equal to 6778
Global LD ST Byte Stride Bucket -90 is equal to 1123
Global LD ST Byte Stride Bucket -88 is equal to 62962
Global LD ST Byte Stride Bucket -86 is equal to 2332
Global LD ST Byte Stride Bucket -84 is equal to 12860
Global LD ST Byte Stride Bucket -82 is equal to 2215
Global LD ST Byte Stride Bucket -80 is equal to 89761
Global LD ST Byte Stride Bucket -78 is equal to 1186
Global LD ST Byte Stride Bucket -76 is equal to 6077
Global LD ST Byte Stride Bucket -74 is equal to 714
Global LD ST Byte Stride Bucket -72 is equal to 10242
Global LD ST Byte Stride Bucket -70 is equal to 568
Global LD ST Byte Stride Bucket -68 is equal to 10073
Global LD ST Byte Stride Bucket -66 is equal to 751
Global LD ST Byte Stride Bucket -64 is equal to 19965
Global LD ST Byte Stride Bucket -62 is equal to 697
Global LD ST Byte Stride Bucket -60 is equal to 59559
Global LD ST Byte Stride Bucket -58 is equal to 537
Global LD ST Byte Stride Bucket -56 is equal to 155947
Global LD ST Byte Stride Bucket -54 is equal to 429
Global LD ST Byte Stride Bucket -52 is equal to 134951
Global LD ST Byte Stride Bucket -50 is equal to 795
Global LD ST Byte Stride Bucket -48 is equal to 21151
Global LD ST Byte Stride Bucket -46 is equal to 1930
Global LD ST Byte Stride Bucket -44 is equal to 51990
Global LD ST Byte Stride Bucket -42 is equal to 27002
Global LD ST Byte Stride Bucket -40 is equal to 66547
Global LD ST Byte Stride Bucket -38 is equal to 2200
Global LD ST Byte Stride Bucket -36 is equal to 82401
Global LD ST Byte Stride Bucket -34 is equal to 757
Global LD ST Byte Stride Bucket -32 is equal to 208379
Global LD ST Byte Stride Bucket -30 is equal to 376
Global LD ST Byte Stride Bucket -28 is equal to 30290
Global LD ST Byte Stride Bucket -26 is equal to 309
Global LD ST Byte Stride Bucket -24 is equal to 239794
Global LD ST Byte Stride Bucket -22 is equal to 311
Global LD ST Byte Stride Bucket -20 is equal to 143380
Global LD ST Byte Stride Bucket -18 is equal to 411
Global LD ST Byte Stride Bucket -16 is equal to 262669
Global LD ST Byte Stride Bucket -14 is equal to 372
Global LD ST Byte Stride Bucket -13 is equal to 1
Global LD ST Byte Stride Bucket -12 is equal to 417888
Global LD ST Byte Stride Bucket -10 is equal to 171
Global LD ST Byte Stride Bucket -8 is equal to 1982327
Global LD ST Byte Stride Bucket -6 is equal to 903
Global LD ST Byte Stride Bucket -4 is equal to 1046208
Global LD ST Byte Stride Bucket -2 is equal to 24473
Global LD ST Byte Stride Bucket 0 is equal to 2365314
Global LD ST Byte Stride Bucket 2 is equal to 23562
Global LD ST Byte Stride Bucket 4 is equal to 1723007
Global LD ST Byte Stride Bucket 6 is equal to 1279
Global LD ST Byte Stride Bucket 8 is equal to 2654761
Global LD ST Byte Stride Bucket 9 is equal to 136
Global LD ST Byte Stride Bucket 10 is equal to 239
Global LD ST Byte Stride Bucket 12 is equal to 144642
Global LD ST Byte Stride Bucket 14 is equal to 156
Global LD ST Byte Stride Bucket 16 is equal to 398006
Global LD ST Byte Stride Bucket 18 is equal to 162
Global LD ST Byte Stride Bucket 20 is equal to 119212
Global LD ST Byte Stride Bucket 22 is equal to 81
Global LD ST Byte Stride Bucket 24 is equal to 166387
Global LD ST Byte Stride Bucket 26 is equal to 83
Global LD ST Byte Stride Bucket 28 is equal to 46016
Global LD ST Byte Stride Bucket 30 is equal to 155
Global LD ST Byte Stride Bucket 32 is equal to 151640
Global LD ST Byte Stride Bucket 34 is equal to 589
Global LD ST Byte Stride Bucket 36 is equal to 324778
Global LD ST Byte Stride Bucket 38 is equal to 943
Global LD ST Byte Stride Bucket 40 is equal to 63540
Global LD ST Byte Stride Bucket 42 is equal to 27076
Global LD ST Byte Stride Bucket 44 is equal to 55872
Global LD ST Byte Stride Bucket 46 is equal to 1946
Global LD ST Byte Stride Bucket 47 is equal to 46
Global LD ST Byte Stride Bucket 48 is equal to 46728
Global LD ST Byte Stride Bucket 49 is equal to 443
Global LD ST Byte Stride Bucket 50 is equal to 895
Global LD ST Byte Stride Bucket 51 is equal to 160
Global LD ST Byte Stride Bucket 52 is equal to 178938
Global LD ST Byte Stride Bucket 53 is equal to 217
Global LD ST Byte Stride Bucket 54 is equal to 689
Global LD ST Byte Stride Bucket 55 is equal to 191
Global LD ST Byte Stride Bucket 56 is equal to 43359
Global LD ST Byte Stride Bucket 57 is equal to 163
Global LD ST Byte Stride Bucket 58 is equal to 720
Global LD ST Byte Stride Bucket 59 is equal to 48
Global LD ST Byte Stride Bucket 60 is equal to 4700
Global LD ST Byte Stride Bucket 61 is equal to 212
Global LD ST Byte Stride Bucket 62 is equal to 322
Global LD ST Byte Stride Bucket 63 is equal to 159
Global LD ST Byte Stride Bucket 64 is equal to 11678
Global LD ST Byte Stride Bucket 65 is equal to 163
Global LD ST Byte Stride Bucket 66 is equal to 572
Global LD ST Byte Stride Bucket 67 is equal to 159
Global LD ST Byte Stride Bucket 68 is equal to 411
Global LD ST Byte Stride Bucket 69 is equal to 131
Global LD ST Byte Stride Bucket 70 is equal to 793
Global LD ST Byte Stride Bucket 71 is equal to 95
Global LD ST Byte Stride Bucket 72 is equal to 5017
Global LD ST Byte Stride Bucket 73 is equal to 77
Global LD ST Byte Stride Bucket 74 is equal to 765
Global LD ST Byte Stride Bucket 75 is equal to 50
Global LD ST Byte Stride Bucket 76 is equal to 1262
Global LD ST Byte Stride Bucket 77 is equal to 365
Global LD ST Byte Stride Bucket 78 is equal to 1008
Global LD ST Byte Stride Bucket 79 is equal to 147
Global LD ST Byte Stride Bucket 80 is equal to 58113
Global LD ST Byte Stride Bucket 81 is equal to 133
Global LD ST Byte Stride Bucket 82 is equal to 2428
Global LD ST Byte Stride Bucket 83 is equal to 35
Global LD ST Byte Stride Bucket 84 is equal to 185308
Global LD ST Byte Stride Bucket 86 is equal to 1168
Global LD ST Byte Stride Bucket 88 is equal to 55293
Global LD ST Byte Stride Bucket 89 is equal to 303
Global LD ST Byte Stride Bucket 90 is equal to 1221
Global LD ST Byte Stride Bucket 91 is equal to 78
Global LD ST Byte Stride Bucket 92 is equal to 1062
Global LD ST Byte Stride Bucket 93 is equal to 257
Global LD ST Byte Stride Bucket 94 is equal to 836
Global LD ST Byte Stride Bucket 95 is equal to 90
Global LD ST Byte Stride Bucket 96 is equal to 1740
Global LD ST Byte Stride Bucket 97 is equal to 116
Global LD ST Byte Stride Bucket 98 is equal to 665
Global LD ST Byte Stride Bucket 99 is equal to 77
Global LD ST Byte Stride Bucket 100 is equal to 904
Global LD ST Byte Stride Bucket 101 is equal to 102
Global LD ST Byte Stride Bucket 102 is equal to 142
Global LD ST Byte Stride Bucket 104 is equal to 516
Global LD ST Byte Stride Bucket 105 is equal to 248
Global LD ST Byte Stride Bucket 106 is equal to 269
Global LD ST Byte Stride Bucket 107 is equal to 86
Global LD ST Byte Stride Bucket 108 is equal to 664
Global LD ST Byte Stride Bucket 109 is equal to 178
Global LD ST Byte Stride Bucket 110 is equal to 586
Global LD ST Byte Stride Bucket 111 is equal to 178
Global LD ST Byte Stride Bucket 112 is equal to 390
Global LD ST Byte Stride Bucket 113 is equal to 13
Global LD ST Byte Stride Bucket 114 is equal to 280
Global LD ST Byte Stride Bucket 115 is equal to 48
Global LD ST Byte Stride Bucket 116 is equal to 272
Global LD ST Byte Stride Bucket 117 is equal to 161
Global LD ST Byte Stride Bucket 118 is equal to 555
Global LD ST Byte Stride Bucket 119 is equal to 50
Global LD ST Byte Stride Bucket 120 is equal to 1537
Global LD ST Byte Stride Bucket 121 is equal to 139
Global LD ST Byte Stride Bucket 122 is equal to 857
Global LD ST Byte Stride Bucket 123 is equal to 144
Global LD ST Byte Stride Bucket 124 is equal to 965
Global LD ST Byte Stride Bucket 125 is equal to 166
Global LD ST Byte Stride Bucket 126 is equal to 1340
Global LD ST Byte Stride Bucket 128 is equal to 784
Global LD ST Byte Stride Bucket 130 is equal to 804
Global LD ST Byte Stride Bucket 131 is equal to 71
Global LD ST Byte Stride Bucket 132 is equal to 1457
Global LD ST Byte Stride Bucket 133 is equal to 107
Global LD ST Byte Stride Bucket 134 is equal to 594
Global LD ST Byte Stride Bucket 135 is equal to 35
Global LD ST Byte Stride Bucket 136 is equal to 476
Global LD ST Byte Stride Bucket 137 is equal to 115
Global LD ST Byte Stride Bucket 138 is equal to 328
Global LD ST Byte Stride Bucket 139 is equal to 104
Global LD ST Byte Stride Bucket 140 is equal to 265
Global LD ST Byte Stride Bucket 141 is equal to 84
Global LD ST Byte Stride Bucket 142 is equal to 377
Global LD ST Byte Stride Bucket 143 is equal to 13
Global LD ST Byte Stride Bucket 144 is equal to 557
Global LD ST Byte Stride Bucket 145 is equal to 247
Global LD ST Byte Stride Bucket 146 is equal to 365
Global LD ST Byte Stride Bucket 147 is equal to 23
Global LD ST Byte Stride Bucket 148 is equal to 327
Global LD ST Byte Stride Bucket 149 is equal to 258
Global LD ST Byte Stride Bucket 150 is equal to 118
Global LD ST Byte Stride Bucket 151 is equal to 96
Global LD ST Byte Stride Bucket 152 is equal to 324
Global LD ST Byte Stride Bucket 154 is equal to 607
Global LD ST Byte Stride Bucket 155 is equal to 223
Global LD ST Byte Stride Bucket 156 is equal to 258
Global LD ST Byte Stride Bucket 157 is equal to 234
Global LD ST Byte Stride Bucket 158 is equal to 494
Global LD ST Byte Stride Bucket 159 is equal to 20
Global LD ST Byte Stride Bucket 160 is equal to 11178
Global LD ST Byte Stride Bucket 161 is equal to 102
Global LD ST Byte Stride Bucket 162 is equal to 271
Global LD ST Byte Stride Bucket 163 is equal to 346
Global LD ST Byte Stride Bucket 164 is equal to 182908
Global LD ST Byte Stride Bucket 165 is equal to 108
Global LD ST Byte Stride Bucket 166 is equal to 1012
Global LD ST Byte Stride Bucket 167 is equal to 122
Global LD ST Byte Stride Bucket 168 is equal to 54408
Global LD ST Byte Stride Bucket 170 is equal to 339
Global LD ST Byte Stride Bucket 172 is equal to 438
Global LD ST Byte Stride Bucket 173 is equal to 153
Global LD ST Byte Stride Bucket 174 is equal to 664
Global LD ST Byte Stride Bucket 175 is equal to 29
Global LD ST Byte Stride Bucket 176 is equal to 10926
Global LD ST Byte Stride Bucket 177 is equal to 51
Global LD ST Byte Stride Bucket 178 is equal to 189
Global LD ST Byte Stride Bucket 179 is equal to 9
Global LD ST Byte Stride Bucket 180 is equal to 202
Global LD ST Byte Stride Bucket 181 is equal to 51
Global LD ST Byte Stride Bucket 182 is equal to 309
Global LD ST Byte Stride Bucket 183 is equal to 14
Global LD ST Byte Stride Bucket 184 is equal to 78690
Global LD ST Byte Stride Bucket 185 is equal to 77
Global LD ST Byte Stride Bucket 186 is equal to 190
Global LD ST Byte Stride Bucket 188 is equal to 185
Global LD ST Byte Stride Bucket 189 is equal to 8
Global LD ST Byte Stride Bucket 190 is equal to 115
Global LD ST Byte Stride Bucket 191 is equal to 1
Global LD ST Byte Stride Bucket 192 is equal to 162
Global LD ST Byte Stride Bucket 193 is equal to 233
Global LD ST Byte Stride Bucket 194 is equal to 236
Global LD ST Byte Stride Bucket 195 is equal to 221
Global LD ST Byte Stride Bucket 196 is equal to 163
Global LD ST Byte Stride Bucket 197 is equal to 31
Global LD ST Byte Stride Bucket 198 is equal to 218
Global LD ST Byte Stride Bucket 199 is equal to 270
Global LD ST Byte Stride Bucket 200 is equal to 10808
Global LD ST Byte Stride Bucket 201 is equal to 58
Global LD ST Byte Stride Bucket 202 is equal to 873
Global LD ST Byte Stride Bucket 203 is equal to 87
Global LD ST Byte Stride Bucket 204 is equal to 351
Global LD ST Byte Stride Bucket 205 is equal to 51
Global LD ST Byte Stride Bucket 206 is equal to 1068
Global LD ST Byte Stride Bucket 207 is equal to 127
Global LD ST Byte Stride Bucket 208 is equal to 665
Global LD ST Byte Stride Bucket 209 is equal to 328
Global LD ST Byte Stride Bucket 210 is equal to 591
Global LD ST Byte Stride Bucket 212 is equal to 182
Global LD ST Byte Stride Bucket 214 is equal to 277
Global LD ST Byte Stride Bucket 215 is equal to 384
Global LD ST Byte Stride Bucket 216 is equal to 534
Global LD ST Byte Stride Bucket 217 is equal to 78
Global LD ST Byte Stride Bucket 218 is equal to 350
Global LD ST Byte Stride Bucket 219 is equal to 58
Global LD ST Byte Stride Bucket 220 is equal to 960
Global LD ST Byte Stride Bucket 221 is equal to 104
Global LD ST Byte Stride Bucket 222 is equal to 738
Global LD ST Byte Stride Bucket 223 is equal to 52
Global LD ST Byte Stride Bucket 224 is equal to 2706
Global LD ST Byte Stride Bucket 225 is equal to 86
Global LD ST Byte Stride Bucket 226 is equal to 389
Global LD ST Byte Stride Bucket 227 is equal to 11
Global LD ST Byte Stride Bucket 228 is equal to 981
Global LD ST Byte Stride Bucket 229 is equal to 20
Global LD ST Byte Stride Bucket 230 is equal to 111
Global LD ST Byte Stride Bucket 232 is equal to 162
Global LD ST Byte Stride Bucket 233 is equal to 28
Global LD ST Byte Stride Bucket 234 is equal to 238
Global LD ST Byte Stride Bucket 235 is equal to 17
Global LD ST Byte Stride Bucket 236 is equal to 526
Global LD ST Byte Stride Bucket 237 is equal to 166
Global LD ST Byte Stride Bucket 238 is equal to 646
Global LD ST Byte Stride Bucket 239 is equal to 233
Global LD ST Byte Stride Bucket 240 is equal to 670
Global LD ST Byte Stride Bucket 241 is equal to 224
Global LD ST Byte Stride Bucket 242 is equal to 679
Global LD ST Byte Stride Bucket 243 is equal to 295
Global LD ST Byte Stride Bucket 244 is equal to 534
Global LD ST Byte Stride Bucket 245 is equal to 31
Global LD ST Byte Stride Bucket 246 is equal to 656
Global LD ST Byte Stride Bucket 247 is equal to 78
Global LD ST Byte Stride Bucket 248 is equal to 631
Global LD ST Byte Stride Bucket 249 is equal to 63
Global LD ST Byte Stride Bucket 250 is equal to 778
Global LD ST Byte Stride Bucket 251 is equal to 91
Global LD ST Byte Stride Bucket 252 is equal to 733
Global LD ST Byte Stride Bucket 254 is equal to 185
Global LD ST Byte Stride Bucket 256 is equal to 10796549

Global LD ST Cache Stride Bucket -256 is equal to 1459612
Global LD ST Cache Stride Bucket -203 is equal to 136
Global LD ST Cache Stride Bucket -202 is equal to 136
Global LD ST Cache Stride Bucket -194 is equal to 1
Global LD ST Cache Stride Bucket -192 is equal to 80
Global LD ST Cache Stride Bucket -162 is equal to 56
Global LD ST Cache Stride Bucket -157 is equal to 80
Global LD ST Cache Stride Bucket -156 is equal to 81
Global LD ST Cache Stride Bucket -147 is equal to 28579
Global LD ST Cache Stride Bucket -146 is equal to 182872
Global LD ST Cache Stride Bucket -145 is equal to 321719
Global LD ST Cache Stride Bucket -144 is equal to 633805
Global LD ST Cache Stride Bucket -143 is equal to 449105
Global LD ST Cache Stride Bucket -142 is equal to 146719
Global LD ST Cache Stride Bucket -141 is equal to 71217
Global LD ST Cache Stride Bucket -140 is equal to 21403
Global LD ST Cache Stride Bucket -139 is equal to 8056
Global LD ST Cache Stride Bucket -138 is equal to 15706
Global LD ST Cache Stride Bucket -137 is equal to 10795
Global LD ST Cache Stride Bucket -136 is equal to 10338
Global LD ST Cache Stride Bucket -135 is equal to 7625
Global LD ST Cache Stride Bucket -134 is equal to 5850
Global LD ST Cache Stride Bucket -133 is equal to 4679
Global LD ST Cache Stride Bucket -132 is equal to 5862
Global LD ST Cache Stride Bucket -131 is equal to 3384
Global LD ST Cache Stride Bucket -130 is equal to 9244
Global LD ST Cache Stride Bucket -129 is equal to 3281
Global LD ST Cache Stride Bucket -128 is equal to 3233
Global LD ST Cache Stride Bucket -127 is equal to 2760
Global LD ST Cache Stride Bucket -126 is equal to 4254
Global LD ST Cache Stride Bucket -125 is equal to 4435
Global LD ST Cache Stride Bucket -124 is equal to 3409
Global LD ST Cache Stride Bucket -123 is equal to 4493
Global LD ST Cache Stride Bucket -122 is equal to 3082
Global LD ST Cache Stride Bucket -121 is equal to 3026
Global LD ST Cache Stride Bucket -120 is equal to 2933
Global LD ST Cache Stride Bucket -119 is equal to 4473
Global LD ST Cache Stride Bucket -118 is equal to 2050
Global LD ST Cache Stride Bucket -117 is equal to 32117
Global LD ST Cache Stride Bucket -116 is equal to 127733
Global LD ST Cache Stride Bucket -115 is equal to 100948
Global LD ST Cache Stride Bucket -114 is equal to 35056
Global LD ST Cache Stride Bucket -113 is equal to 51915
Global LD ST Cache Stride Bucket -112 is equal to 63271
Global LD ST Cache Stride Bucket -111 is equal to 51976
Global LD ST Cache Stride Bucket -110 is equal to 44658
Global LD ST Cache Stride Bucket -109 is equal to 49170
Global LD ST Cache Stride Bucket -108 is equal to 50547
Global LD ST Cache Stride Bucket -107 is equal to 59970
Global LD ST Cache Stride Bucket -106 is equal to 60371
Global LD ST Cache Stride Bucket -105 is equal to 53961
Global LD ST Cache Stride Bucket -104 is equal to 39624
Global LD ST Cache Stride Bucket -103 is equal to 27766
Global LD ST Cache Stride Bucket -102 is equal to 32984
Global LD ST Cache Stride Bucket -101 is equal to 26237
Global LD ST Cache Stride Bucket -100 is equal to 136067
Global LD ST Cache Stride Bucket -99 is equal to 28240
Global LD ST Cache Stride Bucket -98 is equal to 114076
Global LD ST Cache Stride Bucket -97 is equal to 45875
Global LD ST Cache Stride Bucket -96 is equal to 66238
Global LD ST Cache Stride Bucket -95 is equal to 85817
Global LD ST Cache Stride Bucket -94 is equal to 101527
Global LD ST Cache Stride Bucket -93 is equal to 79441
Global LD ST Cache Stride Bucket -92 is equal to 79929
Global LD ST Cache Stride Bucket -91 is equal to 74216
Global LD ST Cache Stride Bucket -90 is equal to 58880
Global LD ST Cache Stride Bucket -89 is equal to 59591
Global LD ST Cache Stride Bucket -88 is equal to 63905
Global LD ST Cache Stride Bucket -87 is equal to 72521
Global LD ST Cache Stride Bucket -86 is equal to 79327
Global LD ST Cache Stride Bucket -85 is equal to 77811
Global LD ST Cache Stride Bucket -84 is equal to 73047
Global LD ST Cache Stride Bucket -83 is equal to 75784
Global LD ST Cache Stride Bucket -82 is equal to 80944
Global LD ST Cache Stride Bucket -81 is equal to 79046
Global LD ST Cache Stride Bucket -80 is equal to 72785
Global LD ST Cache Stride Bucket -79 is equal to 67505
Global LD ST Cache Stride Bucket -78 is equal to 60612
Global LD ST Cache Stride Bucket -77 is equal to 53254
Global LD ST Cache Stride Bucket -76 is equal to 56180
Global LD ST Cache Stride Bucket -75 is equal to 60884
Global LD ST Cache Stride Bucket -74 is equal to 64374
Global LD ST Cache Stride Bucket -73 is equal to 77220
Global LD ST Cache Stride Bucket -72 is equal to 84597
Global LD ST Cache Stride Bucket -71 is equal to 65914
Global LD ST Cache Stride Bucket -70 is equal to 46774
Global LD ST Cache Stride Bucket -69 is equal to 25327
Global LD ST Cache Stride Bucket -68 is equal to 24626
Global LD ST Cache Stride Bucket -67 is equal to 28402
Global LD ST Cache Stride Bucket -66 is equal to 29695
Global LD ST Cache Stride Bucket -65 is equal to 30514
Global LD ST Cache Stride Bucket -64 is equal to 34681
Global LD ST Cache Stride Bucket -63 is equal to 37942
Global LD ST Cache Stride Bucket -62 is equal to 37288
Global LD ST Cache Stride Bucket -61 is equal to 36870
Global LD ST Cache Stride Bucket -60 is equal to 34889
Global LD ST Cache Stride Bucket -59 is equal to 38723
Global LD ST Cache Stride Bucket -58 is equal to 38021
Global LD ST Cache Stride Bucket -57 is equal to 32726
Global LD ST Cache Stride Bucket -56 is equal to 41707
Global LD ST Cache Stride Bucket -55 is equal to 65856
Global LD ST Cache Stride Bucket -54 is equal to 60778
Global LD ST Cache Stride Bucket -53 is equal to 55176
Global LD ST Cache Stride Bucket -52 is equal to 53051
Global LD ST Cache Stride Bucket -51 is equal to 68937
Global LD ST Cache Stride Bucket -50 is equal to 79806
Global LD ST Cache Stride Bucket -49 is equal to 129462
Global LD ST Cache Stride Bucket -48 is equal to 82466
Global LD ST Cache Stride Bucket -47 is equal to 61322
Global LD ST Cache Stride Bucket -46 is equal to 331773
Global LD ST Cache Stride Bucket -45 is equal to 69937
Global LD ST Cache Stride Bucket -44 is equal to 68507
Global LD ST Cache Stride Bucket -43 is equal to 37857
Global LD ST Cache Stride Bucket -42 is equal to 111155
Global LD ST Cache Stride Bucket -41 is equal to 133594
Global LD ST Cache Stride Bucket -40 is equal to 25415
Global LD ST Cache Stride Bucket -39 is equal to 20769
Global LD ST Cache Stride Bucket -38 is equal to 16397
Global LD ST Cache Stride Bucket -37 is equal to 26560
Global LD ST Cache Stride Bucket -36 is equal to 35777
Global LD ST Cache Stride Bucket -35 is equal to 34300
Global LD ST Cache Stride Bucket -34 is equal to 42961
Global LD ST Cache Stride Bucket -33 is equal to 30748
Global LD ST Cache Stride Bucket -32 is equal to 24274
Global LD ST Cache Stride Bucket -31 is equal to 15727
Global LD ST Cache Stride Bucket -30 is equal to 15602
Global LD ST Cache Stride Bucket -29 is equal to 16897
Global LD ST Cache Stride Bucket -28 is equal to 36978
Global LD ST Cache Stride Bucket -27 is equal to 71382
Global LD ST Cache Stride Bucket -26 is equal to 64589
Global LD ST Cache Stride Bucket -25 is equal to 32543
Global LD ST Cache Stride Bucket -24 is equal to 29515
Global LD ST Cache Stride Bucket -23 is equal to 36183
Global LD ST Cache Stride Bucket -22 is equal to 42290
Global LD ST Cache Stride Bucket -21 is equal to 40720
Global LD ST Cache Stride Bucket -20 is equal to 39775
Global LD ST Cache Stride Bucket -19 is equal to 33031
Global LD ST Cache Stride Bucket -18 is equal to 26058
Global LD ST Cache Stride Bucket -17 is equal to 30691
Global LD ST Cache Stride Bucket -16 is equal to 55863
Global LD ST Cache Stride Bucket -15 is equal to 92041
Global LD ST Cache Stride Bucket -14 is equal to 237114
Global LD ST Cache Stride Bucket -13 is equal to 133984
Global LD ST Cache Stride Bucket -12 is equal to 78891
Global LD ST Cache Stride Bucket -11 is equal to 32975
Global LD ST Cache Stride Bucket -10 is equal to 25499
Global LD ST Cache Stride Bucket -9 is equal to 27269
Global LD ST Cache Stride Bucket -8 is equal to 28088
Global LD ST Cache Stride Bucket -7 is equal to 40363
Global LD ST Cache Stride Bucket -6 is equal to 64926
Global LD ST Cache Stride Bucket -5 is equal to 37553
Global LD ST Cache Stride Bucket -4 is equal to 24533
Global LD ST Cache Stride Bucket -3 is equal to 297481
Global LD ST Cache Stride Bucket -2 is equal to 189749
Global LD ST Cache Stride Bucket -1 is equal to 1373017
Global LD ST Cache Stride Bucket 0 is equal to 11366524
Global LD ST Cache Stride Bucket 1 is equal to 1216346
Global LD ST Cache Stride Bucket 2 is equal to 216995
Global LD ST Cache Stride Bucket 3 is equal to 255607
Global LD ST Cache Stride Bucket 4 is equal to 31466
Global LD ST Cache Stride Bucket 5 is equal to 35627
Global LD ST Cache Stride Bucket 6 is equal to 64027
Global LD ST Cache Stride Bucket 7 is equal to 40945
Global LD ST Cache Stride Bucket 8 is equal to 30166
Global LD ST Cache Stride Bucket 9 is equal to 33777
Global LD ST Cache Stride Bucket 10 is equal to 34678
Global LD ST Cache Stride Bucket 11 is equal to 52099
Global LD ST Cache Stride Bucket 12 is equal to 89421
Global LD ST Cache Stride Bucket 13 is equal to 272636
Global LD ST Cache Stride Bucket 14 is equal to 629230
Global LD ST Cache Stride Bucket 15 is equal to 163106
Global LD ST Cache Stride Bucket 16 is equal to 95257
Global LD ST Cache Stride Bucket 17 is equal to 58065
Global LD ST Cache Stride Bucket 18 is equal to 46905
Global LD ST Cache Stride Bucket 19 is equal to 80871
Global LD ST Cache Stride Bucket 20 is equal to 112331
Global LD ST Cache Stride Bucket 21 is equal to 82608
Global LD ST Cache Stride Bucket 22 is equal to 73773
Global LD ST Cache Stride Bucket 23 is equal to 59051
Global LD ST Cache Stride Bucket 24 is equal to 38423
Global LD ST Cache Stride Bucket 25 is equal to 32043
Global LD ST Cache Stride Bucket 26 is equal to 37463
Global LD ST Cache Stride Bucket 27 is equal to 93165
Global LD ST Cache Stride Bucket 28 is equal to 82138
Global LD ST Cache Stride Bucket 29 is equal to 60880
Global LD ST Cache Stride Bucket 30 is equal to 59410
Global LD ST Cache Stride Bucket 31 is equal to 68066
Global LD ST Cache Stride Bucket 32 is equal to 78635
Global LD ST Cache Stride Bucket 33 is equal to 85489
Global LD ST Cache Stride Bucket 34 is equal to 72456
Global LD ST Cache Stride Bucket 35 is equal to 77954
Global LD ST Cache Stride Bucket 36 is equal to 75382
Global LD ST Cache Stride Bucket 37 is equal to 69140
Global LD ST Cache Stride Bucket 38 is equal to 62419
Global LD ST Cache Stride Bucket 39 is equal to 85226
Global LD ST Cache Stride Bucket 40 is equal to 66935
Global LD ST Cache Stride Bucket 41 is equal to 28000
Global LD ST Cache Stride Bucket 42 is equal to 20367
Global LD ST Cache Stride Bucket 43 is equal to 24831
Global LD ST Cache Stride Bucket 44 is equal to 74061
Global LD ST Cache Stride Bucket 45 is equal to 99848
Global LD ST Cache Stride Bucket 46 is equal to 138937
Global LD ST Cache Stride Bucket 47 is equal to 307578
Global LD ST Cache Stride Bucket 48 is equal to 82043
Global LD ST Cache Stride Bucket 49 is equal to 35094
Global LD ST Cache Stride Bucket 50 is equal to 33372
Global LD ST Cache Stride Bucket 51 is equal to 35936
Global LD ST Cache Stride Bucket 52 is equal to 30816
Global LD ST Cache Stride Bucket 53 is equal to 32434
Global LD ST Cache Stride Bucket 54 is equal to 45481
Global LD ST Cache Stride Bucket 55 is equal to 45293
Global LD ST Cache Stride Bucket 56 is equal to 34162
Global LD ST Cache Stride Bucket 57 is equal to 24500
Global LD ST Cache Stride Bucket 58 is equal to 26148
Global LD ST Cache Stride Bucket 59 is equal to 22112
Global LD ST Cache Stride Bucket 60 is equal to 20237
Global LD ST Cache Stride Bucket 61 is equal to 19317
Global LD ST Cache Stride Bucket 62 is equal to 16701
Global LD ST Cache Stride Bucket 63 is equal to 16377
Global LD ST Cache Stride Bucket 64 is equal to 16818
Global LD ST Cache Stride Bucket 65 is equal to 14592
Global LD ST Cache Stride Bucket 66 is equal to 18299
Global LD ST Cache Stride Bucket 67 is equal to 18448
Global LD ST Cache Stride Bucket 68 is equal to 15250
Global LD ST Cache Stride Bucket 69 is equal to 15187
Global LD ST Cache Stride Bucket 70 is equal to 25169
Global LD ST Cache Stride Bucket 71 is equal to 28310
Global LD ST Cache Stride Bucket 72 is equal to 29585
Global LD ST Cache Stride Bucket 73 is equal to 28508
Global LD ST Cache Stride Bucket 74 is equal to 29104
Global LD ST Cache Stride Bucket 75 is equal to 33807
Global LD ST Cache Stride Bucket 76 is equal to 29524
Global LD ST Cache Stride Bucket 77 is equal to 31595
Global LD ST Cache Stride Bucket 78 is equal to 30759
Global LD ST Cache Stride Bucket 79 is equal to 28763
Global LD ST Cache Stride Bucket 80 is equal to 26125
Global LD ST Cache Stride Bucket 81 is equal to 29917
Global LD ST Cache Stride Bucket 82 is equal to 28241
Global LD ST Cache Stride Bucket 83 is equal to 28964
Global LD ST Cache Stride Bucket 84 is equal to 44448
Global LD ST Cache Stride Bucket 85 is equal to 34601
Global LD ST Cache Stride Bucket 86 is equal to 31074
Global LD ST Cache Stride Bucket 87 is equal to 33997
Global LD ST Cache Stride Bucket 88 is equal to 36037
Global LD ST Cache Stride Bucket 89 is equal to 34919
Global LD ST Cache Stride Bucket 90 is equal to 27447
Global LD ST Cache Stride Bucket 91 is equal to 37460
Global LD ST Cache Stride Bucket 92 is equal to 40168
Global LD ST Cache Stride Bucket 93 is equal to 38911
Global LD ST Cache Stride Bucket 94 is equal to 41102
Global LD ST Cache Stride Bucket 95 is equal to 48980
Global LD ST Cache Stride Bucket 96 is equal to 30404
Global LD ST Cache Stride Bucket 97 is equal to 21296
Global LD ST Cache Stride Bucket 98 is equal to 18839
Global LD ST Cache Stride Bucket 99 is equal to 53566
Global LD ST Cache Stride Bucket 100 is equal to 14415
Global LD ST Cache Stride Bucket 101 is equal to 13999
Global LD ST Cache Stride Bucket 102 is equal to 12892
Global LD ST Cache Stride Bucket 103 is equal to 7247
Global LD ST Cache Stride Bucket 104 is equal to 4312
Global LD ST Cache Stride Bucket 105 is equal to 5758
Global LD ST Cache Stride Bucket 106 is equal to 7384
Global LD ST Cache Stride Bucket 107 is equal to 6887
Global LD ST Cache Stride Bucket 108 is equal to 5535
Global LD ST Cache Stride Bucket 109 is equal to 8989
Global LD ST Cache Stride Bucket 110 is equal to 5859
Global LD ST Cache Stride Bucket 111 is equal to 6802
Global LD ST Cache Stride Bucket 112 is equal to 6840
Global LD ST Cache Stride Bucket 113 is equal to 10494
Global LD ST Cache Stride Bucket 114 is equal to 6386
Global LD ST Cache Stride Bucket 115 is equal to 6509
Global LD ST Cache Stride Bucket 116 is equal to 4180
Global LD ST Cache Stride Bucket 117 is equal to 21785
Global LD ST Cache Stride Bucket 118 is equal to 1000
Global LD ST Cache Stride Bucket 119 is equal to 6899
Global LD ST Cache Stride Bucket 120 is equal to 6349
Global LD ST Cache Stride Bucket 121 is equal to 12289
Global LD ST Cache Stride Bucket 122 is equal to 11594
Global LD ST Cache Stride Bucket 123 is equal to 17728
Global LD ST Cache Stride Bucket 124 is equal to 51631
Global LD ST Cache Stride Bucket 125 is equal to 92688
Global LD ST Cache Stride Bucket 126 is equal to 50881
Global LD ST Cache Stride Bucket 127 is equal to 6100
Global LD ST Cache Stride Bucket 128 is equal to 9293
Global LD ST Cache Stride Bucket 129 is equal to 10591
Global LD ST Cache Stride Bucket 130 is equal to 21303
Global LD ST Cache Stride Bucket 131 is equal to 25067
Global LD ST Cache Stride Bucket 132 is equal to 18612
Global LD ST Cache Stride Bucket 133 is equal to 19829
Global LD ST Cache Stride Bucket 134 is equal to 24166
Global LD ST Cache Stride Bucket 135 is equal to 24417
Global LD ST Cache Stride Bucket 136 is equal to 24897
Global LD ST Cache Stride Bucket 137 is equal to 24360
Global LD ST Cache Stride Bucket 138 is equal to 29383
Global LD ST Cache Stride Bucket 139 is equal to 28113
Global LD ST Cache Stride Bucket 140 is equal to 46763
Global LD ST Cache Stride Bucket 141 is equal to 64467
Global LD ST Cache Stride Bucket 142 is equal to 204399
Global LD ST Cache Stride Bucket 143 is equal to 656796
Global LD ST Cache Stride Bucket 144 is equal to 1142678
Global LD ST Cache Stride Bucket 145 is equal to 501742
Global LD ST Cache Stride Bucket 146 is equal to 243256
Global LD ST Cache Stride Bucket 147 is equal to 114737
Global LD ST Cache Stride Bucket 148 is equal to 2123
Global LD ST Cache Stride Bucket 149 is equal to 1
Global LD ST Cache Stride Bucket 150 is equal to 1
Global LD ST Cache Stride Bucket 151 is equal to 1
Global LD ST Cache Stride Bucket 152 is equal to 1
Global LD ST Cache Stride Bucket 153 is equal to 1
Global LD ST Cache Stride Bucket 154 is equal to 1
Global LD ST Cache Stride Bucket 155 is equal to 1
Global LD ST Cache Stride Bucket 156 is equal to 1
Global LD ST Cache Stride Bucket 157 is equal to 161
Global LD ST Cache Stride Bucket 162 is equal to 112
Global LD ST Cache Stride Bucket 163 is equal to 1
Global LD ST Cache Stride Bucket 164 is equal to 1
Global LD ST Cache Stride Bucket 165 is equal to 1
Global LD ST Cache Stride Bucket 166 is equal to 1
Global LD ST Cache Stride Bucket 167 is equal to 1
Global LD ST Cache Stride Bucket 168 is equal to 1
Global LD ST Cache Stride Bucket 169 is equal to 1
Global LD ST Cache Stride Bucket 170 is equal to 1
Global LD ST Cache Stride Bucket 171 is equal to 1
Global LD ST Cache Stride Bucket 172 is equal to 1
Global LD ST Cache Stride Bucket 173 is equal to 817
Global LD ST Cache Stride Bucket 174 is equal to 1
Global LD ST Cache Stride Bucket 175 is equal to 1
Global LD ST Cache Stride Bucket 176 is equal to 1
Global LD ST Cache Stride Bucket 177 is equal to 1
Global LD ST Cache Stride Bucket 178 is equal to 1
Global LD ST Cache Stride Bucket 179 is equal to 1
Global LD ST Cache Stride Bucket 180 is equal to 1
Global LD ST Cache Stride Bucket 181 is equal to 1
Global LD ST Cache Stride Bucket 182 is equal to 1
Global LD ST Cache Stride Bucket 183 is equal to 1
Global LD ST Cache Stride Bucket 184 is equal to 1
Global LD ST Cache Stride Bucket 185 is equal to 1
Global LD ST Cache Stride Bucket 186 is equal to 1
Global LD ST Cache Stride Bucket 187 is equal to 1
Global LD ST Cache Stride Bucket 188 is equal to 1
Global LD ST Cache Stride Bucket 189 is equal to 1
Global LD ST Cache Stride Bucket 190 is equal to 1
Global LD ST Cache Stride Bucket 191 is equal to 1
Global LD ST Cache Stride Bucket 192 is equal to 161
Global LD ST Cache Stride Bucket 193 is equal to 1
Global LD ST Cache Stride Bucket 194 is equal to 1
Global LD ST Cache Stride Bucket 211 is equal to 272
Global LD ST Cache Stride Bucket 217 is equal to 2
Global LD ST Cache Stride Bucket 256 is equal to 1636354


            "-256": "10124748",
            "-255": "0",
            "-254": "1000",
            "-253": "0",
            "-252": "1027",
            "-251": "0",
            "-250": "748",
            "-249": "0",
            "-248": "3359",
            "-247": "0",
            "-246": "425",
            "-245": "0",
            "-244": "890",
            "-243": "0",
            "-242": "775",
            "-241": "0",
            "-240": "601",
            "-239": "0",
            "-238": "555",
            "-237": "0",
            "-236": "411",
            "-235": "0",
            "-234": "464",
            "-233": "0",
            "-232": "203",
            "-231": "0",
            "-230": "630",
            "-229": "0",
            "-228": "1383",
            "-227": "0",
            "-226": "627",
            "-225": "0",
            "-224": "819",
            "-223": "0",
            "-222": "454",
            "-221": "0",
            "-220": "398",
            "-219": "0",
            "-218": "754",
            "-217": "0",
            "-216": "2619",
            "-215": "0",
            "-214": "405",
            "-213": "0",
            "-212": "703",
            "-211": "0",
            "-210": "916",
            "-209": "0",
            "-208": "1176",
            "-207": "0",
            "-206": "764",
            "-205": "0",
            "-204": "629",
            "-203": "0",
            "-202": "679",
            "-201": "0",
            "-200": "432",
            "-199": "0",
            "-198": "388",
            "-197": "0",
            "-196": "307",
            "-195": "0",
            "-194": "343",
            "-193": "0",
            "-192": "355",
            "-191": "0",
            "-190": "633",
            "-189": "0",
            "-188": "10941",
            "-187": "0",
            "-186": "603",
            "-185": "0",
            "-184": "5242",
            "-183": "0",
            "-182": "623",
            "-181": "0",
            "-180": "414",
            "-179": "0",
            "-178": "512",
            "-177": "0",
            "-176": "261937",
            "-175": "0",
            "-174": "771",
            "-173": "0",
            "-172": "682",
            "-171": "0",
            "-170": "780",
            "-169": "0",
            "-168": "59912",
            "-167": "0",
            "-166": "822",
            "-165": "0",
            "-164": "2002",
            "-163": "0",
            "-162": "935",
            "-161": "0",
            "-160": "6936",
            "-159": "0",
            "-158": "465",
            "-157": "0",
            "-156": "418",
            "-155": "0",
            "-154": "380",
            "-153": "0",
            "-152": "400",
            "-151": "0",
            "-150": "634",
            "-149": "0",
            "-148": "381",
            "-147": "0",
            "-146": "557",
            "-145": "0",
            "-144": "1173",
            "-143": "0",
            "-142": "477",
            "-141": "0",
            "-140": "835",
            "-139": "0",
            "-138": "484",
            "-137": "0",
            "-136": "860",
            "-135": "0",
            "-134": "1282",
            "-133": "0",
            "-132": "1265",
            "-131": "0",
            "-130": "800",
            "-129": "0",
            "-128": "2675",
            "-127": "0",
            "-126": "1774",
            "-125": "0",
            "-124": "5145",
            "-123": "0",
            "-122": "1226",
            "-121": "0",
            "-120": "20941",
            "-119": "0",
            "-118": "590",
            "-117": "0",
            "-116": "14013",
            "-115": "0",
            "-114": "764",
            "-113": "0",
            "-112": "13444",
            "-111": "0",
            "-110": "762",
            "-109": "0",
            "-108": "9762",
            "-107": "0",
            "-106": "603",
            "-105": "0",
            "-104": "8007",
            "-103": "0",
            "-102": "515",
            "-101": "0",
            "-100": "5011",
            "-99": "0",
            "-98": "935",
            "-97": "0",
            "-96": "2127",
            "-95": "0",
            "-94": "993",
            "-93": "0",
            "-92": "6778",
            "-91": "0",
            "-90": "1123",
            "-89": "0",
            "-88": "62962",
            "-87": "0",
            "-86": "2332",
            "-85": "0",
            "-84": "12860",
            "-83": "0",
            "-82": "2215",
            "-81": "0",
            "-80": "89761",
            "-79": "0",
            "-78": "1186",
            "-77": "0",
            "-76": "6077",
            "-75": "0",
            "-74": "714",
            "-73": "0",
            "-72": "10242",
            "-71": "0",
            "-70": "568",
            "-69": "0",
            "-68": "10073",
            "-67": "0",
            "-66": "751",
            "-65": "0",
            "-64": "19965",
            "-63": "0",
            "-62": "697",
            "-61": "0",
            "-60": "59559",
            "-59": "0",
            "-58": "537",
            "-57": "0",
            "-56": "155947",
            "-55": "0",
            "-54": "429",
            "-53": "0",
            "-52": "134951",
            "-51": "0",
            "-50": "795",
            "-49": "0",
            "-48": "21151",
            "-47": "0",
            "-46": "1930",
            "-45": "0",
            "-44": "51990",
            "-43": "0",
            "-42": "27002",
            "-41": "0",
            "-40": "66547",
            "-39": "0",
            "-38": "2200",
            "-37": "0",
            "-36": "82401",
            "-35": "0",
            "-34": "757",
            "-33": "0",
            "-32": "208379",
            "-31": "0",
            "-30": "376",
            "-29": "0",
            "-28": "30290",
            "-27": "0",
            "-26": "309",
            "-25": "0",
            "-24": "239794",
            "-23": "0",
            "-22": "311",
            "-21": "0",
            "-20": "143380",
            "-19": "0",
            "-18": "411",
            "-17": "0",
            "-16": "262669",
            "-15": "0",
            "-14": "372",
            "-13": "1",
            "-12": "417888",
            "-11": "0",
            "-10": "171",
            "-9": "0",
            "-8": "1982327",
            "-7": "0",
            "-6": "903",
            "-5": "0",
            "-4": "1046208",
            "-3": "0",
            "-2": "24473",
            "-1": "0",
            "0": "2365314",
            "1": "0",
            "2": "23562",
            "3": "0",
            "4": "1723007",
            "5": "0",
            "6": "1279",
            "7": "0",
            "8": "2654761",
            "9": "136",
            "10": "239",
            "11": "0",
            "12": "144642",
            "13": "0",
            "14": "156",
            "15": "0",
            "16": "398006",
            "17": "0",
            "18": "162",
            "19": "0",
            "20": "119212",
            "21": "0",
            "22": "81",
            "23": "0",
            "24": "166387",
            "25": "0",
            "26": "83",
            "27": "0",
            "28": "46016",
            "29": "0",
            "30": "155",
            "31": "0",
            "32": "151640",
            "33": "0",
            "34": "589",
            "35": "0",
            "36": "324778",
            "37": "0",
            "38": "943",
            "39": "0",
            "40": "63540",
            "41": "0",
            "42": "27076",
            "43": "0",
            "44": "55872",
            "45": "0",
            "46": "1946",
            "47": "46",
            "48": "46728",
            "49": "443",
            "50": "895",
            "51": "160",
            "52": "178938",
            "53": "217",
            "54": "689",
            "55": "191",
            "56": "43359",
            "57": "163",
            "58": "720",
            "59": "48",
            "60": "4700",
            "61": "212",
            "62": "322",
            "63": "159",
            "64": "11678",
            "65": "163",
            "66": "572",
            "67": "159",
            "68": "411",
            "69": "131",
            "70": "793",
            "71": "95",
            "72": "5017",
            "73": "77",
            "74": "765",
            "75": "50",
            "76": "1262",
            "77": "365",
            "78": "1008",
            "79": "147",
            "80": "58113",
            "81": "133",
            "82": "2428",
            "83": "35",
            "84": "185308",
            "85": "0",
            "86": "1168",
            "87": "0",
            "88": "55293",
            "89": "303",
            "90": "1221",
            "91": "78",
            "92": "1062",
            "93": "257",
            "94": "836",
            "95": "90",
            "96": "1740",
            "97": "116",
            "98": "665",
            "99": "77",
            "100": "904",
            "101": "102",
            "102": "142",
            "103": "0",
            "104": "516",
            "105": "248",
            "106": "269",
            "107": "86",
            "108": "664",
            "109": "178",
            "110": "586",
            "111": "178",
            "112": "390",
            "113": "13",
            "114": "280",
            "115": "48",
            "116": "272",
            "117": "161",
            "118": "555",
            "119": "50",
            "120": "1537",
            "121": "139",
            "122": "857",
            "123": "144",
            "124": "965",
            "125": "166",
            "126": "1340",
            "127": "0",
            "128": "784",
            "129": "0",
            "130": "804",
            "131": "71",
            "132": "1457",
            "133": "107",
            "134": "594",
            "135": "35",
            "136": "476",
            "137": "115",
            "138": "328",
            "139": "104",
            "140": "265",
            "141": "84",
            "142": "377",
            "143": "13",
            "144": "557",
            "145": "247",
            "146": "365",
            "147": "23",
            "148": "327",
            "149": "258",
            "150": "118",
            "151": "96",
            "152": "324",
            "153": "0",
            "154": "607",
            "155": "223",
            "156": "258",
            "157": "234",
            "158": "494",
            "159": "20",
            "160": "11178",
            "161": "102",
            "162": "271",
            "163": "346",
            "164": "182908",
            "165": "108",
            "166": "1012",
            "167": "122",
            "168": "54408",
            "169": "0",
            "170": "339",
            "171": "0",
            "172": "438",
            "173": "153",
            "174": "664",
            "175": "29",
            "176": "10926",
            "177": "51",
            "178": "189",
            "179": "9",
            "180": "202",
            "181": "51",
            "182": "309",
            "183": "14",
            "184": "78690",
            "185": "77",
            "186": "190",
            "187": "0",
            "188": "185",
            "189": "8",
            "190": "115",
            "191": "1",
            "192": "162",
            "193": "233",
            "194": "236",
            "195": "221",
            "196": "163",
            "197": "31",
            "198": "218",
            "199": "270",
            "200": "10808",
            "201": "58",
            "202": "873",
            "203": "87",
            "204": "351",
            "205": "51",
            "206": "1068",
            "207": "127",
            "208": "665",
            "209": "328",
            "210": "591",
            "211": "0",
            "212": "182",
            "213": "0",
            "214": "277",
            "215": "384",
            "216": "534",
            "217": "78",
            "218": "350",
            "219": "58",
            "220": "960",
            "221": "104",
            "222": "738",
            "223": "52",
            "224": "2706",
            "225": "86",
            "226": "389",
            "227": "11",
            "228": "981",
            "229": "20",
            "230": "111",
            "231": "0",
            "232": "162",
            "233": "28",
            "234": "238",
            "235": "17",
            "236": "526",
            "237": "166",
            "238": "646",
            "239": "233",
            "240": "670",
            "241": "224",
            "242": "679",
            "243": "295",
            "244": "534",
            "245": "31",
            "246": "656",
            "247": "78",
            "248": "631",
            "249": "63",
            "250": "778",
            "251": "91",
            "252": "733",
            "253": "0",
            "254": "185",
            "255": "0",
            "256": "10796549",


# END_DYNAMIC_STATS
