# Mix output version 2
# FINI: end of program
# EMIT_DYNAMIC_STATS FOR TID 1, ins = 100101505
Dynamic Instruction Count = 100101505, Dyn BBL Count = 16030107
RAWdep[ 0] = 0
RAWdep[ 1] = 42855191
RAWdep[ 2] = 16997081
RAWdep[ 3] = 14979403
RAWdep[ 4] = 7983446
RAWdep[ 5] = 4329784
RAWdep[ 6] = 4713700
RAWdep[ 7] = 2841834
RAWdep[ 8] = 2879263
RAWdep[ 9] = 2683958
RAWdep[ 10] = 2415208
RAWdep[ 11] = 1873701
RAWdep[ 12] = 1280021
RAWdep[ 13] = 1504711
RAWdep[ 14] = 664675
RAWdep[ 15] = 1004417
RAWdep[ 16] = 1271122
RAWdep[ 17] = 1118763
RAWdep[ 18] = 457614
RAWdep[ 19] = 829725
RAWdep[ 20] = 932256
RAWdep[ 21] = 575318
RAWdep[ 22] = 813755
RAWdep[ 23] = 968365
RAWdep[ 24] = 642130
RAWdep[ 25] = 411769
RAWdep[ 26] = 220954
RAWdep[ 27] = 451844
RAWdep[ 28] = 716007
RAWdep[ 29] = 1098400
RAWdep[ 30] = 487445
RAWdep[ 31] = 443046
RAWdep[ 32] = 1032014
RAWdep[ 33] = 30367275

WAWdep[ 0] = 0
WAWdep[ 1] = 24973623
WAWdep[ 2] = 18122490
WAWdep[ 3] = 15757646
WAWdep[ 4] = 7738413
WAWdep[ 5] = 5455698
WAWdep[ 6] = 6640266
WAWdep[ 7] = 2758375
WAWdep[ 8] = 2613732
WAWdep[ 9] = 3612691
WAWdep[ 10] = 2950797
WAWdep[ 11] = 1417459
WAWdep[ 12] = 1487137
WAWdep[ 13] = 2410159
WAWdep[ 14] = 1228470
WAWdep[ 15] = 923084
WAWdep[ 16] = 1218562
WAWdep[ 17] = 980325
WAWdep[ 18] = 516486
WAWdep[ 19] = 729790
WAWdep[ 20] = 865131
WAWdep[ 21] = 831483
WAWdep[ 22] = 383571
WAWdep[ 23] = 418052
WAWdep[ 24] = 606855
WAWdep[ 25] = 305210
WAWdep[ 26] = 220566
WAWdep[ 27] = 653516
WAWdep[ 28] = 355172
WAWdep[ 29] = 274286
WAWdep[ 30] = 240712
WAWdep[ 31] = 195435
WAWdep[ 32] = 973377
WAWdep[ 33] = 16280886

WARdep[ 0] = 44776638
WARdep[ 1] = 9307661
WARdep[ 2] = 8664882
WARdep[ 3] = 6036107
WARdep[ 4] = 4490058
WARdep[ 5] = 3954020
WARdep[ 6] = 2789253
WARdep[ 7] = 3481083
WARdep[ 8] = 2650402
WARdep[ 9] = 2038498
WARdep[ 10] = 2802269
WARdep[ 11] = 2084966
WARdep[ 12] = 1373266
WARdep[ 13] = 1263196
WARdep[ 14] = 1101822
WARdep[ 15] = 658482
WARdep[ 16] = 980566
WARdep[ 17] = 796603
WARdep[ 18] = 928744
WARdep[ 19] = 1012424
WARdep[ 20] = 1142626
WARdep[ 21] = 850008
WARdep[ 22] = 852690
WARdep[ 23] = 340695
WARdep[ 24] = 806642
WARdep[ 25] = 885312
WARdep[ 26] = 891466
WARdep[ 27] = 720421
WARdep[ 28] = 522536
WARdep[ 29] = 529467
WARdep[ 30] = 436017
WARdep[ 31] = 673977
WARdep[ 32] = 605539
WARdep[ 33] = 13691119


		"0": "0",
		"1": "42855191",
		"2": "16997081",
		"3": "14979403",
		"4": "7983446",
		"5": "4329784",
		"6": "4713700",
		"7": "2841834",
		"8": "2879263",
		"9": "2683958",
		"10": "2415208",
		"11": "1873701",
		"12": "1280021",
		"13": "1504711",
		"14": "664675",
		"15": "1004417",
		"16": "1271122",
		"17": "1118763",
		"18": "457614",
		"19": "829725",
		"20": "932256",
		"21": "575318",
		"22": "813755",
		"23": "968365",
		"24": "642130",
		"25": "411769",
		"26": "220954",
		"27": "451844",
		"28": "716007",
		"29": "1098400",
		"30": "487445",
		"31": "443046",
		"32": "1032014",
		"33": "30367275",


# END_DYNAMIC_STATS
