# Branch output version 3
Dynamic_Instruction_Count: 100001499
Dynamic_Conditional_Branch_Count: 10105493
Dynamic_Unconditional_Branch_Count: 4064176
Total_Taken_Branches: 8584446
Total_Branch_Transitions: 1089316

Local Branch Stats (Total Count; Taken Count; Transition Count)
24 8 2
16 0 0
16 0 0
24 7 2
17 0 0
8 0 0
8 8 0
24 0 0
24 0 0
24 0 0
24 0 0
24 24 0
24 0 0
24 0 0
24 0 0
24 0 0
24 0 0
24 0 0
24 0 0
24 0 0
24 0 0
24 0 0
24 0 0
24 0 0
24 0 0
24 0 0
24 24 0
24 9 2
15 15 0
24 24 0
24 0 0
24 24 0
24 0 0
24 24 0
24 0 0
24 0 0
24 24 0
24 24 0
24 17 2
24 24 0
17 0 0
17 0 0
34816 34799 33
25 0 0
49 8 16
41 25 31
16 16 0
25 0 0
25 8 2
17 0 0
17 17 0
17 0 0
17 0 0
17 17 0
17 17 0
17 17 0
144648 3 6
144645 113065 46436
31580 4989 3700
31488 17365 13413
24769 4897 9067
24861 24769 184
4989 2773 2159
2216 92 142
48856 0 0
48856 2579 4457
46277 43377 3135
17622 8072 6124
512076 14722 21765
540731 512076 57310
113391 102427 12855
10964 323 310
323 0 0
323 291 58
21949 244 419
21996 21949 94
113391 113391 0
113391 113391 0
113391 1606 2352
111785 570 1124
111215 5198 7134
108193 5106 7805
113160 0 0
113160 0 0
113391 106643 9973
10304 0 0
10304 1967 1862
7347 1736 1843
7578 7347 462
231 0 0
231 231 0
31003 0 0
31003 0 0
31003 323 645
31003 31003 0
196 0 0
4704 3136 3135
1568 196 391
1372 1372 0
196 196 0
196 0 0
196 0 0
4116 2744 2743
1372 0 0
1372 1176 391
106438 103394 5308
3044 417 489
2627 261 276
2627 0 0
2627 2453 312
2627 1141 1093
2627 93 182
2534 2131 577
1277 874 721
261 161 121
417 332 91
85 37 44
48 22 26
85 85 0
1141 0 0
332 94 120
323 107 60
323 0 0
323 301 44
17224 15093 4261
103394 2654 4502
103394 98489 4086
107 101 9
21232 18578 5307
18 0 0
106456 18 36
106438 13045 14404
993787 0 0
993787 106439 212877
887348 789011 196628
111382 110985 788
397 0 0
106457 0 0
106457 0 0
106457 1 2
106456 106439 34
17 17 0
106439 106439 0
111382 110985 788
111382 111382 0
1 0 0
1 0 0
1 0 0
1 0 0
1 0 0
5 5 0
5 4 1
5 5 0
5 5 0
106439 99261 9734
99261 76 152
99185 21 42
99185 133 266
99185 0 0
99261 99261 0
396956 99242 198483
397044 394333 5140
2711 2397 272
314 0 0
314 208 73
30975 115 194
31068 30975 186
314 226 89
88 69 29
99261 99159 80
102 0 0
2128 1995 265
84 0 0
22176 18480 7391
3696 3612 167
84 0 0
2520 2436 167
84 63 41
10836 8232 5040
2604 2583 41
99159 98938 296
221 221 0
98938 5937 10653
93001 654 1308
92347 92323 48
6615 265 468
50800 44450 12699
6615 734 1156
6615 633 1016
11055 5073 6719
23928 23795 250
133 55 58
78 29 34
228 7 10
228 95 74
23928 17946 11963
5982 71 118
5911 5903 16
8 0 0
9962 30 19
10904 60 78
10904 6548 6265
10904 9962 1149
2120 1855 529
734 637 109
5982 0 0
14206 76 140
14130 14115 30
15 0 0
15 12 4
3 1 1
15 0 0
15 0 0
15 12 4
383 296 83
87 32 33
55 27 24
14130 3327 3540
86424 75621 21605
14130 4960 5144
14130 1813 1494
14130 0 0
14130 9184 5146
4946 1573 1167
3373 0 0
3373 3315 110
87 58 34
87 87 0
58 41 16
17 4 4
17 16 2
2 1 1
17 16 2
56520 2743 4868
56520 42390 28259
14130 14130 0
14130 10046 4713
4084 2253 2064
2883 1052 1362
4084 3845 288
281 42 80
7735 123 40
9768 6162 3219
9768 5992 3909
9769 1081 674
9769 7735 2331
123 0 0
5992 0 0
5992 309 454
990 279 232
1020 990 60
5992 5849 212
1144 1001 285
143 71 93
437 365 140
143 62 87
5992 4083 3044
2743 1416 1148
1327 0 0
1327 637 448
2150 690 917
2150 2150 0
1327 1308 38
65 46 23
1327 1022 391
305 120 130
3477 3161 282
3477 2150 1380
1327 1327 0
772 28 56
2071 772 220
1327 1235 78
736 644 183
92 77 26
124 109 27
92 65 38
14129 8224 7059
14115 10924 3482
3191 2811 297
26616 23289 6653
10924 10803 228
121 121 0
1813 226 387
1587 382 237
1431 1333 163
30 0 0
6548 5911 1128
12 10 3
10803 1285 1568
13159 5981 9734
13159 13130 58
29 0 0
1285 106 174
25 0 0
26 0 0
1 1 0
9 1 1
17 17 0
18 17 2
1 1 0
1 0 0
1 0 0
1 0 0
1 1 0
1 1 0
1 1 0
17 0 0
17 0 0
17 0 0
17 0 0
17 0 0
17 17 0
17 0 0
8 0 0
8 0 0
8 0 0
8 0 0
8 8 0
8 8 0
8 8 0
34 0 0
34 0 0
34 0 0
51 0 0
51 0 0
51 51 0
51 0 0
51 0 0
51 0 0
6285 6234 101
