# Mix output version 2
# FINI: end of program
# EMIT_DYNAMIC_STATS FOR TID 1, ins = 100001499
Dynamic Instruction Count = 100001499, Dyn BBL Count = 14169669
RAWdep[ 0] = 0
RAWdep[ 1] = 33339049
RAWdep[ 2] = 14799402
RAWdep[ 3] = 10949656
RAWdep[ 4] = 8457712
RAWdep[ 5] = 2843923
RAWdep[ 6] = 2889218
RAWdep[ 7] = 2224475
RAWdep[ 8] = 4424536
RAWdep[ 9] = 3654466
RAWdep[ 10] = 1881825
RAWdep[ 11] = 2060197
RAWdep[ 12] = 1598001
RAWdep[ 13] = 2925146
RAWdep[ 14] = 2214939
RAWdep[ 15] = 569970
RAWdep[ 16] = 1436047
RAWdep[ 17] = 1078121
RAWdep[ 18] = 806244
RAWdep[ 19] = 1537975
RAWdep[ 20] = 792798
RAWdep[ 21] = 1053686
RAWdep[ 22] = 761705
RAWdep[ 23] = 934615
RAWdep[ 24] = 1527730
RAWdep[ 25] = 422748
RAWdep[ 26] = 261092
RAWdep[ 27] = 158479
RAWdep[ 28] = 715581
RAWdep[ 29] = 1000117
RAWdep[ 30] = 555060
RAWdep[ 31] = 428532
RAWdep[ 32] = 528037
RAWdep[ 33] = 42121798

WAWdep[ 0] = 0
WAWdep[ 1] = 22401522
WAWdep[ 2] = 16026184
WAWdep[ 3] = 9748313
WAWdep[ 4] = 10939652
WAWdep[ 5] = 6058482
WAWdep[ 6] = 2748862
WAWdep[ 7] = 3247042
WAWdep[ 8] = 4287350
WAWdep[ 9] = 2113742
WAWdep[ 10] = 1974421
WAWdep[ 11] = 758634
WAWdep[ 12] = 1179030
WAWdep[ 13] = 1731891
WAWdep[ 14] = 1838650
WAWdep[ 15] = 664991
WAWdep[ 16] = 642558
WAWdep[ 17] = 526116
WAWdep[ 18] = 696422
WAWdep[ 19] = 802637
WAWdep[ 20] = 868597
WAWdep[ 21] = 511216
WAWdep[ 22] = 817147
WAWdep[ 23] = 294032
WAWdep[ 24] = 1209195
WAWdep[ 25] = 1698048
WAWdep[ 26] = 143174
WAWdep[ 27] = 1045964
WAWdep[ 28] = 400825
WAWdep[ 29] = 959163
WAWdep[ 30] = 36939
WAWdep[ 31] = 401765
WAWdep[ 32] = 505461
WAWdep[ 33] = 15626388

WARdep[ 0] = 42124221
WARdep[ 1] = 8645351
WARdep[ 2] = 7014048
WARdep[ 3] = 2767975
WARdep[ 4] = 3759302
WARdep[ 5] = 3723178
WARdep[ 6] = 1499593
WARdep[ 7] = 2207537
WARdep[ 8] = 1859347
WARdep[ 9] = 1322132
WARdep[ 10] = 2081325
WARdep[ 11] = 1469121
WARdep[ 12] = 2989348
WARdep[ 13] = 2023320
WARdep[ 14] = 1335481
WARdep[ 15] = 1155032
WARdep[ 16] = 954476
WARdep[ 17] = 1234746
WARdep[ 18] = 1514067
WARdep[ 19] = 1370932
WARdep[ 20] = 1506108
WARdep[ 21] = 748646
WARdep[ 22] = 792526
WARdep[ 23] = 667266
WARdep[ 24] = 485133
WARdep[ 25] = 1554619
WARdep[ 26] = 700316
WARdep[ 27] = 318886
WARdep[ 28] = 677284
WARdep[ 29] = 279127
WARdep[ 30] = 326266
WARdep[ 31] = 425050
WARdep[ 32] = 407651
WARdep[ 33] = 12965003


		"0": "0",
		"1": "33339049",
		"2": "14799402",
		"3": "10949656",
		"4": "8457712",
		"5": "2843923",
		"6": "2889218",
		"7": "2224475",
		"8": "4424536",
		"9": "3654466",
		"10": "1881825",
		"11": "2060197",
		"12": "1598001",
		"13": "2925146",
		"14": "2214939",
		"15": "569970",
		"16": "1436047",
		"17": "1078121",
		"18": "806244",
		"19": "1537975",
		"20": "792798",
		"21": "1053686",
		"22": "761705",
		"23": "934615",
		"24": "1527730",
		"25": "422748",
		"26": "261092",
		"27": "158479",
		"28": "715581",
		"29": "1000117",
		"30": "555060",
		"31": "428532",
		"32": "528037",
		"33": "42121798",


# END_DYNAMIC_STATS
