# Mix output version 2
# FINI: end of program
# EMIT_DYNAMIC_STATS FOR TID 1
# instructions = 100101502, basic blocks = 16221289
Local Byte Stride Bucket 0 is equal to 20852250
Local Byte Stride Bucket 1 is equal to 106
Local Byte Stride Bucket 2 is equal to 439334
Local Byte Stride Bucket 3 is equal to 30
Local Byte Stride Bucket 4 is equal to 2298228
Local Byte Stride Bucket 5 is equal to 52
Local Byte Stride Bucket 6 is equal to 41493
Local Byte Stride Bucket 7 is equal to 44
Local Byte Stride Bucket 8 is equal to 630750
Local Byte Stride Bucket 9 is equal to 7
Local Byte Stride Bucket 10 is equal to 21560
Local Byte Stride Bucket 11 is equal to 14
Local Byte Stride Bucket 12 is equal to 313482
Local Byte Stride Bucket 13 is equal to 71
Local Byte Stride Bucket 14 is equal to 19828
Local Byte Stride Bucket 15 is equal to 27
Local Byte Stride Bucket 16 is equal to 93702
Local Byte Stride Bucket 17 is equal to 18
Local Byte Stride Bucket 18 is equal to 17042
Local Byte Stride Bucket 19 is equal to 64
Local Byte Stride Bucket 20 is equal to 47383
Local Byte Stride Bucket 21 is equal to 19
Local Byte Stride Bucket 22 is equal to 24059
Local Byte Stride Bucket 23 is equal to 3
Local Byte Stride Bucket 24 is equal to 156707
Local Byte Stride Bucket 25 is equal to 46
Local Byte Stride Bucket 26 is equal to 18910
Local Byte Stride Bucket 27 is equal to 44
Local Byte Stride Bucket 28 is equal to 88381
Local Byte Stride Bucket 29 is equal to 6
Local Byte Stride Bucket 30 is equal to 18622
Local Byte Stride Bucket 31 is equal to 14
Local Byte Stride Bucket 32 is equal to 156695
Local Byte Stride Bucket 33 is equal to 8
Local Byte Stride Bucket 34 is equal to 21075
Local Byte Stride Bucket 35 is equal to 3
Local Byte Stride Bucket 36 is equal to 40959
Local Byte Stride Bucket 37 is equal to 5
Local Byte Stride Bucket 38 is equal to 97840
Local Byte Stride Bucket 39 is equal to 7
Local Byte Stride Bucket 40 is equal to 322537
Local Byte Stride Bucket 41 is equal to 12
Local Byte Stride Bucket 42 is equal to 196178
Local Byte Stride Bucket 43 is equal to 18
Local Byte Stride Bucket 44 is equal to 464363
Local Byte Stride Bucket 45 is equal to 4
Local Byte Stride Bucket 46 is equal to 74777
Local Byte Stride Bucket 47 is equal to 6
Local Byte Stride Bucket 48 is equal to 49968
Local Byte Stride Bucket 49 is equal to 6
Local Byte Stride Bucket 50 is equal to 19192
Local Byte Stride Bucket 51 is equal to 3
Local Byte Stride Bucket 52 is equal to 31056
Local Byte Stride Bucket 53 is equal to 14
Local Byte Stride Bucket 54 is equal to 17634
Local Byte Stride Bucket 55 is equal to 10
Local Byte Stride Bucket 56 is equal to 29829
Local Byte Stride Bucket 57 is equal to 5
Local Byte Stride Bucket 58 is equal to 13990
Local Byte Stride Bucket 59 is equal to 18
Local Byte Stride Bucket 60 is equal to 23981
Local Byte Stride Bucket 61 is equal to 22
Local Byte Stride Bucket 62 is equal to 14317
Local Byte Stride Bucket 63 is equal to 24
Local Byte Stride Bucket 64 is equal to 969188
Local Byte Stride Bucket 65 is equal to 19
Local Byte Stride Bucket 66 is equal to 13796
Local Byte Stride Bucket 67 is equal to 11
Local Byte Stride Bucket 68 is equal to 26099
Local Byte Stride Bucket 69 is equal to 11
Local Byte Stride Bucket 70 is equal to 13878
Local Byte Stride Bucket 71 is equal to 0
Local Byte Stride Bucket 72 is equal to 35272
Local Byte Stride Bucket 73 is equal to 11
Local Byte Stride Bucket 74 is equal to 17464
Local Byte Stride Bucket 75 is equal to 6
Local Byte Stride Bucket 76 is equal to 167555
Local Byte Stride Bucket 77 is equal to 13
Local Byte Stride Bucket 78 is equal to 21225
Local Byte Stride Bucket 79 is equal to 9
Local Byte Stride Bucket 80 is equal to 291105
Local Byte Stride Bucket 81 is equal to 1
Local Byte Stride Bucket 82 is equal to 63156
Local Byte Stride Bucket 83 is equal to 2
Local Byte Stride Bucket 84 is equal to 301957
Local Byte Stride Bucket 85 is equal to 9
Local Byte Stride Bucket 86 is equal to 53350
Local Byte Stride Bucket 87 is equal to 1
Local Byte Stride Bucket 88 is equal to 403317
Local Byte Stride Bucket 89 is equal to 22
Local Byte Stride Bucket 90 is equal to 22495
Local Byte Stride Bucket 91 is equal to 2
Local Byte Stride Bucket 92 is equal to 68787
Local Byte Stride Bucket 93 is equal to 1
Local Byte Stride Bucket 94 is equal to 17003
Local Byte Stride Bucket 95 is equal to 2
Local Byte Stride Bucket 96 is equal to 33513
Local Byte Stride Bucket 97 is equal to 0
Local Byte Stride Bucket 98 is equal to 14226
Local Byte Stride Bucket 99 is equal to 3
Local Byte Stride Bucket 100 is equal to 27837
Local Byte Stride Bucket 101 is equal to 2
Local Byte Stride Bucket 102 is equal to 18622
Local Byte Stride Bucket 103 is equal to 0
Local Byte Stride Bucket 104 is equal to 25377
Local Byte Stride Bucket 105 is equal to 7
Local Byte Stride Bucket 106 is equal to 15351
Local Byte Stride Bucket 107 is equal to 11
Local Byte Stride Bucket 108 is equal to 24342
Local Byte Stride Bucket 109 is equal to 12
Local Byte Stride Bucket 110 is equal to 16083
Local Byte Stride Bucket 111 is equal to 2
Local Byte Stride Bucket 112 is equal to 19310
Local Byte Stride Bucket 113 is equal to 7
Local Byte Stride Bucket 114 is equal to 12925
Local Byte Stride Bucket 115 is equal to 6
Local Byte Stride Bucket 116 is equal to 22738
Local Byte Stride Bucket 117 is equal to 11
Local Byte Stride Bucket 118 is equal to 23091
Local Byte Stride Bucket 119 is equal to 3
Local Byte Stride Bucket 120 is equal to 21819
Local Byte Stride Bucket 121 is equal to 3
Local Byte Stride Bucket 122 is equal to 20069
Local Byte Stride Bucket 123 is equal to 9
Local Byte Stride Bucket 124 is equal to 39001
Local Byte Stride Bucket 125 is equal to 11
Local Byte Stride Bucket 126 is equal to 30937
Local Byte Stride Bucket 127 is equal to 53
Local Byte Stride Bucket 128 is equal to 202255
Local Byte Stride Bucket 129 is equal to 12
Local Byte Stride Bucket 130 is equal to 27416
Local Byte Stride Bucket 131 is equal to 8
Local Byte Stride Bucket 132 is equal to 24460
Local Byte Stride Bucket 133 is equal to 7
Local Byte Stride Bucket 134 is equal to 14214
Local Byte Stride Bucket 135 is equal to 5
Local Byte Stride Bucket 136 is equal to 18888
Local Byte Stride Bucket 137 is equal to 4
Local Byte Stride Bucket 138 is equal to 15360
Local Byte Stride Bucket 139 is equal to 4
Local Byte Stride Bucket 140 is equal to 20935
Local Byte Stride Bucket 141 is equal to 18
Local Byte Stride Bucket 142 is equal to 11121
Local Byte Stride Bucket 143 is equal to 11
Local Byte Stride Bucket 144 is equal to 20337
Local Byte Stride Bucket 145 is equal to 4
Local Byte Stride Bucket 146 is equal to 14529
Local Byte Stride Bucket 147 is equal to 4
Local Byte Stride Bucket 148 is equal to 23847
Local Byte Stride Bucket 149 is equal to 8
Local Byte Stride Bucket 150 is equal to 24543
Local Byte Stride Bucket 151 is equal to 6
Local Byte Stride Bucket 152 is equal to 19334
Local Byte Stride Bucket 153 is equal to 5
Local Byte Stride Bucket 154 is equal to 11476
Local Byte Stride Bucket 155 is equal to 2
Local Byte Stride Bucket 156 is equal to 24964
Local Byte Stride Bucket 157 is equal to 8
Local Byte Stride Bucket 158 is equal to 18102
Local Byte Stride Bucket 159 is equal to 2
Local Byte Stride Bucket 160 is equal to 153202
Local Byte Stride Bucket 161 is equal to 2
Local Byte Stride Bucket 162 is equal to 13166
Local Byte Stride Bucket 163 is equal to 4
Local Byte Stride Bucket 164 is equal to 55542
Local Byte Stride Bucket 165 is equal to 2
Local Byte Stride Bucket 166 is equal to 16476
Local Byte Stride Bucket 167 is equal to 7
Local Byte Stride Bucket 168 is equal to 70731
Local Byte Stride Bucket 169 is equal to 3
Local Byte Stride Bucket 170 is equal to 18167
Local Byte Stride Bucket 171 is equal to 2
Local Byte Stride Bucket 172 is equal to 47072
Local Byte Stride Bucket 173 is equal to 4
Local Byte Stride Bucket 174 is equal to 11440
Local Byte Stride Bucket 175 is equal to 0
Local Byte Stride Bucket 176 is equal to 44569
Local Byte Stride Bucket 177 is equal to 12
Local Byte Stride Bucket 178 is equal to 14011
Local Byte Stride Bucket 179 is equal to 2
Local Byte Stride Bucket 180 is equal to 25246
Local Byte Stride Bucket 181 is equal to 16
Local Byte Stride Bucket 182 is equal to 9662
Local Byte Stride Bucket 183 is equal to 6
Local Byte Stride Bucket 184 is equal to 21428
Local Byte Stride Bucket 185 is equal to 4
Local Byte Stride Bucket 186 is equal to 18029
Local Byte Stride Bucket 187 is equal to 4
Local Byte Stride Bucket 188 is equal to 18779
Local Byte Stride Bucket 189 is equal to 8
Local Byte Stride Bucket 190 is equal to 9500
Local Byte Stride Bucket 191 is equal to 9
Local Byte Stride Bucket 192 is equal to 48314
Local Byte Stride Bucket 193 is equal to 28
Local Byte Stride Bucket 194 is equal to 9700
Local Byte Stride Bucket 195 is equal to 4
Local Byte Stride Bucket 196 is equal to 17465
Local Byte Stride Bucket 197 is equal to 6
Local Byte Stride Bucket 198 is equal to 10745
Local Byte Stride Bucket 199 is equal to 7
Local Byte Stride Bucket 200 is equal to 18246
Local Byte Stride Bucket 201 is equal to 5
Local Byte Stride Bucket 202 is equal to 45022
Local Byte Stride Bucket 203 is equal to 4
Local Byte Stride Bucket 204 is equal to 15333
Local Byte Stride Bucket 205 is equal to 3
Local Byte Stride Bucket 206 is equal to 10577
Local Byte Stride Bucket 207 is equal to 9
Local Byte Stride Bucket 208 is equal to 21147
Local Byte Stride Bucket 209 is equal to 6
Local Byte Stride Bucket 210 is equal to 13713
Local Byte Stride Bucket 211 is equal to 4
Local Byte Stride Bucket 212 is equal to 18919
Local Byte Stride Bucket 213 is equal to 2
Local Byte Stride Bucket 214 is equal to 11386
Local Byte Stride Bucket 215 is equal to 5
Local Byte Stride Bucket 216 is equal to 17540
Local Byte Stride Bucket 217 is equal to 2
Local Byte Stride Bucket 218 is equal to 12485
Local Byte Stride Bucket 219 is equal to 3
Local Byte Stride Bucket 220 is equal to 20736
Local Byte Stride Bucket 221 is equal to 2
Local Byte Stride Bucket 222 is equal to 9233
Local Byte Stride Bucket 223 is equal to 6
Local Byte Stride Bucket 224 is equal to 142609
Local Byte Stride Bucket 225 is equal to 1
Local Byte Stride Bucket 226 is equal to 11770
Local Byte Stride Bucket 227 is equal to 0
Local Byte Stride Bucket 228 is equal to 15989
Local Byte Stride Bucket 229 is equal to 4
Local Byte Stride Bucket 230 is equal to 13607
Local Byte Stride Bucket 231 is equal to 5
Local Byte Stride Bucket 232 is equal to 38464
Local Byte Stride Bucket 233 is equal to 0
Local Byte Stride Bucket 234 is equal to 10510
Local Byte Stride Bucket 235 is equal to 8
Local Byte Stride Bucket 236 is equal to 17458
Local Byte Stride Bucket 237 is equal to 6
Local Byte Stride Bucket 238 is equal to 9667
Local Byte Stride Bucket 239 is equal to 5
Local Byte Stride Bucket 240 is equal to 25324
Local Byte Stride Bucket 241 is equal to 5
Local Byte Stride Bucket 242 is equal to 11767
Local Byte Stride Bucket 243 is equal to 9
Local Byte Stride Bucket 244 is equal to 19276
Local Byte Stride Bucket 245 is equal to 4
Local Byte Stride Bucket 246 is equal to 9944
Local Byte Stride Bucket 247 is equal to 0
Local Byte Stride Bucket 248 is equal to 30626
Local Byte Stride Bucket 249 is equal to 2
Local Byte Stride Bucket 250 is equal to 10682
Local Byte Stride Bucket 251 is equal to 12
Local Byte Stride Bucket 252 is equal to 31428
Local Byte Stride Bucket 253 is equal to 13
Local Byte Stride Bucket 254 is equal to 10317
Local Byte Stride Bucket 255 is equal to 5
Local Byte Stride Bucket 256 is equal to 3795567

Local Cache Stride Bucket 0 is equal to 24892003
Local Cache Stride Bucket 1 is equal to 3880189
Local Cache Stride Bucket 2 is equal to 1323568
Local Cache Stride Bucket 3 is equal to 809716
Local Cache Stride Bucket 4 is equal to 613420
Local Cache Stride Bucket 5 is equal to 456953
Local Cache Stride Bucket 6 is equal to 414780
Local Cache Stride Bucket 7 is equal to 388769
Local Cache Stride Bucket 8 is equal to 291957
Local Cache Stride Bucket 9 is equal to 318824
Local Cache Stride Bucket 10 is equal to 239048
Local Cache Stride Bucket 11 is equal to 219673
Local Cache Stride Bucket 12 is equal to 136338
Local Cache Stride Bucket 13 is equal to 130913
Local Cache Stride Bucket 14 is equal to 84162
Local Cache Stride Bucket 15 is equal to 56350
Local Cache Stride Bucket 16 is equal to 50469
Local Cache Stride Bucket 17 is equal to 48568
Local Cache Stride Bucket 18 is equal to 45573
Local Cache Stride Bucket 19 is equal to 38973
Local Cache Stride Bucket 20 is equal to 33555
Local Cache Stride Bucket 21 is equal to 34905
Local Cache Stride Bucket 22 is equal to 33550
Local Cache Stride Bucket 23 is equal to 29163
Local Cache Stride Bucket 24 is equal to 20819
Local Cache Stride Bucket 25 is equal to 6172
Local Cache Stride Bucket 26 is equal to 6195
Local Cache Stride Bucket 27 is equal to 1270
Local Cache Stride Bucket 28 is equal to 3057
Local Cache Stride Bucket 29 is equal to 239
Local Cache Stride Bucket 30 is equal to 459
Local Cache Stride Bucket 31 is equal to 285
Local Cache Stride Bucket 32 is equal to 1367
Local Cache Stride Bucket 33 is equal to 1477
Local Cache Stride Bucket 34 is equal to 1009
Local Cache Stride Bucket 35 is equal to 203
Local Cache Stride Bucket 36 is equal to 179
Local Cache Stride Bucket 37 is equal to 156
Local Cache Stride Bucket 38 is equal to 305
Local Cache Stride Bucket 39 is equal to 143
Local Cache Stride Bucket 40 is equal to 178
Local Cache Stride Bucket 41 is equal to 218
Local Cache Stride Bucket 42 is equal to 118
Local Cache Stride Bucket 43 is equal to 160
Local Cache Stride Bucket 44 is equal to 134
Local Cache Stride Bucket 45 is equal to 719
Local Cache Stride Bucket 46 is equal to 788
Local Cache Stride Bucket 47 is equal to 242
Local Cache Stride Bucket 48 is equal to 621
Local Cache Stride Bucket 49 is equal to 221
Local Cache Stride Bucket 50 is equal to 211
Local Cache Stride Bucket 51 is equal to 823
Local Cache Stride Bucket 52 is equal to 745
Local Cache Stride Bucket 53 is equal to 169
Local Cache Stride Bucket 54 is equal to 119
Local Cache Stride Bucket 55 is equal to 217
Local Cache Stride Bucket 56 is equal to 146
Local Cache Stride Bucket 57 is equal to 146
Local Cache Stride Bucket 58 is equal to 74
Local Cache Stride Bucket 59 is equal to 95
Local Cache Stride Bucket 60 is equal to 157
Local Cache Stride Bucket 61 is equal to 125
Local Cache Stride Bucket 62 is equal to 151
Local Cache Stride Bucket 63 is equal to 207
Local Cache Stride Bucket 64 is equal to 475
Local Cache Stride Bucket 65 is equal to 260
Local Cache Stride Bucket 66 is equal to 165
Local Cache Stride Bucket 67 is equal to 134
Local Cache Stride Bucket 68 is equal to 151
Local Cache Stride Bucket 69 is equal to 141
Local Cache Stride Bucket 70 is equal to 82
Local Cache Stride Bucket 71 is equal to 116
Local Cache Stride Bucket 72 is equal to 154
Local Cache Stride Bucket 73 is equal to 90
Local Cache Stride Bucket 74 is equal to 97
Local Cache Stride Bucket 75 is equal to 213
Local Cache Stride Bucket 76 is equal to 284
Local Cache Stride Bucket 77 is equal to 168
Local Cache Stride Bucket 78 is equal to 147
Local Cache Stride Bucket 79 is equal to 202
Local Cache Stride Bucket 80 is equal to 336
Local Cache Stride Bucket 81 is equal to 279
Local Cache Stride Bucket 82 is equal to 154
Local Cache Stride Bucket 83 is equal to 105
Local Cache Stride Bucket 84 is equal to 182
Local Cache Stride Bucket 85 is equal to 167
Local Cache Stride Bucket 86 is equal to 290
Local Cache Stride Bucket 87 is equal to 111
Local Cache Stride Bucket 88 is equal to 194
Local Cache Stride Bucket 89 is equal to 129
Local Cache Stride Bucket 90 is equal to 178
Local Cache Stride Bucket 91 is equal to 109
Local Cache Stride Bucket 92 is equal to 204
Local Cache Stride Bucket 93 is equal to 151
Local Cache Stride Bucket 94 is equal to 153
Local Cache Stride Bucket 95 is equal to 111
Local Cache Stride Bucket 96 is equal to 327
Local Cache Stride Bucket 97 is equal to 233
Local Cache Stride Bucket 98 is equal to 194
Local Cache Stride Bucket 99 is equal to 92
Local Cache Stride Bucket 100 is equal to 106
Local Cache Stride Bucket 101 is equal to 110
Local Cache Stride Bucket 102 is equal to 116
Local Cache Stride Bucket 103 is equal to 114
Local Cache Stride Bucket 104 is equal to 106
Local Cache Stride Bucket 105 is equal to 107
Local Cache Stride Bucket 106 is equal to 71
Local Cache Stride Bucket 107 is equal to 84
Local Cache Stride Bucket 108 is equal to 45
Local Cache Stride Bucket 109 is equal to 102
Local Cache Stride Bucket 110 is equal to 1143
Local Cache Stride Bucket 111 is equal to 83
Local Cache Stride Bucket 112 is equal to 164
Local Cache Stride Bucket 113 is equal to 91
Local Cache Stride Bucket 114 is equal to 59
Local Cache Stride Bucket 115 is equal to 74
Local Cache Stride Bucket 116 is equal to 78
Local Cache Stride Bucket 117 is equal to 1003
Local Cache Stride Bucket 118 is equal to 396
Local Cache Stride Bucket 119 is equal to 77
Local Cache Stride Bucket 120 is equal to 208
Local Cache Stride Bucket 121 is equal to 102
Local Cache Stride Bucket 122 is equal to 154
Local Cache Stride Bucket 123 is equal to 60
Local Cache Stride Bucket 124 is equal to 101
Local Cache Stride Bucket 125 is equal to 77
Local Cache Stride Bucket 126 is equal to 224
Local Cache Stride Bucket 127 is equal to 94
Local Cache Stride Bucket 128 is equal to 1801
Local Cache Stride Bucket 129 is equal to 1458
Local Cache Stride Bucket 130 is equal to 165
Local Cache Stride Bucket 131 is equal to 97
Local Cache Stride Bucket 132 is equal to 109
Local Cache Stride Bucket 133 is equal to 114
Local Cache Stride Bucket 134 is equal to 160
Local Cache Stride Bucket 135 is equal to 74
Local Cache Stride Bucket 136 is equal to 142
Local Cache Stride Bucket 137 is equal to 98
Local Cache Stride Bucket 138 is equal to 392
Local Cache Stride Bucket 139 is equal to 1039
Local Cache Stride Bucket 140 is equal to 61
Local Cache Stride Bucket 141 is equal to 86
Local Cache Stride Bucket 142 is equal to 60
Local Cache Stride Bucket 143 is equal to 108
Local Cache Stride Bucket 144 is equal to 131
Local Cache Stride Bucket 145 is equal to 131
Local Cache Stride Bucket 146 is equal to 77
Local Cache Stride Bucket 147 is equal to 116
Local Cache Stride Bucket 148 is equal to 105
Local Cache Stride Bucket 149 is equal to 64
Local Cache Stride Bucket 150 is equal to 107
Local Cache Stride Bucket 151 is equal to 131
Local Cache Stride Bucket 152 is equal to 171
Local Cache Stride Bucket 153 is equal to 146
Local Cache Stride Bucket 154 is equal to 103
Local Cache Stride Bucket 155 is equal to 129
Local Cache Stride Bucket 156 is equal to 76
Local Cache Stride Bucket 157 is equal to 80
Local Cache Stride Bucket 158 is equal to 296
Local Cache Stride Bucket 159 is equal to 104
Local Cache Stride Bucket 160 is equal to 166
Local Cache Stride Bucket 161 is equal to 133
Local Cache Stride Bucket 162 is equal to 137
Local Cache Stride Bucket 163 is equal to 115
Local Cache Stride Bucket 164 is equal to 69
Local Cache Stride Bucket 165 is equal to 47
Local Cache Stride Bucket 166 is equal to 1095
Local Cache Stride Bucket 167 is equal to 386
Local Cache Stride Bucket 168 is equal to 1040
Local Cache Stride Bucket 169 is equal to 404
Local Cache Stride Bucket 170 is equal to 68
Local Cache Stride Bucket 171 is equal to 142
Local Cache Stride Bucket 172 is equal to 144
Local Cache Stride Bucket 173 is equal to 89
Local Cache Stride Bucket 174 is equal to 100
Local Cache Stride Bucket 175 is equal to 124
Local Cache Stride Bucket 176 is equal to 202
Local Cache Stride Bucket 177 is equal to 144
Local Cache Stride Bucket 178 is equal to 112
Local Cache Stride Bucket 179 is equal to 147
Local Cache Stride Bucket 180 is equal to 111
Local Cache Stride Bucket 181 is equal to 89
Local Cache Stride Bucket 182 is equal to 120
Local Cache Stride Bucket 183 is equal to 95
Local Cache Stride Bucket 184 is equal to 100
Local Cache Stride Bucket 185 is equal to 107
Local Cache Stride Bucket 186 is equal to 102
Local Cache Stride Bucket 187 is equal to 111
Local Cache Stride Bucket 188 is equal to 76
Local Cache Stride Bucket 189 is equal to 94
Local Cache Stride Bucket 190 is equal to 91
Local Cache Stride Bucket 191 is equal to 96
Local Cache Stride Bucket 192 is equal to 214
Local Cache Stride Bucket 193 is equal to 135
Local Cache Stride Bucket 194 is equal to 98
Local Cache Stride Bucket 195 is equal to 47
Local Cache Stride Bucket 196 is equal to 130
Local Cache Stride Bucket 197 is equal to 67
Local Cache Stride Bucket 198 is equal to 62
Local Cache Stride Bucket 199 is equal to 90
Local Cache Stride Bucket 200 is equal to 80
Local Cache Stride Bucket 201 is equal to 122
Local Cache Stride Bucket 202 is equal to 81
Local Cache Stride Bucket 203 is equal to 67
Local Cache Stride Bucket 204 is equal to 92
Local Cache Stride Bucket 205 is equal to 124
Local Cache Stride Bucket 206 is equal to 116
Local Cache Stride Bucket 207 is equal to 106
Local Cache Stride Bucket 208 is equal to 121
Local Cache Stride Bucket 209 is equal to 108
Local Cache Stride Bucket 210 is equal to 94
Local Cache Stride Bucket 211 is equal to 88
Local Cache Stride Bucket 212 is equal to 87
Local Cache Stride Bucket 213 is equal to 103
Local Cache Stride Bucket 214 is equal to 115
Local Cache Stride Bucket 215 is equal to 79
Local Cache Stride Bucket 216 is equal to 63
Local Cache Stride Bucket 217 is equal to 75
Local Cache Stride Bucket 218 is equal to 96
Local Cache Stride Bucket 219 is equal to 87
Local Cache Stride Bucket 220 is equal to 110
Local Cache Stride Bucket 221 is equal to 90
Local Cache Stride Bucket 222 is equal to 159
Local Cache Stride Bucket 223 is equal to 94
Local Cache Stride Bucket 224 is equal to 150
Local Cache Stride Bucket 225 is equal to 60
Local Cache Stride Bucket 226 is equal to 139
Local Cache Stride Bucket 227 is equal to 81
Local Cache Stride Bucket 228 is equal to 90
Local Cache Stride Bucket 229 is equal to 71
Local Cache Stride Bucket 230 is equal to 112
Local Cache Stride Bucket 231 is equal to 76
Local Cache Stride Bucket 232 is equal to 71
Local Cache Stride Bucket 233 is equal to 122
Local Cache Stride Bucket 234 is equal to 100
Local Cache Stride Bucket 235 is equal to 129
Local Cache Stride Bucket 236 is equal to 135
Local Cache Stride Bucket 237 is equal to 146
Local Cache Stride Bucket 238 is equal to 609
Local Cache Stride Bucket 239 is equal to 630
Local Cache Stride Bucket 240 is equal to 268
Local Cache Stride Bucket 241 is equal to 173
Local Cache Stride Bucket 242 is equal to 93
Local Cache Stride Bucket 243 is equal to 112
Local Cache Stride Bucket 244 is equal to 150
Local Cache Stride Bucket 245 is equal to 144
Local Cache Stride Bucket 246 is equal to 107
Local Cache Stride Bucket 247 is equal to 125
Local Cache Stride Bucket 248 is equal to 164
Local Cache Stride Bucket 249 is equal to 116
Local Cache Stride Bucket 250 is equal to 144
Local Cache Stride Bucket 251 is equal to 114
Local Cache Stride Bucket 252 is equal to 246
Local Cache Stride Bucket 253 is equal to 172
Local Cache Stride Bucket 254 is equal to 211
Local Cache Stride Bucket 255 is equal to 176
Local Cache Stride Bucket 256 is equal to 397047


            "0": "20852250",
            "1": "106",
            "2": "439334",
            "3": "30",
            "4": "2298228",
            "5": "52",
            "6": "41493",
            "7": "44",
            "8": "630750",
            "9": "7",
            "10": "21560",
            "11": "14",
            "12": "313482",
            "13": "71",
            "14": "19828",
            "15": "27",
            "16": "93702",
            "17": "18",
            "18": "17042",
            "19": "64",
            "20": "47383",
            "21": "19",
            "22": "24059",
            "23": "3",
            "24": "156707",
            "25": "46",
            "26": "18910",
            "27": "44",
            "28": "88381",
            "29": "6",
            "30": "18622",
            "31": "14",
            "32": "156695",
            "33": "8",
            "34": "21075",
            "35": "3",
            "36": "40959",
            "37": "5",
            "38": "97840",
            "39": "7",
            "40": "322537",
            "41": "12",
            "42": "196178",
            "43": "18",
            "44": "464363",
            "45": "4",
            "46": "74777",
            "47": "6",
            "48": "49968",
            "49": "6",
            "50": "19192",
            "51": "3",
            "52": "31056",
            "53": "14",
            "54": "17634",
            "55": "10",
            "56": "29829",
            "57": "5",
            "58": "13990",
            "59": "18",
            "60": "23981",
            "61": "22",
            "62": "14317",
            "63": "24",
            "64": "969188",
            "65": "19",
            "66": "13796",
            "67": "11",
            "68": "26099",
            "69": "11",
            "70": "13878",
            "71": "0",
            "72": "35272",
            "73": "11",
            "74": "17464",
            "75": "6",
            "76": "167555",
            "77": "13",
            "78": "21225",
            "79": "9",
            "80": "291105",
            "81": "1",
            "82": "63156",
            "83": "2",
            "84": "301957",
            "85": "9",
            "86": "53350",
            "87": "1",
            "88": "403317",
            "89": "22",
            "90": "22495",
            "91": "2",
            "92": "68787",
            "93": "1",
            "94": "17003",
            "95": "2",
            "96": "33513",
            "97": "0",
            "98": "14226",
            "99": "3",
            "100": "27837",
            "101": "2",
            "102": "18622",
            "103": "0",
            "104": "25377",
            "105": "7",
            "106": "15351",
            "107": "11",
            "108": "24342",
            "109": "12",
            "110": "16083",
            "111": "2",
            "112": "19310",
            "113": "7",
            "114": "12925",
            "115": "6",
            "116": "22738",
            "117": "11",
            "118": "23091",
            "119": "3",
            "120": "21819",
            "121": "3",
            "122": "20069",
            "123": "9",
            "124": "39001",
            "125": "11",
            "126": "30937",
            "127": "53",
            "128": "202255",
            "129": "12",
            "130": "27416",
            "131": "8",
            "132": "24460",
            "133": "7",
            "134": "14214",
            "135": "5",
            "136": "18888",
            "137": "4",
            "138": "15360",
            "139": "4",
            "140": "20935",
            "141": "18",
            "142": "11121",
            "143": "11",
            "144": "20337",
            "145": "4",
            "146": "14529",
            "147": "4",
            "148": "23847",
            "149": "8",
            "150": "24543",
            "151": "6",
            "152": "19334",
            "153": "5",
            "154": "11476",
            "155": "2",
            "156": "24964",
            "157": "8",
            "158": "18102",
            "159": "2",
            "160": "153202",
            "161": "2",
            "162": "13166",
            "163": "4",
            "164": "55542",
            "165": "2",
            "166": "16476",
            "167": "7",
            "168": "70731",
            "169": "3",
            "170": "18167",
            "171": "2",
            "172": "47072",
            "173": "4",
            "174": "11440",
            "175": "0",
            "176": "44569",
            "177": "12",
            "178": "14011",
            "179": "2",
            "180": "25246",
            "181": "16",
            "182": "9662",
            "183": "6",
            "184": "21428",
            "185": "4",
            "186": "18029",
            "187": "4",
            "188": "18779",
            "189": "8",
            "190": "9500",
            "191": "9",
            "192": "48314",
            "193": "28",
            "194": "9700",
            "195": "4",
            "196": "17465",
            "197": "6",
            "198": "10745",
            "199": "7",
            "200": "18246",
            "201": "5",
            "202": "45022",
            "203": "4",
            "204": "15333",
            "205": "3",
            "206": "10577",
            "207": "9",
            "208": "21147",
            "209": "6",
            "210": "13713",
            "211": "4",
            "212": "18919",
            "213": "2",
            "214": "11386",
            "215": "5",
            "216": "17540",
            "217": "2",
            "218": "12485",
            "219": "3",
            "220": "20736",
            "221": "2",
            "222": "9233",
            "223": "6",
            "224": "142609",
            "225": "1",
            "226": "11770",
            "227": "0",
            "228": "15989",
            "229": "4",
            "230": "13607",
            "231": "5",
            "232": "38464",
            "233": "0",
            "234": "10510",
            "235": "8",
            "236": "17458",
            "237": "6",
            "238": "9667",
            "239": "5",
            "240": "25324",
            "241": "5",
            "242": "11767",
            "243": "9",
            "244": "19276",
            "245": "4",
            "246": "9944",
            "247": "0",
            "248": "30626",
            "249": "2",
            "250": "10682",
            "251": "12",
            "252": "31428",
            "253": "13",
            "254": "10317",
            "255": "5",
            "256": "3795567",


# END_DYNAMIC_STATS
