# Mix output version 2
# FINI: end of program
# EMIT_DYNAMIC_STATS FOR TID 1
# instructions = 100101502, basic blocks = 16221289
Local Byte Stride Bucket -256 is equal to 1955761
Local Byte Stride Bucket -255 is equal to 2
Local Byte Stride Bucket -254 is equal to 4764
Local Byte Stride Bucket -253 is equal to 4
Local Byte Stride Bucket -252 is equal to 15729
Local Byte Stride Bucket -251 is equal to 8
Local Byte Stride Bucket -250 is equal to 5492
Local Byte Stride Bucket -248 is equal to 16726
Local Byte Stride Bucket -246 is equal to 5016
Local Byte Stride Bucket -245 is equal to 2
Local Byte Stride Bucket -244 is equal to 10001
Local Byte Stride Bucket -243 is equal to 3
Local Byte Stride Bucket -242 is equal to 5930
Local Byte Stride Bucket -241 is equal to 3
Local Byte Stride Bucket -240 is equal to 11691
Local Byte Stride Bucket -239 is equal to 3
Local Byte Stride Bucket -238 is equal to 4811
Local Byte Stride Bucket -237 is equal to 2
Local Byte Stride Bucket -236 is equal to 8550
Local Byte Stride Bucket -235 is equal to 2
Local Byte Stride Bucket -234 is equal to 5489
Local Byte Stride Bucket -232 is equal to 19589
Local Byte Stride Bucket -231 is equal to 1
Local Byte Stride Bucket -230 is equal to 6586
Local Byte Stride Bucket -229 is equal to 1
Local Byte Stride Bucket -228 is equal to 8246
Local Byte Stride Bucket -226 is equal to 5921
Local Byte Stride Bucket -225 is equal to 1
Local Byte Stride Bucket -224 is equal to 81648
Local Byte Stride Bucket -223 is equal to 3
Local Byte Stride Bucket -222 is equal to 4552
Local Byte Stride Bucket -221 is equal to 1
Local Byte Stride Bucket -220 is equal to 10348
Local Byte Stride Bucket -219 is equal to 1
Local Byte Stride Bucket -218 is equal to 6432
Local Byte Stride Bucket -217 is equal to 1
Local Byte Stride Bucket -216 is equal to 8871
Local Byte Stride Bucket -215 is equal to 3
Local Byte Stride Bucket -214 is equal to 5926
Local Byte Stride Bucket -213 is equal to 1
Local Byte Stride Bucket -212 is equal to 8977
Local Byte Stride Bucket -211 is equal to 2
Local Byte Stride Bucket -210 is equal to 6700
Local Byte Stride Bucket -209 is equal to 2
Local Byte Stride Bucket -208 is equal to 10503
Local Byte Stride Bucket -207 is equal to 7
Local Byte Stride Bucket -206 is equal to 5544
Local Byte Stride Bucket -205 is equal to 1
Local Byte Stride Bucket -204 is equal to 7796
Local Byte Stride Bucket -203 is equal to 1
Local Byte Stride Bucket -202 is equal to 22504
Local Byte Stride Bucket -201 is equal to 2
Local Byte Stride Bucket -200 is equal to 8873
Local Byte Stride Bucket -199 is equal to 2
Local Byte Stride Bucket -198 is equal to 5437
Local Byte Stride Bucket -197 is equal to 4
Local Byte Stride Bucket -196 is equal to 8775
Local Byte Stride Bucket -195 is equal to 3
Local Byte Stride Bucket -194 is equal to 4781
Local Byte Stride Bucket -193 is equal to 11
Local Byte Stride Bucket -192 is equal to 38892
Local Byte Stride Bucket -191 is equal to 7
Local Byte Stride Bucket -190 is equal to 4688
Local Byte Stride Bucket -189 is equal to 5
Local Byte Stride Bucket -188 is equal to 9425
Local Byte Stride Bucket -187 is equal to 3
Local Byte Stride Bucket -186 is equal to 8845
Local Byte Stride Bucket -184 is equal to 10429
Local Byte Stride Bucket -183 is equal to 2
Local Byte Stride Bucket -182 is equal to 4812
Local Byte Stride Bucket -181 is equal to 3
Local Byte Stride Bucket -180 is equal to 14164
Local Byte Stride Bucket -179 is equal to 1
Local Byte Stride Bucket -178 is equal to 7150
Local Byte Stride Bucket -177 is equal to 8
Local Byte Stride Bucket -176 is equal to 22215
Local Byte Stride Bucket -174 is equal to 5836
Local Byte Stride Bucket -173 is equal to 3
Local Byte Stride Bucket -172 is equal to 23447
Local Byte Stride Bucket -171 is equal to 1
Local Byte Stride Bucket -170 is equal to 9278
Local Byte Stride Bucket -169 is equal to 1
Local Byte Stride Bucket -168 is equal to 31670
Local Byte Stride Bucket -167 is equal to 4
Local Byte Stride Bucket -166 is equal to 8465
Local Byte Stride Bucket -165 is equal to 1
Local Byte Stride Bucket -164 is equal to 25331
Local Byte Stride Bucket -163 is equal to 3
Local Byte Stride Bucket -162 is equal to 6976
Local Byte Stride Bucket -161 is equal to 1
Local Byte Stride Bucket -160 is equal to 74867
Local Byte Stride Bucket -159 is equal to 1
Local Byte Stride Bucket -158 is equal to 8987
Local Byte Stride Bucket -157 is equal to 4
Local Byte Stride Bucket -156 is equal to 13258
Local Byte Stride Bucket -155 is equal to 1
Local Byte Stride Bucket -154 is equal to 5779
Local Byte Stride Bucket -153 is equal to 3
Local Byte Stride Bucket -152 is equal to 10145
Local Byte Stride Bucket -151 is equal to 4
Local Byte Stride Bucket -150 is equal to 11590
Local Byte Stride Bucket -149 is equal to 4
Local Byte Stride Bucket -148 is equal to 11982
Local Byte Stride Bucket -147 is equal to 2
Local Byte Stride Bucket -146 is equal to 7263
Local Byte Stride Bucket -145 is equal to 4
Local Byte Stride Bucket -144 is equal to 10963
Local Byte Stride Bucket -143 is equal to 5
Local Byte Stride Bucket -142 is equal to 5649
Local Byte Stride Bucket -141 is equal to 7
Local Byte Stride Bucket -140 is equal to 10213
Local Byte Stride Bucket -139 is equal to 1
Local Byte Stride Bucket -138 is equal to 7904
Local Byte Stride Bucket -137 is equal to 2
Local Byte Stride Bucket -136 is equal to 9322
Local Byte Stride Bucket -135 is equal to 4
Local Byte Stride Bucket -134 is equal to 7225
Local Byte Stride Bucket -133 is equal to 2
Local Byte Stride Bucket -132 is equal to 12615
Local Byte Stride Bucket -131 is equal to 5
Local Byte Stride Bucket -130 is equal to 14973
Local Byte Stride Bucket -129 is equal to 4
Local Byte Stride Bucket -128 is equal to 117006
Local Byte Stride Bucket -127 is equal to 20
Local Byte Stride Bucket -126 is equal to 16274
Local Byte Stride Bucket -125 is equal to 6
Local Byte Stride Bucket -124 is equal to 19798
Local Byte Stride Bucket -123 is equal to 5
Local Byte Stride Bucket -122 is equal to 10141
Local Byte Stride Bucket -120 is equal to 10692
Local Byte Stride Bucket -119 is equal to 1
Local Byte Stride Bucket -118 is equal to 9949
Local Byte Stride Bucket -117 is equal to 7
Local Byte Stride Bucket -116 is equal to 11365
Local Byte Stride Bucket -115 is equal to 5
Local Byte Stride Bucket -114 is equal to 6599
Local Byte Stride Bucket -113 is equal to 4
Local Byte Stride Bucket -112 is equal to 9803
Local Byte Stride Bucket -110 is equal to 7840
Local Byte Stride Bucket -109 is equal to 4
Local Byte Stride Bucket -108 is equal to 12293
Local Byte Stride Bucket -107 is equal to 4
Local Byte Stride Bucket -106 is equal to 7426
Local Byte Stride Bucket -105 is equal to 5
Local Byte Stride Bucket -104 is equal to 12715
Local Byte Stride Bucket -102 is equal to 9215
Local Byte Stride Bucket -101 is equal to 2
Local Byte Stride Bucket -100 is equal to 14037
Local Byte Stride Bucket -99 is equal to 3
Local Byte Stride Bucket -98 is equal to 7117
Local Byte Stride Bucket -96 is equal to 18927
Local Byte Stride Bucket -95 is equal to 1
Local Byte Stride Bucket -94 is equal to 8357
Local Byte Stride Bucket -92 is equal to 29451
Local Byte Stride Bucket -91 is equal to 1
Local Byte Stride Bucket -90 is equal to 12114
Local Byte Stride Bucket -89 is equal to 16
Local Byte Stride Bucket -88 is equal to 202339
Local Byte Stride Bucket -86 is equal to 25780
Local Byte Stride Bucket -85 is equal to 4
Local Byte Stride Bucket -84 is equal to 90355
Local Byte Stride Bucket -83 is equal to 1
Local Byte Stride Bucket -82 is equal to 29936
Local Byte Stride Bucket -80 is equal to 55640
Local Byte Stride Bucket -79 is equal to 3
Local Byte Stride Bucket -78 is equal to 10552
Local Byte Stride Bucket -77 is equal to 10
Local Byte Stride Bucket -76 is equal to 29004
Local Byte Stride Bucket -75 is equal to 3
Local Byte Stride Bucket -74 is equal to 8744
Local Byte Stride Bucket -73 is equal to 10
Local Byte Stride Bucket -72 is equal to 20103
Local Byte Stride Bucket -70 is equal to 6873
Local Byte Stride Bucket -69 is equal to 2
Local Byte Stride Bucket -68 is equal to 13039
Local Byte Stride Bucket -67 is equal to 4
Local Byte Stride Bucket -66 is equal to 6842
Local Byte Stride Bucket -65 is equal to 8
Local Byte Stride Bucket -64 is equal to 609904
Local Byte Stride Bucket -63 is equal to 9
Local Byte Stride Bucket -62 is equal to 7271
Local Byte Stride Bucket -61 is equal to 8
Local Byte Stride Bucket -60 is equal to 12204
Local Byte Stride Bucket -59 is equal to 7
Local Byte Stride Bucket -58 is equal to 7050
Local Byte Stride Bucket -57 is equal to 4
Local Byte Stride Bucket -56 is equal to 14726
Local Byte Stride Bucket -55 is equal to 5
Local Byte Stride Bucket -54 is equal to 9003
Local Byte Stride Bucket -53 is equal to 7
Local Byte Stride Bucket -52 is equal to 15336
Local Byte Stride Bucket -51 is equal to 2
Local Byte Stride Bucket -50 is equal to 9463
Local Byte Stride Bucket -49 is equal to 5
Local Byte Stride Bucket -48 is equal to 25859
Local Byte Stride Bucket -47 is equal to 3
Local Byte Stride Bucket -46 is equal to 32706
Local Byte Stride Bucket -45 is equal to 2
Local Byte Stride Bucket -44 is equal to 214711
Local Byte Stride Bucket -43 is equal to 9
Local Byte Stride Bucket -42 is equal to 85155
Local Byte Stride Bucket -41 is equal to 8
Local Byte Stride Bucket -40 is equal to 60625
Local Byte Stride Bucket -39 is equal to 3
Local Byte Stride Bucket -38 is equal to 31648
Local Byte Stride Bucket -37 is equal to 3
Local Byte Stride Bucket -36 is equal to 21078
Local Byte Stride Bucket -35 is equal to 3
Local Byte Stride Bucket -34 is equal to 10614
Local Byte Stride Bucket -33 is equal to 6
Local Byte Stride Bucket -32 is equal to 137641
Local Byte Stride Bucket -31 is equal to 12
Local Byte Stride Bucket -30 is equal to 9582
Local Byte Stride Bucket -29 is equal to 3
Local Byte Stride Bucket -28 is equal to 67389
Local Byte Stride Bucket -27 is equal to 39
Local Byte Stride Bucket -26 is equal to 9493
Local Byte Stride Bucket -25 is equal to 40
Local Byte Stride Bucket -24 is equal to 108781
Local Byte Stride Bucket -22 is equal to 11927
Local Byte Stride Bucket -21 is equal to 12
Local Byte Stride Bucket -20 is equal to 28353
Local Byte Stride Bucket -19 is equal to 4
Local Byte Stride Bucket -18 is equal to 8562
Local Byte Stride Bucket -17 is equal to 7
Local Byte Stride Bucket -16 is equal to 57024
Local Byte Stride Bucket -15 is equal to 11
Local Byte Stride Bucket -14 is equal to 10281
Local Byte Stride Bucket -13 is equal to 67
Local Byte Stride Bucket -12 is equal to 270750
Local Byte Stride Bucket -11 is equal to 8
Local Byte Stride Bucket -10 is equal to 10997
Local Byte Stride Bucket -9 is equal to 6
Local Byte Stride Bucket -8 is equal to 198292
Local Byte Stride Bucket -7 is equal to 10
Local Byte Stride Bucket -6 is equal to 19747
Local Byte Stride Bucket -5 is equal to 13
Local Byte Stride Bucket -4 is equal to 348361
Local Byte Stride Bucket -3 is equal to 10
Local Byte Stride Bucket -2 is equal to 175713
Local Byte Stride Bucket -1 is equal to 45
Local Byte Stride Bucket 0 is equal to 20852250
Local Byte Stride Bucket 1 is equal to 61
Local Byte Stride Bucket 2 is equal to 263621
Local Byte Stride Bucket 3 is equal to 20
Local Byte Stride Bucket 4 is equal to 1949867
Local Byte Stride Bucket 5 is equal to 39
Local Byte Stride Bucket 6 is equal to 21746
Local Byte Stride Bucket 7 is equal to 34
Local Byte Stride Bucket 8 is equal to 432458
Local Byte Stride Bucket 9 is equal to 1
Local Byte Stride Bucket 10 is equal to 10563
Local Byte Stride Bucket 11 is equal to 6
Local Byte Stride Bucket 12 is equal to 42732
Local Byte Stride Bucket 13 is equal to 4
Local Byte Stride Bucket 14 is equal to 9547
Local Byte Stride Bucket 15 is equal to 16
Local Byte Stride Bucket 16 is equal to 36678
Local Byte Stride Bucket 17 is equal to 11
Local Byte Stride Bucket 18 is equal to 8480
Local Byte Stride Bucket 19 is equal to 60
Local Byte Stride Bucket 20 is equal to 19030
Local Byte Stride Bucket 21 is equal to 7
Local Byte Stride Bucket 22 is equal to 12132
Local Byte Stride Bucket 23 is equal to 3
Local Byte Stride Bucket 24 is equal to 47926
Local Byte Stride Bucket 25 is equal to 6
Local Byte Stride Bucket 26 is equal to 9417
Local Byte Stride Bucket 27 is equal to 5
Local Byte Stride Bucket 28 is equal to 20992
Local Byte Stride Bucket 29 is equal to 3
Local Byte Stride Bucket 30 is equal to 9040
Local Byte Stride Bucket 31 is equal to 2
Local Byte Stride Bucket 32 is equal to 19054
Local Byte Stride Bucket 33 is equal to 2
Local Byte Stride Bucket 34 is equal to 10461
Local Byte Stride Bucket 36 is equal to 19881
Local Byte Stride Bucket 37 is equal to 2
Local Byte Stride Bucket 38 is equal to 66192
Local Byte Stride Bucket 39 is equal to 4
Local Byte Stride Bucket 40 is equal to 261912
Local Byte Stride Bucket 41 is equal to 4
Local Byte Stride Bucket 42 is equal to 111023
Local Byte Stride Bucket 43 is equal to 9
Local Byte Stride Bucket 44 is equal to 249652
Local Byte Stride Bucket 45 is equal to 2
Local Byte Stride Bucket 46 is equal to 42071
Local Byte Stride Bucket 47 is equal to 3
Local Byte Stride Bucket 48 is equal to 24109
Local Byte Stride Bucket 49 is equal to 1
Local Byte Stride Bucket 50 is equal to 9729
Local Byte Stride Bucket 51 is equal to 1
Local Byte Stride Bucket 52 is equal to 15720
Local Byte Stride Bucket 53 is equal to 7
Local Byte Stride Bucket 54 is equal to 8631
Local Byte Stride Bucket 55 is equal to 5
Local Byte Stride Bucket 56 is equal to 15103
Local Byte Stride Bucket 57 is equal to 1
Local Byte Stride Bucket 58 is equal to 6940
Local Byte Stride Bucket 59 is equal to 11
Local Byte Stride Bucket 60 is equal to 11777
Local Byte Stride Bucket 61 is equal to 14
Local Byte Stride Bucket 62 is equal to 7046
Local Byte Stride Bucket 63 is equal to 15
Local Byte Stride Bucket 64 is equal to 359284
Local Byte Stride Bucket 65 is equal to 11
Local Byte Stride Bucket 66 is equal to 6954
Local Byte Stride Bucket 67 is equal to 7
Local Byte Stride Bucket 68 is equal to 13060
Local Byte Stride Bucket 69 is equal to 9
Local Byte Stride Bucket 70 is equal to 7005
Local Byte Stride Bucket 72 is equal to 15169
Local Byte Stride Bucket 73 is equal to 1
Local Byte Stride Bucket 74 is equal to 8720
Local Byte Stride Bucket 75 is equal to 3
Local Byte Stride Bucket 76 is equal to 138551
Local Byte Stride Bucket 77 is equal to 3
Local Byte Stride Bucket 78 is equal to 10673
Local Byte Stride Bucket 79 is equal to 6
Local Byte Stride Bucket 80 is equal to 235465
Local Byte Stride Bucket 81 is equal to 1
Local Byte Stride Bucket 82 is equal to 33220
Local Byte Stride Bucket 83 is equal to 1
Local Byte Stride Bucket 84 is equal to 211602
Local Byte Stride Bucket 85 is equal to 5
Local Byte Stride Bucket 86 is equal to 27570
Local Byte Stride Bucket 87 is equal to 1
Local Byte Stride Bucket 88 is equal to 200978
Local Byte Stride Bucket 89 is equal to 6
Local Byte Stride Bucket 90 is equal to 10381
Local Byte Stride Bucket 91 is equal to 1
Local Byte Stride Bucket 92 is equal to 39336
Local Byte Stride Bucket 93 is equal to 1
Local Byte Stride Bucket 94 is equal to 8646
Local Byte Stride Bucket 95 is equal to 1
Local Byte Stride Bucket 96 is equal to 14586
Local Byte Stride Bucket 98 is equal to 7109
Local Byte Stride Bucket 100 is equal to 13800
Local Byte Stride Bucket 102 is equal to 9407
Local Byte Stride Bucket 104 is equal to 12662
Local Byte Stride Bucket 105 is equal to 2
Local Byte Stride Bucket 106 is equal to 7925
Local Byte Stride Bucket 107 is equal to 7
Local Byte Stride Bucket 108 is equal to 12049
Local Byte Stride Bucket 109 is equal to 8
Local Byte Stride Bucket 110 is equal to 8243
Local Byte Stride Bucket 111 is equal to 2
Local Byte Stride Bucket 112 is equal to 9507
Local Byte Stride Bucket 113 is equal to 3
Local Byte Stride Bucket 114 is equal to 6326
Local Byte Stride Bucket 115 is equal to 1
Local Byte Stride Bucket 116 is equal to 11373
Local Byte Stride Bucket 117 is equal to 4
Local Byte Stride Bucket 118 is equal to 13142
Local Byte Stride Bucket 119 is equal to 2
Local Byte Stride Bucket 120 is equal to 11127
Local Byte Stride Bucket 121 is equal to 3
Local Byte Stride Bucket 122 is equal to 9928
Local Byte Stride Bucket 123 is equal to 4
Local Byte Stride Bucket 124 is equal to 19203
Local Byte Stride Bucket 125 is equal to 5
Local Byte Stride Bucket 126 is equal to 14663
Local Byte Stride Bucket 127 is equal to 33
Local Byte Stride Bucket 128 is equal to 85249
Local Byte Stride Bucket 129 is equal to 8
Local Byte Stride Bucket 130 is equal to 12443
Local Byte Stride Bucket 131 is equal to 3
Local Byte Stride Bucket 132 is equal to 11845
Local Byte Stride Bucket 133 is equal to 5
Local Byte Stride Bucket 134 is equal to 6989
Local Byte Stride Bucket 135 is equal to 1
Local Byte Stride Bucket 136 is equal to 9566
Local Byte Stride Bucket 137 is equal to 2
Local Byte Stride Bucket 138 is equal to 7456
Local Byte Stride Bucket 139 is equal to 3
Local Byte Stride Bucket 140 is equal to 10722
Local Byte Stride Bucket 141 is equal to 11
Local Byte Stride Bucket 142 is equal to 5472
Local Byte Stride Bucket 143 is equal to 6
Local Byte Stride Bucket 144 is equal to 9374
Local Byte Stride Bucket 146 is equal to 7266
Local Byte Stride Bucket 147 is equal to 2
Local Byte Stride Bucket 148 is equal to 11865
Local Byte Stride Bucket 149 is equal to 4
Local Byte Stride Bucket 150 is equal to 12953
Local Byte Stride Bucket 151 is equal to 2
Local Byte Stride Bucket 152 is equal to 9189
Local Byte Stride Bucket 153 is equal to 2
Local Byte Stride Bucket 154 is equal to 5697
Local Byte Stride Bucket 155 is equal to 1
Local Byte Stride Bucket 156 is equal to 11706
Local Byte Stride Bucket 157 is equal to 4
Local Byte Stride Bucket 158 is equal to 9115
Local Byte Stride Bucket 159 is equal to 1
Local Byte Stride Bucket 160 is equal to 78335
Local Byte Stride Bucket 161 is equal to 1
Local Byte Stride Bucket 162 is equal to 6190
Local Byte Stride Bucket 163 is equal to 1
Local Byte Stride Bucket 164 is equal to 30211
Local Byte Stride Bucket 165 is equal to 1
Local Byte Stride Bucket 166 is equal to 8011
Local Byte Stride Bucket 167 is equal to 3
Local Byte Stride Bucket 168 is equal to 39061
Local Byte Stride Bucket 169 is equal to 2
Local Byte Stride Bucket 170 is equal to 8889
Local Byte Stride Bucket 171 is equal to 1
Local Byte Stride Bucket 172 is equal to 23625
Local Byte Stride Bucket 173 is equal to 1
Local Byte Stride Bucket 174 is equal to 5604
Local Byte Stride Bucket 176 is equal to 22354
Local Byte Stride Bucket 177 is equal to 4
Local Byte Stride Bucket 178 is equal to 6861
Local Byte Stride Bucket 179 is equal to 1
Local Byte Stride Bucket 180 is equal to 11082
Local Byte Stride Bucket 181 is equal to 13
Local Byte Stride Bucket 182 is equal to 4850
Local Byte Stride Bucket 183 is equal to 4
Local Byte Stride Bucket 184 is equal to 10999
Local Byte Stride Bucket 185 is equal to 4
Local Byte Stride Bucket 186 is equal to 9184
Local Byte Stride Bucket 187 is equal to 1
Local Byte Stride Bucket 188 is equal to 9354
Local Byte Stride Bucket 189 is equal to 3
Local Byte Stride Bucket 190 is equal to 4812
Local Byte Stride Bucket 191 is equal to 2
Local Byte Stride Bucket 192 is equal to 9422
Local Byte Stride Bucket 193 is equal to 17
Local Byte Stride Bucket 194 is equal to 4919
Local Byte Stride Bucket 195 is equal to 1
Local Byte Stride Bucket 196 is equal to 8690
Local Byte Stride Bucket 197 is equal to 2
Local Byte Stride Bucket 198 is equal to 5308
Local Byte Stride Bucket 199 is equal to 5
Local Byte Stride Bucket 200 is equal to 9373
Local Byte Stride Bucket 201 is equal to 3
Local Byte Stride Bucket 202 is equal to 22518
Local Byte Stride Bucket 203 is equal to 3
Local Byte Stride Bucket 204 is equal to 7537
Local Byte Stride Bucket 205 is equal to 2
Local Byte Stride Bucket 206 is equal to 5033
Local Byte Stride Bucket 207 is equal to 2
Local Byte Stride Bucket 208 is equal to 10644
Local Byte Stride Bucket 209 is equal to 4
Local Byte Stride Bucket 210 is equal to 7013
Local Byte Stride Bucket 211 is equal to 2
Local Byte Stride Bucket 212 is equal to 9942
Local Byte Stride Bucket 213 is equal to 1
Local Byte Stride Bucket 214 is equal to 5460
Local Byte Stride Bucket 215 is equal to 2
Local Byte Stride Bucket 216 is equal to 8669
Local Byte Stride Bucket 217 is equal to 1
Local Byte Stride Bucket 218 is equal to 6053
Local Byte Stride Bucket 219 is equal to 2
Local Byte Stride Bucket 220 is equal to 10388
Local Byte Stride Bucket 221 is equal to 1
Local Byte Stride Bucket 222 is equal to 4681
Local Byte Stride Bucket 223 is equal to 3
Local Byte Stride Bucket 224 is equal to 60961
Local Byte Stride Bucket 226 is equal to 5849
Local Byte Stride Bucket 228 is equal to 7743
Local Byte Stride Bucket 229 is equal to 3
Local Byte Stride Bucket 230 is equal to 7021
Local Byte Stride Bucket 231 is equal to 4
Local Byte Stride Bucket 232 is equal to 18875
Local Byte Stride Bucket 234 is equal to 5021
Local Byte Stride Bucket 235 is equal to 6
Local Byte Stride Bucket 236 is equal to 8908
Local Byte Stride Bucket 237 is equal to 4
Local Byte Stride Bucket 238 is equal to 4856
Local Byte Stride Bucket 239 is equal to 2
Local Byte Stride Bucket 240 is equal to 13633
Local Byte Stride Bucket 241 is equal to 2
Local Byte Stride Bucket 242 is equal to 5837
Local Byte Stride Bucket 243 is equal to 6
Local Byte Stride Bucket 244 is equal to 9275
Local Byte Stride Bucket 245 is equal to 2
Local Byte Stride Bucket 246 is equal to 4928
Local Byte Stride Bucket 248 is equal to 13900
Local Byte Stride Bucket 249 is equal to 2
Local Byte Stride Bucket 250 is equal to 5190
Local Byte Stride Bucket 251 is equal to 4
Local Byte Stride Bucket 252 is equal to 15699
Local Byte Stride Bucket 253 is equal to 9
Local Byte Stride Bucket 254 is equal to 5553
Local Byte Stride Bucket 255 is equal to 3
Local Byte Stride Bucket 256 is equal to 1839806

Local Cache Stride Bucket -256 is equal to 200871
Local Cache Stride Bucket -255 is equal to 93
Local Cache Stride Bucket -254 is equal to 79
Local Cache Stride Bucket -253 is equal to 56
Local Cache Stride Bucket -252 is equal to 112
Local Cache Stride Bucket -251 is equal to 58
Local Cache Stride Bucket -250 is equal to 75
Local Cache Stride Bucket -249 is equal to 39
Local Cache Stride Bucket -248 is equal to 118
Local Cache Stride Bucket -247 is equal to 52
Local Cache Stride Bucket -246 is equal to 44
Local Cache Stride Bucket -245 is equal to 57
Local Cache Stride Bucket -244 is equal to 81
Local Cache Stride Bucket -243 is equal to 50
Local Cache Stride Bucket -242 is equal to 55
Local Cache Stride Bucket -241 is equal to 106
Local Cache Stride Bucket -240 is equal to 164
Local Cache Stride Bucket -239 is equal to 429
Local Cache Stride Bucket -238 is equal to 412
Local Cache Stride Bucket -237 is equal to 47
Local Cache Stride Bucket -236 is equal to 87
Local Cache Stride Bucket -235 is equal to 74
Local Cache Stride Bucket -234 is equal to 30
Local Cache Stride Bucket -233 is equal to 59
Local Cache Stride Bucket -232 is equal to 44
Local Cache Stride Bucket -231 is equal to 40
Local Cache Stride Bucket -230 is equal to 74
Local Cache Stride Bucket -229 is equal to 26
Local Cache Stride Bucket -228 is equal to 47
Local Cache Stride Bucket -227 is equal to 36
Local Cache Stride Bucket -226 is equal to 91
Local Cache Stride Bucket -225 is equal to 28
Local Cache Stride Bucket -224 is equal to 89
Local Cache Stride Bucket -223 is equal to 53
Local Cache Stride Bucket -222 is equal to 97
Local Cache Stride Bucket -221 is equal to 54
Local Cache Stride Bucket -220 is equal to 51
Local Cache Stride Bucket -219 is equal to 44
Local Cache Stride Bucket -218 is equal to 53
Local Cache Stride Bucket -217 is equal to 45
Local Cache Stride Bucket -216 is equal to 31
Local Cache Stride Bucket -215 is equal to 47
Local Cache Stride Bucket -214 is equal to 70
Local Cache Stride Bucket -213 is equal to 52
Local Cache Stride Bucket -212 is equal to 37
Local Cache Stride Bucket -211 is equal to 39
Local Cache Stride Bucket -210 is equal to 33
Local Cache Stride Bucket -209 is equal to 61
Local Cache Stride Bucket -208 is equal to 53
Local Cache Stride Bucket -207 is equal to 37
Local Cache Stride Bucket -206 is equal to 62
Local Cache Stride Bucket -205 is equal to 72
Local Cache Stride Bucket -204 is equal to 61
Local Cache Stride Bucket -203 is equal to 45
Local Cache Stride Bucket -202 is equal to 43
Local Cache Stride Bucket -201 is equal to 55
Local Cache Stride Bucket -200 is equal to 49
Local Cache Stride Bucket -199 is equal to 39
Local Cache Stride Bucket -198 is equal to 28
Local Cache Stride Bucket -197 is equal to 35
Local Cache Stride Bucket -196 is equal to 55
Local Cache Stride Bucket -195 is equal to 23
Local Cache Stride Bucket -194 is equal to 58
Local Cache Stride Bucket -193 is equal to 77
Local Cache Stride Bucket -192 is equal to 127
Local Cache Stride Bucket -191 is equal to 47
Local Cache Stride Bucket -190 is equal to 44
Local Cache Stride Bucket -189 is equal to 42
Local Cache Stride Bucket -188 is equal to 39
Local Cache Stride Bucket -187 is equal to 33
Local Cache Stride Bucket -186 is equal to 55
Local Cache Stride Bucket -185 is equal to 54
Local Cache Stride Bucket -184 is equal to 63
Local Cache Stride Bucket -183 is equal to 50
Local Cache Stride Bucket -182 is equal to 58
Local Cache Stride Bucket -181 is equal to 44
Local Cache Stride Bucket -180 is equal to 66
Local Cache Stride Bucket -179 is equal to 72
Local Cache Stride Bucket -178 is equal to 37
Local Cache Stride Bucket -177 is equal to 70
Local Cache Stride Bucket -176 is equal to 72
Local Cache Stride Bucket -175 is equal to 55
Local Cache Stride Bucket -174 is equal to 44
Local Cache Stride Bucket -173 is equal to 50
Local Cache Stride Bucket -172 is equal to 84
Local Cache Stride Bucket -171 is equal to 82
Local Cache Stride Bucket -170 is equal to 37
Local Cache Stride Bucket -169 is equal to 358
Local Cache Stride Bucket -168 is equal to 1001
Local Cache Stride Bucket -167 is equal to 343
Local Cache Stride Bucket -166 is equal to 1035
Local Cache Stride Bucket -165 is equal to 23
Local Cache Stride Bucket -164 is equal to 30
Local Cache Stride Bucket -163 is equal to 55
Local Cache Stride Bucket -162 is equal to 78
Local Cache Stride Bucket -161 is equal to 59
Local Cache Stride Bucket -160 is equal to 69
Local Cache Stride Bucket -159 is equal to 54
Local Cache Stride Bucket -158 is equal to 101
Local Cache Stride Bucket -157 is equal to 41
Local Cache Stride Bucket -156 is equal to 41
Local Cache Stride Bucket -155 is equal to 54
Local Cache Stride Bucket -154 is equal to 53
Local Cache Stride Bucket -153 is equal to 57
Local Cache Stride Bucket -152 is equal to 67
Local Cache Stride Bucket -151 is equal to 83
Local Cache Stride Bucket -150 is equal to 46
Local Cache Stride Bucket -149 is equal to 29
Local Cache Stride Bucket -148 is equal to 36
Local Cache Stride Bucket -147 is equal to 68
Local Cache Stride Bucket -146 is equal to 42
Local Cache Stride Bucket -145 is equal to 63
Local Cache Stride Bucket -144 is equal to 65
Local Cache Stride Bucket -143 is equal to 57
Local Cache Stride Bucket -142 is equal to 31
Local Cache Stride Bucket -141 is equal to 38
Local Cache Stride Bucket -140 is equal to 32
Local Cache Stride Bucket -139 is equal to 44
Local Cache Stride Bucket -138 is equal to 34
Local Cache Stride Bucket -137 is equal to 39
Local Cache Stride Bucket -136 is equal to 62
Local Cache Stride Bucket -135 is equal to 40
Local Cache Stride Bucket -134 is equal to 77
Local Cache Stride Bucket -133 is equal to 42
Local Cache Stride Bucket -132 is equal to 44
Local Cache Stride Bucket -131 is equal to 44
Local Cache Stride Bucket -130 is equal to 98
Local Cache Stride Bucket -129 is equal to 1341
Local Cache Stride Bucket -128 is equal to 1506
Local Cache Stride Bucket -127 is equal to 53
Local Cache Stride Bucket -126 is equal to 90
Local Cache Stride Bucket -125 is equal to 41
Local Cache Stride Bucket -124 is equal to 45
Local Cache Stride Bucket -123 is equal to 29
Local Cache Stride Bucket -122 is equal to 87
Local Cache Stride Bucket -121 is equal to 42
Local Cache Stride Bucket -120 is equal to 117
Local Cache Stride Bucket -119 is equal to 29
Local Cache Stride Bucket -118 is equal to 346
Local Cache Stride Bucket -117 is equal to 970
Local Cache Stride Bucket -116 is equal to 41
Local Cache Stride Bucket -115 is equal to 36
Local Cache Stride Bucket -114 is equal to 24
Local Cache Stride Bucket -113 is equal to 57
Local Cache Stride Bucket -112 is equal to 84
Local Cache Stride Bucket -111 is equal to 36
Local Cache Stride Bucket -110 is equal to 555
Local Cache Stride Bucket -109 is equal to 50
Local Cache Stride Bucket -108 is equal to 23
Local Cache Stride Bucket -107 is equal to 42
Local Cache Stride Bucket -106 is equal to 29
Local Cache Stride Bucket -105 is equal to 42
Local Cache Stride Bucket -104 is equal to 47
Local Cache Stride Bucket -103 is equal to 66
Local Cache Stride Bucket -102 is equal to 51
Local Cache Stride Bucket -101 is equal to 52
Local Cache Stride Bucket -100 is equal to 57
Local Cache Stride Bucket -99 is equal to 48
Local Cache Stride Bucket -98 is equal to 119
Local Cache Stride Bucket -97 is equal to 146
Local Cache Stride Bucket -96 is equal to 196
Local Cache Stride Bucket -95 is equal to 59
Local Cache Stride Bucket -94 is equal to 79
Local Cache Stride Bucket -93 is equal to 64
Local Cache Stride Bucket -92 is equal to 96
Local Cache Stride Bucket -91 is equal to 64
Local Cache Stride Bucket -90 is equal to 82
Local Cache Stride Bucket -89 is equal to 56
Local Cache Stride Bucket -88 is equal to 98
Local Cache Stride Bucket -87 is equal to 55
Local Cache Stride Bucket -86 is equal to 39
Local Cache Stride Bucket -85 is equal to 63
Local Cache Stride Bucket -84 is equal to 98
Local Cache Stride Bucket -83 is equal to 58
Local Cache Stride Bucket -82 is equal to 69
Local Cache Stride Bucket -81 is equal to 122
Local Cache Stride Bucket -80 is equal to 196
Local Cache Stride Bucket -79 is equal to 93
Local Cache Stride Bucket -78 is equal to 88
Local Cache Stride Bucket -77 is equal to 114
Local Cache Stride Bucket -76 is equal to 198
Local Cache Stride Bucket -75 is equal to 116
Local Cache Stride Bucket -74 is equal to 43
Local Cache Stride Bucket -73 is equal to 41
Local Cache Stride Bucket -72 is equal to 74
Local Cache Stride Bucket -71 is equal to 57
Local Cache Stride Bucket -70 is equal to 38
Local Cache Stride Bucket -69 is equal to 58
Local Cache Stride Bucket -68 is equal to 62
Local Cache Stride Bucket -67 is equal to 61
Local Cache Stride Bucket -66 is equal to 105
Local Cache Stride Bucket -65 is equal to 128
Local Cache Stride Bucket -64 is equal to 272
Local Cache Stride Bucket -63 is equal to 80
Local Cache Stride Bucket -62 is equal to 85
Local Cache Stride Bucket -61 is equal to 73
Local Cache Stride Bucket -60 is equal to 74
Local Cache Stride Bucket -59 is equal to 48
Local Cache Stride Bucket -58 is equal to 40
Local Cache Stride Bucket -57 is equal to 78
Local Cache Stride Bucket -56 is equal to 69
Local Cache Stride Bucket -55 is equal to 48
Local Cache Stride Bucket -54 is equal to 58
Local Cache Stride Bucket -53 is equal to 55
Local Cache Stride Bucket -52 is equal to 681
Local Cache Stride Bucket -51 is equal to 707
Local Cache Stride Bucket -50 is equal to 95
Local Cache Stride Bucket -49 is equal to 105
Local Cache Stride Bucket -48 is equal to 485
Local Cache Stride Bucket -47 is equal to 83
Local Cache Stride Bucket -46 is equal to 686
Local Cache Stride Bucket -45 is equal to 672
Local Cache Stride Bucket -44 is equal to 92
Local Cache Stride Bucket -43 is equal to 76
Local Cache Stride Bucket -42 is equal to 62
Local Cache Stride Bucket -41 is equal to 62
Local Cache Stride Bucket -40 is equal to 93
Local Cache Stride Bucket -39 is equal to 68
Local Cache Stride Bucket -38 is equal to 185
Local Cache Stride Bucket -37 is equal to 70
Local Cache Stride Bucket -36 is equal to 85
Local Cache Stride Bucket -35 is equal to 110
Local Cache Stride Bucket -34 is equal to 850
Local Cache Stride Bucket -33 is equal to 1362
Local Cache Stride Bucket -32 is equal to 934
Local Cache Stride Bucket -31 is equal to 219
Local Cache Stride Bucket -30 is equal to 193
Local Cache Stride Bucket -29 is equal to 137
Local Cache Stride Bucket -28 is equal to 1385
Local Cache Stride Bucket -27 is equal to 252
Local Cache Stride Bucket -26 is equal to 1270
Local Cache Stride Bucket -25 is equal to 3683
Local Cache Stride Bucket -24 is equal to 13245
Local Cache Stride Bucket -23 is equal to 16208
Local Cache Stride Bucket -22 is equal to 18543
Local Cache Stride Bucket -21 is equal to 19640
Local Cache Stride Bucket -20 is equal to 17560
Local Cache Stride Bucket -19 is equal to 20721
Local Cache Stride Bucket -18 is equal to 23173
Local Cache Stride Bucket -17 is equal to 25409
Local Cache Stride Bucket -16 is equal to 26993
Local Cache Stride Bucket -15 is equal to 29113
Local Cache Stride Bucket -14 is equal to 39086
Local Cache Stride Bucket -13 is equal to 67838
Local Cache Stride Bucket -12 is equal to 72007
Local Cache Stride Bucket -11 is equal to 111119
Local Cache Stride Bucket -10 is equal to 119230
Local Cache Stride Bucket -9 is equal to 159851
Local Cache Stride Bucket -8 is equal to 151538
Local Cache Stride Bucket -7 is equal to 196460
Local Cache Stride Bucket -6 is equal to 211419
Local Cache Stride Bucket -5 is equal to 234311
Local Cache Stride Bucket -4 is equal to 328533
Local Cache Stride Bucket -3 is equal to 422214
Local Cache Stride Bucket -2 is equal to 623840
Local Cache Stride Bucket -1 is equal to 1823865
Local Cache Stride Bucket 0 is equal to 24892003
Local Cache Stride Bucket 1 is equal to 2056324
Local Cache Stride Bucket 2 is equal to 699728
Local Cache Stride Bucket 3 is equal to 387502
Local Cache Stride Bucket 4 is equal to 284887
Local Cache Stride Bucket 5 is equal to 222642
Local Cache Stride Bucket 6 is equal to 203361
Local Cache Stride Bucket 7 is equal to 192309
Local Cache Stride Bucket 8 is equal to 140419
Local Cache Stride Bucket 9 is equal to 158973
Local Cache Stride Bucket 10 is equal to 119818
Local Cache Stride Bucket 11 is equal to 108554
Local Cache Stride Bucket 12 is equal to 64331
Local Cache Stride Bucket 13 is equal to 63075
Local Cache Stride Bucket 14 is equal to 45076
Local Cache Stride Bucket 15 is equal to 27237
Local Cache Stride Bucket 16 is equal to 23476
Local Cache Stride Bucket 17 is equal to 23159
Local Cache Stride Bucket 18 is equal to 22400
Local Cache Stride Bucket 19 is equal to 18252
Local Cache Stride Bucket 20 is equal to 15995
Local Cache Stride Bucket 21 is equal to 15265
Local Cache Stride Bucket 22 is equal to 15007
Local Cache Stride Bucket 23 is equal to 12955
Local Cache Stride Bucket 24 is equal to 7574
Local Cache Stride Bucket 25 is equal to 2489
Local Cache Stride Bucket 26 is equal to 4925
Local Cache Stride Bucket 27 is equal to 1018
Local Cache Stride Bucket 28 is equal to 1672
Local Cache Stride Bucket 29 is equal to 102
Local Cache Stride Bucket 30 is equal to 266
Local Cache Stride Bucket 31 is equal to 66
Local Cache Stride Bucket 32 is equal to 433
Local Cache Stride Bucket 33 is equal to 115
Local Cache Stride Bucket 34 is equal to 159
Local Cache Stride Bucket 35 is equal to 93
Local Cache Stride Bucket 36 is equal to 94
Local Cache Stride Bucket 37 is equal to 86
Local Cache Stride Bucket 38 is equal to 120
Local Cache Stride Bucket 39 is equal to 75
Local Cache Stride Bucket 40 is equal to 85
Local Cache Stride Bucket 41 is equal to 156
Local Cache Stride Bucket 42 is equal to 56
Local Cache Stride Bucket 43 is equal to 84
Local Cache Stride Bucket 44 is equal to 42
Local Cache Stride Bucket 45 is equal to 47
Local Cache Stride Bucket 46 is equal to 102
Local Cache Stride Bucket 47 is equal to 159
Local Cache Stride Bucket 48 is equal to 136
Local Cache Stride Bucket 49 is equal to 116
Local Cache Stride Bucket 50 is equal to 116
Local Cache Stride Bucket 51 is equal to 116
Local Cache Stride Bucket 52 is equal to 64
Local Cache Stride Bucket 53 is equal to 114
Local Cache Stride Bucket 54 is equal to 61
Local Cache Stride Bucket 55 is equal to 169
Local Cache Stride Bucket 56 is equal to 77
Local Cache Stride Bucket 57 is equal to 68
Local Cache Stride Bucket 58 is equal to 34
Local Cache Stride Bucket 59 is equal to 47
Local Cache Stride Bucket 60 is equal to 83
Local Cache Stride Bucket 61 is equal to 52
Local Cache Stride Bucket 62 is equal to 66
Local Cache Stride Bucket 63 is equal to 127
Local Cache Stride Bucket 64 is equal to 203
Local Cache Stride Bucket 65 is equal to 132
Local Cache Stride Bucket 66 is equal to 60
Local Cache Stride Bucket 67 is equal to 73
Local Cache Stride Bucket 68 is equal to 89
Local Cache Stride Bucket 69 is equal to 83
Local Cache Stride Bucket 70 is equal to 44
Local Cache Stride Bucket 71 is equal to 59
Local Cache Stride Bucket 72 is equal to 80
Local Cache Stride Bucket 73 is equal to 49
Local Cache Stride Bucket 74 is equal to 54
Local Cache Stride Bucket 75 is equal to 97
Local Cache Stride Bucket 76 is equal to 86
Local Cache Stride Bucket 77 is equal to 54
Local Cache Stride Bucket 78 is equal to 59
Local Cache Stride Bucket 79 is equal to 109
Local Cache Stride Bucket 80 is equal to 140
Local Cache Stride Bucket 81 is equal to 157
Local Cache Stride Bucket 82 is equal to 85
Local Cache Stride Bucket 83 is equal to 47
Local Cache Stride Bucket 84 is equal to 84
Local Cache Stride Bucket 85 is equal to 104
Local Cache Stride Bucket 86 is equal to 251
Local Cache Stride Bucket 87 is equal to 56
Local Cache Stride Bucket 88 is equal to 96
Local Cache Stride Bucket 89 is equal to 73
Local Cache Stride Bucket 90 is equal to 96
Local Cache Stride Bucket 91 is equal to 45
Local Cache Stride Bucket 92 is equal to 108
Local Cache Stride Bucket 93 is equal to 87
Local Cache Stride Bucket 94 is equal to 74
Local Cache Stride Bucket 95 is equal to 52
Local Cache Stride Bucket 96 is equal to 131
Local Cache Stride Bucket 97 is equal to 87
Local Cache Stride Bucket 98 is equal to 75
Local Cache Stride Bucket 99 is equal to 44
Local Cache Stride Bucket 100 is equal to 49
Local Cache Stride Bucket 101 is equal to 58
Local Cache Stride Bucket 102 is equal to 65
Local Cache Stride Bucket 103 is equal to 48
Local Cache Stride Bucket 104 is equal to 59
Local Cache Stride Bucket 105 is equal to 65
Local Cache Stride Bucket 106 is equal to 42
Local Cache Stride Bucket 107 is equal to 42
Local Cache Stride Bucket 108 is equal to 22
Local Cache Stride Bucket 109 is equal to 52
Local Cache Stride Bucket 110 is equal to 588
Local Cache Stride Bucket 111 is equal to 47
Local Cache Stride Bucket 112 is equal to 80
Local Cache Stride Bucket 113 is equal to 34
Local Cache Stride Bucket 114 is equal to 35
Local Cache Stride Bucket 115 is equal to 38
Local Cache Stride Bucket 116 is equal to 37
Local Cache Stride Bucket 117 is equal to 33
Local Cache Stride Bucket 118 is equal to 50
Local Cache Stride Bucket 119 is equal to 48
Local Cache Stride Bucket 120 is equal to 91
Local Cache Stride Bucket 121 is equal to 60
Local Cache Stride Bucket 122 is equal to 67
Local Cache Stride Bucket 123 is equal to 31
Local Cache Stride Bucket 124 is equal to 56
Local Cache Stride Bucket 125 is equal to 36
Local Cache Stride Bucket 126 is equal to 134
Local Cache Stride Bucket 127 is equal to 41
Local Cache Stride Bucket 128 is equal to 295
Local Cache Stride Bucket 129 is equal to 117
Local Cache Stride Bucket 130 is equal to 67
Local Cache Stride Bucket 131 is equal to 53
Local Cache Stride Bucket 132 is equal to 65
Local Cache Stride Bucket 133 is equal to 72
Local Cache Stride Bucket 134 is equal to 83
Local Cache Stride Bucket 135 is equal to 34
Local Cache Stride Bucket 136 is equal to 80
Local Cache Stride Bucket 137 is equal to 59
Local Cache Stride Bucket 138 is equal to 358
Local Cache Stride Bucket 139 is equal to 995
Local Cache Stride Bucket 140 is equal to 29
Local Cache Stride Bucket 141 is equal to 48
Local Cache Stride Bucket 142 is equal to 29
Local Cache Stride Bucket 143 is equal to 51
Local Cache Stride Bucket 144 is equal to 66
Local Cache Stride Bucket 145 is equal to 68
Local Cache Stride Bucket 146 is equal to 35
Local Cache Stride Bucket 147 is equal to 48
Local Cache Stride Bucket 148 is equal to 69
Local Cache Stride Bucket 149 is equal to 35
Local Cache Stride Bucket 150 is equal to 61
Local Cache Stride Bucket 151 is equal to 48
Local Cache Stride Bucket 152 is equal to 104
Local Cache Stride Bucket 153 is equal to 89
Local Cache Stride Bucket 154 is equal to 50
Local Cache Stride Bucket 155 is equal to 75
Local Cache Stride Bucket 156 is equal to 35
Local Cache Stride Bucket 157 is equal to 39
Local Cache Stride Bucket 158 is equal to 195
Local Cache Stride Bucket 159 is equal to 50
Local Cache Stride Bucket 160 is equal to 97
Local Cache Stride Bucket 161 is equal to 74
Local Cache Stride Bucket 162 is equal to 59
Local Cache Stride Bucket 163 is equal to 60
Local Cache Stride Bucket 164 is equal to 39
Local Cache Stride Bucket 165 is equal to 24
Local Cache Stride Bucket 166 is equal to 60
Local Cache Stride Bucket 167 is equal to 43
Local Cache Stride Bucket 168 is equal to 39
Local Cache Stride Bucket 169 is equal to 46
Local Cache Stride Bucket 170 is equal to 31
Local Cache Stride Bucket 171 is equal to 60
Local Cache Stride Bucket 172 is equal to 60
Local Cache Stride Bucket 173 is equal to 39
Local Cache Stride Bucket 174 is equal to 56
Local Cache Stride Bucket 175 is equal to 69
Local Cache Stride Bucket 176 is equal to 130
Local Cache Stride Bucket 177 is equal to 74
Local Cache Stride Bucket 178 is equal to 75
Local Cache Stride Bucket 179 is equal to 75
Local Cache Stride Bucket 180 is equal to 45
Local Cache Stride Bucket 181 is equal to 45
Local Cache Stride Bucket 182 is equal to 62
Local Cache Stride Bucket 183 is equal to 45
Local Cache Stride Bucket 184 is equal to 37
Local Cache Stride Bucket 185 is equal to 53
Local Cache Stride Bucket 186 is equal to 47
Local Cache Stride Bucket 187 is equal to 78
Local Cache Stride Bucket 188 is equal to 37
Local Cache Stride Bucket 189 is equal to 52
Local Cache Stride Bucket 190 is equal to 47
Local Cache Stride Bucket 191 is equal to 49
Local Cache Stride Bucket 192 is equal to 87
Local Cache Stride Bucket 193 is equal to 58
Local Cache Stride Bucket 194 is equal to 40
Local Cache Stride Bucket 195 is equal to 24
Local Cache Stride Bucket 196 is equal to 75
Local Cache Stride Bucket 197 is equal to 32
Local Cache Stride Bucket 198 is equal to 34
Local Cache Stride Bucket 199 is equal to 51
Local Cache Stride Bucket 200 is equal to 31
Local Cache Stride Bucket 201 is equal to 67
Local Cache Stride Bucket 202 is equal to 38
Local Cache Stride Bucket 203 is equal to 22
Local Cache Stride Bucket 204 is equal to 31
Local Cache Stride Bucket 205 is equal to 52
Local Cache Stride Bucket 206 is equal to 54
Local Cache Stride Bucket 207 is equal to 69
Local Cache Stride Bucket 208 is equal to 68
Local Cache Stride Bucket 209 is equal to 47
Local Cache Stride Bucket 210 is equal to 61
Local Cache Stride Bucket 211 is equal to 49
Local Cache Stride Bucket 212 is equal to 50
Local Cache Stride Bucket 213 is equal to 51
Local Cache Stride Bucket 214 is equal to 45
Local Cache Stride Bucket 215 is equal to 32
Local Cache Stride Bucket 216 is equal to 32
Local Cache Stride Bucket 217 is equal to 30
Local Cache Stride Bucket 218 is equal to 43
Local Cache Stride Bucket 219 is equal to 43
Local Cache Stride Bucket 220 is equal to 59
Local Cache Stride Bucket 221 is equal to 36
Local Cache Stride Bucket 222 is equal to 62
Local Cache Stride Bucket 223 is equal to 41
Local Cache Stride Bucket 224 is equal to 61
Local Cache Stride Bucket 225 is equal to 32
Local Cache Stride Bucket 226 is equal to 48
Local Cache Stride Bucket 227 is equal to 45
Local Cache Stride Bucket 228 is equal to 43
Local Cache Stride Bucket 229 is equal to 45
Local Cache Stride Bucket 230 is equal to 38
Local Cache Stride Bucket 231 is equal to 36
Local Cache Stride Bucket 232 is equal to 27
Local Cache Stride Bucket 233 is equal to 63
Local Cache Stride Bucket 234 is equal to 70
Local Cache Stride Bucket 235 is equal to 55
Local Cache Stride Bucket 236 is equal to 48
Local Cache Stride Bucket 237 is equal to 99
Local Cache Stride Bucket 238 is equal to 197
Local Cache Stride Bucket 239 is equal to 201
Local Cache Stride Bucket 240 is equal to 104
Local Cache Stride Bucket 241 is equal to 67
Local Cache Stride Bucket 242 is equal to 38
Local Cache Stride Bucket 243 is equal to 62
Local Cache Stride Bucket 244 is equal to 69
Local Cache Stride Bucket 245 is equal to 87
Local Cache Stride Bucket 246 is equal to 63
Local Cache Stride Bucket 247 is equal to 73
Local Cache Stride Bucket 248 is equal to 46
Local Cache Stride Bucket 249 is equal to 77
Local Cache Stride Bucket 250 is equal to 69
Local Cache Stride Bucket 251 is equal to 56
Local Cache Stride Bucket 252 is equal to 134
Local Cache Stride Bucket 253 is equal to 116
Local Cache Stride Bucket 254 is equal to 132
Local Cache Stride Bucket 255 is equal to 83
Local Cache Stride Bucket 256 is equal to 196176


Global LD ST Byte Stride Bucket -256 is equal to 9734564
Global LD ST Byte Stride Bucket -254 is equal to 1238
Global LD ST Byte Stride Bucket -252 is equal to 831
Global LD ST Byte Stride Bucket -250 is equal to 834
Global LD ST Byte Stride Bucket -248 is equal to 5469
Global LD ST Byte Stride Bucket -246 is equal to 537
Global LD ST Byte Stride Bucket -244 is equal to 778
Global LD ST Byte Stride Bucket -242 is equal to 747
Global LD ST Byte Stride Bucket -240 is equal to 355
Global LD ST Byte Stride Bucket -238 is equal to 402
Global LD ST Byte Stride Bucket -236 is equal to 848
Global LD ST Byte Stride Bucket -234 is equal to 475
Global LD ST Byte Stride Bucket -232 is equal to 983
Global LD ST Byte Stride Bucket -230 is equal to 574
Global LD ST Byte Stride Bucket -228 is equal to 3472
Global LD ST Byte Stride Bucket -226 is equal to 80
Global LD ST Byte Stride Bucket -224 is equal to 1265
Global LD ST Byte Stride Bucket -222 is equal to 937
Global LD ST Byte Stride Bucket -220 is equal to 492
Global LD ST Byte Stride Bucket -218 is equal to 1277
Global LD ST Byte Stride Bucket -216 is equal to 6660
Global LD ST Byte Stride Bucket -214 is equal to 429
Global LD ST Byte Stride Bucket -212 is equal to 631
Global LD ST Byte Stride Bucket -210 is equal to 1363
Global LD ST Byte Stride Bucket -208 is equal to 994
Global LD ST Byte Stride Bucket -206 is equal to 974
Global LD ST Byte Stride Bucket -204 is equal to 398
Global LD ST Byte Stride Bucket -202 is equal to 580
Global LD ST Byte Stride Bucket -200 is equal to 671
Global LD ST Byte Stride Bucket -198 is equal to 294
Global LD ST Byte Stride Bucket -196 is equal to 693
Global LD ST Byte Stride Bucket -194 is equal to 420
Global LD ST Byte Stride Bucket -192 is equal to 537
Global LD ST Byte Stride Bucket -190 is equal to 506
Global LD ST Byte Stride Bucket -188 is equal to 10007
Global LD ST Byte Stride Bucket -186 is equal to 673
Global LD ST Byte Stride Bucket -184 is equal to 7474
Global LD ST Byte Stride Bucket -182 is equal to 1320
Global LD ST Byte Stride Bucket -180 is equal to 343
Global LD ST Byte Stride Bucket -178 is equal to 700
Global LD ST Byte Stride Bucket -176 is equal to 211743
Global LD ST Byte Stride Bucket -174 is equal to 1039
Global LD ST Byte Stride Bucket -172 is equal to 776
Global LD ST Byte Stride Bucket -170 is equal to 888
Global LD ST Byte Stride Bucket -168 is equal to 84591
Global LD ST Byte Stride Bucket -166 is equal to 1081
Global LD ST Byte Stride Bucket -164 is equal to 4420
Global LD ST Byte Stride Bucket -162 is equal to 1051
Global LD ST Byte Stride Bucket -160 is equal to 6401
Global LD ST Byte Stride Bucket -158 is equal to 756
Global LD ST Byte Stride Bucket -156 is equal to 351
Global LD ST Byte Stride Bucket -154 is equal to 576
Global LD ST Byte Stride Bucket -152 is equal to 713
Global LD ST Byte Stride Bucket -150 is equal to 417
Global LD ST Byte Stride Bucket -148 is equal to 867
Global LD ST Byte Stride Bucket -146 is equal to 1149
Global LD ST Byte Stride Bucket -144 is equal to 1186
Global LD ST Byte Stride Bucket -142 is equal to 771
Global LD ST Byte Stride Bucket -140 is equal to 623
Global LD ST Byte Stride Bucket -138 is equal to 759
Global LD ST Byte Stride Bucket -136 is equal to 855
Global LD ST Byte Stride Bucket -134 is equal to 1437
Global LD ST Byte Stride Bucket -132 is equal to 1307
Global LD ST Byte Stride Bucket -130 is equal to 877
Global LD ST Byte Stride Bucket -128 is equal to 1763
Global LD ST Byte Stride Bucket -126 is equal to 2128
Global LD ST Byte Stride Bucket -124 is equal to 4594
Global LD ST Byte Stride Bucket -122 is equal to 1807
Global LD ST Byte Stride Bucket -120 is equal to 15412
Global LD ST Byte Stride Bucket -118 is equal to 1119
Global LD ST Byte Stride Bucket -116 is equal to 8912
Global LD ST Byte Stride Bucket -114 is equal to 688
Global LD ST Byte Stride Bucket -112 is equal to 10410
Global LD ST Byte Stride Bucket -110 is equal to 1252
Global LD ST Byte Stride Bucket -108 is equal to 8231
Global LD ST Byte Stride Bucket -106 is equal to 1013
Global LD ST Byte Stride Bucket -104 is equal to 7366
Global LD ST Byte Stride Bucket -102 is equal to 462
Global LD ST Byte Stride Bucket -100 is equal to 7755
Global LD ST Byte Stride Bucket -98 is equal to 1222
Global LD ST Byte Stride Bucket -96 is equal to 2704
Global LD ST Byte Stride Bucket -94 is equal to 1294
Global LD ST Byte Stride Bucket -92 is equal to 7964
Global LD ST Byte Stride Bucket -90 is equal to 1612
Global LD ST Byte Stride Bucket -88 is equal to 65538
Global LD ST Byte Stride Bucket -86 is equal to 2029
Global LD ST Byte Stride Bucket -84 is equal to 9111
Global LD ST Byte Stride Bucket -82 is equal to 3124
Global LD ST Byte Stride Bucket -80 is equal to 82475
Global LD ST Byte Stride Bucket -78 is equal to 1476
Global LD ST Byte Stride Bucket -76 is equal to 4639
Global LD ST Byte Stride Bucket -74 is equal to 997
Global LD ST Byte Stride Bucket -72 is equal to 11698
Global LD ST Byte Stride Bucket -70 is equal to 789
Global LD ST Byte Stride Bucket -68 is equal to 7922
Global LD ST Byte Stride Bucket -66 is equal to 772
Global LD ST Byte Stride Bucket -64 is equal to 19109
Global LD ST Byte Stride Bucket -62 is equal to 899
Global LD ST Byte Stride Bucket -60 is equal to 56375
Global LD ST Byte Stride Bucket -58 is equal to 572
Global LD ST Byte Stride Bucket -56 is equal to 171971
Global LD ST Byte Stride Bucket -54 is equal to 444
Global LD ST Byte Stride Bucket -52 is equal to 138724
Global LD ST Byte Stride Bucket -50 is equal to 879
Global LD ST Byte Stride Bucket -48 is equal to 21170
Global LD ST Byte Stride Bucket -46 is equal to 2173
Global LD ST Byte Stride Bucket -44 is equal to 45568
Global LD ST Byte Stride Bucket -42 is equal to 22158
Global LD ST Byte Stride Bucket -40 is equal to 62045
Global LD ST Byte Stride Bucket -38 is equal to 2087
Global LD ST Byte Stride Bucket -36 is equal to 98690
Global LD ST Byte Stride Bucket -34 is equal to 762
Global LD ST Byte Stride Bucket -32 is equal to 159067
Global LD ST Byte Stride Bucket -30 is equal to 396
Global LD ST Byte Stride Bucket -28 is equal to 25587
Global LD ST Byte Stride Bucket -26 is equal to 359
Global LD ST Byte Stride Bucket -24 is equal to 213771
Global LD ST Byte Stride Bucket -22 is equal to 347
Global LD ST Byte Stride Bucket -20 is equal to 167609
Global LD ST Byte Stride Bucket -18 is equal to 411
Global LD ST Byte Stride Bucket -16 is equal to 233305
Global LD ST Byte Stride Bucket -14 is equal to 389
Global LD ST Byte Stride Bucket -13 is equal to 3
Global LD ST Byte Stride Bucket -12 is equal to 402358
Global LD ST Byte Stride Bucket -10 is equal to 265
Global LD ST Byte Stride Bucket -9 is equal to 5
Global LD ST Byte Stride Bucket -8 is equal to 2072927
Global LD ST Byte Stride Bucket -6 is equal to 1347
Global LD ST Byte Stride Bucket -4 is equal to 1085196
Global LD ST Byte Stride Bucket -2 is equal to 22441
Global LD ST Byte Stride Bucket 0 is equal to 2393915
Global LD ST Byte Stride Bucket 2 is equal to 19634
Global LD ST Byte Stride Bucket 4 is equal to 1541190
Global LD ST Byte Stride Bucket 6 is equal to 1416
Global LD ST Byte Stride Bucket 8 is equal to 2631567
Global LD ST Byte Stride Bucket 9 is equal to 159
Global LD ST Byte Stride Bucket 10 is equal to 447
Global LD ST Byte Stride Bucket 12 is equal to 124464
Global LD ST Byte Stride Bucket 14 is equal to 101
Global LD ST Byte Stride Bucket 16 is equal to 372861
Global LD ST Byte Stride Bucket 18 is equal to 101
Global LD ST Byte Stride Bucket 20 is equal to 126649
Global LD ST Byte Stride Bucket 22 is equal to 93
Global LD ST Byte Stride Bucket 24 is equal to 172857
Global LD ST Byte Stride Bucket 26 is equal to 85
Global LD ST Byte Stride Bucket 28 is equal to 30222
Global LD ST Byte Stride Bucket 30 is equal to 74
Global LD ST Byte Stride Bucket 32 is equal to 126765
Global LD ST Byte Stride Bucket 34 is equal to 279
Global LD ST Byte Stride Bucket 36 is equal to 299402
Global LD ST Byte Stride Bucket 38 is equal to 851
Global LD ST Byte Stride Bucket 40 is equal to 59122
Global LD ST Byte Stride Bucket 42 is equal to 23163
Global LD ST Byte Stride Bucket 44 is equal to 52942
Global LD ST Byte Stride Bucket 46 is equal to 1368
Global LD ST Byte Stride Bucket 47 is equal to 102
Global LD ST Byte Stride Bucket 48 is equal to 43090
Global LD ST Byte Stride Bucket 49 is equal to 719
Global LD ST Byte Stride Bucket 50 is equal to 1042
Global LD ST Byte Stride Bucket 51 is equal to 114
Global LD ST Byte Stride Bucket 52 is equal to 164473
Global LD ST Byte Stride Bucket 53 is equal to 195
Global LD ST Byte Stride Bucket 54 is equal to 849
Global LD ST Byte Stride Bucket 55 is equal to 45
Global LD ST Byte Stride Bucket 56 is equal to 42719
Global LD ST Byte Stride Bucket 57 is equal to 171
Global LD ST Byte Stride Bucket 58 is equal to 565
Global LD ST Byte Stride Bucket 59 is equal to 66
Global LD ST Byte Stride Bucket 60 is equal to 5257
Global LD ST Byte Stride Bucket 61 is equal to 100
Global LD ST Byte Stride Bucket 62 is equal to 667
Global LD ST Byte Stride Bucket 63 is equal to 118
Global LD ST Byte Stride Bucket 64 is equal to 18121
Global LD ST Byte Stride Bucket 65 is equal to 120
Global LD ST Byte Stride Bucket 66 is equal to 633
Global LD ST Byte Stride Bucket 67 is equal to 175
Global LD ST Byte Stride Bucket 68 is equal to 632
Global LD ST Byte Stride Bucket 69 is equal to 116
Global LD ST Byte Stride Bucket 70 is equal to 619
Global LD ST Byte Stride Bucket 71 is equal to 97
Global LD ST Byte Stride Bucket 72 is equal to 8122
Global LD ST Byte Stride Bucket 73 is equal to 147
Global LD ST Byte Stride Bucket 74 is equal to 812
Global LD ST Byte Stride Bucket 75 is equal to 264
Global LD ST Byte Stride Bucket 76 is equal to 947
Global LD ST Byte Stride Bucket 77 is equal to 276
Global LD ST Byte Stride Bucket 78 is equal to 1523
Global LD ST Byte Stride Bucket 79 is equal to 238
Global LD ST Byte Stride Bucket 80 is equal to 63527
Global LD ST Byte Stride Bucket 81 is equal to 354
Global LD ST Byte Stride Bucket 82 is equal to 2049
Global LD ST Byte Stride Bucket 83 is equal to 75
Global LD ST Byte Stride Bucket 84 is equal to 160672
Global LD ST Byte Stride Bucket 86 is equal to 1164
Global LD ST Byte Stride Bucket 88 is equal to 58663
Global LD ST Byte Stride Bucket 89 is equal to 266
Global LD ST Byte Stride Bucket 90 is equal to 1276
Global LD ST Byte Stride Bucket 91 is equal to 58
Global LD ST Byte Stride Bucket 92 is equal to 1265
Global LD ST Byte Stride Bucket 93 is equal to 115
Global LD ST Byte Stride Bucket 94 is equal to 857
Global LD ST Byte Stride Bucket 95 is equal to 291
Global LD ST Byte Stride Bucket 96 is equal to 1759
Global LD ST Byte Stride Bucket 97 is equal to 60
Global LD ST Byte Stride Bucket 98 is equal to 222
Global LD ST Byte Stride Bucket 99 is equal to 18
Global LD ST Byte Stride Bucket 100 is equal to 1285
Global LD ST Byte Stride Bucket 101 is equal to 77
Global LD ST Byte Stride Bucket 102 is equal to 283
Global LD ST Byte Stride Bucket 103 is equal to 98
Global LD ST Byte Stride Bucket 104 is equal to 826
Global LD ST Byte Stride Bucket 105 is equal to 81
Global LD ST Byte Stride Bucket 106 is equal to 755
Global LD ST Byte Stride Bucket 107 is equal to 152
Global LD ST Byte Stride Bucket 108 is equal to 529
Global LD ST Byte Stride Bucket 109 is equal to 181
Global LD ST Byte Stride Bucket 110 is equal to 765
Global LD ST Byte Stride Bucket 111 is equal to 45
Global LD ST Byte Stride Bucket 112 is equal to 1171
Global LD ST Byte Stride Bucket 113 is equal to 38
Global LD ST Byte Stride Bucket 114 is equal to 285
Global LD ST Byte Stride Bucket 115 is equal to 107
Global LD ST Byte Stride Bucket 116 is equal to 1102
Global LD ST Byte Stride Bucket 117 is equal to 256
Global LD ST Byte Stride Bucket 118 is equal to 981
Global LD ST Byte Stride Bucket 119 is equal to 270
Global LD ST Byte Stride Bucket 120 is equal to 1127
Global LD ST Byte Stride Bucket 121 is equal to 462
Global LD ST Byte Stride Bucket 122 is equal to 1168
Global LD ST Byte Stride Bucket 123 is equal to 122
Global LD ST Byte Stride Bucket 124 is equal to 1638
Global LD ST Byte Stride Bucket 125 is equal to 441
Global LD ST Byte Stride Bucket 126 is equal to 778
Global LD ST Byte Stride Bucket 128 is equal to 998
Global LD ST Byte Stride Bucket 130 is equal to 520
Global LD ST Byte Stride Bucket 131 is equal to 87
Global LD ST Byte Stride Bucket 132 is equal to 1057
Global LD ST Byte Stride Bucket 133 is equal to 57
Global LD ST Byte Stride Bucket 134 is equal to 192
Global LD ST Byte Stride Bucket 135 is equal to 20
Global LD ST Byte Stride Bucket 136 is equal to 971
Global LD ST Byte Stride Bucket 137 is equal to 34
Global LD ST Byte Stride Bucket 138 is equal to 349
Global LD ST Byte Stride Bucket 139 is equal to 5
Global LD ST Byte Stride Bucket 140 is equal to 825
Global LD ST Byte Stride Bucket 141 is equal to 67
Global LD ST Byte Stride Bucket 142 is equal to 262
Global LD ST Byte Stride Bucket 143 is equal to 115
Global LD ST Byte Stride Bucket 144 is equal to 879
Global LD ST Byte Stride Bucket 145 is equal to 96
Global LD ST Byte Stride Bucket 146 is equal to 985
Global LD ST Byte Stride Bucket 147 is equal to 163
Global LD ST Byte Stride Bucket 148 is equal to 254
Global LD ST Byte Stride Bucket 149 is equal to 61
Global LD ST Byte Stride Bucket 150 is equal to 799
Global LD ST Byte Stride Bucket 151 is equal to 37
Global LD ST Byte Stride Bucket 152 is equal to 68
Global LD ST Byte Stride Bucket 153 is equal to 27
Global LD ST Byte Stride Bucket 154 is equal to 90
Global LD ST Byte Stride Bucket 155 is equal to 1
Global LD ST Byte Stride Bucket 156 is equal to 223
Global LD ST Byte Stride Bucket 157 is equal to 159
Global LD ST Byte Stride Bucket 158 is equal to 886
Global LD ST Byte Stride Bucket 159 is equal to 83
Global LD ST Byte Stride Bucket 160 is equal to 9822
Global LD ST Byte Stride Bucket 161 is equal to 50
Global LD ST Byte Stride Bucket 162 is equal to 344
Global LD ST Byte Stride Bucket 163 is equal to 28
Global LD ST Byte Stride Bucket 164 is equal to 159092
Global LD ST Byte Stride Bucket 165 is equal to 190
Global LD ST Byte Stride Bucket 166 is equal to 854
Global LD ST Byte Stride Bucket 167 is equal to 131
Global LD ST Byte Stride Bucket 168 is equal to 80893
Global LD ST Byte Stride Bucket 170 is equal to 353
Global LD ST Byte Stride Bucket 172 is equal to 679
Global LD ST Byte Stride Bucket 173 is equal to 324
Global LD ST Byte Stride Bucket 174 is equal to 906
Global LD ST Byte Stride Bucket 175 is equal to 47
Global LD ST Byte Stride Bucket 176 is equal to 9722
Global LD ST Byte Stride Bucket 177 is equal to 28
Global LD ST Byte Stride Bucket 178 is equal to 297
Global LD ST Byte Stride Bucket 179 is equal to 34
Global LD ST Byte Stride Bucket 180 is equal to 668
Global LD ST Byte Stride Bucket 181 is equal to 225
Global LD ST Byte Stride Bucket 182 is equal to 792
Global LD ST Byte Stride Bucket 183 is equal to 47
Global LD ST Byte Stride Bucket 184 is equal to 51808
Global LD ST Byte Stride Bucket 185 is equal to 1
Global LD ST Byte Stride Bucket 186 is equal to 1323
Global LD ST Byte Stride Bucket 187 is equal to 233
Global LD ST Byte Stride Bucket 188 is equal to 364
Global LD ST Byte Stride Bucket 189 is equal to 6
Global LD ST Byte Stride Bucket 190 is equal to 486
Global LD ST Byte Stride Bucket 191 is equal to 144
Global LD ST Byte Stride Bucket 192 is equal to 301
Global LD ST Byte Stride Bucket 193 is equal to 19
Global LD ST Byte Stride Bucket 194 is equal to 605
Global LD ST Byte Stride Bucket 196 is equal to 1049
Global LD ST Byte Stride Bucket 197 is equal to 142
Global LD ST Byte Stride Bucket 198 is equal to 159
Global LD ST Byte Stride Bucket 199 is equal to 21
Global LD ST Byte Stride Bucket 200 is equal to 9070
Global LD ST Byte Stride Bucket 201 is equal to 33
Global LD ST Byte Stride Bucket 202 is equal to 300
Global LD ST Byte Stride Bucket 203 is equal to 23
Global LD ST Byte Stride Bucket 204 is equal to 178
Global LD ST Byte Stride Bucket 205 is equal to 79
Global LD ST Byte Stride Bucket 206 is equal to 401
Global LD ST Byte Stride Bucket 207 is equal to 59
Global LD ST Byte Stride Bucket 208 is equal to 1003
Global LD ST Byte Stride Bucket 209 is equal to 160
Global LD ST Byte Stride Bucket 210 is equal to 676
Global LD ST Byte Stride Bucket 212 is equal to 280
Global LD ST Byte Stride Bucket 214 is equal to 436
Global LD ST Byte Stride Bucket 215 is equal to 162
Global LD ST Byte Stride Bucket 216 is equal to 905
Global LD ST Byte Stride Bucket 217 is equal to 363
Global LD ST Byte Stride Bucket 218 is equal to 908
Global LD ST Byte Stride Bucket 219 is equal to 314
Global LD ST Byte Stride Bucket 220 is equal to 715
Global LD ST Byte Stride Bucket 221 is equal to 42
Global LD ST Byte Stride Bucket 222 is equal to 544
Global LD ST Byte Stride Bucket 224 is equal to 6350
Global LD ST Byte Stride Bucket 226 is equal to 63
Global LD ST Byte Stride Bucket 227 is equal to 50
Global LD ST Byte Stride Bucket 228 is equal to 102
Global LD ST Byte Stride Bucket 230 is equal to 244
Global LD ST Byte Stride Bucket 231 is equal to 12
Global LD ST Byte Stride Bucket 232 is equal to 105
Global LD ST Byte Stride Bucket 233 is equal to 12
Global LD ST Byte Stride Bucket 234 is equal to 48
Global LD ST Byte Stride Bucket 235 is equal to 9
Global LD ST Byte Stride Bucket 236 is equal to 122
Global LD ST Byte Stride Bucket 237 is equal to 28
Global LD ST Byte Stride Bucket 238 is equal to 222
Global LD ST Byte Stride Bucket 239 is equal to 106
Global LD ST Byte Stride Bucket 240 is equal to 729
Global LD ST Byte Stride Bucket 241 is equal to 216
Global LD ST Byte Stride Bucket 242 is equal to 459
Global LD ST Byte Stride Bucket 243 is equal to 4
Global LD ST Byte Stride Bucket 244 is equal to 553
Global LD ST Byte Stride Bucket 245 is equal to 93
Global LD ST Byte Stride Bucket 246 is equal to 335
Global LD ST Byte Stride Bucket 247 is equal to 36
Global LD ST Byte Stride Bucket 248 is equal to 2131
Global LD ST Byte Stride Bucket 249 is equal to 217
Global LD ST Byte Stride Bucket 250 is equal to 751
Global LD ST Byte Stride Bucket 251 is equal to 113
Global LD ST Byte Stride Bucket 252 is equal to 690
Global LD ST Byte Stride Bucket 254 is equal to 294
Global LD ST Byte Stride Bucket 256 is equal to 10686894

Global LD ST Cache Stride Bucket -256 is equal to 1616170
Global LD ST Cache Stride Bucket -168 is equal to 319
Global LD ST Cache Stride Bucket -166 is equal to 319
Global LD ST Cache Stride Bucket -158 is equal to 6
Global LD ST Cache Stride Bucket -157 is equal to 694
Global LD ST Cache Stride Bucket -156 is equal to 8669
Global LD ST Cache Stride Bucket -155 is equal to 9762
Global LD ST Cache Stride Bucket -154 is equal to 26242
Global LD ST Cache Stride Bucket -153 is equal to 140843
Global LD ST Cache Stride Bucket -152 is equal to 262288
Global LD ST Cache Stride Bucket -151 is equal to 334180
Global LD ST Cache Stride Bucket -150 is equal to 237088
Global LD ST Cache Stride Bucket -149 is equal to 228842
Global LD ST Cache Stride Bucket -148 is equal to 169627
Global LD ST Cache Stride Bucket -147 is equal to 94149
Global LD ST Cache Stride Bucket -146 is equal to 8967
Global LD ST Cache Stride Bucket -145 is equal to 46521
Global LD ST Cache Stride Bucket -144 is equal to 25006
Global LD ST Cache Stride Bucket -143 is equal to 12003
Global LD ST Cache Stride Bucket -142 is equal to 20883
Global LD ST Cache Stride Bucket -141 is equal to 17466
Global LD ST Cache Stride Bucket -140 is equal to 13470
Global LD ST Cache Stride Bucket -139 is equal to 4850
Global LD ST Cache Stride Bucket -138 is equal to 7002
Global LD ST Cache Stride Bucket -137 is equal to 7181
Global LD ST Cache Stride Bucket -136 is equal to 4642
Global LD ST Cache Stride Bucket -135 is equal to 2845
Global LD ST Cache Stride Bucket -134 is equal to 4470
Global LD ST Cache Stride Bucket -133 is equal to 4421
Global LD ST Cache Stride Bucket -132 is equal to 3408
Global LD ST Cache Stride Bucket -131 is equal to 2651
Global LD ST Cache Stride Bucket -130 is equal to 2568
Global LD ST Cache Stride Bucket -129 is equal to 2309
Global LD ST Cache Stride Bucket -128 is equal to 3657
Global LD ST Cache Stride Bucket -127 is equal to 1927
Global LD ST Cache Stride Bucket -126 is equal to 6239
Global LD ST Cache Stride Bucket -125 is equal to 2768
Global LD ST Cache Stride Bucket -124 is equal to 25132
Global LD ST Cache Stride Bucket -123 is equal to 55779
Global LD ST Cache Stride Bucket -122 is equal to 59184
Global LD ST Cache Stride Bucket -121 is equal to 43905
Global LD ST Cache Stride Bucket -120 is equal to 44536
Global LD ST Cache Stride Bucket -119 is equal to 74872
Global LD ST Cache Stride Bucket -118 is equal to 37982
Global LD ST Cache Stride Bucket -117 is equal to 49112
Global LD ST Cache Stride Bucket -116 is equal to 51616
Global LD ST Cache Stride Bucket -115 is equal to 54052
Global LD ST Cache Stride Bucket -114 is equal to 52731
Global LD ST Cache Stride Bucket -113 is equal to 49689
Global LD ST Cache Stride Bucket -112 is equal to 50705
Global LD ST Cache Stride Bucket -111 is equal to 40752
Global LD ST Cache Stride Bucket -110 is equal to 44818
Global LD ST Cache Stride Bucket -109 is equal to 46303
Global LD ST Cache Stride Bucket -108 is equal to 38025
Global LD ST Cache Stride Bucket -107 is equal to 29020
Global LD ST Cache Stride Bucket -106 is equal to 30533
Global LD ST Cache Stride Bucket -105 is equal to 35428
Global LD ST Cache Stride Bucket -104 is equal to 34823
Global LD ST Cache Stride Bucket -103 is equal to 30022
Global LD ST Cache Stride Bucket -102 is equal to 25173
Global LD ST Cache Stride Bucket -101 is equal to 24526
Global LD ST Cache Stride Bucket -100 is equal to 136847
Global LD ST Cache Stride Bucket -99 is equal to 22474
Global LD ST Cache Stride Bucket -98 is equal to 100654
Global LD ST Cache Stride Bucket -97 is equal to 33137
Global LD ST Cache Stride Bucket -96 is equal to 53337
Global LD ST Cache Stride Bucket -95 is equal to 64865
Global LD ST Cache Stride Bucket -94 is equal to 83696
Global LD ST Cache Stride Bucket -93 is equal to 55484
Global LD ST Cache Stride Bucket -92 is equal to 48371
Global LD ST Cache Stride Bucket -91 is equal to 55153
Global LD ST Cache Stride Bucket -90 is equal to 61920
Global LD ST Cache Stride Bucket -89 is equal to 58869
Global LD ST Cache Stride Bucket -88 is equal to 51168
Global LD ST Cache Stride Bucket -87 is equal to 45758
Global LD ST Cache Stride Bucket -86 is equal to 55534
Global LD ST Cache Stride Bucket -85 is equal to 56713
Global LD ST Cache Stride Bucket -84 is equal to 61632
Global LD ST Cache Stride Bucket -83 is equal to 57086
Global LD ST Cache Stride Bucket -82 is equal to 69396
Global LD ST Cache Stride Bucket -81 is equal to 89397
Global LD ST Cache Stride Bucket -80 is equal to 82467
Global LD ST Cache Stride Bucket -79 is equal to 80692
Global LD ST Cache Stride Bucket -78 is equal to 74371
Global LD ST Cache Stride Bucket -77 is equal to 71948
Global LD ST Cache Stride Bucket -76 is equal to 79816
Global LD ST Cache Stride Bucket -75 is equal to 85305
Global LD ST Cache Stride Bucket -74 is equal to 93927
Global LD ST Cache Stride Bucket -73 is equal to 102280
Global LD ST Cache Stride Bucket -72 is equal to 111366
Global LD ST Cache Stride Bucket -71 is equal to 90775
Global LD ST Cache Stride Bucket -70 is equal to 64072
Global LD ST Cache Stride Bucket -69 is equal to 29436
Global LD ST Cache Stride Bucket -68 is equal to 30231
Global LD ST Cache Stride Bucket -67 is equal to 28591
Global LD ST Cache Stride Bucket -66 is equal to 28737
Global LD ST Cache Stride Bucket -65 is equal to 25339
Global LD ST Cache Stride Bucket -64 is equal to 25570
Global LD ST Cache Stride Bucket -63 is equal to 25986
Global LD ST Cache Stride Bucket -62 is equal to 26635
Global LD ST Cache Stride Bucket -61 is equal to 26964
Global LD ST Cache Stride Bucket -60 is equal to 25361
Global LD ST Cache Stride Bucket -59 is equal to 27382
Global LD ST Cache Stride Bucket -58 is equal to 29597
Global LD ST Cache Stride Bucket -57 is equal to 33202
Global LD ST Cache Stride Bucket -56 is equal to 70369
Global LD ST Cache Stride Bucket -55 is equal to 68997
Global LD ST Cache Stride Bucket -54 is equal to 41215
Global LD ST Cache Stride Bucket -53 is equal to 238041
Global LD ST Cache Stride Bucket -52 is equal to 74762
Global LD ST Cache Stride Bucket -51 is equal to 54898
Global LD ST Cache Stride Bucket -50 is equal to 99571
Global LD ST Cache Stride Bucket -49 is equal to 46629
Global LD ST Cache Stride Bucket -48 is equal to 47815
Global LD ST Cache Stride Bucket -47 is equal to 55751
Global LD ST Cache Stride Bucket -46 is equal to 38115
Global LD ST Cache Stride Bucket -45 is equal to 31132
Global LD ST Cache Stride Bucket -44 is equal to 38521
Global LD ST Cache Stride Bucket -43 is equal to 46691
Global LD ST Cache Stride Bucket -42 is equal to 115374
Global LD ST Cache Stride Bucket -41 is equal to 135149
Global LD ST Cache Stride Bucket -40 is equal to 16848
Global LD ST Cache Stride Bucket -39 is equal to 15965
Global LD ST Cache Stride Bucket -38 is equal to 13226
Global LD ST Cache Stride Bucket -37 is equal to 14713
Global LD ST Cache Stride Bucket -36 is equal to 14037
Global LD ST Cache Stride Bucket -35 is equal to 17725
Global LD ST Cache Stride Bucket -34 is equal to 20327
Global LD ST Cache Stride Bucket -33 is equal to 22685
Global LD ST Cache Stride Bucket -32 is equal to 20676
Global LD ST Cache Stride Bucket -31 is equal to 18643
Global LD ST Cache Stride Bucket -30 is equal to 18965
Global LD ST Cache Stride Bucket -29 is equal to 25107
Global LD ST Cache Stride Bucket -28 is equal to 45299
Global LD ST Cache Stride Bucket -27 is equal to 78851
Global LD ST Cache Stride Bucket -26 is equal to 75557
Global LD ST Cache Stride Bucket -25 is equal to 36242
Global LD ST Cache Stride Bucket -24 is equal to 29014
Global LD ST Cache Stride Bucket -23 is equal to 24158
Global LD ST Cache Stride Bucket -22 is equal to 24329
Global LD ST Cache Stride Bucket -21 is equal to 23257
Global LD ST Cache Stride Bucket -20 is equal to 29894
Global LD ST Cache Stride Bucket -19 is equal to 27575
Global LD ST Cache Stride Bucket -18 is equal to 27320
Global LD ST Cache Stride Bucket -17 is equal to 34890
Global LD ST Cache Stride Bucket -16 is equal to 56180
Global LD ST Cache Stride Bucket -15 is equal to 91666
Global LD ST Cache Stride Bucket -14 is equal to 230463
Global LD ST Cache Stride Bucket -13 is equal to 143425
Global LD ST Cache Stride Bucket -12 is equal to 85925
Global LD ST Cache Stride Bucket -11 is equal to 44561
Global LD ST Cache Stride Bucket -10 is equal to 32916
Global LD ST Cache Stride Bucket -9 is equal to 23394
Global LD ST Cache Stride Bucket -8 is equal to 27649
Global LD ST Cache Stride Bucket -7 is equal to 41060
Global LD ST Cache Stride Bucket -6 is equal to 97953
Global LD ST Cache Stride Bucket -5 is equal to 44181
Global LD ST Cache Stride Bucket -4 is equal to 29660
Global LD ST Cache Stride Bucket -3 is equal to 279239
Global LD ST Cache Stride Bucket -2 is equal to 183291
Global LD ST Cache Stride Bucket -1 is equal to 1375167
Global LD ST Cache Stride Bucket 0 is equal to 11063938
Global LD ST Cache Stride Bucket 1 is equal to 1256217
Global LD ST Cache Stride Bucket 2 is equal to 212160
Global LD ST Cache Stride Bucket 3 is equal to 230915
Global LD ST Cache Stride Bucket 4 is equal to 29243
Global LD ST Cache Stride Bucket 5 is equal to 41883
Global LD ST Cache Stride Bucket 6 is equal to 98811
Global LD ST Cache Stride Bucket 7 is equal to 47478
Global LD ST Cache Stride Bucket 8 is equal to 31079
Global LD ST Cache Stride Bucket 9 is equal to 41835
Global LD ST Cache Stride Bucket 10 is equal to 52986
Global LD ST Cache Stride Bucket 11 is equal to 70978
Global LD ST Cache Stride Bucket 12 is equal to 116537
Global LD ST Cache Stride Bucket 13 is equal to 314773
Global LD ST Cache Stride Bucket 14 is equal to 571468
Global LD ST Cache Stride Bucket 15 is equal to 166422
Global LD ST Cache Stride Bucket 16 is equal to 85541
Global LD ST Cache Stride Bucket 17 is equal to 67337
Global LD ST Cache Stride Bucket 18 is equal to 43319
Global LD ST Cache Stride Bucket 19 is equal to 54372
Global LD ST Cache Stride Bucket 20 is equal to 43627
Global LD ST Cache Stride Bucket 21 is equal to 37910
Global LD ST Cache Stride Bucket 22 is equal to 45400
Global LD ST Cache Stride Bucket 23 is equal to 39478
Global LD ST Cache Stride Bucket 24 is equal to 51454
Global LD ST Cache Stride Bucket 25 is equal to 34700
Global LD ST Cache Stride Bucket 26 is equal to 54068
Global LD ST Cache Stride Bucket 27 is equal to 125437
Global LD ST Cache Stride Bucket 28 is equal to 121038
Global LD ST Cache Stride Bucket 29 is equal to 91517
Global LD ST Cache Stride Bucket 30 is equal to 82706
Global LD ST Cache Stride Bucket 31 is equal to 73109
Global LD ST Cache Stride Bucket 32 is equal to 75367
Global LD ST Cache Stride Bucket 33 is equal to 78165
Global LD ST Cache Stride Bucket 34 is equal to 73252
Global LD ST Cache Stride Bucket 35 is equal to 62224
Global LD ST Cache Stride Bucket 36 is equal to 69146
Global LD ST Cache Stride Bucket 37 is equal to 63097
Global LD ST Cache Stride Bucket 38 is equal to 76919
Global LD ST Cache Stride Bucket 39 is equal to 64567
Global LD ST Cache Stride Bucket 40 is equal to 65408
Global LD ST Cache Stride Bucket 41 is equal to 34426
Global LD ST Cache Stride Bucket 42 is equal to 24015
Global LD ST Cache Stride Bucket 43 is equal to 32305
Global LD ST Cache Stride Bucket 44 is equal to 33300
Global LD ST Cache Stride Bucket 45 is equal to 27191
Global LD ST Cache Stride Bucket 46 is equal to 22110
Global LD ST Cache Stride Bucket 47 is equal to 44670
Global LD ST Cache Stride Bucket 48 is equal to 34999
Global LD ST Cache Stride Bucket 49 is equal to 38964
Global LD ST Cache Stride Bucket 50 is equal to 43736
Global LD ST Cache Stride Bucket 51 is equal to 143261
Global LD ST Cache Stride Bucket 52 is equal to 84681
Global LD ST Cache Stride Bucket 53 is equal to 106974
Global LD ST Cache Stride Bucket 54 is equal to 289312
Global LD ST Cache Stride Bucket 55 is equal to 72571
Global LD ST Cache Stride Bucket 56 is equal to 31751
Global LD ST Cache Stride Bucket 57 is equal to 22278
Global LD ST Cache Stride Bucket 58 is equal to 25245
Global LD ST Cache Stride Bucket 59 is equal to 17148
Global LD ST Cache Stride Bucket 60 is equal to 16287
Global LD ST Cache Stride Bucket 61 is equal to 18627
Global LD ST Cache Stride Bucket 62 is equal to 16265
Global LD ST Cache Stride Bucket 63 is equal to 15582
Global LD ST Cache Stride Bucket 64 is equal to 18183
Global LD ST Cache Stride Bucket 65 is equal to 15947
Global LD ST Cache Stride Bucket 66 is equal to 17725
Global LD ST Cache Stride Bucket 67 is equal to 15034
Global LD ST Cache Stride Bucket 68 is equal to 19557
Global LD ST Cache Stride Bucket 69 is equal to 18461
Global LD ST Cache Stride Bucket 70 is equal to 37509
Global LD ST Cache Stride Bucket 71 is equal to 41093
Global LD ST Cache Stride Bucket 72 is equal to 40408
Global LD ST Cache Stride Bucket 73 is equal to 37533
Global LD ST Cache Stride Bucket 74 is equal to 37613
Global LD ST Cache Stride Bucket 75 is equal to 37540
Global LD ST Cache Stride Bucket 76 is equal to 32984
Global LD ST Cache Stride Bucket 77 is equal to 30497
Global LD ST Cache Stride Bucket 78 is equal to 26856
Global LD ST Cache Stride Bucket 79 is equal to 29299
Global LD ST Cache Stride Bucket 80 is equal to 26719
Global LD ST Cache Stride Bucket 81 is equal to 30125
Global LD ST Cache Stride Bucket 82 is equal to 23899
Global LD ST Cache Stride Bucket 83 is equal to 24057
Global LD ST Cache Stride Bucket 84 is equal to 41358
Global LD ST Cache Stride Bucket 85 is equal to 26579
Global LD ST Cache Stride Bucket 86 is equal to 37926
Global LD ST Cache Stride Bucket 87 is equal to 30764
Global LD ST Cache Stride Bucket 88 is equal to 27785
Global LD ST Cache Stride Bucket 89 is equal to 41487
Global LD ST Cache Stride Bucket 90 is equal to 42743
Global LD ST Cache Stride Bucket 91 is equal to 39893
Global LD ST Cache Stride Bucket 92 is equal to 37794
Global LD ST Cache Stride Bucket 93 is equal to 26621
Global LD ST Cache Stride Bucket 94 is equal to 41961
Global LD ST Cache Stride Bucket 95 is equal to 51716
Global LD ST Cache Stride Bucket 96 is equal to 27288
Global LD ST Cache Stride Bucket 97 is equal to 13249
Global LD ST Cache Stride Bucket 98 is equal to 13845
Global LD ST Cache Stride Bucket 99 is equal to 47973
Global LD ST Cache Stride Bucket 100 is equal to 13022
Global LD ST Cache Stride Bucket 101 is equal to 14588
Global LD ST Cache Stride Bucket 102 is equal to 13075
Global LD ST Cache Stride Bucket 103 is equal to 13815
Global LD ST Cache Stride Bucket 104 is equal to 14699
Global LD ST Cache Stride Bucket 105 is equal to 17753
Global LD ST Cache Stride Bucket 106 is equal to 14456
Global LD ST Cache Stride Bucket 107 is equal to 13750
Global LD ST Cache Stride Bucket 108 is equal to 13265
Global LD ST Cache Stride Bucket 109 is equal to 15146
Global LD ST Cache Stride Bucket 110 is equal to 8558
Global LD ST Cache Stride Bucket 111 is equal to 9059
Global LD ST Cache Stride Bucket 112 is equal to 4220
Global LD ST Cache Stride Bucket 113 is equal to 7335
Global LD ST Cache Stride Bucket 114 is equal to 5786
Global LD ST Cache Stride Bucket 115 is equal to 7510
Global LD ST Cache Stride Bucket 116 is equal to 4939
Global LD ST Cache Stride Bucket 117 is equal to 9625
Global LD ST Cache Stride Bucket 118 is equal to 6073
Global LD ST Cache Stride Bucket 119 is equal to 6373
Global LD ST Cache Stride Bucket 120 is equal to 11215
Global LD ST Cache Stride Bucket 121 is equal to 8296
Global LD ST Cache Stride Bucket 122 is equal to 10384
Global LD ST Cache Stride Bucket 123 is equal to 16987
Global LD ST Cache Stride Bucket 124 is equal to 79558
Global LD ST Cache Stride Bucket 125 is equal to 117059
Global LD ST Cache Stride Bucket 126 is equal to 61689
Global LD ST Cache Stride Bucket 127 is equal to 4312
Global LD ST Cache Stride Bucket 128 is equal to 6823
Global LD ST Cache Stride Bucket 129 is equal to 4820
Global LD ST Cache Stride Bucket 130 is equal to 7657
Global LD ST Cache Stride Bucket 131 is equal to 5922
Global LD ST Cache Stride Bucket 132 is equal to 8244
Global LD ST Cache Stride Bucket 133 is equal to 7107
Global LD ST Cache Stride Bucket 134 is equal to 11211
Global LD ST Cache Stride Bucket 135 is equal to 12891
Global LD ST Cache Stride Bucket 136 is equal to 15467
Global LD ST Cache Stride Bucket 137 is equal to 22629
Global LD ST Cache Stride Bucket 138 is equal to 27938
Global LD ST Cache Stride Bucket 139 is equal to 24985
Global LD ST Cache Stride Bucket 140 is equal to 40536
Global LD ST Cache Stride Bucket 141 is equal to 46825
Global LD ST Cache Stride Bucket 142 is equal to 38017
Global LD ST Cache Stride Bucket 143 is equal to 36821
Global LD ST Cache Stride Bucket 144 is equal to 46898
Global LD ST Cache Stride Bucket 145 is equal to 78820
Global LD ST Cache Stride Bucket 146 is equal to 60377
Global LD ST Cache Stride Bucket 147 is equal to 173019
Global LD ST Cache Stride Bucket 148 is equal to 272618
Global LD ST Cache Stride Bucket 149 is equal to 269651
Global LD ST Cache Stride Bucket 150 is equal to 341840
Global LD ST Cache Stride Bucket 151 is equal to 675948
Global LD ST Cache Stride Bucket 152 is equal to 332554
Global LD ST Cache Stride Bucket 153 is equal to 170066
Global LD ST Cache Stride Bucket 154 is equal to 72285
Global LD ST Cache Stride Bucket 155 is equal to 18925
Global LD ST Cache Stride Bucket 156 is equal to 9697
Global LD ST Cache Stride Bucket 157 is equal to 727
Global LD ST Cache Stride Bucket 158 is equal to 1161
Global LD ST Cache Stride Bucket 173 is equal to 989
Global LD ST Cache Stride Bucket 241 is equal to 1
Global LD ST Cache Stride Bucket 256 is equal to 1767527


            "-256": "9734564",
            "-255": "0",
            "-254": "1238",
            "-253": "0",
            "-252": "831",
            "-251": "0",
            "-250": "834",
            "-249": "0",
            "-248": "5469",
            "-247": "0",
            "-246": "537",
            "-245": "0",
            "-244": "778",
            "-243": "0",
            "-242": "747",
            "-241": "0",
            "-240": "355",
            "-239": "0",
            "-238": "402",
            "-237": "0",
            "-236": "848",
            "-235": "0",
            "-234": "475",
            "-233": "0",
            "-232": "983",
            "-231": "0",
            "-230": "574",
            "-229": "0",
            "-228": "3472",
            "-227": "0",
            "-226": "80",
            "-225": "0",
            "-224": "1265",
            "-223": "0",
            "-222": "937",
            "-221": "0",
            "-220": "492",
            "-219": "0",
            "-218": "1277",
            "-217": "0",
            "-216": "6660",
            "-215": "0",
            "-214": "429",
            "-213": "0",
            "-212": "631",
            "-211": "0",
            "-210": "1363",
            "-209": "0",
            "-208": "994",
            "-207": "0",
            "-206": "974",
            "-205": "0",
            "-204": "398",
            "-203": "0",
            "-202": "580",
            "-201": "0",
            "-200": "671",
            "-199": "0",
            "-198": "294",
            "-197": "0",
            "-196": "693",
            "-195": "0",
            "-194": "420",
            "-193": "0",
            "-192": "537",
            "-191": "0",
            "-190": "506",
            "-189": "0",
            "-188": "10007",
            "-187": "0",
            "-186": "673",
            "-185": "0",
            "-184": "7474",
            "-183": "0",
            "-182": "1320",
            "-181": "0",
            "-180": "343",
            "-179": "0",
            "-178": "700",
            "-177": "0",
            "-176": "211743",
            "-175": "0",
            "-174": "1039",
            "-173": "0",
            "-172": "776",
            "-171": "0",
            "-170": "888",
            "-169": "0",
            "-168": "84591",
            "-167": "0",
            "-166": "1081",
            "-165": "0",
            "-164": "4420",
            "-163": "0",
            "-162": "1051",
            "-161": "0",
            "-160": "6401",
            "-159": "0",
            "-158": "756",
            "-157": "0",
            "-156": "351",
            "-155": "0",
            "-154": "576",
            "-153": "0",
            "-152": "713",
            "-151": "0",
            "-150": "417",
            "-149": "0",
            "-148": "867",
            "-147": "0",
            "-146": "1149",
            "-145": "0",
            "-144": "1186",
            "-143": "0",
            "-142": "771",
            "-141": "0",
            "-140": "623",
            "-139": "0",
            "-138": "759",
            "-137": "0",
            "-136": "855",
            "-135": "0",
            "-134": "1437",
            "-133": "0",
            "-132": "1307",
            "-131": "0",
            "-130": "877",
            "-129": "0",
            "-128": "1763",
            "-127": "0",
            "-126": "2128",
            "-125": "0",
            "-124": "4594",
            "-123": "0",
            "-122": "1807",
            "-121": "0",
            "-120": "15412",
            "-119": "0",
            "-118": "1119",
            "-117": "0",
            "-116": "8912",
            "-115": "0",
            "-114": "688",
            "-113": "0",
            "-112": "10410",
            "-111": "0",
            "-110": "1252",
            "-109": "0",
            "-108": "8231",
            "-107": "0",
            "-106": "1013",
            "-105": "0",
            "-104": "7366",
            "-103": "0",
            "-102": "462",
            "-101": "0",
            "-100": "7755",
            "-99": "0",
            "-98": "1222",
            "-97": "0",
            "-96": "2704",
            "-95": "0",
            "-94": "1294",
            "-93": "0",
            "-92": "7964",
            "-91": "0",
            "-90": "1612",
            "-89": "0",
            "-88": "65538",
            "-87": "0",
            "-86": "2029",
            "-85": "0",
            "-84": "9111",
            "-83": "0",
            "-82": "3124",
            "-81": "0",
            "-80": "82475",
            "-79": "0",
            "-78": "1476",
            "-77": "0",
            "-76": "4639",
            "-75": "0",
            "-74": "997",
            "-73": "0",
            "-72": "11698",
            "-71": "0",
            "-70": "789",
            "-69": "0",
            "-68": "7922",
            "-67": "0",
            "-66": "772",
            "-65": "0",
            "-64": "19109",
            "-63": "0",
            "-62": "899",
            "-61": "0",
            "-60": "56375",
            "-59": "0",
            "-58": "572",
            "-57": "0",
            "-56": "171971",
            "-55": "0",
            "-54": "444",
            "-53": "0",
            "-52": "138724",
            "-51": "0",
            "-50": "879",
            "-49": "0",
            "-48": "21170",
            "-47": "0",
            "-46": "2173",
            "-45": "0",
            "-44": "45568",
            "-43": "0",
            "-42": "22158",
            "-41": "0",
            "-40": "62045",
            "-39": "0",
            "-38": "2087",
            "-37": "0",
            "-36": "98690",
            "-35": "0",
            "-34": "762",
            "-33": "0",
            "-32": "159067",
            "-31": "0",
            "-30": "396",
            "-29": "0",
            "-28": "25587",
            "-27": "0",
            "-26": "359",
            "-25": "0",
            "-24": "213771",
            "-23": "0",
            "-22": "347",
            "-21": "0",
            "-20": "167609",
            "-19": "0",
            "-18": "411",
            "-17": "0",
            "-16": "233305",
            "-15": "0",
            "-14": "389",
            "-13": "3",
            "-12": "402358",
            "-11": "0",
            "-10": "265",
            "-9": "5",
            "-8": "2072927",
            "-7": "0",
            "-6": "1347",
            "-5": "0",
            "-4": "1085196",
            "-3": "0",
            "-2": "22441",
            "-1": "0",
            "0": "2393915",
            "1": "0",
            "2": "19634",
            "3": "0",
            "4": "1541190",
            "5": "0",
            "6": "1416",
            "7": "0",
            "8": "2631567",
            "9": "159",
            "10": "447",
            "11": "0",
            "12": "124464",
            "13": "0",
            "14": "101",
            "15": "0",
            "16": "372861",
            "17": "0",
            "18": "101",
            "19": "0",
            "20": "126649",
            "21": "0",
            "22": "93",
            "23": "0",
            "24": "172857",
            "25": "0",
            "26": "85",
            "27": "0",
            "28": "30222",
            "29": "0",
            "30": "74",
            "31": "0",
            "32": "126765",
            "33": "0",
            "34": "279",
            "35": "0",
            "36": "299402",
            "37": "0",
            "38": "851",
            "39": "0",
            "40": "59122",
            "41": "0",
            "42": "23163",
            "43": "0",
            "44": "52942",
            "45": "0",
            "46": "1368",
            "47": "102",
            "48": "43090",
            "49": "719",
            "50": "1042",
            "51": "114",
            "52": "164473",
            "53": "195",
            "54": "849",
            "55": "45",
            "56": "42719",
            "57": "171",
            "58": "565",
            "59": "66",
            "60": "5257",
            "61": "100",
            "62": "667",
            "63": "118",
            "64": "18121",
            "65": "120",
            "66": "633",
            "67": "175",
            "68": "632",
            "69": "116",
            "70": "619",
            "71": "97",
            "72": "8122",
            "73": "147",
            "74": "812",
            "75": "264",
            "76": "947",
            "77": "276",
            "78": "1523",
            "79": "238",
            "80": "63527",
            "81": "354",
            "82": "2049",
            "83": "75",
            "84": "160672",
            "85": "0",
            "86": "1164",
            "87": "0",
            "88": "58663",
            "89": "266",
            "90": "1276",
            "91": "58",
            "92": "1265",
            "93": "115",
            "94": "857",
            "95": "291",
            "96": "1759",
            "97": "60",
            "98": "222",
            "99": "18",
            "100": "1285",
            "101": "77",
            "102": "283",
            "103": "98",
            "104": "826",
            "105": "81",
            "106": "755",
            "107": "152",
            "108": "529",
            "109": "181",
            "110": "765",
            "111": "45",
            "112": "1171",
            "113": "38",
            "114": "285",
            "115": "107",
            "116": "1102",
            "117": "256",
            "118": "981",
            "119": "270",
            "120": "1127",
            "121": "462",
            "122": "1168",
            "123": "122",
            "124": "1638",
            "125": "441",
            "126": "778",
            "127": "0",
            "128": "998",
            "129": "0",
            "130": "520",
            "131": "87",
            "132": "1057",
            "133": "57",
            "134": "192",
            "135": "20",
            "136": "971",
            "137": "34",
            "138": "349",
            "139": "5",
            "140": "825",
            "141": "67",
            "142": "262",
            "143": "115",
            "144": "879",
            "145": "96",
            "146": "985",
            "147": "163",
            "148": "254",
            "149": "61",
            "150": "799",
            "151": "37",
            "152": "68",
            "153": "27",
            "154": "90",
            "155": "1",
            "156": "223",
            "157": "159",
            "158": "886",
            "159": "83",
            "160": "9822",
            "161": "50",
            "162": "344",
            "163": "28",
            "164": "159092",
            "165": "190",
            "166": "854",
            "167": "131",
            "168": "80893",
            "169": "0",
            "170": "353",
            "171": "0",
            "172": "679",
            "173": "324",
            "174": "906",
            "175": "47",
            "176": "9722",
            "177": "28",
            "178": "297",
            "179": "34",
            "180": "668",
            "181": "225",
            "182": "792",
            "183": "47",
            "184": "51808",
            "185": "1",
            "186": "1323",
            "187": "233",
            "188": "364",
            "189": "6",
            "190": "486",
            "191": "144",
            "192": "301",
            "193": "19",
            "194": "605",
            "195": "0",
            "196": "1049",
            "197": "142",
            "198": "159",
            "199": "21",
            "200": "9070",
            "201": "33",
            "202": "300",
            "203": "23",
            "204": "178",
            "205": "79",
            "206": "401",
            "207": "59",
            "208": "1003",
            "209": "160",
            "210": "676",
            "211": "0",
            "212": "280",
            "213": "0",
            "214": "436",
            "215": "162",
            "216": "905",
            "217": "363",
            "218": "908",
            "219": "314",
            "220": "715",
            "221": "42",
            "222": "544",
            "223": "0",
            "224": "6350",
            "225": "0",
            "226": "63",
            "227": "50",
            "228": "102",
            "229": "0",
            "230": "244",
            "231": "12",
            "232": "105",
            "233": "12",
            "234": "48",
            "235": "9",
            "236": "122",
            "237": "28",
            "238": "222",
            "239": "106",
            "240": "729",
            "241": "216",
            "242": "459",
            "243": "4",
            "244": "553",
            "245": "93",
            "246": "335",
            "247": "36",
            "248": "2131",
            "249": "217",
            "250": "751",
            "251": "113",
            "252": "690",
            "253": "0",
            "254": "294",
            "255": "0",
            "256": "10686894",


# END_DYNAMIC_STATS
