# Mix output version 2
# FINI: end of program
# EMIT_DYNAMIC_STATS FOR TID 1, ins = 100101502
Dynamic Instruction Count = 100101502, Dyn BBL Count = 16221289
RAWdep[ 0] = 0
RAWdep[ 1] = 42920353
RAWdep[ 2] = 17795259
RAWdep[ 3] = 14850921
RAWdep[ 4] = 7918598
RAWdep[ 5] = 4394286
RAWdep[ 6] = 4653116
RAWdep[ 7] = 2726319
RAWdep[ 8] = 2884955
RAWdep[ 9] = 2695313
RAWdep[ 10] = 2429495
RAWdep[ 11] = 1882634
RAWdep[ 12] = 1214330
RAWdep[ 13] = 1604364
RAWdep[ 14] = 772506
RAWdep[ 15] = 914819
RAWdep[ 16] = 1230272
RAWdep[ 17] = 964287
RAWdep[ 18] = 444110
RAWdep[ 19] = 826920
RAWdep[ 20] = 942908
RAWdep[ 21] = 595072
RAWdep[ 22] = 775148
RAWdep[ 23] = 861402
RAWdep[ 24] = 685306
RAWdep[ 25] = 404451
RAWdep[ 26] = 200991
RAWdep[ 27] = 438648
RAWdep[ 28] = 681970
RAWdep[ 29] = 1094479
RAWdep[ 30] = 566831
RAWdep[ 31] = 480331
RAWdep[ 32] = 1063151
RAWdep[ 33] = 29702890

WAWdep[ 0] = 0
WAWdep[ 1] = 25176728
WAWdep[ 2] = 18822821
WAWdep[ 3] = 15895800
WAWdep[ 4] = 7810713
WAWdep[ 5] = 5469632
WAWdep[ 6] = 6253241
WAWdep[ 7] = 2690320
WAWdep[ 8] = 2686394
WAWdep[ 9] = 3460489
WAWdep[ 10] = 2791810
WAWdep[ 11] = 1412314
WAWdep[ 12] = 1366638
WAWdep[ 13] = 2163507
WAWdep[ 14] = 1356637
WAWdep[ 15] = 920787
WAWdep[ 16] = 1123863
WAWdep[ 17] = 979794
WAWdep[ 18] = 502183
WAWdep[ 19] = 780708
WAWdep[ 20] = 888928
WAWdep[ 21] = 810866
WAWdep[ 22] = 404301
WAWdep[ 23] = 491382
WAWdep[ 24] = 797731
WAWdep[ 25] = 331700
WAWdep[ 26] = 238982
WAWdep[ 27] = 676711
WAWdep[ 28] = 381829
WAWdep[ 29] = 318843
WAWdep[ 30] = 243281
WAWdep[ 31] = 186066
WAWdep[ 32] = 983859
WAWdep[ 33] = 15933271

WARdep[ 0] = 45045836
WARdep[ 1] = 9667304
WARdep[ 2] = 8703927
WARdep[ 3] = 6018303
WARdep[ 4] = 4427611
WARdep[ 5] = 3767939
WARdep[ 6] = 2744476
WARdep[ 7] = 3489215
WARdep[ 8] = 2743804
WARdep[ 9] = 1897935
WARdep[ 10] = 2671105
WARdep[ 11] = 1996037
WARdep[ 12] = 1284737
WARdep[ 13] = 1353613
WARdep[ 14] = 1090682
WARdep[ 15] = 777610
WARdep[ 16] = 1010021
WARdep[ 17] = 857996
WARdep[ 18] = 983507
WARdep[ 19] = 1137998
WARdep[ 20] = 1128910
WARdep[ 21] = 854438
WARdep[ 22] = 948310
WARdep[ 23] = 397234
WARdep[ 24] = 864461
WARdep[ 25] = 942144
WARdep[ 26] = 984087
WARdep[ 27] = 718157
WARdep[ 28] = 531059
WARdep[ 29] = 537023
WARdep[ 30] = 444009
WARdep[ 31] = 651942
WARdep[ 32] = 563864
WARdep[ 33] = 13116835


		"0": "0",
		"1": "42920353",
		"2": "17795259",
		"3": "14850921",
		"4": "7918598",
		"5": "4394286",
		"6": "4653116",
		"7": "2726319",
		"8": "2884955",
		"9": "2695313",
		"10": "2429495",
		"11": "1882634",
		"12": "1214330",
		"13": "1604364",
		"14": "772506",
		"15": "914819",
		"16": "1230272",
		"17": "964287",
		"18": "444110",
		"19": "826920",
		"20": "942908",
		"21": "595072",
		"22": "775148",
		"23": "861402",
		"24": "685306",
		"25": "404451",
		"26": "200991",
		"27": "438648",
		"28": "681970",
		"29": "1094479",
		"30": "566831",
		"31": "480331",
		"32": "1063151",
		"33": "29702890",


# END_DYNAMIC_STATS
