# Branch output version 3
Dynamic_Instruction_Count: 100101495
Dynamic_Conditional_Branch_Count: 11084883
Dynamic_Unconditional_Branch_Count: 5573233
Total_Taken_Branches: 10046885
Total_Branch_Transitions: 2722901

Local Branch Stats (Total Count; Taken Count; Transition Count)
3736 2092 1973
1644 715 809
3736 2802 1867
934 0 0
934 637 557
297 292 10
2092 1794 559
299 1 2
715 86 148
629 534 167
934 0 0
934 0 0
934 0 0
934 0 0
934 934 0
67625 0 0
67625 0 0
67625 0 0
67625 0 0
68559 67625 1867
934 279 555
655 278 553
377 100 199
657 657 0
278 0 0
557 0 0
3 0 0
3 0 0
3 0 0
3 0 0
934 0 0
934 279 555
655 0 0
934 279 555
655 0 0
558 558 0
558 0 0
558 558 0
558 0 0
558 0 0
558 558 0
558 0 0
558 0 0
558 558 0
279 279 0
278 0 0
58053 13130 21671
52055 4569 9137
100492 58053 35917
48437 47716 1441
5290 5011 557
13130 7132 6687
279 279 0
32950 278 556
32672 0 0
32672 0 0
32671 1210 1864
31740 23399 556
8341 32 64
78847 936 1871
1216 282 557
937 937 0
282 3 6
937 0 0
937 3 6
934 934 0
3 0 0
279 279 0
279 0 0
279 279 0
279 0 0
279 0 0
279 0 0
279 0 0
279 0 0
279 279 0
279 279 0
279 0 0
279 279 0
279 0 0
279 279 0
279 0 0
279 0 0
280 186 108
94 43 47
51 3 6
52 14 24
38 0 0
40 0 0
40 0 0
40 0 0
40 1 2
156 39 77
117 30 41
60 14 22
133 60 92
156 117 77
39 0 0
39 2 4
39 0 0
39 0 0
156 39 77
117 30 41
60 14 22
133 60 92
156 117 77
43 39 8
14 12 4
232733 95521 75759
137212 660 1254
136552 609 1160
135943 335 642
3736 934 1867
2802 257 342
2273 481 939
4337 2273 3023
3736 2802 1867
1196 299 597
897 14 28
868 13 26
1738 868 1166
1196 897 597
278 0 0
6651 146 292
13115 6651 6249
6464 6332 263
943 148 255
943 102 180
943 110 210
943 629 174
943 582 399
361 17 30
344 301 74
43 0 0
43 3 6
110 23 37
87 0 0
87 25 21
62 5 6
102 0 0
102 30 41
72 9 12
63 17 7
148 16 24
132 12 10
120 7 14
113 0 0
6732 1683 3365
5049 1751 1941
1954 886 728
4366 1954 2656
6732 5049 3365
6732 1860 3198
6732 5049 3365
14652 3663 7325
10989 3296 4227
4995 1507 1887
11181 4995 6954
14652 10989 7325
3663 1803 708
31740 1683 3214
120228 30057 60113
90171 21064 29060
48901 12664 16831
105344 48901 67925
120228 90171 60113
120228 88898 42915
120228 90171 60113
30057 677 1292
88898 40193 39775
48705 0 0
48705 13860 20508
34845 22758 17440
35167 7107 11692
35167 6543 10689
35167 6594 10489
35167 12087 7648
35167 27782 11702
7385 2469 3051
4916 1416 2049
3500 0 0
3500 596 1022
40193 31467 12852
50868 12717 25433
38151 15959 15024
13518 3076 4219
32634 13518 20487
50868 38151 25433
12717 3991 3596
7408 1852 3703
5556 1625 2319
2399 1090 1082
5240 2399 3352
7408 5556 3703
1852 1175 1353
6594 1443 2320
5151 0 0
5151 884 1196
4267 55 98
6543 0 0
6543 2130 2764
4413 543 886
3870 260 476
7107 2846 3233
4261 1221 1699
3040 485 740
2555 0 0
42020 5709 9438
42020 5053 8835
42020 6551 11018
42020 22758 7752
42020 34079 12531
7941 2568 3193
5373 1762 2219
3611 0 0
3611 794 1234
6551 1961 2680
4590 0 0
4590 1551 2035
3039 435 649
5053 0 0
5053 2125 2641
2928 658 919
2270 971 1140
5709 1275 1824
4434 1025 1456
3409 1063 1467
2346 0 0
13130 7126 6693
6004 1360 1206
4644 4639 10
1360 1 2
364364 227324 159698
137040 34716 51897
102324 98738 5834
34716 2103 2849
104287 89155 23150
89155 12353 19197
84038 26721 33288
57317 5879 8888
56067 9813 15029
46254 4290 6730
45649 5039 8008
40610 4069 5895
39969 3541 5925
36428 11805 13100
96419 11033 21521
85386 25892 37633
93856 71796 44119
11033 0 0
1335 775 523
11593 1335 2231
10258 560 966
25892 15717 9442
30778 12251 11612
71220 24126 36803
69217 52693 33047
28775 20603 9077
8172 8172 0
24126 12142 17041
5304 3301 1589
13987 5304 6548
8683 2003 3044
12353 7236 5455
5879 4629 1670
4290 3685 836
4069 3428 891
223428 28915 57826
250712 198501 82767
52211 43960 9829
27284 24860 4687
43960 3459 6355
42043 36271 9528
33608 1799 3258
32731 28837 6452
29250 1636 3144
28679 24963 5966
27058 1514 2537
26397 23462 4553
25750 15714 11319
39639 3684 6884
35955 5687 8618
38816 9213 18425
3684 0 0
343 14 28
4013 343 686
3670 329 612
5687 3369 2401
5666 1827 1740
14355 5212 7663
13861 10516 6689
5172 3348 1486
1824 1824 0
5212 2693 3520
971 477 348
3013 971 1392
2042 494 814
3459 1542 1623
1799 922 905
1636 1065 762
1514 853 754
28837 25356 5628
36271 27836 10975
24963 23342 2797
23462 22815 1223
31339 28213 5872
165 157 14
3595 50 86
3545 7 10
3538 1367 1424
2428 1084 1285
1493 833 693
708 49 90
659 59 107
3430 461 762
1367 257 380
1084 149 237
833 48 86
482 142 248
482 147 244
482 138 210
482 147 228
33746 17502 13658
33746 20197 14739
33746 23460 13308
33746 25498 11312
125356 34101 42561
125356 94017 62677
34101 27370 8962
6731 6731 0
6731 2554 2806
65988 33051 32916
65988 49491 32993
16497 9766 5673
6731 3131 2668
3600 593 859
3007 0 0
33051 29975 4879
3076 11 6
3065 1707 1586
1699 341 606
1358 898 576
2167 2167 0
2477 310 374
2167 293 463
1874 924 911
950 412 361
538 538 0
310 310 0
11099 4368 4711
6731 1714 2554
5017 1315 1811
3702 1661 1749
2041 2041 0
4368 4368 0
617 617 0
617 281 475
336 336 0
617 0 0
617 281 475
617 617 0
617 281 475
336 0 0
336 336 0
32951 0 0
1216 1084 263
1084 1083 2
2431 0 0
97902 49054 49198
48848 0 0
48848 48848 0
120158 2797 5460
166209 116 232
166093 59222 69252
106871 60820 33439
49054 0 0
49054 0 0
171890 101 202
171789 61235 71634
110554 47253 35670
124637 122836 3528
1801 1 2
11096 185 365
12711 1 2
12710 5576 5811
7134 1615 1742
10854 157 311
13491 8 16
13483 5309 5910
8174 2637 1843
2797 2794 4
32951 935 1864
32016 32016 0
97902 346 348
97556 73167 48777
62509 23525 35777
38984 38120 1728
23525 0 0
32016 677 1292
31339 14399 17428
35435 18495 19559
16940 925 1710
16015 0 0
34305 559 1052
165094 28437 50414
136656 131348 10616
33745 21531 13081
34304 18290 19355
16014 7799 7800
8215 6936 2133
1747 0 0
1747 468 630
8215 8215 0
3 3 0
934 0 0
934 934 0
934 934 0
123039 74491 26570
123039 122760 557
279 0 0
236207 0 0
1215 977 88
1215 556 1111
659 0 0
659 533 88
556 114 90
937 0 0
937 937 0
77990 0 0
78927 0 0
78927 16411 13562
78927 75981 5075
78927 77990 1873
936 0 0
936 380 760
556 114 90
8111 112 223
9741 8111 2682
1630 1628 4
380 70 88
5786 70 139
5786 4792 1602
25567 310 619
25567 21143 7202
37753 442 883
37753 31388 10342
3 3 0
3 3 0
3 3 0
244 3 5
244 3 5
241 187 74
241 221 32
3 3 0
289 3 5
289 0 0
289 9 18
280 39 66
241 24 35
217 0 0
3 0 0
3 0 0
3 0 0
279 0 0
279 279 0
2790 285 563
521 521 0
521 285 471
521 521 0
521 0 0
521 0 0
2790 2511 557
1734 0 0
1734 0 0
1734 0 0
1734 0 0
1734 1125 1034
609 0 0
609 0 0
609 0 0
609 609 0
609 0 0
609 370 476
239 239 0
609 609 0
609 0 0
609 370 476
239 239 0
1125 0 0
1125 1125 0
1125 0 0
1125 1125 0
1125 0 0
1125 0 0
1125 0 0
1125 0 0
1125 1122 6
3 0 0
3 0 0
3 0 0
3 3 0
1125 0 0
1125 565 561
560 0 0
560 0 0
560 0 0
560 560 0
1125 0 0
1125 9 6
1125 1125 0
1125 1125 0
1125 0 0
1125 0 0
1125 0 0
1125 1125 0
1125 0 0
1125 1125 0
1977 0 0
1977 1125 562
852 763 172
89 89 0
89 0 0
1888 1116 556
772 252 8
520 0 0
520 0 0
520 520 0
1746 0 0
1116 558 557
558 0 0
1116 837 557
2217 0 0
3585 1135 2263
2450 0 0
2450 0 0
2450 2198 6
252 248 8
2219 2 4
2217 1098 570
1119 990 258
129 129 0
990 0 0
990 720 539
990 0 0
990 990 0
720 720 0
2208 0 0
2928 2208 323
720 441 558
248 8 11
240 9 16
231 87 11
231 231 0
1135 1116 6
725 275 274
450 0 0
450 446 6
4 0 0
4 2 2
2 0 0
2 2 0
931 0 0
1656 931 1431
725 577 274
2 0 0
89 89 0
1116 558 557
558 0 0
1116 558 1115
558 0 0
558 279 557
558 0 0
558 0 0
558 0 0
558 0 0
558 279 557
558 0 0
558 0 0
577 0 0
577 0 0
577 0 0
577 0 0
577 11 12
566 401 290
577 574 6
3 0 0
574 0 0
574 558 6
574 567 8
279 0 0
279 0 0
279 0 0
401 0 0
401 0 0
401 0 0
1977 0 0
1977 0 0
1977 1977 0
1977 0 0
1977 0 0
1977 1977 0
1977 0 0
1977 0 0
1977 0 0
1977 0 0
1734 0 0
1734 0 0
1734 0 0
1734 1734 0
2511 0 0
2511 0 0
2511 2511 0
2511 0 0
2511 0 0
2511 0 0
32922 30411 5021
1452 334 517
1118 0 0
1118 941 332
334 178 127
178 178 0
941 0 0
941 941 0
178 0 0
3170 2992 352
16922 15981 1881
1977 0 0
