# Mix output version 2
# FINI: end of program
# EMIT_DYNAMIC_STATS FOR TID 1, ins = 100101495
Dynamic Instruction Count = 100101495, Dyn BBL Count = 16677086
RAWdep[ 0] = 0
RAWdep[ 1] = 42050881
RAWdep[ 2] = 18638525
RAWdep[ 3] = 14811678
RAWdep[ 4] = 7885766
RAWdep[ 5] = 4555131
RAWdep[ 6] = 4825490
RAWdep[ 7] = 2402909
RAWdep[ 8] = 3128307
RAWdep[ 9] = 2820720
RAWdep[ 10] = 2647693
RAWdep[ 11] = 1845607
RAWdep[ 12] = 1192532
RAWdep[ 13] = 1684023
RAWdep[ 14] = 930890
RAWdep[ 15] = 785274
RAWdep[ 16] = 1297616
RAWdep[ 17] = 797275
RAWdep[ 18] = 452663
RAWdep[ 19] = 798811
RAWdep[ 20] = 1044642
RAWdep[ 21] = 730658
RAWdep[ 22] = 762750
RAWdep[ 23] = 761338
RAWdep[ 24] = 659807
RAWdep[ 25] = 441333
RAWdep[ 26] = 177089
RAWdep[ 27] = 439882
RAWdep[ 28] = 638371
RAWdep[ 29] = 1212573
RAWdep[ 30] = 766871
RAWdep[ 31] = 545945
RAWdep[ 32] = 1247139
RAWdep[ 33] = 28613312

WAWdep[ 0] = 0
WAWdep[ 1] = 24318584
WAWdep[ 2] = 19246270
WAWdep[ 3] = 15457314
WAWdep[ 4] = 7799204
WAWdep[ 5] = 5581098
WAWdep[ 6] = 6109153
WAWdep[ 7] = 2576109
WAWdep[ 8] = 2847935
WAWdep[ 9] = 3418591
WAWdep[ 10] = 2693319
WAWdep[ 11] = 1425414
WAWdep[ 12] = 1243132
WAWdep[ 13] = 1910501
WAWdep[ 14] = 1528201
WAWdep[ 15] = 802135
WAWdep[ 16] = 1029028
WAWdep[ 17] = 1003484
WAWdep[ 18] = 464255
WAWdep[ 19] = 847350
WAWdep[ 20] = 963286
WAWdep[ 21] = 839202
WAWdep[ 22] = 477635
WAWdep[ 23] = 663588
WAWdep[ 24] = 676631
WAWdep[ 25] = 366997
WAWdep[ 26] = 298888
WAWdep[ 27] = 701127
WAWdep[ 28] = 449701
WAWdep[ 29] = 414673
WAWdep[ 30] = 272838
WAWdep[ 31] = 180091
WAWdep[ 32] = 1008547
WAWdep[ 33] = 15913851

WARdep[ 0] = 44761573
WARdep[ 1] = 9868435
WARdep[ 2] = 8544672
WARdep[ 3] = 6257608
WARdep[ 4] = 4420317
WARdep[ 5] = 3495825
WARdep[ 6] = 2836497
WARdep[ 7] = 3525346
WARdep[ 8] = 2770231
WARdep[ 9] = 1746583
WARdep[ 10] = 2519490
WARdep[ 11] = 1869979
WARdep[ 12] = 1137720
WARdep[ 13] = 1290446
WARdep[ 14] = 1048983
WARdep[ 15] = 908078
WARdep[ 16] = 926339
WARdep[ 17] = 1033237
WARdep[ 18] = 994528
WARdep[ 19] = 1200084
WARdep[ 20] = 1101112
WARdep[ 21] = 886473
WARdep[ 22] = 984547
WARdep[ 23] = 467470
WARdep[ 24] = 890735
WARdep[ 25] = 1044071
WARdep[ 26] = 988597
WARdep[ 27] = 754130
WARdep[ 28] = 576132
WARdep[ 29] = 542734
WARdep[ 30] = 444219
WARdep[ 31] = 647850
WARdep[ 32] = 511223
WARdep[ 33] = 12532868


		"0": "0",
		"1": "42050881",
		"2": "18638525",
		"3": "14811678",
		"4": "7885766",
		"5": "4555131",
		"6": "4825490",
		"7": "2402909",
		"8": "3128307",
		"9": "2820720",
		"10": "2647693",
		"11": "1845607",
		"12": "1192532",
		"13": "1684023",
		"14": "930890",
		"15": "785274",
		"16": "1297616",
		"17": "797275",
		"18": "452663",
		"19": "798811",
		"20": "1044642",
		"21": "730658",
		"22": "762750",
		"23": "761338",
		"24": "659807",
		"25": "441333",
		"26": "177089",
		"27": "439882",
		"28": "638371",
		"29": "1212573",
		"30": "766871",
		"31": "545945",
		"32": "1247139",
		"33": "28613312",


# END_DYNAMIC_STATS
