# Branch output version 3
Dynamic_Instruction_Count: 100101498
Dynamic_Conditional_Branch_Count: 11622112
Dynamic_Unconditional_Branch_Count: 5408056
Total_Taken_Branches: 10481945
Total_Branch_Transitions: 2805095

Local Branch Stats (Total Count; Taken Count; Transition Count)
21216 3047 4979
18169 8295 9581
21216 15912 10607
5304 0 0
5304 5019 566
285 284 2
3047 2705 654
455 113 112
8295 1422 2820
6873 5141 3391
5276 0 0
5276 0 0
5276 0 0
5276 0 0
5276 5276 0
93094 0 0
93094 0 0
93094 0 0
93094 0 0
98370 93094 10551
5276 1336 2672
3940 1518 3036
2422 1893 1058
4747 4747 0
1518 0 0
2854 0 0
1322 0 0
1322 0 0
1322 0 0
1322 0 0
29 0 0
29 1 1
28 0 0
29 1 1
28 0 0
5275 0 0
5275 848 1696
4427 0 0
5276 849 1697
4427 0 0
1699 1699 0
1699 0 0
1699 1699 0
1700 0 0
1700 0 0
1700 1700 0
1700 0 0
1699 0 0
1699 1699 0
836 836 0
836 0 0
38890 11109 16374
34201 634 1268
67716 38890 22547
33515 26625 12334
7524 6688 1671
11109 6420 3655
836 836 0
29358 785 1569
28573 0 0
28573 51 102
28522 2519 3467
26839 3589 1176
23250 1608 2971
87499 6582 13163
7439 885 1697
6603 6590 26
13 0 0
885 49 96
6590 0 0
6590 1315 2544
5276 5276 0
49 0 0
37 36 1
36 0 0
36 35 1
36 36 0
36 0 0
36 36 0
36 0 0
36 36 0
36 36 0
35 35 0
35 0 0
1 0 0
1 1 0
1 1 0
1 0 0
1 1 0
1 0 0
1 1 0
1 1 0
73 73 0
73 73 0
73 0 0
73 73 0
73 0 0
73 1 1
73 0 0
73 73 0
73 0 0
73 0 0
1 0 0
1 1 0
1 1 0
1 0 0
109 0 0
109 0 0
109 109 0
109 108 1
1 0 0
1 0 0
1 0 0
1 1 0
1 0 0
1 0 0
1 0 0
1 1 0
1 0 0
848 847 2
848 0 0
848 848 0
848 0 0
848 0 0
848 20 40
848 0 0
848 0 0
848 848 0
848 848 0
848 0 0
848 848 0
848 0 0
848 848 0
848 0 0
848 0 0
36 7 11
36 0 0
36 36 0
36 36 0
36 36 0
36 1 1
35 0 0
35 0 0
35 35 0
35 35 0
35 0 0
35 35 0
35 0 0
35 0 0
35 0 0
7 7 0
1 1 0
1 1 0
1 0 0
1 0 0
1 1 0
1 1 0
1 0 0
1 1 0
1 0 0
1 1 0
73 73 0
73 73 0
73 0 0
73 73 0
73 0 0
73 1 1
73 0 0
73 73 0
1 1 0
73 0 0
73 0 0
1 0 0
1 0 0
73 0 0
73 0 0
73 73 0
73 72 1
1 0 0
1 0 0
1 0 0
1 0 0
1 1 0
1 0 0
451 94 128
357 132 181
225 13 26
225 31 60
194 1 2
194 68 108
126 0 0
144 50 70
94 0 0
444 111 221
333 138 141
114 12 23
297 114 168
444 333 221
111 0 0
111 1 2
111 18 35
111 17 34
444 111 221
333 138 141
114 12 23
297 114 168
444 333 221
132 119 24
31 30 2
68 50 36
50 33 25
156791 84205 62005
72586 1366 2130
71220 254 408
70966 209 354
21216 5304 10607
15912 3288 3720
9457 3811 4433
18270 9457 12378
21216 15912 10607
1820 455 909
1365 608 724
304 189 118
872 304 394
1820 1365 909
26 26 0
26 0 0
26 26 0
26 0 0
26 0 0
26 26 0
52 26 51
1664 1638 51
26 0 0
26 26 0
1482 0 0
1508 1482 51
26 0 0
26 26 0
1664 1638 51
26 26 0
1482 0 0
1508 1482 51
26 0 0
65 65 0
2860 0 0
3705 0 0
3705 65 129
3705 2860 780
845 845 0
65 0 0
4810 351 702
5265 2106 2287
3159 2119 1455
1040 247 441
2899 351 676
2899 468 780
2899 468 935
2899 2444 909
455 221 233
585 520 129
65 65 0
39 39 0
65 0 0
65 65 0
4901 39 78
4862 39 78
4823 0 0
4927 2886 77
2041 2015 51
26 0 0
39 0 0
13 0 0
1053 598 416
455 0 0
611 494 233
117 104 25
13 0 0
13 0 0
598 156 208
442 442 0
836 0 0
6314 414 828
11109 6314 4020
4795 4373 843
13726 3483 6954
13726 2291 4075
13726 1551 3016
13726 6873 4824
13726 11280 4658
2446 312 605
2134 873 1688
1261 0 0
1261 247 494
1551 304 521
1247 0 0
1247 159 318
1088 0 0
2291 0 0
2291 263 522
2028 684 1367
1344 1 2
3483 2585 781
898 0 0
898 247 494
651 0 0
7464 1866 3731
5598 2780 2056
1738 489 792
4067 1738 2400
7464 5598 3731
7464 2169 3925
7464 5598 3731
45108 11277 22553
33831 8738 9966
17956 5910 8808
37139 17956 26614
45108 33831 22553
11277 9108 2709
26839 1866 3538
99892 24973 49945
74919 18942 25847
38057 10871 14902
83163 38057 53402
99892 74919 49945
99892 64333 41418
99892 74919 49945
24973 1114 2202
64333 31673 31105
32660 0 0
32660 8799 13788
23861 16333 12124
15635 2848 4651
15635 2552 4282
15635 1885 2949
15635 7528 4123
15635 12123 5792
3512 1427 1899
2085 432 790
1653 0 0
1653 64 122
31673 24304 11948
49844 12461 24921
37383 13001 14621
14215 5636 6568
32961 14215 20849
49844 37383 24921
12461 5092 3776
12508 3127 6253
9381 2765 4152
3819 1787 1668
8648 3819 5717
12508 9381 6253
3127 2013 2227
1885 507 797
1378 0 0
1378 107 194
1271 61 116
2552 0 0
2552 692 1012
1860 232 430
1628 112 205
2848 1181 1627
1667 130 226
1537 176 338
1361 0 0
23182 3328 5688
23182 2389 4374
23182 2287 3976
23182 16333 4778
23182 18891 7040
4291 1599 2121
2692 725 1034
1967 0 0
1967 431 655
2287 895 1230
1392 0 0
1392 277 441
1115 156 268
2389 0 0
2389 1114 1319
1275 363 534
912 157 219
3328 917 1388
2411 1047 1198
1364 870 708
494 0 0
11109 6410 3667
4699 1714 2191
2985 2983 4
1714 8 14
223351 153822 84003
69529 31225 34139
38304 37049 1835
31225 2165 2823
36 7 11
29 29 0
36 0 0
36 0 0
36 0 0
36 0 0
36 0 0
36 36 0
36 36 0
36 36 0
29 23 10
7 7 0
36 36 0
36 0 0
36 36 0
36 36 0
93284 81358 15682
81358 12008 14664
76935 14287 17108
62648 6515 7592
61466 10217 12866
51249 6664 8096
49853 3963 5620
45890 8336 9658
44495 2391 3572
42104 7053 8375
138352 11525 22666
126827 38665 50070
136352 103301 66101
11525 0 0
857 186 128
12196 857 1550
11339 671 954
38665 21969 10253
80630 44951 39342
141841 47475 72666
140512 106162 68699
79301 63934 19275
15367 15367 0
47475 20344 29404
15008 13679 1860
28460 15008 11207
13452 1329 2504
12008 7585 4021
6515 5333 1071
6664 5268 1607
8336 6941 1690
185365 24072 48143
210688 164016 67546
46672 36648 8888
25323 23059 4452
36648 3538 5904
34799 28018 9485
29071 1944 3724
28144 23512 6525
24421 2231 3624
23519 19974 5163
22376 1235 2350
22073 18662 5366
21740 9057 10744
50531 4512 8636
46019 6104 7864
50140 12292 24583
4512 0 0
264 92 104
4684 264 518
4420 172 318
6104 4091 2262
7278 3253 3686
15875 5208 8530
15656 11850 7611
7059 5265 2323
1794 1794 0
5208 2737 3424
1062 843 250
2690 1062 966
1628 219 384
3538 1689 1794
1944 1017 906
2231 1329 1010
1235 932 387
23512 19789 5472
28018 22290 8133
19974 18831 1840
18662 18329 654
26336 23376 5522
381 358 44
3189 171 318
3018 35 46
2983 1536 1390
1650 748 792
1090 524 524
690 107 176
583 68 120
2808 206 408
1536 203 328
748 188 256
524 124 184
680 298 483
680 198 360
680 207 355
680 207 339
32545 15606 11922
32545 22752 12417
32545 22885 12559
32545 24983 10882
105344 24429 32466
105344 79008 52671
24429 17493 8122
6936 6936 0
6936 1910 2535
110108 40719 47874
110108 82581 55053
27527 20591 7678
6936 3745 2912
3191 1044 1761
2147 0 0
40719 32242 10438
8477 14 4
8463 3079 4286
7484 2100 3620
5384 4704 1101
3759 3759 0
6552 2793 2675
3759 1304 1215
2455 1080 1071
1375 950 440
425 425 0
2793 2793 0
11365 4429 4310
6936 1340 2281
5596 2258 2584
3338 1993 1592
1345 1345 0
4429 4429 0
1217 1217 0
1217 865 495
352 352 0
1217 0 0
1217 865 495
1217 1217 0
1217 865 495
352 0 0
352 352 0
29358 0 0
7439 7199 480
7199 7160 66
14869 0 0
87695 43861 44102
43834 0 0
43834 43834 0
61608 6952 12585
98490 149 298
98341 30038 35817
68303 31421 23309
43861 0 0
43861 0 0
102021 157 314
101864 29238 35554
72626 41239 28727
60782 58160 4763
2622 50 100
7227 612 1159
9187 6 12
9181 3575 3928
5606 1960 2159
7218 625 1207
13485 14 28
13471 3215 3324
10256 6267 2832
6952 6892 115
29358 1909 3489
27449 27449 0
87695 1347 1353
86348 64761 43173
55842 20415 31275
35427 34255 2344
20415 0 0
27449 1113 2200
26336 12236 15090
33800 19700 18236
14100 352 664
13748 0 0
33030 485 830
161060 27781 52065
133279 128515 9528
32545 22283 11135
33030 19282 17802
13748 7324 6891
6424 5223 1916
1834 0 0
1834 633 692
6424 6424 0
1322 1322 0
5304 0 0
5304 5304 0
5304 4215 1556
368502 334987 15066
368501 367666 1670
836 0 0
210725 0 0
7430 4345 370
7430 3935 6989
3495 0 0
3495 2042 370
3935 1632 370
1 0 0
6590 0 0
6590 6590 0
81008 0 0
87598 0 0
87598 2604 1970
87598 73362 19759
87598 81008 13179
6582 0 0
6582 3495 6174
3087 1295 370
11227 465 930
17934 11227 9077
6707 5877 1659
3495 1453 370
18066 1453 2905
18066 11704 8350
26033 2042 4083
26033 15611 12170
25466 1792 3583
25466 16813 12216
49 49 0
49 36 12
49 36 12
376 36 71
376 36 71
340 198 155
340 322 34
36 36 0
494 36 71
494 0 0
494 43 86
451 111 202
340 169 179
171 0 0
49 13 12
36 4 8
32 0 0
36 0 0
285 156 35
285 150 132
135 0 0
285 36 71
285 285 0
36 0 0
36 0 0
36 0 0
133 97 63
285 249 71
36 0 0
150 150 0
150 114 71
150 0 0
150 36 71
336 0 0
336 222 156
150 150 0
150 36 71
114 114 0
114 0 0
114 114 0
36 36 0
36 0 0
36 0 0
36 0 0
249 0 0
249 213 71
174 0 0
174 1 2
173 143 19
30 0 0
30 24 3
10 0 0
10 4 3
1 1 0
169 0 0
169 26 28
3 0 0
3 2 1
1 0 0
1 0 0
1 0 0
81 4 8
77 8 15
208 0 0
208 208 0
34 0 0
70 36 42
208 154 53
54 17 19
37 6 5
189 16 28
208 139 107
6 4 3
2 0 0
2 1 1
19 0 0
19 0 0
95 0 0
95 0 0
95 70 17
25 14 10
11 7 3
4 3 1
1 0 0
1 0 0
54 13 19
80 53 28
41 6 12
6 0 0
8 2 2
36 0 0
36 19 19
17 0 0
71 54 33
17 0 0
17 0 0
91 0 0
91 0 0
91 70 19
21 6 8
15 11 5
4 3 1
1 0 0
85 70 20
21 21 0
19 0 0
19 0 0
62 43 29
70 16 31
75 74 2
1 0 0
1 0 0
5 0 0
5 0 0
35 0 0
35 0 0
35 28 1
7 0 0
7 7 0
35 5 9
30 30 0
5 5 0
5 0 0
6 1 2
35 35 0
5 0 0
5 5 0
5 0 0
41 36 9
5 5 0
72 9 3
9 0 0
72 67 3
5 5 0
5 5 0
5 0 0
36 0 0
2 2 0
1 1 0
1 0 0
4 4 0
4 0 0
4 0 0
4 0 0
4 4 0
1 1 0
1 0 0
1 1 0
2 2 0
2 2 0
2 0 0
2 2 0
4 0 0
4 0 0
4 0 0
4 0 0
1 1 0
1 1 0
5 4 1
1 1 0
1 0 0
1 0 0
1 0 0
1 1 0
1 1 0
1 0 0
1 0 0
1 0 0
1 1 0
1 0 0
1 1 0
1 0 0
1 0 0
1 0 0
1 0 0
1 0 0
4 4 0
1 1 0
1 0 0
1 1 0
4 0 0
4 0 0
4 0 0
4 0 0
4 1 1
1 1 0
1 1 0
1 1 0
1 0 0
1 0 0
1 1 0
1 1 0
1 1 0
1 0 0
1 1 0
1 1 0
1 0 0
1 0 0
1 1 0
1 0 0
1 0 0
1 0 0
1 1 0
1 1 0
1 0 0
1 0 0
1 1 0
1 0 0
1 0 0
1 1 0
1 1 0
1 1 0
1 0 0
1 0 0
1 1 0
1 1 0
1 1 0
1 1 0
1 1 0
1 1 0
1 0 0
1 0 0
1 0 0
1 1 0
1 0 0
1 0 0
1 1 0
1 0 0
1 0 0
1 1 0
1 1 0
1 1 0
1 0 0
1 0 0
1 1 0
1 0 0
1 0 0
4 4 0
4 0 0
4 4 0
4 0 0
4 0 0
4 0 0
1 0 0
1 1 0
1 1 0
1 1 0
1 0 0
1 0 0
1 1 0
1 1 0
1 0 0
1 1 0
13 1 1
13 12 1
1 1 0
1 0 0
1 0 0
1 0 0
1 0 0
1 1 0
1 0 0
1 0 0
1 0 0
1 1 0
1 1 0
1 0 0
1 0 0
1 0 0
1 1 0
1 0 0
2 1 1
1 0 0
1 0 0
1 0 0
2 1 1
1 1 0
1 1 0
1 0 0
1 0 0
1 1 0
1 0 0
1 1 0
1 0 0
1 1 0
1 1 0
1 1 0
1 0 0
1 1 0
1 0 0
1 0 0
1 1 0
1 1 0
1 0 0
1 0 0
1 0 0
1 1 0
1 1 0
1 0 0
1 0 0
3 0 0
4 1 1
4 3 2
1 0 0
1 0 0
1 0 0
1 0 0
1 1 0
1 0 0
1 1 0
1 0 0
1 0 0
1 1 0
1 0 0
1 0 0
1 1 0
1 0 0
1 1 0
1 0 0
1 1 0
1 1 0
1 1 0
1 0 0
4 0 0
4 3 1
7 1 2
6 0 0
6 0 0
6 0 0
6 0 0
845 0 0
845 845 0
8450 924 1751
38 0 0
38 0 0
38 0 0
38 11 10
27 1 2
1316 1242 26
1316 924 528
1316 1225 32
91 0 0
91 0 0
91 0 0
91 28 21
63 0 0
1316 0 0
1316 38 58
8450 7605 1689
1 0 0
1 0 0
1 0 0
5361 0 0
5361 0 0
5361 0 0
5361 0 0
5361 3816 2251
1545 0 0
1545 0 0
1545 0 0
1545 1545 0
1545 0 0
1545 1098 662
447 447 0
1545 1545 0
1545 0 0
1545 1098 662
447 447 0
3816 0 0
3816 3816 0
3816 0 0
3816 3816 0
3816 0 0
3816 0 0
3816 0 0
3816 0 0
3816 2056 3519
1760 0 0
1760 0 0
1760 0 0
1760 898 1486
862 2 4
3816 1 2
3815 1862 2050
1953 0 0
1953 0 0
1953 0 0
1953 311 312
1642 40 76
3815 0 0
3815 1099 2033
3816 3814 4
2 2 0
2 2 0
3816 3816 0
3816 0 0
3816 0 0
3816 0 0
3816 3816 0
3816 0 0
2 2 0
40 0 0
40 0 0
40 0 0
2 0 0
2 0 0
2 0 0
3816 3816 0
5737 0 0
5737 3815 1841
1922 1694 256
228 228 0
228 0 0
5509 1701 1701
3808 2582 1746
1226 0 0
1226 0 0
1226 1226 0
4187 0 0
1701 1699 4
2 2 0
1701 858 1684
4894 0 0
9177 2683 5337
6494 0 0
6494 0 0
6494 3681 1700
2813 2563 416
4945 51 102
4894 2282 3399
2612 2403 396
2064 1684 366
380 0 0
380 1 2
2403 1855 238
548 0 0
1 1 0
1 0 0
1 0 0
1855 2 4
2563 941 1795
1622 72 76
1550 352 86
1550 1550 0
2 1 1
1 0 0
2683 1659 1700
3928 1312 1778
2616 1 2
2615 1896 1354
719 0 0
719 709 18
10 0 0
10 10 0
1 1 0
45584 0 0
49511 45584 6863
3927 2681 1692
51 0 0
228 228 0
1659 1658 2
1 0 0
1 0 0
1 1 0
1 0 0
1 0 0
1 0 0
1 0 0
1 1 0
1 1 0
2 0 0
2 2 0
2681 0 0
2681 0 0
2681 0 0
2681 0 0
2681 112 148
2569 2569 0
2681 2668 26
13 0 0
2668 0 0
2668 1657 1698
2668 169 270
1 1 0
1 0 0
1 0 0
1 0 0
1 0 0
1 0 0
2569 0 0
2569 0 0
2569 0 0
5737 0 0
5737 0 0
5737 5737 0
5737 0 0
5738 0 0
5738 5738 0
5738 0 0
5738 0 0
5738 0 0
5738 0 0
5361 0 0
5361 0 0
5361 0 0
5361 5361 0
1 0 0
1 0 0
88 36 2
52 52 0
36 0 0
4680 4644 71
52 52 0
7 1 2
7 2 2
7 3 5
7 3 3
7 6 2
7 6 2
1 0 0
1 1 0
1 0 0
1 0 0
2 1 1
1 1 0
1 1 0
2 0 0
2 2 0
2 2 0
2 2 0
2 2 0
2 0 0
2 0 0
5 0 0
5 0 0
9457 2 4
9455 146 132
9309 9304 2
9304 8 2
9296 17 2
9279 0 0
121660 112381 18557
2 0 0
2 0 0
2 0 0
2 0 0
9 7 3
2 0 0
12 10 3
146 2 4
144 21 24
123 0 0
123 29 57
1 0 0
1 0 0
1 1 0
1 0 0
1 0 0
1 0 0
1 0 0
1 0 0
1 1 0
1 0 0
144 0 0
144 144 0
144 0 0
144 0 0
144 144 0
144 0 0
4179 2307 1766
1872 0 0
1872 1649 281
2307 2045 316
2045 2045 0
1649 0 0
1649 1649 0
2045 0 0
8072 6027 4025
6416 4767 3241
432 0 0
432 0 0
432 432 0
5702 0 0
36 0 0
288 288 0
288 0 0
144 0 0
144 144 0
144 0 0
144 0 0
144 0 0
144 0 0
144 0 0
72 0 0
72 0 0
144 144 0
144 144 0
461 461 0
144 144 0
144 0 0
144 144 0
144 144 0
288 252 71
36 36 0
36 36 0
36 36 0
72 0 0
72 0 0
72 0 0
72 0 0
72 0 0
72 0 0
72 0 0
72 0 0
72 0 0
72 0 0
72 0 0
72 0 0
72 0 0
72 0 0
72 0 0
72 0 0
72 0 0
72 0 0
29 0 0
29 0 0
29 0 0
29 29 0
29 0 0
29 0 0
29 0 0
29 0 0
29 0 0
29 0 0
29 0 0
65 65 0
65 0 0
65 65 0
36 0 0
36 36 0
36 36 0
29 0 0
29 0 0
29 29 0
29 29 0
29 0 0
29 0 0
29 0 0
29 0 0
36 36 0
36 36 0
36 36 0
36 0 0
36 0 0
36 0 0
36 36 0
36 0 0
36 36 0
36 0 0
36 36 0
36 36 0
36 36 0
65 0 0
72 36 71
36 36 0
36 36 0
36 0 0
36 7 11
36 36 0
36 36 0
143 0 0
143 0 0
143 143 0
107 36 71
71 71 0
36 36 0
71 0 0
107 0 0
107 71 71
71 71 0
71 36 1
36 1 1
35 0 0
35 35 0
35 35 0
36 0 0
36 0 0
36 0 0
36 36 0
36 0 0
36 36 0
72 0 0
72 72 0
72 72 0
36 0 0
36 0 0
36 36 0
36 36 0
36 36 0
