# Mix output version 2
# FINI: end of program
# EMIT_DYNAMIC_STATS FOR TID 1
# instructions = 100101498, basic blocks = 17140294
Local Byte Stride Bucket -256 is equal to 1079562
Local Byte Stride Bucket -255 is equal to 1
Local Byte Stride Bucket -254 is equal to 6
Local Byte Stride Bucket -253 is equal to 1
Local Byte Stride Bucket -252 is equal to 6429
Local Byte Stride Bucket -250 is equal to 2
Local Byte Stride Bucket -249 is equal to 1
Local Byte Stride Bucket -248 is equal to 8540
Local Byte Stride Bucket -244 is equal to 6666
Local Byte Stride Bucket -243 is equal to 1
Local Byte Stride Bucket -241 is equal to 1
Local Byte Stride Bucket -240 is equal to 7966
Local Byte Stride Bucket -236 is equal to 4631
Local Byte Stride Bucket -234 is equal to 3
Local Byte Stride Bucket -232 is equal to 6225
Local Byte Stride Bucket -230 is equal to 17
Local Byte Stride Bucket -228 is equal to 3073
Local Byte Stride Bucket -226 is equal to 36
Local Byte Stride Bucket -224 is equal to 621513
Local Byte Stride Bucket -222 is equal to 44
Local Byte Stride Bucket -220 is equal to 5618
Local Byte Stride Bucket -218 is equal to 87
Local Byte Stride Bucket -216 is equal to 5166
Local Byte Stride Bucket -214 is equal to 61
Local Byte Stride Bucket -212 is equal to 2306
Local Byte Stride Bucket -210 is equal to 90
Local Byte Stride Bucket -208 is equal to 12821
Local Byte Stride Bucket -207 is equal to 1
Local Byte Stride Bucket -206 is equal to 156
Local Byte Stride Bucket -205 is equal to 2
Local Byte Stride Bucket -204 is equal to 7057
Local Byte Stride Bucket -203 is equal to 3
Local Byte Stride Bucket -202 is equal to 195
Local Byte Stride Bucket -200 is equal to 13140
Local Byte Stride Bucket -198 is equal to 280
Local Byte Stride Bucket -196 is equal to 8144
Local Byte Stride Bucket -195 is equal to 1
Local Byte Stride Bucket -194 is equal to 392
Local Byte Stride Bucket -193 is equal to 5
Local Byte Stride Bucket -192 is equal to 55408
Local Byte Stride Bucket -191 is equal to 22
Local Byte Stride Bucket -190 is equal to 1633
Local Byte Stride Bucket -189 is equal to 1
Local Byte Stride Bucket -188 is equal to 8254
Local Byte Stride Bucket -187 is equal to 1
Local Byte Stride Bucket -186 is equal to 2699
Local Byte Stride Bucket -185 is equal to 3
Local Byte Stride Bucket -184 is equal to 10244
Local Byte Stride Bucket -183 is equal to 4
Local Byte Stride Bucket -182 is equal to 3786
Local Byte Stride Bucket -181 is equal to 6
Local Byte Stride Bucket -180 is equal to 7598
Local Byte Stride Bucket -178 is equal to 3931
Local Byte Stride Bucket -177 is equal to 2
Local Byte Stride Bucket -176 is equal to 17048
Local Byte Stride Bucket -174 is equal to 7250
Local Byte Stride Bucket -172 is equal to 9878
Local Byte Stride Bucket -170 is equal to 4899
Local Byte Stride Bucket -168 is equal to 12756
Local Byte Stride Bucket -166 is equal to 6619
Local Byte Stride Bucket -164 is equal to 10615
Local Byte Stride Bucket -162 is equal to 10770
Local Byte Stride Bucket -161 is equal to 1
Local Byte Stride Bucket -160 is equal to 81160
Local Byte Stride Bucket -158 is equal to 3068
Local Byte Stride Bucket -156 is equal to 13727
Local Byte Stride Bucket -154 is equal to 10006
Local Byte Stride Bucket -152 is equal to 13226
Local Byte Stride Bucket -150 is equal to 3938
Local Byte Stride Bucket -148 is equal to 14537
Local Byte Stride Bucket -146 is equal to 7934
Local Byte Stride Bucket -144 is equal to 22993
Local Byte Stride Bucket -142 is equal to 9482
Local Byte Stride Bucket -141 is equal to 2
Local Byte Stride Bucket -140 is equal to 15863
Local Byte Stride Bucket -138 is equal to 3534
Local Byte Stride Bucket -136 is equal to 19966
Local Byte Stride Bucket -135 is equal to 1
Local Byte Stride Bucket -134 is equal to 4721
Local Byte Stride Bucket -132 is equal to 28234
Local Byte Stride Bucket -130 is equal to 8657
Local Byte Stride Bucket -129 is equal to 3
Local Byte Stride Bucket -128 is equal to 126655
Local Byte Stride Bucket -127 is equal to 2
Local Byte Stride Bucket -126 is equal to 10019
Local Byte Stride Bucket -125 is equal to 1
Local Byte Stride Bucket -124 is equal to 23996
Local Byte Stride Bucket -123 is equal to 2
Local Byte Stride Bucket -122 is equal to 11649
Local Byte Stride Bucket -121 is equal to 1
Local Byte Stride Bucket -120 is equal to 19930
Local Byte Stride Bucket -118 is equal to 6055
Local Byte Stride Bucket -116 is equal to 13577
Local Byte Stride Bucket -114 is equal to 6371
Local Byte Stride Bucket -113 is equal to 1
Local Byte Stride Bucket -112 is equal to 14235
Local Byte Stride Bucket -110 is equal to 8426
Local Byte Stride Bucket -108 is equal to 15694
Local Byte Stride Bucket -106 is equal to 4435
Local Byte Stride Bucket -104 is equal to 23096
Local Byte Stride Bucket -102 is equal to 10256
Local Byte Stride Bucket -100 is equal to 27575
Local Byte Stride Bucket -98 is equal to 12553
Local Byte Stride Bucket -96 is equal to 32356
Local Byte Stride Bucket -95 is equal to 1
Local Byte Stride Bucket -94 is equal to 26903
Local Byte Stride Bucket -93 is equal to 1
Local Byte Stride Bucket -92 is equal to 33893
Local Byte Stride Bucket -90 is equal to 11604
Local Byte Stride Bucket -88 is equal to 54543
Local Byte Stride Bucket -86 is equal to 8212
Local Byte Stride Bucket -85 is equal to 1
Local Byte Stride Bucket -84 is equal to 29821
Local Byte Stride Bucket -82 is equal to 7586
Local Byte Stride Bucket -81 is equal to 10
Local Byte Stride Bucket -80 is equal to 31477
Local Byte Stride Bucket -79 is equal to 4
Local Byte Stride Bucket -78 is equal to 11823
Local Byte Stride Bucket -76 is equal to 16545
Local Byte Stride Bucket -75 is equal to 8
Local Byte Stride Bucket -74 is equal to 23205
Local Byte Stride Bucket -72 is equal to 25587
Local Byte Stride Bucket -70 is equal to 9404
Local Byte Stride Bucket -68 is equal to 46093
Local Byte Stride Bucket -66 is equal to 25414
Local Byte Stride Bucket -65 is equal to 12
Local Byte Stride Bucket -64 is equal to 637501
Local Byte Stride Bucket -63 is equal to 4
Local Byte Stride Bucket -62 is equal to 9545
Local Byte Stride Bucket -61 is equal to 2
Local Byte Stride Bucket -60 is equal to 23233
Local Byte Stride Bucket -58 is equal to 15814
Local Byte Stride Bucket -56 is equal to 45581
Local Byte Stride Bucket -54 is equal to 13000
Local Byte Stride Bucket -52 is equal to 35300
Local Byte Stride Bucket -50 is equal to 25193
Local Byte Stride Bucket -49 is equal to 4
Local Byte Stride Bucket -48 is equal to 276990
Local Byte Stride Bucket -47 is equal to 2
Local Byte Stride Bucket -46 is equal to 75140
Local Byte Stride Bucket -44 is equal to 105858
Local Byte Stride Bucket -42 is equal to 35134
Local Byte Stride Bucket -40 is equal to 89937
Local Byte Stride Bucket -38 is equal to 12393
Local Byte Stride Bucket -36 is equal to 50237
Local Byte Stride Bucket -35 is equal to 1
Local Byte Stride Bucket -34 is equal to 17319
Local Byte Stride Bucket -33 is equal to 5
Local Byte Stride Bucket -32 is equal to 385381
Local Byte Stride Bucket -31 is equal to 1
Local Byte Stride Bucket -30 is equal to 22299
Local Byte Stride Bucket -29 is equal to 2
Local Byte Stride Bucket -28 is equal to 73239
Local Byte Stride Bucket -26 is equal to 30722
Local Byte Stride Bucket -25 is equal to 3
Local Byte Stride Bucket -24 is equal to 321643
Local Byte Stride Bucket -22 is equal to 106569
Local Byte Stride Bucket -20 is equal to 84636
Local Byte Stride Bucket -19 is equal to 4
Local Byte Stride Bucket -18 is equal to 40650
Local Byte Stride Bucket -17 is equal to 2
Local Byte Stride Bucket -16 is equal to 92757
Local Byte Stride Bucket -15 is equal to 6
Local Byte Stride Bucket -14 is equal to 26138
Local Byte Stride Bucket -13 is equal to 466
Local Byte Stride Bucket -12 is equal to 307970
Local Byte Stride Bucket -10 is equal to 33640
Local Byte Stride Bucket -9 is equal to 1
Local Byte Stride Bucket -8 is equal to 191084
Local Byte Stride Bucket -7 is equal to 2
Local Byte Stride Bucket -6 is equal to 44167
Local Byte Stride Bucket -5 is equal to 5
Local Byte Stride Bucket -4 is equal to 299862
Local Byte Stride Bucket -3 is equal to 6
Local Byte Stride Bucket -2 is equal to 169522
Local Byte Stride Bucket -1 is equal to 27
Local Byte Stride Bucket 0 is equal to 19671967
Local Byte Stride Bucket 1 is equal to 174
Local Byte Stride Bucket 2 is equal to 249792
Local Byte Stride Bucket 3 is equal to 6
Local Byte Stride Bucket 4 is equal to 1657286
Local Byte Stride Bucket 5 is equal to 13
Local Byte Stride Bucket 6 is equal to 45421
Local Byte Stride Bucket 7 is equal to 6
Local Byte Stride Bucket 8 is equal to 478885
Local Byte Stride Bucket 9 is equal to 5
Local Byte Stride Bucket 10 is equal to 30558
Local Byte Stride Bucket 11 is equal to 2
Local Byte Stride Bucket 12 is equal to 68758
Local Byte Stride Bucket 13 is equal to 27
Local Byte Stride Bucket 14 is equal to 30469
Local Byte Stride Bucket 15 is equal to 13
Local Byte Stride Bucket 16 is equal to 59567
Local Byte Stride Bucket 17 is equal to 1
Local Byte Stride Bucket 18 is equal to 61733
Local Byte Stride Bucket 19 is equal to 5
Local Byte Stride Bucket 20 is equal to 271655
Local Byte Stride Bucket 22 is equal to 99471
Local Byte Stride Bucket 24 is equal to 293559
Local Byte Stride Bucket 25 is equal to 1
Local Byte Stride Bucket 26 is equal to 39058
Local Byte Stride Bucket 28 is equal to 39486
Local Byte Stride Bucket 30 is equal to 22313
Local Byte Stride Bucket 31 is equal to 3
Local Byte Stride Bucket 32 is equal to 30054
Local Byte Stride Bucket 33 is equal to 2
Local Byte Stride Bucket 34 is equal to 16372
Local Byte Stride Bucket 36 is equal to 128539
Local Byte Stride Bucket 38 is equal to 14756
Local Byte Stride Bucket 40 is equal to 262155
Local Byte Stride Bucket 42 is equal to 27457
Local Byte Stride Bucket 44 is equal to 193882
Local Byte Stride Bucket 46 is equal to 78556
Local Byte Stride Bucket 47 is equal to 1
Local Byte Stride Bucket 48 is equal to 244343
Local Byte Stride Bucket 49 is equal to 10
Local Byte Stride Bucket 50 is equal to 22629
Local Byte Stride Bucket 52 is equal to 37421
Local Byte Stride Bucket 54 is equal to 13926
Local Byte Stride Bucket 55 is equal to 9
Local Byte Stride Bucket 56 is equal to 41349
Local Byte Stride Bucket 58 is equal to 15905
Local Byte Stride Bucket 59 is equal to 2
Local Byte Stride Bucket 60 is equal to 19257
Local Byte Stride Bucket 62 is equal to 9549
Local Byte Stride Bucket 63 is equal to 21
Local Byte Stride Bucket 64 is equal to 1142040
Local Byte Stride Bucket 65 is equal to 26
Local Byte Stride Bucket 66 is equal to 23076
Local Byte Stride Bucket 68 is equal to 41350
Local Byte Stride Bucket 70 is equal to 8542
Local Byte Stride Bucket 72 is equal to 22862
Local Byte Stride Bucket 74 is equal to 22258
Local Byte Stride Bucket 75 is equal to 1
Local Byte Stride Bucket 76 is equal to 17380
Local Byte Stride Bucket 77 is equal to 2
Local Byte Stride Bucket 78 is equal to 13269
Local Byte Stride Bucket 79 is equal to 3
Local Byte Stride Bucket 80 is equal to 21932
Local Byte Stride Bucket 81 is equal to 26
Local Byte Stride Bucket 82 is equal to 8257
Local Byte Stride Bucket 84 is equal to 27545
Local Byte Stride Bucket 85 is equal to 1
Local Byte Stride Bucket 86 is equal to 8129
Local Byte Stride Bucket 88 is equal to 53019
Local Byte Stride Bucket 90 is equal to 12946
Local Byte Stride Bucket 92 is equal to 36162
Local Byte Stride Bucket 94 is equal to 27732
Local Byte Stride Bucket 96 is equal to 32403
Local Byte Stride Bucket 98 is equal to 12758
Local Byte Stride Bucket 99 is equal to 4
Local Byte Stride Bucket 100 is equal to 22917
Local Byte Stride Bucket 101 is equal to 3
Local Byte Stride Bucket 102 is equal to 8252
Local Byte Stride Bucket 104 is equal to 15399
Local Byte Stride Bucket 106 is equal to 4468
Local Byte Stride Bucket 108 is equal to 15278
Local Byte Stride Bucket 110 is equal to 12670
Local Byte Stride Bucket 112 is equal to 14629
Local Byte Stride Bucket 113 is equal to 1
Local Byte Stride Bucket 114 is equal to 8990
Local Byte Stride Bucket 115 is equal to 1
Local Byte Stride Bucket 116 is equal to 12102
Local Byte Stride Bucket 117 is equal to 1
Local Byte Stride Bucket 118 is equal to 6858
Local Byte Stride Bucket 119 is equal to 1
Local Byte Stride Bucket 120 is equal to 17029
Local Byte Stride Bucket 121 is equal to 1
Local Byte Stride Bucket 122 is equal to 10114
Local Byte Stride Bucket 123 is equal to 5
Local Byte Stride Bucket 124 is equal to 17672
Local Byte Stride Bucket 125 is equal to 1
Local Byte Stride Bucket 126 is equal to 8365
Local Byte Stride Bucket 127 is equal to 3
Local Byte Stride Bucket 128 is equal to 182748
Local Byte Stride Bucket 129 is equal to 2
Local Byte Stride Bucket 130 is equal to 6502
Local Byte Stride Bucket 131 is equal to 9
Local Byte Stride Bucket 132 is equal to 31089
Local Byte Stride Bucket 134 is equal to 12402
Local Byte Stride Bucket 135 is equal to 1
Local Byte Stride Bucket 136 is equal to 17188
Local Byte Stride Bucket 138 is equal to 3560
Local Byte Stride Bucket 140 is equal to 13695
Local Byte Stride Bucket 141 is equal to 3
Local Byte Stride Bucket 142 is equal to 8411
Local Byte Stride Bucket 144 is equal to 18144
Local Byte Stride Bucket 146 is equal to 7425
Local Byte Stride Bucket 147 is equal to 5
Local Byte Stride Bucket 148 is equal to 13740
Local Byte Stride Bucket 150 is equal to 3195
Local Byte Stride Bucket 152 is equal to 14221
Local Byte Stride Bucket 154 is equal to 10499
Local Byte Stride Bucket 156 is equal to 15049
Local Byte Stride Bucket 158 is equal to 4404
Local Byte Stride Bucket 160 is equal to 82518
Local Byte Stride Bucket 161 is equal to 1
Local Byte Stride Bucket 162 is equal to 8614
Local Byte Stride Bucket 164 is equal to 9852
Local Byte Stride Bucket 166 is equal to 4779
Local Byte Stride Bucket 168 is equal to 11805
Local Byte Stride Bucket 170 is equal to 4237
Local Byte Stride Bucket 171 is equal to 2
Local Byte Stride Bucket 172 is equal to 9156
Local Byte Stride Bucket 174 is equal to 6237
Local Byte Stride Bucket 175 is equal to 1
Local Byte Stride Bucket 176 is equal to 18950
Local Byte Stride Bucket 177 is equal to 1
Local Byte Stride Bucket 178 is equal to 6563
Local Byte Stride Bucket 180 is equal to 7895
Local Byte Stride Bucket 181 is equal to 9
Local Byte Stride Bucket 182 is equal to 3598
Local Byte Stride Bucket 183 is equal to 3
Local Byte Stride Bucket 184 is equal to 5109
Local Byte Stride Bucket 185 is equal to 4
Local Byte Stride Bucket 186 is equal to 2191
Local Byte Stride Bucket 187 is equal to 1
Local Byte Stride Bucket 188 is equal to 6472
Local Byte Stride Bucket 190 is equal to 897
Local Byte Stride Bucket 191 is equal to 23
Local Byte Stride Bucket 192 is equal to 22872
Local Byte Stride Bucket 193 is equal to 5
Local Byte Stride Bucket 194 is equal to 1
Local Byte Stride Bucket 195 is equal to 2
Local Byte Stride Bucket 196 is equal to 7381
Local Byte Stride Bucket 200 is equal to 10562
Local Byte Stride Bucket 203 is equal to 2
Local Byte Stride Bucket 204 is equal to 5339
Local Byte Stride Bucket 205 is equal to 1
Local Byte Stride Bucket 206 is equal to 1
Local Byte Stride Bucket 207 is equal to 1
Local Byte Stride Bucket 208 is equal to 12220
Local Byte Stride Bucket 209 is equal to 1
Local Byte Stride Bucket 212 is equal to 3055
Local Byte Stride Bucket 216 is equal to 4271
Local Byte Stride Bucket 220 is equal to 7017
Local Byte Stride Bucket 222 is equal to 4
Local Byte Stride Bucket 223 is equal to 1
Local Byte Stride Bucket 224 is equal to 510133
Local Byte Stride Bucket 226 is equal to 1
Local Byte Stride Bucket 228 is equal to 2556
Local Byte Stride Bucket 232 is equal to 2785
Local Byte Stride Bucket 236 is equal to 4137
Local Byte Stride Bucket 240 is equal to 34529
Local Byte Stride Bucket 244 is equal to 7794
Local Byte Stride Bucket 248 is equal to 7637
Local Byte Stride Bucket 250 is equal to 3
Local Byte Stride Bucket 252 is equal to 6103
Local Byte Stride Bucket 254 is equal to 3
Local Byte Stride Bucket 255 is equal to 1
Local Byte Stride Bucket 256 is equal to 1161627

Local Cache Stride Bucket -256 is equal to 252506
Local Cache Stride Bucket -255 is equal to 13
Local Cache Stride Bucket -254 is equal to 12
Local Cache Stride Bucket -253 is equal to 75
Local Cache Stride Bucket -252 is equal to 32
Local Cache Stride Bucket -251 is equal to 165
Local Cache Stride Bucket -250 is equal to 13
Local Cache Stride Bucket -249 is equal to 8
Local Cache Stride Bucket -248 is equal to 8
Local Cache Stride Bucket -247 is equal to 2
Local Cache Stride Bucket -246 is equal to 12
Local Cache Stride Bucket -245 is equal to 19
Local Cache Stride Bucket -244 is equal to 140
Local Cache Stride Bucket -243 is equal to 14
Local Cache Stride Bucket -242 is equal to 8
Local Cache Stride Bucket -241 is equal to 13
Local Cache Stride Bucket -240 is equal to 9
Local Cache Stride Bucket -239 is equal to 5
Local Cache Stride Bucket -238 is equal to 30
Local Cache Stride Bucket -237 is equal to 5
Local Cache Stride Bucket -236 is equal to 13
Local Cache Stride Bucket -235 is equal to 49
Local Cache Stride Bucket -234 is equal to 15
Local Cache Stride Bucket -233 is equal to 58
Local Cache Stride Bucket -232 is equal to 10
Local Cache Stride Bucket -231 is equal to 13
Local Cache Stride Bucket -230 is equal to 7
Local Cache Stride Bucket -229 is equal to 50
Local Cache Stride Bucket -228 is equal to 33
Local Cache Stride Bucket -227 is equal to 41
Local Cache Stride Bucket -226 is equal to 42
Local Cache Stride Bucket -225 is equal to 18
Local Cache Stride Bucket -224 is equal to 55
Local Cache Stride Bucket -223 is equal to 25
Local Cache Stride Bucket -222 is equal to 1
Local Cache Stride Bucket -221 is equal to 13
Local Cache Stride Bucket -220 is equal to 12
Local Cache Stride Bucket -219 is equal to 44
Local Cache Stride Bucket -218 is equal to 34
Local Cache Stride Bucket -217 is equal to 12
Local Cache Stride Bucket -216 is equal to 11
Local Cache Stride Bucket -215 is equal to 29
Local Cache Stride Bucket -214 is equal to 77
Local Cache Stride Bucket -213 is equal to 14
Local Cache Stride Bucket -212 is equal to 9
Local Cache Stride Bucket -211 is equal to 22
Local Cache Stride Bucket -210 is equal to 14
Local Cache Stride Bucket -209 is equal to 9
Local Cache Stride Bucket -208 is equal to 24
Local Cache Stride Bucket -207 is equal to 35
Local Cache Stride Bucket -206 is equal to 43
Local Cache Stride Bucket -205 is equal to 83
Local Cache Stride Bucket -204 is equal to 74
Local Cache Stride Bucket -203 is equal to 514
Local Cache Stride Bucket -202 is equal to 18
Local Cache Stride Bucket -201 is equal to 74
Local Cache Stride Bucket -200 is equal to 21
Local Cache Stride Bucket -199 is equal to 41
Local Cache Stride Bucket -198 is equal to 21
Local Cache Stride Bucket -197 is equal to 12
Local Cache Stride Bucket -196 is equal to 142
Local Cache Stride Bucket -195 is equal to 21
Local Cache Stride Bucket -194 is equal to 5
Local Cache Stride Bucket -193 is equal to 9
Local Cache Stride Bucket -192 is equal to 13
Local Cache Stride Bucket -191 is equal to 45
Local Cache Stride Bucket -190 is equal to 13
Local Cache Stride Bucket -189 is equal to 14
Local Cache Stride Bucket -188 is equal to 7
Local Cache Stride Bucket -187 is equal to 51
Local Cache Stride Bucket -186 is equal to 1
Local Cache Stride Bucket -185 is equal to 8
Local Cache Stride Bucket -184 is equal to 41
Local Cache Stride Bucket -183 is equal to 5
Local Cache Stride Bucket -182 is equal to 15
Local Cache Stride Bucket -181 is equal to 15
Local Cache Stride Bucket -180 is equal to 18
Local Cache Stride Bucket -179 is equal to 11
Local Cache Stride Bucket -178 is equal to 12
Local Cache Stride Bucket -177 is equal to 24
Local Cache Stride Bucket -176 is equal to 20
Local Cache Stride Bucket -175 is equal to 63
Local Cache Stride Bucket -174 is equal to 14
Local Cache Stride Bucket -173 is equal to 233
Local Cache Stride Bucket -172 is equal to 20
Local Cache Stride Bucket -171 is equal to 30
Local Cache Stride Bucket -170 is equal to 27
Local Cache Stride Bucket -169 is equal to 49
Local Cache Stride Bucket -168 is equal to 72
Local Cache Stride Bucket -167 is equal to 20
Local Cache Stride Bucket -166 is equal to 602
Local Cache Stride Bucket -165 is equal to 572
Local Cache Stride Bucket -164 is equal to 59
Local Cache Stride Bucket -163 is equal to 78
Local Cache Stride Bucket -162 is equal to 233
Local Cache Stride Bucket -161 is equal to 65
Local Cache Stride Bucket -160 is equal to 49
Local Cache Stride Bucket -159 is equal to 39
Local Cache Stride Bucket -158 is equal to 64
Local Cache Stride Bucket -157 is equal to 105
Local Cache Stride Bucket -156 is equal to 149
Local Cache Stride Bucket -155 is equal to 38
Local Cache Stride Bucket -154 is equal to 80
Local Cache Stride Bucket -153 is equal to 44
Local Cache Stride Bucket -152 is equal to 64
Local Cache Stride Bucket -151 is equal to 102
Local Cache Stride Bucket -150 is equal to 191
Local Cache Stride Bucket -149 is equal to 405
Local Cache Stride Bucket -148 is equal to 1629
Local Cache Stride Bucket -147 is equal to 207
Local Cache Stride Bucket -146 is equal to 60
Local Cache Stride Bucket -145 is equal to 52
Local Cache Stride Bucket -144 is equal to 17
Local Cache Stride Bucket -143 is equal to 47
Local Cache Stride Bucket -142 is equal to 34
Local Cache Stride Bucket -141 is equal to 15
Local Cache Stride Bucket -140 is equal to 22
Local Cache Stride Bucket -139 is equal to 62
Local Cache Stride Bucket -138 is equal to 51
Local Cache Stride Bucket -137 is equal to 134
Local Cache Stride Bucket -136 is equal to 54
Local Cache Stride Bucket -135 is equal to 11
Local Cache Stride Bucket -134 is equal to 31
Local Cache Stride Bucket -133 is equal to 71
Local Cache Stride Bucket -132 is equal to 398
Local Cache Stride Bucket -131 is equal to 1151
Local Cache Stride Bucket -130 is equal to 233
Local Cache Stride Bucket -129 is equal to 6938
Local Cache Stride Bucket -128 is equal to 7250
Local Cache Stride Bucket -127 is equal to 49
Local Cache Stride Bucket -126 is equal to 33
Local Cache Stride Bucket -125 is equal to 17
Local Cache Stride Bucket -124 is equal to 9
Local Cache Stride Bucket -123 is equal to 8
Local Cache Stride Bucket -122 is equal to 33
Local Cache Stride Bucket -121 is equal to 41
Local Cache Stride Bucket -120 is equal to 88
Local Cache Stride Bucket -119 is equal to 4
Local Cache Stride Bucket -118 is equal to 1732
Local Cache Stride Bucket -117 is equal to 5194
Local Cache Stride Bucket -116 is equal to 4
Local Cache Stride Bucket -115 is equal to 12
Local Cache Stride Bucket -114 is equal to 14
Local Cache Stride Bucket -113 is equal to 57
Local Cache Stride Bucket -112 is equal to 55
Local Cache Stride Bucket -111 is equal to 112
Local Cache Stride Bucket -110 is equal to 3673
Local Cache Stride Bucket -109 is equal to 16
Local Cache Stride Bucket -108 is equal to 14
Local Cache Stride Bucket -107 is equal to 37
Local Cache Stride Bucket -106 is equal to 24
Local Cache Stride Bucket -105 is equal to 40
Local Cache Stride Bucket -104 is equal to 325
Local Cache Stride Bucket -103 is equal to 53
Local Cache Stride Bucket -102 is equal to 21
Local Cache Stride Bucket -101 is equal to 247
Local Cache Stride Bucket -100 is equal to 117
Local Cache Stride Bucket -99 is equal to 36
Local Cache Stride Bucket -98 is equal to 45
Local Cache Stride Bucket -97 is equal to 27
Local Cache Stride Bucket -96 is equal to 166
Local Cache Stride Bucket -95 is equal to 65
Local Cache Stride Bucket -94 is equal to 26
Local Cache Stride Bucket -93 is equal to 18
Local Cache Stride Bucket -92 is equal to 195
Local Cache Stride Bucket -91 is equal to 698
Local Cache Stride Bucket -90 is equal to 46
Local Cache Stride Bucket -89 is equal to 36
Local Cache Stride Bucket -88 is equal to 62
Local Cache Stride Bucket -87 is equal to 126
Local Cache Stride Bucket -86 is equal to 191
Local Cache Stride Bucket -85 is equal to 32
Local Cache Stride Bucket -84 is equal to 1146
Local Cache Stride Bucket -83 is equal to 49
Local Cache Stride Bucket -82 is equal to 75
Local Cache Stride Bucket -81 is equal to 94
Local Cache Stride Bucket -80 is equal to 144
Local Cache Stride Bucket -79 is equal to 37
Local Cache Stride Bucket -78 is equal to 156
Local Cache Stride Bucket -77 is equal to 82
Local Cache Stride Bucket -76 is equal to 351
Local Cache Stride Bucket -75 is equal to 38
Local Cache Stride Bucket -74 is equal to 126
Local Cache Stride Bucket -73 is equal to 31
Local Cache Stride Bucket -72 is equal to 26
Local Cache Stride Bucket -71 is equal to 34
Local Cache Stride Bucket -70 is equal to 29
Local Cache Stride Bucket -69 is equal to 34
Local Cache Stride Bucket -68 is equal to 34
Local Cache Stride Bucket -67 is equal to 26
Local Cache Stride Bucket -66 is equal to 1304
Local Cache Stride Bucket -65 is equal to 51
Local Cache Stride Bucket -64 is equal to 139
Local Cache Stride Bucket -63 is equal to 11
Local Cache Stride Bucket -62 is equal to 67
Local Cache Stride Bucket -61 is equal to 43
Local Cache Stride Bucket -60 is equal to 101
Local Cache Stride Bucket -59 is equal to 77
Local Cache Stride Bucket -58 is equal to 402
Local Cache Stride Bucket -57 is equal to 135
Local Cache Stride Bucket -56 is equal to 364
Local Cache Stride Bucket -55 is equal to 2299
Local Cache Stride Bucket -54 is equal to 535
Local Cache Stride Bucket -53 is equal to 128
Local Cache Stride Bucket -52 is equal to 125
Local Cache Stride Bucket -51 is equal to 168
Local Cache Stride Bucket -50 is equal to 3641
Local Cache Stride Bucket -49 is equal to 3501
Local Cache Stride Bucket -48 is equal to 514
Local Cache Stride Bucket -47 is equal to 1022
Local Cache Stride Bucket -46 is equal to 4714
Local Cache Stride Bucket -45 is equal to 284
Local Cache Stride Bucket -44 is equal to 1943
Local Cache Stride Bucket -43 is equal to 2817
Local Cache Stride Bucket -42 is equal to 1637
Local Cache Stride Bucket -41 is equal to 494
Local Cache Stride Bucket -40 is equal to 634
Local Cache Stride Bucket -39 is equal to 2039
Local Cache Stride Bucket -38 is equal to 3184
Local Cache Stride Bucket -37 is equal to 15936
Local Cache Stride Bucket -36 is equal to 400
Local Cache Stride Bucket -35 is equal to 9022
Local Cache Stride Bucket -34 is equal to 1657
Local Cache Stride Bucket -33 is equal to 505
Local Cache Stride Bucket -32 is equal to 7931
Local Cache Stride Bucket -31 is equal to 6527
Local Cache Stride Bucket -30 is equal to 455
Local Cache Stride Bucket -29 is equal to 1694
Local Cache Stride Bucket -28 is equal to 20735
Local Cache Stride Bucket -27 is equal to 1513
Local Cache Stride Bucket -26 is equal to 494
Local Cache Stride Bucket -25 is equal to 12590
Local Cache Stride Bucket -24 is equal to 7361
Local Cache Stride Bucket -23 is equal to 629
Local Cache Stride Bucket -22 is equal to 1483
Local Cache Stride Bucket -21 is equal to 12963
Local Cache Stride Bucket -20 is equal to 678
Local Cache Stride Bucket -19 is equal to 6934
Local Cache Stride Bucket -18 is equal to 11783
Local Cache Stride Bucket -17 is equal to 3105
Local Cache Stride Bucket -16 is equal to 1898
Local Cache Stride Bucket -15 is equal to 5312
Local Cache Stride Bucket -14 is equal to 28845
Local Cache Stride Bucket -13 is equal to 79204
Local Cache Stride Bucket -12 is equal to 109618
Local Cache Stride Bucket -11 is equal to 34071
Local Cache Stride Bucket -10 is equal to 9785
Local Cache Stride Bucket -9 is equal to 12864
Local Cache Stride Bucket -8 is equal to 5004
Local Cache Stride Bucket -7 is equal to 95708
Local Cache Stride Bucket -6 is equal to 45472
Local Cache Stride Bucket -5 is equal to 133482
Local Cache Stride Bucket -4 is equal to 426577
Local Cache Stride Bucket -3 is equal to 580831
Local Cache Stride Bucket -2 is equal to 606500
Local Cache Stride Bucket -1 is equal to 2309108
Local Cache Stride Bucket 0 is equal to 24562951
Local Cache Stride Bucket 1 is equal to 2897789
Local Cache Stride Bucket 2 is equal to 648502
Local Cache Stride Bucket 3 is equal to 486973
Local Cache Stride Bucket 4 is equal to 377875
Local Cache Stride Bucket 5 is equal to 101046
Local Cache Stride Bucket 6 is equal to 40688
Local Cache Stride Bucket 7 is equal to 36181
Local Cache Stride Bucket 8 is equal to 16938
Local Cache Stride Bucket 9 is equal to 35248
Local Cache Stride Bucket 10 is equal to 7921
Local Cache Stride Bucket 11 is equal to 34429
Local Cache Stride Bucket 12 is equal to 111343
Local Cache Stride Bucket 13 is equal to 89707
Local Cache Stride Bucket 14 is equal to 112377
Local Cache Stride Bucket 15 is equal to 8134
Local Cache Stride Bucket 16 is equal to 1942
Local Cache Stride Bucket 17 is equal to 9755
Local Cache Stride Bucket 18 is equal to 32644
Local Cache Stride Bucket 19 is equal to 17314
Local Cache Stride Bucket 20 is equal to 930
Local Cache Stride Bucket 21 is equal to 20186
Local Cache Stride Bucket 22 is equal to 860
Local Cache Stride Bucket 23 is equal to 428
Local Cache Stride Bucket 24 is equal to 15873
Local Cache Stride Bucket 25 is equal to 21326
Local Cache Stride Bucket 26 is equal to 772
Local Cache Stride Bucket 27 is equal to 8647
Local Cache Stride Bucket 28 is equal to 40007
Local Cache Stride Bucket 29 is equal to 1256
Local Cache Stride Bucket 30 is equal to 1387
Local Cache Stride Bucket 31 is equal to 5401
Local Cache Stride Bucket 32 is equal to 7882
Local Cache Stride Bucket 33 is equal to 2982
Local Cache Stride Bucket 34 is equal to 1313
Local Cache Stride Bucket 35 is equal to 3581
Local Cache Stride Bucket 36 is equal to 2323
Local Cache Stride Bucket 37 is equal to 9340
Local Cache Stride Bucket 38 is equal to 3256
Local Cache Stride Bucket 39 is equal to 562
Local Cache Stride Bucket 40 is equal to 7501
Local Cache Stride Bucket 41 is equal to 206
Local Cache Stride Bucket 42 is equal to 227
Local Cache Stride Bucket 43 is equal to 4464
Local Cache Stride Bucket 44 is equal to 4296
Local Cache Stride Bucket 45 is equal to 753
Local Cache Stride Bucket 46 is equal to 135
Local Cache Stride Bucket 47 is equal to 2439
Local Cache Stride Bucket 48 is equal to 1673
Local Cache Stride Bucket 49 is equal to 214
Local Cache Stride Bucket 50 is equal to 678
Local Cache Stride Bucket 51 is equal to 619
Local Cache Stride Bucket 52 is equal to 539
Local Cache Stride Bucket 53 is equal to 161
Local Cache Stride Bucket 54 is equal to 119
Local Cache Stride Bucket 55 is equal to 623
Local Cache Stride Bucket 56 is equal to 560
Local Cache Stride Bucket 57 is equal to 414
Local Cache Stride Bucket 58 is equal to 120
Local Cache Stride Bucket 59 is equal to 90
Local Cache Stride Bucket 60 is equal to 247
Local Cache Stride Bucket 61 is equal to 1309
Local Cache Stride Bucket 62 is equal to 34
Local Cache Stride Bucket 63 is equal to 42
Local Cache Stride Bucket 64 is equal to 138
Local Cache Stride Bucket 65 is equal to 183
Local Cache Stride Bucket 66 is equal to 446
Local Cache Stride Bucket 67 is equal to 45
Local Cache Stride Bucket 68 is equal to 86
Local Cache Stride Bucket 69 is equal to 144
Local Cache Stride Bucket 70 is equal to 31
Local Cache Stride Bucket 71 is equal to 42
Local Cache Stride Bucket 72 is equal to 31
Local Cache Stride Bucket 73 is equal to 21
Local Cache Stride Bucket 74 is equal to 112
Local Cache Stride Bucket 75 is equal to 60
Local Cache Stride Bucket 76 is equal to 89
Local Cache Stride Bucket 77 is equal to 24
Local Cache Stride Bucket 78 is equal to 44
Local Cache Stride Bucket 79 is equal to 18
Local Cache Stride Bucket 80 is equal to 138
Local Cache Stride Bucket 81 is equal to 106
Local Cache Stride Bucket 82 is equal to 22
Local Cache Stride Bucket 83 is equal to 50
Local Cache Stride Bucket 84 is equal to 177
Local Cache Stride Bucket 85 is equal to 40
Local Cache Stride Bucket 86 is equal to 938
Local Cache Stride Bucket 87 is equal to 94
Local Cache Stride Bucket 88 is equal to 64
Local Cache Stride Bucket 89 is equal to 32
Local Cache Stride Bucket 90 is equal to 39
Local Cache Stride Bucket 91 is equal to 612
Local Cache Stride Bucket 92 is equal to 31
Local Cache Stride Bucket 93 is equal to 174
Local Cache Stride Bucket 94 is equal to 130
Local Cache Stride Bucket 95 is equal to 57
Local Cache Stride Bucket 96 is equal to 177
Local Cache Stride Bucket 97 is equal to 21
Local Cache Stride Bucket 98 is equal to 48
Local Cache Stride Bucket 99 is equal to 44
Local Cache Stride Bucket 100 is equal to 27
Local Cache Stride Bucket 101 is equal to 30
Local Cache Stride Bucket 102 is equal to 20
Local Cache Stride Bucket 103 is equal to 246
Local Cache Stride Bucket 104 is equal to 848
Local Cache Stride Bucket 105 is equal to 190
Local Cache Stride Bucket 106 is equal to 30
Local Cache Stride Bucket 107 is equal to 23
Local Cache Stride Bucket 108 is equal to 33
Local Cache Stride Bucket 109 is equal to 10
Local Cache Stride Bucket 110 is equal to 3680
Local Cache Stride Bucket 111 is equal to 156
Local Cache Stride Bucket 112 is equal to 59
Local Cache Stride Bucket 113 is equal to 42
Local Cache Stride Bucket 114 is equal to 26
Local Cache Stride Bucket 115 is equal to 18
Local Cache Stride Bucket 116 is equal to 10
Local Cache Stride Bucket 117 is equal to 11
Local Cache Stride Bucket 118 is equal to 34
Local Cache Stride Bucket 119 is equal to 18
Local Cache Stride Bucket 120 is equal to 31
Local Cache Stride Bucket 121 is equal to 39
Local Cache Stride Bucket 122 is equal to 92
Local Cache Stride Bucket 123 is equal to 105
Local Cache Stride Bucket 124 is equal to 12
Local Cache Stride Bucket 125 is equal to 18
Local Cache Stride Bucket 126 is equal to 460
Local Cache Stride Bucket 127 is equal to 875
Local Cache Stride Bucket 128 is equal to 290
Local Cache Stride Bucket 129 is equal to 156
Local Cache Stride Bucket 130 is equal to 163
Local Cache Stride Bucket 131 is equal to 2116
Local Cache Stride Bucket 132 is equal to 14564
Local Cache Stride Bucket 133 is equal to 18
Local Cache Stride Bucket 134 is equal to 48
Local Cache Stride Bucket 135 is equal to 26
Local Cache Stride Bucket 136 is equal to 75
Local Cache Stride Bucket 137 is equal to 153
Local Cache Stride Bucket 138 is equal to 31
Local Cache Stride Bucket 139 is equal to 20
Local Cache Stride Bucket 140 is equal to 19
Local Cache Stride Bucket 141 is equal to 54
Local Cache Stride Bucket 142 is equal to 10
Local Cache Stride Bucket 143 is equal to 25
Local Cache Stride Bucket 144 is equal to 16
Local Cache Stride Bucket 145 is equal to 115
Local Cache Stride Bucket 146 is equal to 12
Local Cache Stride Bucket 147 is equal to 38
Local Cache Stride Bucket 148 is equal to 46
Local Cache Stride Bucket 149 is equal to 18
Local Cache Stride Bucket 150 is equal to 27
Local Cache Stride Bucket 151 is equal to 37
Local Cache Stride Bucket 152 is equal to 34
Local Cache Stride Bucket 153 is equal to 30
Local Cache Stride Bucket 154 is equal to 41
Local Cache Stride Bucket 155 is equal to 192
Local Cache Stride Bucket 156 is equal to 115
Local Cache Stride Bucket 157 is equal to 77
Local Cache Stride Bucket 158 is equal to 67
Local Cache Stride Bucket 159 is equal to 51
Local Cache Stride Bucket 160 is equal to 48
Local Cache Stride Bucket 161 is equal to 183
Local Cache Stride Bucket 162 is equal to 83
Local Cache Stride Bucket 163 is equal to 67
Local Cache Stride Bucket 164 is equal to 40
Local Cache Stride Bucket 165 is equal to 58
Local Cache Stride Bucket 166 is equal to 425
Local Cache Stride Bucket 167 is equal to 8
Local Cache Stride Bucket 168 is equal to 64
Local Cache Stride Bucket 169 is equal to 138
Local Cache Stride Bucket 170 is equal to 544
Local Cache Stride Bucket 171 is equal to 25
Local Cache Stride Bucket 172 is equal to 15
Local Cache Stride Bucket 173 is equal to 73
Local Cache Stride Bucket 174 is equal to 11
Local Cache Stride Bucket 175 is equal to 46
Local Cache Stride Bucket 176 is equal to 2
Local Cache Stride Bucket 177 is equal to 8
Local Cache Stride Bucket 178 is equal to 6
Local Cache Stride Bucket 179 is equal to 10
Local Cache Stride Bucket 180 is equal to 16
Local Cache Stride Bucket 181 is equal to 28
Local Cache Stride Bucket 182 is equal to 7
Local Cache Stride Bucket 183 is equal to 15
Local Cache Stride Bucket 184 is equal to 14
Local Cache Stride Bucket 185 is equal to 10
Local Cache Stride Bucket 186 is equal to 2
Local Cache Stride Bucket 187 is equal to 100
Local Cache Stride Bucket 188 is equal to 5
Local Cache Stride Bucket 189 is equal to 2
Local Cache Stride Bucket 190 is equal to 13
Local Cache Stride Bucket 191 is equal to 10
Local Cache Stride Bucket 192 is equal to 13
Local Cache Stride Bucket 193 is equal to 7
Local Cache Stride Bucket 194 is equal to 3
Local Cache Stride Bucket 195 is equal to 30
Local Cache Stride Bucket 196 is equal to 91
Local Cache Stride Bucket 197 is equal to 26
Local Cache Stride Bucket 198 is equal to 14
Local Cache Stride Bucket 199 is equal to 71
Local Cache Stride Bucket 200 is equal to 106
Local Cache Stride Bucket 201 is equal to 88
Local Cache Stride Bucket 202 is equal to 22
Local Cache Stride Bucket 203 is equal to 325
Local Cache Stride Bucket 204 is equal to 82
Local Cache Stride Bucket 205 is equal to 87
Local Cache Stride Bucket 206 is equal to 77
Local Cache Stride Bucket 207 is equal to 33
Local Cache Stride Bucket 208 is equal to 5
Local Cache Stride Bucket 209 is equal to 12
Local Cache Stride Bucket 210 is equal to 7
Local Cache Stride Bucket 211 is equal to 27
Local Cache Stride Bucket 212 is equal to 13
Local Cache Stride Bucket 213 is equal to 3
Local Cache Stride Bucket 214 is equal to 6
Local Cache Stride Bucket 215 is equal to 30
Local Cache Stride Bucket 216 is equal to 15
Local Cache Stride Bucket 217 is equal to 31
Local Cache Stride Bucket 218 is equal to 23
Local Cache Stride Bucket 219 is equal to 12
Local Cache Stride Bucket 220 is equal to 13
Local Cache Stride Bucket 221 is equal to 4
Local Cache Stride Bucket 222 is equal to 4
Local Cache Stride Bucket 223 is equal to 26
Local Cache Stride Bucket 224 is equal to 38
Local Cache Stride Bucket 225 is equal to 11
Local Cache Stride Bucket 226 is equal to 55
Local Cache Stride Bucket 227 is equal to 28
Local Cache Stride Bucket 228 is equal to 20
Local Cache Stride Bucket 229 is equal to 33
Local Cache Stride Bucket 230 is equal to 226
Local Cache Stride Bucket 231 is equal to 210
Local Cache Stride Bucket 232 is equal to 789
Local Cache Stride Bucket 233 is equal to 29
Local Cache Stride Bucket 234 is equal to 18
Local Cache Stride Bucket 235 is equal to 41
Local Cache Stride Bucket 236 is equal to 21
Local Cache Stride Bucket 237 is equal to 7
Local Cache Stride Bucket 238 is equal to 18
Local Cache Stride Bucket 239 is equal to 6
Local Cache Stride Bucket 240 is equal to 21
Local Cache Stride Bucket 241 is equal to 20
Local Cache Stride Bucket 242 is equal to 11
Local Cache Stride Bucket 243 is equal to 12
Local Cache Stride Bucket 244 is equal to 58
Local Cache Stride Bucket 245 is equal to 22
Local Cache Stride Bucket 246 is equal to 14
Local Cache Stride Bucket 247 is equal to 1
Local Cache Stride Bucket 248 is equal to 30
Local Cache Stride Bucket 249 is equal to 4
Local Cache Stride Bucket 250 is equal to 6
Local Cache Stride Bucket 251 is equal to 44
Local Cache Stride Bucket 252 is equal to 30
Local Cache Stride Bucket 253 is equal to 80
Local Cache Stride Bucket 254 is equal to 16
Local Cache Stride Bucket 255 is equal to 5
Local Cache Stride Bucket 256 is equal to 231186


Global LD ST Byte Stride Bucket -256 is equal to 9648995
Global LD ST Byte Stride Bucket -252 is equal to 13
Global LD ST Byte Stride Bucket -248 is equal to 13128
Global LD ST Byte Stride Bucket -244 is equal to 642
Global LD ST Byte Stride Bucket -240 is equal to 75
Global LD ST Byte Stride Bucket -234 is equal to 1
Global LD ST Byte Stride Bucket -232 is equal to 12
Global LD ST Byte Stride Bucket -228 is equal to 1639
Global LD ST Byte Stride Bucket -224 is equal to 124
Global LD ST Byte Stride Bucket -216 is equal to 80311
Global LD ST Byte Stride Bucket -213 is equal to 1
Global LD ST Byte Stride Bucket -212 is equal to 327
Global LD ST Byte Stride Bucket -208 is equal to 118
Global LD ST Byte Stride Bucket -204 is equal to 1
Global LD ST Byte Stride Bucket -200 is equal to 458
Global LD ST Byte Stride Bucket -196 is equal to 379
Global LD ST Byte Stride Bucket -194 is equal to 1
Global LD ST Byte Stride Bucket -192 is equal to 119
Global LD ST Byte Stride Bucket -190 is equal to 1
Global LD ST Byte Stride Bucket -188 is equal to 7012
Global LD ST Byte Stride Bucket -186 is equal to 6
Global LD ST Byte Stride Bucket -184 is equal to 5432
Global LD ST Byte Stride Bucket -182 is equal to 54
Global LD ST Byte Stride Bucket -181 is equal to 1
Global LD ST Byte Stride Bucket -180 is equal to 28
Global LD ST Byte Stride Bucket -178 is equal to 36
Global LD ST Byte Stride Bucket -176 is equal to 31655
Global LD ST Byte Stride Bucket -174 is equal to 25
Global LD ST Byte Stride Bucket -172 is equal to 20
Global LD ST Byte Stride Bucket -170 is equal to 11
Global LD ST Byte Stride Bucket -168 is equal to 3035
Global LD ST Byte Stride Bucket -166 is equal to 23
Global LD ST Byte Stride Bucket -164 is equal to 1351
Global LD ST Byte Stride Bucket -162 is equal to 66
Global LD ST Byte Stride Bucket -161 is equal to 1
Global LD ST Byte Stride Bucket -160 is equal to 9497
Global LD ST Byte Stride Bucket -158 is equal to 24
Global LD ST Byte Stride Bucket -156 is equal to 30
Global LD ST Byte Stride Bucket -154 is equal to 40
Global LD ST Byte Stride Bucket -152 is equal to 78
Global LD ST Byte Stride Bucket -150 is equal to 5
Global LD ST Byte Stride Bucket -149 is equal to 1
Global LD ST Byte Stride Bucket -148 is equal to 28
Global LD ST Byte Stride Bucket -146 is equal to 128
Global LD ST Byte Stride Bucket -144 is equal to 1419
Global LD ST Byte Stride Bucket -142 is equal to 70
Global LD ST Byte Stride Bucket -141 is equal to 11
Global LD ST Byte Stride Bucket -140 is equal to 196
Global LD ST Byte Stride Bucket -139 is equal to 144
Global LD ST Byte Stride Bucket -138 is equal to 15
Global LD ST Byte Stride Bucket -136 is equal to 73
Global LD ST Byte Stride Bucket -135 is equal to 1
Global LD ST Byte Stride Bucket -134 is equal to 698
Global LD ST Byte Stride Bucket -132 is equal to 137
Global LD ST Byte Stride Bucket -130 is equal to 48
Global LD ST Byte Stride Bucket -129 is equal to 1
Global LD ST Byte Stride Bucket -128 is equal to 531
Global LD ST Byte Stride Bucket -127 is equal to 2
Global LD ST Byte Stride Bucket -126 is equal to 106
Global LD ST Byte Stride Bucket -124 is equal to 1062
Global LD ST Byte Stride Bucket -122 is equal to 76
Global LD ST Byte Stride Bucket -120 is equal to 8700
Global LD ST Byte Stride Bucket -119 is equal to 1
Global LD ST Byte Stride Bucket -118 is equal to 30
Global LD ST Byte Stride Bucket -116 is equal to 4338
Global LD ST Byte Stride Bucket -114 is equal to 38
Global LD ST Byte Stride Bucket -112 is equal to 7480
Global LD ST Byte Stride Bucket -110 is equal to 35
Global LD ST Byte Stride Bucket -108 is equal to 3707
Global LD ST Byte Stride Bucket -106 is equal to 75
Global LD ST Byte Stride Bucket -104 is equal to 4437
Global LD ST Byte Stride Bucket -102 is equal to 102
Global LD ST Byte Stride Bucket -100 is equal to 3147
Global LD ST Byte Stride Bucket -98 is equal to 78
Global LD ST Byte Stride Bucket -97 is equal to 1
Global LD ST Byte Stride Bucket -96 is equal to 120068
Global LD ST Byte Stride Bucket -95 is equal to 1
Global LD ST Byte Stride Bucket -94 is equal to 668
Global LD ST Byte Stride Bucket -93 is equal to 10
Global LD ST Byte Stride Bucket -92 is equal to 6919
Global LD ST Byte Stride Bucket -91 is equal to 1
Global LD ST Byte Stride Bucket -90 is equal to 1190
Global LD ST Byte Stride Bucket -88 is equal to 79653
Global LD ST Byte Stride Bucket -86 is equal to 1840
Global LD ST Byte Stride Bucket -84 is equal to 6087
Global LD ST Byte Stride Bucket -82 is equal to 149
Global LD ST Byte Stride Bucket -80 is equal to 58100
Global LD ST Byte Stride Bucket -78 is equal to 1836
Global LD ST Byte Stride Bucket -77 is equal to 1
Global LD ST Byte Stride Bucket -76 is equal to 1906
Global LD ST Byte Stride Bucket -74 is equal to 81
Global LD ST Byte Stride Bucket -72 is equal to 4832
Global LD ST Byte Stride Bucket -70 is equal to 848
Global LD ST Byte Stride Bucket -68 is equal to 6585
Global LD ST Byte Stride Bucket -66 is equal to 311
Global LD ST Byte Stride Bucket -65 is equal to 1
Global LD ST Byte Stride Bucket -64 is equal to 9955
Global LD ST Byte Stride Bucket -63 is equal to 1
Global LD ST Byte Stride Bucket -62 is equal to 2901
Global LD ST Byte Stride Bucket -60 is equal to 44461
Global LD ST Byte Stride Bucket -59 is equal to 1
Global LD ST Byte Stride Bucket -58 is equal to 351
Global LD ST Byte Stride Bucket -56 is equal to 167297
Global LD ST Byte Stride Bucket -54 is equal to 62
Global LD ST Byte Stride Bucket -52 is equal to 122865
Global LD ST Byte Stride Bucket -50 is equal to 2260
Global LD ST Byte Stride Bucket -49 is equal to 1
Global LD ST Byte Stride Bucket -48 is equal to 85627
Global LD ST Byte Stride Bucket -47 is equal to 29
Global LD ST Byte Stride Bucket -46 is equal to 1283
Global LD ST Byte Stride Bucket -44 is equal to 8312
Global LD ST Byte Stride Bucket -43 is equal to 1
Global LD ST Byte Stride Bucket -42 is equal to 2314
Global LD ST Byte Stride Bucket -40 is equal to 67284
Global LD ST Byte Stride Bucket -39 is equal to 2
Global LD ST Byte Stride Bucket -38 is equal to 675
Global LD ST Byte Stride Bucket -36 is equal to 84186
Global LD ST Byte Stride Bucket -34 is equal to 568
Global LD ST Byte Stride Bucket -33 is equal to 1
Global LD ST Byte Stride Bucket -32 is equal to 101393
Global LD ST Byte Stride Bucket -30 is equal to 97
Global LD ST Byte Stride Bucket -28 is equal to 21170
Global LD ST Byte Stride Bucket -26 is equal to 380
Global LD ST Byte Stride Bucket -24 is equal to 211794
Global LD ST Byte Stride Bucket -23 is equal to 29
Global LD ST Byte Stride Bucket -22 is equal to 19882
Global LD ST Byte Stride Bucket -20 is equal to 143019
Global LD ST Byte Stride Bucket -18 is equal to 1736
Global LD ST Byte Stride Bucket -16 is equal to 209327
Global LD ST Byte Stride Bucket -14 is equal to 2286
Global LD ST Byte Stride Bucket -13 is equal to 18
Global LD ST Byte Stride Bucket -12 is equal to 310386
Global LD ST Byte Stride Bucket -10 is equal to 125
Global LD ST Byte Stride Bucket -9 is equal to 119
Global LD ST Byte Stride Bucket -8 is equal to 2618515
Global LD ST Byte Stride Bucket -6 is equal to 833
Global LD ST Byte Stride Bucket -5 is equal to 2
Global LD ST Byte Stride Bucket -4 is equal to 987954
Global LD ST Byte Stride Bucket -2 is equal to 16039
Global LD ST Byte Stride Bucket -1 is equal to 44
Global LD ST Byte Stride Bucket 0 is equal to 2747865
Global LD ST Byte Stride Bucket 1 is equal to 194
Global LD ST Byte Stride Bucket 2 is equal to 16929
Global LD ST Byte Stride Bucket 4 is equal to 1205187
Global LD ST Byte Stride Bucket 6 is equal to 843
Global LD ST Byte Stride Bucket 7 is equal to 36
Global LD ST Byte Stride Bucket 8 is equal to 2997333
Global LD ST Byte Stride Bucket 9 is equal to 848
Global LD ST Byte Stride Bucket 10 is equal to 444
Global LD ST Byte Stride Bucket 12 is equal to 112854
Global LD ST Byte Stride Bucket 14 is equal to 1968
Global LD ST Byte Stride Bucket 15 is equal to 29
Global LD ST Byte Stride Bucket 16 is equal to 349875
Global LD ST Byte Stride Bucket 18 is equal to 1780
Global LD ST Byte Stride Bucket 20 is equal to 126726
Global LD ST Byte Stride Bucket 22 is equal to 22537
Global LD ST Byte Stride Bucket 24 is equal to 225197
Global LD ST Byte Stride Bucket 25 is equal to 36
Global LD ST Byte Stride Bucket 26 is equal to 783
Global LD ST Byte Stride Bucket 27 is equal to 58
Global LD ST Byte Stride Bucket 28 is equal to 17288
Global LD ST Byte Stride Bucket 29 is equal to 13
Global LD ST Byte Stride Bucket 30 is equal to 977
Global LD ST Byte Stride Bucket 32 is equal to 114458
Global LD ST Byte Stride Bucket 33 is equal to 29
Global LD ST Byte Stride Bucket 34 is equal to 87
Global LD ST Byte Stride Bucket 36 is equal to 242792
Global LD ST Byte Stride Bucket 37 is equal to 1
Global LD ST Byte Stride Bucket 38 is equal to 1089
Global LD ST Byte Stride Bucket 40 is equal to 75506
Global LD ST Byte Stride Bucket 42 is equal to 741
Global LD ST Byte Stride Bucket 44 is equal to 124501
Global LD ST Byte Stride Bucket 45 is equal to 1
Global LD ST Byte Stride Bucket 46 is equal to 1551
Global LD ST Byte Stride Bucket 47 is equal to 1
Global LD ST Byte Stride Bucket 48 is equal to 106863
Global LD ST Byte Stride Bucket 50 is equal to 1096
Global LD ST Byte Stride Bucket 51 is equal to 145
Global LD ST Byte Stride Bucket 52 is equal to 130834
Global LD ST Byte Stride Bucket 53 is equal to 144
Global LD ST Byte Stride Bucket 54 is equal to 69
Global LD ST Byte Stride Bucket 56 is equal to 36349
Global LD ST Byte Stride Bucket 57 is equal to 112
Global LD ST Byte Stride Bucket 58 is equal to 51
Global LD ST Byte Stride Bucket 60 is equal to 7710
Global LD ST Byte Stride Bucket 62 is equal to 1199
Global LD ST Byte Stride Bucket 64 is equal to 12580
Global LD ST Byte Stride Bucket 65 is equal to 1
Global LD ST Byte Stride Bucket 66 is equal to 154
Global LD ST Byte Stride Bucket 68 is equal to 72
Global LD ST Byte Stride Bucket 70 is equal to 157
Global LD ST Byte Stride Bucket 71 is equal to 1
Global LD ST Byte Stride Bucket 72 is equal to 1767
Global LD ST Byte Stride Bucket 74 is equal to 94
Global LD ST Byte Stride Bucket 76 is equal to 59
Global LD ST Byte Stride Bucket 78 is equal to 666
Global LD ST Byte Stride Bucket 79 is equal to 1
Global LD ST Byte Stride Bucket 80 is equal to 483
Global LD ST Byte Stride Bucket 82 is equal to 32
Global LD ST Byte Stride Bucket 84 is equal to 119021
Global LD ST Byte Stride Bucket 86 is equal to 265
Global LD ST Byte Stride Bucket 87 is equal to 1
Global LD ST Byte Stride Bucket 88 is equal to 75762
Global LD ST Byte Stride Bucket 90 is equal to 305
Global LD ST Byte Stride Bucket 92 is equal to 358
Global LD ST Byte Stride Bucket 94 is equal to 978
Global LD ST Byte Stride Bucket 95 is equal to 1
Global LD ST Byte Stride Bucket 96 is equal to 1242
Global LD ST Byte Stride Bucket 98 is equal to 74
Global LD ST Byte Stride Bucket 99 is equal to 4
Global LD ST Byte Stride Bucket 100 is equal to 79
Global LD ST Byte Stride Bucket 101 is equal to 5
Global LD ST Byte Stride Bucket 102 is equal to 882
Global LD ST Byte Stride Bucket 104 is equal to 1393
Global LD ST Byte Stride Bucket 106 is equal to 25
Global LD ST Byte Stride Bucket 107 is equal to 145
Global LD ST Byte Stride Bucket 108 is equal to 44
Global LD ST Byte Stride Bucket 109 is equal to 3
Global LD ST Byte Stride Bucket 110 is equal to 107
Global LD ST Byte Stride Bucket 112 is equal to 1543
Global LD ST Byte Stride Bucket 113 is equal to 1
Global LD ST Byte Stride Bucket 114 is equal to 23
Global LD ST Byte Stride Bucket 116 is equal to 214
Global LD ST Byte Stride Bucket 118 is equal to 33
Global LD ST Byte Stride Bucket 119 is equal to 1
Global LD ST Byte Stride Bucket 120 is equal to 1703
Global LD ST Byte Stride Bucket 122 is equal to 57
Global LD ST Byte Stride Bucket 124 is equal to 55
Global LD ST Byte Stride Bucket 125 is equal to 1
Global LD ST Byte Stride Bucket 126 is equal to 170
Global LD ST Byte Stride Bucket 128 is equal to 830
Global LD ST Byte Stride Bucket 130 is equal to 154
Global LD ST Byte Stride Bucket 131 is equal to 9
Global LD ST Byte Stride Bucket 132 is equal to 37
Global LD ST Byte Stride Bucket 134 is equal to 11
Global LD ST Byte Stride Bucket 136 is equal to 2195
Global LD ST Byte Stride Bucket 137 is equal to 1
Global LD ST Byte Stride Bucket 138 is equal to 11
Global LD ST Byte Stride Bucket 140 is equal to 44
Global LD ST Byte Stride Bucket 142 is equal to 44
Global LD ST Byte Stride Bucket 143 is equal to 1
Global LD ST Byte Stride Bucket 144 is equal to 131
Global LD ST Byte Stride Bucket 146 is equal to 14
Global LD ST Byte Stride Bucket 147 is equal to 8
Global LD ST Byte Stride Bucket 148 is equal to 12
Global LD ST Byte Stride Bucket 150 is equal to 14
Global LD ST Byte Stride Bucket 152 is equal to 339
Global LD ST Byte Stride Bucket 154 is equal to 47
Global LD ST Byte Stride Bucket 156 is equal to 1521
Global LD ST Byte Stride Bucket 157 is equal to 6
Global LD ST Byte Stride Bucket 158 is equal to 48
Global LD ST Byte Stride Bucket 160 is equal to 7127
Global LD ST Byte Stride Bucket 162 is equal to 48
Global LD ST Byte Stride Bucket 164 is equal to 62
Global LD ST Byte Stride Bucket 166 is equal to 28
Global LD ST Byte Stride Bucket 168 is equal to 826
Global LD ST Byte Stride Bucket 170 is equal to 28
Global LD ST Byte Stride Bucket 172 is equal to 188
Global LD ST Byte Stride Bucket 174 is equal to 60
Global LD ST Byte Stride Bucket 176 is equal to 13260
Global LD ST Byte Stride Bucket 178 is equal to 45
Global LD ST Byte Stride Bucket 180 is equal to 14
Global LD ST Byte Stride Bucket 182 is equal to 19
Global LD ST Byte Stride Bucket 184 is equal to 25399
Global LD ST Byte Stride Bucket 186 is equal to 10
Global LD ST Byte Stride Bucket 188 is equal to 7
Global LD ST Byte Stride Bucket 190 is equal to 5
Global LD ST Byte Stride Bucket 192 is equal to 39
Global LD ST Byte Stride Bucket 196 is equal to 2
Global LD ST Byte Stride Bucket 200 is equal to 7938
Global LD ST Byte Stride Bucket 208 is equal to 545
Global LD ST Byte Stride Bucket 212 is equal to 64
Global LD ST Byte Stride Bucket 216 is equal to 170
Global LD ST Byte Stride Bucket 220 is equal to 847
Global LD ST Byte Stride Bucket 224 is equal to 86071
Global LD ST Byte Stride Bucket 228 is equal to 81
Global LD ST Byte Stride Bucket 232 is equal to 115
Global LD ST Byte Stride Bucket 236 is equal to 1
Global LD ST Byte Stride Bucket 240 is equal to 31
Global LD ST Byte Stride Bucket 244 is equal to 85
Global LD ST Byte Stride Bucket 248 is equal to 6640
Global LD ST Byte Stride Bucket 256 is equal to 10582737

Global LD ST Cache Stride Bucket -256 is equal to 2392215
Global LD ST Cache Stride Bucket -255 is equal to 5
Global LD ST Cache Stride Bucket -254 is equal to 12
Global LD ST Cache Stride Bucket -253 is equal to 73
Global LD ST Cache Stride Bucket -252 is equal to 88
Global LD ST Cache Stride Bucket -251 is equal to 292
Global LD ST Cache Stride Bucket -250 is equal to 7
Global LD ST Cache Stride Bucket -249 is equal to 1
Global LD ST Cache Stride Bucket -248 is equal to 15
Global LD ST Cache Stride Bucket -247 is equal to 51
Global LD ST Cache Stride Bucket -246 is equal to 8
Global LD ST Cache Stride Bucket -245 is equal to 12
Global LD ST Cache Stride Bucket -244 is equal to 45
Global LD ST Cache Stride Bucket -243 is equal to 2
Global LD ST Cache Stride Bucket -242 is equal to 33
Global LD ST Cache Stride Bucket -241 is equal to 3
Global LD ST Cache Stride Bucket -240 is equal to 9
Global LD ST Cache Stride Bucket -239 is equal to 27
Global LD ST Cache Stride Bucket -238 is equal to 23
Global LD ST Cache Stride Bucket -237 is equal to 3
Global LD ST Cache Stride Bucket -236 is equal to 56
Global LD ST Cache Stride Bucket -235 is equal to 35
Global LD ST Cache Stride Bucket -234 is equal to 89
Global LD ST Cache Stride Bucket -233 is equal to 24
Global LD ST Cache Stride Bucket -232 is equal to 9
Global LD ST Cache Stride Bucket -231 is equal to 4
Global LD ST Cache Stride Bucket -230 is equal to 2
Global LD ST Cache Stride Bucket -229 is equal to 12
Global LD ST Cache Stride Bucket -228 is equal to 6
Global LD ST Cache Stride Bucket -227 is equal to 9
Global LD ST Cache Stride Bucket -226 is equal to 52
Global LD ST Cache Stride Bucket -225 is equal to 99
Global LD ST Cache Stride Bucket -224 is equal to 32
Global LD ST Cache Stride Bucket -223 is equal to 66
Global LD ST Cache Stride Bucket -222 is equal to 4
Global LD ST Cache Stride Bucket -221 is equal to 9
Global LD ST Cache Stride Bucket -220 is equal to 14
Global LD ST Cache Stride Bucket -219 is equal to 3
Global LD ST Cache Stride Bucket -218 is equal to 4
Global LD ST Cache Stride Bucket -217 is equal to 53
Global LD ST Cache Stride Bucket -216 is equal to 57
Global LD ST Cache Stride Bucket -215 is equal to 22
Global LD ST Cache Stride Bucket -214 is equal to 11
Global LD ST Cache Stride Bucket -213 is equal to 5
Global LD ST Cache Stride Bucket -212 is equal to 21
Global LD ST Cache Stride Bucket -211 is equal to 17
Global LD ST Cache Stride Bucket -210 is equal to 9
Global LD ST Cache Stride Bucket -209 is equal to 18
Global LD ST Cache Stride Bucket -208 is equal to 8
Global LD ST Cache Stride Bucket -207 is equal to 81
Global LD ST Cache Stride Bucket -206 is equal to 38
Global LD ST Cache Stride Bucket -205 is equal to 155
Global LD ST Cache Stride Bucket -204 is equal to 7
Global LD ST Cache Stride Bucket -203 is equal to 15
Global LD ST Cache Stride Bucket -202 is equal to 1
Global LD ST Cache Stride Bucket -201 is equal to 12
Global LD ST Cache Stride Bucket -200 is equal to 63
Global LD ST Cache Stride Bucket -199 is equal to 34
Global LD ST Cache Stride Bucket -198 is equal to 56
Global LD ST Cache Stride Bucket -197 is equal to 165
Global LD ST Cache Stride Bucket -196 is equal to 41
Global LD ST Cache Stride Bucket -195 is equal to 6
Global LD ST Cache Stride Bucket -194 is equal to 3
Global LD ST Cache Stride Bucket -193 is equal to 38
Global LD ST Cache Stride Bucket -192 is equal to 3
Global LD ST Cache Stride Bucket -191 is equal to 5
Global LD ST Cache Stride Bucket -190 is equal to 6
Global LD ST Cache Stride Bucket -189 is equal to 3
Global LD ST Cache Stride Bucket -188 is equal to 1
Global LD ST Cache Stride Bucket -187 is equal to 152
Global LD ST Cache Stride Bucket -186 is equal to 122
Global LD ST Cache Stride Bucket -185 is equal to 6
Global LD ST Cache Stride Bucket -184 is equal to 24
Global LD ST Cache Stride Bucket -183 is equal to 2
Global LD ST Cache Stride Bucket -182 is equal to 3
Global LD ST Cache Stride Bucket -181 is equal to 25
Global LD ST Cache Stride Bucket -180 is equal to 47
Global LD ST Cache Stride Bucket -179 is equal to 20
Global LD ST Cache Stride Bucket -178 is equal to 521
Global LD ST Cache Stride Bucket -177 is equal to 6480
Global LD ST Cache Stride Bucket -176 is equal to 5028
Global LD ST Cache Stride Bucket -175 is equal to 6043
Global LD ST Cache Stride Bucket -174 is equal to 17465
Global LD ST Cache Stride Bucket -173 is equal to 34290
Global LD ST Cache Stride Bucket -172 is equal to 31674
Global LD ST Cache Stride Bucket -171 is equal to 27013
Global LD ST Cache Stride Bucket -170 is equal to 115764
Global LD ST Cache Stride Bucket -169 is equal to 75593
Global LD ST Cache Stride Bucket -168 is equal to 53075
Global LD ST Cache Stride Bucket -167 is equal to 57243
Global LD ST Cache Stride Bucket -166 is equal to 131462
Global LD ST Cache Stride Bucket -165 is equal to 103590
Global LD ST Cache Stride Bucket -164 is equal to 66991
Global LD ST Cache Stride Bucket -163 is equal to 118955
Global LD ST Cache Stride Bucket -162 is equal to 64523
Global LD ST Cache Stride Bucket -161 is equal to 35711
Global LD ST Cache Stride Bucket -160 is equal to 21266
Global LD ST Cache Stride Bucket -159 is equal to 56728
Global LD ST Cache Stride Bucket -158 is equal to 37565
Global LD ST Cache Stride Bucket -157 is equal to 23894
Global LD ST Cache Stride Bucket -156 is equal to 47321
Global LD ST Cache Stride Bucket -155 is equal to 26731
Global LD ST Cache Stride Bucket -154 is equal to 15100
Global LD ST Cache Stride Bucket -153 is equal to 5522
Global LD ST Cache Stride Bucket -152 is equal to 13641
Global LD ST Cache Stride Bucket -151 is equal to 7218
Global LD ST Cache Stride Bucket -150 is equal to 5693
Global LD ST Cache Stride Bucket -149 is equal to 8049
Global LD ST Cache Stride Bucket -148 is equal to 6386
Global LD ST Cache Stride Bucket -147 is equal to 5115
Global LD ST Cache Stride Bucket -146 is equal to 3271
Global LD ST Cache Stride Bucket -145 is equal to 6532
Global LD ST Cache Stride Bucket -144 is equal to 12233
Global LD ST Cache Stride Bucket -143 is equal to 9346
Global LD ST Cache Stride Bucket -142 is equal to 10942
Global LD ST Cache Stride Bucket -141 is equal to 7017
Global LD ST Cache Stride Bucket -140 is equal to 25191
Global LD ST Cache Stride Bucket -139 is equal to 8817
Global LD ST Cache Stride Bucket -138 is equal to 12428
Global LD ST Cache Stride Bucket -137 is equal to 18572
Global LD ST Cache Stride Bucket -136 is equal to 21052
Global LD ST Cache Stride Bucket -135 is equal to 12142
Global LD ST Cache Stride Bucket -134 is equal to 9632
Global LD ST Cache Stride Bucket -133 is equal to 27138
Global LD ST Cache Stride Bucket -132 is equal to 16380
Global LD ST Cache Stride Bucket -131 is equal to 20244
Global LD ST Cache Stride Bucket -130 is equal to 28408
Global LD ST Cache Stride Bucket -129 is equal to 33322
Global LD ST Cache Stride Bucket -128 is equal to 34189
Global LD ST Cache Stride Bucket -127 is equal to 23749
Global LD ST Cache Stride Bucket -126 is equal to 36134
Global LD ST Cache Stride Bucket -125 is equal to 48004
Global LD ST Cache Stride Bucket -124 is equal to 43418
Global LD ST Cache Stride Bucket -123 is equal to 38309
Global LD ST Cache Stride Bucket -122 is equal to 25903
Global LD ST Cache Stride Bucket -121 is equal to 27854
Global LD ST Cache Stride Bucket -120 is equal to 29756
Global LD ST Cache Stride Bucket -119 is equal to 21872
Global LD ST Cache Stride Bucket -118 is equal to 22729
Global LD ST Cache Stride Bucket -117 is equal to 23536
Global LD ST Cache Stride Bucket -116 is equal to 39547
Global LD ST Cache Stride Bucket -115 is equal to 31724
Global LD ST Cache Stride Bucket -114 is equal to 39972
Global LD ST Cache Stride Bucket -113 is equal to 48862
Global LD ST Cache Stride Bucket -112 is equal to 36474
Global LD ST Cache Stride Bucket -111 is equal to 38807
Global LD ST Cache Stride Bucket -110 is equal to 13136
Global LD ST Cache Stride Bucket -109 is equal to 22083
Global LD ST Cache Stride Bucket -108 is equal to 18554
Global LD ST Cache Stride Bucket -107 is equal to 23804
Global LD ST Cache Stride Bucket -106 is equal to 18433
Global LD ST Cache Stride Bucket -105 is equal to 13880
Global LD ST Cache Stride Bucket -104 is equal to 16223
Global LD ST Cache Stride Bucket -103 is equal to 7935
Global LD ST Cache Stride Bucket -102 is equal to 18041
Global LD ST Cache Stride Bucket -101 is equal to 9829
Global LD ST Cache Stride Bucket -100 is equal to 101813
Global LD ST Cache Stride Bucket -99 is equal to 12088
Global LD ST Cache Stride Bucket -98 is equal to 92818
Global LD ST Cache Stride Bucket -97 is equal to 63470
Global LD ST Cache Stride Bucket -96 is equal to 200867
Global LD ST Cache Stride Bucket -95 is equal to 250759
Global LD ST Cache Stride Bucket -94 is equal to 161635
Global LD ST Cache Stride Bucket -93 is equal to 174403
Global LD ST Cache Stride Bucket -92 is equal to 211836
Global LD ST Cache Stride Bucket -91 is equal to 230471
Global LD ST Cache Stride Bucket -90 is equal to 165322
Global LD ST Cache Stride Bucket -89 is equal to 19395
Global LD ST Cache Stride Bucket -88 is equal to 3146
Global LD ST Cache Stride Bucket -87 is equal to 1291
Global LD ST Cache Stride Bucket -86 is equal to 1544
Global LD ST Cache Stride Bucket -85 is equal to 4217
Global LD ST Cache Stride Bucket -84 is equal to 4504
Global LD ST Cache Stride Bucket -83 is equal to 11764
Global LD ST Cache Stride Bucket -82 is equal to 10918
Global LD ST Cache Stride Bucket -81 is equal to 11132
Global LD ST Cache Stride Bucket -80 is equal to 13896
Global LD ST Cache Stride Bucket -79 is equal to 22419
Global LD ST Cache Stride Bucket -78 is equal to 29979
Global LD ST Cache Stride Bucket -77 is equal to 32389
Global LD ST Cache Stride Bucket -76 is equal to 35304
Global LD ST Cache Stride Bucket -75 is equal to 45080
Global LD ST Cache Stride Bucket -74 is equal to 76800
Global LD ST Cache Stride Bucket -73 is equal to 57713
Global LD ST Cache Stride Bucket -72 is equal to 50027
Global LD ST Cache Stride Bucket -71 is equal to 98153
Global LD ST Cache Stride Bucket -70 is equal to 70519
Global LD ST Cache Stride Bucket -69 is equal to 50759
Global LD ST Cache Stride Bucket -68 is equal to 44281
Global LD ST Cache Stride Bucket -67 is equal to 119068
Global LD ST Cache Stride Bucket -66 is equal to 50209
Global LD ST Cache Stride Bucket -65 is equal to 40771
Global LD ST Cache Stride Bucket -64 is equal to 61419
Global LD ST Cache Stride Bucket -63 is equal to 32604
Global LD ST Cache Stride Bucket -62 is equal to 24342
Global LD ST Cache Stride Bucket -61 is equal to 20654
Global LD ST Cache Stride Bucket -60 is equal to 40983
Global LD ST Cache Stride Bucket -59 is equal to 17893
Global LD ST Cache Stride Bucket -58 is equal to 12563
Global LD ST Cache Stride Bucket -57 is equal to 23052
Global LD ST Cache Stride Bucket -56 is equal to 40450
Global LD ST Cache Stride Bucket -55 is equal to 96813
Global LD ST Cache Stride Bucket -54 is equal to 76211
Global LD ST Cache Stride Bucket -53 is equal to 68324
Global LD ST Cache Stride Bucket -52 is equal to 37012
Global LD ST Cache Stride Bucket -51 is equal to 10041
Global LD ST Cache Stride Bucket -50 is equal to 3374
Global LD ST Cache Stride Bucket -49 is equal to 2016
Global LD ST Cache Stride Bucket -48 is equal to 2155
Global LD ST Cache Stride Bucket -47 is equal to 1680
Global LD ST Cache Stride Bucket -46 is equal to 693
Global LD ST Cache Stride Bucket -45 is equal to 1318
Global LD ST Cache Stride Bucket -44 is equal to 3323
Global LD ST Cache Stride Bucket -43 is equal to 4536
Global LD ST Cache Stride Bucket -42 is equal to 104361
Global LD ST Cache Stride Bucket -41 is equal to 161005
Global LD ST Cache Stride Bucket -40 is equal to 28614
Global LD ST Cache Stride Bucket -39 is equal to 41985
Global LD ST Cache Stride Bucket -38 is equal to 26407
Global LD ST Cache Stride Bucket -37 is equal to 4259
Global LD ST Cache Stride Bucket -36 is equal to 15
Global LD ST Cache Stride Bucket -35 is equal to 859
Global LD ST Cache Stride Bucket -34 is equal to 892
Global LD ST Cache Stride Bucket -33 is equal to 68
Global LD ST Cache Stride Bucket -32 is equal to 6602
Global LD ST Cache Stride Bucket -31 is equal to 3316
Global LD ST Cache Stride Bucket -30 is equal to 9454
Global LD ST Cache Stride Bucket -29 is equal to 6490
Global LD ST Cache Stride Bucket -28 is equal to 198569
Global LD ST Cache Stride Bucket -27 is equal to 82419
Global LD ST Cache Stride Bucket -26 is equal to 45330
Global LD ST Cache Stride Bucket -25 is equal to 67829
Global LD ST Cache Stride Bucket -24 is equal to 10551
Global LD ST Cache Stride Bucket -23 is equal to 148
Global LD ST Cache Stride Bucket -22 is equal to 152
Global LD ST Cache Stride Bucket -21 is equal to 202
Global LD ST Cache Stride Bucket -20 is equal to 159
Global LD ST Cache Stride Bucket -19 is equal to 22289
Global LD ST Cache Stride Bucket -18 is equal to 7933
Global LD ST Cache Stride Bucket -17 is equal to 10308
Global LD ST Cache Stride Bucket -16 is equal to 10415
Global LD ST Cache Stride Bucket -15 is equal to 41311
Global LD ST Cache Stride Bucket -14 is equal to 310878
Global LD ST Cache Stride Bucket -13 is equal to 246244
Global LD ST Cache Stride Bucket -12 is equal to 88682
Global LD ST Cache Stride Bucket -11 is equal to 66538
Global LD ST Cache Stride Bucket -10 is equal to 23686
Global LD ST Cache Stride Bucket -9 is equal to 4396
Global LD ST Cache Stride Bucket -8 is equal to 9127
Global LD ST Cache Stride Bucket -7 is equal to 24129
Global LD ST Cache Stride Bucket -6 is equal to 71744
Global LD ST Cache Stride Bucket -5 is equal to 75844
Global LD ST Cache Stride Bucket -4 is equal to 46474
Global LD ST Cache Stride Bucket -3 is equal to 103912
Global LD ST Cache Stride Bucket -2 is equal to 127685
Global LD ST Cache Stride Bucket -1 is equal to 1409292
Global LD ST Cache Stride Bucket 0 is equal to 11552160
Global LD ST Cache Stride Bucket 1 is equal to 1320266
Global LD ST Cache Stride Bucket 2 is equal to 79363
Global LD ST Cache Stride Bucket 3 is equal to 88309
Global LD ST Cache Stride Bucket 4 is equal to 69452
Global LD ST Cache Stride Bucket 5 is equal to 55164
Global LD ST Cache Stride Bucket 6 is equal to 66633
Global LD ST Cache Stride Bucket 7 is equal to 23884
Global LD ST Cache Stride Bucket 8 is equal to 2140
Global LD ST Cache Stride Bucket 9 is equal to 4303
Global LD ST Cache Stride Bucket 10 is equal to 45683
Global LD ST Cache Stride Bucket 11 is equal to 54592
Global LD ST Cache Stride Bucket 12 is equal to 61828
Global LD ST Cache Stride Bucket 13 is equal to 518520
Global LD ST Cache Stride Bucket 14 is equal to 637952
Global LD ST Cache Stride Bucket 15 is equal to 40716
Global LD ST Cache Stride Bucket 16 is equal to 19233
Global LD ST Cache Stride Bucket 17 is equal to 16718
Global LD ST Cache Stride Bucket 18 is equal to 23719
Global LD ST Cache Stride Bucket 19 is equal to 15689
Global LD ST Cache Stride Bucket 20 is equal to 55
Global LD ST Cache Stride Bucket 21 is equal to 184
Global LD ST Cache Stride Bucket 22 is equal to 948
Global LD ST Cache Stride Bucket 23 is equal to 824
Global LD ST Cache Stride Bucket 24 is equal to 58346
Global LD ST Cache Stride Bucket 25 is equal to 107611
Global LD ST Cache Stride Bucket 26 is equal to 93221
Global LD ST Cache Stride Bucket 27 is equal to 151926
Global LD ST Cache Stride Bucket 28 is equal to 155820
Global LD ST Cache Stride Bucket 29 is equal to 10520
Global LD ST Cache Stride Bucket 30 is equal to 7633
Global LD ST Cache Stride Bucket 31 is equal to 3669
Global LD ST Cache Stride Bucket 32 is equal to 776
Global LD ST Cache Stride Bucket 33 is equal to 11586
Global LD ST Cache Stride Bucket 34 is equal to 7740
Global LD ST Cache Stride Bucket 35 is equal to 2491
Global LD ST Cache Stride Bucket 36 is equal to 735
Global LD ST Cache Stride Bucket 37 is equal to 39549
Global LD ST Cache Stride Bucket 38 is equal to 170320
Global LD ST Cache Stride Bucket 39 is equal to 198068
Global LD ST Cache Stride Bucket 40 is equal to 258407
Global LD ST Cache Stride Bucket 41 is equal to 237666
Global LD ST Cache Stride Bucket 42 is equal to 36953
Global LD ST Cache Stride Bucket 43 is equal to 5999
Global LD ST Cache Stride Bucket 44 is equal to 24889
Global LD ST Cache Stride Bucket 45 is equal to 7119
Global LD ST Cache Stride Bucket 46 is equal to 2645
Global LD ST Cache Stride Bucket 47 is equal to 12297
Global LD ST Cache Stride Bucket 48 is equal to 3524
Global LD ST Cache Stride Bucket 49 is equal to 4628
Global LD ST Cache Stride Bucket 50 is equal to 3648
Global LD ST Cache Stride Bucket 51 is equal to 13790
Global LD ST Cache Stride Bucket 52 is equal to 31248
Global LD ST Cache Stride Bucket 53 is equal to 40253
Global LD ST Cache Stride Bucket 54 is equal to 50334
Global LD ST Cache Stride Bucket 55 is equal to 84757
Global LD ST Cache Stride Bucket 56 is equal to 42158
Global LD ST Cache Stride Bucket 57 is equal to 19567
Global LD ST Cache Stride Bucket 58 is equal to 42819
Global LD ST Cache Stride Bucket 59 is equal to 22822
Global LD ST Cache Stride Bucket 60 is equal to 21792
Global LD ST Cache Stride Bucket 61 is equal to 52899
Global LD ST Cache Stride Bucket 62 is equal to 25080
Global LD ST Cache Stride Bucket 63 is equal to 25217
Global LD ST Cache Stride Bucket 64 is equal to 32402
Global LD ST Cache Stride Bucket 65 is equal to 88295
Global LD ST Cache Stride Bucket 66 is equal to 54772
Global LD ST Cache Stride Bucket 67 is equal to 62629
Global LD ST Cache Stride Bucket 68 is equal to 146628
Global LD ST Cache Stride Bucket 69 is equal to 43377
Global LD ST Cache Stride Bucket 70 is equal to 47778
Global LD ST Cache Stride Bucket 71 is equal to 52138
Global LD ST Cache Stride Bucket 72 is equal to 112689
Global LD ST Cache Stride Bucket 73 is equal to 34498
Global LD ST Cache Stride Bucket 74 is equal to 35879
Global LD ST Cache Stride Bucket 75 is equal to 53007
Global LD ST Cache Stride Bucket 76 is equal to 18346
Global LD ST Cache Stride Bucket 77 is equal to 13660
Global LD ST Cache Stride Bucket 78 is equal to 13160
Global LD ST Cache Stride Bucket 79 is equal to 13516
Global LD ST Cache Stride Bucket 80 is equal to 23201
Global LD ST Cache Stride Bucket 81 is equal to 21000
Global LD ST Cache Stride Bucket 82 is equal to 21465
Global LD ST Cache Stride Bucket 83 is equal to 67223
Global LD ST Cache Stride Bucket 84 is equal to 47974
Global LD ST Cache Stride Bucket 85 is equal to 65513
Global LD ST Cache Stride Bucket 86 is equal to 47294
Global LD ST Cache Stride Bucket 87 is equal to 1372
Global LD ST Cache Stride Bucket 88 is equal to 1353
Global LD ST Cache Stride Bucket 89 is equal to 2767
Global LD ST Cache Stride Bucket 90 is equal to 52032
Global LD ST Cache Stride Bucket 91 is equal to 65124
Global LD ST Cache Stride Bucket 92 is equal to 56411
Global LD ST Cache Stride Bucket 93 is equal to 48946
Global LD ST Cache Stride Bucket 94 is equal to 52523
Global LD ST Cache Stride Bucket 95 is equal to 56076
Global LD ST Cache Stride Bucket 96 is equal to 75183
Global LD ST Cache Stride Bucket 97 is equal to 23059
Global LD ST Cache Stride Bucket 98 is equal to 22518
Global LD ST Cache Stride Bucket 99 is equal to 33129
Global LD ST Cache Stride Bucket 100 is equal to 6132
Global LD ST Cache Stride Bucket 101 is equal to 8653
Global LD ST Cache Stride Bucket 102 is equal to 7402
Global LD ST Cache Stride Bucket 103 is equal to 8029
Global LD ST Cache Stride Bucket 104 is equal to 4962
Global LD ST Cache Stride Bucket 105 is equal to 5610
Global LD ST Cache Stride Bucket 106 is equal to 6970
Global LD ST Cache Stride Bucket 107 is equal to 5893
Global LD ST Cache Stride Bucket 108 is equal to 8149
Global LD ST Cache Stride Bucket 109 is equal to 17661
Global LD ST Cache Stride Bucket 110 is equal to 11932
Global LD ST Cache Stride Bucket 111 is equal to 12813
Global LD ST Cache Stride Bucket 112 is equal to 16397
Global LD ST Cache Stride Bucket 113 is equal to 18432
Global LD ST Cache Stride Bucket 114 is equal to 13433
Global LD ST Cache Stride Bucket 115 is equal to 9845
Global LD ST Cache Stride Bucket 116 is equal to 11219
Global LD ST Cache Stride Bucket 117 is equal to 10992
Global LD ST Cache Stride Bucket 118 is equal to 6535
Global LD ST Cache Stride Bucket 119 is equal to 6657
Global LD ST Cache Stride Bucket 120 is equal to 7728
Global LD ST Cache Stride Bucket 121 is equal to 8360
Global LD ST Cache Stride Bucket 122 is equal to 6659
Global LD ST Cache Stride Bucket 123 is equal to 4945
Global LD ST Cache Stride Bucket 124 is equal to 3232
Global LD ST Cache Stride Bucket 125 is equal to 14460
Global LD ST Cache Stride Bucket 126 is equal to 230854
Global LD ST Cache Stride Bucket 127 is equal to 7273
Global LD ST Cache Stride Bucket 128 is equal to 6586
Global LD ST Cache Stride Bucket 129 is equal to 7891
Global LD ST Cache Stride Bucket 130 is equal to 6330
Global LD ST Cache Stride Bucket 131 is equal to 4499
Global LD ST Cache Stride Bucket 132 is equal to 4097
Global LD ST Cache Stride Bucket 133 is equal to 6280
Global LD ST Cache Stride Bucket 134 is equal to 16405
Global LD ST Cache Stride Bucket 135 is equal to 6850
Global LD ST Cache Stride Bucket 136 is equal to 6181
Global LD ST Cache Stride Bucket 137 is equal to 9692
Global LD ST Cache Stride Bucket 138 is equal to 13919
Global LD ST Cache Stride Bucket 139 is equal to 10499
Global LD ST Cache Stride Bucket 140 is equal to 11169
Global LD ST Cache Stride Bucket 141 is equal to 22577
Global LD ST Cache Stride Bucket 142 is equal to 10174
Global LD ST Cache Stride Bucket 143 is equal to 13320
Global LD ST Cache Stride Bucket 144 is equal to 18374
Global LD ST Cache Stride Bucket 145 is equal to 14756
Global LD ST Cache Stride Bucket 146 is equal to 10827
Global LD ST Cache Stride Bucket 147 is equal to 15475
Global LD ST Cache Stride Bucket 148 is equal to 25245
Global LD ST Cache Stride Bucket 149 is equal to 18959
Global LD ST Cache Stride Bucket 150 is equal to 27186
Global LD ST Cache Stride Bucket 151 is equal to 36561
Global LD ST Cache Stride Bucket 152 is equal to 38867
Global LD ST Cache Stride Bucket 153 is equal to 31988
Global LD ST Cache Stride Bucket 154 is equal to 44732
Global LD ST Cache Stride Bucket 155 is equal to 67899
Global LD ST Cache Stride Bucket 156 is equal to 62816
Global LD ST Cache Stride Bucket 157 is equal to 49901
Global LD ST Cache Stride Bucket 158 is equal to 92500
Global LD ST Cache Stride Bucket 159 is equal to 78938
Global LD ST Cache Stride Bucket 160 is equal to 43430
Global LD ST Cache Stride Bucket 161 is equal to 71674
Global LD ST Cache Stride Bucket 162 is equal to 124530
Global LD ST Cache Stride Bucket 163 is equal to 125970
Global LD ST Cache Stride Bucket 164 is equal to 94381
Global LD ST Cache Stride Bucket 165 is equal to 229896
Global LD ST Cache Stride Bucket 166 is equal to 164975
Global LD ST Cache Stride Bucket 167 is equal to 82474
Global LD ST Cache Stride Bucket 168 is equal to 100854
Global LD ST Cache Stride Bucket 169 is equal to 157036
Global LD ST Cache Stride Bucket 170 is equal to 108430
Global LD ST Cache Stride Bucket 171 is equal to 36077
Global LD ST Cache Stride Bucket 172 is equal to 77550
Global LD ST Cache Stride Bucket 173 is equal to 48437
Global LD ST Cache Stride Bucket 174 is equal to 21174
Global LD ST Cache Stride Bucket 175 is equal to 12085
Global LD ST Cache Stride Bucket 176 is equal to 11021
Global LD ST Cache Stride Bucket 177 is equal to 6412
Global LD ST Cache Stride Bucket 178 is equal to 562
Global LD ST Cache Stride Bucket 179 is equal to 537
Global LD ST Cache Stride Bucket 180 is equal to 13
Global LD ST Cache Stride Bucket 181 is equal to 81
Global LD ST Cache Stride Bucket 182 is equal to 2
Global LD ST Cache Stride Bucket 183 is equal to 11
Global LD ST Cache Stride Bucket 184 is equal to 73
Global LD ST Cache Stride Bucket 185 is equal to 7
Global LD ST Cache Stride Bucket 186 is equal to 8
Global LD ST Cache Stride Bucket 187 is equal to 359
Global LD ST Cache Stride Bucket 188 is equal to 1
Global LD ST Cache Stride Bucket 189 is equal to 3
Global LD ST Cache Stride Bucket 190 is equal to 9
Global LD ST Cache Stride Bucket 191 is equal to 3
Global LD ST Cache Stride Bucket 192 is equal to 6
Global LD ST Cache Stride Bucket 193 is equal to 68
Global LD ST Cache Stride Bucket 194 is equal to 1
Global LD ST Cache Stride Bucket 195 is equal to 10
Global LD ST Cache Stride Bucket 196 is equal to 54
Global LD ST Cache Stride Bucket 197 is equal to 207
Global LD ST Cache Stride Bucket 198 is equal to 57
Global LD ST Cache Stride Bucket 199 is equal to 45
Global LD ST Cache Stride Bucket 200 is equal to 55
Global LD ST Cache Stride Bucket 201 is equal to 24
Global LD ST Cache Stride Bucket 202 is equal to 7
Global LD ST Cache Stride Bucket 203 is equal to 12
Global LD ST Cache Stride Bucket 204 is equal to 10
Global LD ST Cache Stride Bucket 205 is equal to 202
Global LD ST Cache Stride Bucket 206 is equal to 120
Global LD ST Cache Stride Bucket 207 is equal to 81
Global LD ST Cache Stride Bucket 208 is equal to 29
Global LD ST Cache Stride Bucket 209 is equal to 10
Global LD ST Cache Stride Bucket 210 is equal to 14
Global LD ST Cache Stride Bucket 211 is equal to 11
Global LD ST Cache Stride Bucket 212 is equal to 21
Global LD ST Cache Stride Bucket 213 is equal to 3
Global LD ST Cache Stride Bucket 214 is equal to 59
Global LD ST Cache Stride Bucket 215 is equal to 44
Global LD ST Cache Stride Bucket 216 is equal to 7
Global LD ST Cache Stride Bucket 217 is equal to 110
Global LD ST Cache Stride Bucket 218 is equal to 49
Global LD ST Cache Stride Bucket 219 is equal to 7
Global LD ST Cache Stride Bucket 220 is equal to 10
Global LD ST Cache Stride Bucket 221 is equal to 3
Global LD ST Cache Stride Bucket 222 is equal to 4
Global LD ST Cache Stride Bucket 223 is equal to 8
Global LD ST Cache Stride Bucket 224 is equal to 187
Global LD ST Cache Stride Bucket 225 is equal to 23
Global LD ST Cache Stride Bucket 226 is equal to 161
Global LD ST Cache Stride Bucket 227 is equal to 4
Global LD ST Cache Stride Bucket 228 is equal to 7
Global LD ST Cache Stride Bucket 229 is equal to 12
Global LD ST Cache Stride Bucket 230 is equal to 1
Global LD ST Cache Stride Bucket 231 is equal to 9
Global LD ST Cache Stride Bucket 232 is equal to 6
Global LD ST Cache Stride Bucket 233 is equal to 29
Global LD ST Cache Stride Bucket 234 is equal to 119
Global LD ST Cache Stride Bucket 235 is equal to 61
Global LD ST Cache Stride Bucket 236 is equal to 44
Global LD ST Cache Stride Bucket 237 is equal to 20
Global LD ST Cache Stride Bucket 238 is equal to 7
Global LD ST Cache Stride Bucket 239 is equal to 12
Global LD ST Cache Stride Bucket 240 is equal to 13
Global LD ST Cache Stride Bucket 241 is equal to 5
Global LD ST Cache Stride Bucket 242 is equal to 8
Global LD ST Cache Stride Bucket 243 is equal to 58
Global LD ST Cache Stride Bucket 244 is equal to 105
Global LD ST Cache Stride Bucket 245 is equal to 14
Global LD ST Cache Stride Bucket 246 is equal to 154
Global LD ST Cache Stride Bucket 247 is equal to 47
Global LD ST Cache Stride Bucket 248 is equal to 7
Global LD ST Cache Stride Bucket 249 is equal to 7
Global LD ST Cache Stride Bucket 250 is equal to 4
Global LD ST Cache Stride Bucket 251 is equal to 520
Global LD ST Cache Stride Bucket 252 is equal to 7
Global LD ST Cache Stride Bucket 253 is equal to 219
Global LD ST Cache Stride Bucket 254 is equal to 55
Global LD ST Cache Stride Bucket 255 is equal to 7
Global LD ST Cache Stride Bucket 256 is equal to 2487483


            "-256": "9648995",
            "-255": "0",
            "-254": "0",
            "-253": "0",
            "-252": "13",
            "-251": "0",
            "-250": "0",
            "-249": "0",
            "-248": "13128",
            "-247": "0",
            "-246": "0",
            "-245": "0",
            "-244": "642",
            "-243": "0",
            "-242": "0",
            "-241": "0",
            "-240": "75",
            "-239": "0",
            "-238": "0",
            "-237": "0",
            "-236": "0",
            "-235": "0",
            "-234": "1",
            "-233": "0",
            "-232": "12",
            "-231": "0",
            "-230": "0",
            "-229": "0",
            "-228": "1639",
            "-227": "0",
            "-226": "0",
            "-225": "0",
            "-224": "124",
            "-223": "0",
            "-222": "0",
            "-221": "0",
            "-220": "0",
            "-219": "0",
            "-218": "0",
            "-217": "0",
            "-216": "80311",
            "-215": "0",
            "-214": "0",
            "-213": "1",
            "-212": "327",
            "-211": "0",
            "-210": "0",
            "-209": "0",
            "-208": "118",
            "-207": "0",
            "-206": "0",
            "-205": "0",
            "-204": "1",
            "-203": "0",
            "-202": "0",
            "-201": "0",
            "-200": "458",
            "-199": "0",
            "-198": "0",
            "-197": "0",
            "-196": "379",
            "-195": "0",
            "-194": "1",
            "-193": "0",
            "-192": "119",
            "-191": "0",
            "-190": "1",
            "-189": "0",
            "-188": "7012",
            "-187": "0",
            "-186": "6",
            "-185": "0",
            "-184": "5432",
            "-183": "0",
            "-182": "54",
            "-181": "1",
            "-180": "28",
            "-179": "0",
            "-178": "36",
            "-177": "0",
            "-176": "31655",
            "-175": "0",
            "-174": "25",
            "-173": "0",
            "-172": "20",
            "-171": "0",
            "-170": "11",
            "-169": "0",
            "-168": "3035",
            "-167": "0",
            "-166": "23",
            "-165": "0",
            "-164": "1351",
            "-163": "0",
            "-162": "66",
            "-161": "1",
            "-160": "9497",
            "-159": "0",
            "-158": "24",
            "-157": "0",
            "-156": "30",
            "-155": "0",
            "-154": "40",
            "-153": "0",
            "-152": "78",
            "-151": "0",
            "-150": "5",
            "-149": "1",
            "-148": "28",
            "-147": "0",
            "-146": "128",
            "-145": "0",
            "-144": "1419",
            "-143": "0",
            "-142": "70",
            "-141": "11",
            "-140": "196",
            "-139": "144",
            "-138": "15",
            "-137": "0",
            "-136": "73",
            "-135": "1",
            "-134": "698",
            "-133": "0",
            "-132": "137",
            "-131": "0",
            "-130": "48",
            "-129": "1",
            "-128": "531",
            "-127": "2",
            "-126": "106",
            "-125": "0",
            "-124": "1062",
            "-123": "0",
            "-122": "76",
            "-121": "0",
            "-120": "8700",
            "-119": "1",
            "-118": "30",
            "-117": "0",
            "-116": "4338",
            "-115": "0",
            "-114": "38",
            "-113": "0",
            "-112": "7480",
            "-111": "0",
            "-110": "35",
            "-109": "0",
            "-108": "3707",
            "-107": "0",
            "-106": "75",
            "-105": "0",
            "-104": "4437",
            "-103": "0",
            "-102": "102",
            "-101": "0",
            "-100": "3147",
            "-99": "0",
            "-98": "78",
            "-97": "1",
            "-96": "120068",
            "-95": "1",
            "-94": "668",
            "-93": "10",
            "-92": "6919",
            "-91": "1",
            "-90": "1190",
            "-89": "0",
            "-88": "79653",
            "-87": "0",
            "-86": "1840",
            "-85": "0",
            "-84": "6087",
            "-83": "0",
            "-82": "149",
            "-81": "0",
            "-80": "58100",
            "-79": "0",
            "-78": "1836",
            "-77": "1",
            "-76": "1906",
            "-75": "0",
            "-74": "81",
            "-73": "0",
            "-72": "4832",
            "-71": "0",
            "-70": "848",
            "-69": "0",
            "-68": "6585",
            "-67": "0",
            "-66": "311",
            "-65": "1",
            "-64": "9955",
            "-63": "1",
            "-62": "2901",
            "-61": "0",
            "-60": "44461",
            "-59": "1",
            "-58": "351",
            "-57": "0",
            "-56": "167297",
            "-55": "0",
            "-54": "62",
            "-53": "0",
            "-52": "122865",
            "-51": "0",
            "-50": "2260",
            "-49": "1",
            "-48": "85627",
            "-47": "29",
            "-46": "1283",
            "-45": "0",
            "-44": "8312",
            "-43": "1",
            "-42": "2314",
            "-41": "0",
            "-40": "67284",
            "-39": "2",
            "-38": "675",
            "-37": "0",
            "-36": "84186",
            "-35": "0",
            "-34": "568",
            "-33": "1",
            "-32": "101393",
            "-31": "0",
            "-30": "97",
            "-29": "0",
            "-28": "21170",
            "-27": "0",
            "-26": "380",
            "-25": "0",
            "-24": "211794",
            "-23": "29",
            "-22": "19882",
            "-21": "0",
            "-20": "143019",
            "-19": "0",
            "-18": "1736",
            "-17": "0",
            "-16": "209327",
            "-15": "0",
            "-14": "2286",
            "-13": "18",
            "-12": "310386",
            "-11": "0",
            "-10": "125",
            "-9": "119",
            "-8": "2618515",
            "-7": "0",
            "-6": "833",
            "-5": "2",
            "-4": "987954",
            "-3": "0",
            "-2": "16039",
            "-1": "44",
            "0": "2747865",
            "1": "194",
            "2": "16929",
            "3": "0",
            "4": "1205187",
            "5": "0",
            "6": "843",
            "7": "36",
            "8": "2997333",
            "9": "848",
            "10": "444",
            "11": "0",
            "12": "112854",
            "13": "0",
            "14": "1968",
            "15": "29",
            "16": "349875",
            "17": "0",
            "18": "1780",
            "19": "0",
            "20": "126726",
            "21": "0",
            "22": "22537",
            "23": "0",
            "24": "225197",
            "25": "36",
            "26": "783",
            "27": "58",
            "28": "17288",
            "29": "13",
            "30": "977",
            "31": "0",
            "32": "114458",
            "33": "29",
            "34": "87",
            "35": "0",
            "36": "242792",
            "37": "1",
            "38": "1089",
            "39": "0",
            "40": "75506",
            "41": "0",
            "42": "741",
            "43": "0",
            "44": "124501",
            "45": "1",
            "46": "1551",
            "47": "1",
            "48": "106863",
            "49": "0",
            "50": "1096",
            "51": "145",
            "52": "130834",
            "53": "144",
            "54": "69",
            "55": "0",
            "56": "36349",
            "57": "112",
            "58": "51",
            "59": "0",
            "60": "7710",
            "61": "0",
            "62": "1199",
            "63": "0",
            "64": "12580",
            "65": "1",
            "66": "154",
            "67": "0",
            "68": "72",
            "69": "0",
            "70": "157",
            "71": "1",
            "72": "1767",
            "73": "0",
            "74": "94",
            "75": "0",
            "76": "59",
            "77": "0",
            "78": "666",
            "79": "1",
            "80": "483",
            "81": "0",
            "82": "32",
            "83": "0",
            "84": "119021",
            "85": "0",
            "86": "265",
            "87": "1",
            "88": "75762",
            "89": "0",
            "90": "305",
            "91": "0",
            "92": "358",
            "93": "0",
            "94": "978",
            "95": "1",
            "96": "1242",
            "97": "0",
            "98": "74",
            "99": "4",
            "100": "79",
            "101": "5",
            "102": "882",
            "103": "0",
            "104": "1393",
            "105": "0",
            "106": "25",
            "107": "145",
            "108": "44",
            "109": "3",
            "110": "107",
            "111": "0",
            "112": "1543",
            "113": "1",
            "114": "23",
            "115": "0",
            "116": "214",
            "117": "0",
            "118": "33",
            "119": "1",
            "120": "1703",
            "121": "0",
            "122": "57",
            "123": "0",
            "124": "55",
            "125": "1",
            "126": "170",
            "127": "0",
            "128": "830",
            "129": "0",
            "130": "154",
            "131": "9",
            "132": "37",
            "133": "0",
            "134": "11",
            "135": "0",
            "136": "2195",
            "137": "1",
            "138": "11",
            "139": "0",
            "140": "44",
            "141": "0",
            "142": "44",
            "143": "1",
            "144": "131",
            "145": "0",
            "146": "14",
            "147": "8",
            "148": "12",
            "149": "0",
            "150": "14",
            "151": "0",
            "152": "339",
            "153": "0",
            "154": "47",
            "155": "0",
            "156": "1521",
            "157": "6",
            "158": "48",
            "159": "0",
            "160": "7127",
            "161": "0",
            "162": "48",
            "163": "0",
            "164": "62",
            "165": "0",
            "166": "28",
            "167": "0",
            "168": "826",
            "169": "0",
            "170": "28",
            "171": "0",
            "172": "188",
            "173": "0",
            "174": "60",
            "175": "0",
            "176": "13260",
            "177": "0",
            "178": "45",
            "179": "0",
            "180": "14",
            "181": "0",
            "182": "19",
            "183": "0",
            "184": "25399",
            "185": "0",
            "186": "10",
            "187": "0",
            "188": "7",
            "189": "0",
            "190": "5",
            "191": "0",
            "192": "39",
            "193": "0",
            "194": "0",
            "195": "0",
            "196": "2",
            "197": "0",
            "198": "0",
            "199": "0",
            "200": "7938",
            "201": "0",
            "202": "0",
            "203": "0",
            "204": "0",
            "205": "0",
            "206": "0",
            "207": "0",
            "208": "545",
            "209": "0",
            "210": "0",
            "211": "0",
            "212": "64",
            "213": "0",
            "214": "0",
            "215": "0",
            "216": "170",
            "217": "0",
            "218": "0",
            "219": "0",
            "220": "847",
            "221": "0",
            "222": "0",
            "223": "0",
            "224": "86071",
            "225": "0",
            "226": "0",
            "227": "0",
            "228": "81",
            "229": "0",
            "230": "0",
            "231": "0",
            "232": "115",
            "233": "0",
            "234": "0",
            "235": "0",
            "236": "1",
            "237": "0",
            "238": "0",
            "239": "0",
            "240": "31",
            "241": "0",
            "242": "0",
            "243": "0",
            "244": "85",
            "245": "0",
            "246": "0",
            "247": "0",
            "248": "6640",
            "249": "0",
            "250": "0",
            "251": "0",
            "252": "0",
            "253": "0",
            "254": "0",
            "255": "0",
            "256": "10582737",


# END_DYNAMIC_STATS
