# Mix output version 2
# FINI: end of program
# EMIT_DYNAMIC_STATS FOR TID 1, ins = 100101498
Dynamic Instruction Count = 100101498, Dyn BBL Count = 17140294
RAWdep[ 0] = 0
RAWdep[ 1] = 43531357
RAWdep[ 2] = 18224453
RAWdep[ 3] = 14588625
RAWdep[ 4] = 7803795
RAWdep[ 5] = 4423653
RAWdep[ 6] = 4726282
RAWdep[ 7] = 2834676
RAWdep[ 8] = 2913486
RAWdep[ 9] = 2792969
RAWdep[ 10] = 2501558
RAWdep[ 11] = 1922054
RAWdep[ 12] = 1199197
RAWdep[ 13] = 1699083
RAWdep[ 14] = 918541
RAWdep[ 15] = 888695
RAWdep[ 16] = 1173641
RAWdep[ 17] = 900278
RAWdep[ 18] = 492405
RAWdep[ 19] = 790238
RAWdep[ 20] = 895592
RAWdep[ 21] = 604818
RAWdep[ 22] = 735014
RAWdep[ 23] = 765067
RAWdep[ 24] = 586085
RAWdep[ 25] = 451016
RAWdep[ 26] = 237633
RAWdep[ 27] = 456699
RAWdep[ 28] = 656983
RAWdep[ 29] = 974734
RAWdep[ 30] = 604276
RAWdep[ 31] = 459264
RAWdep[ 32] = 954776
RAWdep[ 33] = 29696073

WAWdep[ 0] = 0
WAWdep[ 1] = 24979053
WAWdep[ 2] = 20318514
WAWdep[ 3] = 15526813
WAWdep[ 4] = 7629039
WAWdep[ 5] = 5036770
WAWdep[ 6] = 5802989
WAWdep[ 7] = 3402824
WAWdep[ 8] = 2726408
WAWdep[ 9] = 3329417
WAWdep[ 10] = 2731673
WAWdep[ 11] = 1472131
WAWdep[ 12] = 1346754
WAWdep[ 13] = 1975774
WAWdep[ 14] = 1356273
WAWdep[ 15] = 865257
WAWdep[ 16] = 1052860
WAWdep[ 17] = 835130
WAWdep[ 18] = 529091
WAWdep[ 19] = 716823
WAWdep[ 20] = 803681
WAWdep[ 21] = 719811
WAWdep[ 22] = 444837
WAWdep[ 23] = 562167
WAWdep[ 24] = 599025
WAWdep[ 25] = 359428
WAWdep[ 26] = 271683
WAWdep[ 27] = 661965
WAWdep[ 28] = 408441
WAWdep[ 29] = 354545
WAWdep[ 30] = 264893
WAWdep[ 31] = 191935
WAWdep[ 32] = 864413
WAWdep[ 33] = 15225903

WARdep[ 0] = 45708984
WARdep[ 1] = 10488837
WARdep[ 2] = 8811974
WARdep[ 3] = 5883731
WARdep[ 4] = 4456362
WARdep[ 5] = 3902056
WARdep[ 6] = 3066304
WARdep[ 7] = 3450967
WARdep[ 8] = 2648931
WARdep[ 9] = 1873519
WARdep[ 10] = 2364822
WARdep[ 11] = 1860178
WARdep[ 12] = 1198017
WARdep[ 13] = 1273302
WARdep[ 14] = 964456
WARdep[ 15] = 754330
WARdep[ 16] = 948641
WARdep[ 17] = 816751
WARdep[ 18] = 898346
WARdep[ 19] = 1002912
WARdep[ 20] = 1024388
WARdep[ 21] = 800904
WARdep[ 22] = 896935
WARdep[ 23] = 434911
WARdep[ 24] = 799358
WARdep[ 25] = 876168
WARdep[ 26] = 909563
WARdep[ 27] = 642247
WARdep[ 28] = 463762
WARdep[ 29] = 505374
WARdep[ 30] = 426898
WARdep[ 31] = 559688
WARdep[ 32] = 489319
WARdep[ 33] = 12163385


		"0": "0",
		"1": "43531357",
		"2": "18224453",
		"3": "14588625",
		"4": "7803795",
		"5": "4423653",
		"6": "4726282",
		"7": "2834676",
		"8": "2913486",
		"9": "2792969",
		"10": "2501558",
		"11": "1922054",
		"12": "1199197",
		"13": "1699083",
		"14": "918541",
		"15": "888695",
		"16": "1173641",
		"17": "900278",
		"18": "492405",
		"19": "790238",
		"20": "895592",
		"21": "604818",
		"22": "735014",
		"23": "765067",
		"24": "586085",
		"25": "451016",
		"26": "237633",
		"27": "456699",
		"28": "656983",
		"29": "974734",
		"30": "604276",
		"31": "459264",
		"32": "954776",
		"33": "29696073",


# END_DYNAMIC_STATS
