# Branch output version 3
Dynamic_Instruction_Count: 100001501
Dynamic_Conditional_Branch_Count: 13583601
Dynamic_Unconditional_Branch_Count: 2141396
Total_Taken_Branches: 8529037
Total_Branch_Transitions: 2024988

Local Branch Stats (Total Count; Taken Count; Transition Count)
19 0 0
19 0 0
19 0 0
19 0 0
19 0 0
19 0 0
19 0 0
19 0 0
19 0 0
19 19 0
19 0 0
19 0 0
19 0 0
19 0 0
19 0 0
19 0 0
19 0 0
19 0 0
19 0 0
19 0 0
19 0 0
19 0 0
19 0 0
19 0 0
19 19 0
19 0 0
19 19 0
19 19 0
19 0 0
19 19 0
19 0 0
19 19 0
19 0 0
19 0 0
19 19 0
19 19 0
19 19 0
19 19 0
19 0 0
19 0 0
38912 38893 37
19 0 0
38 0 0
38 19 37
19 19 0
19 0 0
19 0 0
19 0 0
19 19 0
19 0 0
19 0 0
19 19 0
19 19 0
19 19 0
133669 34 68
133635 38653 38745
94982 54491 27738
93791 43525 42483
249252 53300 86449
250443 249252 2382
54491 35231 26081
19260 1191 1972
657583 193 386
657390 12533 24607
644857 457681 170348
547513 263184 248241
2730589 360337 573477
2827933 2730589 194688
40199 19987 8911
20212 1512 1490
1512 0 0
1512 1319 324
75489 1144 2015
75664 75489 350
40198 40198 0
40198 40198 0
40199 3741 4584
36458 1 2
36457 12562 6700
27637 6978 6193
39878 0 0
39878 0 0
40198 27593 11400
19540 0 0
19540 8138 4948
28396 7817 9757
28717 28396 642
321 0 0
321 321 0
109749 0 0
109749 0 0
109749 1518 3035
109749 109749 0
215 0 0
5160 3440 3439
1720 215 429
1505 1505 0
215 215 0
215 0 0
215 0 0
4515 3010 3009
1505 0 0
1505 1290 429
30427 27073 2525
3354 1012 760
2342 1590 905
2342 0 0
2342 2187 288
2342 1507 1055
2342 8 16
2334 2109 387
918 693 439
1590 892 728
1012 758 280
254 168 99
86 25 35
254 254 0
1507 0 0
758 99 147
913 401 202
913 0 0
913 853 116
22770 20661 4217
27073 1263 1696
27073 24962 1276
401 309 87
10104 8841 2525
19 0 0
30446 19 38
30427 3612 6770
319667 0 0
319667 30427 60853
289240 263643 51190
29209 29097 224
112 0 0
30446 0 0
30446 0 0
30446 0 0
30446 30427 38
19 19 0
30427 30427 0
29209 29097 224
29209 29209 0
30427 19752 7897
19752 717 1434
19035 19 38
19035 126 250
19035 0 0
19752 19752 0
78739 19727 39453
79008 76396 4480
2612 1638 734
974 0 0
974 654 216
57043 510 787
57187 57043 288
974 705 327
269 244 46
19752 19425 354
327 0 0
2016 1890 251
76 0 0
20064 16720 6687
3344 3268 151
76 0 0
2280 2204 151
76 57 37
9804 7448 4560
2356 2337 37
19425 18234 1398
1191 1191 0
18234 4260 5437
13974 264 526
13710 13687 46
4547 776 369
30168 26397 7541
4547 414 748
4547 252 480
11300 7005 4889
17180 16855 408
325 88 146
237 111 130
750 144 130
750 425 176
17180 12885 8589
4295 77 154
4218 4191 54
28 1 2
9675 1766 1181
11093 388 161
11093 5632 4939
11093 9675 1376
6208 5432 1551
414 347 113
4295 0 0
21164 717 1284
20447 20410 74
37 2 3
35 15 13
20 18 4
37 0 0
37 2 3
35 15 13
1699 1107 270
592 412 84
180 136 30
20447 8393 3688
96432 84378 24107
20446 8517 3640
20446 6688 4656
20446 0 0
20446 11953 3630
8493 5924 3016
2569 0 0
2569 2354 362
364 213 74
366 364 4
215 178 60
37 8 14
37 33 8
23 19 7
37 29 14
81784 11519 17123
81784 61338 40891
20446 20446 0
20446 7119 4481
13327 7917 5242
12376 6966 5492
13327 10621 2140
3573 867 1424
54565 10120 6705
61229 42841 11862
61229 28687 27094
61229 25932 11571
61229 54565 5720
10120 0 0
28687 0 0
28687 2126 3499
3455 2097 730
3484 3455 58
28687 28299 678
3104 2716 775
388 247 175
790 649 271
388 207 183
28687 13327 15532
11519 5398 4059
6121 0 0
6121 2200 1924
14547 3919 5867
14549 14547 4
6121 6024 180
334 237 100
6121 4425 2138
1696 955 676
20670 19010 1118
20670 14549 7841
6121 6121 0
2345 55 110
8411 2345 1566
6121 5784 230
2696 2359 673
337 288 71
360 311 91
337 256 79
20446 16868 4268
20410 12484 3424
7928 6249 397
67139 58747 16784
2 2 0
12484 12054 854
430 423 14
6688 740 1042
5948 1186 384
5502 5112 486
2 2 0
1766 0 0
5632 4218 1670
15 5 8
12054 3043 1406
14970 4295 7897
14970 14947 46
23 1 2
3043 1155 1562
19 0 0
19 0 0
19 19 0
19 19 0
19 0 0
19 0 0
19 0 0
19 0 0
19 0 0
19 19 0
19 0 0
38 0 0
38 0 0
38 0 0
38 0 0
38 0 0
38 38 0
38 0 0
38 0 0
38 0 0
4826 4788 75
