# Mix output version 2
# FINI: end of program
# EMIT_DYNAMIC_STATS FOR TID 1, ins = 100001501
Dynamic Instruction Count = 100001501, Dyn BBL Count = 15724997
RAWdep[ 0] = 0
RAWdep[ 1] = 33346899
RAWdep[ 2] = 11606118
RAWdep[ 3] = 15246288
RAWdep[ 4] = 5169499
RAWdep[ 5] = 5029651
RAWdep[ 6] = 2284521
RAWdep[ 7] = 2449554
RAWdep[ 8] = 4844825
RAWdep[ 9] = 2831236
RAWdep[ 10] = 1402438
RAWdep[ 11] = 1660434
RAWdep[ 12] = 1177379
RAWdep[ 13] = 1540633
RAWdep[ 14] = 1061628
RAWdep[ 15] = 382728
RAWdep[ 16] = 1587362
RAWdep[ 17] = 663125
RAWdep[ 18] = 1295678
RAWdep[ 19] = 1288811
RAWdep[ 20] = 478798
RAWdep[ 21] = 507714
RAWdep[ 22] = 943694
RAWdep[ 23] = 860479
RAWdep[ 24] = 1587863
RAWdep[ 25] = 304593
RAWdep[ 26] = 184844
RAWdep[ 27] = 144992
RAWdep[ 28] = 459738
RAWdep[ 29] = 524910
RAWdep[ 30] = 394797
RAWdep[ 31] = 438215
RAWdep[ 32] = 883131
RAWdep[ 33] = 56754975

WAWdep[ 0] = 0
WAWdep[ 1] = 20750367
WAWdep[ 2] = 21078386
WAWdep[ 3] = 9699810
WAWdep[ 4] = 8108526
WAWdep[ 5] = 9664114
WAWdep[ 6] = 5194617
WAWdep[ 7] = 4305782
WAWdep[ 8] = 6826252
WAWdep[ 9] = 1072373
WAWdep[ 10] = 1430757
WAWdep[ 11] = 789995
WAWdep[ 12] = 1196041
WAWdep[ 13] = 1554390
WAWdep[ 14] = 938809
WAWdep[ 15] = 1003383
WAWdep[ 16] = 537120
WAWdep[ 17] = 947452
WAWdep[ 18] = 1088744
WAWdep[ 19] = 1123047
WAWdep[ 20] = 636963
WAWdep[ 21] = 299976
WAWdep[ 22] = 397070
WAWdep[ 23] = 145240
WAWdep[ 24] = 772940
WAWdep[ 25] = 692655
WAWdep[ 26] = 94863
WAWdep[ 27] = 333716
WAWdep[ 28] = 163692
WAWdep[ 29] = 364502
WAWdep[ 30] = 128581
WAWdep[ 31] = 144609
WAWdep[ 32] = 520624
WAWdep[ 33] = 12428840

WARdep[ 0] = 39785146
WARdep[ 1] = 10480938
WARdep[ 2] = 6174229
WARdep[ 3] = 3956195
WARdep[ 4] = 6285033
WARdep[ 5] = 5777610
WARdep[ 6] = 2314648
WARdep[ 7] = 3295958
WARdep[ 8] = 1047248
WARdep[ 9] = 1633011
WARdep[ 10] = 1553414
WARdep[ 11] = 1188375
WARdep[ 12] = 2382263
WARdep[ 13] = 1530460
WARdep[ 14] = 1575157
WARdep[ 15] = 905139
WARdep[ 16] = 774797
WARdep[ 17] = 594613
WARdep[ 18] = 842873
WARdep[ 19] = 770358
WARdep[ 20] = 1255118
WARdep[ 21] = 538278
WARdep[ 22] = 1147931
WARdep[ 23] = 323643
WARdep[ 24] = 271062
WARdep[ 25] = 883957
WARdep[ 26] = 308232
WARdep[ 27] = 158395
WARdep[ 28] = 571045
WARdep[ 29] = 431187
WARdep[ 30] = 830444
WARdep[ 31] = 227968
WARdep[ 32] = 322830
WARdep[ 33] = 14296681


		"0": "0",
		"1": "33346899",
		"2": "11606118",
		"3": "15246288",
		"4": "5169499",
		"5": "5029651",
		"6": "2284521",
		"7": "2449554",
		"8": "4844825",
		"9": "2831236",
		"10": "1402438",
		"11": "1660434",
		"12": "1177379",
		"13": "1540633",
		"14": "1061628",
		"15": "382728",
		"16": "1587362",
		"17": "663125",
		"18": "1295678",
		"19": "1288811",
		"20": "478798",
		"21": "507714",
		"22": "943694",
		"23": "860479",
		"24": "1587863",
		"25": "304593",
		"26": "184844",
		"27": "144992",
		"28": "459738",
		"29": "524910",
		"30": "394797",
		"31": "438215",
		"32": "883131",
		"33": "56754975",


# END_DYNAMIC_STATS
