# Branch output version 3
Dynamic_Instruction_Count: 100101477
Dynamic_Conditional_Branch_Count: 10659283
Dynamic_Unconditional_Branch_Count: 5571188
Total_Taken_Branches: 10124749
Total_Branch_Transitions: 2843889

Local Branch Stats (Total Count; Taken Count; Transition Count)
1280 196 312
1084 233 324
1280 960 639
320 0 0
320 311 18
9 9 0
196 187 16
9 0 0
233 8 16
225 105 103
320 0 0
320 0 0
320 0 0
320 0 0
320 320 0
12800 0 0
12800 0 0
12800 0 0
12800 0 0
13120 12800 639
320 312 16
8 8 0
320 320 0
8 0 0
320 0 0
8 1 1
7 0 0
8 1 1
7 0 0
320 0 0
320 312 16
8 0 0
320 312 16
8 0 0
626 626 0
626 0 0
626 626 0
626 0 0
626 0 0
626 626 0
626 0 0
626 0 0
626 626 0
115 115 0
114 0 0
24659 6404 9664
22297 1288 2575
41154 24659 14128
18857 17979 1756
2166 2052 227
6404 4042 2355
115 115 0
30477 114 228
30363 0 0
30363 0 0
30362 743 1258
29734 26286 229
3448 12 22
25701 129 257
30 0 0
30 30 0
8306 31 61
8275 0 0
8306 168 273
8138 7239 60
899 1 2
31 0 0
6807 1781 2712
6180 333 666
11191 6807 3595
5011 4755 511
589 558 61
31 0 0
31 30 1
1 0 0
1781 1154 585
245 122 229
130 130 0
122 7 14
130 0 0
130 8 15
122 122 0
7 0 0
1 1 0
1 1 0
1 0 0
1 1 0
1 1 0
1 0 0
1 1 0
1 0 0
1 1 0
1 1 0
166 166 0
166 166 0
166 0 0
166 166 0
166 0 0
166 1 1
166 0 0
166 166 0
166 0 0
166 0 0
1 0 0
1 1 0
1 0 0
1 0 0
166 0 0
166 0 0
166 166 0
166 165 1
1 0 0
1 0 0
1 0 0
1 1 0
1 0 0
1 0 0
1 0 0
114 113 1
114 0 0
114 114 0
114 0 0
114 0 0
114 0 0
114 0 0
115 0 0
115 115 0
115 115 0
115 0 0
115 115 0
115 0 0
114 114 0
115 0 0
115 0 0
1 0 0
1611 1457 259
154 65 52
89 0 0
89 39 48
50 0 0
50 8 16
42 0 0
42 29 16
13 0 0
52 13 25
39 2 4
35 1 2
71 35 48
52 39 25
13 0 0
13 0 0
13 0 0
13 0 0
52 13 25
39 2 4
35 1 2
71 35 48
52 39 25
65 65 0
39 39 0
8 8 0
29 29 0
159207 92504 43959
66703 485 924
66218 324 602
65894 228 444
1280 320 639
960 473 312
316 94 98
709 316 440
1280 960 639
36 9 17
27 3 6
21 2 4
43 21 30
36 27 17
145 0 0
4565 107 213
8185 4565 3605
3620 3582 76
260 121 119
260 105 131
260 89 96
260 225 54
260 154 108
106 3 6
103 15 25
88 0 0
88 5 9
89 8 12
81 0 0
81 2 4
79 0 0
105 0 0
105 14 28
91 0 0
91 8 14
121 15 28
106 1 2
105 6 12
99 0 0
6012 1503 3005
4509 1143 1397
2480 456 679
5390 2480 3507
6012 4509 3005
6012 1702 2975
6012 4509 3005
20132 5033 10065
15099 3656 5008
8050 2166 2971
17327 8050 11556
20132 15099 10065
5033 3331 1093
37872 1503 2876
145476 36369 72737
109107 26054 34368
59948 13555 18673
129446 59948 84658
145476 109107 72737
145476 93647 57497
145476 109107 72737
36369 438 834
93647 44783 45992
48864 0 0
48864 8795 13930
40069 22528 20301
34947 7964 11940
34947 7862 11497
34947 7987 11610
34947 17541 8834
34947 26904 12040
8043 1438 1888
6605 1193 2030
5412 0 0
5412 821 1435
44783 38292 10888
41428 10357 20713
31071 10922 11097
13487 3305 4494
30331 13487 19822
41428 31071 20713
10357 3866 2949
5060 1265 2529
3795 1233 1611
1482 669 708
3375 1482 2191
5060 3795 2529
1265 827 875
7987 1179 1841
6808 0 0
6808 530 830
6278 138 236
7862 0 0
7862 1483 2213
6379 290 474
6089 427 762
7964 1906 2847
6058 622 925
5436 362 618
5074 0 0
37164 7257 11100
37164 6048 9817
37164 6603 10348
37164 22528 7168
37164 29123 12042
8041 1583 2033
6458 1239 1959
5219 0 0
5219 729 1241
6603 1920 2534
4683 0 0
4683 1267 1763
3416 207 340
6048 0 0
6048 1479 2145
4569 799 1107
3770 926 1361
7257 1435 2151
5822 804 1244
5018 1083 1639
3935 0 0
8185 5166 2977
3019 882 1002
2137 2123 28
882 16 28
222090 157923 77908
64167 17992 25292
46175 44332 2673
17992 1052 1530
104276 70945 37804
70945 6861 11198
68803 20139 26774
48664 4385 7020
47824 10285 15168
37539 3917 5994
36830 6213 9474
30616 3528 5444
30005 3291 5314
26714 7307 9166
75623 9382 17981
66241 21286 28053
72991 56216 33549
9382 0 0
1519 453 306
10448 1519 2703
8929 1066 1711
21286 11090 8272
42345 22478 17384
77596 25926 42423
76030 57729 36601
40779 32149 10795
8630 8630 0
25926 13052 18269
6202 4636 1286
14440 6202 6434
8238 1566 2570
6861 4719 2640
4385 3545 1134
3917 3208 956
3528 2917 864
232734 29658 59302
300568 208522 118607
92046 53384 27478
67834 59921 15345
53384 3131 5684
51758 43813 12242
40250 1827 3374
39502 33411 9528
33576 1589 2898
32857 27542 8390
29109 1377 2562
28483 24403 6588
26360 14560 11964
45622 5997 11386
39625 7669 11308
43474 9652 19303
5997 0 0
1001 67 110
6931 1001 1986
5930 934 1597
7669 3007 3064
12895 5433 4656
28378 10514 16235
27164 20916 12495
11681 8233 3567
3448 3448 0
10514 5323 7458
2286 1072 680
6405 2286 3248
4119 1214 1824
3131 1505 1546
1827 1079 912
1589 870 779
1377 751 677
33411 27485 9256
43813 32305 16002
27542 23794 6031
24403 22280 3596
37571 34844 5195
137 122 24
2921 30 54
2891 10 14
2881 1107 1260
1991 770 904
1455 758 715
790 45 74
745 52 88
2784 179 336
1107 217 313
770 234 329
758 93 160
3196 557 992
3196 542 1004
3196 548 1009
3196 552 998
79613 41812 33690
79613 49981 31890
79613 52154 33537
79613 57273 29224
150284 40233 56936
150284 112713 75141
40233 29704 13895
10529 10529 0
10529 6386 4091
107256 54158 54702
107256 80442 53627
26814 16285 8374
10529 7597 3477
2932 262 508
2670 0 0
54158 48173 9680
5985 6 4
5979 3663 2444
3006 690 1284
2316 1766 751
4213 4213 0
4900 687 810
4213 912 1314
3301 1160 1329
2141 1151 883
990 990 0
687 687 0
16969 6440 5888
10529 2773 4032
7756 2535 3328
5221 2491 2587
2730 2730 0
6440 6440 0
334 334 0
334 153 223
181 181 0
334 0 0
334 153 223
334 334 0
334 153 223
181 0 0
181 181 0
38783 0 0
245 237 15
237 131 195
488 0 0
93819 47039 46812
46780 0 0
46780 46780 0
58832 1395 2694
104217 31 62
104186 28494 34322
75692 30307 19614
47039 0 0
47039 0 0
107134 26 52
107108 29172 35640
77936 46560 21091
60574 60095 950
479 1 2
3684 32 64
4130 1 2
4129 1789 1902
2340 446 605
3686 40 80
5041 0 0
5041 1802 1800
3239 1355 688
1395 1395 0
38783 774 1532
38009 38009 0
93819 73 74
93746 70309 46873
59770 22599 34265
37171 36333 1676
22599 0 0
38009 438 836
37571 9228 13638
81217 52874 41430
28343 408 784
27935 0 0
80546 933 1414
378985 72238 128503
306747 299372 14750
79613 54590 29731
80546 52611 41148
27935 12662 12675
15273 11939 4854
4629 0 0
4629 1295 1857
15273 15273 0
8 8 0
320 0 0
320 320 0
320 320 0
63945 40077 12874
63945 63800 289
145 0 0
239010 0 0
200 1 1
199 1 1
198 0 0
198 198 0
198 198 0
198 0 0
198 198 0
198 0 0
198 198 0
198 0 0
198 0 0
198 198 0
198 0 0
198 0 0
243 170 37
243 114 227
129 0 0
129 90 37
114 34 37
1 1 0
130 0 0
130 130 0
25770 0 0
25900 0 0
25900 19991 7289
25900 25275 937
25900 25770 259
129 0 0
129 15 30
114 34 37
6263 31 61
6766 6263 936
503 500 6
15 5 8
1005 5 9
1005 932 134
2010 10 19
2010 1862 260
15920 80 159
15920 14759 2158
8 8 0
8 8 0
8 8 0
1606 8 15
1606 8 15
1598 1423 300
1598 1567 61
8 8 0
1626 8 15
1626 0 0
1626 15 30
1611 13 25
1598 72 111
1526 0 0
8 0 0
8 0 0
8 0 0
1 0 0
1 1 0
1 1 0
190 0 0
199 1 1
199 1 1
198 190 13
1 0 0
1 0 0
1 0 0
99 98 1
199 198 1
1 0 0
9 9 0
9 8 1
9 0 0
9 1 1
255 0 0
255 247 14
9 9 0
9 1 1
8 8 0
8 0 0
8 8 0
1 1 0
1 0 0
1 0 0
1 0 0
198 0 0
198 197 1
169 169 0
30 0 0
30 1 1
169 169 0
169 140 55
1 0 0
1 0 0
99 99 0
99 1 1
1 0 0
1 1 0
1 0 0
1 0 0
99 98 1
20 0 0
20 2 4
210 210 0
210 18 35
192 192 0
20 18 4
3 1 1
20 2 4
185 167 35
10 0 0
10 0 0
224 224 0
224 0 0
224 214 19
10 10 0
10 0 0
174 164 17
2 2 0
28 26 3
2 0 0
4 0 0
16 12 3
4 2 3
6 4 3
4 2 3
1 0 0
2 2 0
2 2 0
2 0 0
4 4 0
4 0 0
4 3 1
1 0 0
4 4 0
1 1 0
1 0 0
1 1 0
2 2 0
2 2 0
2 0 0
2 2 0
1 1 0
1 1 0
4 3 1
1 1 0
1 0 0
1 0 0
1 0 0
1 1 0
1 1 0
1 0 0
1 0 0
1 0 0
1 1 0
1 0 0
1 1 0
1 0 0
1 0 0
1 0 0
1 0 0
1 0 0
4 4 0
1 1 0
1 0 0
1 1 0
4 0 0
4 0 0
4 0 0
4 0 0
4 1 1
1 1 0
1 1 0
1 1 0
1 0 0
1 0 0
1 1 0
1 1 0
1 1 0
1 0 0
1 1 0
1 1 0
1 0 0
1 0 0
1 1 0
1 0 0
1 0 0
1 0 0
1 1 0
1 0 0
1 0 0
1 1 0
1 0 0
1 0 0
1 0 0
1 1 0
1 1 0
1 0 0
1 0 0
1 1 0
1 1 0
1 1 0
1 0 0
1 0 0
1 1 0
1 1 0
1 1 0
1 1 0
1 1 0
1 1 0
1 0 0
1 0 0
1 0 0
1 1 0
1 0 0
1 0 0
1 1 0
1 0 0
1 0 0
1 1 0
1 1 0
1 1 0
1 0 0
1 0 0
1 1 0
1 0 0
1 0 0
4 4 0
4 0 0
4 4 0
4 0 0
4 4 0
4 0 0
1 0 0
1 1 0
1 1 0
1 1 0
1 0 0
1 0 0
1 1 0
1 1 0
2 0 0
2 2 0
13 1 1
13 11 1
2 2 0
1 0 0
2 1 1
1 0 0
1 0 0
1 0 0
1 0 0
1 0 0
1 0 0
1 1 0
1 0 0
1 1 0
1 1 0
1 0 0
1 0 0
1 0 0
1 1 0
1 0 0
2 1 1
1 0 0
1 0 0
1 0 0
2 1 1
1 1 0
1 0 0
1 1 0
1 0 0
1 0 0
1 0 0
1 1 0
1 0 0
1 1 0
1 0 0
1 1 0
1 1 0
1 1 0
1 0 0
1 1 0
1 0 0
1 0 0
1 1 0
1 1 0
1 0 0
1 0 0
1 0 0
1 1 0
1 1 0
1 0 0
1 0 0
3 0 0
4 1 1
4 3 2
1 0 0
1 1 0
1 1 0
1 0 0
1 0 0
1 1 0
1 0 0
1 1 0
1 0 0
1 1 0
1 1 0
1 1 0
1 0 0
1 0 0
4 0 0
4 3 1
7 2 4
5 0 0
5 0 0
5 0 0
5 0 0
124 0 0
124 124 0
1240 149 265
862 0 0
862 0 0
862 0 0
862 697 172
165 1 2
18636 7072 764
18636 149 195
18636 1173 1356
17463 0 0
17463 0 0
17463 0 0
17463 6268 736
11195 1 2
18636 0 0
18636 862 896
1240 1116 247
1 0 0
1 0 0
1 0 0
1 0 0
1 0 0
1 0 0
1929 0 0
1929 0 0
1929 0 0
1929 0 0
1929 1595 411
334 0 0
334 0 0
334 0 0
334 334 0
334 0 0
334 191 239
143 143 0
334 334 0
334 0 0
334 191 239
143 143 0
1595 0 0
1595 1595 0
1595 0 0
1595 1595 0
1595 0 0
1595 0 0
1595 0 0
1595 0 0
1595 1484 214
111 0 0
111 0 0
111 0 0
111 63 44
48 1 1
1595 1 2
1594 1016 813
578 0 0
578 0 0
578 0 0
578 514 88
64 25 7
1594 0 0
1594 146 163
1595 1594 2
1 1 0
1 1 0
1595 1595 0
1595 0 0
1595 0 0
1595 0 0
1595 1595 0
1595 0 0
1 1 0
25 0 0
25 0 0
25 1 2
1 1 0
1 0 0
1 0 0
1 0 0
1595 1595 0
3537 0 0
3537 1596 250
1941 1864 41
77 77 0
77 0 0
3460 1349 250
2111 1878 20
233 0 0
233 0 0
233 233 0
1940 0 0
1349 1346 4
3 1 1
1349 1226 231
2308 0 0
5535 1599 2193
3936 0 0
3936 0 0
3936 2051 35
1885 1820 32
2340 32 40
2308 657 374
1651 204 68
1462 517 811
1101 0 0
1101 806 574
204 15 18
189 156 31
806 806 0
828 0 0
1634 828 1008
806 424 558
15 0 0
1820 25 31
1795 199 342
1596 1178 117
1596 1596 0
1599 1346 33
993 771 296
222 1 2
221 144 17
77 0 0
77 77 0
1 1 0
6030 0 0
7022 6030 1627
992 694 363
32 0 0
77 77 0
1346 441 561
905 1 2
905 1 2
904 811 186
93 1 1
904 0 0
904 0 0
904 0 0
904 0 0
904 812 184
904 24 48
880 0 0
1 0 0
1 1 0
694 0 0
694 0 0
694 0 0
694 0 0
694 128 102
566 260 161
694 662 62
32 0 0
662 0 0
662 441 25
662 490 130
1 1 0
24 0 0
24 24 0
812 0 0
812 0 0
812 0 0
260 0 0
260 0 0
260 0 0
3537 0 0
3537 0 0
3537 3537 0
3537 0 0
3537 0 0
3537 3537 0
3537 0 0
3537 0 0
3537 0 0
3537 0 0
1929 0 0
1929 0 0
1929 0 0
1929 1929 0
1 0 0
1 0 0
6 0 0
6 2 4
6 3 5
6 2 3
6 6 0
6 6 0
3 0 0
3 3 0
3 3 0
3 3 0
3 3 0
3 0 0
3 0 0
5 0 0
5 0 0
4590 0 0
4590 0 0
4590 4590 0
4590 0 0
4590 0 0
4590 0 0
60181 55591 9179
1 0 0
1 0 0
1 1 0
1 0 0
1 0 0
1 0 0
1 0 0
1 0 0
1 1 0
1 0 0
1767 1148 824
619 0 0
619 505 119
1148 1063 99
1063 1063 0
505 0 0
505 505 0
1063 0 0
9887 8824 2083
4252 3747 987
3536 0 0
1 0 0
