# Mix output version 2
# FINI: end of program
# EMIT_DYNAMIC_STATS FOR TID 1, ins = 100101477
Dynamic Instruction Count = 100101477, Dyn BBL Count = 16235125
RAWdep[ 0] = 0
RAWdep[ 1] = 42700776
RAWdep[ 2] = 16698021
RAWdep[ 3] = 14968785
RAWdep[ 4] = 7912222
RAWdep[ 5] = 4385648
RAWdep[ 6] = 4777889
RAWdep[ 7] = 2814395
RAWdep[ 8] = 3056715
RAWdep[ 9] = 2725245
RAWdep[ 10] = 2605443
RAWdep[ 11] = 1915835
RAWdep[ 12] = 1311028
RAWdep[ 13] = 1491835
RAWdep[ 14] = 691626
RAWdep[ 15] = 958318
RAWdep[ 16] = 1310946
RAWdep[ 17] = 1098974
RAWdep[ 18] = 471690
RAWdep[ 19] = 805581
RAWdep[ 20] = 988617
RAWdep[ 21] = 625485
RAWdep[ 22] = 840362
RAWdep[ 23] = 941985
RAWdep[ 24] = 590690
RAWdep[ 25] = 463193
RAWdep[ 26] = 241813
RAWdep[ 27] = 498379
RAWdep[ 28] = 732981
RAWdep[ 29] = 1150078
RAWdep[ 30] = 552828
RAWdep[ 31] = 451819
RAWdep[ 32] = 1075148
RAWdep[ 33] = 30441839

WAWdep[ 0] = 0
WAWdep[ 1] = 24268812
WAWdep[ 2] = 18031002
WAWdep[ 3] = 15371889
WAWdep[ 4] = 7637001
WAWdep[ 5] = 5429805
WAWdep[ 6] = 6539908
WAWdep[ 7] = 2703650
WAWdep[ 8] = 2644006
WAWdep[ 9] = 3595770
WAWdep[ 10] = 3007289
WAWdep[ 11] = 1487286
WAWdep[ 12] = 1474954
WAWdep[ 13] = 2253484
WAWdep[ 14] = 1262568
WAWdep[ 15] = 828415
WAWdep[ 16] = 1212980
WAWdep[ 17] = 954428
WAWdep[ 18] = 519445
WAWdep[ 19] = 735248
WAWdep[ 20] = 880363
WAWdep[ 21] = 834335
WAWdep[ 22] = 405736
WAWdep[ 23] = 475945
WAWdep[ 24] = 434149
WAWdep[ 25] = 320141
WAWdep[ 26] = 238308
WAWdep[ 27] = 662063
WAWdep[ 28] = 379663
WAWdep[ 29] = 309093
WAWdep[ 30] = 245567
WAWdep[ 31] = 200558
WAWdep[ 32] = 983562
WAWdep[ 33] = 16343674

WARdep[ 0] = 44154659
WARdep[ 1] = 9336274
WARdep[ 2] = 8629596
WARdep[ 3] = 6070800
WARdep[ 4] = 4553238
WARdep[ 5] = 3795667
WARdep[ 6] = 2809351
WARdep[ 7] = 3524373
WARdep[ 8] = 2565895
WARdep[ 9] = 1990763
WARdep[ 10] = 2737410
WARdep[ 11] = 2067120
WARdep[ 12] = 1297049
WARdep[ 13] = 1187701
WARdep[ 14] = 1062115
WARdep[ 15] = 621116
WARdep[ 16] = 910116
WARdep[ 17] = 846313
WARdep[ 18] = 872142
WARdep[ 19] = 919267
WARdep[ 20] = 1111290
WARdep[ 21] = 870563
WARdep[ 22] = 825732
WARdep[ 23] = 322626
WARdep[ 24] = 793389
WARdep[ 25] = 887299
WARdep[ 26] = 839019
WARdep[ 27] = 728159
WARdep[ 28] = 535303
WARdep[ 29] = 532571
WARdep[ 30] = 448696
WARdep[ 31] = 675155
WARdep[ 32] = 593626
WARdep[ 33] = 13556704


		"0": "0",
		"1": "42700776",
		"2": "16698021",
		"3": "14968785",
		"4": "7912222",
		"5": "4385648",
		"6": "4777889",
		"7": "2814395",
		"8": "3056715",
		"9": "2725245",
		"10": "2605443",
		"11": "1915835",
		"12": "1311028",
		"13": "1491835",
		"14": "691626",
		"15": "958318",
		"16": "1310946",
		"17": "1098974",
		"18": "471690",
		"19": "805581",
		"20": "988617",
		"21": "625485",
		"22": "840362",
		"23": "941985",
		"24": "590690",
		"25": "463193",
		"26": "241813",
		"27": "498379",
		"28": "732981",
		"29": "1150078",
		"30": "552828",
		"31": "451819",
		"32": "1075148",
		"33": "30441839",


# END_DYNAMIC_STATS
