# Branch output version 3
Dynamic_Instruction_Count: 100001499
Dynamic_Conditional_Branch_Count: 16632227
Dynamic_Unconditional_Branch_Count: 1196097
Total_Taken_Branches: 9014171
Total_Branch_Transitions: 2181453

Local Branch Stats (Total Count; Taken Count; Transition Count)
26 0 0
26 0 0
26 0 0
26 0 0
26 0 0
26 0 0
26 0 0
26 0 0
26 0 0
26 26 0
26 0 0
26 0 0
26 0 0
26 0 0
26 0 0
26 0 0
26 0 0
26 0 0
26 0 0
26 0 0
26 0 0
26 0 0
26 0 0
26 0 0
26 26 0
26 0 0
26 26 0
26 26 0
26 0 0
26 26 0
26 0 0
26 26 0
26 0 0
26 0 0
26 26 0
26 26 0
26 26 0
26 26 0
26 0 0
26 0 0
53248 53222 51
26 0 0
52 0 0
52 26 51
26 26 0
26 0 0
26 0 0
26 0 0
26 26 0
26 0 0
26 0 0
26 26 0
26 26 0
26 26 0
15136 5 10
15131 1509 2718
13622 9324 3842
12804 6012 5654
46737 8506 14090
47555 46737 1635
9324 5443 4504
3881 818 1243
1083619 317 634
1083302 3424 6786
1079878 816302 255850
875319 419132 387817
5137824 611743 1036114
5342383 5137825 409116
2442 83 122
2359 928 206
928 0 0
928 893 62
147708 350 647
148251 147708 1086
2442 2442 0
2442 2442 0
2442 740 813
1702 0 0
1702 1419 349
1023 847 192
2332 0 0
2332 0 0
2442 652 800
2266 0 0
2266 1312 879
4836 1202 1493
4946 4836 220
110 0 0
110 110 0
208189 0 0
208189 0 0
208189 935 1870
208189 208189 0
75 0 0
1800 1200 1199
600 75 149
525 525 0
75 75 0
75 0 0
75 0 0
1575 1050 1049
525 0 0
525 450 149
1324 203 196
1121 788 105
333 221 128
333 0 0
333 310 44
333 229 135
333 3 6
330 280 80
190 140 93
221 129 90
788 759 29
29 19 9
10 4 4
29 29 0
229 0 0
759 1 2
787 767 28
787 0 0
787 735 102
3372 3092 559
203 98 84
203 63 50
767 761 11
784 686 195
26 0 0
1350 26 52
1324 77 136
22253 0 0
22253 1324 2647
20929 19643 2572
1363 1357 12
6 0 0
1350 0 0
1350 0 0
1350 0 0
1350 1324 52
26 26 0
1324 1324 0
1363 1357 12
1363 1363 0
1324 1066 130
1066 96 192
970 2 4
970 16 32
970 0 0
1066 1066 0
4214 1055 2109
4264 3272 1812
992 127 198
865 0 0
865 836 54
198502 119 208
199219 198502 1433
865 815 43
50 39 17
1066 301 99
765 0 0
256 240 31
8 0 0
2112 1760 703
352 344 15
8 0 0
240 232 15
8 6 3
1032 784 480
248 246 3
301 131 164
170 170 0
131 111 30
20 0 0
20 20 0
111 90 16
168 147 41
111 8 8
111 0 0
756 645 215
444 426 32
18 7 2
11 3 5
59 9 4
59 41 25
444 333 221
111 7 6
104 104 0
600 144 71
743 37 17
743 284 269
743 600 66
720 630 179
8 0 0
111 0 0
1472 96 167
1376 1373 6
3 0 0
3 1 1
2 2 0
3 0 0
3 0 0
3 1 1
101 57 6
44 34 6
10 9 2
1376 890 415
3888 3402 971
1376 929 408
1376 613 418
1376 0 0
1376 448 408
928 588 342
340 0 0
340 325 28
44 13 5
46 44 4
15 12 5
3 1 1
3 1 2
18 16 3
3 1 2
5504 926 1538
5504 4128 2751
1376 1376 0
1376 156 166
1220 864 480
1071 715 452
1220 959 200
384 123 170
5653 1586 807
6611 4919 1049
6611 2978 2941
6611 2893 1392
6611 5653 601
1586 0 0
2978 0 0
2978 223 386
435 220 128
438 435 6
2978 2911 124
536 469 133
67 49 28
75 57 25
67 41 30
2978 1220 1781
926 418 337
508 0 0
508 155 195
1077 351 497
1079 1077 4
508 504 8
24 20 7
508 411 100
97 36 43
1587 1492 46
1587 1079 705
508 508 0
370 15 30
863 370 92
508 472 20
288 252 71
36 24 10
150 138 19
36 23 12
1376 1361 30
1373 505 417
868 769 32
7120 6230 1779
505 486 28
19 19 0
613 24 46
589 60 18
553 542 18
144 0 0
284 104 164
1 1 0
486 346 128
369 111 129
369 366 6
3 0 0
346 159 185
26 0 0
26 0 0
26 26 0
26 26 0
26 0 0
26 0 0
26 0 0
26 0 0
26 0 0
26 26 0
26 0 0
52 0 0
52 0 0
52 0 0
52 0 0
52 0 0
52 52 0
52 0 0
52 0 0
52 0 0
6604 6552 103
