# Mix output version 2
# FINI: end of program
# EMIT_DYNAMIC_STATS FOR TID 1, ins = 100001499
Dynamic Instruction Count = 100001499, Dyn BBL Count = 17828324
RAWdep[ 0] = 0
RAWdep[ 1] = 34302149
RAWdep[ 2] = 8056827
RAWdep[ 3] = 18870061
RAWdep[ 4] = 3082716
RAWdep[ 5] = 6994386
RAWdep[ 6] = 1467302
RAWdep[ 7] = 2382638
RAWdep[ 8] = 6148023
RAWdep[ 9] = 2328853
RAWdep[ 10] = 694551
RAWdep[ 11] = 1425317
RAWdep[ 12] = 424914
RAWdep[ 13] = 470897
RAWdep[ 14] = 333601
RAWdep[ 15] = 232064
RAWdep[ 16] = 1762033
RAWdep[ 17] = 545995
RAWdep[ 18] = 1581816
RAWdep[ 19] = 1171679
RAWdep[ 20] = 279827
RAWdep[ 21] = 81196
RAWdep[ 22] = 1100296
RAWdep[ 23] = 663882
RAWdep[ 24] = 1421563
RAWdep[ 25] = 228052
RAWdep[ 26] = 39378
RAWdep[ 27] = 32376
RAWdep[ 28] = 262056
RAWdep[ 29] = 264406
RAWdep[ 30] = 295795
RAWdep[ 31] = 515403
RAWdep[ 32] = 1212278
RAWdep[ 33] = 67555377

WAWdep[ 0] = 0
WAWdep[ 1] = 18168311
WAWdep[ 2] = 23077165
WAWdep[ 3] = 9380150
WAWdep[ 4] = 6289971
WAWdep[ 5] = 13937368
WAWdep[ 6] = 6693505
WAWdep[ 7] = 4460389
WAWdep[ 8] = 10246507
WAWdep[ 9] = 336156
WAWdep[ 10] = 1133491
WAWdep[ 11] = 673720
WAWdep[ 12] = 1117460
WAWdep[ 13] = 951510
WAWdep[ 14] = 365151
WAWdep[ 15] = 1120113
WAWdep[ 16] = 301545
WAWdep[ 17] = 1255594
WAWdep[ 18] = 1357208
WAWdep[ 19] = 1254144
WAWdep[ 20] = 486926
WAWdep[ 21] = 20508
WAWdep[ 22] = 118070
WAWdep[ 23] = 13705
WAWdep[ 24] = 67577
WAWdep[ 25] = 247211
WAWdep[ 26] = 8376
WAWdep[ 27] = 22833
WAWdep[ 28] = 10822
WAWdep[ 29] = 46458
WAWdep[ 30] = 51015
WAWdep[ 31] = 6655
WAWdep[ 32] = 292149
WAWdep[ 33] = 10857852

WARdep[ 0] = 38225344
WARdep[ 1] = 10901168
WARdep[ 2] = 6598966
WARdep[ 3] = 3987816
WARdep[ 4] = 7941822
WARdep[ 5] = 7054735
WARdep[ 6] = 1811066
WARdep[ 7] = 3545216
WARdep[ 8] = 336231
WARdep[ 9] = 1220059
WARdep[ 10] = 1126522
WARdep[ 11] = 830718
WARdep[ 12] = 2026996
WARdep[ 13] = 1164072
WARdep[ 14] = 1796301
WARdep[ 15] = 727313
WARdep[ 16] = 522458
WARdep[ 17] = 235024
WARdep[ 18] = 491603
WARdep[ 19] = 504426
WARdep[ 20] = 1182155
WARdep[ 21] = 481122
WARdep[ 22] = 1471478
WARdep[ 23] = 22081
WARdep[ 24] = 23399
WARdep[ 25] = 564744
WARdep[ 26] = 35534
WARdep[ 27] = 28970
WARdep[ 28] = 691469
WARdep[ 29] = 480892
WARdep[ 30] = 1364971
WARdep[ 31] = 17083
WARdep[ 32] = 287245
WARdep[ 33] = 16670616


		"0": "0",
		"1": "34302149",
		"2": "8056827",
		"3": "18870061",
		"4": "3082716",
		"5": "6994386",
		"6": "1467302",
		"7": "2382638",
		"8": "6148023",
		"9": "2328853",
		"10": "694551",
		"11": "1425317",
		"12": "424914",
		"13": "470897",
		"14": "333601",
		"15": "232064",
		"16": "1762033",
		"17": "545995",
		"18": "1581816",
		"19": "1171679",
		"20": "279827",
		"21": "81196",
		"22": "1100296",
		"23": "663882",
		"24": "1421563",
		"25": "228052",
		"26": "39378",
		"27": "32376",
		"28": "262056",
		"29": "264406",
		"30": "295795",
		"31": "515403",
		"32": "1212278",
		"33": "67555377",


# END_DYNAMIC_STATS
