# Branch output version 3
Dynamic_Instruction_Count: 100101501
Dynamic_Conditional_Branch_Count: 10274725
Dynamic_Unconditional_Branch_Count: 5720668
Total_Taken_Branches: 10224622
Total_Branch_Transitions: 2789246

Local Branch Stats (Total Count; Taken Count; Transition Count)
628 65 109
563 118 171
628 471 313
157 0 0
157 157 0
65 65 0
118 6 12
112 67 54
157 0 0
157 0 0
157 0 0
157 0 0
157 157 0
4239 0 0
4239 0 0
4239 0 0
4239 0 0
4396 4239 313
157 0 0
157 0 0
157 29 58
29 29 0
3 0 0
3 0 0
3 0 0
3 0 0
157 0 0
157 128 58
29 0 0
157 128 58
29 0 0
256 256 0
256 0 0
256 256 0
256 0 0
256 0 0
256 256 0
256 0 0
256 0 0
256 256 0
128 128 0
128 0 0
27667 7755 11309
24848 1494 2987
46208 27667 16166
21360 20422 1876
2432 2304 255
7755 4936 2834
128 128 0
40385 128 256
40257 0 0
40257 0 0
40257 878 1500
39507 35672 256
3835 11 20
40800 160 319
288 131 255
160 160 0
131 3 6
160 0 0
160 3 6
157 157 0
3 0 0
128 128 0
128 0 0
128 128 0
128 0 0
128 0 0
128 0 0
128 0 0
128 0 0
128 128 0
128 128 0
128 0 0
128 128 0
128 0 0
128 128 0
128 0 0
128 0 0
765 750 30
15 6 11
9 0 0
9 3 5
6 0 0
6 0 0
6 0 0
6 3 5
3 0 0
12 3 5
9 0 0
9 0 0
18 9 12
12 9 5
3 0 0
3 0 0
3 0 0
3 0 0
12 3 5
9 0 0
9 0 0
18 9 12
12 9 5
6 6 0
3 3 0
3 3 0
144756 89788 38321
54968 501 940
54467 283 534
54184 249 474
628 157 313
471 258 153
128 41 28
300 128 170
628 471 313
128 0 0
4643 93 185
7755 4643 3196
3112 3077 70
134 76 49
134 67 65
134 62 37
134 112 36
134 66 41
68 4 4
64 5 9
59 0 0
59 38 12
62 1 2
61 0 0
61 1 2
60 0 0
67 0 0
67 1 2
66 0 0
66 2 4
76 15 9
61 0 0
61 0 0
61 0 0
5792 1448 2895
4344 1051 1309
2441 539 751
5195 2441 3348
5792 4344 2895
5792 1641 2812
5792 4344 2895
15880 3970 7939
11910 2744 3769
6566 1710 2327
14022 6566 9398
15880 11910 7939
3970 2329 752
39506 1448 2742
152233 38058 76116
114175 29624 36392
60264 14296 18868
130519 60263 84528
152234 114175 76117
152236 90163 63664
152236 114177 76117
38059 410 772
90163 45199 43855
44964 0 0
44964 7220 11565
37744 20874 18785
32348 7842 11629
32348 8261 11512
32348 8361 11614
32348 16870 7612
32348 24042 12074
8306 1443 1846
6863 1058 1826
5805 0 0
5805 786 1381
45199 39312 9813
37760 9440 18879
28320 8910 9348
13628 2988 4242
30050 13628 19798
37760 28320 18879
9440 3553 2846
4600 1150 2299
3450 1180 1451
1282 575 544
2977 1282 1844
4600 3450 2299
1150 740 819
8361 1140 1725
7221 0 0
7221 528 847
6693 127 225
8261 0 0
8261 1518 2227
6743 286 466
6457 472 820
7842 1818 2648
6024 529 813
5495 458 776
5037 0 0
33528 7383 10622
33528 6264 9571
33528 6869 10322
33528 20874 6488
33528 25619 11564
7909 1287 1718
6622 1188 1801
5434 0 0
5434 692 1146
6869 1850 2425
5019 0 0
5019 1281 1799
3738 140 232
6264 0 0
6264 1426 2017
4838 687 1026
4151 893 1303
7383 1442 2198
5941 636 1019
5305 1292 1940
4013 0 0
7755 4903 2856
2852 852 894
2000 1983 30
852 16 32
197039 143133 64230
53906 15494 21481
38412 36864 2346
15494 841 1250
101395 62478 36777
62478 5761 9361
60732 17575 23601
43157 3929 6303
42346 9035 13396
33311 3177 4982
32675 5877 8862
26798 2902 4448
26354 2730 4435
23624 7444 9094
63181 8644 16609
54537 16959 22886
61228 47001 28453
8644 0 0
1294 474 275
9464 1294 2182
8170 820 1370
16959 9437 6654
34463 19325 14164
59150 19354 31225
58017 44012 28009
33330 26941 8561
6389 6389 0
19354 9902 13643
4673 3540 1032
10585 4673 4986
5912 1133 1775
5761 4015 2112
3929 3118 1136
3177 2541 846
2902 2458 600
226051 28372 56635
313776 201774 129171
112002 54339 33223
87725 76875 21303
54339 3026 5490
52809 44685 12259
41601 1838 3408
40839 34709 9539
34657 1554 2874
33877 28926 7890
29307 1134 2106
28848 24684 6629
26453 14351 12162
46775 6799 12890
39976 7119 10560
44599 9926 19851
6799 0 0
1040 74 114
7765 1040 2045
6725 966 1563
7119 2871 3017
10256 3758 3668
24646 9351 14224
23436 18148 10575
9046 6008 3105
3038 3038 0
9351 4710 6694
2052 842 623
5851 2052 3092
3799 1210 1724
3026 1496 1456
1838 1076 908
1554 774 773
1134 675 524
34709 28527 9603
44685 33477 15830
28926 24356 7004
24684 22289 4050
39222 36762 4716
121 113 14
2643 33 66
2610 4 4
2606 1078 1180
1711 791 792
1038 578 496
529 34 56
495 50 82
2522 175 326
1078 183 268
791 118 177
578 69 104
1524 180 330
1524 162 310
1524 180 348
1524 159 294
99371 55216 42036
99371 65133 39341
99371 67195 39121
99371 72954 35191
156888 41397 58610
156888 117666 78443
41397 31028 14332
10369 10369 0
10369 6715 3679
95716 50130 49336
95716 71787 47857
23929 13560 7454
10369 7721 3168
2648 237 455
2411 0 0
50130 44326 9537
5804 25 10
5779 3673 2444
2636 530 856
2106 1615 690
4164 4164 0
4773 609 748
4164 1107 1441
3057 991 1239
2066 1098 856
968 968 0
609 609 0
15644 5275 4836
10369 2558 3775
7811 2707 3496
5104 2518 2455
2586 2586 0
5275 5275 0
264 264 0
264 132 195
132 132 0
264 0 0
264 132 195
264 264 0
264 132 195
132 0 0
132 132 0
40385 0 0
288 246 84
246 207 75
576 0 0
91061 45490 45494
45571 0 0
45571 45571 0
51050 814 1589
95807 36 72
95771 24904 29654
70867 26110 17620
45490 0 0
45490 0 0
95363 25 50
95337 24614 29206
70723 45068 18087
50294 49873 824
421 0 0
2126 17 34
2530 2 4
2528 1075 1150
1453 404 378
1841 17 34
2638 1 2
2637 924 926
1713 797 434
814 814 0
40385 753 1500
39632 39632 0
91060 34 34
91026 68270 45512
58030 21912 32987
36118 35274 1688
21912 0 0
39632 410 772
39222 8140 12107
101126 70044 48767
31082 444 860
30638 0 0
100419 1048 1682
468600 92932 164153
375668 369229 12877
99371 68413 36487
100419 69781 48485
30638 13044 13082
17594 13079 6186
6204 0 0
6204 1689 2382
17594 17594 0
3 3 0
157 0 0
157 157 0
157 157 0
56448 35088 11446
56448 56320 255
128 0 0
235516 0 0
288 199 59
288 128 255
160 0 0
160 110 59
128 39 59
160 0 0
160 160 0
40640 0 0
40800 0 0
40800 28247 11467
40800 39727 1413
40800 40640 319
160 0 0
160 32 64
128 39 59
9366 39 77
9945 9366 1034
579 579 0
32 11 15
2805 11 21
2805 2641 292
5355 21 41
5355 5044 550
22695 89 177
22695 21377 2318
3 3 0
3 3 0
3 3 0
765 3 5
765 3 5
762 727 70
762 760 4
3 3 0
765 3 5
765 0 0
765 0 0
765 3 6
762 27 41
735 0 0
3 0 0
3 0 0
3 0 0
131 0 0
131 131 0
1310 137 267
3 0 0
3 0 0
3 0 0
3 3 0
234 234 0
234 137 193
234 234 0
234 0 0
234 3 6
1310 1179 261
775 0 0
775 0 0
775 0 0
775 0 0
775 524 450
251 0 0
251 0 0
251 0 0
251 251 0
251 0 0
251 154 194
97 97 0
251 251 0
251 0 0
251 154 194
97 97 0
524 0 0
524 524 0
524 0 0
524 524 0
524 0 0
524 0 0
524 0 0
524 0 0
524 521 4
3 0 0
3 0 0
3 0 0
3 3 0
524 0 0
524 138 258
386 0 0
386 0 0
386 0 0
386 381 10
5 0 0
524 0 0
524 6 6
524 524 0
524 524 0
524 0 0
524 0 0
524 0 0
524 524 0
524 0 0
524 524 0
1541 0 0
1541 524 262
1017 1001 32
16 16 0
16 0 0
1525 259 262
1266 1033 262
233 0 0
233 0 0
233 233 0
813 0 0
259 259 0
259 128 255
1047 0 0
2339 556 1103
1783 0 0
1783 0 0
1783 494 261
1289 1021 273
1055 8 14
1047 525 272
522 6 12
516 388 256
128 0 0
128 128 0
6 0 0
6 0 0
128 128 0
128 0 0
128 128 0
1021 137 267
884 156 50
728 267 29
728 728 0
556 259 261
608 315 301
293 0 0
293 278 10
15 0 0
15 9 3
6 0 0
6 6 0
2606 0 0
3214 2606 646
608 428 312
8 0 0
16 16 0
259 131 255
128 0 0
128 0 0
128 128 0
128 0 0
128 0 0
128 0 0
128 0 0
128 128 0
128 0 0
128 0 0
428 0 0
428 0 0
428 0 0
428 0 0
428 20 30
408 279 258
428 423 10
5 0 0
423 0 0
423 131 261
423 402 26
128 0 0
128 0 0
128 0 0
279 0 0
279 0 0
279 0 0
1541 0 0
1541 0 0
1541 1541 0
1541 0 0
1541 0 0
1541 1541 0
1541 0 0
1541 0 0
1541 0 0
1541 0 0
775 0 0
775 0 0
775 0 0
775 775 0
1152 0 0
1152 0 0
1152 1152 0
1152 0 0
1152 0 0
1152 0 0
15104 13952 2303
644 360 336
284 0 0
284 228 95
360 290 130
290 290 0
228 0 0
228 228 0
290 0 0
1729 1439 577
1583 1355 455
1541 0 0
