Block 0x0: Count: 190397, Running Total: 190397
Block 0x1: Count: 235516, Running Total: 425913
Block 0x2: Count: 313776, Running Total: 739689
Block 0x3: Count: 468600, Running Total: 1208289
Block 0x4: Count: 53906, Running Total: 1262195
Block 0x5: Count: 99371, Running Total: 1361566
Block 0x6: Count: 152233, Running Total: 1513799
Block 0x7: Count: 156888, Running Total: 1670687
Block 0x8: Count: 468600, Running Total: 2139287
Block 0x9: Count: 468600, Running Total: 2607887
Block 0xa: Count: 144756, Running Total: 2752643
Block 0xb: Count: 91026, Running Total: 2843669
Block 0xc: Count: 152236, Running Total: 2995905
Block 0xd: Count: 197039, Running Total: 3192944
Block 0xe: Count: 190397, Running Total: 3383341
Block 0xf: Count: 375668, Running Total: 3759009
Block 0x10: Count: 40800, Running Total: 3799809
Block 0x11: Count: 91061, Running Total: 3890870
Block 0x12: Count: 99371, Running Total: 3990241
Block 0x13: Count: 38058, Running Total: 4028299
Load metaop: *mem-read-1
Load metaop: *mem-read-2
Load metaop: *mem-read-4
Load metaop: *mem-read-8
Load metaop: *mem-read-16
Store metaop: *mem-write-1
Store metaop: *mem-write-2
Store metaop: *mem-write-4
Store metaop: *mem-write-8
Store metaop: *mem-write-16
Xfer metaop: *category-DATAXFER
Unrecognized opcode CDQ, classifying as "other"
Unrecognized opcode CDQE, classifying as "other"
Unrecognized opcode CMOVL, classifying as "other"
Unrecognized opcode CMOVLE, classifying as "other"
Unrecognized opcode CMOVNB, classifying as "other"
Unrecognized opcode CMOVNLE, classifying as "other"
Unrecognized opcode CMOVNZ, classifying as "other"
Unrecognized opcode CMOVZ, classifying as "other"
Unrecognized opcode CMPXCHG, classifying as "other"
Unrecognized opcode LDDQU, classifying as "other"
Unrecognized opcode LEAVE, classifying as "other"
Unrecognized opcode NOP, classifying as "other"
Opcode REP_STOSQ has repeat prefix; discarding prefix
Unrecognized opcode SETNBE, classifying as "other"
Unrecognized opcode SETNLE, classifying as "other"
Unrecognized opcode SETNZ, classifying as "other"
Unrecognized opcode SETZ, classifying as "other"
Unrecognized opcode VADDSS, classifying as "other"
Unrecognized opcode VCVTSI2SS, classifying as "other"
Unrecognized opcode VCVTTSS2SI, classifying as "other"
Unrecognized opcode VDIVSS, classifying as "other"
Unrecognized opcode VMOVSS, classifying as "other"
Unrecognized opcode VSUBSS, classifying as "other"
Unrecognized opcode VUCOMISS, classifying as "other"
Unrecognized opcode VXORPS, classifying as "other"
Total metaop: *total

Done parsing file

"Other" ratio: 28.4455958874%
Sum category count: 143396880
Static BBL count: 20

# FINI: end of program
Dynamic Instruction Count = 100101501, Dyn BBL Count = 4028299
<DynInsCount> 100101501
<BBLCount> 4028299
<TotInsCount> 100101501
<IntCount> 39141784
<IntMulCount> 697746
<IntDivCount> 94857
<FPCount> 0
<FPMulCount> 0
<FPDivCount> 0
<LdCount> 26677440
<StCount> 9724838
<Br/CallCount> 15995393
<CondBrCount> 10274725
<OtherCount> 40790097
<SysCallCount> 0

# END_DYNAMIC_STATS


Saving to file ./pinball_out/t0r24/imix_new.out


