# Mix output version 2
# FINI: end of program
# EMIT_DYNAMIC_STATS FOR TID 1
# instructions = 100101501, basic blocks = 16000321
Local Byte Stride Bucket -256 is equal to 1708364
Local Byte Stride Bucket -255 is equal to 3
Local Byte Stride Bucket -254 is equal to 4729
Local Byte Stride Bucket -253 is equal to 5
Local Byte Stride Bucket -252 is equal to 20736
Local Byte Stride Bucket -251 is equal to 2
Local Byte Stride Bucket -250 is equal to 6036
Local Byte Stride Bucket -249 is equal to 7
Local Byte Stride Bucket -248 is equal to 17437
Local Byte Stride Bucket -247 is equal to 3
Local Byte Stride Bucket -246 is equal to 5996
Local Byte Stride Bucket -245 is equal to 3
Local Byte Stride Bucket -244 is equal to 10649
Local Byte Stride Bucket -243 is equal to 4
Local Byte Stride Bucket -242 is equal to 5056
Local Byte Stride Bucket -241 is equal to 19
Local Byte Stride Bucket -240 is equal to 9596
Local Byte Stride Bucket -239 is equal to 1
Local Byte Stride Bucket -238 is equal to 4762
Local Byte Stride Bucket -237 is equal to 2
Local Byte Stride Bucket -236 is equal to 8356
Local Byte Stride Bucket -235 is equal to 2
Local Byte Stride Bucket -234 is equal to 4296
Local Byte Stride Bucket -233 is equal to 1
Local Byte Stride Bucket -232 is equal to 7863
Local Byte Stride Bucket -231 is equal to 2
Local Byte Stride Bucket -230 is equal to 16183
Local Byte Stride Bucket -229 is equal to 3
Local Byte Stride Bucket -228 is equal to 7056
Local Byte Stride Bucket -227 is equal to 5
Local Byte Stride Bucket -226 is equal to 4754
Local Byte Stride Bucket -225 is equal to 3
Local Byte Stride Bucket -224 is equal to 23944
Local Byte Stride Bucket -223 is equal to 7
Local Byte Stride Bucket -222 is equal to 4690
Local Byte Stride Bucket -221 is equal to 1
Local Byte Stride Bucket -220 is equal to 8188
Local Byte Stride Bucket -219 is equal to 4
Local Byte Stride Bucket -218 is equal to 5070
Local Byte Stride Bucket -217 is equal to 5
Local Byte Stride Bucket -216 is equal to 9445
Local Byte Stride Bucket -215 is equal to 11
Local Byte Stride Bucket -214 is equal to 6536
Local Byte Stride Bucket -213 is equal to 4
Local Byte Stride Bucket -212 is equal to 8748
Local Byte Stride Bucket -211 is equal to 3
Local Byte Stride Bucket -210 is equal to 6917
Local Byte Stride Bucket -209 is equal to 3
Local Byte Stride Bucket -208 is equal to 10215
Local Byte Stride Bucket -207 is equal to 28
Local Byte Stride Bucket -206 is equal to 6120
Local Byte Stride Bucket -205 is equal to 2
Local Byte Stride Bucket -204 is equal to 10219
Local Byte Stride Bucket -203 is equal to 1
Local Byte Stride Bucket -202 is equal to 4801
Local Byte Stride Bucket -200 is equal to 9991
Local Byte Stride Bucket -199 is equal to 17
Local Byte Stride Bucket -198 is equal to 5092
Local Byte Stride Bucket -197 is equal to 4
Local Byte Stride Bucket -196 is equal to 8606
Local Byte Stride Bucket -195 is equal to 2
Local Byte Stride Bucket -194 is equal to 4615
Local Byte Stride Bucket -193 is equal to 12
Local Byte Stride Bucket -192 is equal to 9703
Local Byte Stride Bucket -191 is equal to 13
Local Byte Stride Bucket -190 is equal to 8700
Local Byte Stride Bucket -189 is equal to 8
Local Byte Stride Bucket -188 is equal to 9024
Local Byte Stride Bucket -187 is equal to 3
Local Byte Stride Bucket -186 is equal to 5245
Local Byte Stride Bucket -185 is equal to 2
Local Byte Stride Bucket -184 is equal to 10853
Local Byte Stride Bucket -183 is equal to 6
Local Byte Stride Bucket -182 is equal to 5132
Local Byte Stride Bucket -181 is equal to 6
Local Byte Stride Bucket -180 is equal to 17422
Local Byte Stride Bucket -179 is equal to 2
Local Byte Stride Bucket -178 is equal to 4833
Local Byte Stride Bucket -177 is equal to 7
Local Byte Stride Bucket -176 is equal to 24545
Local Byte Stride Bucket -175 is equal to 13
Local Byte Stride Bucket -174 is equal to 6930
Local Byte Stride Bucket -173 is equal to 1
Local Byte Stride Bucket -172 is equal to 31787
Local Byte Stride Bucket -171 is equal to 1
Local Byte Stride Bucket -170 is equal to 8558
Local Byte Stride Bucket -168 is equal to 36017
Local Byte Stride Bucket -167 is equal to 3
Local Byte Stride Bucket -166 is equal to 8661
Local Byte Stride Bucket -165 is equal to 4
Local Byte Stride Bucket -164 is equal to 34470
Local Byte Stride Bucket -162 is equal to 6989
Local Byte Stride Bucket -161 is equal to 4
Local Byte Stride Bucket -160 is equal to 74123
Local Byte Stride Bucket -159 is equal to 8
Local Byte Stride Bucket -158 is equal to 5690
Local Byte Stride Bucket -157 is equal to 1
Local Byte Stride Bucket -156 is equal to 11777
Local Byte Stride Bucket -155 is equal to 15
Local Byte Stride Bucket -154 is equal to 5600
Local Byte Stride Bucket -152 is equal to 9450
Local Byte Stride Bucket -151 is equal to 7
Local Byte Stride Bucket -150 is equal to 5206
Local Byte Stride Bucket -149 is equal to 2
Local Byte Stride Bucket -148 is equal to 9334
Local Byte Stride Bucket -147 is equal to 4
Local Byte Stride Bucket -146 is equal to 5307
Local Byte Stride Bucket -145 is equal to 3
Local Byte Stride Bucket -144 is equal to 9674
Local Byte Stride Bucket -143 is equal to 13
Local Byte Stride Bucket -142 is equal to 6109
Local Byte Stride Bucket -141 is equal to 14
Local Byte Stride Bucket -140 is equal to 9796
Local Byte Stride Bucket -139 is equal to 4
Local Byte Stride Bucket -138 is equal to 5914
Local Byte Stride Bucket -137 is equal to 6
Local Byte Stride Bucket -136 is equal to 18464
Local Byte Stride Bucket -135 is equal to 8
Local Byte Stride Bucket -134 is equal to 7477
Local Byte Stride Bucket -133 is equal to 5
Local Byte Stride Bucket -132 is equal to 13026
Local Byte Stride Bucket -131 is equal to 28
Local Byte Stride Bucket -130 is equal to 14919
Local Byte Stride Bucket -129 is equal to 18
Local Byte Stride Bucket -128 is equal to 45508
Local Byte Stride Bucket -127 is equal to 12
Local Byte Stride Bucket -126 is equal to 22396
Local Byte Stride Bucket -125 is equal to 11
Local Byte Stride Bucket -124 is equal to 20171
Local Byte Stride Bucket -123 is equal to 9
Local Byte Stride Bucket -122 is equal to 10247
Local Byte Stride Bucket -120 is equal to 12921
Local Byte Stride Bucket -118 is equal to 7279
Local Byte Stride Bucket -117 is equal to 2
Local Byte Stride Bucket -116 is equal to 11714
Local Byte Stride Bucket -115 is equal to 5
Local Byte Stride Bucket -114 is equal to 6215
Local Byte Stride Bucket -113 is equal to 2
Local Byte Stride Bucket -112 is equal to 10529
Local Byte Stride Bucket -111 is equal to 1
Local Byte Stride Bucket -110 is equal to 6049
Local Byte Stride Bucket -109 is equal to 4
Local Byte Stride Bucket -108 is equal to 9861
Local Byte Stride Bucket -107 is equal to 8
Local Byte Stride Bucket -106 is equal to 6521
Local Byte Stride Bucket -105 is equal to 14
Local Byte Stride Bucket -104 is equal to 10349
Local Byte Stride Bucket -103 is equal to 4
Local Byte Stride Bucket -102 is equal to 7837
Local Byte Stride Bucket -101 is equal to 7
Local Byte Stride Bucket -100 is equal to 12113
Local Byte Stride Bucket -99 is equal to 6
Local Byte Stride Bucket -98 is equal to 6543
Local Byte Stride Bucket -97 is equal to 13
Local Byte Stride Bucket -96 is equal to 20132
Local Byte Stride Bucket -95 is equal to 7
Local Byte Stride Bucket -94 is equal to 8823
Local Byte Stride Bucket -93 is equal to 1
Local Byte Stride Bucket -92 is equal to 31121
Local Byte Stride Bucket -91 is equal to 11
Local Byte Stride Bucket -90 is equal to 15088
Local Byte Stride Bucket -89 is equal to 11
Local Byte Stride Bucket -88 is equal to 218614
Local Byte Stride Bucket -87 is equal to 9
Local Byte Stride Bucket -86 is equal to 35003
Local Byte Stride Bucket -85 is equal to 2
Local Byte Stride Bucket -84 is equal to 106490
Local Byte Stride Bucket -83 is equal to 3
Local Byte Stride Bucket -82 is equal to 36943
Local Byte Stride Bucket -81 is equal to 10
Local Byte Stride Bucket -80 is equal to 58901
Local Byte Stride Bucket -79 is equal to 8
Local Byte Stride Bucket -78 is equal to 12023
Local Byte Stride Bucket -77 is equal to 9
Local Byte Stride Bucket -76 is equal to 31236
Local Byte Stride Bucket -75 is equal to 6
Local Byte Stride Bucket -74 is equal to 7579
Local Byte Stride Bucket -73 is equal to 9
Local Byte Stride Bucket -72 is equal to 17025
Local Byte Stride Bucket -70 is equal to 7727
Local Byte Stride Bucket -69 is equal to 14
Local Byte Stride Bucket -68 is equal to 12023
Local Byte Stride Bucket -67 is equal to 19
Local Byte Stride Bucket -66 is equal to 7200
Local Byte Stride Bucket -65 is equal to 21
Local Byte Stride Bucket -64 is equal to 454191
Local Byte Stride Bucket -63 is equal to 30
Local Byte Stride Bucket -62 is equal to 7568
Local Byte Stride Bucket -61 is equal to 8
Local Byte Stride Bucket -60 is equal to 11112
Local Byte Stride Bucket -59 is equal to 5
Local Byte Stride Bucket -58 is equal to 7558
Local Byte Stride Bucket -57 is equal to 16
Local Byte Stride Bucket -56 is equal to 13900
Local Byte Stride Bucket -55 is equal to 8
Local Byte Stride Bucket -54 is equal to 9328
Local Byte Stride Bucket -53 is equal to 15
Local Byte Stride Bucket -52 is equal to 12522
Local Byte Stride Bucket -51 is equal to 14
Local Byte Stride Bucket -50 is equal to 11372
Local Byte Stride Bucket -49 is equal to 10
Local Byte Stride Bucket -48 is equal to 26523
Local Byte Stride Bucket -47 is equal to 9
Local Byte Stride Bucket -46 is equal to 31943
Local Byte Stride Bucket -45 is equal to 3
Local Byte Stride Bucket -44 is equal to 226096
Local Byte Stride Bucket -43 is equal to 8
Local Byte Stride Bucket -42 is equal to 108207
Local Byte Stride Bucket -41 is equal to 6
Local Byte Stride Bucket -40 is equal to 66520
Local Byte Stride Bucket -39 is equal to 5
Local Byte Stride Bucket -38 is equal to 34699
Local Byte Stride Bucket -37 is equal to 6
Local Byte Stride Bucket -36 is equal to 19620
Local Byte Stride Bucket -35 is equal to 2
Local Byte Stride Bucket -34 is equal to 10828
Local Byte Stride Bucket -33 is equal to 7
Local Byte Stride Bucket -32 is equal to 31388
Local Byte Stride Bucket -31 is equal to 23
Local Byte Stride Bucket -30 is equal to 8713
Local Byte Stride Bucket -29 is equal to 15
Local Byte Stride Bucket -28 is equal to 78547
Local Byte Stride Bucket -27 is equal to 200
Local Byte Stride Bucket -26 is equal to 8449
Local Byte Stride Bucket -25 is equal to 19
Local Byte Stride Bucket -24 is equal to 113797
Local Byte Stride Bucket -23 is equal to 3
Local Byte Stride Bucket -22 is equal to 7399
Local Byte Stride Bucket -21 is equal to 21
Local Byte Stride Bucket -20 is equal to 45354
Local Byte Stride Bucket -19 is equal to 25
Local Byte Stride Bucket -18 is equal to 8703
Local Byte Stride Bucket -17 is equal to 26
Local Byte Stride Bucket -16 is equal to 65896
Local Byte Stride Bucket -15 is equal to 75
Local Byte Stride Bucket -14 is equal to 8433
Local Byte Stride Bucket -13 is equal to 21
Local Byte Stride Bucket -12 is equal to 281461
Local Byte Stride Bucket -11 is equal to 12
Local Byte Stride Bucket -10 is equal to 9879
Local Byte Stride Bucket -9 is equal to 9
Local Byte Stride Bucket -8 is equal to 201234
Local Byte Stride Bucket -7 is equal to 97
Local Byte Stride Bucket -6 is equal to 20605
Local Byte Stride Bucket -5 is equal to 89
Local Byte Stride Bucket -4 is equal to 399999
Local Byte Stride Bucket -3 is equal to 145
Local Byte Stride Bucket -2 is equal to 170682
Local Byte Stride Bucket -1 is equal to 64
Local Byte Stride Bucket 0 is equal to 22157809
Local Byte Stride Bucket 1 is equal to 106
Local Byte Stride Bucket 2 is equal to 371944
Local Byte Stride Bucket 3 is equal to 21
Local Byte Stride Bucket 4 is equal to 2438043
Local Byte Stride Bucket 5 is equal to 45
Local Byte Stride Bucket 6 is equal to 20090
Local Byte Stride Bucket 7 is equal to 48
Local Byte Stride Bucket 8 is equal to 452194
Local Byte Stride Bucket 9 is equal to 9
Local Byte Stride Bucket 10 is equal to 9073
Local Byte Stride Bucket 11 is equal to 4
Local Byte Stride Bucket 12 is equal to 41192
Local Byte Stride Bucket 13 is equal to 18
Local Byte Stride Bucket 14 is equal to 8163
Local Byte Stride Bucket 15 is equal to 12
Local Byte Stride Bucket 16 is equal to 30397
Local Byte Stride Bucket 17 is equal to 43
Local Byte Stride Bucket 18 is equal to 8552
Local Byte Stride Bucket 19 is equal to 43
Local Byte Stride Bucket 20 is equal to 26269
Local Byte Stride Bucket 21 is equal to 27
Local Byte Stride Bucket 22 is equal to 7230
Local Byte Stride Bucket 23 is equal to 12
Local Byte Stride Bucket 24 is equal to 46058
Local Byte Stride Bucket 25 is equal to 16
Local Byte Stride Bucket 26 is equal to 8614
Local Byte Stride Bucket 27 is equal to 27
Local Byte Stride Bucket 28 is equal to 20855
Local Byte Stride Bucket 29 is equal to 16
Local Byte Stride Bucket 30 is equal to 8240
Local Byte Stride Bucket 31 is equal to 10
Local Byte Stride Bucket 32 is equal to 13066
Local Byte Stride Bucket 33 is equal to 10
Local Byte Stride Bucket 34 is equal to 10763
Local Byte Stride Bucket 35 is equal to 7
Local Byte Stride Bucket 36 is equal to 18690
Local Byte Stride Bucket 37 is equal to 5
Local Byte Stride Bucket 38 is equal to 113792
Local Byte Stride Bucket 39 is equal to 8
Local Byte Stride Bucket 40 is equal to 280843
Local Byte Stride Bucket 41 is equal to 11
Local Byte Stride Bucket 42 is equal to 181888
Local Byte Stride Bucket 43 is equal to 7
Local Byte Stride Bucket 44 is equal to 256534
Local Byte Stride Bucket 45 is equal to 1
Local Byte Stride Bucket 46 is equal to 39755
Local Byte Stride Bucket 47 is equal to 7
Local Byte Stride Bucket 48 is equal to 23174
Local Byte Stride Bucket 49 is equal to 6
Local Byte Stride Bucket 50 is equal to 10702
Local Byte Stride Bucket 51 is equal to 2
Local Byte Stride Bucket 52 is equal to 12261
Local Byte Stride Bucket 53 is equal to 13
Local Byte Stride Bucket 54 is equal to 8971
Local Byte Stride Bucket 55 is equal to 3
Local Byte Stride Bucket 56 is equal to 13521
Local Byte Stride Bucket 57 is equal to 4
Local Byte Stride Bucket 58 is equal to 7122
Local Byte Stride Bucket 59 is equal to 6
Local Byte Stride Bucket 60 is equal to 10949
Local Byte Stride Bucket 61 is equal to 3
Local Byte Stride Bucket 62 is equal to 7259
Local Byte Stride Bucket 63 is equal to 20
Local Byte Stride Bucket 64 is equal to 319543
Local Byte Stride Bucket 65 is equal to 39
Local Byte Stride Bucket 66 is equal to 7205
Local Byte Stride Bucket 67 is equal to 7
Local Byte Stride Bucket 68 is equal to 11760
Local Byte Stride Bucket 69 is equal to 12
Local Byte Stride Bucket 70 is equal to 7645
Local Byte Stride Bucket 71 is equal to 2
Local Byte Stride Bucket 72 is equal to 14586
Local Byte Stride Bucket 73 is equal to 5
Local Byte Stride Bucket 74 is equal to 7574
Local Byte Stride Bucket 75 is equal to 3
Local Byte Stride Bucket 76 is equal to 204378
Local Byte Stride Bucket 78 is equal to 12734
Local Byte Stride Bucket 79 is equal to 5
Local Byte Stride Bucket 80 is equal to 256892
Local Byte Stride Bucket 81 is equal to 2
Local Byte Stride Bucket 82 is equal to 38235
Local Byte Stride Bucket 83 is equal to 5
Local Byte Stride Bucket 84 is equal to 283315
Local Byte Stride Bucket 85 is equal to 11
Local Byte Stride Bucket 86 is equal to 34234
Local Byte Stride Bucket 87 is equal to 2
Local Byte Stride Bucket 88 is equal to 211067
Local Byte Stride Bucket 89 is equal to 2
Local Byte Stride Bucket 90 is equal to 9968
Local Byte Stride Bucket 91 is equal to 4
Local Byte Stride Bucket 92 is equal to 34151
Local Byte Stride Bucket 93 is equal to 2
Local Byte Stride Bucket 94 is equal to 8676
Local Byte Stride Bucket 95 is equal to 3
Local Byte Stride Bucket 96 is equal to 12611
Local Byte Stride Bucket 97 is equal to 6
Local Byte Stride Bucket 98 is equal to 6512
Local Byte Stride Bucket 99 is equal to 1
Local Byte Stride Bucket 100 is equal to 10759
Local Byte Stride Bucket 101 is equal to 4
Local Byte Stride Bucket 102 is equal to 7430
Local Byte Stride Bucket 103 is equal to 2
Local Byte Stride Bucket 104 is equal to 10117
Local Byte Stride Bucket 105 is equal to 8
Local Byte Stride Bucket 106 is equal to 6639
Local Byte Stride Bucket 107 is equal to 8
Local Byte Stride Bucket 108 is equal to 9611
Local Byte Stride Bucket 109 is equal to 4
Local Byte Stride Bucket 110 is equal to 5899
Local Byte Stride Bucket 111 is equal to 1
Local Byte Stride Bucket 112 is equal to 10768
Local Byte Stride Bucket 113 is equal to 2
Local Byte Stride Bucket 114 is equal to 6281
Local Byte Stride Bucket 115 is equal to 1
Local Byte Stride Bucket 116 is equal to 11739
Local Byte Stride Bucket 117 is equal to 5
Local Byte Stride Bucket 118 is equal to 6784
Local Byte Stride Bucket 120 is equal to 13131
Local Byte Stride Bucket 121 is equal to 3
Local Byte Stride Bucket 122 is equal to 10409
Local Byte Stride Bucket 123 is equal to 4
Local Byte Stride Bucket 124 is equal to 17146
Local Byte Stride Bucket 125 is equal to 7
Local Byte Stride Bucket 126 is equal to 16509
Local Byte Stride Bucket 127 is equal to 12
Local Byte Stride Bucket 128 is equal to 44930
Local Byte Stride Bucket 129 is equal to 5
Local Byte Stride Bucket 130 is equal to 8733
Local Byte Stride Bucket 131 is equal to 1
Local Byte Stride Bucket 132 is equal to 10470
Local Byte Stride Bucket 133 is equal to 13
Local Byte Stride Bucket 134 is equal to 7322
Local Byte Stride Bucket 135 is equal to 2
Local Byte Stride Bucket 136 is equal to 20021
Local Byte Stride Bucket 137 is equal to 3
Local Byte Stride Bucket 138 is equal to 6029
Local Byte Stride Bucket 139 is equal to 1
Local Byte Stride Bucket 140 is equal to 9679
Local Byte Stride Bucket 141 is equal to 14
Local Byte Stride Bucket 142 is equal to 5671
Local Byte Stride Bucket 143 is equal to 1
Local Byte Stride Bucket 144 is equal to 9003
Local Byte Stride Bucket 145 is equal to 1
Local Byte Stride Bucket 146 is equal to 5249
Local Byte Stride Bucket 147 is equal to 4
Local Byte Stride Bucket 148 is equal to 9251
Local Byte Stride Bucket 149 is equal to 13
Local Byte Stride Bucket 150 is equal to 5169
Local Byte Stride Bucket 151 is equal to 5
Local Byte Stride Bucket 152 is equal to 8895
Local Byte Stride Bucket 153 is equal to 2
Local Byte Stride Bucket 154 is equal to 5513
Local Byte Stride Bucket 155 is equal to 5
Local Byte Stride Bucket 156 is equal to 10506
Local Byte Stride Bucket 158 is equal to 5407
Local Byte Stride Bucket 159 is equal to 1
Local Byte Stride Bucket 160 is equal to 78535
Local Byte Stride Bucket 161 is equal to 3
Local Byte Stride Bucket 162 is equal to 6604
Local Byte Stride Bucket 163 is equal to 4
Local Byte Stride Bucket 164 is equal to 34909
Local Byte Stride Bucket 165 is equal to 1
Local Byte Stride Bucket 166 is equal to 8956
Local Byte Stride Bucket 167 is equal to 7
Local Byte Stride Bucket 168 is equal to 41458
Local Byte Stride Bucket 169 is equal to 5
Local Byte Stride Bucket 170 is equal to 8107
Local Byte Stride Bucket 171 is equal to 4
Local Byte Stride Bucket 172 is equal to 27614
Local Byte Stride Bucket 173 is equal to 2
Local Byte Stride Bucket 174 is equal to 6347
Local Byte Stride Bucket 175 is equal to 1
Local Byte Stride Bucket 176 is equal to 20078
Local Byte Stride Bucket 177 is equal to 2
Local Byte Stride Bucket 178 is equal to 5404
Local Byte Stride Bucket 179 is equal to 5
Local Byte Stride Bucket 180 is equal to 9077
Local Byte Stride Bucket 181 is equal to 4
Local Byte Stride Bucket 182 is equal to 5207
Local Byte Stride Bucket 183 is equal to 3
Local Byte Stride Bucket 184 is equal to 10142
Local Byte Stride Bucket 185 is equal to 3
Local Byte Stride Bucket 186 is equal to 5205
Local Byte Stride Bucket 187 is equal to 10
Local Byte Stride Bucket 188 is equal to 8250
Local Byte Stride Bucket 189 is equal to 7
Local Byte Stride Bucket 190 is equal to 8917
Local Byte Stride Bucket 191 is equal to 12
Local Byte Stride Bucket 192 is equal to 9393
Local Byte Stride Bucket 193 is equal to 5
Local Byte Stride Bucket 194 is equal to 4599
Local Byte Stride Bucket 195 is equal to 2
Local Byte Stride Bucket 196 is equal to 8625
Local Byte Stride Bucket 197 is equal to 5
Local Byte Stride Bucket 198 is equal to 5069
Local Byte Stride Bucket 199 is equal to 3
Local Byte Stride Bucket 200 is equal to 9486
Local Byte Stride Bucket 201 is equal to 16
Local Byte Stride Bucket 202 is equal to 4795
Local Byte Stride Bucket 203 is equal to 3
Local Byte Stride Bucket 204 is equal to 10216
Local Byte Stride Bucket 205 is equal to 3
Local Byte Stride Bucket 206 is equal to 5922
Local Byte Stride Bucket 207 is equal to 8
Local Byte Stride Bucket 208 is equal to 9707
Local Byte Stride Bucket 209 is equal to 4
Local Byte Stride Bucket 210 is equal to 7075
Local Byte Stride Bucket 211 is equal to 6
Local Byte Stride Bucket 212 is equal to 8558
Local Byte Stride Bucket 213 is equal to 1
Local Byte Stride Bucket 214 is equal to 6265
Local Byte Stride Bucket 215 is equal to 1
Local Byte Stride Bucket 216 is equal to 9314
Local Byte Stride Bucket 217 is equal to 3
Local Byte Stride Bucket 218 is equal to 4862
Local Byte Stride Bucket 219 is equal to 6
Local Byte Stride Bucket 220 is equal to 7757
Local Byte Stride Bucket 221 is equal to 4
Local Byte Stride Bucket 222 is equal to 4837
Local Byte Stride Bucket 223 is equal to 3
Local Byte Stride Bucket 224 is equal to 23632
Local Byte Stride Bucket 225 is equal to 6
Local Byte Stride Bucket 226 is equal to 4767
Local Byte Stride Bucket 227 is equal to 1
Local Byte Stride Bucket 228 is equal to 7252
Local Byte Stride Bucket 229 is equal to 6
Local Byte Stride Bucket 230 is equal to 16455
Local Byte Stride Bucket 231 is equal to 3
Local Byte Stride Bucket 232 is equal to 7951
Local Byte Stride Bucket 233 is equal to 3
Local Byte Stride Bucket 234 is equal to 4835
Local Byte Stride Bucket 235 is equal to 7
Local Byte Stride Bucket 236 is equal to 7815
Local Byte Stride Bucket 237 is equal to 6
Local Byte Stride Bucket 238 is equal to 5043
Local Byte Stride Bucket 239 is equal to 3
Local Byte Stride Bucket 240 is equal to 9804
Local Byte Stride Bucket 241 is equal to 4
Local Byte Stride Bucket 242 is equal to 5219
Local Byte Stride Bucket 243 is equal to 1
Local Byte Stride Bucket 244 is equal to 9536
Local Byte Stride Bucket 245 is equal to 1
Local Byte Stride Bucket 246 is equal to 5624
Local Byte Stride Bucket 247 is equal to 2
Local Byte Stride Bucket 248 is equal to 12148
Local Byte Stride Bucket 249 is equal to 7
Local Byte Stride Bucket 250 is equal to 5949
Local Byte Stride Bucket 251 is equal to 23
Local Byte Stride Bucket 252 is equal to 15190
Local Byte Stride Bucket 253 is equal to 14
Local Byte Stride Bucket 254 is equal to 4850
Local Byte Stride Bucket 255 is equal to 3
Local Byte Stride Bucket 256 is equal to 1629487

Local Cache Stride Bucket -256 is equal to 109391
Local Cache Stride Bucket -255 is equal to 93
Local Cache Stride Bucket -254 is equal to 67
Local Cache Stride Bucket -253 is equal to 85
Local Cache Stride Bucket -252 is equal to 183
Local Cache Stride Bucket -251 is equal to 96
Local Cache Stride Bucket -250 is equal to 76
Local Cache Stride Bucket -249 is equal to 98
Local Cache Stride Bucket -248 is equal to 118
Local Cache Stride Bucket -247 is equal to 71
Local Cache Stride Bucket -246 is equal to 128
Local Cache Stride Bucket -245 is equal to 78
Local Cache Stride Bucket -244 is equal to 115
Local Cache Stride Bucket -243 is equal to 129
Local Cache Stride Bucket -242 is equal to 91
Local Cache Stride Bucket -241 is equal to 108
Local Cache Stride Bucket -240 is equal to 300
Local Cache Stride Bucket -239 is equal to 50
Local Cache Stride Bucket -238 is equal to 56
Local Cache Stride Bucket -237 is equal to 63
Local Cache Stride Bucket -236 is equal to 102
Local Cache Stride Bucket -235 is equal to 46
Local Cache Stride Bucket -234 is equal to 40
Local Cache Stride Bucket -233 is equal to 47
Local Cache Stride Bucket -232 is equal to 88
Local Cache Stride Bucket -231 is equal to 42
Local Cache Stride Bucket -230 is equal to 51
Local Cache Stride Bucket -229 is equal to 74
Local Cache Stride Bucket -228 is equal to 74
Local Cache Stride Bucket -227 is equal to 61
Local Cache Stride Bucket -226 is equal to 88
Local Cache Stride Bucket -225 is equal to 107
Local Cache Stride Bucket -224 is equal to 215
Local Cache Stride Bucket -223 is equal to 69
Local Cache Stride Bucket -222 is equal to 59
Local Cache Stride Bucket -221 is equal to 47
Local Cache Stride Bucket -220 is equal to 70
Local Cache Stride Bucket -219 is equal to 33
Local Cache Stride Bucket -218 is equal to 50
Local Cache Stride Bucket -217 is equal to 79
Local Cache Stride Bucket -216 is equal to 78
Local Cache Stride Bucket -215 is equal to 46
Local Cache Stride Bucket -214 is equal to 47
Local Cache Stride Bucket -213 is equal to 48
Local Cache Stride Bucket -212 is equal to 39
Local Cache Stride Bucket -211 is equal to 31
Local Cache Stride Bucket -210 is equal to 48
Local Cache Stride Bucket -209 is equal to 84
Local Cache Stride Bucket -208 is equal to 180
Local Cache Stride Bucket -207 is equal to 52
Local Cache Stride Bucket -206 is equal to 51
Local Cache Stride Bucket -205 is equal to 45
Local Cache Stride Bucket -204 is equal to 71
Local Cache Stride Bucket -203 is equal to 36
Local Cache Stride Bucket -202 is equal to 46
Local Cache Stride Bucket -201 is equal to 72
Local Cache Stride Bucket -200 is equal to 55
Local Cache Stride Bucket -199 is equal to 37
Local Cache Stride Bucket -198 is equal to 30
Local Cache Stride Bucket -197 is equal to 29
Local Cache Stride Bucket -196 is equal to 77
Local Cache Stride Bucket -195 is equal to 50
Local Cache Stride Bucket -194 is equal to 77
Local Cache Stride Bucket -193 is equal to 100
Local Cache Stride Bucket -192 is equal to 486
Local Cache Stride Bucket -191 is equal to 61
Local Cache Stride Bucket -190 is equal to 42
Local Cache Stride Bucket -189 is equal to 42
Local Cache Stride Bucket -188 is equal to 133
Local Cache Stride Bucket -187 is equal to 60
Local Cache Stride Bucket -186 is equal to 66
Local Cache Stride Bucket -185 is equal to 50
Local Cache Stride Bucket -184 is equal to 126
Local Cache Stride Bucket -183 is equal to 74
Local Cache Stride Bucket -182 is equal to 49
Local Cache Stride Bucket -181 is equal to 39
Local Cache Stride Bucket -180 is equal to 74
Local Cache Stride Bucket -179 is equal to 88
Local Cache Stride Bucket -178 is equal to 63
Local Cache Stride Bucket -177 is equal to 74
Local Cache Stride Bucket -176 is equal to 138
Local Cache Stride Bucket -175 is equal to 163
Local Cache Stride Bucket -174 is equal to 49
Local Cache Stride Bucket -173 is equal to 46
Local Cache Stride Bucket -172 is equal to 54
Local Cache Stride Bucket -171 is equal to 36
Local Cache Stride Bucket -170 is equal to 33
Local Cache Stride Bucket -169 is equal to 51
Local Cache Stride Bucket -168 is equal to 39
Local Cache Stride Bucket -167 is equal to 60
Local Cache Stride Bucket -166 is equal to 64
Local Cache Stride Bucket -165 is equal to 35
Local Cache Stride Bucket -164 is equal to 44
Local Cache Stride Bucket -163 is equal to 51
Local Cache Stride Bucket -162 is equal to 69
Local Cache Stride Bucket -161 is equal to 75
Local Cache Stride Bucket -160 is equal to 108
Local Cache Stride Bucket -159 is equal to 57
Local Cache Stride Bucket -158 is equal to 63
Local Cache Stride Bucket -157 is equal to 44
Local Cache Stride Bucket -156 is equal to 41
Local Cache Stride Bucket -155 is equal to 57
Local Cache Stride Bucket -154 is equal to 61
Local Cache Stride Bucket -153 is equal to 55
Local Cache Stride Bucket -152 is equal to 57
Local Cache Stride Bucket -151 is equal to 62
Local Cache Stride Bucket -150 is equal to 56
Local Cache Stride Bucket -149 is equal to 53
Local Cache Stride Bucket -148 is equal to 59
Local Cache Stride Bucket -147 is equal to 63
Local Cache Stride Bucket -146 is equal to 80
Local Cache Stride Bucket -145 is equal to 93
Local Cache Stride Bucket -144 is equal to 110
Local Cache Stride Bucket -143 is equal to 74
Local Cache Stride Bucket -142 is equal to 52
Local Cache Stride Bucket -141 is equal to 59
Local Cache Stride Bucket -140 is equal to 59
Local Cache Stride Bucket -139 is equal to 62
Local Cache Stride Bucket -138 is equal to 43
Local Cache Stride Bucket -137 is equal to 79
Local Cache Stride Bucket -136 is equal to 82
Local Cache Stride Bucket -135 is equal to 36
Local Cache Stride Bucket -134 is equal to 66
Local Cache Stride Bucket -133 is equal to 71
Local Cache Stride Bucket -132 is equal to 111
Local Cache Stride Bucket -131 is equal to 70
Local Cache Stride Bucket -130 is equal to 140
Local Cache Stride Bucket -129 is equal to 1251
Local Cache Stride Bucket -128 is equal to 1510
Local Cache Stride Bucket -127 is equal to 104
Local Cache Stride Bucket -126 is equal to 55
Local Cache Stride Bucket -125 is equal to 36
Local Cache Stride Bucket -124 is equal to 96
Local Cache Stride Bucket -123 is equal to 34
Local Cache Stride Bucket -122 is equal to 68
Local Cache Stride Bucket -121 is equal to 53
Local Cache Stride Bucket -120 is equal to 150
Local Cache Stride Bucket -119 is equal to 46
Local Cache Stride Bucket -118 is equal to 320
Local Cache Stride Bucket -117 is equal to 818
Local Cache Stride Bucket -116 is equal to 55
Local Cache Stride Bucket -115 is equal to 85
Local Cache Stride Bucket -114 is equal to 80
Local Cache Stride Bucket -113 is equal to 71
Local Cache Stride Bucket -112 is equal to 317
Local Cache Stride Bucket -111 is equal to 145
Local Cache Stride Bucket -110 is equal to 94
Local Cache Stride Bucket -109 is equal to 38
Local Cache Stride Bucket -108 is equal to 66
Local Cache Stride Bucket -107 is equal to 63
Local Cache Stride Bucket -106 is equal to 46
Local Cache Stride Bucket -105 is equal to 62
Local Cache Stride Bucket -104 is equal to 61
Local Cache Stride Bucket -103 is equal to 85
Local Cache Stride Bucket -102 is equal to 44
Local Cache Stride Bucket -101 is equal to 67
Local Cache Stride Bucket -100 is equal to 48
Local Cache Stride Bucket -99 is equal to 57
Local Cache Stride Bucket -98 is equal to 155
Local Cache Stride Bucket -97 is equal to 98
Local Cache Stride Bucket -96 is equal to 420
Local Cache Stride Bucket -95 is equal to 91
Local Cache Stride Bucket -94 is equal to 68
Local Cache Stride Bucket -93 is equal to 51
Local Cache Stride Bucket -92 is equal to 98
Local Cache Stride Bucket -91 is equal to 65
Local Cache Stride Bucket -90 is equal to 95
Local Cache Stride Bucket -89 is equal to 84
Local Cache Stride Bucket -88 is equal to 155
Local Cache Stride Bucket -87 is equal to 74
Local Cache Stride Bucket -86 is equal to 63
Local Cache Stride Bucket -85 is equal to 72
Local Cache Stride Bucket -84 is equal to 105
Local Cache Stride Bucket -83 is equal to 85
Local Cache Stride Bucket -82 is equal to 125
Local Cache Stride Bucket -81 is equal to 158
Local Cache Stride Bucket -80 is equal to 319
Local Cache Stride Bucket -79 is equal to 85
Local Cache Stride Bucket -78 is equal to 93
Local Cache Stride Bucket -77 is equal to 72
Local Cache Stride Bucket -76 is equal to 124
Local Cache Stride Bucket -75 is equal to 81
Local Cache Stride Bucket -74 is equal to 57
Local Cache Stride Bucket -73 is equal to 78
Local Cache Stride Bucket -72 is equal to 109
Local Cache Stride Bucket -71 is equal to 82
Local Cache Stride Bucket -70 is equal to 98
Local Cache Stride Bucket -69 is equal to 80
Local Cache Stride Bucket -68 is equal to 154
Local Cache Stride Bucket -67 is equal to 116
Local Cache Stride Bucket -66 is equal to 164
Local Cache Stride Bucket -65 is equal to 129
Local Cache Stride Bucket -64 is equal to 396
Local Cache Stride Bucket -63 is equal to 123
Local Cache Stride Bucket -62 is equal to 59
Local Cache Stride Bucket -61 is equal to 54
Local Cache Stride Bucket -60 is equal to 121
Local Cache Stride Bucket -59 is equal to 92
Local Cache Stride Bucket -58 is equal to 45
Local Cache Stride Bucket -57 is equal to 39
Local Cache Stride Bucket -56 is equal to 65
Local Cache Stride Bucket -55 is equal to 52
Local Cache Stride Bucket -54 is equal to 64
Local Cache Stride Bucket -53 is equal to 50
Local Cache Stride Bucket -52 is equal to 48
Local Cache Stride Bucket -51 is equal to 64
Local Cache Stride Bucket -50 is equal to 185
Local Cache Stride Bucket -49 is equal to 177
Local Cache Stride Bucket -48 is equal to 549
Local Cache Stride Bucket -47 is equal to 86
Local Cache Stride Bucket -46 is equal to 98
Local Cache Stride Bucket -45 is equal to 68
Local Cache Stride Bucket -44 is equal to 115
Local Cache Stride Bucket -43 is equal to 65
Local Cache Stride Bucket -42 is equal to 93
Local Cache Stride Bucket -41 is equal to 92
Local Cache Stride Bucket -40 is equal to 129
Local Cache Stride Bucket -39 is equal to 73
Local Cache Stride Bucket -38 is equal to 143
Local Cache Stride Bucket -37 is equal to 83
Local Cache Stride Bucket -36 is equal to 70
Local Cache Stride Bucket -35 is equal to 106
Local Cache Stride Bucket -34 is equal to 206
Local Cache Stride Bucket -33 is equal to 147
Local Cache Stride Bucket -32 is equal to 562
Local Cache Stride Bucket -31 is equal to 211
Local Cache Stride Bucket -30 is equal to 253
Local Cache Stride Bucket -29 is equal to 84
Local Cache Stride Bucket -28 is equal to 82
Local Cache Stride Bucket -27 is equal to 127
Local Cache Stride Bucket -26 is equal to 397
Local Cache Stride Bucket -25 is equal to 1595
Local Cache Stride Bucket -24 is equal to 9848
Local Cache Stride Bucket -23 is equal to 13963
Local Cache Stride Bucket -22 is equal to 14591
Local Cache Stride Bucket -21 is equal to 14025
Local Cache Stride Bucket -20 is equal to 14376
Local Cache Stride Bucket -19 is equal to 16918
Local Cache Stride Bucket -18 is equal to 18657
Local Cache Stride Bucket -17 is equal to 21627
Local Cache Stride Bucket -16 is equal to 24900
Local Cache Stride Bucket -15 is equal to 27418
Local Cache Stride Bucket -14 is equal to 30508
Local Cache Stride Bucket -13 is equal to 49966
Local Cache Stride Bucket -12 is equal to 76677
Local Cache Stride Bucket -11 is equal to 108825
Local Cache Stride Bucket -10 is equal to 115428
Local Cache Stride Bucket -9 is equal to 129522
Local Cache Stride Bucket -8 is equal to 163186
Local Cache Stride Bucket -7 is equal to 177988
Local Cache Stride Bucket -6 is equal to 193990
Local Cache Stride Bucket -5 is equal to 210998
Local Cache Stride Bucket -4 is equal to 291629
Local Cache Stride Bucket -3 is equal to 352503
Local Cache Stride Bucket -2 is equal to 579836
Local Cache Stride Bucket -1 is equal to 1672508
Local Cache Stride Bucket 0 is equal to 26908067
Local Cache Stride Bucket 1 is equal to 2222675
Local Cache Stride Bucket 2 is equal to 691631
Local Cache Stride Bucket 3 is equal to 340384
Local Cache Stride Bucket 4 is equal to 257724
Local Cache Stride Bucket 5 is equal to 202927
Local Cache Stride Bucket 6 is equal to 188422
Local Cache Stride Bucket 7 is equal to 175297
Local Cache Stride Bucket 8 is equal to 159144
Local Cache Stride Bucket 9 is equal to 125330
Local Cache Stride Bucket 10 is equal to 111200
Local Cache Stride Bucket 11 is equal to 102815
Local Cache Stride Bucket 12 is equal to 72285
Local Cache Stride Bucket 13 is equal to 47727
Local Cache Stride Bucket 14 is equal to 37677
Local Cache Stride Bucket 15 is equal to 26545
Local Cache Stride Bucket 16 is equal to 24728
Local Cache Stride Bucket 17 is equal to 20392
Local Cache Stride Bucket 18 is equal to 17944
Local Cache Stride Bucket 19 is equal to 16276
Local Cache Stride Bucket 20 is equal to 13949
Local Cache Stride Bucket 21 is equal to 13969
Local Cache Stride Bucket 22 is equal to 13701
Local Cache Stride Bucket 23 is equal to 10570
Local Cache Stride Bucket 24 is equal to 5572
Local Cache Stride Bucket 25 is equal to 946
Local Cache Stride Bucket 26 is equal to 87
Local Cache Stride Bucket 27 is equal to 826
Local Cache Stride Bucket 28 is equal to 1357
Local Cache Stride Bucket 29 is equal to 67
Local Cache Stride Bucket 30 is equal to 155
Local Cache Stride Bucket 31 is equal to 144
Local Cache Stride Bucket 32 is equal to 222
Local Cache Stride Bucket 33 is equal to 177
Local Cache Stride Bucket 34 is equal to 164
Local Cache Stride Bucket 35 is equal to 70
Local Cache Stride Bucket 36 is equal to 91
Local Cache Stride Bucket 37 is equal to 49
Local Cache Stride Bucket 38 is equal to 97
Local Cache Stride Bucket 39 is equal to 64
Local Cache Stride Bucket 40 is equal to 91
Local Cache Stride Bucket 41 is equal to 69
Local Cache Stride Bucket 42 is equal to 77
Local Cache Stride Bucket 43 is equal to 65
Local Cache Stride Bucket 44 is equal to 62
Local Cache Stride Bucket 45 is equal to 46
Local Cache Stride Bucket 46 is equal to 92
Local Cache Stride Bucket 47 is equal to 137
Local Cache Stride Bucket 48 is equal to 137
Local Cache Stride Bucket 49 is equal to 118
Local Cache Stride Bucket 50 is equal to 94
Local Cache Stride Bucket 51 is equal to 91
Local Cache Stride Bucket 52 is equal to 86
Local Cache Stride Bucket 53 is equal to 53
Local Cache Stride Bucket 54 is equal to 75
Local Cache Stride Bucket 55 is equal to 57
Local Cache Stride Bucket 56 is equal to 124
Local Cache Stride Bucket 57 is equal to 62
Local Cache Stride Bucket 58 is equal to 105
Local Cache Stride Bucket 59 is equal to 81
Local Cache Stride Bucket 60 is equal to 170
Local Cache Stride Bucket 61 is equal to 67
Local Cache Stride Bucket 62 is equal to 106
Local Cache Stride Bucket 63 is equal to 177
Local Cache Stride Bucket 64 is equal to 413
Local Cache Stride Bucket 65 is equal to 140
Local Cache Stride Bucket 66 is equal to 109
Local Cache Stride Bucket 67 is equal to 88
Local Cache Stride Bucket 68 is equal to 114
Local Cache Stride Bucket 69 is equal to 73
Local Cache Stride Bucket 70 is equal to 50
Local Cache Stride Bucket 71 is equal to 63
Local Cache Stride Bucket 72 is equal to 141
Local Cache Stride Bucket 73 is equal to 76
Local Cache Stride Bucket 74 is equal to 61
Local Cache Stride Bucket 75 is equal to 89
Local Cache Stride Bucket 76 is equal to 99
Local Cache Stride Bucket 77 is equal to 88
Local Cache Stride Bucket 78 is equal to 99
Local Cache Stride Bucket 79 is equal to 102
Local Cache Stride Bucket 80 is equal to 181
Local Cache Stride Bucket 81 is equal to 229
Local Cache Stride Bucket 82 is equal to 105
Local Cache Stride Bucket 83 is equal to 66
Local Cache Stride Bucket 84 is equal to 88
Local Cache Stride Bucket 85 is equal to 79
Local Cache Stride Bucket 86 is equal to 210
Local Cache Stride Bucket 87 is equal to 61
Local Cache Stride Bucket 88 is equal to 76
Local Cache Stride Bucket 89 is equal to 84
Local Cache Stride Bucket 90 is equal to 71
Local Cache Stride Bucket 91 is equal to 84
Local Cache Stride Bucket 92 is equal to 85
Local Cache Stride Bucket 93 is equal to 85
Local Cache Stride Bucket 94 is equal to 142
Local Cache Stride Bucket 95 is equal to 81
Local Cache Stride Bucket 96 is equal to 111
Local Cache Stride Bucket 97 is equal to 104
Local Cache Stride Bucket 98 is equal to 92
Local Cache Stride Bucket 99 is equal to 45
Local Cache Stride Bucket 100 is equal to 48
Local Cache Stride Bucket 101 is equal to 69
Local Cache Stride Bucket 102 is equal to 66
Local Cache Stride Bucket 103 is equal to 75
Local Cache Stride Bucket 104 is equal to 124
Local Cache Stride Bucket 105 is equal to 66
Local Cache Stride Bucket 106 is equal to 64
Local Cache Stride Bucket 107 is equal to 44
Local Cache Stride Bucket 108 is equal to 41
Local Cache Stride Bucket 109 is equal to 54
Local Cache Stride Bucket 110 is equal to 113
Local Cache Stride Bucket 111 is equal to 99
Local Cache Stride Bucket 112 is equal to 83
Local Cache Stride Bucket 113 is equal to 63
Local Cache Stride Bucket 114 is equal to 57
Local Cache Stride Bucket 115 is equal to 56
Local Cache Stride Bucket 116 is equal to 95
Local Cache Stride Bucket 117 is equal to 44
Local Cache Stride Bucket 118 is equal to 77
Local Cache Stride Bucket 119 is equal to 54
Local Cache Stride Bucket 120 is equal to 73
Local Cache Stride Bucket 121 is equal to 62
Local Cache Stride Bucket 122 is equal to 67
Local Cache Stride Bucket 123 is equal to 35
Local Cache Stride Bucket 124 is equal to 59
Local Cache Stride Bucket 125 is equal to 52
Local Cache Stride Bucket 126 is equal to 125
Local Cache Stride Bucket 127 is equal to 136
Local Cache Stride Bucket 128 is equal to 309
Local Cache Stride Bucket 129 is equal to 128
Local Cache Stride Bucket 130 is equal to 122
Local Cache Stride Bucket 131 is equal to 48
Local Cache Stride Bucket 132 is equal to 184
Local Cache Stride Bucket 133 is equal to 46
Local Cache Stride Bucket 134 is equal to 58
Local Cache Stride Bucket 135 is equal to 38
Local Cache Stride Bucket 136 is equal to 87
Local Cache Stride Bucket 137 is equal to 72
Local Cache Stride Bucket 138 is equal to 67
Local Cache Stride Bucket 139 is equal to 47
Local Cache Stride Bucket 140 is equal to 34
Local Cache Stride Bucket 141 is equal to 37
Local Cache Stride Bucket 142 is equal to 35
Local Cache Stride Bucket 143 is equal to 57
Local Cache Stride Bucket 144 is equal to 110
Local Cache Stride Bucket 145 is equal to 117
Local Cache Stride Bucket 146 is equal to 57
Local Cache Stride Bucket 147 is equal to 53
Local Cache Stride Bucket 148 is equal to 53
Local Cache Stride Bucket 149 is equal to 118
Local Cache Stride Bucket 150 is equal to 41
Local Cache Stride Bucket 151 is equal to 38
Local Cache Stride Bucket 152 is equal to 46
Local Cache Stride Bucket 153 is equal to 60
Local Cache Stride Bucket 154 is equal to 48
Local Cache Stride Bucket 155 is equal to 27
Local Cache Stride Bucket 156 is equal to 33
Local Cache Stride Bucket 157 is equal to 35
Local Cache Stride Bucket 158 is equal to 76
Local Cache Stride Bucket 159 is equal to 76
Local Cache Stride Bucket 160 is equal to 147
Local Cache Stride Bucket 161 is equal to 67
Local Cache Stride Bucket 162 is equal to 43
Local Cache Stride Bucket 163 is equal to 68
Local Cache Stride Bucket 164 is equal to 80
Local Cache Stride Bucket 165 is equal to 35
Local Cache Stride Bucket 166 is equal to 67
Local Cache Stride Bucket 167 is equal to 53
Local Cache Stride Bucket 168 is equal to 61
Local Cache Stride Bucket 169 is equal to 62
Local Cache Stride Bucket 170 is equal to 38
Local Cache Stride Bucket 171 is equal to 46
Local Cache Stride Bucket 172 is equal to 45
Local Cache Stride Bucket 173 is equal to 39
Local Cache Stride Bucket 174 is equal to 78
Local Cache Stride Bucket 175 is equal to 82
Local Cache Stride Bucket 176 is equal to 107
Local Cache Stride Bucket 177 is equal to 62
Local Cache Stride Bucket 178 is equal to 53
Local Cache Stride Bucket 179 is equal to 81
Local Cache Stride Bucket 180 is equal to 59
Local Cache Stride Bucket 181 is equal to 36
Local Cache Stride Bucket 182 is equal to 40
Local Cache Stride Bucket 183 is equal to 83
Local Cache Stride Bucket 184 is equal to 67
Local Cache Stride Bucket 185 is equal to 56
Local Cache Stride Bucket 186 is equal to 41
Local Cache Stride Bucket 187 is equal to 44
Local Cache Stride Bucket 188 is equal to 87
Local Cache Stride Bucket 189 is equal to 37
Local Cache Stride Bucket 190 is equal to 52
Local Cache Stride Bucket 191 is equal to 49
Local Cache Stride Bucket 192 is equal to 121
Local Cache Stride Bucket 193 is equal to 49
Local Cache Stride Bucket 194 is equal to 52
Local Cache Stride Bucket 195 is equal to 55
Local Cache Stride Bucket 196 is equal to 87
Local Cache Stride Bucket 197 is equal to 56
Local Cache Stride Bucket 198 is equal to 40
Local Cache Stride Bucket 199 is equal to 24
Local Cache Stride Bucket 200 is equal to 57
Local Cache Stride Bucket 201 is equal to 71
Local Cache Stride Bucket 202 is equal to 29
Local Cache Stride Bucket 203 is equal to 34
Local Cache Stride Bucket 204 is equal to 55
Local Cache Stride Bucket 205 is equal to 55
Local Cache Stride Bucket 206 is equal to 63
Local Cache Stride Bucket 207 is equal to 68
Local Cache Stride Bucket 208 is equal to 146
Local Cache Stride Bucket 209 is equal to 61
Local Cache Stride Bucket 210 is equal to 45
Local Cache Stride Bucket 211 is equal to 43
Local Cache Stride Bucket 212 is equal to 99
Local Cache Stride Bucket 213 is equal to 65
Local Cache Stride Bucket 214 is equal to 54
Local Cache Stride Bucket 215 is equal to 47
Local Cache Stride Bucket 216 is equal to 54
Local Cache Stride Bucket 217 is equal to 65
Local Cache Stride Bucket 218 is equal to 202
Local Cache Stride Bucket 219 is equal to 32
Local Cache Stride Bucket 220 is equal to 53
Local Cache Stride Bucket 221 is equal to 59
Local Cache Stride Bucket 222 is equal to 571
Local Cache Stride Bucket 223 is equal to 443
Local Cache Stride Bucket 224 is equal to 81
Local Cache Stride Bucket 225 is equal to 52
Local Cache Stride Bucket 226 is equal to 47
Local Cache Stride Bucket 227 is equal to 42
Local Cache Stride Bucket 228 is equal to 50
Local Cache Stride Bucket 229 is equal to 39
Local Cache Stride Bucket 230 is equal to 75
Local Cache Stride Bucket 231 is equal to 45
Local Cache Stride Bucket 232 is equal to 69
Local Cache Stride Bucket 233 is equal to 55
Local Cache Stride Bucket 234 is equal to 62
Local Cache Stride Bucket 235 is equal to 62
Local Cache Stride Bucket 236 is equal to 79
Local Cache Stride Bucket 237 is equal to 97
Local Cache Stride Bucket 238 is equal to 85
Local Cache Stride Bucket 239 is equal to 105
Local Cache Stride Bucket 240 is equal to 118
Local Cache Stride Bucket 241 is equal to 105
Local Cache Stride Bucket 242 is equal to 77
Local Cache Stride Bucket 243 is equal to 130
Local Cache Stride Bucket 244 is equal to 167
Local Cache Stride Bucket 245 is equal to 116
Local Cache Stride Bucket 246 is equal to 63
Local Cache Stride Bucket 247 is equal to 62
Local Cache Stride Bucket 248 is equal to 120
Local Cache Stride Bucket 249 is equal to 68
Local Cache Stride Bucket 250 is equal to 95
Local Cache Stride Bucket 251 is equal to 65
Local Cache Stride Bucket 252 is equal to 295
Local Cache Stride Bucket 253 is equal to 229
Local Cache Stride Bucket 254 is equal to 139
Local Cache Stride Bucket 255 is equal to 196
Local Cache Stride Bucket 256 is equal to 104417


Global LD ST Byte Stride Bucket -256 is equal to 10306651
Global LD ST Byte Stride Bucket -254 is equal to 699
Global LD ST Byte Stride Bucket -252 is equal to 845
Global LD ST Byte Stride Bucket -250 is equal to 714
Global LD ST Byte Stride Bucket -248 is equal to 2339
Global LD ST Byte Stride Bucket -246 is equal to 307
Global LD ST Byte Stride Bucket -244 is equal to 395
Global LD ST Byte Stride Bucket -242 is equal to 556
Global LD ST Byte Stride Bucket -240 is equal to 480
Global LD ST Byte Stride Bucket -238 is equal to 399
Global LD ST Byte Stride Bucket -236 is equal to 281
Global LD ST Byte Stride Bucket -234 is equal to 484
Global LD ST Byte Stride Bucket -232 is equal to 410
Global LD ST Byte Stride Bucket -230 is equal to 486
Global LD ST Byte Stride Bucket -228 is equal to 513
Global LD ST Byte Stride Bucket -226 is equal to 562
Global LD ST Byte Stride Bucket -224 is equal to 647
Global LD ST Byte Stride Bucket -222 is equal to 508
Global LD ST Byte Stride Bucket -220 is equal to 477
Global LD ST Byte Stride Bucket -218 is equal to 681
Global LD ST Byte Stride Bucket -216 is equal to 1188
Global LD ST Byte Stride Bucket -214 is equal to 404
Global LD ST Byte Stride Bucket -212 is equal to 503
Global LD ST Byte Stride Bucket -210 is equal to 791
Global LD ST Byte Stride Bucket -208 is equal to 689
Global LD ST Byte Stride Bucket -206 is equal to 664
Global LD ST Byte Stride Bucket -204 is equal to 733
Global LD ST Byte Stride Bucket -202 is equal to 675
Global LD ST Byte Stride Bucket -200 is equal to 377
Global LD ST Byte Stride Bucket -198 is equal to 278
Global LD ST Byte Stride Bucket -196 is equal to 292
Global LD ST Byte Stride Bucket -194 is equal to 453
Global LD ST Byte Stride Bucket -192 is equal to 537
Global LD ST Byte Stride Bucket -190 is equal to 723
Global LD ST Byte Stride Bucket -188 is equal to 10990
Global LD ST Byte Stride Bucket -186 is equal to 589
Global LD ST Byte Stride Bucket -184 is equal to 4509
Global LD ST Byte Stride Bucket -182 is equal to 508
Global LD ST Byte Stride Bucket -180 is equal to 379
Global LD ST Byte Stride Bucket -178 is equal to 476
Global LD ST Byte Stride Bucket -176 is equal to 280344
Global LD ST Byte Stride Bucket -174 is equal to 761
Global LD ST Byte Stride Bucket -172 is equal to 623
Global LD ST Byte Stride Bucket -170 is equal to 646
Global LD ST Byte Stride Bucket -168 is equal to 63664
Global LD ST Byte Stride Bucket -166 is equal to 906
Global LD ST Byte Stride Bucket -164 is equal to 714
Global LD ST Byte Stride Bucket -162 is equal to 855
Global LD ST Byte Stride Bucket -160 is equal to 7589
Global LD ST Byte Stride Bucket -158 is equal to 499
Global LD ST Byte Stride Bucket -156 is equal to 538
Global LD ST Byte Stride Bucket -154 is equal to 385
Global LD ST Byte Stride Bucket -152 is equal to 510
Global LD ST Byte Stride Bucket -150 is equal to 725
Global LD ST Byte Stride Bucket -148 is equal to 685
Global LD ST Byte Stride Bucket -146 is equal to 719
Global LD ST Byte Stride Bucket -144 is equal to 1065
Global LD ST Byte Stride Bucket -142 is equal to 468
Global LD ST Byte Stride Bucket -140 is equal to 759
Global LD ST Byte Stride Bucket -138 is equal to 513
Global LD ST Byte Stride Bucket -136 is equal to 833
Global LD ST Byte Stride Bucket -134 is equal to 1009
Global LD ST Byte Stride Bucket -132 is equal to 1245
Global LD ST Byte Stride Bucket -130 is equal to 633
Global LD ST Byte Stride Bucket -128 is equal to 2738
Global LD ST Byte Stride Bucket -126 is equal to 1666
Global LD ST Byte Stride Bucket -124 is equal to 5806
Global LD ST Byte Stride Bucket -122 is equal to 1051
Global LD ST Byte Stride Bucket -120 is equal to 23180
Global LD ST Byte Stride Bucket -118 is equal to 788
Global LD ST Byte Stride Bucket -116 is equal to 15622
Global LD ST Byte Stride Bucket -114 is equal to 802
Global LD ST Byte Stride Bucket -112 is equal to 16002
Global LD ST Byte Stride Bucket -110 is equal to 879
Global LD ST Byte Stride Bucket -108 is equal to 10912
Global LD ST Byte Stride Bucket -106 is equal to 789
Global LD ST Byte Stride Bucket -104 is equal to 8584
Global LD ST Byte Stride Bucket -102 is equal to 404
Global LD ST Byte Stride Bucket -100 is equal to 3345
Global LD ST Byte Stride Bucket -98 is equal to 877
Global LD ST Byte Stride Bucket -96 is equal to 2454
Global LD ST Byte Stride Bucket -94 is equal to 1001
Global LD ST Byte Stride Bucket -92 is equal to 6360
Global LD ST Byte Stride Bucket -90 is equal to 1027
Global LD ST Byte Stride Bucket -88 is equal to 60163
Global LD ST Byte Stride Bucket -86 is equal to 2350
Global LD ST Byte Stride Bucket -84 is equal to 13595
Global LD ST Byte Stride Bucket -82 is equal to 2516
Global LD ST Byte Stride Bucket -80 is equal to 92109
Global LD ST Byte Stride Bucket -78 is equal to 1340
Global LD ST Byte Stride Bucket -76 is equal to 7061
Global LD ST Byte Stride Bucket -74 is equal to 814
Global LD ST Byte Stride Bucket -72 is equal to 10983
Global LD ST Byte Stride Bucket -70 is equal to 814
Global LD ST Byte Stride Bucket -68 is equal to 9761
Global LD ST Byte Stride Bucket -66 is equal to 756
Global LD ST Byte Stride Bucket -64 is equal to 23537
Global LD ST Byte Stride Bucket -62 is equal to 606
Global LD ST Byte Stride Bucket -60 is equal to 60515
Global LD ST Byte Stride Bucket -58 is equal to 529
Global LD ST Byte Stride Bucket -56 is equal to 159097
Global LD ST Byte Stride Bucket -54 is equal to 444
Global LD ST Byte Stride Bucket -52 is equal to 132402
Global LD ST Byte Stride Bucket -50 is equal to 599
Global LD ST Byte Stride Bucket -48 is equal to 21675
Global LD ST Byte Stride Bucket -46 is equal to 1845
Global LD ST Byte Stride Bucket -44 is equal to 52611
Global LD ST Byte Stride Bucket -42 is equal to 26158
Global LD ST Byte Stride Bucket -40 is equal to 64406
Global LD ST Byte Stride Bucket -38 is equal to 2262
Global LD ST Byte Stride Bucket -36 is equal to 90551
Global LD ST Byte Stride Bucket -34 is equal to 694
Global LD ST Byte Stride Bucket -32 is equal to 225320
Global LD ST Byte Stride Bucket -30 is equal to 403
Global LD ST Byte Stride Bucket -28 is equal to 33018
Global LD ST Byte Stride Bucket -26 is equal to 313
Global LD ST Byte Stride Bucket -24 is equal to 249583
Global LD ST Byte Stride Bucket -22 is equal to 319
Global LD ST Byte Stride Bucket -20 is equal to 126125
Global LD ST Byte Stride Bucket -18 is equal to 454
Global LD ST Byte Stride Bucket -16 is equal to 272932
Global LD ST Byte Stride Bucket -14 is equal to 300
Global LD ST Byte Stride Bucket -13 is equal to 3
Global LD ST Byte Stride Bucket -12 is equal to 443685
Global LD ST Byte Stride Bucket -10 is equal to 283
Global LD ST Byte Stride Bucket -8 is equal to 1949717
Global LD ST Byte Stride Bucket -6 is equal to 650
Global LD ST Byte Stride Bucket -4 is equal to 1009744
Global LD ST Byte Stride Bucket -2 is equal to 23849
Global LD ST Byte Stride Bucket 0 is equal to 2411689
Global LD ST Byte Stride Bucket 2 is equal to 23801
Global LD ST Byte Stride Bucket 4 is equal to 1807502
Global LD ST Byte Stride Bucket 6 is equal to 1334
Global LD ST Byte Stride Bucket 8 is equal to 2642189
Global LD ST Byte Stride Bucket 9 is equal to 128
Global LD ST Byte Stride Bucket 10 is equal to 401
Global LD ST Byte Stride Bucket 12 is equal to 158576
Global LD ST Byte Stride Bucket 14 is equal to 160
Global LD ST Byte Stride Bucket 16 is equal to 407035
Global LD ST Byte Stride Bucket 18 is equal to 158
Global LD ST Byte Stride Bucket 20 is equal to 117391
Global LD ST Byte Stride Bucket 22 is equal to 108
Global LD ST Byte Stride Bucket 24 is equal to 168095
Global LD ST Byte Stride Bucket 26 is equal to 101
Global LD ST Byte Stride Bucket 28 is equal to 50134
Global LD ST Byte Stride Bucket 30 is equal to 176
Global LD ST Byte Stride Bucket 32 is equal to 161102
Global LD ST Byte Stride Bucket 34 is equal to 298
Global LD ST Byte Stride Bucket 36 is equal to 332138
Global LD ST Byte Stride Bucket 38 is equal to 1036
Global LD ST Byte Stride Bucket 40 is equal to 63662
Global LD ST Byte Stride Bucket 42 is equal to 26463
Global LD ST Byte Stride Bucket 44 is equal to 56492
Global LD ST Byte Stride Bucket 46 is equal to 1836
Global LD ST Byte Stride Bucket 47 is equal to 62
Global LD ST Byte Stride Bucket 48 is equal to 46463
Global LD ST Byte Stride Bucket 49 is equal to 473
Global LD ST Byte Stride Bucket 50 is equal to 873
Global LD ST Byte Stride Bucket 51 is equal to 203
Global LD ST Byte Stride Bucket 52 is equal to 183436
Global LD ST Byte Stride Bucket 53 is equal to 182
Global LD ST Byte Stride Bucket 54 is equal to 808
Global LD ST Byte Stride Bucket 55 is equal to 180
Global LD ST Byte Stride Bucket 56 is equal to 44349
Global LD ST Byte Stride Bucket 57 is equal to 136
Global LD ST Byte Stride Bucket 58 is equal to 509
Global LD ST Byte Stride Bucket 59 is equal to 86
Global LD ST Byte Stride Bucket 60 is equal to 4044
Global LD ST Byte Stride Bucket 61 is equal to 133
Global LD ST Byte Stride Bucket 62 is equal to 537
Global LD ST Byte Stride Bucket 63 is equal to 104
Global LD ST Byte Stride Bucket 64 is equal to 13157
Global LD ST Byte Stride Bucket 65 is equal to 151
Global LD ST Byte Stride Bucket 66 is equal to 595
Global LD ST Byte Stride Bucket 67 is equal to 151
Global LD ST Byte Stride Bucket 68 is equal to 711
Global LD ST Byte Stride Bucket 69 is equal to 108
Global LD ST Byte Stride Bucket 70 is equal to 954
Global LD ST Byte Stride Bucket 71 is equal to 162
Global LD ST Byte Stride Bucket 72 is equal to 5083
Global LD ST Byte Stride Bucket 73 is equal to 128
Global LD ST Byte Stride Bucket 74 is equal to 696
Global LD ST Byte Stride Bucket 75 is equal to 84
Global LD ST Byte Stride Bucket 76 is equal to 1125
Global LD ST Byte Stride Bucket 77 is equal to 202
Global LD ST Byte Stride Bucket 78 is equal to 892
Global LD ST Byte Stride Bucket 79 is equal to 94
Global LD ST Byte Stride Bucket 80 is equal to 54941
Global LD ST Byte Stride Bucket 81 is equal to 174
Global LD ST Byte Stride Bucket 82 is equal to 1911
Global LD ST Byte Stride Bucket 83 is equal to 58
Global LD ST Byte Stride Bucket 84 is equal to 193475
Global LD ST Byte Stride Bucket 86 is equal to 1219
Global LD ST Byte Stride Bucket 88 is equal to 52771
Global LD ST Byte Stride Bucket 89 is equal to 196
Global LD ST Byte Stride Bucket 90 is equal to 1399
Global LD ST Byte Stride Bucket 91 is equal to 161
Global LD ST Byte Stride Bucket 92 is equal to 857
Global LD ST Byte Stride Bucket 93 is equal to 135
Global LD ST Byte Stride Bucket 94 is equal to 968
Global LD ST Byte Stride Bucket 95 is equal to 109
Global LD ST Byte Stride Bucket 96 is equal to 1463
Global LD ST Byte Stride Bucket 97 is equal to 168
Global LD ST Byte Stride Bucket 98 is equal to 562
Global LD ST Byte Stride Bucket 99 is equal to 33
Global LD ST Byte Stride Bucket 100 is equal to 782
Global LD ST Byte Stride Bucket 101 is equal to 135
Global LD ST Byte Stride Bucket 102 is equal to 317
Global LD ST Byte Stride Bucket 103 is equal to 22
Global LD ST Byte Stride Bucket 104 is equal to 869
Global LD ST Byte Stride Bucket 105 is equal to 162
Global LD ST Byte Stride Bucket 106 is equal to 423
Global LD ST Byte Stride Bucket 107 is equal to 113
Global LD ST Byte Stride Bucket 108 is equal to 685
Global LD ST Byte Stride Bucket 109 is equal to 110
Global LD ST Byte Stride Bucket 110 is equal to 683
Global LD ST Byte Stride Bucket 111 is equal to 216
Global LD ST Byte Stride Bucket 112 is equal to 647
Global LD ST Byte Stride Bucket 113 is equal to 41
Global LD ST Byte Stride Bucket 114 is equal to 345
Global LD ST Byte Stride Bucket 115 is equal to 27
Global LD ST Byte Stride Bucket 116 is equal to 293
Global LD ST Byte Stride Bucket 117 is equal to 186
Global LD ST Byte Stride Bucket 118 is equal to 408
Global LD ST Byte Stride Bucket 119 is equal to 76
Global LD ST Byte Stride Bucket 120 is equal to 1720
Global LD ST Byte Stride Bucket 121 is equal to 173
Global LD ST Byte Stride Bucket 122 is equal to 718
Global LD ST Byte Stride Bucket 123 is equal to 159
Global LD ST Byte Stride Bucket 124 is equal to 1146
Global LD ST Byte Stride Bucket 125 is equal to 191
Global LD ST Byte Stride Bucket 126 is equal to 1095
Global LD ST Byte Stride Bucket 128 is equal to 730
Global LD ST Byte Stride Bucket 130 is equal to 593
Global LD ST Byte Stride Bucket 131 is equal to 83
Global LD ST Byte Stride Bucket 132 is equal to 1018
Global LD ST Byte Stride Bucket 133 is equal to 111
Global LD ST Byte Stride Bucket 134 is equal to 515
Global LD ST Byte Stride Bucket 135 is equal to 93
Global LD ST Byte Stride Bucket 136 is equal to 999
Global LD ST Byte Stride Bucket 137 is equal to 83
Global LD ST Byte Stride Bucket 138 is equal to 217
Global LD ST Byte Stride Bucket 139 is equal to 55
Global LD ST Byte Stride Bucket 140 is equal to 181
Global LD ST Byte Stride Bucket 141 is equal to 93
Global LD ST Byte Stride Bucket 142 is equal to 332
Global LD ST Byte Stride Bucket 143 is equal to 2
Global LD ST Byte Stride Bucket 144 is equal to 699
Global LD ST Byte Stride Bucket 145 is equal to 235
Global LD ST Byte Stride Bucket 146 is equal to 536
Global LD ST Byte Stride Bucket 147 is equal to 39
Global LD ST Byte Stride Bucket 148 is equal to 920
Global LD ST Byte Stride Bucket 149 is equal to 193
Global LD ST Byte Stride Bucket 150 is equal to 246
Global LD ST Byte Stride Bucket 151 is equal to 119
Global LD ST Byte Stride Bucket 152 is equal to 475
Global LD ST Byte Stride Bucket 154 is equal to 517
Global LD ST Byte Stride Bucket 155 is equal to 7
Global LD ST Byte Stride Bucket 156 is equal to 191
Global LD ST Byte Stride Bucket 157 is equal to 186
Global LD ST Byte Stride Bucket 158 is equal to 727
Global LD ST Byte Stride Bucket 159 is equal to 27
Global LD ST Byte Stride Bucket 160 is equal to 11178
Global LD ST Byte Stride Bucket 161 is equal to 92
Global LD ST Byte Stride Bucket 162 is equal to 281
Global LD ST Byte Stride Bucket 163 is equal to 142
Global LD ST Byte Stride Bucket 164 is equal to 191043
Global LD ST Byte Stride Bucket 165 is equal to 173
Global LD ST Byte Stride Bucket 166 is equal to 738
Global LD ST Byte Stride Bucket 167 is equal to 144
Global LD ST Byte Stride Bucket 168 is equal to 57779
Global LD ST Byte Stride Bucket 170 is equal to 335
Global LD ST Byte Stride Bucket 172 is equal to 446
Global LD ST Byte Stride Bucket 173 is equal to 109
Global LD ST Byte Stride Bucket 174 is equal to 951
Global LD ST Byte Stride Bucket 175 is equal to 69
Global LD ST Byte Stride Bucket 176 is equal to 11688
Global LD ST Byte Stride Bucket 177 is equal to 34
Global LD ST Byte Stride Bucket 178 is equal to 238
Global LD ST Byte Stride Bucket 179 is equal to 30
Global LD ST Byte Stride Bucket 180 is equal to 230
Global LD ST Byte Stride Bucket 181 is equal to 18
Global LD ST Byte Stride Bucket 182 is equal to 331
Global LD ST Byte Stride Bucket 183 is equal to 9
Global LD ST Byte Stride Bucket 184 is equal to 88387
Global LD ST Byte Stride Bucket 185 is equal to 80
Global LD ST Byte Stride Bucket 186 is equal to 152
Global LD ST Byte Stride Bucket 188 is equal to 209
Global LD ST Byte Stride Bucket 189 is equal to 86
Global LD ST Byte Stride Bucket 190 is equal to 218
Global LD ST Byte Stride Bucket 191 is equal to 2
Global LD ST Byte Stride Bucket 192 is equal to 319
Global LD ST Byte Stride Bucket 193 is equal to 51
Global LD ST Byte Stride Bucket 194 is equal to 118
Global LD ST Byte Stride Bucket 195 is equal to 48
Global LD ST Byte Stride Bucket 196 is equal to 84
Global LD ST Byte Stride Bucket 197 is equal to 7
Global LD ST Byte Stride Bucket 198 is equal to 244
Global LD ST Byte Stride Bucket 199 is equal to 166
Global LD ST Byte Stride Bucket 200 is equal to 10966
Global LD ST Byte Stride Bucket 201 is equal to 66
Global LD ST Byte Stride Bucket 202 is equal to 651
Global LD ST Byte Stride Bucket 203 is equal to 85
Global LD ST Byte Stride Bucket 204 is equal to 359
Global LD ST Byte Stride Bucket 205 is equal to 36
Global LD ST Byte Stride Bucket 206 is equal to 962
Global LD ST Byte Stride Bucket 207 is equal to 88
Global LD ST Byte Stride Bucket 208 is equal to 611
Global LD ST Byte Stride Bucket 209 is equal to 253
Global LD ST Byte Stride Bucket 210 is equal to 387
Global LD ST Byte Stride Bucket 212 is equal to 194
Global LD ST Byte Stride Bucket 214 is equal to 228
Global LD ST Byte Stride Bucket 215 is equal to 266
Global LD ST Byte Stride Bucket 216 is equal to 461
Global LD ST Byte Stride Bucket 217 is equal to 108
Global LD ST Byte Stride Bucket 218 is equal to 593
Global LD ST Byte Stride Bucket 219 is equal to 55
Global LD ST Byte Stride Bucket 220 is equal to 832
Global LD ST Byte Stride Bucket 221 is equal to 75
Global LD ST Byte Stride Bucket 222 is equal to 848
Global LD ST Byte Stride Bucket 223 is equal to 96
Global LD ST Byte Stride Bucket 224 is equal to 1111
Global LD ST Byte Stride Bucket 225 is equal to 114
Global LD ST Byte Stride Bucket 226 is equal to 445
Global LD ST Byte Stride Bucket 227 is equal to 8
Global LD ST Byte Stride Bucket 228 is equal to 1015
Global LD ST Byte Stride Bucket 229 is equal to 33
Global LD ST Byte Stride Bucket 230 is equal to 99
Global LD ST Byte Stride Bucket 232 is equal to 119
Global LD ST Byte Stride Bucket 233 is equal to 43
Global LD ST Byte Stride Bucket 234 is equal to 177
Global LD ST Byte Stride Bucket 235 is equal to 9
Global LD ST Byte Stride Bucket 236 is equal to 827
Global LD ST Byte Stride Bucket 237 is equal to 43
Global LD ST Byte Stride Bucket 238 is equal to 681
Global LD ST Byte Stride Bucket 239 is equal to 98
Global LD ST Byte Stride Bucket 240 is equal to 619
Global LD ST Byte Stride Bucket 241 is equal to 104
Global LD ST Byte Stride Bucket 242 is equal to 229
Global LD ST Byte Stride Bucket 243 is equal to 303
Global LD ST Byte Stride Bucket 244 is equal to 448
Global LD ST Byte Stride Bucket 245 is equal to 29
Global LD ST Byte Stride Bucket 246 is equal to 1015
Global LD ST Byte Stride Bucket 247 is equal to 97
Global LD ST Byte Stride Bucket 248 is equal to 522
Global LD ST Byte Stride Bucket 249 is equal to 107
Global LD ST Byte Stride Bucket 250 is equal to 639
Global LD ST Byte Stride Bucket 251 is equal to 100
Global LD ST Byte Stride Bucket 252 is equal to 699
Global LD ST Byte Stride Bucket 254 is equal to 148
Global LD ST Byte Stride Bucket 256 is equal to 10944450

Global LD ST Cache Stride Bucket -256 is equal to 1423732
Global LD ST Cache Stride Bucket -183 is equal to 5
Global LD ST Cache Stride Bucket -147 is equal to 7467
Global LD ST Cache Stride Bucket -146 is equal to 49048
Global LD ST Cache Stride Bucket -145 is equal to 84045
Global LD ST Cache Stride Bucket -144 is equal to 179810
Global LD ST Cache Stride Bucket -143 is equal to 159757
Global LD ST Cache Stride Bucket -142 is equal to 392355
Global LD ST Cache Stride Bucket -141 is equal to 578789
Global LD ST Cache Stride Bucket -140 is equal to 391057
Global LD ST Cache Stride Bucket -139 is equal to 7434
Global LD ST Cache Stride Bucket -138 is equal to 104960
Global LD ST Cache Stride Bucket -137 is equal to 37501
Global LD ST Cache Stride Bucket -136 is equal to 8910
Global LD ST Cache Stride Bucket -135 is equal to 11323
Global LD ST Cache Stride Bucket -134 is equal to 10591
Global LD ST Cache Stride Bucket -133 is equal to 9241
Global LD ST Cache Stride Bucket -132 is equal to 7292
Global LD ST Cache Stride Bucket -131 is equal to 4605
Global LD ST Cache Stride Bucket -130 is equal to 5895
Global LD ST Cache Stride Bucket -129 is equal to 5354
Global LD ST Cache Stride Bucket -128 is equal to 2714
Global LD ST Cache Stride Bucket -127 is equal to 6720
Global LD ST Cache Stride Bucket -126 is equal to 4677
Global LD ST Cache Stride Bucket -125 is equal to 2805
Global LD ST Cache Stride Bucket -124 is equal to 3090
Global LD ST Cache Stride Bucket -123 is equal to 3333
Global LD ST Cache Stride Bucket -122 is equal to 4196
Global LD ST Cache Stride Bucket -121 is equal to 4414
Global LD ST Cache Stride Bucket -120 is equal to 3791
Global LD ST Cache Stride Bucket -119 is equal to 4440
Global LD ST Cache Stride Bucket -118 is equal to 2867
Global LD ST Cache Stride Bucket -117 is equal to 10972
Global LD ST Cache Stride Bucket -116 is equal to 41017
Global LD ST Cache Stride Bucket -115 is equal to 32055
Global LD ST Cache Stride Bucket -114 is equal to 36301
Global LD ST Cache Stride Bucket -113 is equal to 19842
Global LD ST Cache Stride Bucket -112 is equal to 203696
Global LD ST Cache Stride Bucket -111 is equal to 36392
Global LD ST Cache Stride Bucket -110 is equal to 52765
Global LD ST Cache Stride Bucket -109 is equal to 52141
Global LD ST Cache Stride Bucket -108 is equal to 56159
Global LD ST Cache Stride Bucket -107 is equal to 45399
Global LD ST Cache Stride Bucket -106 is equal to 52412
Global LD ST Cache Stride Bucket -105 is equal to 51922
Global LD ST Cache Stride Bucket -104 is equal to 53702
Global LD ST Cache Stride Bucket -103 is equal to 49645
Global LD ST Cache Stride Bucket -102 is equal to 47060
Global LD ST Cache Stride Bucket -101 is equal to 42485
Global LD ST Cache Stride Bucket -100 is equal to 135467
Global LD ST Cache Stride Bucket -99 is equal to 19421
Global LD ST Cache Stride Bucket -98 is equal to 109186
Global LD ST Cache Stride Bucket -97 is equal to 38931
Global LD ST Cache Stride Bucket -96 is equal to 63196
Global LD ST Cache Stride Bucket -95 is equal to 79606
Global LD ST Cache Stride Bucket -94 is equal to 104221
Global LD ST Cache Stride Bucket -93 is equal to 87899
Global LD ST Cache Stride Bucket -92 is equal to 83080
Global LD ST Cache Stride Bucket -91 is equal to 78604
Global LD ST Cache Stride Bucket -90 is equal to 74649
Global LD ST Cache Stride Bucket -89 is equal to 76761
Global LD ST Cache Stride Bucket -88 is equal to 76385
Global LD ST Cache Stride Bucket -87 is equal to 84639
Global LD ST Cache Stride Bucket -86 is equal to 82948
Global LD ST Cache Stride Bucket -85 is equal to 74767
Global LD ST Cache Stride Bucket -84 is equal to 74586
Global LD ST Cache Stride Bucket -83 is equal to 75579
Global LD ST Cache Stride Bucket -82 is equal to 77193
Global LD ST Cache Stride Bucket -81 is equal to 74729
Global LD ST Cache Stride Bucket -80 is equal to 68632
Global LD ST Cache Stride Bucket -79 is equal to 64459
Global LD ST Cache Stride Bucket -78 is equal to 58988
Global LD ST Cache Stride Bucket -77 is equal to 50076
Global LD ST Cache Stride Bucket -76 is equal to 55712
Global LD ST Cache Stride Bucket -75 is equal to 60200
Global LD ST Cache Stride Bucket -74 is equal to 57552
Global LD ST Cache Stride Bucket -73 is equal to 70408
Global LD ST Cache Stride Bucket -72 is equal to 73637
Global LD ST Cache Stride Bucket -71 is equal to 59177
Global LD ST Cache Stride Bucket -70 is equal to 46489
Global LD ST Cache Stride Bucket -69 is equal to 24610
Global LD ST Cache Stride Bucket -68 is equal to 25182
Global LD ST Cache Stride Bucket -67 is equal to 25821
Global LD ST Cache Stride Bucket -66 is equal to 25335
Global LD ST Cache Stride Bucket -65 is equal to 26625
Global LD ST Cache Stride Bucket -64 is equal to 25308
Global LD ST Cache Stride Bucket -63 is equal to 32398
Global LD ST Cache Stride Bucket -62 is equal to 30563
Global LD ST Cache Stride Bucket -61 is equal to 34226
Global LD ST Cache Stride Bucket -60 is equal to 37335
Global LD ST Cache Stride Bucket -59 is equal to 37388
Global LD ST Cache Stride Bucket -58 is equal to 38291
Global LD ST Cache Stride Bucket -57 is equal to 36497
Global LD ST Cache Stride Bucket -56 is equal to 46291
Global LD ST Cache Stride Bucket -55 is equal to 73157
Global LD ST Cache Stride Bucket -54 is equal to 70106
Global LD ST Cache Stride Bucket -53 is equal to 61811
Global LD ST Cache Stride Bucket -52 is equal to 60329
Global LD ST Cache Stride Bucket -51 is equal to 68475
Global LD ST Cache Stride Bucket -50 is equal to 78483
Global LD ST Cache Stride Bucket -49 is equal to 102108
Global LD ST Cache Stride Bucket -48 is equal to 91808
Global LD ST Cache Stride Bucket -47 is equal to 80204
Global LD ST Cache Stride Bucket -46 is equal to 139220
Global LD ST Cache Stride Bucket -45 is equal to 90940
Global LD ST Cache Stride Bucket -44 is equal to 48327
Global LD ST Cache Stride Bucket -43 is equal to 234491
Global LD ST Cache Stride Bucket -42 is equal to 141887
Global LD ST Cache Stride Bucket -41 is equal to 161851
Global LD ST Cache Stride Bucket -40 is equal to 58581
Global LD ST Cache Stride Bucket -39 is equal to 23437
Global LD ST Cache Stride Bucket -38 is equal to 20037
Global LD ST Cache Stride Bucket -37 is equal to 26134
Global LD ST Cache Stride Bucket -36 is equal to 35530
Global LD ST Cache Stride Bucket -35 is equal to 40257
Global LD ST Cache Stride Bucket -34 is equal to 44416
Global LD ST Cache Stride Bucket -33 is equal to 35235
Global LD ST Cache Stride Bucket -32 is equal to 27116
Global LD ST Cache Stride Bucket -31 is equal to 16795
Global LD ST Cache Stride Bucket -30 is equal to 17702
Global LD ST Cache Stride Bucket -29 is equal to 21809
Global LD ST Cache Stride Bucket -28 is equal to 39304
Global LD ST Cache Stride Bucket -27 is equal to 75993
Global LD ST Cache Stride Bucket -26 is equal to 64517
Global LD ST Cache Stride Bucket -25 is equal to 31685
Global LD ST Cache Stride Bucket -24 is equal to 29603
Global LD ST Cache Stride Bucket -23 is equal to 33377
Global LD ST Cache Stride Bucket -22 is equal to 42798
Global LD ST Cache Stride Bucket -21 is equal to 46529
Global LD ST Cache Stride Bucket -20 is equal to 42676
Global LD ST Cache Stride Bucket -19 is equal to 35759
Global LD ST Cache Stride Bucket -18 is equal to 27348
Global LD ST Cache Stride Bucket -17 is equal to 30951
Global LD ST Cache Stride Bucket -16 is equal to 60818
Global LD ST Cache Stride Bucket -15 is equal to 99750
Global LD ST Cache Stride Bucket -14 is equal to 243122
Global LD ST Cache Stride Bucket -13 is equal to 136068
Global LD ST Cache Stride Bucket -12 is equal to 79425
Global LD ST Cache Stride Bucket -11 is equal to 31871
Global LD ST Cache Stride Bucket -10 is equal to 23702
Global LD ST Cache Stride Bucket -9 is equal to 22897
Global LD ST Cache Stride Bucket -8 is equal to 25032
Global LD ST Cache Stride Bucket -7 is equal to 40702
Global LD ST Cache Stride Bucket -6 is equal to 50587
Global LD ST Cache Stride Bucket -5 is equal to 24069
Global LD ST Cache Stride Bucket -4 is equal to 18854
Global LD ST Cache Stride Bucket -3 is equal to 308927
Global LD ST Cache Stride Bucket -2 is equal to 202235
Global LD ST Cache Stride Bucket -1 is equal to 1513240
Global LD ST Cache Stride Bucket 0 is equal to 11106817
Global LD ST Cache Stride Bucket 1 is equal to 1498500
Global LD ST Cache Stride Bucket 2 is equal to 228639
Global LD ST Cache Stride Bucket 3 is equal to 274487
Global LD ST Cache Stride Bucket 4 is equal to 21120
Global LD ST Cache Stride Bucket 5 is equal to 22916
Global LD ST Cache Stride Bucket 6 is equal to 48220
Global LD ST Cache Stride Bucket 7 is equal to 40258
Global LD ST Cache Stride Bucket 8 is equal to 26242
Global LD ST Cache Stride Bucket 9 is equal to 27467
Global LD ST Cache Stride Bucket 10 is equal to 30599
Global LD ST Cache Stride Bucket 11 is equal to 45878
Global LD ST Cache Stride Bucket 12 is equal to 89112
Global LD ST Cache Stride Bucket 13 is equal to 277235
Global LD ST Cache Stride Bucket 14 is equal to 658592
Global LD ST Cache Stride Bucket 15 is equal to 171800
Global LD ST Cache Stride Bucket 16 is equal to 116390
Global LD ST Cache Stride Bucket 17 is equal to 88263
Global LD ST Cache Stride Bucket 18 is equal to 59247
Global LD ST Cache Stride Bucket 19 is equal to 79374
Global LD ST Cache Stride Bucket 20 is equal to 83234
Global LD ST Cache Stride Bucket 21 is equal to 79586
Global LD ST Cache Stride Bucket 22 is equal to 68955
Global LD ST Cache Stride Bucket 23 is equal to 49795
Global LD ST Cache Stride Bucket 24 is equal to 35520
Global LD ST Cache Stride Bucket 25 is equal to 32740
Global LD ST Cache Stride Bucket 26 is equal to 40071
Global LD ST Cache Stride Bucket 27 is equal to 96824
Global LD ST Cache Stride Bucket 28 is equal to 82515
Global LD ST Cache Stride Bucket 29 is equal to 63731
Global LD ST Cache Stride Bucket 30 is equal to 60982
Global LD ST Cache Stride Bucket 31 is equal to 66719
Global LD ST Cache Stride Bucket 32 is equal to 77766
Global LD ST Cache Stride Bucket 33 is equal to 82174
Global LD ST Cache Stride Bucket 34 is equal to 74438
Global LD ST Cache Stride Bucket 35 is equal to 74354
Global LD ST Cache Stride Bucket 36 is equal to 75724
Global LD ST Cache Stride Bucket 37 is equal to 68935
Global LD ST Cache Stride Bucket 38 is equal to 67301
Global LD ST Cache Stride Bucket 39 is equal to 81000
Global LD ST Cache Stride Bucket 40 is equal to 99229
Global LD ST Cache Stride Bucket 41 is equal to 59699
Global LD ST Cache Stride Bucket 42 is equal to 64283
Global LD ST Cache Stride Bucket 43 is equal to 94517
Global LD ST Cache Stride Bucket 44 is equal to 259784
Global LD ST Cache Stride Bucket 45 is equal to 78094
Global LD ST Cache Stride Bucket 46 is equal to 58918
Global LD ST Cache Stride Bucket 47 is equal to 110045
Global LD ST Cache Stride Bucket 48 is equal to 49916
Global LD ST Cache Stride Bucket 49 is equal to 37033
Global LD ST Cache Stride Bucket 50 is equal to 35396
Global LD ST Cache Stride Bucket 51 is equal to 35604
Global LD ST Cache Stride Bucket 52 is equal to 35102
Global LD ST Cache Stride Bucket 53 is equal to 35439
Global LD ST Cache Stride Bucket 54 is equal to 46280
Global LD ST Cache Stride Bucket 55 is equal to 47150
Global LD ST Cache Stride Bucket 56 is equal to 36799
Global LD ST Cache Stride Bucket 57 is equal to 25456
Global LD ST Cache Stride Bucket 58 is equal to 25163
Global LD ST Cache Stride Bucket 59 is equal to 20154
Global LD ST Cache Stride Bucket 60 is equal to 19801
Global LD ST Cache Stride Bucket 61 is equal to 17810
Global LD ST Cache Stride Bucket 62 is equal to 14489
Global LD ST Cache Stride Bucket 63 is equal to 16998
Global LD ST Cache Stride Bucket 64 is equal to 13229
Global LD ST Cache Stride Bucket 65 is equal to 15733
Global LD ST Cache Stride Bucket 66 is equal to 16557
Global LD ST Cache Stride Bucket 67 is equal to 16227
Global LD ST Cache Stride Bucket 68 is equal to 14440
Global LD ST Cache Stride Bucket 69 is equal to 14108
Global LD ST Cache Stride Bucket 70 is equal to 27748
Global LD ST Cache Stride Bucket 71 is equal to 27913
Global LD ST Cache Stride Bucket 72 is equal to 24979
Global LD ST Cache Stride Bucket 73 is equal to 27994
Global LD ST Cache Stride Bucket 74 is equal to 32075
Global LD ST Cache Stride Bucket 75 is equal to 35014
Global LD ST Cache Stride Bucket 76 is equal to 32370
Global LD ST Cache Stride Bucket 77 is equal to 32008
Global LD ST Cache Stride Bucket 78 is equal to 30155
Global LD ST Cache Stride Bucket 79 is equal to 29595
Global LD ST Cache Stride Bucket 80 is equal to 26832
Global LD ST Cache Stride Bucket 81 is equal to 30963
Global LD ST Cache Stride Bucket 82 is equal to 26070
Global LD ST Cache Stride Bucket 83 is equal to 25291
Global LD ST Cache Stride Bucket 84 is equal to 45050
Global LD ST Cache Stride Bucket 85 is equal to 33476
Global LD ST Cache Stride Bucket 86 is equal to 25146
Global LD ST Cache Stride Bucket 87 is equal to 36054
Global LD ST Cache Stride Bucket 88 is equal to 40504
Global LD ST Cache Stride Bucket 89 is equal to 38083
Global LD ST Cache Stride Bucket 90 is equal to 37619
Global LD ST Cache Stride Bucket 91 is equal to 39882
Global LD ST Cache Stride Bucket 92 is equal to 39875
Global LD ST Cache Stride Bucket 93 is equal to 42234
Global LD ST Cache Stride Bucket 94 is equal to 45533
Global LD ST Cache Stride Bucket 95 is equal to 51192
Global LD ST Cache Stride Bucket 96 is equal to 29070
Global LD ST Cache Stride Bucket 97 is equal to 18124
Global LD ST Cache Stride Bucket 98 is equal to 15949
Global LD ST Cache Stride Bucket 99 is equal to 50234
Global LD ST Cache Stride Bucket 100 is equal to 7104
Global LD ST Cache Stride Bucket 101 is equal to 8012
Global LD ST Cache Stride Bucket 102 is equal to 9065
Global LD ST Cache Stride Bucket 103 is equal to 6569
Global LD ST Cache Stride Bucket 104 is equal to 5565
Global LD ST Cache Stride Bucket 105 is equal to 6661
Global LD ST Cache Stride Bucket 106 is equal to 6885
Global LD ST Cache Stride Bucket 107 is equal to 6235
Global LD ST Cache Stride Bucket 108 is equal to 5081
Global LD ST Cache Stride Bucket 109 is equal to 8588
Global LD ST Cache Stride Bucket 110 is equal to 6836
Global LD ST Cache Stride Bucket 111 is equal to 6835
Global LD ST Cache Stride Bucket 112 is equal to 4508
Global LD ST Cache Stride Bucket 113 is equal to 18359
Global LD ST Cache Stride Bucket 114 is equal to 2291
Global LD ST Cache Stride Bucket 115 is equal to 6230
Global LD ST Cache Stride Bucket 116 is equal to 5686
Global LD ST Cache Stride Bucket 117 is equal to 13016
Global LD ST Cache Stride Bucket 118 is equal to 4760
Global LD ST Cache Stride Bucket 119 is equal to 7825
Global LD ST Cache Stride Bucket 120 is equal to 8581
Global LD ST Cache Stride Bucket 121 is equal to 11265
Global LD ST Cache Stride Bucket 122 is equal to 12233
Global LD ST Cache Stride Bucket 123 is equal to 17931
Global LD ST Cache Stride Bucket 124 is equal to 46879
Global LD ST Cache Stride Bucket 125 is equal to 100405
Global LD ST Cache Stride Bucket 126 is equal to 51064
Global LD ST Cache Stride Bucket 127 is equal to 15725
Global LD ST Cache Stride Bucket 128 is equal to 21064
Global LD ST Cache Stride Bucket 129 is equal to 16492
Global LD ST Cache Stride Bucket 130 is equal to 18508
Global LD ST Cache Stride Bucket 131 is equal to 22810
Global LD ST Cache Stride Bucket 132 is equal to 21775
Global LD ST Cache Stride Bucket 133 is equal to 22624
Global LD ST Cache Stride Bucket 134 is equal to 24209
Global LD ST Cache Stride Bucket 135 is equal to 23144
Global LD ST Cache Stride Bucket 136 is equal to 22373
Global LD ST Cache Stride Bucket 137 is equal to 20686
Global LD ST Cache Stride Bucket 138 is equal to 148585
Global LD ST Cache Stride Bucket 139 is equal to 172438
Global LD ST Cache Stride Bucket 140 is equal to 644215
Global LD ST Cache Stride Bucket 141 is equal to 895574
Global LD ST Cache Stride Bucket 142 is equal to 451597
Global LD ST Cache Stride Bucket 143 is equal to 213042
Global LD ST Cache Stride Bucket 144 is equal to 388115
Global LD ST Cache Stride Bucket 145 is equal to 133120
Global LD ST Cache Stride Bucket 146 is equal to 63686
Global LD ST Cache Stride Bucket 147 is equal to 32180
Global LD ST Cache Stride Bucket 148 is equal to 443
Global LD ST Cache Stride Bucket 173 is equal to 775
Global LD ST Cache Stride Bucket 183 is equal to 4
Global LD ST Cache Stride Bucket 223 is equal to 256
Global LD ST Cache Stride Bucket 256 is equal to 1609049


            "-256": "10306651",
            "-255": "0",
            "-254": "699",
            "-253": "0",
            "-252": "845",
            "-251": "0",
            "-250": "714",
            "-249": "0",
            "-248": "2339",
            "-247": "0",
            "-246": "307",
            "-245": "0",
            "-244": "395",
            "-243": "0",
            "-242": "556",
            "-241": "0",
            "-240": "480",
            "-239": "0",
            "-238": "399",
            "-237": "0",
            "-236": "281",
            "-235": "0",
            "-234": "484",
            "-233": "0",
            "-232": "410",
            "-231": "0",
            "-230": "486",
            "-229": "0",
            "-228": "513",
            "-227": "0",
            "-226": "562",
            "-225": "0",
            "-224": "647",
            "-223": "0",
            "-222": "508",
            "-221": "0",
            "-220": "477",
            "-219": "0",
            "-218": "681",
            "-217": "0",
            "-216": "1188",
            "-215": "0",
            "-214": "404",
            "-213": "0",
            "-212": "503",
            "-211": "0",
            "-210": "791",
            "-209": "0",
            "-208": "689",
            "-207": "0",
            "-206": "664",
            "-205": "0",
            "-204": "733",
            "-203": "0",
            "-202": "675",
            "-201": "0",
            "-200": "377",
            "-199": "0",
            "-198": "278",
            "-197": "0",
            "-196": "292",
            "-195": "0",
            "-194": "453",
            "-193": "0",
            "-192": "537",
            "-191": "0",
            "-190": "723",
            "-189": "0",
            "-188": "10990",
            "-187": "0",
            "-186": "589",
            "-185": "0",
            "-184": "4509",
            "-183": "0",
            "-182": "508",
            "-181": "0",
            "-180": "379",
            "-179": "0",
            "-178": "476",
            "-177": "0",
            "-176": "280344",
            "-175": "0",
            "-174": "761",
            "-173": "0",
            "-172": "623",
            "-171": "0",
            "-170": "646",
            "-169": "0",
            "-168": "63664",
            "-167": "0",
            "-166": "906",
            "-165": "0",
            "-164": "714",
            "-163": "0",
            "-162": "855",
            "-161": "0",
            "-160": "7589",
            "-159": "0",
            "-158": "499",
            "-157": "0",
            "-156": "538",
            "-155": "0",
            "-154": "385",
            "-153": "0",
            "-152": "510",
            "-151": "0",
            "-150": "725",
            "-149": "0",
            "-148": "685",
            "-147": "0",
            "-146": "719",
            "-145": "0",
            "-144": "1065",
            "-143": "0",
            "-142": "468",
            "-141": "0",
            "-140": "759",
            "-139": "0",
            "-138": "513",
            "-137": "0",
            "-136": "833",
            "-135": "0",
            "-134": "1009",
            "-133": "0",
            "-132": "1245",
            "-131": "0",
            "-130": "633",
            "-129": "0",
            "-128": "2738",
            "-127": "0",
            "-126": "1666",
            "-125": "0",
            "-124": "5806",
            "-123": "0",
            "-122": "1051",
            "-121": "0",
            "-120": "23180",
            "-119": "0",
            "-118": "788",
            "-117": "0",
            "-116": "15622",
            "-115": "0",
            "-114": "802",
            "-113": "0",
            "-112": "16002",
            "-111": "0",
            "-110": "879",
            "-109": "0",
            "-108": "10912",
            "-107": "0",
            "-106": "789",
            "-105": "0",
            "-104": "8584",
            "-103": "0",
            "-102": "404",
            "-101": "0",
            "-100": "3345",
            "-99": "0",
            "-98": "877",
            "-97": "0",
            "-96": "2454",
            "-95": "0",
            "-94": "1001",
            "-93": "0",
            "-92": "6360",
            "-91": "0",
            "-90": "1027",
            "-89": "0",
            "-88": "60163",
            "-87": "0",
            "-86": "2350",
            "-85": "0",
            "-84": "13595",
            "-83": "0",
            "-82": "2516",
            "-81": "0",
            "-80": "92109",
            "-79": "0",
            "-78": "1340",
            "-77": "0",
            "-76": "7061",
            "-75": "0",
            "-74": "814",
            "-73": "0",
            "-72": "10983",
            "-71": "0",
            "-70": "814",
            "-69": "0",
            "-68": "9761",
            "-67": "0",
            "-66": "756",
            "-65": "0",
            "-64": "23537",
            "-63": "0",
            "-62": "606",
            "-61": "0",
            "-60": "60515",
            "-59": "0",
            "-58": "529",
            "-57": "0",
            "-56": "159097",
            "-55": "0",
            "-54": "444",
            "-53": "0",
            "-52": "132402",
            "-51": "0",
            "-50": "599",
            "-49": "0",
            "-48": "21675",
            "-47": "0",
            "-46": "1845",
            "-45": "0",
            "-44": "52611",
            "-43": "0",
            "-42": "26158",
            "-41": "0",
            "-40": "64406",
            "-39": "0",
            "-38": "2262",
            "-37": "0",
            "-36": "90551",
            "-35": "0",
            "-34": "694",
            "-33": "0",
            "-32": "225320",
            "-31": "0",
            "-30": "403",
            "-29": "0",
            "-28": "33018",
            "-27": "0",
            "-26": "313",
            "-25": "0",
            "-24": "249583",
            "-23": "0",
            "-22": "319",
            "-21": "0",
            "-20": "126125",
            "-19": "0",
            "-18": "454",
            "-17": "0",
            "-16": "272932",
            "-15": "0",
            "-14": "300",
            "-13": "3",
            "-12": "443685",
            "-11": "0",
            "-10": "283",
            "-9": "0",
            "-8": "1949717",
            "-7": "0",
            "-6": "650",
            "-5": "0",
            "-4": "1009744",
            "-3": "0",
            "-2": "23849",
            "-1": "0",
            "0": "2411689",
            "1": "0",
            "2": "23801",
            "3": "0",
            "4": "1807502",
            "5": "0",
            "6": "1334",
            "7": "0",
            "8": "2642189",
            "9": "128",
            "10": "401",
            "11": "0",
            "12": "158576",
            "13": "0",
            "14": "160",
            "15": "0",
            "16": "407035",
            "17": "0",
            "18": "158",
            "19": "0",
            "20": "117391",
            "21": "0",
            "22": "108",
            "23": "0",
            "24": "168095",
            "25": "0",
            "26": "101",
            "27": "0",
            "28": "50134",
            "29": "0",
            "30": "176",
            "31": "0",
            "32": "161102",
            "33": "0",
            "34": "298",
            "35": "0",
            "36": "332138",
            "37": "0",
            "38": "1036",
            "39": "0",
            "40": "63662",
            "41": "0",
            "42": "26463",
            "43": "0",
            "44": "56492",
            "45": "0",
            "46": "1836",
            "47": "62",
            "48": "46463",
            "49": "473",
            "50": "873",
            "51": "203",
            "52": "183436",
            "53": "182",
            "54": "808",
            "55": "180",
            "56": "44349",
            "57": "136",
            "58": "509",
            "59": "86",
            "60": "4044",
            "61": "133",
            "62": "537",
            "63": "104",
            "64": "13157",
            "65": "151",
            "66": "595",
            "67": "151",
            "68": "711",
            "69": "108",
            "70": "954",
            "71": "162",
            "72": "5083",
            "73": "128",
            "74": "696",
            "75": "84",
            "76": "1125",
            "77": "202",
            "78": "892",
            "79": "94",
            "80": "54941",
            "81": "174",
            "82": "1911",
            "83": "58",
            "84": "193475",
            "85": "0",
            "86": "1219",
            "87": "0",
            "88": "52771",
            "89": "196",
            "90": "1399",
            "91": "161",
            "92": "857",
            "93": "135",
            "94": "968",
            "95": "109",
            "96": "1463",
            "97": "168",
            "98": "562",
            "99": "33",
            "100": "782",
            "101": "135",
            "102": "317",
            "103": "22",
            "104": "869",
            "105": "162",
            "106": "423",
            "107": "113",
            "108": "685",
            "109": "110",
            "110": "683",
            "111": "216",
            "112": "647",
            "113": "41",
            "114": "345",
            "115": "27",
            "116": "293",
            "117": "186",
            "118": "408",
            "119": "76",
            "120": "1720",
            "121": "173",
            "122": "718",
            "123": "159",
            "124": "1146",
            "125": "191",
            "126": "1095",
            "127": "0",
            "128": "730",
            "129": "0",
            "130": "593",
            "131": "83",
            "132": "1018",
            "133": "111",
            "134": "515",
            "135": "93",
            "136": "999",
            "137": "83",
            "138": "217",
            "139": "55",
            "140": "181",
            "141": "93",
            "142": "332",
            "143": "2",
            "144": "699",
            "145": "235",
            "146": "536",
            "147": "39",
            "148": "920",
            "149": "193",
            "150": "246",
            "151": "119",
            "152": "475",
            "153": "0",
            "154": "517",
            "155": "7",
            "156": "191",
            "157": "186",
            "158": "727",
            "159": "27",
            "160": "11178",
            "161": "92",
            "162": "281",
            "163": "142",
            "164": "191043",
            "165": "173",
            "166": "738",
            "167": "144",
            "168": "57779",
            "169": "0",
            "170": "335",
            "171": "0",
            "172": "446",
            "173": "109",
            "174": "951",
            "175": "69",
            "176": "11688",
            "177": "34",
            "178": "238",
            "179": "30",
            "180": "230",
            "181": "18",
            "182": "331",
            "183": "9",
            "184": "88387",
            "185": "80",
            "186": "152",
            "187": "0",
            "188": "209",
            "189": "86",
            "190": "218",
            "191": "2",
            "192": "319",
            "193": "51",
            "194": "118",
            "195": "48",
            "196": "84",
            "197": "7",
            "198": "244",
            "199": "166",
            "200": "10966",
            "201": "66",
            "202": "651",
            "203": "85",
            "204": "359",
            "205": "36",
            "206": "962",
            "207": "88",
            "208": "611",
            "209": "253",
            "210": "387",
            "211": "0",
            "212": "194",
            "213": "0",
            "214": "228",
            "215": "266",
            "216": "461",
            "217": "108",
            "218": "593",
            "219": "55",
            "220": "832",
            "221": "75",
            "222": "848",
            "223": "96",
            "224": "1111",
            "225": "114",
            "226": "445",
            "227": "8",
            "228": "1015",
            "229": "33",
            "230": "99",
            "231": "0",
            "232": "119",
            "233": "43",
            "234": "177",
            "235": "9",
            "236": "827",
            "237": "43",
            "238": "681",
            "239": "98",
            "240": "619",
            "241": "104",
            "242": "229",
            "243": "303",
            "244": "448",
            "245": "29",
            "246": "1015",
            "247": "97",
            "248": "522",
            "249": "107",
            "250": "639",
            "251": "100",
            "252": "699",
            "253": "0",
            "254": "148",
            "255": "0",
            "256": "10944450",


# END_DYNAMIC_STATS
