# Mix output version 2
# FINI: end of program
# EMIT_DYNAMIC_STATS FOR TID 1, ins = 100101501
Dynamic Instruction Count = 100101501, Dyn BBL Count = 16000321
RAWdep[ 0] = 0
RAWdep[ 1] = 42582003
RAWdep[ 2] = 16764773
RAWdep[ 3] = 15073205
RAWdep[ 4] = 8018973
RAWdep[ 5] = 4326399
RAWdep[ 6] = 4783941
RAWdep[ 7] = 2833606
RAWdep[ 8] = 2926424
RAWdep[ 9] = 2712268
RAWdep[ 10] = 2446033
RAWdep[ 11] = 1876837
RAWdep[ 12] = 1317920
RAWdep[ 13] = 1469242
RAWdep[ 14] = 633264
RAWdep[ 15] = 1029224
RAWdep[ 16] = 1302722
RAWdep[ 17] = 1172878
RAWdep[ 18] = 477664
RAWdep[ 19] = 816295
RAWdep[ 20] = 951775
RAWdep[ 21] = 613060
RAWdep[ 22] = 842134
RAWdep[ 23] = 1002025
RAWdep[ 24] = 613621
RAWdep[ 25] = 421209
RAWdep[ 26] = 231028
RAWdep[ 27] = 465630
RAWdep[ 28] = 735618
RAWdep[ 29] = 1129519
RAWdep[ 30] = 496434
RAWdep[ 31] = 432020
RAWdep[ 32] = 1071631
RAWdep[ 33] = 30320508

WAWdep[ 0] = 0
WAWdep[ 1] = 24702549
WAWdep[ 2] = 17787520
WAWdep[ 3] = 15612036
WAWdep[ 4] = 7685329
WAWdep[ 5] = 5518084
WAWdep[ 6] = 6842188
WAWdep[ 7] = 2736277
WAWdep[ 8] = 2572907
WAWdep[ 9] = 3696356
WAWdep[ 10] = 2992623
WAWdep[ 11] = 1428947
WAWdep[ 12] = 1506630
WAWdep[ 13] = 2522245
WAWdep[ 14] = 1187607
WAWdep[ 15] = 896977
WAWdep[ 16] = 1236697
WAWdep[ 17] = 995861
WAWdep[ 18] = 535723
WAWdep[ 19] = 712544
WAWdep[ 20] = 855513
WAWdep[ 21] = 849859
WAWdep[ 22] = 386631
WAWdep[ 23] = 415036
WAWdep[ 24] = 493274
WAWdep[ 25] = 302379
WAWdep[ 26] = 223653
WAWdep[ 27] = 656965
WAWdep[ 28] = 356416
WAWdep[ 29] = 277781
WAWdep[ 30] = 232922
WAWdep[ 31] = 198738
WAWdep[ 32] = 975099
WAWdep[ 33] = 16477830

WARdep[ 0] = 44553612
WARdep[ 1] = 9132591
WARdep[ 2] = 8608707
WARdep[ 3] = 6105091
WARdep[ 4] = 4543748
WARdep[ 5] = 3993054
WARdep[ 6] = 2781507
WARdep[ 7] = 3445555
WARdep[ 8] = 2593997
WARdep[ 9] = 2089567
WARdep[ 10] = 2874381
WARdep[ 11] = 2113856
WARdep[ 12] = 1395179
WARdep[ 13] = 1206801
WARdep[ 14] = 1096022
WARdep[ 15] = 624412
WARdep[ 16] = 951687
WARdep[ 17] = 822079
WARdep[ 18] = 907536
WARdep[ 19] = 969439
WARdep[ 20] = 1152266
WARdep[ 21] = 851352
WARdep[ 22] = 821385
WARdep[ 23] = 315691
WARdep[ 24] = 792112
WARdep[ 25] = 881584
WARdep[ 26] = 844122
WARdep[ 27] = 730436
WARdep[ 28] = 532248
WARdep[ 29] = 525133
WARdep[ 30] = 432952
WARdep[ 31] = 680044
WARdep[ 32] = 619144
WARdep[ 33] = 13883906


		"0": "0",
		"1": "42582003",
		"2": "16764773",
		"3": "15073205",
		"4": "8018973",
		"5": "4326399",
		"6": "4783941",
		"7": "2833606",
		"8": "2926424",
		"9": "2712268",
		"10": "2446033",
		"11": "1876837",
		"12": "1317920",
		"13": "1469242",
		"14": "633264",
		"15": "1029224",
		"16": "1302722",
		"17": "1172878",
		"18": "477664",
		"19": "816295",
		"20": "951775",
		"21": "613060",
		"22": "842134",
		"23": "1002025",
		"24": "613621",
		"25": "421209",
		"26": "231028",
		"27": "465630",
		"28": "735618",
		"29": "1129519",
		"30": "496434",
		"31": "432020",
		"32": "1071631",
		"33": "30320508",


# END_DYNAMIC_STATS
