# Branch output version 3
Dynamic_Instruction_Count: 100001499
Dynamic_Conditional_Branch_Count: 11132854
Dynamic_Unconditional_Branch_Count: 3147745
Total_Taken_Branches: 8449127
Total_Branch_Transitions: 1698865

Local Branch Stats (Total Count; Taken Count; Transition Count)
22 8 2
14 0 0
14 0 0
22 7 2
15 0 0
8 0 0
8 8 0
22 0 0
22 0 0
22 0 0
22 0 0
22 22 0
22 0 0
22 0 0
22 0 0
22 0 0
22 0 0
22 0 0
22 0 0
22 0 0
22 0 0
22 0 0
22 0 0
22 0 0
22 0 0
22 0 0
22 22 0
22 9 2
13 13 0
22 22 0
22 0 0
22 22 0
22 0 0
22 22 0
22 0 0
22 0 0
22 22 0
22 22 0
22 15 2
22 22 0
15 0 0
15 0 0
30720 30705 29
23 0 0
45 8 16
37 23 27
14 14 0
23 0 0
23 8 2
15 0 0
15 15 0
15 0 0
15 0 0
15 15 0
15 15 0
15 15 0
246066 49 98
246017 83469 75133
162548 98489 46079
161911 80448 74145
449413 97852 164785
450050 449413 1274
98489 64239 46668
34250 637 1121
137844 103 206
137741 12422 23629
125319 95752 26265
101965 45378 42917
700412 72398 111509
723766 700412 46708
84573 53474 6179
31099 1055 1619
1055 0 0
1055 893 291
17453 881 1523
17465 17453 24
84573 84573 0
84573 84573 0
84573 9042 10399
75531 80 160
75451 16553 6327
68020 12993 6725
84155 0 0
84155 0 0
84573 60983 13761
29546 0 0
29546 16548 10197
51459 16130 20177
51877 51459 836
418 0 0
418 418 0
35461 0 0
35461 0 0
35461 1055 2109
35461 35461 0
347 0 0
8328 5552 5551
2776 347 693
2429 2429 0
347 347 0
347 0 0
347 0 0
7287 4858 4857
2429 0 0
2429 2082 693
60218 54904 3495
5314 523 684
4791 1719 2045
4791 0 0
4791 4472 614
4791 2085 2120
4791 77 150
4714 3854 1320
3373 2513 1651
1719 673 707
523 374 173
149 63 72
86 27 30
149 149 0
2085 0 0
374 91 126
432 165 167
432 0 0
432 404 52
34060 30206 7707
54904 1748 1877
54904 52217 1251
165 104 38
13984 12236 3495
16 0 0
60234 16 32
60218 7380 7895
614153 0 0
614153 60219 120436
553935 492860 122138
68455 68160 586
295 0 0
60235 0 0
60235 0 0
60235 1 2
60234 60219 30
15 15 0
60219 60219 0
68455 68160 586
68455 68455 0
1 0 0
1 0 0
1 0 0
1 0 0
1 0 0
5 5 0
5 4 1
5 5 0
5 5 0
60219 53862 5070
53862 749 1498
53113 36 72
53113 207 404
53113 0 0
53862 53862 0
215287 53824 107647
215448 213542 3496
1906 1465 441
441 0 0
441 314 149
9027 301 521
9040 9027 26
441 280 177
161 123 55
53862 53747 200
115 0 0
3312 3105 413
144 0 0
38016 31680 12671
6336 6192 287
144 0 0
4320 4176 287
144 108 71
18576 14112 8640
4464 4428 71
53747 52807 1515
940 940 0
52807 3149 4205
49658 242 480
49416 49413 6
3394 906 411
19904 17416 4975
3394 312 523
3394 235 411
9888 6729 3571
12636 12510 242
126 45 52
81 24 29
422 25 14
422 296 136
12636 9477 6317
3159 38 66
3121 3117 8
5 1 2
7963 1865 694
9741 222 134
9741 4315 3905
9741 7963 1127
7248 6342 1811
312 245 38
3159 0 0
31460 749 1404
30711 30618 184
93 3 4
90 59 31
31 24 13
93 0 0
93 3 4
90 59 31
1257 746 163
511 214 82
297 187 44
30711 20894 8534
78536 68719 19633
30711 21725 8589
30711 14174 9734
30711 0 0
30711 9055 8581
21656 13677 8700
7979 0 0
7979 7484 908
729 493 190
731 729 4
495 399 135
96 18 27
96 91 10
37 32 7
96 85 20
122844 19230 34202
122844 92133 61421
30711 30711 0
30711 6738 3993
23973 16852 9912
23194 16073 9567
23973 18607 4796
7080 1714 2835
112174 42536 19330
130744 90667 23544
130744 56127 57003
130744 56004 29484
130744 112174 12897
42536 0 0
56127 0 0
56127 4601 7526
8387 4545 2090
8443 8387 112
56127 55039 1614
8704 7616 2175
1088 813 405
1411 1136 499
1088 684 493
56127 23973 33798
19230 8833 8015
10397 0 0
10397 3609 4437
19696 6788 9107
19696 19696 0
10397 10338 114
254 195 78
10397 9371 1466
1026 416 373
30093 28854 790
30093 19696 13575
10397 10397 0
3761 53 106
14105 3761 2232
10397 9906 314
3928 3437 981
491 441 74
355 305 89
491 394 119
30711 28301 2365
30618 10225 8296
20396 19170 626
167152 146258 41787
3 3 0
10225 9817 792
408 408 0
14174 428 794
13746 859 432
13315 12929 616
3 1 2
1865 0 0
4315 3121 1402
59 18 18
9817 5968 1679
9516 3159 5069
9516 9441 150
75 1 2
5968 2881 3055
23 0 0
24 0 0
1 1 0
9 1 1
15 15 0
16 15 2
1 1 0
1 0 0
1 0 0
1 0 0
1 1 0
1 1 0
1 1 0
15 0 0
15 0 0
15 0 0
15 0 0
15 0 0
15 15 0
15 0 0
8 0 0
8 0 0
8 0 0
8 0 0
8 8 0
8 8 0
8 8 0
30 0 0
30 0 0
30 0 0
47 0 0
47 0 0
47 47 0
47 0 0
47 0 0
47 0 0
5777 5730 91
