# Mix output version 2
# FINI: end of program
# EMIT_DYNAMIC_STATS FOR TID 1, ins = 100001499
Dynamic Instruction Count = 100001499, Dyn BBL Count = 14280599
RAWdep[ 0] = 0
RAWdep[ 1] = 33070174
RAWdep[ 2] = 15004850
RAWdep[ 3] = 11625600
RAWdep[ 4] = 7237939
RAWdep[ 5] = 3198057
RAWdep[ 6] = 3078360
RAWdep[ 7] = 2601740
RAWdep[ 8] = 3894021
RAWdep[ 9] = 3154225
RAWdep[ 10] = 1876505
RAWdep[ 11] = 1736730
RAWdep[ 12] = 1786804
RAWdep[ 13] = 2237098
RAWdep[ 14] = 1814653
RAWdep[ 15] = 563868
RAWdep[ 16] = 1507154
RAWdep[ 17] = 823357
RAWdep[ 18] = 922955
RAWdep[ 19] = 1473313
RAWdep[ 20] = 646843
RAWdep[ 21] = 904460
RAWdep[ 22] = 708332
RAWdep[ 23] = 1035906
RAWdep[ 24] = 2137393
RAWdep[ 25] = 442473
RAWdep[ 26] = 314359
RAWdep[ 27] = 234440
RAWdep[ 28] = 731671
RAWdep[ 29] = 840538
RAWdep[ 30] = 490409
RAWdep[ 31] = 351554
RAWdep[ 32] = 617228
RAWdep[ 33] = 46335967

WAWdep[ 0] = 0
WAWdep[ 1] = 23351346
WAWdep[ 2] = 18954329
WAWdep[ 3] = 9936112
WAWdep[ 4] = 10054477
WAWdep[ 5] = 5935453
WAWdep[ 6] = 3875376
WAWdep[ 7] = 4244498
WAWdep[ 8] = 4073285
WAWdep[ 9] = 1787163
WAWdep[ 10] = 1678533
WAWdep[ 11] = 832614
WAWdep[ 12] = 1272876
WAWdep[ 13] = 1698313
WAWdep[ 14] = 1409632
WAWdep[ 15] = 766723
WAWdep[ 16] = 630187
WAWdep[ 17] = 612096
WAWdep[ 18] = 695636
WAWdep[ 19] = 902787
WAWdep[ 20] = 682929
WAWdep[ 21] = 466088
WAWdep[ 22] = 659711
WAWdep[ 23] = 286034
WAWdep[ 24] = 1655812
WAWdep[ 25] = 1213682
WAWdep[ 26] = 174011
WAWdep[ 27] = 657587
WAWdep[ 28] = 289466
WAWdep[ 29] = 713967
WAWdep[ 30] = 174813
WAWdep[ 31] = 298045
WAWdep[ 32] = 702044
WAWdep[ 33] = 14131194

WARdep[ 0] = 42158776
WARdep[ 1] = 10125152
WARdep[ 2] = 6241270
WARdep[ 3] = 3790788
WARdep[ 4] = 4684466
WARdep[ 5] = 3996653
WARdep[ 6] = 2283220
WARdep[ 7] = 2444158
WARdep[ 8] = 1660757
WARdep[ 9] = 1759400
WARdep[ 10] = 1762495
WARdep[ 11] = 1450696
WARdep[ 12] = 2551187
WARdep[ 13] = 1873485
WARdep[ 14] = 1420567
WARdep[ 15] = 1157697
WARdep[ 16] = 1125883
WARdep[ 17] = 997885
WARdep[ 18] = 1278487
WARdep[ 19] = 1045943
WARdep[ 20] = 1320103
WARdep[ 21] = 601775
WARdep[ 22] = 972306
WARdep[ 23] = 635378
WARdep[ 24] = 509706
WARdep[ 25] = 1048433
WARdep[ 26] = 566479
WARdep[ 27] = 241506
WARdep[ 28] = 580760
WARdep[ 29] = 298678
WARdep[ 30] = 362024
WARdep[ 31] = 430629
WARdep[ 32] = 368419
WARdep[ 33] = 13071658


		"0": "0",
		"1": "33070174",
		"2": "15004850",
		"3": "11625600",
		"4": "7237939",
		"5": "3198057",
		"6": "3078360",
		"7": "2601740",
		"8": "3894021",
		"9": "3154225",
		"10": "1876505",
		"11": "1736730",
		"12": "1786804",
		"13": "2237098",
		"14": "1814653",
		"15": "563868",
		"16": "1507154",
		"17": "823357",
		"18": "922955",
		"19": "1473313",
		"20": "646843",
		"21": "904460",
		"22": "708332",
		"23": "1035906",
		"24": "2137393",
		"25": "442473",
		"26": "314359",
		"27": "234440",
		"28": "731671",
		"29": "840538",
		"30": "490409",
		"31": "351554",
		"32": "617228",
		"33": "46335967",


# END_DYNAMIC_STATS
