# Branch output version 3
Dynamic_Instruction_Count: 100101500
Dynamic_Conditional_Branch_Count: 10577940
Dynamic_Unconditional_Branch_Count: 5562818
Total_Taken_Branches: 10046697
Total_Branch_Transitions: 2757017

Local Branch Stats (Total Count; Taken Count; Transition Count)
1508 355 482
1153 366 456
1508 1131 753
377 0 0
377 368 18
9 7 3
355 346 18
9 0 0
366 7 14
359 68 105
377 0 0
377 0 0
377 0 0
377 0 0
377 377 0
16300 0 0
16300 0 0
16300 0 0
16300 0 0
16677 16300 753
377 144 287
233 144 171
89 3 6
291 291 0
144 0 0
288 0 0
2 0 0
2 0 0
2 0 0
2 0 0
377 0 0
377 144 287
233 0 0
377 144 287
233 0 0
288 288 0
288 0 0
288 288 0
288 0 0
288 0 0
288 288 0
288 0 0
288 0 0
288 288 0
144 144 0
144 0 0
28865 8378 11179
24692 1424 2839
51984 28865 18721
27292 25980 2624
2736 2592 287
8378 4205 3179
144 144 0
37464 143 286
37321 0 0
37321 1 2
37320 950 1614
36514 32194 288
4320 14 26
72817 379 757
523 146 287
379 379 0
146 2 4
379 0 0
379 2 4
377 377 0
2 0 0
144 144 0
144 0 0
144 144 0
144 0 0
144 0 0
144 0 0
144 0 0
144 0 0
144 144 0
144 144 0
144 0 0
144 144 0
144 0 0
144 144 0
144 0 0
144 0 0
383 352 52
31 14 17
17 0 0
17 4 8
13 1 2
12 6 8
6 0 0
6 3 3
3 0 0
16 4 7
12 0 0
12 0 0
24 12 16
16 12 7
4 0 0
4 0 0
4 0 0
4 1 2
16 4 7
12 0 0
12 0 0
24 12 16
16 12 7
14 14 0
4 4 0
6 6 0
3 2 2
174004 95717 47995
78287 538 1038
77749 435 832
77314 105 208
1508 377 753
1131 465 408
436 49 68
1053 436 592
1508 1131 753
36 9 17
27 1 2
23 4 4
45 23 30
36 27 17
144 0 0
5179 105 209
8378 5179 3684
3199 3160 78
378 40 64
378 144 197
378 152 188
378 359 24
378 174 241
204 0 0
204 3 6
201 0 0
201 5 10
152 7 13
145 0 0
145 1 2
144 0 0
144 0 0
144 4 6
140 0 0
140 2 4
40 7 14
33 0 0
33 2 4
31 0 0
5608 1402 2803
4206 977 1141
2435 476 731
5188 2435 3319
5608 4206 2803
5608 1558 2726
5608 4206 2803
14388 3597 7193
10791 2635 3629
5667 1480 2033
12343 5667 8184
14388 10791 7193
3597 2039 684
36514 1402 2661
140448 35112 70223
105336 24070 31865
58883 13411 17911
126738 58883 82899
140448 105336 70223
140448 93103 55497
140448 105336 70223
35112 472 902
93103 45429 45238
47674 0 0
47674 9393 14800
38281 23192 19381
32235 7917 11736
32235 8439 11370
32235 7862 11074
32235 15089 8088
32235 24709 11092
7526 1757 2120
5769 992 1685
4777 0 0
4777 855 1466
45429 38315 11726
49020 12255 24509
36765 12836 12950
16018 3831 4965
36116 16018 23396
49020 36765 24509
12255 5141 3614
5312 1328 2655
3984 1349 1681
1486 661 721
3460 1486 2256
5312 3984 2655
1328 856 943
7862 1300 1826
6562 0 0
6562 535 874
6027 143 241
8439 0 0
8439 1718 2623
6721 340 556
6381 474 802
7917 2340 3166
5577 511 794
5066 397 700
4669 0 0
39592 7704 12072
39592 6774 10756
39592 7558 11548
39592 23192 7200
39592 30962 13110
8630 1773 2092
6857 1471 2182
5386 0 0
5386 885 1450
7558 2126 2887
5432 0 0
5432 1508 2016
3924 243 381
6774 0 0
6774 1838 2395
4936 1043 1418
3893 907 1362
7704 1799 2530
5905 813 1201
5092 1470 2101
3622 0 0
8378 4191 3191
4187 1186 1104
3001 2992 18
1186 5 10
248286 171664 88850
76622 21018 30392
55604 53848 2676
21018 967 1460
105910 77748 34700
77748 5818 9504
75859 24419 31414
51440 4311 6870
50341 10530 15798
39811 3168 5113
39378 6528 10080
32850 3595 5732
32301 3344 5440
28957 9502 11418
76081 9569 18512
66512 19736 28242
73885 56626 34517
9569 0 0
1347 524 209
10392 1347 2212
9045 823 1370
19736 10578 7761
36430 19244 14694
67231 22427 36688
65858 50045 31625
35057 27272 10069
7785 7785 0
22427 11521 16355
4919 3546 1208
12279 4919 5769
7360 1373 2176
5818 3929 2193
4311 3212 1385
3168 2735 630
3596 3046 806
229845 29017 57958
289463 204447 115245
85016 56363 25274
59617 52452 13934
56363 2757 5142
54958 47769 11588
42275 1789 3353
41313 35860 8825
34810 1213 2306
34368 30077 7078
30559 1500 2752
29914 25911 6436
27409 15100 11861
47703 6081 11739
41622 7129 10876
45692 10298 20595
6081 0 0
879 49 86
6911 879 1746
6032 830 1444
7129 2856 3099
10729 4101 3999
25135 9420 14719
23954 18507 10893
9548 6456 3340
3092 3092 0
9420 4772 6696
1951 770 613
5829 1951 3064
3878 1181 1775
2757 1352 1372
1789 827 907
1213 771 536
1500 855 728
35860 29357 10052
47769 35087 17378
30077 26268 6212
25911 23406 4146
36183 33366 5323
142 130 24
3069 36 70
3033 7 12
3026 1099 1303
2161 819 945
1499 864 717
733 42 70
691 57 94
2927 240 458
1099 234 344
819 157 238
864 98 158
758 156 263
758 146 268
758 149 267
758 142 242
69289 37619 28343
69289 42366 29382
69289 47806 27663
69289 49379 26040
144732 40389 54816
144732 108549 72365
40389 31417 12750
8972 8972 0
8972 5031 3648
89920 46311 46818
89920 67440 44959
22480 13508 7448
8972 5899 3260
3073 275 520
2798 0 0
46311 41829 7480
4482 0 0
4482 2894 2097
1871 283 514
1588 1171 550
3311 3311 0
3816 505 606
3311 720 964
2591 936 1095
1655 753 658
902 902 0
505 505 0
14562 5590 5028
8972 2328 3301
6644 2346 2959
4298 1938 2041
2360 2360 0
5590 5590 0
293 293 0
293 146 244
147 147 0
293 0 0
293 146 244
293 293 0
293 146 244
147 0 0
147 147 0
37463 0 0
523 465 116
465 448 34
1046 0 0
97010 48430 48537
48580 0 0
48580 48580 0
71033 1590 3118
118023 24 48
117999 34878 40090
83121 36131 21259
48430 0 0
48430 0 0
118237 41 82
118196 34342 40040
83854 47839 23059
70398 69807 1166
591 0 0
5171 40 78
5722 1 2
5721 2580 2576
3141 551 711
4430 32 64
5988 3 6
5985 2097 2173
3888 1558 933
1590 1590 0
37464 809 1614
36655 36655 0
97010 72 74
96939 72704 48469
61605 23357 35275
38248 37370 1756
23357 0 0
36655 472 902
36182 9998 14605
70882 44698 37514
26184 403 778
25781 0 0
70309 1020 1752
334130 63044 112719
271086 264841 12490
69289 48465 24453
70309 44528 37336
25781 12624 12237
13157 10433 4136
3616 0 0
3616 892 1208
13157 13157 0
2 2 0
377 0 0
377 377 0
377 377 0
63504 36212 11958
63504 63360 287
144 0 0
244036 0 0
523 161 60
523 231 461
292 0 0
292 91 60
231 161 60
379 0 0
379 379 0
72438 0 0
72817 0 0
72817 14184 5850
72817 71425 2305
72817 72438 757
379 0 0
379 148 296
231 161 60
28561 161 321
30949 28561 4402
2388 2388 0
148 102 60
19578 102 203
19578 18080 2778
8830 46 91
8830 8155 1264
13460 70 139
13460 12420 1910
2 2 0
2 2 0
2 2 0
381 2 3
381 2 3
379 348 58
379 370 18
2 2 0
385 2 3
385 0 0
385 2 4
383 4 8
379 18 27
361 0 0
2 0 0
2 0 0
2 0 0
146 0 0
146 146 0
1460 150 295
2 0 0
2 0 0
2 0 0
2 2 0
273 273 0
273 150 245
273 273 0
273 0 0
273 2 4
1460 1314 291
869 0 0
869 0 0
869 0 0
869 0 0
869 584 532
285 0 0
285 0 0
285 0 0
285 285 0
285 0 0
285 162 244
123 123 0
285 285 0
285 0 0
285 162 244
123 123 0
584 0 0
584 584 0
584 0 0
584 584 0
584 0 0
584 0 0
584 0 0
584 0 0
584 581 4
3 0 0
3 0 0
3 0 0
3 3 0
584 0 0
584 152 289
432 0 0
432 0 0
432 0 0
432 7 12
425 421 8
584 0 0
584 4 4
584 584 0
584 584 0
584 0 0
584 0 0
584 0 0
584 584 0
584 0 0
421 0 0
421 0 0
421 139 278
139 139 0
584 584 0
1250 0 0
1250 584 291
666 653 26
13 13 0
13 0 0
1237 578 291
659 389 4
270 0 0
270 0 0
270 270 0
878 0 0
578 578 0
578 432 287
1157 0 0
2124 456 903
1668 0 0
1668 0 0
1668 1279 8
389 385 8
1296 139 278
1157 291 296
866 281 562
727 302 566
425 0 0
425 283 284
281 142 276
139 0 0
283 283 0
283 0 0
283 283 0
142 0 0
385 6 7
379 7 12
372 77 7
372 372 0
456 439 8
618 460 309
158 0 0
158 153 6
5 0 0
5 5 0
8584 0 0
9202 8584 1203
618 451 310
139 0 0
13 13 0
439 295 288
144 139 1
5 0 0
5 5 0
5 0 0
5 0 0
5 0 0
5 0 0
5 5 0
5 0 0
5 0 0
451 0 0
451 0 0
451 0 0
451 0 0
451 9 14
442 298 287
451 446 10
5 0 0
446 0 0
446 434 8
446 14 18
5 0 0
5 0 0
5 0 0
298 0 0
298 0 0
298 0 0
1250 0 0
1250 0 0
1250 1250 0
1250 0 0
1250 0 0
1250 1250 0
1250 0 0
1250 0 0
1250 0 0
1250 0 0
869 0 0
869 0 0
869 0 0
869 869 0
1296 0 0
1296 0 0
1296 1296 0
1296 0 0
1296 0 0
1296 0 0
16992 15696 2591
723 504 426
219 0 0
219 143 138
504 437 130
437 437 0
143 0 0
143 143 0
437 0 0
4789 4352 871
1557 1414 285
1250 0 0
