# Mix output version 2
# FINI: end of program
# EMIT_DYNAMIC_STATS FOR TID 1
# instructions = 100101500, basic blocks = 16149088
Local Byte Stride Bucket -256 is equal to 1932082
Local Byte Stride Bucket -255 is equal to 4
Local Byte Stride Bucket -254 is equal to 6625
Local Byte Stride Bucket -253 is equal to 4
Local Byte Stride Bucket -252 is equal to 17146
Local Byte Stride Bucket -251 is equal to 2
Local Byte Stride Bucket -250 is equal to 6085
Local Byte Stride Bucket -249 is equal to 3
Local Byte Stride Bucket -248 is equal to 16817
Local Byte Stride Bucket -247 is equal to 1
Local Byte Stride Bucket -246 is equal to 5993
Local Byte Stride Bucket -245 is equal to 1
Local Byte Stride Bucket -244 is equal to 11502
Local Byte Stride Bucket -243 is equal to 3
Local Byte Stride Bucket -242 is equal to 5431
Local Byte Stride Bucket -241 is equal to 1
Local Byte Stride Bucket -240 is equal to 9267
Local Byte Stride Bucket -239 is equal to 3
Local Byte Stride Bucket -238 is equal to 7562
Local Byte Stride Bucket -237 is equal to 4
Local Byte Stride Bucket -236 is equal to 9431
Local Byte Stride Bucket -235 is equal to 4
Local Byte Stride Bucket -234 is equal to 5013
Local Byte Stride Bucket -233 is equal to 3
Local Byte Stride Bucket -232 is equal to 9141
Local Byte Stride Bucket -231 is equal to 2
Local Byte Stride Bucket -230 is equal to 5616
Local Byte Stride Bucket -228 is equal to 10298
Local Byte Stride Bucket -227 is equal to 1
Local Byte Stride Bucket -226 is equal to 7379
Local Byte Stride Bucket -225 is equal to 2
Local Byte Stride Bucket -224 is equal to 49876
Local Byte Stride Bucket -223 is equal to 18
Local Byte Stride Bucket -222 is equal to 5749
Local Byte Stride Bucket -221 is equal to 2
Local Byte Stride Bucket -220 is equal to 13746
Local Byte Stride Bucket -219 is equal to 4
Local Byte Stride Bucket -218 is equal to 5632
Local Byte Stride Bucket -217 is equal to 7
Local Byte Stride Bucket -216 is equal to 9159
Local Byte Stride Bucket -215 is equal to 7
Local Byte Stride Bucket -214 is equal to 6389
Local Byte Stride Bucket -213 is equal to 1
Local Byte Stride Bucket -212 is equal to 11171
Local Byte Stride Bucket -211 is equal to 2
Local Byte Stride Bucket -210 is equal to 7129
Local Byte Stride Bucket -209 is equal to 4
Local Byte Stride Bucket -208 is equal to 10862
Local Byte Stride Bucket -207 is equal to 41
Local Byte Stride Bucket -206 is equal to 6309
Local Byte Stride Bucket -204 is equal to 9982
Local Byte Stride Bucket -203 is equal to 8
Local Byte Stride Bucket -202 is equal to 5643
Local Byte Stride Bucket -201 is equal to 6
Local Byte Stride Bucket -200 is equal to 10362
Local Byte Stride Bucket -199 is equal to 6
Local Byte Stride Bucket -198 is equal to 5361
Local Byte Stride Bucket -197 is equal to 7
Local Byte Stride Bucket -196 is equal to 9405
Local Byte Stride Bucket -195 is equal to 1
Local Byte Stride Bucket -194 is equal to 4925
Local Byte Stride Bucket -193 is equal to 12
Local Byte Stride Bucket -192 is equal to 53072
Local Byte Stride Bucket -191 is equal to 11
Local Byte Stride Bucket -190 is equal to 6375
Local Byte Stride Bucket -189 is equal to 3
Local Byte Stride Bucket -188 is equal to 8285
Local Byte Stride Bucket -187 is equal to 5
Local Byte Stride Bucket -186 is equal to 5972
Local Byte Stride Bucket -185 is equal to 2
Local Byte Stride Bucket -184 is equal to 11045
Local Byte Stride Bucket -183 is equal to 2
Local Byte Stride Bucket -182 is equal to 8389
Local Byte Stride Bucket -181 is equal to 2
Local Byte Stride Bucket -180 is equal to 16349
Local Byte Stride Bucket -179 is equal to 2
Local Byte Stride Bucket -178 is equal to 5507
Local Byte Stride Bucket -177 is equal to 27
Local Byte Stride Bucket -176 is equal to 16205
Local Byte Stride Bucket -175 is equal to 4
Local Byte Stride Bucket -174 is equal to 10059
Local Byte Stride Bucket -173 is equal to 9
Local Byte Stride Bucket -172 is equal to 25404
Local Byte Stride Bucket -171 is equal to 2
Local Byte Stride Bucket -170 is equal to 9573
Local Byte Stride Bucket -169 is equal to 5
Local Byte Stride Bucket -168 is equal to 38281
Local Byte Stride Bucket -166 is equal to 8920
Local Byte Stride Bucket -165 is equal to 2
Local Byte Stride Bucket -164 is equal to 30012
Local Byte Stride Bucket -163 is equal to 1
Local Byte Stride Bucket -162 is equal to 10550
Local Byte Stride Bucket -161 is equal to 4
Local Byte Stride Bucket -160 is equal to 74038
Local Byte Stride Bucket -159 is equal to 5
Local Byte Stride Bucket -158 is equal to 7070
Local Byte Stride Bucket -157 is equal to 3
Local Byte Stride Bucket -156 is equal to 12820
Local Byte Stride Bucket -155 is equal to 10
Local Byte Stride Bucket -154 is equal to 6893
Local Byte Stride Bucket -153 is equal to 1
Local Byte Stride Bucket -152 is equal to 11233
Local Byte Stride Bucket -151 is equal to 2
Local Byte Stride Bucket -150 is equal to 7367
Local Byte Stride Bucket -149 is equal to 2
Local Byte Stride Bucket -148 is equal to 9626
Local Byte Stride Bucket -146 is equal to 6519
Local Byte Stride Bucket -145 is equal to 24
Local Byte Stride Bucket -144 is equal to 11499
Local Byte Stride Bucket -142 is equal to 6867
Local Byte Stride Bucket -141 is equal to 5
Local Byte Stride Bucket -140 is equal to 9544
Local Byte Stride Bucket -139 is equal to 2
Local Byte Stride Bucket -138 is equal to 5929
Local Byte Stride Bucket -137 is equal to 3
Local Byte Stride Bucket -136 is equal to 10311
Local Byte Stride Bucket -135 is equal to 3
Local Byte Stride Bucket -134 is equal to 7901
Local Byte Stride Bucket -133 is equal to 27
Local Byte Stride Bucket -132 is equal to 15745
Local Byte Stride Bucket -131 is equal to 19
Local Byte Stride Bucket -130 is equal to 11074
Local Byte Stride Bucket -129 is equal to 6
Local Byte Stride Bucket -128 is equal to 74422
Local Byte Stride Bucket -127 is equal to 8
Local Byte Stride Bucket -126 is equal to 17450
Local Byte Stride Bucket -125 is equal to 5
Local Byte Stride Bucket -124 is equal to 20164
Local Byte Stride Bucket -123 is equal to 6
Local Byte Stride Bucket -122 is equal to 11692
Local Byte Stride Bucket -121 is equal to 1
Local Byte Stride Bucket -120 is equal to 14310
Local Byte Stride Bucket -118 is equal to 10213
Local Byte Stride Bucket -117 is equal to 5
Local Byte Stride Bucket -116 is equal to 12069
Local Byte Stride Bucket -114 is equal to 9128
Local Byte Stride Bucket -113 is equal to 3
Local Byte Stride Bucket -112 is equal to 12045
Local Byte Stride Bucket -111 is equal to 6
Local Byte Stride Bucket -110 is equal to 7436
Local Byte Stride Bucket -108 is equal to 12432
Local Byte Stride Bucket -106 is equal to 8399
Local Byte Stride Bucket -105 is equal to 1
Local Byte Stride Bucket -104 is equal to 12940
Local Byte Stride Bucket -103 is equal to 3
Local Byte Stride Bucket -102 is equal to 7370
Local Byte Stride Bucket -101 is equal to 7
Local Byte Stride Bucket -100 is equal to 13186
Local Byte Stride Bucket -99 is equal to 3
Local Byte Stride Bucket -98 is equal to 8311
Local Byte Stride Bucket -96 is equal to 18856
Local Byte Stride Bucket -95 is equal to 6
Local Byte Stride Bucket -94 is equal to 11077
Local Byte Stride Bucket -93 is equal to 1
Local Byte Stride Bucket -92 is equal to 26980
Local Byte Stride Bucket -91 is equal to 4
Local Byte Stride Bucket -90 is equal to 11791
Local Byte Stride Bucket -89 is equal to 19
Local Byte Stride Bucket -88 is equal to 210798
Local Byte Stride Bucket -87 is equal to 2
Local Byte Stride Bucket -86 is equal to 29173
Local Byte Stride Bucket -85 is equal to 7
Local Byte Stride Bucket -84 is equal to 96179
Local Byte Stride Bucket -83 is equal to 5
Local Byte Stride Bucket -82 is equal to 33185
Local Byte Stride Bucket -81 is equal to 2
Local Byte Stride Bucket -80 is equal to 59564
Local Byte Stride Bucket -79 is equal to 1
Local Byte Stride Bucket -78 is equal to 12785
Local Byte Stride Bucket -77 is equal to 10
Local Byte Stride Bucket -76 is equal to 27958
Local Byte Stride Bucket -75 is equal to 6
Local Byte Stride Bucket -74 is equal to 9794
Local Byte Stride Bucket -73 is equal to 13
Local Byte Stride Bucket -72 is equal to 16088
Local Byte Stride Bucket -71 is equal to 6
Local Byte Stride Bucket -70 is equal to 8225
Local Byte Stride Bucket -69 is equal to 8
Local Byte Stride Bucket -68 is equal to 14517
Local Byte Stride Bucket -67 is equal to 5
Local Byte Stride Bucket -66 is equal to 8128
Local Byte Stride Bucket -65 is equal to 21
Local Byte Stride Bucket -64 is equal to 467238
Local Byte Stride Bucket -63 is equal to 26
Local Byte Stride Bucket -62 is equal to 8678
Local Byte Stride Bucket -61 is equal to 19
Local Byte Stride Bucket -60 is equal to 13957
Local Byte Stride Bucket -59 is equal to 2
Local Byte Stride Bucket -58 is equal to 8735
Local Byte Stride Bucket -57 is equal to 13
Local Byte Stride Bucket -56 is equal to 14566
Local Byte Stride Bucket -55 is equal to 6
Local Byte Stride Bucket -54 is equal to 12274
Local Byte Stride Bucket -53 is equal to 10
Local Byte Stride Bucket -52 is equal to 12485
Local Byte Stride Bucket -51 is equal to 5
Local Byte Stride Bucket -50 is equal to 10888
Local Byte Stride Bucket -49 is equal to 7
Local Byte Stride Bucket -48 is equal to 25011
Local Byte Stride Bucket -47 is equal to 3
Local Byte Stride Bucket -46 is equal to 30168
Local Byte Stride Bucket -45 is equal to 5
Local Byte Stride Bucket -44 is equal to 211940
Local Byte Stride Bucket -43 is equal to 4
Local Byte Stride Bucket -42 is equal to 84187
Local Byte Stride Bucket -41 is equal to 5
Local Byte Stride Bucket -40 is equal to 64305
Local Byte Stride Bucket -38 is equal to 31879
Local Byte Stride Bucket -37 is equal to 2
Local Byte Stride Bucket -36 is equal to 20296
Local Byte Stride Bucket -35 is equal to 2
Local Byte Stride Bucket -34 is equal to 11797
Local Byte Stride Bucket -33 is equal to 5
Local Byte Stride Bucket -32 is equal to 81475
Local Byte Stride Bucket -31 is equal to 7
Local Byte Stride Bucket -30 is equal to 11306
Local Byte Stride Bucket -29 is equal to 9
Local Byte Stride Bucket -28 is equal to 71861
Local Byte Stride Bucket -27 is equal to 6
Local Byte Stride Bucket -26 is equal to 9373
Local Byte Stride Bucket -25 is equal to 3
Local Byte Stride Bucket -24 is equal to 110075
Local Byte Stride Bucket -23 is equal to 7
Local Byte Stride Bucket -22 is equal to 8983
Local Byte Stride Bucket -21 is equal to 5
Local Byte Stride Bucket -20 is equal to 33820
Local Byte Stride Bucket -19 is equal to 3
Local Byte Stride Bucket -18 is equal to 9070
Local Byte Stride Bucket -17 is equal to 9
Local Byte Stride Bucket -16 is equal to 57510
Local Byte Stride Bucket -15 is equal to 13
Local Byte Stride Bucket -14 is equal to 8932
Local Byte Stride Bucket -13 is equal to 2
Local Byte Stride Bucket -12 is equal to 273951
Local Byte Stride Bucket -11 is equal to 26
Local Byte Stride Bucket -10 is equal to 10806
Local Byte Stride Bucket -9 is equal to 6
Local Byte Stride Bucket -8 is equal to 194162
Local Byte Stride Bucket -7 is equal to 5
Local Byte Stride Bucket -6 is equal to 18008
Local Byte Stride Bucket -5 is equal to 53
Local Byte Stride Bucket -4 is equal to 370402
Local Byte Stride Bucket -3 is equal to 2
Local Byte Stride Bucket -2 is equal to 174534
Local Byte Stride Bucket -1 is equal to 21
Local Byte Stride Bucket 0 is equal to 21277931
Local Byte Stride Bucket 1 is equal to 30
Local Byte Stride Bucket 2 is equal to 281167
Local Byte Stride Bucket 3 is equal to 4
Local Byte Stride Bucket 4 is equal to 2043211
Local Byte Stride Bucket 5 is equal to 8
Local Byte Stride Bucket 6 is equal to 18452
Local Byte Stride Bucket 7 is equal to 16
Local Byte Stride Bucket 8 is equal to 433677
Local Byte Stride Bucket 9 is equal to 7
Local Byte Stride Bucket 10 is equal to 10916
Local Byte Stride Bucket 11 is equal to 7
Local Byte Stride Bucket 12 is equal to 46075
Local Byte Stride Bucket 13 is equal to 17
Local Byte Stride Bucket 14 is equal to 8883
Local Byte Stride Bucket 15 is equal to 7
Local Byte Stride Bucket 16 is equal to 31221
Local Byte Stride Bucket 17 is equal to 7
Local Byte Stride Bucket 18 is equal to 9892
Local Byte Stride Bucket 19 is equal to 5
Local Byte Stride Bucket 20 is equal to 21891
Local Byte Stride Bucket 21 is equal to 5
Local Byte Stride Bucket 22 is equal to 8595
Local Byte Stride Bucket 23 is equal to 25
Local Byte Stride Bucket 24 is equal to 45104
Local Byte Stride Bucket 25 is equal to 3
Local Byte Stride Bucket 26 is equal to 9219
Local Byte Stride Bucket 27 is equal to 5
Local Byte Stride Bucket 28 is equal to 21636
Local Byte Stride Bucket 29 is equal to 10
Local Byte Stride Bucket 30 is equal to 10968
Local Byte Stride Bucket 31 is equal to 9
Local Byte Stride Bucket 32 is equal to 16923
Local Byte Stride Bucket 33 is equal to 5
Local Byte Stride Bucket 34 is equal to 11484
Local Byte Stride Bucket 35 is equal to 2
Local Byte Stride Bucket 36 is equal to 20724
Local Byte Stride Bucket 37 is equal to 7
Local Byte Stride Bucket 38 is equal to 77893
Local Byte Stride Bucket 39 is equal to 4
Local Byte Stride Bucket 40 is equal to 263960
Local Byte Stride Bucket 41 is equal to 2
Local Byte Stride Bucket 42 is equal to 132565
Local Byte Stride Bucket 43 is equal to 6
Local Byte Stride Bucket 44 is equal to 247358
Local Byte Stride Bucket 45 is equal to 1
Local Byte Stride Bucket 46 is equal to 42851
Local Byte Stride Bucket 47 is equal to 2
Local Byte Stride Bucket 48 is equal to 23698
Local Byte Stride Bucket 49 is equal to 5
Local Byte Stride Bucket 50 is equal to 10002
Local Byte Stride Bucket 51 is equal to 4
Local Byte Stride Bucket 52 is equal to 12212
Local Byte Stride Bucket 53 is equal to 4
Local Byte Stride Bucket 54 is equal to 12154
Local Byte Stride Bucket 55 is equal to 4
Local Byte Stride Bucket 56 is equal to 14937
Local Byte Stride Bucket 57 is equal to 2
Local Byte Stride Bucket 58 is equal to 8912
Local Byte Stride Bucket 59 is equal to 12
Local Byte Stride Bucket 60 is equal to 14004
Local Byte Stride Bucket 61 is equal to 8
Local Byte Stride Bucket 62 is equal to 7725
Local Byte Stride Bucket 63 is equal to 17
Local Byte Stride Bucket 64 is equal to 339415
Local Byte Stride Bucket 65 is equal to 23
Local Byte Stride Bucket 66 is equal to 8623
Local Byte Stride Bucket 67 is equal to 12
Local Byte Stride Bucket 68 is equal to 14535
Local Byte Stride Bucket 69 is equal to 4
Local Byte Stride Bucket 70 is equal to 8225
Local Byte Stride Bucket 71 is equal to 2
Local Byte Stride Bucket 72 is equal to 14489
Local Byte Stride Bucket 73 is equal to 5
Local Byte Stride Bucket 74 is equal to 10673
Local Byte Stride Bucket 75 is equal to 2
Local Byte Stride Bucket 76 is equal to 150130
Local Byte Stride Bucket 77 is equal to 1
Local Byte Stride Bucket 78 is equal to 12330
Local Byte Stride Bucket 79 is equal to 4
Local Byte Stride Bucket 80 is equal to 245183
Local Byte Stride Bucket 81 is equal to 5
Local Byte Stride Bucket 82 is equal to 41120
Local Byte Stride Bucket 83 is equal to 4
Local Byte Stride Bucket 84 is equal to 234528
Local Byte Stride Bucket 85 is equal to 1
Local Byte Stride Bucket 86 is equal to 31876
Local Byte Stride Bucket 87 is equal to 6
Local Byte Stride Bucket 88 is equal to 205397
Local Byte Stride Bucket 89 is equal to 3
Local Byte Stride Bucket 90 is equal to 9574
Local Byte Stride Bucket 91 is equal to 2
Local Byte Stride Bucket 92 is equal to 37785
Local Byte Stride Bucket 93 is equal to 2
Local Byte Stride Bucket 94 is equal to 11325
Local Byte Stride Bucket 95 is equal to 3
Local Byte Stride Bucket 96 is equal to 14169
Local Byte Stride Bucket 97 is equal to 1
Local Byte Stride Bucket 98 is equal to 8143
Local Byte Stride Bucket 99 is equal to 2
Local Byte Stride Bucket 100 is equal to 12134
Local Byte Stride Bucket 101 is equal to 3
Local Byte Stride Bucket 102 is equal to 6983
Local Byte Stride Bucket 103 is equal to 1
Local Byte Stride Bucket 104 is equal to 12552
Local Byte Stride Bucket 105 is equal to 3
Local Byte Stride Bucket 106 is equal to 8486
Local Byte Stride Bucket 107 is equal to 1
Local Byte Stride Bucket 108 is equal to 11838
Local Byte Stride Bucket 110 is equal to 7517
Local Byte Stride Bucket 111 is equal to 1
Local Byte Stride Bucket 112 is equal to 12586
Local Byte Stride Bucket 113 is equal to 1
Local Byte Stride Bucket 114 is equal to 9382
Local Byte Stride Bucket 116 is equal to 11893
Local Byte Stride Bucket 117 is equal to 3
Local Byte Stride Bucket 118 is equal to 10587
Local Byte Stride Bucket 120 is equal to 14303
Local Byte Stride Bucket 121 is equal to 2
Local Byte Stride Bucket 122 is equal to 13547
Local Byte Stride Bucket 123 is equal to 3
Local Byte Stride Bucket 124 is equal to 16681
Local Byte Stride Bucket 125 is equal to 4
Local Byte Stride Bucket 126 is equal to 16524
Local Byte Stride Bucket 127 is equal to 12
Local Byte Stride Bucket 128 is equal to 95821
Local Byte Stride Bucket 129 is equal to 5
Local Byte Stride Bucket 130 is equal to 8734
Local Byte Stride Bucket 131 is equal to 3
Local Byte Stride Bucket 132 is equal to 15718
Local Byte Stride Bucket 133 is equal to 4
Local Byte Stride Bucket 134 is equal to 8144
Local Byte Stride Bucket 136 is equal to 10126
Local Byte Stride Bucket 138 is equal to 6170
Local Byte Stride Bucket 139 is equal to 1
Local Byte Stride Bucket 140 is equal to 9707
Local Byte Stride Bucket 141 is equal to 3
Local Byte Stride Bucket 142 is equal to 7006
Local Byte Stride Bucket 143 is equal to 4
Local Byte Stride Bucket 144 is equal to 10825
Local Byte Stride Bucket 145 is equal to 3
Local Byte Stride Bucket 146 is equal to 6647
Local Byte Stride Bucket 147 is equal to 1
Local Byte Stride Bucket 148 is equal to 10077
Local Byte Stride Bucket 149 is equal to 52
Local Byte Stride Bucket 150 is equal to 7460
Local Byte Stride Bucket 151 is equal to 1
Local Byte Stride Bucket 152 is equal to 10581
Local Byte Stride Bucket 153 is equal to 1
Local Byte Stride Bucket 154 is equal to 6410
Local Byte Stride Bucket 155 is equal to 8
Local Byte Stride Bucket 156 is equal to 11300
Local Byte Stride Bucket 157 is equal to 2
Local Byte Stride Bucket 158 is equal to 7013
Local Byte Stride Bucket 159 is equal to 3
Local Byte Stride Bucket 160 is equal to 81111
Local Byte Stride Bucket 161 is equal to 11
Local Byte Stride Bucket 162 is equal to 9796
Local Byte Stride Bucket 163 is equal to 4
Local Byte Stride Bucket 164 is equal to 37407
Local Byte Stride Bucket 165 is equal to 6
Local Byte Stride Bucket 166 is equal to 9300
Local Byte Stride Bucket 167 is equal to 7
Local Byte Stride Bucket 168 is equal to 47926
Local Byte Stride Bucket 170 is equal to 9340
Local Byte Stride Bucket 171 is equal to 1
Local Byte Stride Bucket 172 is equal to 27614
Local Byte Stride Bucket 173 is equal to 1
Local Byte Stride Bucket 174 is equal to 9747
Local Byte Stride Bucket 175 is equal to 4
Local Byte Stride Bucket 176 is equal to 15286
Local Byte Stride Bucket 177 is equal to 5
Local Byte Stride Bucket 178 is equal to 5761
Local Byte Stride Bucket 179 is equal to 1
Local Byte Stride Bucket 180 is equal to 12012
Local Byte Stride Bucket 181 is equal to 3
Local Byte Stride Bucket 182 is equal to 8457
Local Byte Stride Bucket 183 is equal to 5
Local Byte Stride Bucket 184 is equal to 10199
Local Byte Stride Bucket 185 is equal to 5
Local Byte Stride Bucket 186 is equal to 5508
Local Byte Stride Bucket 187 is equal to 1
Local Byte Stride Bucket 188 is equal to 8187
Local Byte Stride Bucket 189 is equal to 3
Local Byte Stride Bucket 190 is equal to 6324
Local Byte Stride Bucket 191 is equal to 7
Local Byte Stride Bucket 192 is equal to 32397
Local Byte Stride Bucket 193 is equal to 7
Local Byte Stride Bucket 194 is equal to 4497
Local Byte Stride Bucket 195 is equal to 3
Local Byte Stride Bucket 196 is equal to 9205
Local Byte Stride Bucket 197 is equal to 2
Local Byte Stride Bucket 198 is equal to 5753
Local Byte Stride Bucket 199 is equal to 5
Local Byte Stride Bucket 200 is equal to 9527
Local Byte Stride Bucket 201 is equal to 5
Local Byte Stride Bucket 202 is equal to 5551
Local Byte Stride Bucket 203 is equal to 1
Local Byte Stride Bucket 204 is equal to 10024
Local Byte Stride Bucket 205 is equal to 9
Local Byte Stride Bucket 206 is equal to 6375
Local Byte Stride Bucket 207 is equal to 7
Local Byte Stride Bucket 208 is equal to 11112
Local Byte Stride Bucket 209 is equal to 2
Local Byte Stride Bucket 210 is equal to 7580
Local Byte Stride Bucket 211 is equal to 5
Local Byte Stride Bucket 212 is equal to 11147
Local Byte Stride Bucket 214 is equal to 6859
Local Byte Stride Bucket 215 is equal to 1
Local Byte Stride Bucket 216 is equal to 8863
Local Byte Stride Bucket 217 is equal to 5
Local Byte Stride Bucket 218 is equal to 5845
Local Byte Stride Bucket 220 is equal to 13451
Local Byte Stride Bucket 221 is equal to 3
Local Byte Stride Bucket 222 is equal to 5556
Local Byte Stride Bucket 223 is equal to 1
Local Byte Stride Bucket 224 is equal to 41513
Local Byte Stride Bucket 226 is equal to 7246
Local Byte Stride Bucket 227 is equal to 10
Local Byte Stride Bucket 228 is equal to 9854
Local Byte Stride Bucket 229 is equal to 3
Local Byte Stride Bucket 230 is equal to 5721
Local Byte Stride Bucket 231 is equal to 9
Local Byte Stride Bucket 232 is equal to 9414
Local Byte Stride Bucket 234 is equal to 4928
Local Byte Stride Bucket 235 is equal to 5
Local Byte Stride Bucket 236 is equal to 9042
Local Byte Stride Bucket 237 is equal to 7
Local Byte Stride Bucket 238 is equal to 7585
Local Byte Stride Bucket 239 is equal to 1
Local Byte Stride Bucket 240 is equal to 10578
Local Byte Stride Bucket 241 is equal to 5
Local Byte Stride Bucket 242 is equal to 5034
Local Byte Stride Bucket 243 is equal to 1
Local Byte Stride Bucket 244 is equal to 10284
Local Byte Stride Bucket 245 is equal to 11
Local Byte Stride Bucket 246 is equal to 5664
Local Byte Stride Bucket 247 is equal to 1
Local Byte Stride Bucket 248 is equal to 12555
Local Byte Stride Bucket 249 is equal to 18
Local Byte Stride Bucket 250 is equal to 6007
Local Byte Stride Bucket 251 is equal to 4
Local Byte Stride Bucket 252 is equal to 16460
Local Byte Stride Bucket 253 is equal to 34
Local Byte Stride Bucket 254 is equal to 6235
Local Byte Stride Bucket 255 is equal to 6
Local Byte Stride Bucket 256 is equal to 1845645

Local Cache Stride Bucket -256 is equal to 177105
Local Cache Stride Bucket -255 is equal to 100
Local Cache Stride Bucket -254 is equal to 65
Local Cache Stride Bucket -253 is equal to 80
Local Cache Stride Bucket -252 is equal to 173
Local Cache Stride Bucket -251 is equal to 77
Local Cache Stride Bucket -250 is equal to 57
Local Cache Stride Bucket -249 is equal to 65
Local Cache Stride Bucket -248 is equal to 78
Local Cache Stride Bucket -247 is equal to 58
Local Cache Stride Bucket -246 is equal to 88
Local Cache Stride Bucket -245 is equal to 49
Local Cache Stride Bucket -244 is equal to 79
Local Cache Stride Bucket -243 is equal to 101
Local Cache Stride Bucket -242 is equal to 72
Local Cache Stride Bucket -241 is equal to 102
Local Cache Stride Bucket -240 is equal to 187
Local Cache Stride Bucket -239 is equal to 62
Local Cache Stride Bucket -238 is equal to 40
Local Cache Stride Bucket -237 is equal to 65
Local Cache Stride Bucket -236 is equal to 63
Local Cache Stride Bucket -235 is equal to 56
Local Cache Stride Bucket -234 is equal to 54
Local Cache Stride Bucket -233 is equal to 44
Local Cache Stride Bucket -232 is equal to 51
Local Cache Stride Bucket -231 is equal to 37
Local Cache Stride Bucket -230 is equal to 44
Local Cache Stride Bucket -229 is equal to 47
Local Cache Stride Bucket -228 is equal to 62
Local Cache Stride Bucket -227 is equal to 47
Local Cache Stride Bucket -226 is equal to 75
Local Cache Stride Bucket -225 is equal to 62
Local Cache Stride Bucket -224 is equal to 116
Local Cache Stride Bucket -223 is equal to 60
Local Cache Stride Bucket -222 is equal to 51
Local Cache Stride Bucket -221 is equal to 45
Local Cache Stride Bucket -220 is equal to 66
Local Cache Stride Bucket -219 is equal to 37
Local Cache Stride Bucket -218 is equal to 58
Local Cache Stride Bucket -217 is equal to 39
Local Cache Stride Bucket -216 is equal to 27
Local Cache Stride Bucket -215 is equal to 34
Local Cache Stride Bucket -214 is equal to 43
Local Cache Stride Bucket -213 is equal to 43
Local Cache Stride Bucket -212 is equal to 48
Local Cache Stride Bucket -211 is equal to 32
Local Cache Stride Bucket -210 is equal to 63
Local Cache Stride Bucket -209 is equal to 69
Local Cache Stride Bucket -208 is equal to 72
Local Cache Stride Bucket -207 is equal to 50
Local Cache Stride Bucket -206 is equal to 47
Local Cache Stride Bucket -205 is equal to 38
Local Cache Stride Bucket -204 is equal to 47
Local Cache Stride Bucket -203 is equal to 38
Local Cache Stride Bucket -202 is equal to 33
Local Cache Stride Bucket -201 is equal to 51
Local Cache Stride Bucket -200 is equal to 47
Local Cache Stride Bucket -199 is equal to 41
Local Cache Stride Bucket -198 is equal to 41
Local Cache Stride Bucket -197 is equal to 56
Local Cache Stride Bucket -196 is equal to 108
Local Cache Stride Bucket -195 is equal to 36
Local Cache Stride Bucket -194 is equal to 58
Local Cache Stride Bucket -193 is equal to 75
Local Cache Stride Bucket -192 is equal to 206
Local Cache Stride Bucket -191 is equal to 70
Local Cache Stride Bucket -190 is equal to 44
Local Cache Stride Bucket -189 is equal to 65
Local Cache Stride Bucket -188 is equal to 52
Local Cache Stride Bucket -187 is equal to 27
Local Cache Stride Bucket -186 is equal to 54
Local Cache Stride Bucket -185 is equal to 62
Local Cache Stride Bucket -184 is equal to 72
Local Cache Stride Bucket -183 is equal to 52
Local Cache Stride Bucket -182 is equal to 30
Local Cache Stride Bucket -181 is equal to 38
Local Cache Stride Bucket -180 is equal to 37
Local Cache Stride Bucket -179 is equal to 57
Local Cache Stride Bucket -178 is equal to 57
Local Cache Stride Bucket -177 is equal to 80
Local Cache Stride Bucket -176 is equal to 89
Local Cache Stride Bucket -175 is equal to 56
Local Cache Stride Bucket -174 is equal to 48
Local Cache Stride Bucket -173 is equal to 60
Local Cache Stride Bucket -172 is equal to 120
Local Cache Stride Bucket -171 is equal to 68
Local Cache Stride Bucket -170 is equal to 43
Local Cache Stride Bucket -169 is equal to 27
Local Cache Stride Bucket -168 is equal to 42
Local Cache Stride Bucket -167 is equal to 141
Local Cache Stride Bucket -166 is equal to 42
Local Cache Stride Bucket -165 is equal to 34
Local Cache Stride Bucket -164 is equal to 65
Local Cache Stride Bucket -163 is equal to 37
Local Cache Stride Bucket -162 is equal to 53
Local Cache Stride Bucket -161 is equal to 39
Local Cache Stride Bucket -160 is equal to 112
Local Cache Stride Bucket -159 is equal to 58
Local Cache Stride Bucket -158 is equal to 58
Local Cache Stride Bucket -157 is equal to 58
Local Cache Stride Bucket -156 is equal to 35
Local Cache Stride Bucket -155 is equal to 54
Local Cache Stride Bucket -154 is equal to 46
Local Cache Stride Bucket -153 is equal to 32
Local Cache Stride Bucket -152 is equal to 53
Local Cache Stride Bucket -151 is equal to 43
Local Cache Stride Bucket -150 is equal to 35
Local Cache Stride Bucket -149 is equal to 54
Local Cache Stride Bucket -148 is equal to 44
Local Cache Stride Bucket -147 is equal to 73
Local Cache Stride Bucket -146 is equal to 622
Local Cache Stride Bucket -145 is equal to 641
Local Cache Stride Bucket -144 is equal to 119
Local Cache Stride Bucket -143 is equal to 67
Local Cache Stride Bucket -142 is equal to 62
Local Cache Stride Bucket -141 is equal to 70
Local Cache Stride Bucket -140 is equal to 33
Local Cache Stride Bucket -139 is equal to 44
Local Cache Stride Bucket -138 is equal to 38
Local Cache Stride Bucket -137 is equal to 49
Local Cache Stride Bucket -136 is equal to 40
Local Cache Stride Bucket -135 is equal to 35
Local Cache Stride Bucket -134 is equal to 64
Local Cache Stride Bucket -133 is equal to 74
Local Cache Stride Bucket -132 is equal to 67
Local Cache Stride Bucket -131 is equal to 55
Local Cache Stride Bucket -130 is equal to 71
Local Cache Stride Bucket -129 is equal to 1240
Local Cache Stride Bucket -128 is equal to 1385
Local Cache Stride Bucket -127 is equal to 59
Local Cache Stride Bucket -126 is equal to 105
Local Cache Stride Bucket -125 is equal to 48
Local Cache Stride Bucket -124 is equal to 69
Local Cache Stride Bucket -123 is equal to 52
Local Cache Stride Bucket -122 is equal to 50
Local Cache Stride Bucket -121 is equal to 49
Local Cache Stride Bucket -120 is equal to 65
Local Cache Stride Bucket -119 is equal to 76
Local Cache Stride Bucket -118 is equal to 332
Local Cache Stride Bucket -117 is equal to 906
Local Cache Stride Bucket -116 is equal to 47
Local Cache Stride Bucket -115 is equal to 39
Local Cache Stride Bucket -114 is equal to 56
Local Cache Stride Bucket -113 is equal to 56
Local Cache Stride Bucket -112 is equal to 197
Local Cache Stride Bucket -111 is equal to 79
Local Cache Stride Bucket -110 is equal to 39
Local Cache Stride Bucket -109 is equal to 361
Local Cache Stride Bucket -108 is equal to 46
Local Cache Stride Bucket -107 is equal to 64
Local Cache Stride Bucket -106 is equal to 35
Local Cache Stride Bucket -105 is equal to 55
Local Cache Stride Bucket -104 is equal to 41
Local Cache Stride Bucket -103 is equal to 51
Local Cache Stride Bucket -102 is equal to 44
Local Cache Stride Bucket -101 is equal to 45
Local Cache Stride Bucket -100 is equal to 48
Local Cache Stride Bucket -99 is equal to 61
Local Cache Stride Bucket -98 is equal to 70
Local Cache Stride Bucket -97 is equal to 90
Local Cache Stride Bucket -96 is equal to 128
Local Cache Stride Bucket -95 is equal to 51
Local Cache Stride Bucket -94 is equal to 80
Local Cache Stride Bucket -93 is equal to 54
Local Cache Stride Bucket -92 is equal to 61
Local Cache Stride Bucket -91 is equal to 55
Local Cache Stride Bucket -90 is equal to 63
Local Cache Stride Bucket -89 is equal to 76
Local Cache Stride Bucket -88 is equal to 91
Local Cache Stride Bucket -87 is equal to 61
Local Cache Stride Bucket -86 is equal to 45
Local Cache Stride Bucket -85 is equal to 76
Local Cache Stride Bucket -84 is equal to 83
Local Cache Stride Bucket -83 is equal to 71
Local Cache Stride Bucket -82 is equal to 92
Local Cache Stride Bucket -81 is equal to 91
Local Cache Stride Bucket -80 is equal to 168
Local Cache Stride Bucket -79 is equal to 81
Local Cache Stride Bucket -78 is equal to 167
Local Cache Stride Bucket -77 is equal to 97
Local Cache Stride Bucket -76 is equal to 83
Local Cache Stride Bucket -75 is equal to 94
Local Cache Stride Bucket -74 is equal to 52
Local Cache Stride Bucket -73 is equal to 65
Local Cache Stride Bucket -72 is equal to 65
Local Cache Stride Bucket -71 is equal to 62
Local Cache Stride Bucket -70 is equal to 83
Local Cache Stride Bucket -69 is equal to 72
Local Cache Stride Bucket -68 is equal to 997
Local Cache Stride Bucket -67 is equal to 364
Local Cache Stride Bucket -66 is equal to 66
Local Cache Stride Bucket -65 is equal to 119
Local Cache Stride Bucket -64 is equal to 253
Local Cache Stride Bucket -63 is equal to 140
Local Cache Stride Bucket -62 is equal to 947
Local Cache Stride Bucket -61 is equal to 349
Local Cache Stride Bucket -60 is equal to 93
Local Cache Stride Bucket -59 is equal to 78
Local Cache Stride Bucket -58 is equal to 32
Local Cache Stride Bucket -57 is equal to 45
Local Cache Stride Bucket -56 is equal to 73
Local Cache Stride Bucket -55 is equal to 54
Local Cache Stride Bucket -54 is equal to 37
Local Cache Stride Bucket -53 is equal to 54
Local Cache Stride Bucket -52 is equal to 68
Local Cache Stride Bucket -51 is equal to 64
Local Cache Stride Bucket -50 is equal to 101
Local Cache Stride Bucket -49 is equal to 112
Local Cache Stride Bucket -48 is equal to 127
Local Cache Stride Bucket -47 is equal to 117
Local Cache Stride Bucket -46 is equal to 94
Local Cache Stride Bucket -45 is equal to 133
Local Cache Stride Bucket -44 is equal to 77
Local Cache Stride Bucket -43 is equal to 72
Local Cache Stride Bucket -42 is equal to 69
Local Cache Stride Bucket -41 is equal to 87
Local Cache Stride Bucket -40 is equal to 96
Local Cache Stride Bucket -39 is equal to 57
Local Cache Stride Bucket -38 is equal to 130
Local Cache Stride Bucket -37 is equal to 117
Local Cache Stride Bucket -36 is equal to 114
Local Cache Stride Bucket -35 is equal to 93
Local Cache Stride Bucket -34 is equal to 199
Local Cache Stride Bucket -33 is equal to 148
Local Cache Stride Bucket -32 is equal to 1532
Local Cache Stride Bucket -31 is equal to 258
Local Cache Stride Bucket -30 is equal to 290
Local Cache Stride Bucket -29 is equal to 747
Local Cache Stride Bucket -28 is equal to 1432
Local Cache Stride Bucket -27 is equal to 860
Local Cache Stride Bucket -26 is equal to 455
Local Cache Stride Bucket -25 is equal to 2096
Local Cache Stride Bucket -24 is equal to 9746
Local Cache Stride Bucket -23 is equal to 13097
Local Cache Stride Bucket -22 is equal to 14463
Local Cache Stride Bucket -21 is equal to 17386
Local Cache Stride Bucket -20 is equal to 19462
Local Cache Stride Bucket -19 is equal to 19034
Local Cache Stride Bucket -18 is equal to 22889
Local Cache Stride Bucket -17 is equal to 27615
Local Cache Stride Bucket -16 is equal to 28161
Local Cache Stride Bucket -15 is equal to 30812
Local Cache Stride Bucket -14 is equal to 35879
Local Cache Stride Bucket -13 is equal to 56981
Local Cache Stride Bucket -12 is equal to 83364
Local Cache Stride Bucket -11 is equal to 109387
Local Cache Stride Bucket -10 is equal to 123291
Local Cache Stride Bucket -9 is equal to 160815
Local Cache Stride Bucket -8 is equal to 161592
Local Cache Stride Bucket -7 is equal to 192269
Local Cache Stride Bucket -6 is equal to 212412
Local Cache Stride Bucket -5 is equal to 240508
Local Cache Stride Bucket -4 is equal to 312159
Local Cache Stride Bucket -3 is equal to 417775
Local Cache Stride Bucket -2 is equal to 605392
Local Cache Stride Bucket -1 is equal to 1678796
Local Cache Stride Bucket 0 is equal to 25440172
Local Cache Stride Bucket 1 is equal to 2108567
Local Cache Stride Bucket 2 is equal to 746466
Local Cache Stride Bucket 3 is equal to 399741
Local Cache Stride Bucket 4 is equal to 282547
Local Cache Stride Bucket 5 is equal to 229784
Local Cache Stride Bucket 6 is equal to 202528
Local Cache Stride Bucket 7 is equal to 193768
Local Cache Stride Bucket 8 is equal to 151199
Local Cache Stride Bucket 9 is equal to 153071
Local Cache Stride Bucket 10 is equal to 116470
Local Cache Stride Bucket 11 is equal to 101794
Local Cache Stride Bucket 12 is equal to 74091
Local Cache Stride Bucket 13 is equal to 53626
Local Cache Stride Bucket 14 is equal to 41504
Local Cache Stride Bucket 15 is equal to 28775
Local Cache Stride Bucket 16 is equal to 25702
Local Cache Stride Bucket 17 is equal to 23183
Local Cache Stride Bucket 18 is equal to 20474
Local Cache Stride Bucket 19 is equal to 20483
Local Cache Stride Bucket 20 is equal to 19362
Local Cache Stride Bucket 21 is equal to 17161
Local Cache Stride Bucket 22 is equal to 13775
Local Cache Stride Bucket 23 is equal to 11235
Local Cache Stride Bucket 24 is equal to 5551
Local Cache Stride Bucket 25 is equal to 970
Local Cache Stride Bucket 26 is equal to 241
Local Cache Stride Bucket 27 is equal to 917
Local Cache Stride Bucket 28 is equal to 1529
Local Cache Stride Bucket 29 is equal to 697
Local Cache Stride Bucket 30 is equal to 139
Local Cache Stride Bucket 31 is equal to 169
Local Cache Stride Bucket 32 is equal to 532
Local Cache Stride Bucket 33 is equal to 127
Local Cache Stride Bucket 34 is equal to 127
Local Cache Stride Bucket 35 is equal to 76
Local Cache Stride Bucket 36 is equal to 85
Local Cache Stride Bucket 37 is equal to 80
Local Cache Stride Bucket 38 is equal to 289
Local Cache Stride Bucket 39 is equal to 705
Local Cache Stride Bucket 40 is equal to 99
Local Cache Stride Bucket 41 is equal to 93
Local Cache Stride Bucket 42 is equal to 70
Local Cache Stride Bucket 43 is equal to 69
Local Cache Stride Bucket 44 is equal to 88
Local Cache Stride Bucket 45 is equal to 697
Local Cache Stride Bucket 46 is equal to 101
Local Cache Stride Bucket 47 is equal to 1261
Local Cache Stride Bucket 48 is equal to 214
Local Cache Stride Bucket 49 is equal to 91
Local Cache Stride Bucket 50 is equal to 113
Local Cache Stride Bucket 51 is equal to 99
Local Cache Stride Bucket 52 is equal to 70
Local Cache Stride Bucket 53 is equal to 81
Local Cache Stride Bucket 54 is equal to 53
Local Cache Stride Bucket 55 is equal to 60
Local Cache Stride Bucket 56 is equal to 35
Local Cache Stride Bucket 57 is equal to 58
Local Cache Stride Bucket 58 is equal to 64
Local Cache Stride Bucket 59 is equal to 52
Local Cache Stride Bucket 60 is equal to 103
Local Cache Stride Bucket 61 is equal to 85
Local Cache Stride Bucket 62 is equal to 164
Local Cache Stride Bucket 63 is equal to 141
Local Cache Stride Bucket 64 is equal to 229
Local Cache Stride Bucket 65 is equal to 135
Local Cache Stride Bucket 66 is equal to 51
Local Cache Stride Bucket 67 is equal to 89
Local Cache Stride Bucket 68 is equal to 126
Local Cache Stride Bucket 69 is equal to 61
Local Cache Stride Bucket 70 is equal to 44
Local Cache Stride Bucket 71 is equal to 109
Local Cache Stride Bucket 72 is equal to 57
Local Cache Stride Bucket 73 is equal to 53
Local Cache Stride Bucket 74 is equal to 53
Local Cache Stride Bucket 75 is equal to 83
Local Cache Stride Bucket 76 is equal to 73
Local Cache Stride Bucket 77 is equal to 96
Local Cache Stride Bucket 78 is equal to 63
Local Cache Stride Bucket 79 is equal to 1216
Local Cache Stride Bucket 80 is equal to 138
Local Cache Stride Bucket 81 is equal to 87
Local Cache Stride Bucket 82 is equal to 84
Local Cache Stride Bucket 83 is equal to 70
Local Cache Stride Bucket 84 is equal to 65
Local Cache Stride Bucket 85 is equal to 64
Local Cache Stride Bucket 86 is equal to 203
Local Cache Stride Bucket 87 is equal to 46
Local Cache Stride Bucket 88 is equal to 78
Local Cache Stride Bucket 89 is equal to 49
Local Cache Stride Bucket 90 is equal to 58
Local Cache Stride Bucket 91 is equal to 47
Local Cache Stride Bucket 92 is equal to 80
Local Cache Stride Bucket 93 is equal to 67
Local Cache Stride Bucket 94 is equal to 189
Local Cache Stride Bucket 95 is equal to 46
Local Cache Stride Bucket 96 is equal to 117
Local Cache Stride Bucket 97 is equal to 61
Local Cache Stride Bucket 98 is equal to 69
Local Cache Stride Bucket 99 is equal to 319
Local Cache Stride Bucket 100 is equal to 910
Local Cache Stride Bucket 101 is equal to 44
Local Cache Stride Bucket 102 is equal to 74
Local Cache Stride Bucket 103 is equal to 57
Local Cache Stride Bucket 104 is equal to 70
Local Cache Stride Bucket 105 is equal to 54
Local Cache Stride Bucket 106 is equal to 40
Local Cache Stride Bucket 107 is equal to 43
Local Cache Stride Bucket 108 is equal to 53
Local Cache Stride Bucket 109 is equal to 378
Local Cache Stride Bucket 110 is equal to 65
Local Cache Stride Bucket 111 is equal to 72
Local Cache Stride Bucket 112 is equal to 113
Local Cache Stride Bucket 113 is equal to 93
Local Cache Stride Bucket 114 is equal to 82
Local Cache Stride Bucket 115 is equal to 66
Local Cache Stride Bucket 116 is equal to 69
Local Cache Stride Bucket 117 is equal to 48
Local Cache Stride Bucket 118 is equal to 45
Local Cache Stride Bucket 119 is equal to 65
Local Cache Stride Bucket 120 is equal to 66
Local Cache Stride Bucket 121 is equal to 37
Local Cache Stride Bucket 122 is equal to 55
Local Cache Stride Bucket 123 is equal to 51
Local Cache Stride Bucket 124 is equal to 77
Local Cache Stride Bucket 125 is equal to 57
Local Cache Stride Bucket 126 is equal to 112
Local Cache Stride Bucket 127 is equal to 96
Local Cache Stride Bucket 128 is equal to 261
Local Cache Stride Bucket 129 is equal to 95
Local Cache Stride Bucket 130 is equal to 51
Local Cache Stride Bucket 131 is equal to 52
Local Cache Stride Bucket 132 is equal to 178
Local Cache Stride Bucket 133 is equal to 51
Local Cache Stride Bucket 134 is equal to 74
Local Cache Stride Bucket 135 is equal to 94
Local Cache Stride Bucket 136 is equal to 67
Local Cache Stride Bucket 137 is equal to 48
Local Cache Stride Bucket 138 is equal to 45
Local Cache Stride Bucket 139 is equal to 64
Local Cache Stride Bucket 140 is equal to 49
Local Cache Stride Bucket 141 is equal to 45
Local Cache Stride Bucket 142 is equal to 40
Local Cache Stride Bucket 143 is equal to 65
Local Cache Stride Bucket 144 is equal to 78
Local Cache Stride Bucket 145 is equal to 74
Local Cache Stride Bucket 146 is equal to 39
Local Cache Stride Bucket 147 is equal to 53
Local Cache Stride Bucket 148 is equal to 58
Local Cache Stride Bucket 149 is equal to 90
Local Cache Stride Bucket 150 is equal to 63
Local Cache Stride Bucket 151 is equal to 56
Local Cache Stride Bucket 152 is equal to 47
Local Cache Stride Bucket 153 is equal to 79
Local Cache Stride Bucket 154 is equal to 39
Local Cache Stride Bucket 155 is equal to 38
Local Cache Stride Bucket 156 is equal to 48
Local Cache Stride Bucket 157 is equal to 58
Local Cache Stride Bucket 158 is equal to 56
Local Cache Stride Bucket 159 is equal to 63
Local Cache Stride Bucket 160 is equal to 76
Local Cache Stride Bucket 161 is equal to 59
Local Cache Stride Bucket 162 is equal to 58
Local Cache Stride Bucket 163 is equal to 88
Local Cache Stride Bucket 164 is equal to 43
Local Cache Stride Bucket 165 is equal to 24
Local Cache Stride Bucket 166 is equal to 58
Local Cache Stride Bucket 167 is equal to 84
Local Cache Stride Bucket 168 is equal to 52
Local Cache Stride Bucket 169 is equal to 41
Local Cache Stride Bucket 170 is equal to 43
Local Cache Stride Bucket 171 is equal to 1222
Local Cache Stride Bucket 172 is equal to 65
Local Cache Stride Bucket 173 is equal to 64
Local Cache Stride Bucket 174 is equal to 59
Local Cache Stride Bucket 175 is equal to 59
Local Cache Stride Bucket 176 is equal to 82
Local Cache Stride Bucket 177 is equal to 66
Local Cache Stride Bucket 178 is equal to 1206
Local Cache Stride Bucket 179 is equal to 1201
Local Cache Stride Bucket 180 is equal to 53
Local Cache Stride Bucket 181 is equal to 1195
Local Cache Stride Bucket 182 is equal to 46
Local Cache Stride Bucket 183 is equal to 38
Local Cache Stride Bucket 184 is equal to 52
Local Cache Stride Bucket 185 is equal to 49
Local Cache Stride Bucket 186 is equal to 34
Local Cache Stride Bucket 187 is equal to 42
Local Cache Stride Bucket 188 is equal to 69
Local Cache Stride Bucket 189 is equal to 55
Local Cache Stride Bucket 190 is equal to 42
Local Cache Stride Bucket 191 is equal to 79
Local Cache Stride Bucket 192 is equal to 147
Local Cache Stride Bucket 193 is equal to 64
Local Cache Stride Bucket 194 is equal to 136
Local Cache Stride Bucket 195 is equal to 61
Local Cache Stride Bucket 196 is equal to 103
Local Cache Stride Bucket 197 is equal to 88
Local Cache Stride Bucket 198 is equal to 33
Local Cache Stride Bucket 199 is equal to 29
Local Cache Stride Bucket 200 is equal to 39
Local Cache Stride Bucket 201 is equal to 35
Local Cache Stride Bucket 202 is equal to 57
Local Cache Stride Bucket 203 is equal to 53
Local Cache Stride Bucket 204 is equal to 38
Local Cache Stride Bucket 205 is equal to 53
Local Cache Stride Bucket 206 is equal to 63
Local Cache Stride Bucket 207 is equal to 59
Local Cache Stride Bucket 208 is equal to 93
Local Cache Stride Bucket 209 is equal to 75
Local Cache Stride Bucket 210 is equal to 59
Local Cache Stride Bucket 211 is equal to 50
Local Cache Stride Bucket 212 is equal to 125
Local Cache Stride Bucket 213 is equal to 74
Local Cache Stride Bucket 214 is equal to 61
Local Cache Stride Bucket 215 is equal to 62
Local Cache Stride Bucket 216 is equal to 45
Local Cache Stride Bucket 217 is equal to 40
Local Cache Stride Bucket 218 is equal to 62
Local Cache Stride Bucket 219 is equal to 64
Local Cache Stride Bucket 220 is equal to 288
Local Cache Stride Bucket 221 is equal to 139
Local Cache Stride Bucket 222 is equal to 57
Local Cache Stride Bucket 223 is equal to 51
Local Cache Stride Bucket 224 is equal to 149
Local Cache Stride Bucket 225 is equal to 51
Local Cache Stride Bucket 226 is equal to 42
Local Cache Stride Bucket 227 is equal to 41
Local Cache Stride Bucket 228 is equal to 85
Local Cache Stride Bucket 229 is equal to 52
Local Cache Stride Bucket 230 is equal to 45
Local Cache Stride Bucket 231 is equal to 28
Local Cache Stride Bucket 232 is equal to 46
Local Cache Stride Bucket 233 is equal to 61
Local Cache Stride Bucket 234 is equal to 51
Local Cache Stride Bucket 235 is equal to 51
Local Cache Stride Bucket 236 is equal to 47
Local Cache Stride Bucket 237 is equal to 68
Local Cache Stride Bucket 238 is equal to 65
Local Cache Stride Bucket 239 is equal to 97
Local Cache Stride Bucket 240 is equal to 79
Local Cache Stride Bucket 241 is equal to 67
Local Cache Stride Bucket 242 is equal to 64
Local Cache Stride Bucket 243 is equal to 87
Local Cache Stride Bucket 244 is equal to 66
Local Cache Stride Bucket 245 is equal to 57
Local Cache Stride Bucket 246 is equal to 60
Local Cache Stride Bucket 247 is equal to 90
Local Cache Stride Bucket 248 is equal to 96
Local Cache Stride Bucket 249 is equal to 50
Local Cache Stride Bucket 250 is equal to 63
Local Cache Stride Bucket 251 is equal to 106
Local Cache Stride Bucket 252 is equal to 123
Local Cache Stride Bucket 253 is equal to 64
Local Cache Stride Bucket 254 is equal to 58
Local Cache Stride Bucket 255 is equal to 97
Local Cache Stride Bucket 256 is equal to 185141


Global LD ST Byte Stride Bucket -256 is equal to 9900852
Global LD ST Byte Stride Bucket -254 is equal to 559
Global LD ST Byte Stride Bucket -252 is equal to 911
Global LD ST Byte Stride Bucket -250 is equal to 740
Global LD ST Byte Stride Bucket -248 is equal to 3711
Global LD ST Byte Stride Bucket -246 is equal to 696
Global LD ST Byte Stride Bucket -244 is equal to 754
Global LD ST Byte Stride Bucket -242 is equal to 532
Global LD ST Byte Stride Bucket -240 is equal to 683
Global LD ST Byte Stride Bucket -238 is equal to 462
Global LD ST Byte Stride Bucket -236 is equal to 595
Global LD ST Byte Stride Bucket -234 is equal to 357
Global LD ST Byte Stride Bucket -232 is equal to 643
Global LD ST Byte Stride Bucket -230 is equal to 842
Global LD ST Byte Stride Bucket -228 is equal to 1390
Global LD ST Byte Stride Bucket -226 is equal to 414
Global LD ST Byte Stride Bucket -224 is equal to 673
Global LD ST Byte Stride Bucket -222 is equal to 543
Global LD ST Byte Stride Bucket -220 is equal to 575
Global LD ST Byte Stride Bucket -218 is equal to 821
Global LD ST Byte Stride Bucket -216 is equal to 3912
Global LD ST Byte Stride Bucket -214 is equal to 502
Global LD ST Byte Stride Bucket -212 is equal to 841
Global LD ST Byte Stride Bucket -210 is equal to 940
Global LD ST Byte Stride Bucket -208 is equal to 711
Global LD ST Byte Stride Bucket -206 is equal to 623
Global LD ST Byte Stride Bucket -204 is equal to 514
Global LD ST Byte Stride Bucket -202 is equal to 600
Global LD ST Byte Stride Bucket -200 is equal to 655
Global LD ST Byte Stride Bucket -198 is equal to 566
Global LD ST Byte Stride Bucket -196 is equal to 667
Global LD ST Byte Stride Bucket -194 is equal to 555
Global LD ST Byte Stride Bucket -192 is equal to 685
Global LD ST Byte Stride Bucket -190 is equal to 542
Global LD ST Byte Stride Bucket -188 is equal to 9757
Global LD ST Byte Stride Bucket -186 is equal to 226
Global LD ST Byte Stride Bucket -184 is equal to 6189
Global LD ST Byte Stride Bucket -182 is equal to 737
Global LD ST Byte Stride Bucket -180 is equal to 712
Global LD ST Byte Stride Bucket -178 is equal to 318
Global LD ST Byte Stride Bucket -176 is equal to 227920
Global LD ST Byte Stride Bucket -174 is equal to 852
Global LD ST Byte Stride Bucket -172 is equal to 666
Global LD ST Byte Stride Bucket -170 is equal to 1053
Global LD ST Byte Stride Bucket -168 is equal to 86524
Global LD ST Byte Stride Bucket -166 is equal to 946
Global LD ST Byte Stride Bucket -164 is equal to 3302
Global LD ST Byte Stride Bucket -162 is equal to 828
Global LD ST Byte Stride Bucket -160 is equal to 6364
Global LD ST Byte Stride Bucket -158 is equal to 720
Global LD ST Byte Stride Bucket -156 is equal to 359
Global LD ST Byte Stride Bucket -154 is equal to 642
Global LD ST Byte Stride Bucket -152 is equal to 857
Global LD ST Byte Stride Bucket -150 is equal to 635
Global LD ST Byte Stride Bucket -148 is equal to 603
Global LD ST Byte Stride Bucket -146 is equal to 576
Global LD ST Byte Stride Bucket -144 is equal to 1547
Global LD ST Byte Stride Bucket -142 is equal to 176
Global LD ST Byte Stride Bucket -140 is equal to 838
Global LD ST Byte Stride Bucket -138 is equal to 603
Global LD ST Byte Stride Bucket -136 is equal to 395
Global LD ST Byte Stride Bucket -134 is equal to 1108
Global LD ST Byte Stride Bucket -132 is equal to 953
Global LD ST Byte Stride Bucket -130 is equal to 761
Global LD ST Byte Stride Bucket -128 is equal to 2414
Global LD ST Byte Stride Bucket -126 is equal to 2393
Global LD ST Byte Stride Bucket -124 is equal to 4526
Global LD ST Byte Stride Bucket -122 is equal to 1901
Global LD ST Byte Stride Bucket -120 is equal to 16615
Global LD ST Byte Stride Bucket -118 is equal to 1111
Global LD ST Byte Stride Bucket -116 is equal to 11693
Global LD ST Byte Stride Bucket -114 is equal to 828
Global LD ST Byte Stride Bucket -112 is equal to 11180
Global LD ST Byte Stride Bucket -110 is equal to 770
Global LD ST Byte Stride Bucket -108 is equal to 8150
Global LD ST Byte Stride Bucket -106 is equal to 510
Global LD ST Byte Stride Bucket -104 is equal to 7889
Global LD ST Byte Stride Bucket -102 is equal to 527
Global LD ST Byte Stride Bucket -100 is equal to 7107
Global LD ST Byte Stride Bucket -98 is equal to 806
Global LD ST Byte Stride Bucket -96 is equal to 1814
Global LD ST Byte Stride Bucket -94 is equal to 739
Global LD ST Byte Stride Bucket -92 is equal to 6868
Global LD ST Byte Stride Bucket -90 is equal to 1031
Global LD ST Byte Stride Bucket -88 is equal to 63963
Global LD ST Byte Stride Bucket -86 is equal to 2195
Global LD ST Byte Stride Bucket -84 is equal to 9859
Global LD ST Byte Stride Bucket -82 is equal to 2693
Global LD ST Byte Stride Bucket -80 is equal to 81083
Global LD ST Byte Stride Bucket -78 is equal to 1264
Global LD ST Byte Stride Bucket -76 is equal to 4697
Global LD ST Byte Stride Bucket -74 is equal to 873
Global LD ST Byte Stride Bucket -72 is equal to 8317
Global LD ST Byte Stride Bucket -70 is equal to 628
Global LD ST Byte Stride Bucket -68 is equal to 8466
Global LD ST Byte Stride Bucket -66 is equal to 548
Global LD ST Byte Stride Bucket -64 is equal to 18652
Global LD ST Byte Stride Bucket -62 is equal to 458
Global LD ST Byte Stride Bucket -60 is equal to 58903
Global LD ST Byte Stride Bucket -58 is equal to 437
Global LD ST Byte Stride Bucket -56 is equal to 154807
Global LD ST Byte Stride Bucket -54 is equal to 353
Global LD ST Byte Stride Bucket -52 is equal to 139883
Global LD ST Byte Stride Bucket -50 is equal to 608
Global LD ST Byte Stride Bucket -48 is equal to 22358
Global LD ST Byte Stride Bucket -46 is equal to 1927
Global LD ST Byte Stride Bucket -44 is equal to 49528
Global LD ST Byte Stride Bucket -42 is equal to 24491
Global LD ST Byte Stride Bucket -40 is equal to 68653
Global LD ST Byte Stride Bucket -38 is equal to 2061
Global LD ST Byte Stride Bucket -36 is equal to 81670
Global LD ST Byte Stride Bucket -34 is equal to 804
Global LD ST Byte Stride Bucket -32 is equal to 171459
Global LD ST Byte Stride Bucket -30 is equal to 568
Global LD ST Byte Stride Bucket -28 is equal to 26042
Global LD ST Byte Stride Bucket -26 is equal to 375
Global LD ST Byte Stride Bucket -24 is equal to 220954
Global LD ST Byte Stride Bucket -22 is equal to 303
Global LD ST Byte Stride Bucket -20 is equal to 148790
Global LD ST Byte Stride Bucket -18 is equal to 225
Global LD ST Byte Stride Bucket -16 is equal to 242474
Global LD ST Byte Stride Bucket -14 is equal to 233
Global LD ST Byte Stride Bucket -13 is equal to 4
Global LD ST Byte Stride Bucket -12 is equal to 414505
Global LD ST Byte Stride Bucket -10 is equal to 313
Global LD ST Byte Stride Bucket -8 is equal to 2016662
Global LD ST Byte Stride Bucket -6 is equal to 619
Global LD ST Byte Stride Bucket -4 is equal to 1057576
Global LD ST Byte Stride Bucket -2 is equal to 24496
Global LD ST Byte Stride Bucket 0 is equal to 2425214
Global LD ST Byte Stride Bucket 2 is equal to 22860
Global LD ST Byte Stride Bucket 4 is equal to 1610748
Global LD ST Byte Stride Bucket 6 is equal to 957
Global LD ST Byte Stride Bucket 8 is equal to 2624916
Global LD ST Byte Stride Bucket 9 is equal to 144
Global LD ST Byte Stride Bucket 10 is equal to 494
Global LD ST Byte Stride Bucket 12 is equal to 138768
Global LD ST Byte Stride Bucket 14 is equal to 192
Global LD ST Byte Stride Bucket 16 is equal to 380754
Global LD ST Byte Stride Bucket 18 is equal to 101
Global LD ST Byte Stride Bucket 20 is equal to 137771
Global LD ST Byte Stride Bucket 22 is equal to 98
Global LD ST Byte Stride Bucket 24 is equal to 169907
Global LD ST Byte Stride Bucket 26 is equal to 84
Global LD ST Byte Stride Bucket 28 is equal to 33176
Global LD ST Byte Stride Bucket 30 is equal to 221
Global LD ST Byte Stride Bucket 32 is equal to 132222
Global LD ST Byte Stride Bucket 34 is equal to 243
Global LD ST Byte Stride Bucket 36 is equal to 309648
Global LD ST Byte Stride Bucket 38 is equal to 1454
Global LD ST Byte Stride Bucket 40 is equal to 63721
Global LD ST Byte Stride Bucket 42 is equal to 25831
Global LD ST Byte Stride Bucket 44 is equal to 55823
Global LD ST Byte Stride Bucket 46 is equal to 1646
Global LD ST Byte Stride Bucket 47 is equal to 31
Global LD ST Byte Stride Bucket 48 is equal to 46938
Global LD ST Byte Stride Bucket 49 is equal to 139
Global LD ST Byte Stride Bucket 50 is equal to 802
Global LD ST Byte Stride Bucket 51 is equal to 35
Global LD ST Byte Stride Bucket 52 is equal to 170505
Global LD ST Byte Stride Bucket 53 is equal to 90
Global LD ST Byte Stride Bucket 54 is equal to 505
Global LD ST Byte Stride Bucket 55 is equal to 35
Global LD ST Byte Stride Bucket 56 is equal to 44183
Global LD ST Byte Stride Bucket 57 is equal to 99
Global LD ST Byte Stride Bucket 58 is equal to 1352
Global LD ST Byte Stride Bucket 59 is equal to 120
Global LD ST Byte Stride Bucket 60 is equal to 5048
Global LD ST Byte Stride Bucket 61 is equal to 77
Global LD ST Byte Stride Bucket 62 is equal to 1096
Global LD ST Byte Stride Bucket 63 is equal to 124
Global LD ST Byte Stride Bucket 64 is equal to 15109
Global LD ST Byte Stride Bucket 65 is equal to 144
Global LD ST Byte Stride Bucket 66 is equal to 685
Global LD ST Byte Stride Bucket 67 is equal to 152
Global LD ST Byte Stride Bucket 68 is equal to 756
Global LD ST Byte Stride Bucket 69 is equal to 142
Global LD ST Byte Stride Bucket 70 is equal to 671
Global LD ST Byte Stride Bucket 71 is equal to 78
Global LD ST Byte Stride Bucket 72 is equal to 4615
Global LD ST Byte Stride Bucket 73 is equal to 139
Global LD ST Byte Stride Bucket 74 is equal to 959
Global LD ST Byte Stride Bucket 75 is equal to 167
Global LD ST Byte Stride Bucket 76 is equal to 945
Global LD ST Byte Stride Bucket 77 is equal to 230
Global LD ST Byte Stride Bucket 78 is equal to 1188
Global LD ST Byte Stride Bucket 79 is equal to 189
Global LD ST Byte Stride Bucket 80 is equal to 60387
Global LD ST Byte Stride Bucket 81 is equal to 255
Global LD ST Byte Stride Bucket 82 is equal to 1927
Global LD ST Byte Stride Bucket 83 is equal to 97
Global LD ST Byte Stride Bucket 84 is equal to 169679
Global LD ST Byte Stride Bucket 86 is equal to 1721
Global LD ST Byte Stride Bucket 88 is equal to 59236
Global LD ST Byte Stride Bucket 89 is equal to 114
Global LD ST Byte Stride Bucket 90 is equal to 545
Global LD ST Byte Stride Bucket 91 is equal to 47
Global LD ST Byte Stride Bucket 92 is equal to 1273
Global LD ST Byte Stride Bucket 93 is equal to 55
Global LD ST Byte Stride Bucket 94 is equal to 187
Global LD ST Byte Stride Bucket 95 is equal to 31
Global LD ST Byte Stride Bucket 96 is equal to 1116
Global LD ST Byte Stride Bucket 97 is equal to 108
Global LD ST Byte Stride Bucket 98 is equal to 255
Global LD ST Byte Stride Bucket 99 is equal to 79
Global LD ST Byte Stride Bucket 100 is equal to 291
Global LD ST Byte Stride Bucket 101 is equal to 135
Global LD ST Byte Stride Bucket 102 is equal to 742
Global LD ST Byte Stride Bucket 103 is equal to 97
Global LD ST Byte Stride Bucket 104 is equal to 561
Global LD ST Byte Stride Bucket 105 is equal to 68
Global LD ST Byte Stride Bucket 106 is equal to 475
Global LD ST Byte Stride Bucket 107 is equal to 124
Global LD ST Byte Stride Bucket 108 is equal to 652
Global LD ST Byte Stride Bucket 109 is equal to 260
Global LD ST Byte Stride Bucket 110 is equal to 674
Global LD ST Byte Stride Bucket 111 is equal to 123
Global LD ST Byte Stride Bucket 112 is equal to 899
Global LD ST Byte Stride Bucket 113 is equal to 70
Global LD ST Byte Stride Bucket 114 is equal to 391
Global LD ST Byte Stride Bucket 115 is equal to 179
Global LD ST Byte Stride Bucket 116 is equal to 706
Global LD ST Byte Stride Bucket 117 is equal to 90
Global LD ST Byte Stride Bucket 118 is equal to 685
Global LD ST Byte Stride Bucket 119 is equal to 166
Global LD ST Byte Stride Bucket 120 is equal to 1033
Global LD ST Byte Stride Bucket 121 is equal to 259
Global LD ST Byte Stride Bucket 122 is equal to 1372
Global LD ST Byte Stride Bucket 123 is equal to 245
Global LD ST Byte Stride Bucket 124 is equal to 921
Global LD ST Byte Stride Bucket 125 is equal to 238
Global LD ST Byte Stride Bucket 126 is equal to 1571
Global LD ST Byte Stride Bucket 128 is equal to 682
Global LD ST Byte Stride Bucket 130 is equal to 655
Global LD ST Byte Stride Bucket 131 is equal to 32
Global LD ST Byte Stride Bucket 132 is equal to 1205
Global LD ST Byte Stride Bucket 133 is equal to 58
Global LD ST Byte Stride Bucket 134 is equal to 353
Global LD ST Byte Stride Bucket 135 is equal to 58
Global LD ST Byte Stride Bucket 136 is equal to 1407
Global LD ST Byte Stride Bucket 137 is equal to 14
Global LD ST Byte Stride Bucket 138 is equal to 829
Global LD ST Byte Stride Bucket 139 is equal to 222
Global LD ST Byte Stride Bucket 140 is equal to 320
Global LD ST Byte Stride Bucket 141 is equal to 127
Global LD ST Byte Stride Bucket 142 is equal to 131
Global LD ST Byte Stride Bucket 143 is equal to 247
Global LD ST Byte Stride Bucket 144 is equal to 413
Global LD ST Byte Stride Bucket 145 is equal to 83
Global LD ST Byte Stride Bucket 146 is equal to 597
Global LD ST Byte Stride Bucket 147 is equal to 25
Global LD ST Byte Stride Bucket 148 is equal to 808
Global LD ST Byte Stride Bucket 149 is equal to 36
Global LD ST Byte Stride Bucket 150 is equal to 544
Global LD ST Byte Stride Bucket 151 is equal to 316
Global LD ST Byte Stride Bucket 152 is equal to 492
Global LD ST Byte Stride Bucket 153 is equal to 47
Global LD ST Byte Stride Bucket 154 is equal to 1215
Global LD ST Byte Stride Bucket 155 is equal to 18
Global LD ST Byte Stride Bucket 156 is equal to 975
Global LD ST Byte Stride Bucket 157 is equal to 275
Global LD ST Byte Stride Bucket 158 is equal to 702
Global LD ST Byte Stride Bucket 159 is equal to 57
Global LD ST Byte Stride Bucket 160 is equal to 9798
Global LD ST Byte Stride Bucket 161 is equal to 56
Global LD ST Byte Stride Bucket 162 is equal to 830
Global LD ST Byte Stride Bucket 163 is equal to 12
Global LD ST Byte Stride Bucket 164 is equal to 166657
Global LD ST Byte Stride Bucket 165 is equal to 151
Global LD ST Byte Stride Bucket 166 is equal to 1057
Global LD ST Byte Stride Bucket 167 is equal to 151
Global LD ST Byte Stride Bucket 168 is equal to 81640
Global LD ST Byte Stride Bucket 170 is equal to 370
Global LD ST Byte Stride Bucket 172 is equal to 396
Global LD ST Byte Stride Bucket 173 is equal to 27
Global LD ST Byte Stride Bucket 174 is equal to 1063
Global LD ST Byte Stride Bucket 175 is equal to 34
Global LD ST Byte Stride Bucket 176 is equal to 9222
Global LD ST Byte Stride Bucket 177 is equal to 18
Global LD ST Byte Stride Bucket 178 is equal to 1054
Global LD ST Byte Stride Bucket 179 is equal to 262
Global LD ST Byte Stride Bucket 180 is equal to 541
Global LD ST Byte Stride Bucket 182 is equal to 1326
Global LD ST Byte Stride Bucket 183 is equal to 204
Global LD ST Byte Stride Bucket 184 is equal to 59991
Global LD ST Byte Stride Bucket 185 is equal to 55
Global LD ST Byte Stride Bucket 186 is equal to 501
Global LD ST Byte Stride Bucket 187 is equal to 45
Global LD ST Byte Stride Bucket 188 is equal to 657
Global LD ST Byte Stride Bucket 189 is equal to 5
Global LD ST Byte Stride Bucket 190 is equal to 59
Global LD ST Byte Stride Bucket 192 is equal to 69
Global LD ST Byte Stride Bucket 193 is equal to 12
Global LD ST Byte Stride Bucket 194 is equal to 69
Global LD ST Byte Stride Bucket 195 is equal to 2
Global LD ST Byte Stride Bucket 196 is equal to 111
Global LD ST Byte Stride Bucket 198 is equal to 99
Global LD ST Byte Stride Bucket 200 is equal to 9091
Global LD ST Byte Stride Bucket 202 is equal to 274
Global LD ST Byte Stride Bucket 203 is equal to 27
Global LD ST Byte Stride Bucket 204 is equal to 1039
Global LD ST Byte Stride Bucket 205 is equal to 69
Global LD ST Byte Stride Bucket 206 is equal to 375
Global LD ST Byte Stride Bucket 207 is equal to 68
Global LD ST Byte Stride Bucket 208 is equal to 983
Global LD ST Byte Stride Bucket 209 is equal to 163
Global LD ST Byte Stride Bucket 210 is equal to 603
Global LD ST Byte Stride Bucket 212 is equal to 251
Global LD ST Byte Stride Bucket 214 is equal to 387
Global LD ST Byte Stride Bucket 215 is equal to 106
Global LD ST Byte Stride Bucket 216 is equal to 683
Global LD ST Byte Stride Bucket 217 is equal to 28
Global LD ST Byte Stride Bucket 218 is equal to 722
Global LD ST Byte Stride Bucket 219 is equal to 48
Global LD ST Byte Stride Bucket 220 is equal to 200
Global LD ST Byte Stride Bucket 221 is equal to 86
Global LD ST Byte Stride Bucket 222 is equal to 248
Global LD ST Byte Stride Bucket 223 is equal to 287
Global LD ST Byte Stride Bucket 224 is equal to 4089
Global LD ST Byte Stride Bucket 225 is equal to 16
Global LD ST Byte Stride Bucket 226 is equal to 936
Global LD ST Byte Stride Bucket 227 is equal to 87
Global LD ST Byte Stride Bucket 228 is equal to 687
Global LD ST Byte Stride Bucket 229 is equal to 87
Global LD ST Byte Stride Bucket 230 is equal to 497
Global LD ST Byte Stride Bucket 231 is equal to 14
Global LD ST Byte Stride Bucket 232 is equal to 969
Global LD ST Byte Stride Bucket 233 is equal to 62
Global LD ST Byte Stride Bucket 234 is equal to 373
Global LD ST Byte Stride Bucket 236 is equal to 113
Global LD ST Byte Stride Bucket 237 is equal to 2
Global LD ST Byte Stride Bucket 238 is equal to 419
Global LD ST Byte Stride Bucket 239 is equal to 109
Global LD ST Byte Stride Bucket 240 is equal to 203
Global LD ST Byte Stride Bucket 241 is equal to 176
Global LD ST Byte Stride Bucket 242 is equal to 546
Global LD ST Byte Stride Bucket 243 is equal to 59
Global LD ST Byte Stride Bucket 244 is equal to 797
Global LD ST Byte Stride Bucket 245 is equal to 90
Global LD ST Byte Stride Bucket 246 is equal to 773
Global LD ST Byte Stride Bucket 247 is equal to 69
Global LD ST Byte Stride Bucket 248 is equal to 1236
Global LD ST Byte Stride Bucket 249 is equal to 160
Global LD ST Byte Stride Bucket 250 is equal to 533
Global LD ST Byte Stride Bucket 251 is equal to 192
Global LD ST Byte Stride Bucket 252 is equal to 693
Global LD ST Byte Stride Bucket 254 is equal to 176
Global LD ST Byte Stride Bucket 256 is equal to 10865769

Global LD ST Cache Stride Bucket -256 is equal to 1560714
Global LD ST Cache Stride Bucket -221 is equal to 5
Global LD ST Cache Stride Bucket -199 is equal to 84
Global LD ST Cache Stride Bucket -196 is equal to 55
Global LD ST Cache Stride Bucket -177 is equal to 1
Global LD ST Cache Stride Bucket -176 is equal to 9
Global LD ST Cache Stride Bucket -172 is equal to 132
Global LD ST Cache Stride Bucket -171 is equal to 44
Global LD ST Cache Stride Bucket -155 is equal to 83
Global LD ST Cache Stride Bucket -154 is equal to 915
Global LD ST Cache Stride Bucket -153 is equal to 5452
Global LD ST Cache Stride Bucket -152 is equal to 10044
Global LD ST Cache Stride Bucket -151 is equal to 15118
Global LD ST Cache Stride Bucket -150 is equal to 32426
Global LD ST Cache Stride Bucket -149 is equal to 307824
Global LD ST Cache Stride Bucket -148 is equal to 332433
Global LD ST Cache Stride Bucket -147 is equal to 228687
Global LD ST Cache Stride Bucket -146 is equal to 90149
Global LD ST Cache Stride Bucket -145 is equal to 235043
Global LD ST Cache Stride Bucket -144 is equal to 244719
Global LD ST Cache Stride Bucket -143 is equal to 155775
Global LD ST Cache Stride Bucket -142 is equal to 56010
Global LD ST Cache Stride Bucket -141 is equal to 20546
Global LD ST Cache Stride Bucket -140 is equal to 4794
Global LD ST Cache Stride Bucket -139 is equal to 5696
Global LD ST Cache Stride Bucket -138 is equal to 2936
Global LD ST Cache Stride Bucket -137 is equal to 3247
Global LD ST Cache Stride Bucket -136 is equal to 4366
Global LD ST Cache Stride Bucket -135 is equal to 3348
Global LD ST Cache Stride Bucket -134 is equal to 5014
Global LD ST Cache Stride Bucket -133 is equal to 4093
Global LD ST Cache Stride Bucket -132 is equal to 3586
Global LD ST Cache Stride Bucket -131 is equal to 3588
Global LD ST Cache Stride Bucket -130 is equal to 5336
Global LD ST Cache Stride Bucket -129 is equal to 3557
Global LD ST Cache Stride Bucket -128 is equal to 2917
Global LD ST Cache Stride Bucket -127 is equal to 2862
Global LD ST Cache Stride Bucket -126 is equal to 3069
Global LD ST Cache Stride Bucket -125 is equal to 2653
Global LD ST Cache Stride Bucket -124 is equal to 3159
Global LD ST Cache Stride Bucket -123 is equal to 5271
Global LD ST Cache Stride Bucket -122 is equal to 6538
Global LD ST Cache Stride Bucket -121 is equal to 21065
Global LD ST Cache Stride Bucket -120 is equal to 8391
Global LD ST Cache Stride Bucket -119 is equal to 98095
Global LD ST Cache Stride Bucket -118 is equal to 24223
Global LD ST Cache Stride Bucket -117 is equal to 45179
Global LD ST Cache Stride Bucket -116 is equal to 68750
Global LD ST Cache Stride Bucket -115 is equal to 62400
Global LD ST Cache Stride Bucket -114 is equal to 48727
Global LD ST Cache Stride Bucket -113 is equal to 48562
Global LD ST Cache Stride Bucket -112 is equal to 55805
Global LD ST Cache Stride Bucket -111 is equal to 47933
Global LD ST Cache Stride Bucket -110 is equal to 59053
Global LD ST Cache Stride Bucket -109 is equal to 46655
Global LD ST Cache Stride Bucket -108 is equal to 54208
Global LD ST Cache Stride Bucket -107 is equal to 44464
Global LD ST Cache Stride Bucket -106 is equal to 35294
Global LD ST Cache Stride Bucket -105 is equal to 36304
Global LD ST Cache Stride Bucket -104 is equal to 39964
Global LD ST Cache Stride Bucket -103 is equal to 31419
Global LD ST Cache Stride Bucket -102 is equal to 33160
Global LD ST Cache Stride Bucket -101 is equal to 33697
Global LD ST Cache Stride Bucket -100 is equal to 137998
Global LD ST Cache Stride Bucket -99 is equal to 28046
Global LD ST Cache Stride Bucket -98 is equal to 107842
Global LD ST Cache Stride Bucket -97 is equal to 40477
Global LD ST Cache Stride Bucket -96 is equal to 66299
Global LD ST Cache Stride Bucket -95 is equal to 86598
Global LD ST Cache Stride Bucket -94 is equal to 111381
Global LD ST Cache Stride Bucket -93 is equal to 84000
Global LD ST Cache Stride Bucket -92 is equal to 69753
Global LD ST Cache Stride Bucket -91 is equal to 59848
Global LD ST Cache Stride Bucket -90 is equal to 54308
Global LD ST Cache Stride Bucket -89 is equal to 50014
Global LD ST Cache Stride Bucket -88 is equal to 57949
Global LD ST Cache Stride Bucket -87 is equal to 62525
Global LD ST Cache Stride Bucket -86 is equal to 58430
Global LD ST Cache Stride Bucket -85 is equal to 58975
Global LD ST Cache Stride Bucket -84 is equal to 60719
Global LD ST Cache Stride Bucket -83 is equal to 55828
Global LD ST Cache Stride Bucket -82 is equal to 69662
Global LD ST Cache Stride Bucket -81 is equal to 70323
Global LD ST Cache Stride Bucket -80 is equal to 68359
Global LD ST Cache Stride Bucket -79 is equal to 72095
Global LD ST Cache Stride Bucket -78 is equal to 71918
Global LD ST Cache Stride Bucket -77 is equal to 69722
Global LD ST Cache Stride Bucket -76 is equal to 70099
Global LD ST Cache Stride Bucket -75 is equal to 78020
Global LD ST Cache Stride Bucket -74 is equal to 78096
Global LD ST Cache Stride Bucket -73 is equal to 93298
Global LD ST Cache Stride Bucket -72 is equal to 103748
Global LD ST Cache Stride Bucket -71 is equal to 68820
Global LD ST Cache Stride Bucket -70 is equal to 58452
Global LD ST Cache Stride Bucket -69 is equal to 30441
Global LD ST Cache Stride Bucket -68 is equal to 32493
Global LD ST Cache Stride Bucket -67 is equal to 35202
Global LD ST Cache Stride Bucket -66 is equal to 32110
Global LD ST Cache Stride Bucket -65 is equal to 30353
Global LD ST Cache Stride Bucket -64 is equal to 31403
Global LD ST Cache Stride Bucket -63 is equal to 28840
Global LD ST Cache Stride Bucket -62 is equal to 28280
Global LD ST Cache Stride Bucket -61 is equal to 28275
Global LD ST Cache Stride Bucket -60 is equal to 26750
Global LD ST Cache Stride Bucket -59 is equal to 29161
Global LD ST Cache Stride Bucket -58 is equal to 26350
Global LD ST Cache Stride Bucket -57 is equal to 26494
Global LD ST Cache Stride Bucket -56 is equal to 41395
Global LD ST Cache Stride Bucket -55 is equal to 67815
Global LD ST Cache Stride Bucket -54 is equal to 64530
Global LD ST Cache Stride Bucket -53 is equal to 69580
Global LD ST Cache Stride Bucket -52 is equal to 74838
Global LD ST Cache Stride Bucket -51 is equal to 49841
Global LD ST Cache Stride Bucket -50 is equal to 195090
Global LD ST Cache Stride Bucket -49 is equal to 85208
Global LD ST Cache Stride Bucket -48 is equal to 62234
Global LD ST Cache Stride Bucket -47 is equal to 73652
Global LD ST Cache Stride Bucket -46 is equal to 169754
Global LD ST Cache Stride Bucket -45 is equal to 53031
Global LD ST Cache Stride Bucket -44 is equal to 55808
Global LD ST Cache Stride Bucket -43 is equal to 38132
Global LD ST Cache Stride Bucket -42 is equal to 109205
Global LD ST Cache Stride Bucket -41 is equal to 131967
Global LD ST Cache Stride Bucket -40 is equal to 22954
Global LD ST Cache Stride Bucket -39 is equal to 19349
Global LD ST Cache Stride Bucket -38 is equal to 11845
Global LD ST Cache Stride Bucket -37 is equal to 16046
Global LD ST Cache Stride Bucket -36 is equal to 17196
Global LD ST Cache Stride Bucket -35 is equal to 15816
Global LD ST Cache Stride Bucket -34 is equal to 20296
Global LD ST Cache Stride Bucket -33 is equal to 24230
Global LD ST Cache Stride Bucket -32 is equal to 27791
Global LD ST Cache Stride Bucket -31 is equal to 22856
Global LD ST Cache Stride Bucket -30 is equal to 19648
Global LD ST Cache Stride Bucket -29 is equal to 24649
Global LD ST Cache Stride Bucket -28 is equal to 42238
Global LD ST Cache Stride Bucket -27 is equal to 84862
Global LD ST Cache Stride Bucket -26 is equal to 74303
Global LD ST Cache Stride Bucket -25 is equal to 31917
Global LD ST Cache Stride Bucket -24 is equal to 24737
Global LD ST Cache Stride Bucket -23 is equal to 25141
Global LD ST Cache Stride Bucket -22 is equal to 21603
Global LD ST Cache Stride Bucket -21 is equal to 19855
Global LD ST Cache Stride Bucket -20 is equal to 29618
Global LD ST Cache Stride Bucket -19 is equal to 29993
Global LD ST Cache Stride Bucket -18 is equal to 34090
Global LD ST Cache Stride Bucket -17 is equal to 38485
Global LD ST Cache Stride Bucket -16 is equal to 57843
Global LD ST Cache Stride Bucket -15 is equal to 106185
Global LD ST Cache Stride Bucket -14 is equal to 244115
Global LD ST Cache Stride Bucket -13 is equal to 136410
Global LD ST Cache Stride Bucket -12 is equal to 90090
Global LD ST Cache Stride Bucket -11 is equal to 39945
Global LD ST Cache Stride Bucket -10 is equal to 30805
Global LD ST Cache Stride Bucket -9 is equal to 30967
Global LD ST Cache Stride Bucket -8 is equal to 30911
Global LD ST Cache Stride Bucket -7 is equal to 42473
Global LD ST Cache Stride Bucket -6 is equal to 75496
Global LD ST Cache Stride Bucket -5 is equal to 37944
Global LD ST Cache Stride Bucket -4 is equal to 25870
Global LD ST Cache Stride Bucket -3 is equal to 283762
Global LD ST Cache Stride Bucket -2 is equal to 189235
Global LD ST Cache Stride Bucket -1 is equal to 1385359
Global LD ST Cache Stride Bucket 0 is equal to 11014989
Global LD ST Cache Stride Bucket 1 is equal to 1367549
Global LD ST Cache Stride Bucket 2 is equal to 227766
Global LD ST Cache Stride Bucket 3 is equal to 238607
Global LD ST Cache Stride Bucket 4 is equal to 28224
Global LD ST Cache Stride Bucket 5 is equal to 34567
Global LD ST Cache Stride Bucket 6 is equal to 77807
Global LD ST Cache Stride Bucket 7 is equal to 52038
Global LD ST Cache Stride Bucket 8 is equal to 40969
Global LD ST Cache Stride Bucket 9 is equal to 46469
Global LD ST Cache Stride Bucket 10 is equal to 46548
Global LD ST Cache Stride Bucket 11 is equal to 68323
Global LD ST Cache Stride Bucket 12 is equal to 117184
Global LD ST Cache Stride Bucket 13 is equal to 264359
Global LD ST Cache Stride Bucket 14 is equal to 641387
Global LD ST Cache Stride Bucket 15 is equal to 181432
Global LD ST Cache Stride Bucket 16 is equal to 93253
Global LD ST Cache Stride Bucket 17 is equal to 75522
Global LD ST Cache Stride Bucket 18 is equal to 59498
Global LD ST Cache Stride Bucket 19 is equal to 75249
Global LD ST Cache Stride Bucket 20 is equal to 70580
Global LD ST Cache Stride Bucket 21 is equal to 40061
Global LD ST Cache Stride Bucket 22 is equal to 40911
Global LD ST Cache Stride Bucket 23 is equal to 58996
Global LD ST Cache Stride Bucket 24 is equal to 57839
Global LD ST Cache Stride Bucket 25 is equal to 45025
Global LD ST Cache Stride Bucket 26 is equal to 51578
Global LD ST Cache Stride Bucket 27 is equal to 91163
Global LD ST Cache Stride Bucket 28 is equal to 91261
Global LD ST Cache Stride Bucket 29 is equal to 77731
Global LD ST Cache Stride Bucket 30 is equal to 70156
Global LD ST Cache Stride Bucket 31 is equal to 73097
Global LD ST Cache Stride Bucket 32 is equal to 77519
Global LD ST Cache Stride Bucket 33 is equal to 66906
Global LD ST Cache Stride Bucket 34 is equal to 67963
Global LD ST Cache Stride Bucket 35 is equal to 63391
Global LD ST Cache Stride Bucket 36 is equal to 70341
Global LD ST Cache Stride Bucket 37 is equal to 71266
Global LD ST Cache Stride Bucket 38 is equal to 77225
Global LD ST Cache Stride Bucket 39 is equal to 86100
Global LD ST Cache Stride Bucket 40 is equal to 75682
Global LD ST Cache Stride Bucket 41 is equal to 42170
Global LD ST Cache Stride Bucket 42 is equal to 14287
Global LD ST Cache Stride Bucket 43 is equal to 27218
Global LD ST Cache Stride Bucket 44 is equal to 41447
Global LD ST Cache Stride Bucket 45 is equal to 57951
Global LD ST Cache Stride Bucket 46 is equal to 77317
Global LD ST Cache Stride Bucket 47 is equal to 209342
Global LD ST Cache Stride Bucket 48 is equal to 63655
Global LD ST Cache Stride Bucket 49 is equal to 60542
Global LD ST Cache Stride Bucket 50 is equal to 83760
Global LD ST Cache Stride Bucket 51 is equal to 239308
Global LD ST Cache Stride Bucket 52 is equal to 51039
Global LD ST Cache Stride Bucket 53 is equal to 35937
Global LD ST Cache Stride Bucket 54 is equal to 48351
Global LD ST Cache Stride Bucket 55 is equal to 41036
Global LD ST Cache Stride Bucket 56 is equal to 34935
Global LD ST Cache Stride Bucket 57 is equal to 18455
Global LD ST Cache Stride Bucket 58 is equal to 18184
Global LD ST Cache Stride Bucket 59 is equal to 18504
Global LD ST Cache Stride Bucket 60 is equal to 18101
Global LD ST Cache Stride Bucket 61 is equal to 16373
Global LD ST Cache Stride Bucket 62 is equal to 17060
Global LD ST Cache Stride Bucket 63 is equal to 15350
Global LD ST Cache Stride Bucket 64 is equal to 18653
Global LD ST Cache Stride Bucket 65 is equal to 16109
Global LD ST Cache Stride Bucket 66 is equal to 19373
Global LD ST Cache Stride Bucket 67 is equal to 20628
Global LD ST Cache Stride Bucket 68 is equal to 18189
Global LD ST Cache Stride Bucket 69 is equal to 18240
Global LD ST Cache Stride Bucket 70 is equal to 33507
Global LD ST Cache Stride Bucket 71 is equal to 31847
Global LD ST Cache Stride Bucket 72 is equal to 36642
Global LD ST Cache Stride Bucket 73 is equal to 38499
Global LD ST Cache Stride Bucket 74 is equal to 30115
Global LD ST Cache Stride Bucket 75 is equal to 33256
Global LD ST Cache Stride Bucket 76 is equal to 25138
Global LD ST Cache Stride Bucket 77 is equal to 26535
Global LD ST Cache Stride Bucket 78 is equal to 27519
Global LD ST Cache Stride Bucket 79 is equal to 25781
Global LD ST Cache Stride Bucket 80 is equal to 25688
Global LD ST Cache Stride Bucket 81 is equal to 28405
Global LD ST Cache Stride Bucket 82 is equal to 26525
Global LD ST Cache Stride Bucket 83 is equal to 24444
Global LD ST Cache Stride Bucket 84 is equal to 42090
Global LD ST Cache Stride Bucket 85 is equal to 41163
Global LD ST Cache Stride Bucket 86 is equal to 31319
Global LD ST Cache Stride Bucket 87 is equal to 41213
Global LD ST Cache Stride Bucket 88 is equal to 37100
Global LD ST Cache Stride Bucket 89 is equal to 33419
Global LD ST Cache Stride Bucket 90 is equal to 35644
Global LD ST Cache Stride Bucket 91 is equal to 37318
Global LD ST Cache Stride Bucket 92 is equal to 39990
Global LD ST Cache Stride Bucket 93 is equal to 37101
Global LD ST Cache Stride Bucket 94 is equal to 52604
Global LD ST Cache Stride Bucket 95 is equal to 54558
Global LD ST Cache Stride Bucket 96 is equal to 32295
Global LD ST Cache Stride Bucket 97 is equal to 19469
Global LD ST Cache Stride Bucket 98 is equal to 17769
Global LD ST Cache Stride Bucket 99 is equal to 51743
Global LD ST Cache Stride Bucket 100 is equal to 14963
Global LD ST Cache Stride Bucket 101 is equal to 16694
Global LD ST Cache Stride Bucket 102 is equal to 16603
Global LD ST Cache Stride Bucket 103 is equal to 12559
Global LD ST Cache Stride Bucket 104 is equal to 10858
Global LD ST Cache Stride Bucket 105 is equal to 12960
Global LD ST Cache Stride Bucket 106 is equal to 8444
Global LD ST Cache Stride Bucket 107 is equal to 5656
Global LD ST Cache Stride Bucket 108 is equal to 8302
Global LD ST Cache Stride Bucket 109 is equal to 8274
Global LD ST Cache Stride Bucket 110 is equal to 5601
Global LD ST Cache Stride Bucket 111 is equal to 8324
Global LD ST Cache Stride Bucket 112 is equal to 6370
Global LD ST Cache Stride Bucket 113 is equal to 6483
Global LD ST Cache Stride Bucket 114 is equal to 6290
Global LD ST Cache Stride Bucket 115 is equal to 7839
Global LD ST Cache Stride Bucket 116 is equal to 5767
Global LD ST Cache Stride Bucket 117 is equal to 13275
Global LD ST Cache Stride Bucket 118 is equal to 5055
Global LD ST Cache Stride Bucket 119 is equal to 5371
Global LD ST Cache Stride Bucket 120 is equal to 15850
Global LD ST Cache Stride Bucket 121 is equal to 5949
Global LD ST Cache Stride Bucket 122 is equal to 11392
Global LD ST Cache Stride Bucket 123 is equal to 19977
Global LD ST Cache Stride Bucket 124 is equal to 58795
Global LD ST Cache Stride Bucket 125 is equal to 122489
Global LD ST Cache Stride Bucket 126 is equal to 68845
Global LD ST Cache Stride Bucket 127 is equal to 6608
Global LD ST Cache Stride Bucket 128 is equal to 4698
Global LD ST Cache Stride Bucket 129 is equal to 8940
Global LD ST Cache Stride Bucket 130 is equal to 13006
Global LD ST Cache Stride Bucket 131 is equal to 14842
Global LD ST Cache Stride Bucket 132 is equal to 14984
Global LD ST Cache Stride Bucket 133 is equal to 14198
Global LD ST Cache Stride Bucket 134 is equal to 22465
Global LD ST Cache Stride Bucket 135 is equal to 26102
Global LD ST Cache Stride Bucket 136 is equal to 24484
Global LD ST Cache Stride Bucket 137 is equal to 23266
Global LD ST Cache Stride Bucket 138 is equal to 25218
Global LD ST Cache Stride Bucket 139 is equal to 24273
Global LD ST Cache Stride Bucket 140 is equal to 25053
Global LD ST Cache Stride Bucket 141 is equal to 28117
Global LD ST Cache Stride Bucket 142 is equal to 89925
Global LD ST Cache Stride Bucket 143 is equal to 235191
Global LD ST Cache Stride Bucket 144 is equal to 434462
Global LD ST Cache Stride Bucket 145 is equal to 308593
Global LD ST Cache Stride Bucket 146 is equal to 193318
Global LD ST Cache Stride Bucket 147 is equal to 408216
Global LD ST Cache Stride Bucket 148 is equal to 573974
Global LD ST Cache Stride Bucket 149 is equal to 303026
Global LD ST Cache Stride Bucket 150 is equal to 36646
Global LD ST Cache Stride Bucket 151 is equal to 68577
Global LD ST Cache Stride Bucket 152 is equal to 13388
Global LD ST Cache Stride Bucket 153 is equal to 6887
Global LD ST Cache Stride Bucket 154 is equal to 2759
Global LD ST Cache Stride Bucket 155 is equal to 209
Global LD ST Cache Stride Bucket 171 is equal to 288
Global LD ST Cache Stride Bucket 172 is equal to 174
Global LD ST Cache Stride Bucket 173 is equal to 869
Global LD ST Cache Stride Bucket 176 is equal to 9
Global LD ST Cache Stride Bucket 178 is equal to 288
Global LD ST Cache Stride Bucket 179 is equal to 288
Global LD ST Cache Stride Bucket 181 is equal to 288
Global LD ST Cache Stride Bucket 197 is equal to 110
Global LD ST Cache Stride Bucket 199 is equal to 167
Global LD ST Cache Stride Bucket 221 is equal to 109
Global LD ST Cache Stride Bucket 256 is equal to 1726370


            "-256": "9900852",
            "-255": "0",
            "-254": "559",
            "-253": "0",
            "-252": "911",
            "-251": "0",
            "-250": "740",
            "-249": "0",
            "-248": "3711",
            "-247": "0",
            "-246": "696",
            "-245": "0",
            "-244": "754",
            "-243": "0",
            "-242": "532",
            "-241": "0",
            "-240": "683",
            "-239": "0",
            "-238": "462",
            "-237": "0",
            "-236": "595",
            "-235": "0",
            "-234": "357",
            "-233": "0",
            "-232": "643",
            "-231": "0",
            "-230": "842",
            "-229": "0",
            "-228": "1390",
            "-227": "0",
            "-226": "414",
            "-225": "0",
            "-224": "673",
            "-223": "0",
            "-222": "543",
            "-221": "0",
            "-220": "575",
            "-219": "0",
            "-218": "821",
            "-217": "0",
            "-216": "3912",
            "-215": "0",
            "-214": "502",
            "-213": "0",
            "-212": "841",
            "-211": "0",
            "-210": "940",
            "-209": "0",
            "-208": "711",
            "-207": "0",
            "-206": "623",
            "-205": "0",
            "-204": "514",
            "-203": "0",
            "-202": "600",
            "-201": "0",
            "-200": "655",
            "-199": "0",
            "-198": "566",
            "-197": "0",
            "-196": "667",
            "-195": "0",
            "-194": "555",
            "-193": "0",
            "-192": "685",
            "-191": "0",
            "-190": "542",
            "-189": "0",
            "-188": "9757",
            "-187": "0",
            "-186": "226",
            "-185": "0",
            "-184": "6189",
            "-183": "0",
            "-182": "737",
            "-181": "0",
            "-180": "712",
            "-179": "0",
            "-178": "318",
            "-177": "0",
            "-176": "227920",
            "-175": "0",
            "-174": "852",
            "-173": "0",
            "-172": "666",
            "-171": "0",
            "-170": "1053",
            "-169": "0",
            "-168": "86524",
            "-167": "0",
            "-166": "946",
            "-165": "0",
            "-164": "3302",
            "-163": "0",
            "-162": "828",
            "-161": "0",
            "-160": "6364",
            "-159": "0",
            "-158": "720",
            "-157": "0",
            "-156": "359",
            "-155": "0",
            "-154": "642",
            "-153": "0",
            "-152": "857",
            "-151": "0",
            "-150": "635",
            "-149": "0",
            "-148": "603",
            "-147": "0",
            "-146": "576",
            "-145": "0",
            "-144": "1547",
            "-143": "0",
            "-142": "176",
            "-141": "0",
            "-140": "838",
            "-139": "0",
            "-138": "603",
            "-137": "0",
            "-136": "395",
            "-135": "0",
            "-134": "1108",
            "-133": "0",
            "-132": "953",
            "-131": "0",
            "-130": "761",
            "-129": "0",
            "-128": "2414",
            "-127": "0",
            "-126": "2393",
            "-125": "0",
            "-124": "4526",
            "-123": "0",
            "-122": "1901",
            "-121": "0",
            "-120": "16615",
            "-119": "0",
            "-118": "1111",
            "-117": "0",
            "-116": "11693",
            "-115": "0",
            "-114": "828",
            "-113": "0",
            "-112": "11180",
            "-111": "0",
            "-110": "770",
            "-109": "0",
            "-108": "8150",
            "-107": "0",
            "-106": "510",
            "-105": "0",
            "-104": "7889",
            "-103": "0",
            "-102": "527",
            "-101": "0",
            "-100": "7107",
            "-99": "0",
            "-98": "806",
            "-97": "0",
            "-96": "1814",
            "-95": "0",
            "-94": "739",
            "-93": "0",
            "-92": "6868",
            "-91": "0",
            "-90": "1031",
            "-89": "0",
            "-88": "63963",
            "-87": "0",
            "-86": "2195",
            "-85": "0",
            "-84": "9859",
            "-83": "0",
            "-82": "2693",
            "-81": "0",
            "-80": "81083",
            "-79": "0",
            "-78": "1264",
            "-77": "0",
            "-76": "4697",
            "-75": "0",
            "-74": "873",
            "-73": "0",
            "-72": "8317",
            "-71": "0",
            "-70": "628",
            "-69": "0",
            "-68": "8466",
            "-67": "0",
            "-66": "548",
            "-65": "0",
            "-64": "18652",
            "-63": "0",
            "-62": "458",
            "-61": "0",
            "-60": "58903",
            "-59": "0",
            "-58": "437",
            "-57": "0",
            "-56": "154807",
            "-55": "0",
            "-54": "353",
            "-53": "0",
            "-52": "139883",
            "-51": "0",
            "-50": "608",
            "-49": "0",
            "-48": "22358",
            "-47": "0",
            "-46": "1927",
            "-45": "0",
            "-44": "49528",
            "-43": "0",
            "-42": "24491",
            "-41": "0",
            "-40": "68653",
            "-39": "0",
            "-38": "2061",
            "-37": "0",
            "-36": "81670",
            "-35": "0",
            "-34": "804",
            "-33": "0",
            "-32": "171459",
            "-31": "0",
            "-30": "568",
            "-29": "0",
            "-28": "26042",
            "-27": "0",
            "-26": "375",
            "-25": "0",
            "-24": "220954",
            "-23": "0",
            "-22": "303",
            "-21": "0",
            "-20": "148790",
            "-19": "0",
            "-18": "225",
            "-17": "0",
            "-16": "242474",
            "-15": "0",
            "-14": "233",
            "-13": "4",
            "-12": "414505",
            "-11": "0",
            "-10": "313",
            "-9": "0",
            "-8": "2016662",
            "-7": "0",
            "-6": "619",
            "-5": "0",
            "-4": "1057576",
            "-3": "0",
            "-2": "24496",
            "-1": "0",
            "0": "2425214",
            "1": "0",
            "2": "22860",
            "3": "0",
            "4": "1610748",
            "5": "0",
            "6": "957",
            "7": "0",
            "8": "2624916",
            "9": "144",
            "10": "494",
            "11": "0",
            "12": "138768",
            "13": "0",
            "14": "192",
            "15": "0",
            "16": "380754",
            "17": "0",
            "18": "101",
            "19": "0",
            "20": "137771",
            "21": "0",
            "22": "98",
            "23": "0",
            "24": "169907",
            "25": "0",
            "26": "84",
            "27": "0",
            "28": "33176",
            "29": "0",
            "30": "221",
            "31": "0",
            "32": "132222",
            "33": "0",
            "34": "243",
            "35": "0",
            "36": "309648",
            "37": "0",
            "38": "1454",
            "39": "0",
            "40": "63721",
            "41": "0",
            "42": "25831",
            "43": "0",
            "44": "55823",
            "45": "0",
            "46": "1646",
            "47": "31",
            "48": "46938",
            "49": "139",
            "50": "802",
            "51": "35",
            "52": "170505",
            "53": "90",
            "54": "505",
            "55": "35",
            "56": "44183",
            "57": "99",
            "58": "1352",
            "59": "120",
            "60": "5048",
            "61": "77",
            "62": "1096",
            "63": "124",
            "64": "15109",
            "65": "144",
            "66": "685",
            "67": "152",
            "68": "756",
            "69": "142",
            "70": "671",
            "71": "78",
            "72": "4615",
            "73": "139",
            "74": "959",
            "75": "167",
            "76": "945",
            "77": "230",
            "78": "1188",
            "79": "189",
            "80": "60387",
            "81": "255",
            "82": "1927",
            "83": "97",
            "84": "169679",
            "85": "0",
            "86": "1721",
            "87": "0",
            "88": "59236",
            "89": "114",
            "90": "545",
            "91": "47",
            "92": "1273",
            "93": "55",
            "94": "187",
            "95": "31",
            "96": "1116",
            "97": "108",
            "98": "255",
            "99": "79",
            "100": "291",
            "101": "135",
            "102": "742",
            "103": "97",
            "104": "561",
            "105": "68",
            "106": "475",
            "107": "124",
            "108": "652",
            "109": "260",
            "110": "674",
            "111": "123",
            "112": "899",
            "113": "70",
            "114": "391",
            "115": "179",
            "116": "706",
            "117": "90",
            "118": "685",
            "119": "166",
            "120": "1033",
            "121": "259",
            "122": "1372",
            "123": "245",
            "124": "921",
            "125": "238",
            "126": "1571",
            "127": "0",
            "128": "682",
            "129": "0",
            "130": "655",
            "131": "32",
            "132": "1205",
            "133": "58",
            "134": "353",
            "135": "58",
            "136": "1407",
            "137": "14",
            "138": "829",
            "139": "222",
            "140": "320",
            "141": "127",
            "142": "131",
            "143": "247",
            "144": "413",
            "145": "83",
            "146": "597",
            "147": "25",
            "148": "808",
            "149": "36",
            "150": "544",
            "151": "316",
            "152": "492",
            "153": "47",
            "154": "1215",
            "155": "18",
            "156": "975",
            "157": "275",
            "158": "702",
            "159": "57",
            "160": "9798",
            "161": "56",
            "162": "830",
            "163": "12",
            "164": "166657",
            "165": "151",
            "166": "1057",
            "167": "151",
            "168": "81640",
            "169": "0",
            "170": "370",
            "171": "0",
            "172": "396",
            "173": "27",
            "174": "1063",
            "175": "34",
            "176": "9222",
            "177": "18",
            "178": "1054",
            "179": "262",
            "180": "541",
            "181": "0",
            "182": "1326",
            "183": "204",
            "184": "59991",
            "185": "55",
            "186": "501",
            "187": "45",
            "188": "657",
            "189": "5",
            "190": "59",
            "191": "0",
            "192": "69",
            "193": "12",
            "194": "69",
            "195": "2",
            "196": "111",
            "197": "0",
            "198": "99",
            "199": "0",
            "200": "9091",
            "201": "0",
            "202": "274",
            "203": "27",
            "204": "1039",
            "205": "69",
            "206": "375",
            "207": "68",
            "208": "983",
            "209": "163",
            "210": "603",
            "211": "0",
            "212": "251",
            "213": "0",
            "214": "387",
            "215": "106",
            "216": "683",
            "217": "28",
            "218": "722",
            "219": "48",
            "220": "200",
            "221": "86",
            "222": "248",
            "223": "287",
            "224": "4089",
            "225": "16",
            "226": "936",
            "227": "87",
            "228": "687",
            "229": "87",
            "230": "497",
            "231": "14",
            "232": "969",
            "233": "62",
            "234": "373",
            "235": "0",
            "236": "113",
            "237": "2",
            "238": "419",
            "239": "109",
            "240": "203",
            "241": "176",
            "242": "546",
            "243": "59",
            "244": "797",
            "245": "90",
            "246": "773",
            "247": "69",
            "248": "1236",
            "249": "160",
            "250": "533",
            "251": "192",
            "252": "693",
            "253": "0",
            "254": "176",
            "255": "0",
            "256": "10865769",


# END_DYNAMIC_STATS
