# Branch output version 3
Dynamic_Instruction_Count: 100001493
Dynamic_Conditional_Branch_Count: 15929563
Dynamic_Unconditional_Branch_Count: 1382228
Total_Taken_Branches: 8835764
Total_Branch_Transitions: 2320214

Local Branch Stats (Total Count; Taken Count; Transition Count)
22 0 0
22 0 0
22 0 0
22 0 0
22 0 0
22 0 0
22 0 0
22 0 0
22 0 0
22 22 0
22 0 0
22 0 0
22 0 0
22 0 0
22 0 0
22 0 0
22 0 0
22 0 0
22 0 0
22 0 0
22 0 0
22 0 0
22 0 0
22 0 0
22 22 0
22 0 0
22 22 0
22 22 0
22 0 0
22 22 0
22 0 0
22 22 0
22 0 0
22 0 0
22 22 0
22 22 0
22 22 0
22 22 0
22 0 0
22 0 0
45056 45034 43
22 0 0
44 0 0
44 22 43
22 22 0
22 0 0
22 0 0
22 0 0
22 22 0
22 0 0
22 0 0
22 22 0
22 22 0
22 22 0
57871 36 72
57835 6040 11176
51795 33041 15886
50325 23514 22707
151947 31571 51490
153417 151947 2939
33041 20675 16348
12366 1470 2311
1089386 332 664
1089053 14221 28200
1074832 756198 283766
921309 425665 410408
4444896 602675 980223
4598419 4444896 307046
7792 155 216
7637 1716 1152
1716 0 0
1716 1575 250
105697 1333 2478
105939 105697 483
7792 7792 0
7792 7792 0
7792 2650 2960
5142 3 6
5139 4579 732
3213 2862 444
7546 0 0
7546 0 0
7792 1874 2448
7441 0 0
7441 4761 2799
15980 4515 5670
16226 15980 492
246 0 0
246 246 0
167830 0 0
167830 0 0
167830 1728 3456
167831 167831 0
159 0 0
3826 2550 2550
1276 160 319
1116 1116 0
160 160 0
160 0 0
160 0 0
3360 2240 2239
1120 0 0
1120 960 319
3439 1028 1002
2411 581 421
1830 1392 530
1830 0 0
1830 1709 238
1831 1205 745
1831 13 26
1818 1632 310
760 574 359
1392 1023 437
581 473 105
108 82 30
26 4 7
108 108 0
1205 0 0
473 8 14
573 519 74
573 0 0
573 535 74
19027 17395 3263
1028 501 478
1028 288 276
519 499 36
4008 3507 1001
22 0 0
3462 22 44
3440 321 590
71702 0 0
71702 3440 6879
68262 61793 12936
6790 6757 66
33 0 0
3462 0 0
3462 0 0
3462 0 0
3462 3440 44
22 22 0
3440 3440 0
6790 6757 66
6790 6790 0
3440 2367 702
2367 564 1127
1803 14 28
1803 99 198
1803 0 0
2367 2367 0
9230 2321 4641
9468 8200 2172
1268 439 465
829 0 0
829 727 130
104269 421 720
104575 104269 611
829 591 228
238 192 54
2367 1862 395
505 0 0
1584 1485 197
56 0 0
14784 12320 4927
2464 2408 111
56 0 0
1680 1624 111
56 42 27
7224 5488 3360
1736 1722 27
1862 638 1068
1224 1224 0
638 603 42
35 1 2
34 34 0
604 573 46
248 217 61
604 8 16
604 1 2
4434 3831 1195
2412 2330 152
82 6 10
76 33 31
333 20 14
333 251 135
2412 1809 1205
603 4 8
599 597 4
2 0 0
3009 708 354
4384 240 136
4384 1686 1843
4384 3009 550
4584 4011 1145
8 5 4
603 0 0
5989 563 891
5426 5420 12
6 3 3
3 3 0
4 0 0
4 1 2
3 3 0
362 243 34
119 90 9
29 16 4
5426 3503 1449
15384 13461 3845
5426 3700 1404
5426 2579 1796
5426 0 0
5426 1741 1404
3685 2414 1528
1271 0 0
1271 1169 184
147 101 39
148 147 2
102 81 31
21 6 5
21 19 4
10 8 2
21 16 8
21704 3824 6592
21704 16278 10851
5426 5426 0
5426 574 408
4852 3515 1893
4276 2939 1807
4852 3762 924
1497 407 612
24031 6218 3581
28956 21537 4389
28956 12995 12791
28956 13536 6543
28956 24031 3042
6218 0 0
12995 0 0
12995 1165 1986
2014 1143 458
2036 2014 44
12995 12747 402
1984 1736 495
248 188 86
309 249 113
248 155 104
12995 4852 7668
3824 1720 1543
2104 0 0
2104 660 831
4657 1431 1993
4670 4657 26
2104 2085 38
89 70 33
2104 1742 449
362 175 120
6774 6383 168
6774 4670 2887
2104 2104 0
3188 166 332
5126 3188 492
2104 1838 124
2128 1862 531
266 232 51
413 379 57
266 224 59
5426 5386 80
5420 1990 1415
3433 3071 118
28024 24521 7005
3 1 1
2 2 0
1990 1923 134
67 65 4
2579 150 236
2429 255 76
2324 2255 102
1 1 0
708 0 0
1686 599 1012
3 1 1
1923 1422 560
1676 603 701
1676 1674 4
2 1 1
1422 637 858
22 0 0
22 0 0
22 22 0
22 22 0
22 0 0
22 0 0
22 0 0
22 0 0
22 0 0
22 22 0
22 0 0
44 0 0
44 0 0
44 0 0
44 0 0
44 0 0
44 44 0
44 0 0
44 0 0
44 0 0
5588 5544 87
