# Mix output version 2
# FINI: end of program
# EMIT_DYNAMIC_STATS FOR TID 1, ins = 100001493
Dynamic Instruction Count = 100001493, Dyn BBL Count = 17311791
RAWdep[ 0] = 0
RAWdep[ 1] = 33669768
RAWdep[ 2] = 8907388
RAWdep[ 3] = 18225794
RAWdep[ 4] = 3524850
RAWdep[ 5] = 6570922
RAWdep[ 6] = 1616285
RAWdep[ 7] = 2274644
RAWdep[ 8] = 5671677
RAWdep[ 9] = 2584314
RAWdep[ 10] = 937629
RAWdep[ 11] = 1542946
RAWdep[ 12] = 619734
RAWdep[ 13] = 649910
RAWdep[ 14] = 455329
RAWdep[ 15] = 264160
RAWdep[ 16] = 1675044
RAWdep[ 17] = 503082
RAWdep[ 18] = 1591944
RAWdep[ 19] = 1212158
RAWdep[ 20] = 304937
RAWdep[ 21] = 185300
RAWdep[ 22] = 1144961
RAWdep[ 23] = 747798
RAWdep[ 24] = 1429968
RAWdep[ 25] = 232408
RAWdep[ 26] = 84365
RAWdep[ 27] = 66589
RAWdep[ 28] = 306209
RAWdep[ 29] = 297801
RAWdep[ 30] = 303188
RAWdep[ 31] = 487774
RAWdep[ 32] = 1118026
RAWdep[ 33] = 65611475

WAWdep[ 0] = 0
WAWdep[ 1] = 18682273
WAWdep[ 2] = 23053571
WAWdep[ 3] = 9280038
WAWdep[ 4] = 6704781
WAWdep[ 5] = 12832270
WAWdep[ 6] = 6366309
WAWdep[ 7] = 4329007
WAWdep[ 8] = 9153863
WAWdep[ 9] = 484455
WAWdep[ 10] = 1253008
WAWdep[ 11] = 732848
WAWdep[ 12] = 1226154
WAWdep[ 13] = 975955
WAWdep[ 14] = 519665
WAWdep[ 15] = 1210807
WAWdep[ 16] = 449519
WAWdep[ 17] = 1175968
WAWdep[ 18] = 1442223
WAWdep[ 19] = 1315457
WAWdep[ 20] = 557167
WAWdep[ 21] = 85409
WAWdep[ 22] = 202287
WAWdep[ 23] = 57225
WAWdep[ 24] = 236417
WAWdep[ 25] = 284016
WAWdep[ 26] = 33635
WAWdep[ 27] = 65685
WAWdep[ 28] = 31843
WAWdep[ 29] = 104082
WAWdep[ 30] = 94972
WAWdep[ 31] = 28633
WAWdep[ 32] = 370429
WAWdep[ 33] = 11011877

WARdep[ 0] = 38180456
WARdep[ 1] = 10909670
WARdep[ 2] = 6129430
WARdep[ 3] = 4150887
WARdep[ 4] = 7642361
WARdep[ 5] = 7209123
WARdep[ 6] = 2146944
WARdep[ 7] = 3772565
WARdep[ 8] = 473447
WARdep[ 9] = 1450776
WARdep[ 10] = 1349512
WARdep[ 11] = 907965
WARdep[ 12] = 2104185
WARdep[ 13] = 1212658
WARdep[ 14] = 1809994
WARdep[ 15] = 721540
WARdep[ 16] = 560325
WARdep[ 17] = 279184
WARdep[ 18] = 513849
WARdep[ 19] = 523741
WARdep[ 20] = 1215389
WARdep[ 21] = 557042
WARdep[ 22] = 1390549
WARdep[ 23] = 88710
WARdep[ 24] = 86212
WARdep[ 25] = 731237
WARdep[ 26] = 87359
WARdep[ 27] = 57143
WARdep[ 28] = 639881
WARdep[ 29] = 524137
WARdep[ 30] = 1209802
WARdep[ 31] = 60175
WARdep[ 32] = 273899
WARdep[ 33] = 15381701


		"0": "0",
		"1": "33669768",
		"2": "8907388",
		"3": "18225794",
		"4": "3524850",
		"5": "6570922",
		"6": "1616285",
		"7": "2274644",
		"8": "5671677",
		"9": "2584314",
		"10": "937629",
		"11": "1542946",
		"12": "619734",
		"13": "649910",
		"14": "455329",
		"15": "264160",
		"16": "1675044",
		"17": "503082",
		"18": "1591944",
		"19": "1212158",
		"20": "304937",
		"21": "185300",
		"22": "1144961",
		"23": "747798",
		"24": "1429968",
		"25": "232408",
		"26": "84365",
		"27": "66589",
		"28": "306209",
		"29": "297801",
		"30": "303188",
		"31": "487774",
		"32": "1118026",
		"33": "65611475",


# END_DYNAMIC_STATS
