# Branch output version 3
Dynamic_Instruction_Count: 100101493
Dynamic_Conditional_Branch_Count: 10901340
Dynamic_Unconditional_Branch_Count: 5530288
Total_Taken_Branches: 10293509
Total_Branch_Transitions: 2707299

Local Branch Stats (Total Count; Taken Count; Transition Count)
10552 1802 3174
8750 1959 2496
10552 7914 5275
2638 0 0
2638 2624 28
14 11 6
1802 1629 250
491 318 318
1959 163 326
1796 1451 492
2638 0 0
2638 0 0
2638 0 0
2638 0 0
2638 2638 0
24943 0 0
24943 0 0
24943 0 0
24943 0 0
27581 24943 5275
2638 836 1671
1802 240 480
1562 1055 1014
2131 2131 0
240 0 0
1076 0 0
482 1 2
481 0 0
482 1 2
481 0 0
2638 0 0
2638 621 1241
2017 0 0
2638 621 1241
2017 0 0
1244 1244 0
1244 0 0
1244 1244 0
1244 0 0
1244 0 0
1244 1244 0
1244 0 0
1244 0 0
1244 1244 0
622 622 0
622 0 0
31876 9475 12115
28414 2677 5323
50382 31876 16195
21968 19047 5668
5598 4976 1243
9475 6013 3095
622 619 6
34074 469 938
33605 0 0
33605 153 305
33452 1706 2472
32365 13838 1235
18527 360 700
126864 3115 6229
3741 635 1243
3119 3119 0
635 13 26
3120 0 0
3120 482 962
2638 2638 0
13 0 0
621 621 0
621 0 0
621 621 0
621 0 0
621 0 0
621 0 0
621 0 0
621 0 0
621 621 0
621 621 0
621 0 0
621 621 0
621 0 0
621 621 0
621 0 0
621 0 0
505 448 82
57 16 15
41 0 0
41 21 23
20 5 7
20 7 11
13 0 0
14 1 2
13 5 9
36 9 17
27 7 11
12 3 5
29 12 18
36 27 17
9 0 0
9 5 7
9 1 2
9 1 2
36 9 17
27 7 11
12 3 5
29 12 18
36 27 17
16 16 0
21 16 10
7 6 2
1 0 0
141664 89588 45894
52076 1080 1807
50996 564 930
50432 246 444
10552 2638 5275
7914 3730 3355
2365 758 1019
5791 2365 3393
10552 7914 5275
1964 491 981
1473 1 2
1312 321 324
2463 1312 1644
1964 1473 981
622 0 0
5713 386 771
9475 5713 3872
3762 3526 472
1858 350 497
1858 1267 596
1858 769 1148
1858 1796 104
1858 1230 1082
628 19 38
609 24 44
585 0 0
585 521 108
769 187 210
582 0 0
582 0 0
582 0 0
1267 0 0
1267 304 464
963 7 14
956 22 43
350 40 78
310 5 10
305 7 14
298 0 0
8248 2062 4123
6186 981 1275
3839 1343 1978
7701 3839 4894
8248 6186 4123
8248 2331 4088
8248 6186 4123
19148 4787 9573
14361 2964 4630
8159 2286 3440
17270 8159 11630
19148 14361 9573
4787 2456 938
32365 2062 3897
121212 30303 60605
90909 19945 26151
52031 14678 19585
108317 52031 71902
121212 90909 60605
121212 74023 51102
121212 90909 60605
30303 644 1260
74023 37393 37229
36630 0 0
36630 6981 12050
29649 19295 14582
17936 4445 6693
17936 4250 6166
17936 4399 6134
17936 10354 5248
17936 14445 5599
3491 667 966
2824 543 940
2281 0 0
2281 277 495
37393 31036 10790
44356 11089 22177
33267 8629 11328
17659 4264 6506
38033 17659 25412
44356 33267 22177
11089 4732 3278
7948 1987 3973
5961 1632 2156
2811 1115 1402
6025 2811 4187
7948 5961 3973
1987 1343 1287
4399 677 1084
3722 0 0
3722 215 384
3507 36 62
4250 0 0
4250 887 1444
3363 121 200
3242 149 274
4445 1449 2040
2996 379 635
2617 255 478
2362 0 0
26767 4666 7499
26767 4955 7696
26767 3687 6389
26767 19295 4982
26767 20990 8976
5777 1404 2036
4373 1118 1659
3255 0 0
3255 1395 1481
3687 1135 1604
2552 0 0
2552 476 778
2076 297 474
4955 0 0
4955 1149 1776
3806 984 1447
2822 867 1222
4666 845 1411
3821 747 1272
3074 407 693
2667 0 0
9475 5983 3133
3492 1741 1720
1751 1744 14
1741 23 44
188739 138731 63926
50008 28300 24731
21708 20832 1243
28300 2562 3199
100564 77340 28492
77340 7594 9760
74648 17643 23297
57005 6402 8904
54918 9687 13737
45231 5693 7718
44139 6078 8957
38061 4312 5818
37111 3792 5814
33319 5405 6950
110114 14302 27596
95812 26500 37766
107553 82200 50705
14302 0 0
1717 138 106
15881 1717 3336
14164 1579 2318
26500 14961 8834
53239 26645 23698
105287 32339 55647
104305 78693 51223
52257 41700 14911
10557 10557 0
32339 16757 22601
7695 6713 1175
16564 7695 8534
8869 982 1645
7594 4902 2511
6402 4315 2364
5693 4601 1270
4312 3362 1144
216143 26052 52091
257304 193849 92989
63455 45368 14471
41161 35050 11558
45368 2847 5180
43500 37148 10490
34575 2007 3774
33241 28465 7652
28420 1358 2602
27803 23756 6590
25521 1072 2018
24830 21247 5616
23064 8689 10646
57044 6625 12962
50419 4634 7536
56274 13605 27209
6625 0 0
316 55 98
6886 316 628
6570 261 488
4634 1997 1909
11167 5731 4772
21108 7071 11534
20599 15672 9853
10658 8530 2506
2128 2128 0
7071 3619 4805
1797 1288 515
3961 1797 1882
2164 509 825
2847 979 1300
2007 673 869
1358 741 679
1072 381 484
28465 23644 7726
37148 28223 12804
23756 21474 3860
21247 19481 3122
32163 29130 5812
220 206 25
3364 87 162
3277 5 8
3272 1525 1430
2037 559 796
1593 1049 766
625 73 114
552 55 98
3144 317 616
1525 290 454
559 115 169
1049 81 138
992 195 359
992 215 363
992 138 263
992 202 340
49386 21056 20921
49386 30094 20051
49386 34180 18254
49386 35561 17796
128652 33393 46373
128652 96489 64325
33393 24497 11901
8896 8896 0
8896 3755 3666
104960 45828 52438
104960 78720 52479
26240 17344 8040
8896 5508 3784
3388 936 1632
2452 0 0
45828 38406 11456
7422 25 10
7397 3548 3624
5031 1182 2092
3849 3313 873
4084 4084 0
5216 1132 1178
4084 942 1196
3142 1082 1215
2060 802 917
1258 1258 0
1132 1132 0
16705 7809 6124
8896 2486 3433
6410 2122 2676
4288 2382 1809
1906 1906 0
7809 7809 0
1027 1027 0
1027 635 629
392 392 0
1027 0 0
1027 635 629
1027 1027 0
1027 635 629
392 0 0
392 392 0
34074 0 0
3741 3481 520
3481 3471 20
7477 0 0
92416 46403 45956
46013 0 0
46013 46013 0
42655 3952 7220
84716 217 434
84499 20467 25932
64032 21971 17904
46403 0 0
46403 0 0
88564 265 528
88299 21158 27854
67141 44481 20996
44083 42161 3566
1922 28 56
5204 335 650
6763 10 20
6753 2484 2978
4269 1559 1678
5129 344 676
8696 14 28
8682 2460 2884
6222 3567 1976
3952 3911 82
34074 1286 2497
32788 32788 0
92416 748 756
91668 68751 45833
58590 21956 33337
36634 35673 1922
21956 0 0
32788 625 1222
32163 10637 15591
52144 30618 27235
21526 1120 2098
20406 0 0
50166 780 1100
255643 43534 79760
212109 206257 11704
49386 32503 18854
50166 29760 26137
20406 9997 9528
10409 8238 3341
2997 0 0
2997 826 1082
10409 10409 0
482 482 0
2638 0 0
2638 2638 0
2638 2203 870
274302 252334 12816
274302 273680 1243
622 0 0
228155 0 0
3736 2824 209
3736 1968 3535
1768 0 0
1768 1344 208
1968 488 209
3119 0 0
3119 3119 0
123934 0 0
127053 0 0
127053 8576 6146
127053 115863 14500
127054 123934 6239
3115 0 0
3115 1768 2693
1347 341 209
9450 254 508
13978 9450 6465
4528 4441 173
1768 424 208
17133 424 847
17133 11425 8143
54462 1344 2687
54462 36530 25418
41290 1005 2010
41290 28043 18698
13 13 0
13 13 0
13 13 0
509 13 25
509 13 25
496 431 118
496 485 22
13 13 0
506 13 25
506 0 0
506 1 2
505 9 18
496 91 129
405 0 0
13 0 0
13 0 0
13 0 0
3512 0 0
3512 0 0
3512 0 0
3512 0 0
3512 2512 1871
1000 0 0
1000 0 0
1000 0 0
1000 1000 0
1000 0 0
1000 366 637
634 634 0
1000 1000 0
1000 0 0
1000 366 637
634 634 0
2512 0 0
2512 2512 0
2512 0 0
2512 2512 0
2512 0 0
2512 0 0
2512 0 0
2512 0 0
2512 1890 1243
622 0 0
622 0 0
622 0 0
622 622 0
2512 0 0
2512 1783 1244
729 0 0
729 0 0
729 0 0
729 229 235
500 0 0
2512 0 0
2512 1904 1216
2512 2512 0
2512 2512 0
2512 0 0
2512 0 0
2512 0 0
2512 2512 0
2512 0 0
2512 2512 0
4022 0 0
4022 2512 1269
1510 509 26
1001 1001 0
1001 0 0
3021 0 0
3021 2507 1027
514 0 0
514 0 0
514 514 0
3583 0 0
2697 0 0
5204 1445 2837
3759 0 0
3759 0 0
3759 0 0
3759 2372 1510
3320 623 1246
2697 2066 1262
631 439 6
194 193 2
1 0 0
1 0 0
439 2 2
437 0 0
2 0 0
2372 1269 1294
1103 664 82
439 109 25
439 439 0
1445 0 0
1671 384 280
1287 0 0
1287 848 878
439 0 0
439 439 0
16975 0 0
18646 16975 3219
1671 1445 326
623 0 0
1001 1001 0
1445 0 0
1445 0 0
1445 0 0
1445 0 0
1445 810 1268
635 635 0
1445 1419 52
26 0 0
1419 0 0
1419 0 0
1419 894 1049
635 0 0
635 0 0
635 0 0
4022 0 0
4022 0 0
4022 4022 0
4022 0 0
4022 0 0
4022 4022 0
4022 0 0
4022 0 0
4022 0 0
4022 0 0
3512 0 0
3512 0 0
3512 0 0
3512 3512 0
5589 0 0
5589 0 0
5589 5589 0
5589 0 0
5589 0 0
5589 0 0
73278 67689 11177
2878 1196 1365
1682 0 0
1682 1479 331
1196 1007 326
1007 1007 0
1479 0 0
1479 1479 0
1007 0 0
2014 1007 2013
2958 1479 2957
4022 0 0
