# Mix output version 2
# FINI: end of program
# EMIT_DYNAMIC_STATS FOR TID 1
# instructions = 100101493, basic blocks = 16488356
Local Byte Stride Bucket -256 is equal to 936889
Local Byte Stride Bucket -253 is equal to 2
Local Byte Stride Bucket -252 is equal to 7131
Local Byte Stride Bucket -251 is equal to 1
Local Byte Stride Bucket -249 is equal to 1
Local Byte Stride Bucket -248 is equal to 6449
Local Byte Stride Bucket -244 is equal to 6691
Local Byte Stride Bucket -242 is equal to 2
Local Byte Stride Bucket -240 is equal to 6725
Local Byte Stride Bucket -237 is equal to 1
Local Byte Stride Bucket -236 is equal to 6167
Local Byte Stride Bucket -234 is equal to 7
Local Byte Stride Bucket -233 is equal to 1
Local Byte Stride Bucket -232 is equal to 7438
Local Byte Stride Bucket -230 is equal to 73
Local Byte Stride Bucket -228 is equal to 8037
Local Byte Stride Bucket -226 is equal to 11
Local Byte Stride Bucket -225 is equal to 3
Local Byte Stride Bucket -224 is equal to 287708
Local Byte Stride Bucket -223 is equal to 1
Local Byte Stride Bucket -222 is equal to 37
Local Byte Stride Bucket -220 is equal to 9610
Local Byte Stride Bucket -219 is equal to 7
Local Byte Stride Bucket -218 is equal to 45
Local Byte Stride Bucket -217 is equal to 1
Local Byte Stride Bucket -216 is equal to 8110
Local Byte Stride Bucket -214 is equal to 56
Local Byte Stride Bucket -212 is equal to 5616
Local Byte Stride Bucket -210 is equal to 104
Local Byte Stride Bucket -209 is equal to 6
Local Byte Stride Bucket -208 is equal to 11022
Local Byte Stride Bucket -207 is equal to 1
Local Byte Stride Bucket -206 is equal to 508
Local Byte Stride Bucket -204 is equal to 7351
Local Byte Stride Bucket -203 is equal to 6
Local Byte Stride Bucket -202 is equal to 145
Local Byte Stride Bucket -201 is equal to 3
Local Byte Stride Bucket -200 is equal to 7523
Local Byte Stride Bucket -198 is equal to 317
Local Byte Stride Bucket -197 is equal to 1
Local Byte Stride Bucket -196 is equal to 10120
Local Byte Stride Bucket -195 is equal to 2
Local Byte Stride Bucket -194 is equal to 308
Local Byte Stride Bucket -193 is equal to 3
Local Byte Stride Bucket -192 is equal to 16707
Local Byte Stride Bucket -191 is equal to 1
Local Byte Stride Bucket -190 is equal to 1978
Local Byte Stride Bucket -189 is equal to 1
Local Byte Stride Bucket -188 is equal to 11672
Local Byte Stride Bucket -187 is equal to 3
Local Byte Stride Bucket -186 is equal to 3651
Local Byte Stride Bucket -184 is equal to 10160
Local Byte Stride Bucket -183 is equal to 6
Local Byte Stride Bucket -182 is equal to 2600
Local Byte Stride Bucket -181 is equal to 1
Local Byte Stride Bucket -180 is equal to 11485
Local Byte Stride Bucket -178 is equal to 4828
Local Byte Stride Bucket -177 is equal to 6
Local Byte Stride Bucket -176 is equal to 16678
Local Byte Stride Bucket -175 is equal to 1
Local Byte Stride Bucket -174 is equal to 6081
Local Byte Stride Bucket -173 is equal to 1
Local Byte Stride Bucket -172 is equal to 13782
Local Byte Stride Bucket -171 is equal to 1
Local Byte Stride Bucket -170 is equal to 4898
Local Byte Stride Bucket -168 is equal to 11395
Local Byte Stride Bucket -166 is equal to 4576
Local Byte Stride Bucket -164 is equal to 16099
Local Byte Stride Bucket -163 is equal to 1
Local Byte Stride Bucket -162 is equal to 4878
Local Byte Stride Bucket -160 is equal to 81512
Local Byte Stride Bucket -158 is equal to 5893
Local Byte Stride Bucket -157 is equal to 3
Local Byte Stride Bucket -156 is equal to 12428
Local Byte Stride Bucket -155 is equal to 9
Local Byte Stride Bucket -154 is equal to 9236
Local Byte Stride Bucket -152 is equal to 17012
Local Byte Stride Bucket -150 is equal to 6335
Local Byte Stride Bucket -149 is equal to 2
Local Byte Stride Bucket -148 is equal to 13847
Local Byte Stride Bucket -147 is equal to 1
Local Byte Stride Bucket -146 is equal to 7522
Local Byte Stride Bucket -145 is equal to 1
Local Byte Stride Bucket -144 is equal to 17649
Local Byte Stride Bucket -143 is equal to 1
Local Byte Stride Bucket -142 is equal to 6864
Local Byte Stride Bucket -140 is equal to 23305
Local Byte Stride Bucket -139 is equal to 11
Local Byte Stride Bucket -138 is equal to 5786
Local Byte Stride Bucket -137 is equal to 1
Local Byte Stride Bucket -136 is equal to 20042
Local Byte Stride Bucket -135 is equal to 10
Local Byte Stride Bucket -134 is equal to 6422
Local Byte Stride Bucket -133 is equal to 14
Local Byte Stride Bucket -132 is equal to 33150
Local Byte Stride Bucket -131 is equal to 2
Local Byte Stride Bucket -130 is equal to 10674
Local Byte Stride Bucket -129 is equal to 3
Local Byte Stride Bucket -128 is equal to 70431
Local Byte Stride Bucket -127 is equal to 1
Local Byte Stride Bucket -126 is equal to 9876
Local Byte Stride Bucket -125 is equal to 4
Local Byte Stride Bucket -124 is equal to 18276
Local Byte Stride Bucket -123 is equal to 1
Local Byte Stride Bucket -122 is equal to 10677
Local Byte Stride Bucket -121 is equal to 3
Local Byte Stride Bucket -120 is equal to 25872
Local Byte Stride Bucket -119 is equal to 1
Local Byte Stride Bucket -118 is equal to 8409
Local Byte Stride Bucket -117 is equal to 1
Local Byte Stride Bucket -116 is equal to 28960
Local Byte Stride Bucket -114 is equal to 9145
Local Byte Stride Bucket -113 is equal to 1
Local Byte Stride Bucket -112 is equal to 28254
Local Byte Stride Bucket -110 is equal to 15275
Local Byte Stride Bucket -108 is equal to 24607
Local Byte Stride Bucket -107 is equal to 1
Local Byte Stride Bucket -106 is equal to 10464
Local Byte Stride Bucket -104 is equal to 21595
Local Byte Stride Bucket -102 is equal to 10567
Local Byte Stride Bucket -101 is equal to 3
Local Byte Stride Bucket -100 is equal to 24832
Local Byte Stride Bucket -98 is equal to 13879
Local Byte Stride Bucket -97 is equal to 3
Local Byte Stride Bucket -96 is equal to 24210
Local Byte Stride Bucket -94 is equal to 11613
Local Byte Stride Bucket -92 is equal to 32208
Local Byte Stride Bucket -91 is equal to 2
Local Byte Stride Bucket -90 is equal to 12503
Local Byte Stride Bucket -88 is equal to 48038
Local Byte Stride Bucket -86 is equal to 17946
Local Byte Stride Bucket -85 is equal to 3
Local Byte Stride Bucket -84 is equal to 46304
Local Byte Stride Bucket -83 is equal to 1
Local Byte Stride Bucket -82 is equal to 15661
Local Byte Stride Bucket -80 is equal to 29118
Local Byte Stride Bucket -79 is equal to 1
Local Byte Stride Bucket -78 is equal to 12023
Local Byte Stride Bucket -77 is equal to 4
Local Byte Stride Bucket -76 is equal to 30471
Local Byte Stride Bucket -75 is equal to 1
Local Byte Stride Bucket -74 is equal to 13865
Local Byte Stride Bucket -73 is equal to 1
Local Byte Stride Bucket -72 is equal to 23228
Local Byte Stride Bucket -71 is equal to 4
Local Byte Stride Bucket -70 is equal to 26392
Local Byte Stride Bucket -69 is equal to 4
Local Byte Stride Bucket -68 is equal to 33561
Local Byte Stride Bucket -67 is equal to 3
Local Byte Stride Bucket -66 is equal to 37178
Local Byte Stride Bucket -65 is equal to 11
Local Byte Stride Bucket -64 is equal to 978761
Local Byte Stride Bucket -63 is equal to 11
Local Byte Stride Bucket -62 is equal to 15185
Local Byte Stride Bucket -61 is equal to 4
Local Byte Stride Bucket -60 is equal to 30412
Local Byte Stride Bucket -58 is equal to 13737
Local Byte Stride Bucket -57 is equal to 1
Local Byte Stride Bucket -56 is equal to 45636
Local Byte Stride Bucket -55 is equal to 3
Local Byte Stride Bucket -54 is equal to 18129
Local Byte Stride Bucket -53 is equal to 4
Local Byte Stride Bucket -52 is equal to 47196
Local Byte Stride Bucket -50 is equal to 22370
Local Byte Stride Bucket -49 is equal to 1
Local Byte Stride Bucket -48 is equal to 238874
Local Byte Stride Bucket -47 is equal to 10
Local Byte Stride Bucket -46 is equal to 43925
Local Byte Stride Bucket -45 is equal to 2
Local Byte Stride Bucket -44 is equal to 105359
Local Byte Stride Bucket -43 is equal to 1
Local Byte Stride Bucket -42 is equal to 45008
Local Byte Stride Bucket -41 is equal to 11
Local Byte Stride Bucket -40 is equal to 64093
Local Byte Stride Bucket -38 is equal to 23594
Local Byte Stride Bucket -36 is equal to 43181
Local Byte Stride Bucket -35 is equal to 1
Local Byte Stride Bucket -34 is equal to 24601
Local Byte Stride Bucket -33 is equal to 1
Local Byte Stride Bucket -32 is equal to 141216
Local Byte Stride Bucket -31 is equal to 8
Local Byte Stride Bucket -30 is equal to 21849
Local Byte Stride Bucket -29 is equal to 1
Local Byte Stride Bucket -28 is equal to 90708
Local Byte Stride Bucket -27 is equal to 5
Local Byte Stride Bucket -26 is equal to 31168
Local Byte Stride Bucket -25 is equal to 2
Local Byte Stride Bucket -24 is equal to 317281
Local Byte Stride Bucket -23 is equal to 1
Local Byte Stride Bucket -22 is equal to 104540
Local Byte Stride Bucket -21 is equal to 6
Local Byte Stride Bucket -20 is equal to 77985
Local Byte Stride Bucket -19 is equal to 37
Local Byte Stride Bucket -18 is equal to 39744
Local Byte Stride Bucket -17 is equal to 1
Local Byte Stride Bucket -16 is equal to 83285
Local Byte Stride Bucket -15 is equal to 8
Local Byte Stride Bucket -14 is equal to 25198
Local Byte Stride Bucket -13 is equal to 2
Local Byte Stride Bucket -12 is equal to 304591
Local Byte Stride Bucket -11 is equal to 1
Local Byte Stride Bucket -10 is equal to 27806
Local Byte Stride Bucket -9 is equal to 1
Local Byte Stride Bucket -8 is equal to 203730
Local Byte Stride Bucket -7 is equal to 11
Local Byte Stride Bucket -6 is equal to 39762
Local Byte Stride Bucket -5 is equal to 6
Local Byte Stride Bucket -4 is equal to 339889
Local Byte Stride Bucket -3 is equal to 12
Local Byte Stride Bucket -2 is equal to 144283
Local Byte Stride Bucket -1 is equal to 9
Local Byte Stride Bucket 0 is equal to 20077469
Local Byte Stride Bucket 1 is equal to 28
Local Byte Stride Bucket 2 is equal to 237699
Local Byte Stride Bucket 3 is equal to 9
Local Byte Stride Bucket 4 is equal to 1861212
Local Byte Stride Bucket 5 is equal to 12
Local Byte Stride Bucket 6 is equal to 38035
Local Byte Stride Bucket 7 is equal to 12
Local Byte Stride Bucket 8 is equal to 449779
Local Byte Stride Bucket 9 is equal to 2
Local Byte Stride Bucket 10 is equal to 25746
Local Byte Stride Bucket 12 is equal to 66868
Local Byte Stride Bucket 13 is equal to 3
Local Byte Stride Bucket 14 is equal to 25722
Local Byte Stride Bucket 15 is equal to 3
Local Byte Stride Bucket 16 is equal to 58178
Local Byte Stride Bucket 17 is equal to 15
Local Byte Stride Bucket 18 is equal to 55574
Local Byte Stride Bucket 19 is equal to 3
Local Byte Stride Bucket 20 is equal to 256853
Local Byte Stride Bucket 21 is equal to 10
Local Byte Stride Bucket 22 is equal to 143284
Local Byte Stride Bucket 23 is equal to 11
Local Byte Stride Bucket 24 is equal to 294717
Local Byte Stride Bucket 25 is equal to 1
Local Byte Stride Bucket 26 is equal to 34829
Local Byte Stride Bucket 28 is equal to 41907
Local Byte Stride Bucket 29 is equal to 9
Local Byte Stride Bucket 30 is equal to 19345
Local Byte Stride Bucket 31 is equal to 2
Local Byte Stride Bucket 32 is equal to 43162
Local Byte Stride Bucket 33 is equal to 2
Local Byte Stride Bucket 34 is equal to 24339
Local Byte Stride Bucket 35 is equal to 1
Local Byte Stride Bucket 36 is equal to 124942
Local Byte Stride Bucket 37 is equal to 1
Local Byte Stride Bucket 38 is equal to 25547
Local Byte Stride Bucket 40 is equal to 245098
Local Byte Stride Bucket 41 is equal to 3
Local Byte Stride Bucket 42 is equal to 49021
Local Byte Stride Bucket 43 is equal to 3
Local Byte Stride Bucket 44 is equal to 217304
Local Byte Stride Bucket 45 is equal to 3
Local Byte Stride Bucket 46 is equal to 45297
Local Byte Stride Bucket 47 is equal to 8
Local Byte Stride Bucket 48 is equal to 242319
Local Byte Stride Bucket 49 is equal to 1
Local Byte Stride Bucket 50 is equal to 21530
Local Byte Stride Bucket 52 is equal to 46196
Local Byte Stride Bucket 53 is equal to 4
Local Byte Stride Bucket 54 is equal to 15905
Local Byte Stride Bucket 55 is equal to 1
Local Byte Stride Bucket 56 is equal to 41707
Local Byte Stride Bucket 57 is equal to 1
Local Byte Stride Bucket 58 is equal to 13017
Local Byte Stride Bucket 60 is equal to 27618
Local Byte Stride Bucket 61 is equal to 3
Local Byte Stride Bucket 62 is equal to 14128
Local Byte Stride Bucket 63 is equal to 16
Local Byte Stride Bucket 64 is equal to 787481
Local Byte Stride Bucket 65 is equal to 101
Local Byte Stride Bucket 66 is equal to 40501
Local Byte Stride Bucket 67 is equal to 1
Local Byte Stride Bucket 68 is equal to 29573
Local Byte Stride Bucket 69 is equal to 2
Local Byte Stride Bucket 70 is equal to 22632
Local Byte Stride Bucket 71 is equal to 1
Local Byte Stride Bucket 72 is equal to 21331
Local Byte Stride Bucket 73 is equal to 1
Local Byte Stride Bucket 74 is equal to 13813
Local Byte Stride Bucket 75 is equal to 4
Local Byte Stride Bucket 76 is equal to 28489
Local Byte Stride Bucket 77 is equal to 15
Local Byte Stride Bucket 78 is equal to 11194
Local Byte Stride Bucket 80 is equal to 26854
Local Byte Stride Bucket 81 is equal to 1
Local Byte Stride Bucket 82 is equal to 15136
Local Byte Stride Bucket 83 is equal to 2
Local Byte Stride Bucket 84 is equal to 46730
Local Byte Stride Bucket 85 is equal to 8
Local Byte Stride Bucket 86 is equal to 15685
Local Byte Stride Bucket 87 is equal to 1
Local Byte Stride Bucket 88 is equal to 55707
Local Byte Stride Bucket 89 is equal to 2
Local Byte Stride Bucket 90 is equal to 11225
Local Byte Stride Bucket 91 is equal to 2
Local Byte Stride Bucket 92 is equal to 35275
Local Byte Stride Bucket 93 is equal to 4
Local Byte Stride Bucket 94 is equal to 11850
Local Byte Stride Bucket 95 is equal to 2
Local Byte Stride Bucket 96 is equal to 20279
Local Byte Stride Bucket 97 is equal to 3
Local Byte Stride Bucket 98 is equal to 13159
Local Byte Stride Bucket 100 is equal to 22001
Local Byte Stride Bucket 101 is equal to 6
Local Byte Stride Bucket 102 is equal to 9635
Local Byte Stride Bucket 104 is equal to 19041
Local Byte Stride Bucket 106 is equal to 9861
Local Byte Stride Bucket 108 is equal to 21553
Local Byte Stride Bucket 109 is equal to 2
Local Byte Stride Bucket 110 is equal to 15392
Local Byte Stride Bucket 111 is equal to 1
Local Byte Stride Bucket 112 is equal to 27740
Local Byte Stride Bucket 113 is equal to 2
Local Byte Stride Bucket 114 is equal to 8968
Local Byte Stride Bucket 116 is equal to 28802
Local Byte Stride Bucket 117 is equal to 8
Local Byte Stride Bucket 118 is equal to 7324
Local Byte Stride Bucket 119 is equal to 3
Local Byte Stride Bucket 120 is equal to 24426
Local Byte Stride Bucket 121 is equal to 2
Local Byte Stride Bucket 122 is equal to 9784
Local Byte Stride Bucket 124 is equal to 16373
Local Byte Stride Bucket 126 is equal to 9172
Local Byte Stride Bucket 127 is equal to 2
Local Byte Stride Bucket 128 is equal to 73255
Local Byte Stride Bucket 129 is equal to 5
Local Byte Stride Bucket 130 is equal to 9392
Local Byte Stride Bucket 132 is equal to 31022
Local Byte Stride Bucket 133 is equal to 150
Local Byte Stride Bucket 134 is equal to 5838
Local Byte Stride Bucket 135 is equal to 6
Local Byte Stride Bucket 136 is equal to 14856
Local Byte Stride Bucket 137 is equal to 3
Local Byte Stride Bucket 138 is equal to 5535
Local Byte Stride Bucket 139 is equal to 2
Local Byte Stride Bucket 140 is equal to 16932
Local Byte Stride Bucket 141 is equal to 1
Local Byte Stride Bucket 142 is equal to 5997
Local Byte Stride Bucket 144 is equal to 13485
Local Byte Stride Bucket 146 is equal to 6301
Local Byte Stride Bucket 148 is equal to 12938
Local Byte Stride Bucket 149 is equal to 4
Local Byte Stride Bucket 150 is equal to 5908
Local Byte Stride Bucket 151 is equal to 1
Local Byte Stride Bucket 152 is equal to 14979
Local Byte Stride Bucket 154 is equal to 8199
Local Byte Stride Bucket 156 is equal to 12479
Local Byte Stride Bucket 157 is equal to 3
Local Byte Stride Bucket 158 is equal to 5668
Local Byte Stride Bucket 160 is equal to 82648
Local Byte Stride Bucket 162 is equal to 4370
Local Byte Stride Bucket 164 is equal to 14892
Local Byte Stride Bucket 166 is equal to 4303
Local Byte Stride Bucket 167 is equal to 1
Local Byte Stride Bucket 168 is equal to 10672
Local Byte Stride Bucket 169 is equal to 1
Local Byte Stride Bucket 170 is equal to 3627
Local Byte Stride Bucket 172 is equal to 10972
Local Byte Stride Bucket 173 is equal to 1
Local Byte Stride Bucket 174 is equal to 4349
Local Byte Stride Bucket 175 is equal to 2
Local Byte Stride Bucket 176 is equal to 15922
Local Byte Stride Bucket 177 is equal to 5
Local Byte Stride Bucket 178 is equal to 3833
Local Byte Stride Bucket 180 is equal to 10073
Local Byte Stride Bucket 182 is equal to 2320
Local Byte Stride Bucket 183 is equal to 10
Local Byte Stride Bucket 184 is equal to 9185
Local Byte Stride Bucket 185 is equal to 1
Local Byte Stride Bucket 186 is equal to 2869
Local Byte Stride Bucket 187 is equal to 1
Local Byte Stride Bucket 188 is equal to 10606
Local Byte Stride Bucket 189 is equal to 2
Local Byte Stride Bucket 190 is equal to 1678
Local Byte Stride Bucket 191 is equal to 1
Local Byte Stride Bucket 192 is equal to 5592
Local Byte Stride Bucket 193 is equal to 2
Local Byte Stride Bucket 194 is equal to 1
Local Byte Stride Bucket 195 is equal to 1
Local Byte Stride Bucket 196 is equal to 8780
Local Byte Stride Bucket 197 is equal to 1
Local Byte Stride Bucket 200 is equal to 6747
Local Byte Stride Bucket 201 is equal to 2
Local Byte Stride Bucket 202 is equal to 2
Local Byte Stride Bucket 203 is equal to 6
Local Byte Stride Bucket 204 is equal to 6372
Local Byte Stride Bucket 205 is equal to 1
Local Byte Stride Bucket 206 is equal to 7
Local Byte Stride Bucket 208 is equal to 10658
Local Byte Stride Bucket 209 is equal to 3
Local Byte Stride Bucket 210 is equal to 9
Local Byte Stride Bucket 211 is equal to 1
Local Byte Stride Bucket 212 is equal to 5032
Local Byte Stride Bucket 215 is equal to 7
Local Byte Stride Bucket 216 is equal to 7713
Local Byte Stride Bucket 217 is equal to 2
Local Byte Stride Bucket 218 is equal to 3
Local Byte Stride Bucket 220 is equal to 8935
Local Byte Stride Bucket 222 is equal to 2
Local Byte Stride Bucket 224 is equal to 237013
Local Byte Stride Bucket 225 is equal to 1
Local Byte Stride Bucket 228 is equal to 6133
Local Byte Stride Bucket 230 is equal to 1
Local Byte Stride Bucket 232 is equal to 6754
Local Byte Stride Bucket 234 is equal to 3
Local Byte Stride Bucket 236 is equal to 5002
Local Byte Stride Bucket 240 is equal to 19762
Local Byte Stride Bucket 242 is equal to 1
Local Byte Stride Bucket 243 is equal to 2
Local Byte Stride Bucket 244 is equal to 6201
Local Byte Stride Bucket 245 is equal to 1
Local Byte Stride Bucket 247 is equal to 3
Local Byte Stride Bucket 248 is equal to 6182
Local Byte Stride Bucket 252 is equal to 6727
Local Byte Stride Bucket 253 is equal to 3
Local Byte Stride Bucket 256 is equal to 966103

Local Cache Stride Bucket -256 is equal to 243681
Local Cache Stride Bucket -255 is equal to 56
Local Cache Stride Bucket -254 is equal to 38
Local Cache Stride Bucket -253 is equal to 40
Local Cache Stride Bucket -252 is equal to 55
Local Cache Stride Bucket -251 is equal to 43
Local Cache Stride Bucket -250 is equal to 24
Local Cache Stride Bucket -249 is equal to 104
Local Cache Stride Bucket -248 is equal to 53
Local Cache Stride Bucket -247 is equal to 49
Local Cache Stride Bucket -246 is equal to 49
Local Cache Stride Bucket -245 is equal to 42
Local Cache Stride Bucket -244 is equal to 84
Local Cache Stride Bucket -243 is equal to 78
Local Cache Stride Bucket -242 is equal to 26
Local Cache Stride Bucket -241 is equal to 21
Local Cache Stride Bucket -240 is equal to 72
Local Cache Stride Bucket -239 is equal to 74
Local Cache Stride Bucket -238 is equal to 17
Local Cache Stride Bucket -237 is equal to 30
Local Cache Stride Bucket -236 is equal to 27
Local Cache Stride Bucket -235 is equal to 30
Local Cache Stride Bucket -234 is equal to 36
Local Cache Stride Bucket -233 is equal to 41
Local Cache Stride Bucket -232 is equal to 28
Local Cache Stride Bucket -231 is equal to 40
Local Cache Stride Bucket -230 is equal to 55
Local Cache Stride Bucket -229 is equal to 84
Local Cache Stride Bucket -228 is equal to 59
Local Cache Stride Bucket -227 is equal to 40
Local Cache Stride Bucket -226 is equal to 68
Local Cache Stride Bucket -225 is equal to 22
Local Cache Stride Bucket -224 is equal to 61
Local Cache Stride Bucket -223 is equal to 33
Local Cache Stride Bucket -222 is equal to 74
Local Cache Stride Bucket -221 is equal to 1402
Local Cache Stride Bucket -220 is equal to 3876
Local Cache Stride Bucket -219 is equal to 21
Local Cache Stride Bucket -218 is equal to 27
Local Cache Stride Bucket -217 is equal to 33
Local Cache Stride Bucket -216 is equal to 43
Local Cache Stride Bucket -215 is equal to 34
Local Cache Stride Bucket -214 is equal to 29
Local Cache Stride Bucket -213 is equal to 32
Local Cache Stride Bucket -212 is equal to 44
Local Cache Stride Bucket -211 is equal to 30
Local Cache Stride Bucket -210 is equal to 58
Local Cache Stride Bucket -209 is equal to 127
Local Cache Stride Bucket -208 is equal to 96
Local Cache Stride Bucket -207 is equal to 61
Local Cache Stride Bucket -206 is equal to 34
Local Cache Stride Bucket -205 is equal to 53
Local Cache Stride Bucket -204 is equal to 132
Local Cache Stride Bucket -203 is equal to 38
Local Cache Stride Bucket -202 is equal to 38
Local Cache Stride Bucket -201 is equal to 55
Local Cache Stride Bucket -200 is equal to 110
Local Cache Stride Bucket -199 is equal to 59
Local Cache Stride Bucket -198 is equal to 31
Local Cache Stride Bucket -197 is equal to 179
Local Cache Stride Bucket -196 is equal to 125
Local Cache Stride Bucket -195 is equal to 76
Local Cache Stride Bucket -194 is equal to 24
Local Cache Stride Bucket -193 is equal to 53
Local Cache Stride Bucket -192 is equal to 177
Local Cache Stride Bucket -191 is equal to 60
Local Cache Stride Bucket -190 is equal to 22
Local Cache Stride Bucket -189 is equal to 13
Local Cache Stride Bucket -188 is equal to 158
Local Cache Stride Bucket -187 is equal to 38
Local Cache Stride Bucket -186 is equal to 48
Local Cache Stride Bucket -185 is equal to 43
Local Cache Stride Bucket -184 is equal to 44
Local Cache Stride Bucket -183 is equal to 60
Local Cache Stride Bucket -182 is equal to 95
Local Cache Stride Bucket -181 is equal to 42
Local Cache Stride Bucket -180 is equal to 82
Local Cache Stride Bucket -179 is equal to 110
Local Cache Stride Bucket -178 is equal to 50
Local Cache Stride Bucket -177 is equal to 95
Local Cache Stride Bucket -176 is equal to 62
Local Cache Stride Bucket -175 is equal to 66
Local Cache Stride Bucket -174 is equal to 31
Local Cache Stride Bucket -173 is equal to 21
Local Cache Stride Bucket -172 is equal to 46
Local Cache Stride Bucket -171 is equal to 44
Local Cache Stride Bucket -170 is equal to 45
Local Cache Stride Bucket -169 is equal to 17
Local Cache Stride Bucket -168 is equal to 45
Local Cache Stride Bucket -167 is equal to 33
Local Cache Stride Bucket -166 is equal to 60
Local Cache Stride Bucket -165 is equal to 19
Local Cache Stride Bucket -164 is equal to 30
Local Cache Stride Bucket -163 is equal to 22
Local Cache Stride Bucket -162 is equal to 40
Local Cache Stride Bucket -161 is equal to 28
Local Cache Stride Bucket -160 is equal to 45
Local Cache Stride Bucket -159 is equal to 29
Local Cache Stride Bucket -158 is equal to 38
Local Cache Stride Bucket -157 is equal to 32
Local Cache Stride Bucket -156 is equal to 27
Local Cache Stride Bucket -155 is equal to 33
Local Cache Stride Bucket -154 is equal to 162
Local Cache Stride Bucket -153 is equal to 475
Local Cache Stride Bucket -152 is equal to 476
Local Cache Stride Bucket -151 is equal to 85
Local Cache Stride Bucket -150 is equal to 284
Local Cache Stride Bucket -149 is equal to 26
Local Cache Stride Bucket -148 is equal to 59
Local Cache Stride Bucket -147 is equal to 55
Local Cache Stride Bucket -146 is equal to 25
Local Cache Stride Bucket -145 is equal to 86
Local Cache Stride Bucket -144 is equal to 166
Local Cache Stride Bucket -143 is equal to 49
Local Cache Stride Bucket -142 is equal to 46
Local Cache Stride Bucket -141 is equal to 38
Local Cache Stride Bucket -140 is equal to 26
Local Cache Stride Bucket -139 is equal to 80
Local Cache Stride Bucket -138 is equal to 550
Local Cache Stride Bucket -137 is equal to 50
Local Cache Stride Bucket -136 is equal to 53
Local Cache Stride Bucket -135 is equal to 30
Local Cache Stride Bucket -134 is equal to 26
Local Cache Stride Bucket -133 is equal to 11
Local Cache Stride Bucket -132 is equal to 27
Local Cache Stride Bucket -131 is equal to 11
Local Cache Stride Bucket -130 is equal to 61
Local Cache Stride Bucket -129 is equal to 5001
Local Cache Stride Bucket -128 is equal to 5232
Local Cache Stride Bucket -127 is equal to 55
Local Cache Stride Bucket -126 is equal to 155
Local Cache Stride Bucket -125 is equal to 26
Local Cache Stride Bucket -124 is equal to 37
Local Cache Stride Bucket -123 is equal to 100
Local Cache Stride Bucket -122 is equal to 57
Local Cache Stride Bucket -121 is equal to 21
Local Cache Stride Bucket -120 is equal to 111
Local Cache Stride Bucket -119 is equal to 48
Local Cache Stride Bucket -118 is equal to 1285
Local Cache Stride Bucket -117 is equal to 3748
Local Cache Stride Bucket -116 is equal to 31
Local Cache Stride Bucket -115 is equal to 70
Local Cache Stride Bucket -114 is equal to 28
Local Cache Stride Bucket -113 is equal to 50
Local Cache Stride Bucket -112 is equal to 219
Local Cache Stride Bucket -111 is equal to 81
Local Cache Stride Bucket -110 is equal to 1865
Local Cache Stride Bucket -109 is equal to 52
Local Cache Stride Bucket -108 is equal to 102
Local Cache Stride Bucket -107 is equal to 77
Local Cache Stride Bucket -106 is equal to 49
Local Cache Stride Bucket -105 is equal to 49
Local Cache Stride Bucket -104 is equal to 60
Local Cache Stride Bucket -103 is equal to 96
Local Cache Stride Bucket -102 is equal to 168
Local Cache Stride Bucket -101 is equal to 48
Local Cache Stride Bucket -100 is equal to 35
Local Cache Stride Bucket -99 is equal to 57
Local Cache Stride Bucket -98 is equal to 62
Local Cache Stride Bucket -97 is equal to 48
Local Cache Stride Bucket -96 is equal to 147
Local Cache Stride Bucket -95 is equal to 63
Local Cache Stride Bucket -94 is equal to 84
Local Cache Stride Bucket -93 is equal to 34
Local Cache Stride Bucket -92 is equal to 24
Local Cache Stride Bucket -91 is equal to 39
Local Cache Stride Bucket -90 is equal to 38
Local Cache Stride Bucket -89 is equal to 77
Local Cache Stride Bucket -88 is equal to 77
Local Cache Stride Bucket -87 is equal to 186
Local Cache Stride Bucket -86 is equal to 66
Local Cache Stride Bucket -85 is equal to 51
Local Cache Stride Bucket -84 is equal to 53
Local Cache Stride Bucket -83 is equal to 114
Local Cache Stride Bucket -82 is equal to 98
Local Cache Stride Bucket -81 is equal to 73
Local Cache Stride Bucket -80 is equal to 61
Local Cache Stride Bucket -79 is equal to 92
Local Cache Stride Bucket -78 is equal to 111
Local Cache Stride Bucket -77 is equal to 252
Local Cache Stride Bucket -76 is equal to 39
Local Cache Stride Bucket -75 is equal to 76
Local Cache Stride Bucket -74 is equal to 46
Local Cache Stride Bucket -73 is equal to 50
Local Cache Stride Bucket -72 is equal to 38
Local Cache Stride Bucket -71 is equal to 38
Local Cache Stride Bucket -70 is equal to 62
Local Cache Stride Bucket -69 is equal to 71
Local Cache Stride Bucket -68 is equal to 71
Local Cache Stride Bucket -67 is equal to 190
Local Cache Stride Bucket -66 is equal to 32
Local Cache Stride Bucket -65 is equal to 158
Local Cache Stride Bucket -64 is equal to 362
Local Cache Stride Bucket -63 is equal to 399
Local Cache Stride Bucket -62 is equal to 156
Local Cache Stride Bucket -61 is equal to 168
Local Cache Stride Bucket -60 is equal to 336
Local Cache Stride Bucket -59 is equal to 95
Local Cache Stride Bucket -58 is equal to 94
Local Cache Stride Bucket -57 is equal to 383
Local Cache Stride Bucket -56 is equal to 197
Local Cache Stride Bucket -55 is equal to 184
Local Cache Stride Bucket -54 is equal to 146
Local Cache Stride Bucket -53 is equal to 185
Local Cache Stride Bucket -52 is equal to 148
Local Cache Stride Bucket -51 is equal to 366
Local Cache Stride Bucket -50 is equal to 984
Local Cache Stride Bucket -49 is equal to 174
Local Cache Stride Bucket -48 is equal to 250
Local Cache Stride Bucket -47 is equal to 576
Local Cache Stride Bucket -46 is equal to 1656
Local Cache Stride Bucket -45 is equal to 2299
Local Cache Stride Bucket -44 is equal to 1972
Local Cache Stride Bucket -43 is equal to 2519
Local Cache Stride Bucket -42 is equal to 2466
Local Cache Stride Bucket -41 is equal to 4123
Local Cache Stride Bucket -40 is equal to 3183
Local Cache Stride Bucket -39 is equal to 1603
Local Cache Stride Bucket -38 is equal to 1255
Local Cache Stride Bucket -37 is equal to 1826
Local Cache Stride Bucket -36 is equal to 681
Local Cache Stride Bucket -35 is equal to 315
Local Cache Stride Bucket -34 is equal to 177
Local Cache Stride Bucket -33 is equal to 736
Local Cache Stride Bucket -32 is equal to 919
Local Cache Stride Bucket -31 is equal to 1282
Local Cache Stride Bucket -30 is equal to 708
Local Cache Stride Bucket -29 is equal to 707
Local Cache Stride Bucket -28 is equal to 3565
Local Cache Stride Bucket -27 is equal to 869
Local Cache Stride Bucket -26 is equal to 247
Local Cache Stride Bucket -25 is equal to 4142
Local Cache Stride Bucket -24 is equal to 5493
Local Cache Stride Bucket -23 is equal to 219
Local Cache Stride Bucket -22 is equal to 568
Local Cache Stride Bucket -21 is equal to 9177
Local Cache Stride Bucket -20 is equal to 284
Local Cache Stride Bucket -19 is equal to 341
Local Cache Stride Bucket -18 is equal to 16809
Local Cache Stride Bucket -17 is equal to 8475
Local Cache Stride Bucket -16 is equal to 1049
Local Cache Stride Bucket -15 is equal to 2303
Local Cache Stride Bucket -14 is equal to 23639
Local Cache Stride Bucket -13 is equal to 84240
Local Cache Stride Bucket -12 is equal to 96369
Local Cache Stride Bucket -11 is equal to 96262
Local Cache Stride Bucket -10 is equal to 4190
Local Cache Stride Bucket -9 is equal to 1334
Local Cache Stride Bucket -8 is equal to 2689
Local Cache Stride Bucket -7 is equal to 55159
Local Cache Stride Bucket -6 is equal to 35516
Local Cache Stride Bucket -5 is equal to 113257
Local Cache Stride Bucket -4 is equal to 255901
Local Cache Stride Bucket -3 is equal to 385876
Local Cache Stride Bucket -2 is equal to 599470
Local Cache Stride Bucket -1 is equal to 2533950
Local Cache Stride Bucket 0 is equal to 25011735
Local Cache Stride Bucket 1 is equal to 2622866
Local Cache Stride Bucket 2 is equal to 564206
Local Cache Stride Bucket 3 is equal to 335131
Local Cache Stride Bucket 4 is equal to 235512
Local Cache Stride Bucket 5 is equal to 84723
Local Cache Stride Bucket 6 is equal to 31055
Local Cache Stride Bucket 7 is equal to 36818
Local Cache Stride Bucket 8 is equal to 1707
Local Cache Stride Bucket 9 is equal to 5432
Local Cache Stride Bucket 10 is equal to 4567
Local Cache Stride Bucket 11 is equal to 102477
Local Cache Stride Bucket 12 is equal to 95263
Local Cache Stride Bucket 13 is equal to 93291
Local Cache Stride Bucket 14 is equal to 81739
Local Cache Stride Bucket 15 is equal to 598
Local Cache Stride Bucket 16 is equal to 1020
Local Cache Stride Bucket 17 is equal to 17063
Local Cache Stride Bucket 18 is equal to 16466
Local Cache Stride Bucket 19 is equal to 5234
Local Cache Stride Bucket 20 is equal to 456
Local Cache Stride Bucket 21 is equal to 9236
Local Cache Stride Bucket 22 is equal to 1651
Local Cache Stride Bucket 23 is equal to 1736
Local Cache Stride Bucket 24 is equal to 865
Local Cache Stride Bucket 25 is equal to 1311
Local Cache Stride Bucket 26 is equal to 1104
Local Cache Stride Bucket 27 is equal to 3894
Local Cache Stride Bucket 28 is equal to 6290
Local Cache Stride Bucket 29 is equal to 4055
Local Cache Stride Bucket 30 is equal to 4836
Local Cache Stride Bucket 31 is equal to 198
Local Cache Stride Bucket 32 is equal to 244
Local Cache Stride Bucket 33 is equal to 5287
Local Cache Stride Bucket 34 is equal to 1813
Local Cache Stride Bucket 35 is equal to 611
Local Cache Stride Bucket 36 is equal to 2613
Local Cache Stride Bucket 37 is equal to 1549
Local Cache Stride Bucket 38 is equal to 193
Local Cache Stride Bucket 39 is equal to 4001
Local Cache Stride Bucket 40 is equal to 2966
Local Cache Stride Bucket 41 is equal to 1764
Local Cache Stride Bucket 42 is equal to 1348
Local Cache Stride Bucket 43 is equal to 1441
Local Cache Stride Bucket 44 is equal to 1435
Local Cache Stride Bucket 45 is equal to 1475
Local Cache Stride Bucket 46 is equal to 948
Local Cache Stride Bucket 47 is equal to 276
Local Cache Stride Bucket 48 is equal to 201
Local Cache Stride Bucket 49 is equal to 5157
Local Cache Stride Bucket 50 is equal to 202
Local Cache Stride Bucket 51 is equal to 417
Local Cache Stride Bucket 52 is equal to 87
Local Cache Stride Bucket 53 is equal to 38
Local Cache Stride Bucket 54 is equal to 116
Local Cache Stride Bucket 55 is equal to 173
Local Cache Stride Bucket 56 is equal to 323
Local Cache Stride Bucket 57 is equal to 56
Local Cache Stride Bucket 58 is equal to 64
Local Cache Stride Bucket 59 is equal to 1104
Local Cache Stride Bucket 60 is equal to 199
Local Cache Stride Bucket 61 is equal to 39
Local Cache Stride Bucket 62 is equal to 77
Local Cache Stride Bucket 63 is equal to 107
Local Cache Stride Bucket 64 is equal to 323
Local Cache Stride Bucket 65 is equal to 115
Local Cache Stride Bucket 66 is equal to 106
Local Cache Stride Bucket 67 is equal to 265
Local Cache Stride Bucket 68 is equal to 77
Local Cache Stride Bucket 69 is equal to 67
Local Cache Stride Bucket 70 is equal to 51
Local Cache Stride Bucket 71 is equal to 84
Local Cache Stride Bucket 72 is equal to 5186
Local Cache Stride Bucket 73 is equal to 37
Local Cache Stride Bucket 74 is equal to 51
Local Cache Stride Bucket 75 is equal to 127
Local Cache Stride Bucket 76 is equal to 45
Local Cache Stride Bucket 77 is equal to 98
Local Cache Stride Bucket 78 is equal to 90
Local Cache Stride Bucket 79 is equal to 82
Local Cache Stride Bucket 80 is equal to 235
Local Cache Stride Bucket 81 is equal to 57
Local Cache Stride Bucket 82 is equal to 61
Local Cache Stride Bucket 83 is equal to 66
Local Cache Stride Bucket 84 is equal to 53
Local Cache Stride Bucket 85 is equal to 116
Local Cache Stride Bucket 86 is equal to 773
Local Cache Stride Bucket 87 is equal to 234
Local Cache Stride Bucket 88 is equal to 181
Local Cache Stride Bucket 89 is equal to 56
Local Cache Stride Bucket 90 is equal to 43
Local Cache Stride Bucket 91 is equal to 120
Local Cache Stride Bucket 92 is equal to 244
Local Cache Stride Bucket 93 is equal to 28
Local Cache Stride Bucket 94 is equal to 85
Local Cache Stride Bucket 95 is equal to 42
Local Cache Stride Bucket 96 is equal to 119
Local Cache Stride Bucket 97 is equal to 156
Local Cache Stride Bucket 98 is equal to 474
Local Cache Stride Bucket 99 is equal to 475
Local Cache Stride Bucket 100 is equal to 35
Local Cache Stride Bucket 101 is equal to 59
Local Cache Stride Bucket 102 is equal to 96
Local Cache Stride Bucket 103 is equal to 130
Local Cache Stride Bucket 104 is equal to 85
Local Cache Stride Bucket 105 is equal to 166
Local Cache Stride Bucket 106 is equal to 39
Local Cache Stride Bucket 107 is equal to 80
Local Cache Stride Bucket 108 is equal to 88
Local Cache Stride Bucket 109 is equal to 130
Local Cache Stride Bucket 110 is equal to 1876
Local Cache Stride Bucket 111 is equal to 130
Local Cache Stride Bucket 112 is equal to 149
Local Cache Stride Bucket 113 is equal to 62
Local Cache Stride Bucket 114 is equal to 33
Local Cache Stride Bucket 115 is equal to 102
Local Cache Stride Bucket 116 is equal to 31
Local Cache Stride Bucket 117 is equal to 35
Local Cache Stride Bucket 118 is equal to 21
Local Cache Stride Bucket 119 is equal to 34
Local Cache Stride Bucket 120 is equal to 29
Local Cache Stride Bucket 121 is equal to 45
Local Cache Stride Bucket 122 is equal to 21
Local Cache Stride Bucket 123 is equal to 81
Local Cache Stride Bucket 124 is equal to 58
Local Cache Stride Bucket 125 is equal to 75
Local Cache Stride Bucket 126 is equal to 224
Local Cache Stride Bucket 127 is equal to 54
Local Cache Stride Bucket 128 is equal to 450
Local Cache Stride Bucket 129 is equal to 61
Local Cache Stride Bucket 130 is equal to 62
Local Cache Stride Bucket 131 is equal to 18
Local Cache Stride Bucket 132 is equal to 14
Local Cache Stride Bucket 133 is equal to 32
Local Cache Stride Bucket 134 is equal to 39
Local Cache Stride Bucket 135 is equal to 17
Local Cache Stride Bucket 136 is equal to 27
Local Cache Stride Bucket 137 is equal to 36
Local Cache Stride Bucket 138 is equal to 25
Local Cache Stride Bucket 139 is equal to 23
Local Cache Stride Bucket 140 is equal to 29
Local Cache Stride Bucket 141 is equal to 75
Local Cache Stride Bucket 142 is equal to 51
Local Cache Stride Bucket 143 is equal to 37
Local Cache Stride Bucket 144 is equal to 68
Local Cache Stride Bucket 145 is equal to 72
Local Cache Stride Bucket 146 is equal to 67
Local Cache Stride Bucket 147 is equal to 45
Local Cache Stride Bucket 148 is equal to 42
Local Cache Stride Bucket 149 is equal to 153
Local Cache Stride Bucket 150 is equal to 405
Local Cache Stride Bucket 151 is equal to 50
Local Cache Stride Bucket 152 is equal to 150
Local Cache Stride Bucket 153 is equal to 109
Local Cache Stride Bucket 154 is equal to 46
Local Cache Stride Bucket 155 is equal to 43
Local Cache Stride Bucket 156 is equal to 24
Local Cache Stride Bucket 157 is equal to 27
Local Cache Stride Bucket 158 is equal to 43
Local Cache Stride Bucket 159 is equal to 23
Local Cache Stride Bucket 160 is equal to 49
Local Cache Stride Bucket 161 is equal to 29
Local Cache Stride Bucket 162 is equal to 36
Local Cache Stride Bucket 163 is equal to 196
Local Cache Stride Bucket 164 is equal to 33
Local Cache Stride Bucket 165 is equal to 20
Local Cache Stride Bucket 166 is equal to 67
Local Cache Stride Bucket 167 is equal to 26
Local Cache Stride Bucket 168 is equal to 42
Local Cache Stride Bucket 169 is equal to 16
Local Cache Stride Bucket 170 is equal to 31
Local Cache Stride Bucket 171 is equal to 43
Local Cache Stride Bucket 172 is equal to 71
Local Cache Stride Bucket 173 is equal to 31
Local Cache Stride Bucket 174 is equal to 28
Local Cache Stride Bucket 175 is equal to 36
Local Cache Stride Bucket 176 is equal to 89
Local Cache Stride Bucket 177 is equal to 53
Local Cache Stride Bucket 178 is equal to 42
Local Cache Stride Bucket 179 is equal to 62
Local Cache Stride Bucket 180 is equal to 23
Local Cache Stride Bucket 181 is equal to 47
Local Cache Stride Bucket 182 is equal to 125
Local Cache Stride Bucket 183 is equal to 43
Local Cache Stride Bucket 184 is equal to 48
Local Cache Stride Bucket 185 is equal to 26
Local Cache Stride Bucket 186 is equal to 56
Local Cache Stride Bucket 187 is equal to 29
Local Cache Stride Bucket 188 is equal to 74
Local Cache Stride Bucket 189 is equal to 3850
Local Cache Stride Bucket 190 is equal to 1412
Local Cache Stride Bucket 191 is equal to 57
Local Cache Stride Bucket 192 is equal to 168
Local Cache Stride Bucket 193 is equal to 42
Local Cache Stride Bucket 194 is equal to 31
Local Cache Stride Bucket 195 is equal to 99
Local Cache Stride Bucket 196 is equal to 74
Local Cache Stride Bucket 197 is equal to 50
Local Cache Stride Bucket 198 is equal to 121
Local Cache Stride Bucket 199 is equal to 166
Local Cache Stride Bucket 200 is equal to 57
Local Cache Stride Bucket 201 is equal to 111
Local Cache Stride Bucket 202 is equal to 36
Local Cache Stride Bucket 203 is equal to 52
Local Cache Stride Bucket 204 is equal to 66
Local Cache Stride Bucket 205 is equal to 47
Local Cache Stride Bucket 206 is equal to 39
Local Cache Stride Bucket 207 is equal to 47
Local Cache Stride Bucket 208 is equal to 57
Local Cache Stride Bucket 209 is equal to 55
Local Cache Stride Bucket 210 is equal to 41
Local Cache Stride Bucket 211 is equal to 76
Local Cache Stride Bucket 212 is equal to 79
Local Cache Stride Bucket 213 is equal to 23
Local Cache Stride Bucket 214 is equal to 39
Local Cache Stride Bucket 215 is equal to 21
Local Cache Stride Bucket 216 is equal to 82
Local Cache Stride Bucket 217 is equal to 44
Local Cache Stride Bucket 218 is equal to 3991
Local Cache Stride Bucket 219 is equal to 1464
Local Cache Stride Bucket 220 is equal to 101
Local Cache Stride Bucket 221 is equal to 43
Local Cache Stride Bucket 222 is equal to 26
Local Cache Stride Bucket 223 is equal to 94
Local Cache Stride Bucket 224 is equal to 57
Local Cache Stride Bucket 225 is equal to 38
Local Cache Stride Bucket 226 is equal to 85
Local Cache Stride Bucket 227 is equal to 44
Local Cache Stride Bucket 228 is equal to 48
Local Cache Stride Bucket 229 is equal to 251
Local Cache Stride Bucket 230 is equal to 55
Local Cache Stride Bucket 231 is equal to 46
Local Cache Stride Bucket 232 is equal to 43
Local Cache Stride Bucket 233 is equal to 33
Local Cache Stride Bucket 234 is equal to 52
Local Cache Stride Bucket 235 is equal to 39
Local Cache Stride Bucket 236 is equal to 24
Local Cache Stride Bucket 237 is equal to 69
Local Cache Stride Bucket 238 is equal to 31
Local Cache Stride Bucket 239 is equal to 109
Local Cache Stride Bucket 240 is equal to 59
Local Cache Stride Bucket 241 is equal to 68
Local Cache Stride Bucket 242 is equal to 42
Local Cache Stride Bucket 243 is equal to 89
Local Cache Stride Bucket 244 is equal to 41
Local Cache Stride Bucket 245 is equal to 57
Local Cache Stride Bucket 246 is equal to 48
Local Cache Stride Bucket 247 is equal to 38
Local Cache Stride Bucket 248 is equal to 45
Local Cache Stride Bucket 249 is equal to 24
Local Cache Stride Bucket 250 is equal to 25
Local Cache Stride Bucket 251 is equal to 40
Local Cache Stride Bucket 252 is equal to 50
Local Cache Stride Bucket 253 is equal to 34
Local Cache Stride Bucket 254 is equal to 24
Local Cache Stride Bucket 255 is equal to 45
Local Cache Stride Bucket 256 is equal to 223449


Global LD ST Byte Stride Bucket -256 is equal to 9473345
Global LD ST Byte Stride Bucket -248 is equal to 8828
Global LD ST Byte Stride Bucket -244 is equal to 2
Global LD ST Byte Stride Bucket -216 is equal to 34916
Global LD ST Byte Stride Bucket -192 is equal to 7
Global LD ST Byte Stride Bucket -190 is equal to 2
Global LD ST Byte Stride Bucket -188 is equal to 8904
Global LD ST Byte Stride Bucket -186 is equal to 12
Global LD ST Byte Stride Bucket -184 is equal to 4092
Global LD ST Byte Stride Bucket -182 is equal to 5
Global LD ST Byte Stride Bucket -180 is equal to 36
Global LD ST Byte Stride Bucket -178 is equal to 40
Global LD ST Byte Stride Bucket -176 is equal to 45230
Global LD ST Byte Stride Bucket -174 is equal to 35
Global LD ST Byte Stride Bucket -172 is equal to 22
Global LD ST Byte Stride Bucket -170 is equal to 45
Global LD ST Byte Stride Bucket -168 is equal to 4004
Global LD ST Byte Stride Bucket -166 is equal to 47
Global LD ST Byte Stride Bucket -164 is equal to 38
Global LD ST Byte Stride Bucket -162 is equal to 44
Global LD ST Byte Stride Bucket -160 is equal to 7521
Global LD ST Byte Stride Bucket -158 is equal to 61
Global LD ST Byte Stride Bucket -156 is equal to 42
Global LD ST Byte Stride Bucket -154 is equal to 74
Global LD ST Byte Stride Bucket -152 is equal to 104
Global LD ST Byte Stride Bucket -150 is equal to 68
Global LD ST Byte Stride Bucket -148 is equal to 124
Global LD ST Byte Stride Bucket -146 is equal to 94
Global LD ST Byte Stride Bucket -144 is equal to 1100
Global LD ST Byte Stride Bucket -142 is equal to 46
Global LD ST Byte Stride Bucket -140 is equal to 82
Global LD ST Byte Stride Bucket -138 is equal to 20
Global LD ST Byte Stride Bucket -136 is equal to 97
Global LD ST Byte Stride Bucket -134 is equal to 73
Global LD ST Byte Stride Bucket -132 is equal to 366
Global LD ST Byte Stride Bucket -130 is equal to 121
Global LD ST Byte Stride Bucket -128 is equal to 612
Global LD ST Byte Stride Bucket -126 is equal to 139
Global LD ST Byte Stride Bucket -124 is equal to 1366
Global LD ST Byte Stride Bucket -122 is equal to 214
Global LD ST Byte Stride Bucket -120 is equal to 6178
Global LD ST Byte Stride Bucket -118 is equal to 84
Global LD ST Byte Stride Bucket -116 is equal to 7498
Global LD ST Byte Stride Bucket -114 is equal to 158
Global LD ST Byte Stride Bucket -112 is equal to 9175
Global LD ST Byte Stride Bucket -110 is equal to 376
Global LD ST Byte Stride Bucket -108 is equal to 5749
Global LD ST Byte Stride Bucket -106 is equal to 258
Global LD ST Byte Stride Bucket -104 is equal to 5839
Global LD ST Byte Stride Bucket -102 is equal to 195
Global LD ST Byte Stride Bucket -100 is equal to 2817
Global LD ST Byte Stride Bucket -98 is equal to 172
Global LD ST Byte Stride Bucket -96 is equal to 143181
Global LD ST Byte Stride Bucket -94 is equal to 166
Global LD ST Byte Stride Bucket -92 is equal to 4983
Global LD ST Byte Stride Bucket -90 is equal to 358
Global LD ST Byte Stride Bucket -88 is equal to 57884
Global LD ST Byte Stride Bucket -86 is equal to 400
Global LD ST Byte Stride Bucket -84 is equal to 5997
Global LD ST Byte Stride Bucket -82 is equal to 488
Global LD ST Byte Stride Bucket -80 is equal to 69519
Global LD ST Byte Stride Bucket -78 is equal to 189
Global LD ST Byte Stride Bucket -76 is equal to 3951
Global LD ST Byte Stride Bucket -74 is equal to 200
Global LD ST Byte Stride Bucket -72 is equal to 5132
Global LD ST Byte Stride Bucket -70 is equal to 597
Global LD ST Byte Stride Bucket -68 is equal to 7984
Global LD ST Byte Stride Bucket -66 is equal to 1706
Global LD ST Byte Stride Bucket -64 is equal to 9870
Global LD ST Byte Stride Bucket -62 is equal to 831
Global LD ST Byte Stride Bucket -60 is equal to 48419
Global LD ST Byte Stride Bucket -58 is equal to 305
Global LD ST Byte Stride Bucket -56 is equal to 209844
Global LD ST Byte Stride Bucket -54 is equal to 301
Global LD ST Byte Stride Bucket -52 is equal to 131335
Global LD ST Byte Stride Bucket -50 is equal to 286
Global LD ST Byte Stride Bucket -48 is equal to 62928
Global LD ST Byte Stride Bucket -46 is equal to 4310
Global LD ST Byte Stride Bucket -44 is equal to 10653
Global LD ST Byte Stride Bucket -42 is equal to 3216
Global LD ST Byte Stride Bucket -40 is equal to 62490
Global LD ST Byte Stride Bucket -38 is equal to 2011
Global LD ST Byte Stride Bucket -36 is equal to 132154
Global LD ST Byte Stride Bucket -34 is equal to 267
Global LD ST Byte Stride Bucket -32 is equal to 140669
Global LD ST Byte Stride Bucket -30 is equal to 233
Global LD ST Byte Stride Bucket -28 is equal to 28181
Global LD ST Byte Stride Bucket -26 is equal to 1785
Global LD ST Byte Stride Bucket -24 is equal to 229783
Global LD ST Byte Stride Bucket -22 is equal to 18428
Global LD ST Byte Stride Bucket -20 is equal to 196507
Global LD ST Byte Stride Bucket -18 is equal to 1289
Global LD ST Byte Stride Bucket -16 is equal to 223880
Global LD ST Byte Stride Bucket -14 is equal to 255
Global LD ST Byte Stride Bucket -12 is equal to 327103
Global LD ST Byte Stride Bucket -10 is equal to 254
Global LD ST Byte Stride Bucket -9 is equal to 3
Global LD ST Byte Stride Bucket -8 is equal to 2249847
Global LD ST Byte Stride Bucket -6 is equal to 585
Global LD ST Byte Stride Bucket -4 is equal to 1109889
Global LD ST Byte Stride Bucket -2 is equal to 20116
Global LD ST Byte Stride Bucket -1 is equal to 6
Global LD ST Byte Stride Bucket 0 is equal to 2498754
Global LD ST Byte Stride Bucket 2 is equal to 20859
Global LD ST Byte Stride Bucket 4 is equal to 1379579
Global LD ST Byte Stride Bucket 6 is equal to 853
Global LD ST Byte Stride Bucket 8 is equal to 2879702
Global LD ST Byte Stride Bucket 9 is equal to 621
Global LD ST Byte Stride Bucket 10 is equal to 242
Global LD ST Byte Stride Bucket 12 is equal to 108471
Global LD ST Byte Stride Bucket 14 is equal to 266
Global LD ST Byte Stride Bucket 16 is equal to 362369
Global LD ST Byte Stride Bucket 18 is equal to 834
Global LD ST Byte Stride Bucket 20 is equal to 134403
Global LD ST Byte Stride Bucket 22 is equal to 20529
Global LD ST Byte Stride Bucket 24 is equal to 205613
Global LD ST Byte Stride Bucket 26 is equal to 2077
Global LD ST Byte Stride Bucket 28 is equal to 27354
Global LD ST Byte Stride Bucket 30 is equal to 219
Global LD ST Byte Stride Bucket 32 is equal to 119272
Global LD ST Byte Stride Bucket 34 is equal to 285
Global LD ST Byte Stride Bucket 36 is equal to 276291
Global LD ST Byte Stride Bucket 38 is equal to 514
Global LD ST Byte Stride Bucket 40 is equal to 66446
Global LD ST Byte Stride Bucket 42 is equal to 1886
Global LD ST Byte Stride Bucket 44 is equal to 143542
Global LD ST Byte Stride Bucket 46 is equal to 3372
Global LD ST Byte Stride Bucket 48 is equal to 85482
Global LD ST Byte Stride Bucket 50 is equal to 316
Global LD ST Byte Stride Bucket 52 is equal to 147339
Global LD ST Byte Stride Bucket 54 is equal to 245
Global LD ST Byte Stride Bucket 56 is equal to 37488
Global LD ST Byte Stride Bucket 57 is equal to 9
Global LD ST Byte Stride Bucket 58 is equal to 256
Global LD ST Byte Stride Bucket 60 is equal to 7673
Global LD ST Byte Stride Bucket 62 is equal to 575
Global LD ST Byte Stride Bucket 64 is equal to 10476
Global LD ST Byte Stride Bucket 66 is equal to 1594
Global LD ST Byte Stride Bucket 68 is equal to 1059
Global LD ST Byte Stride Bucket 70 is equal to 362
Global LD ST Byte Stride Bucket 72 is equal to 941
Global LD ST Byte Stride Bucket 74 is equal to 149
Global LD ST Byte Stride Bucket 76 is equal to 123
Global LD ST Byte Stride Bucket 78 is equal to 121
Global LD ST Byte Stride Bucket 80 is equal to 356
Global LD ST Byte Stride Bucket 82 is equal to 385
Global LD ST Byte Stride Bucket 84 is equal to 141384
Global LD ST Byte Stride Bucket 86 is equal to 282
Global LD ST Byte Stride Bucket 88 is equal to 54382
Global LD ST Byte Stride Bucket 90 is equal to 189
Global LD ST Byte Stride Bucket 92 is equal to 144
Global LD ST Byte Stride Bucket 94 is equal to 122
Global LD ST Byte Stride Bucket 96 is equal to 1042
Global LD ST Byte Stride Bucket 98 is equal to 122
Global LD ST Byte Stride Bucket 100 is equal to 136
Global LD ST Byte Stride Bucket 102 is equal to 235
Global LD ST Byte Stride Bucket 104 is equal to 1303
Global LD ST Byte Stride Bucket 106 is equal to 253
Global LD ST Byte Stride Bucket 108 is equal to 420
Global LD ST Byte Stride Bucket 110 is equal to 268
Global LD ST Byte Stride Bucket 112 is equal to 864
Global LD ST Byte Stride Bucket 114 is equal to 161
Global LD ST Byte Stride Bucket 116 is equal to 235
Global LD ST Byte Stride Bucket 118 is equal to 117
Global LD ST Byte Stride Bucket 120 is equal to 294
Global LD ST Byte Stride Bucket 122 is equal to 110
Global LD ST Byte Stride Bucket 124 is equal to 102
Global LD ST Byte Stride Bucket 126 is equal to 128
Global LD ST Byte Stride Bucket 128 is equal to 228
Global LD ST Byte Stride Bucket 130 is equal to 143
Global LD ST Byte Stride Bucket 132 is equal to 141
Global LD ST Byte Stride Bucket 134 is equal to 129
Global LD ST Byte Stride Bucket 136 is equal to 1264
Global LD ST Byte Stride Bucket 138 is equal to 97
Global LD ST Byte Stride Bucket 140 is equal to 91
Global LD ST Byte Stride Bucket 142 is equal to 68
Global LD ST Byte Stride Bucket 144 is equal to 89
Global LD ST Byte Stride Bucket 146 is equal to 53
Global LD ST Byte Stride Bucket 148 is equal to 55
Global LD ST Byte Stride Bucket 150 is equal to 44
Global LD ST Byte Stride Bucket 152 is equal to 76
Global LD ST Byte Stride Bucket 154 is equal to 55
Global LD ST Byte Stride Bucket 156 is equal to 654
Global LD ST Byte Stride Bucket 158 is equal to 52
Global LD ST Byte Stride Bucket 160 is equal to 8938
Global LD ST Byte Stride Bucket 162 is equal to 44
Global LD ST Byte Stride Bucket 164 is equal to 53
Global LD ST Byte Stride Bucket 166 is equal to 58
Global LD ST Byte Stride Bucket 168 is equal to 51
Global LD ST Byte Stride Bucket 170 is equal to 50
Global LD ST Byte Stride Bucket 172 is equal to 66
Global LD ST Byte Stride Bucket 174 is equal to 61
Global LD ST Byte Stride Bucket 176 is equal to 11646
Global LD ST Byte Stride Bucket 178 is equal to 64
Global LD ST Byte Stride Bucket 180 is equal to 46
Global LD ST Byte Stride Bucket 182 is equal to 40
Global LD ST Byte Stride Bucket 184 is equal to 41207
Global LD ST Byte Stride Bucket 186 is equal to 41
Global LD ST Byte Stride Bucket 188 is equal to 30
Global LD ST Byte Stride Bucket 190 is equal to 10
Global LD ST Byte Stride Bucket 192 is equal to 2
Global LD ST Byte Stride Bucket 200 is equal to 8922
Global LD ST Byte Stride Bucket 216 is equal to 1
Global LD ST Byte Stride Bucket 224 is equal to 37410
Global LD ST Byte Stride Bucket 240 is equal to 10
Global LD ST Byte Stride Bucket 248 is equal to 4601
Global LD ST Byte Stride Bucket 256 is equal to 10301636

Global LD ST Cache Stride Bucket -256 is equal to 1960739
Global LD ST Cache Stride Bucket -254 is equal to 2
Global LD ST Cache Stride Bucket -220 is equal to 1243
Global LD ST Cache Stride Bucket -192 is equal to 2
Global LD ST Cache Stride Bucket -182 is equal to 1
Global LD ST Cache Stride Bucket -181 is equal to 5
Global LD ST Cache Stride Bucket -180 is equal to 1
Global LD ST Cache Stride Bucket -176 is equal to 1
Global LD ST Cache Stride Bucket -165 is equal to 90
Global LD ST Cache Stride Bucket -164 is equal to 3299
Global LD ST Cache Stride Bucket -163 is equal to 37314
Global LD ST Cache Stride Bucket -162 is equal to 39205
Global LD ST Cache Stride Bucket -161 is equal to 33366
Global LD ST Cache Stride Bucket -160 is equal to 45636
Global LD ST Cache Stride Bucket -159 is equal to 92290
Global LD ST Cache Stride Bucket -158 is equal to 116644
Global LD ST Cache Stride Bucket -157 is equal to 91428
Global LD ST Cache Stride Bucket -156 is equal to 215376
Global LD ST Cache Stride Bucket -155 is equal to 205568
Global LD ST Cache Stride Bucket -154 is equal to 125163
Global LD ST Cache Stride Bucket -153 is equal to 12384
Global LD ST Cache Stride Bucket -152 is equal to 68105
Global LD ST Cache Stride Bucket -151 is equal to 41409
Global LD ST Cache Stride Bucket -150 is equal to 25629
Global LD ST Cache Stride Bucket -149 is equal to 85729
Global LD ST Cache Stride Bucket -148 is equal to 85598
Global LD ST Cache Stride Bucket -147 is equal to 53920
Global LD ST Cache Stride Bucket -146 is equal to 5751
Global LD ST Cache Stride Bucket -145 is equal to 28345
Global LD ST Cache Stride Bucket -144 is equal to 15362
Global LD ST Cache Stride Bucket -143 is equal to 7735
Global LD ST Cache Stride Bucket -142 is equal to 5654
Global LD ST Cache Stride Bucket -141 is equal to 2271
Global LD ST Cache Stride Bucket -140 is equal to 5745
Global LD ST Cache Stride Bucket -139 is equal to 5759
Global LD ST Cache Stride Bucket -138 is equal to 4475
Global LD ST Cache Stride Bucket -137 is equal to 5357
Global LD ST Cache Stride Bucket -136 is equal to 3950
Global LD ST Cache Stride Bucket -135 is equal to 9256
Global LD ST Cache Stride Bucket -134 is equal to 6826
Global LD ST Cache Stride Bucket -133 is equal to 16863
Global LD ST Cache Stride Bucket -132 is equal to 4484
Global LD ST Cache Stride Bucket -131 is equal to 13981
Global LD ST Cache Stride Bucket -130 is equal to 21767
Global LD ST Cache Stride Bucket -129 is equal to 23637
Global LD ST Cache Stride Bucket -128 is equal to 19171
Global LD ST Cache Stride Bucket -127 is equal to 3054
Global LD ST Cache Stride Bucket -126 is equal to 61831
Global LD ST Cache Stride Bucket -125 is equal to 1308
Global LD ST Cache Stride Bucket -124 is equal to 8415
Global LD ST Cache Stride Bucket -123 is equal to 12627
Global LD ST Cache Stride Bucket -122 is equal to 20741
Global LD ST Cache Stride Bucket -121 is equal to 17352
Global LD ST Cache Stride Bucket -120 is equal to 20496
Global LD ST Cache Stride Bucket -119 is equal to 53844
Global LD ST Cache Stride Bucket -118 is equal to 39541
Global LD ST Cache Stride Bucket -117 is equal to 47892
Global LD ST Cache Stride Bucket -116 is equal to 46821
Global LD ST Cache Stride Bucket -115 is equal to 65370
Global LD ST Cache Stride Bucket -114 is equal to 46900
Global LD ST Cache Stride Bucket -113 is equal to 35786
Global LD ST Cache Stride Bucket -112 is equal to 11133
Global LD ST Cache Stride Bucket -111 is equal to 11814
Global LD ST Cache Stride Bucket -110 is equal to 19475
Global LD ST Cache Stride Bucket -109 is equal to 29566
Global LD ST Cache Stride Bucket -108 is equal to 34542
Global LD ST Cache Stride Bucket -107 is equal to 34680
Global LD ST Cache Stride Bucket -106 is equal to 41836
Global LD ST Cache Stride Bucket -105 is equal to 25362
Global LD ST Cache Stride Bucket -104 is equal to 26781
Global LD ST Cache Stride Bucket -103 is equal to 17868
Global LD ST Cache Stride Bucket -102 is equal to 48716
Global LD ST Cache Stride Bucket -101 is equal to 40137
Global LD ST Cache Stride Bucket -100 is equal to 141841
Global LD ST Cache Stride Bucket -99 is equal to 11578
Global LD ST Cache Stride Bucket -98 is equal to 88613
Global LD ST Cache Stride Bucket -97 is equal to 52453
Global LD ST Cache Stride Bucket -96 is equal to 169032
Global LD ST Cache Stride Bucket -95 is equal to 252204
Global LD ST Cache Stride Bucket -94 is equal to 214388
Global LD ST Cache Stride Bucket -93 is equal to 206830
Global LD ST Cache Stride Bucket -92 is equal to 254634
Global LD ST Cache Stride Bucket -91 is equal to 243767
Global LD ST Cache Stride Bucket -90 is equal to 168857
Global LD ST Cache Stride Bucket -89 is equal to 24366
Global LD ST Cache Stride Bucket -88 is equal to 12490
Global LD ST Cache Stride Bucket -87 is equal to 9668
Global LD ST Cache Stride Bucket -86 is equal to 701
Global LD ST Cache Stride Bucket -85 is equal to 4927
Global LD ST Cache Stride Bucket -84 is equal to 4468
Global LD ST Cache Stride Bucket -83 is equal to 2410
Global LD ST Cache Stride Bucket -82 is equal to 4441
Global LD ST Cache Stride Bucket -81 is equal to 7857
Global LD ST Cache Stride Bucket -80 is equal to 3719
Global LD ST Cache Stride Bucket -79 is equal to 221
Global LD ST Cache Stride Bucket -78 is equal to 250
Global LD ST Cache Stride Bucket -77 is equal to 369
Global LD ST Cache Stride Bucket -76 is equal to 99
Global LD ST Cache Stride Bucket -75 is equal to 48
Global LD ST Cache Stride Bucket -74 is equal to 215
Global LD ST Cache Stride Bucket -73 is equal to 1832
Global LD ST Cache Stride Bucket -72 is equal to 6759
Global LD ST Cache Stride Bucket -71 is equal to 8724
Global LD ST Cache Stride Bucket -70 is equal to 8867
Global LD ST Cache Stride Bucket -69 is equal to 17373
Global LD ST Cache Stride Bucket -68 is equal to 28573
Global LD ST Cache Stride Bucket -67 is equal to 33497
Global LD ST Cache Stride Bucket -66 is equal to 42442
Global LD ST Cache Stride Bucket -65 is equal to 53695
Global LD ST Cache Stride Bucket -64 is equal to 82989
Global LD ST Cache Stride Bucket -63 is equal to 86169
Global LD ST Cache Stride Bucket -62 is equal to 58099
Global LD ST Cache Stride Bucket -61 is equal to 45266
Global LD ST Cache Stride Bucket -60 is equal to 124192
Global LD ST Cache Stride Bucket -59 is equal to 70370
Global LD ST Cache Stride Bucket -58 is equal to 46250
Global LD ST Cache Stride Bucket -57 is equal to 130454
Global LD ST Cache Stride Bucket -56 is equal to 68404
Global LD ST Cache Stride Bucket -55 is equal to 113110
Global LD ST Cache Stride Bucket -54 is equal to 108797
Global LD ST Cache Stride Bucket -53 is equal to 133239
Global LD ST Cache Stride Bucket -52 is equal to 91529
Global LD ST Cache Stride Bucket -51 is equal to 17691
Global LD ST Cache Stride Bucket -50 is equal to 48440
Global LD ST Cache Stride Bucket -49 is equal to 10893
Global LD ST Cache Stride Bucket -48 is equal to 12344
Global LD ST Cache Stride Bucket -47 is equal to 12130
Global LD ST Cache Stride Bucket -46 is equal to 5010
Global LD ST Cache Stride Bucket -45 is equal to 4939
Global LD ST Cache Stride Bucket -44 is equal to 1473
Global LD ST Cache Stride Bucket -43 is equal to 744
Global LD ST Cache Stride Bucket -42 is equal to 94999
Global LD ST Cache Stride Bucket -41 is equal to 140626
Global LD ST Cache Stride Bucket -40 is equal to 39064
Global LD ST Cache Stride Bucket -39 is equal to 61270
Global LD ST Cache Stride Bucket -38 is equal to 53484
Global LD ST Cache Stride Bucket -37 is equal to 1610
Global LD ST Cache Stride Bucket -36 is equal to 363
Global LD ST Cache Stride Bucket -35 is equal to 4767
Global LD ST Cache Stride Bucket -34 is equal to 3992
Global LD ST Cache Stride Bucket -32 is equal to 3759
Global LD ST Cache Stride Bucket -31 is equal to 2780
Global LD ST Cache Stride Bucket -30 is equal to 7706
Global LD ST Cache Stride Bucket -29 is equal to 5428
Global LD ST Cache Stride Bucket -28 is equal to 116816
Global LD ST Cache Stride Bucket -27 is equal to 99821
Global LD ST Cache Stride Bucket -26 is equal to 53337
Global LD ST Cache Stride Bucket -25 is equal to 98275
Global LD ST Cache Stride Bucket -24 is equal to 17356
Global LD ST Cache Stride Bucket -23 is equal to 71
Global LD ST Cache Stride Bucket -22 is equal to 90
Global LD ST Cache Stride Bucket -21 is equal to 718
Global LD ST Cache Stride Bucket -20 is equal to 11
Global LD ST Cache Stride Bucket -19 is equal to 23
Global LD ST Cache Stride Bucket -18 is equal to 1245
Global LD ST Cache Stride Bucket -17 is equal to 6905
Global LD ST Cache Stride Bucket -16 is equal to 19590
Global LD ST Cache Stride Bucket -15 is equal to 90816
Global LD ST Cache Stride Bucket -14 is equal to 277141
Global LD ST Cache Stride Bucket -13 is equal to 195878
Global LD ST Cache Stride Bucket -12 is equal to 79310
Global LD ST Cache Stride Bucket -11 is equal to 65959
Global LD ST Cache Stride Bucket -10 is equal to 17454
Global LD ST Cache Stride Bucket -9 is equal to 14
Global LD ST Cache Stride Bucket -8 is equal to 3083
Global LD ST Cache Stride Bucket -7 is equal to 18511
Global LD ST Cache Stride Bucket -6 is equal to 77275
Global LD ST Cache Stride Bucket -5 is equal to 87242
Global LD ST Cache Stride Bucket -4 is equal to 22597
Global LD ST Cache Stride Bucket -3 is equal to 88182
Global LD ST Cache Stride Bucket -2 is equal to 133815
Global LD ST Cache Stride Bucket -1 is equal to 1529981
Global LD ST Cache Stride Bucket 0 is equal to 11207791
Global LD ST Cache Stride Bucket 1 is equal to 1385832
Global LD ST Cache Stride Bucket 2 is equal to 83089
Global LD ST Cache Stride Bucket 3 is equal to 80297
Global LD ST Cache Stride Bucket 4 is equal to 36114
Global LD ST Cache Stride Bucket 5 is equal to 78789
Global LD ST Cache Stride Bucket 6 is equal to 73963
Global LD ST Cache Stride Bucket 7 is equal to 18358
Global LD ST Cache Stride Bucket 8 is equal to 48
Global LD ST Cache Stride Bucket 9 is equal to 1246
Global LD ST Cache Stride Bucket 10 is equal to 39460
Global LD ST Cache Stride Bucket 11 is equal to 59950
Global LD ST Cache Stride Bucket 12 is equal to 88182
Global LD ST Cache Stride Bucket 13 is equal to 295477
Global LD ST Cache Stride Bucket 14 is equal to 687554
Global LD ST Cache Stride Bucket 15 is equal to 151359
Global LD ST Cache Stride Bucket 16 is equal to 24627
Global LD ST Cache Stride Bucket 17 is equal to 7385
Global LD ST Cache Stride Bucket 18 is equal to 3075
Global LD ST Cache Stride Bucket 19 is equal to 1786
Global LD ST Cache Stride Bucket 20 is equal to 104
Global LD ST Cache Stride Bucket 21 is equal to 1213
Global LD ST Cache Stride Bucket 22 is equal to 251
Global LD ST Cache Stride Bucket 23 is equal to 14371
Global LD ST Cache Stride Bucket 24 is equal to 73435
Global LD ST Cache Stride Bucket 25 is equal to 175844
Global LD ST Cache Stride Bucket 26 is equal to 116311
Global LD ST Cache Stride Bucket 27 is equal to 143763
Global LD ST Cache Stride Bucket 28 is equal to 108495
Global LD ST Cache Stride Bucket 29 is equal to 9752
Global LD ST Cache Stride Bucket 30 is equal to 34948
Global LD ST Cache Stride Bucket 31 is equal to 9509
Global LD ST Cache Stride Bucket 32 is equal to 5838
Global LD ST Cache Stride Bucket 33 is equal to 21886
Global LD ST Cache Stride Bucket 34 is equal to 14150
Global LD ST Cache Stride Bucket 35 is equal to 5529
Global LD ST Cache Stride Bucket 36 is equal to 2725
Global LD ST Cache Stride Bucket 37 is equal to 38667
Global LD ST Cache Stride Bucket 38 is equal to 178259
Global LD ST Cache Stride Bucket 39 is equal to 236008
Global LD ST Cache Stride Bucket 40 is equal to 227532
Global LD ST Cache Stride Bucket 41 is equal to 151313
Global LD ST Cache Stride Bucket 42 is equal to 17866
Global LD ST Cache Stride Bucket 43 is equal to 2325
Global LD ST Cache Stride Bucket 44 is equal to 3039
Global LD ST Cache Stride Bucket 45 is equal to 5368
Global LD ST Cache Stride Bucket 46 is equal to 6456
Global LD ST Cache Stride Bucket 47 is equal to 17577
Global LD ST Cache Stride Bucket 48 is equal to 15112
Global LD ST Cache Stride Bucket 49 is equal to 16314
Global LD ST Cache Stride Bucket 50 is equal to 22943
Global LD ST Cache Stride Bucket 51 is equal to 66954
Global LD ST Cache Stride Bucket 52 is equal to 58172
Global LD ST Cache Stride Bucket 53 is equal to 64309
Global LD ST Cache Stride Bucket 54 is equal to 91587
Global LD ST Cache Stride Bucket 55 is equal to 96774
Global LD ST Cache Stride Bucket 56 is equal to 63675
Global LD ST Cache Stride Bucket 57 is equal to 56711
Global LD ST Cache Stride Bucket 58 is equal to 151788
Global LD ST Cache Stride Bucket 59 is equal to 51787
Global LD ST Cache Stride Bucket 60 is equal to 53989
Global LD ST Cache Stride Bucket 61 is equal to 94495
Global LD ST Cache Stride Bucket 62 is equal to 46778
Global LD ST Cache Stride Bucket 63 is equal to 49278
Global LD ST Cache Stride Bucket 64 is equal to 40375
Global LD ST Cache Stride Bucket 65 is equal to 48533
Global LD ST Cache Stride Bucket 66 is equal to 25716
Global LD ST Cache Stride Bucket 67 is equal to 19863
Global LD ST Cache Stride Bucket 68 is equal to 20356
Global LD ST Cache Stride Bucket 69 is equal to 11635
Global LD ST Cache Stride Bucket 70 is equal to 13510
Global LD ST Cache Stride Bucket 71 is equal to 12836
Global LD ST Cache Stride Bucket 72 is equal to 12160
Global LD ST Cache Stride Bucket 73 is equal to 387
Global LD ST Cache Stride Bucket 74 is equal to 69
Global LD ST Cache Stride Bucket 75 is equal to 2
Global LD ST Cache Stride Bucket 76 is equal to 3
Global LD ST Cache Stride Bucket 77 is equal to 83
Global LD ST Cache Stride Bucket 78 is equal to 193
Global LD ST Cache Stride Bucket 79 is equal to 5213
Global LD ST Cache Stride Bucket 80 is equal to 32635
Global LD ST Cache Stride Bucket 81 is equal to 22821
Global LD ST Cache Stride Bucket 82 is equal to 16830
Global LD ST Cache Stride Bucket 83 is equal to 41551
Global LD ST Cache Stride Bucket 84 is equal to 49440
Global LD ST Cache Stride Bucket 85 is equal to 59775
Global LD ST Cache Stride Bucket 86 is equal to 45423
Global LD ST Cache Stride Bucket 87 is equal to 7348
Global LD ST Cache Stride Bucket 88 is equal to 8364
Global LD ST Cache Stride Bucket 89 is equal to 10070
Global LD ST Cache Stride Bucket 90 is equal to 54687
Global LD ST Cache Stride Bucket 91 is equal to 69629
Global LD ST Cache Stride Bucket 92 is equal to 67130
Global LD ST Cache Stride Bucket 93 is equal to 51097
Global LD ST Cache Stride Bucket 94 is equal to 54210
Global LD ST Cache Stride Bucket 95 is equal to 72395
Global LD ST Cache Stride Bucket 96 is equal to 70154
Global LD ST Cache Stride Bucket 97 is equal to 17651
Global LD ST Cache Stride Bucket 98 is equal to 11920
Global LD ST Cache Stride Bucket 99 is equal to 35931
Global LD ST Cache Stride Bucket 100 is equal to 2459
Global LD ST Cache Stride Bucket 101 is equal to 17327
Global LD ST Cache Stride Bucket 102 is equal to 19300
Global LD ST Cache Stride Bucket 103 is equal to 20232
Global LD ST Cache Stride Bucket 104 is equal to 7335
Global LD ST Cache Stride Bucket 105 is equal to 12210
Global LD ST Cache Stride Bucket 106 is equal to 13574
Global LD ST Cache Stride Bucket 107 is equal to 11948
Global LD ST Cache Stride Bucket 108 is equal to 8043
Global LD ST Cache Stride Bucket 109 is equal to 12661
Global LD ST Cache Stride Bucket 110 is equal to 6540
Global LD ST Cache Stride Bucket 111 is equal to 6465
Global LD ST Cache Stride Bucket 112 is equal to 4181
Global LD ST Cache Stride Bucket 113 is equal to 6169
Global LD ST Cache Stride Bucket 114 is equal to 11170
Global LD ST Cache Stride Bucket 115 is equal to 9694
Global LD ST Cache Stride Bucket 116 is equal to 10605
Global LD ST Cache Stride Bucket 117 is equal to 1458
Global LD ST Cache Stride Bucket 118 is equal to 6518
Global LD ST Cache Stride Bucket 119 is equal to 6274
Global LD ST Cache Stride Bucket 120 is equal to 10702
Global LD ST Cache Stride Bucket 121 is equal to 3339
Global LD ST Cache Stride Bucket 122 is equal to 7123
Global LD ST Cache Stride Bucket 123 is equal to 6933
Global LD ST Cache Stride Bucket 124 is equal to 4004
Global LD ST Cache Stride Bucket 125 is equal to 27405
Global LD ST Cache Stride Bucket 126 is equal to 166670
Global LD ST Cache Stride Bucket 127 is equal to 10788
Global LD ST Cache Stride Bucket 128 is equal to 3413
Global LD ST Cache Stride Bucket 129 is equal to 10901
Global LD ST Cache Stride Bucket 130 is equal to 9742
Global LD ST Cache Stride Bucket 131 is equal to 11278
Global LD ST Cache Stride Bucket 132 is equal to 3595
Global LD ST Cache Stride Bucket 133 is equal to 11987
Global LD ST Cache Stride Bucket 134 is equal to 23515
Global LD ST Cache Stride Bucket 135 is equal to 17423
Global LD ST Cache Stride Bucket 136 is equal to 18374
Global LD ST Cache Stride Bucket 137 is equal to 16587
Global LD ST Cache Stride Bucket 138 is equal to 12415
Global LD ST Cache Stride Bucket 139 is equal to 12056
Global LD ST Cache Stride Bucket 140 is equal to 15881
Global LD ST Cache Stride Bucket 141 is equal to 25079
Global LD ST Cache Stride Bucket 142 is equal to 32492
Global LD ST Cache Stride Bucket 143 is equal to 40874
Global LD ST Cache Stride Bucket 144 is equal to 39913
Global LD ST Cache Stride Bucket 145 is equal to 55208
Global LD ST Cache Stride Bucket 146 is equal to 40661
Global LD ST Cache Stride Bucket 147 is equal to 101812
Global LD ST Cache Stride Bucket 148 is equal to 159247
Global LD ST Cache Stride Bucket 149 is equal to 99284
Global LD ST Cache Stride Bucket 150 is equal to 39066
Global LD ST Cache Stride Bucket 151 is equal to 66886
Global LD ST Cache Stride Bucket 152 is equal to 91744
Global LD ST Cache Stride Bucket 153 is equal to 56431
Global LD ST Cache Stride Bucket 154 is equal to 218362
Global LD ST Cache Stride Bucket 155 is equal to 369294
Global LD ST Cache Stride Bucket 156 is equal to 242163
Global LD ST Cache Stride Bucket 157 is equal to 121975
Global LD ST Cache Stride Bucket 158 is equal to 252082
Global LD ST Cache Stride Bucket 159 is equal to 129656
Global LD ST Cache Stride Bucket 160 is equal to 70153
Global LD ST Cache Stride Bucket 161 is equal to 63977
Global LD ST Cache Stride Bucket 162 is equal to 74087
Global LD ST Cache Stride Bucket 163 is equal to 40832
Global LD ST Cache Stride Bucket 164 is equal to 3204
Global LD ST Cache Stride Bucket 165 is equal to 4334
Global LD ST Cache Stride Bucket 166 is equal to 3
Global LD ST Cache Stride Bucket 167 is equal to 3
Global LD ST Cache Stride Bucket 168 is equal to 3
Global LD ST Cache Stride Bucket 169 is equal to 3
Global LD ST Cache Stride Bucket 170 is equal to 3
Global LD ST Cache Stride Bucket 171 is equal to 3
Global LD ST Cache Stride Bucket 172 is equal to 3
Global LD ST Cache Stride Bucket 173 is equal to 3515
Global LD ST Cache Stride Bucket 174 is equal to 3
Global LD ST Cache Stride Bucket 175 is equal to 3
Global LD ST Cache Stride Bucket 176 is equal to 3
Global LD ST Cache Stride Bucket 177 is equal to 2
Global LD ST Cache Stride Bucket 178 is equal to 1
Global LD ST Cache Stride Bucket 179 is equal to 1
Global LD ST Cache Stride Bucket 180 is equal to 1
Global LD ST Cache Stride Bucket 181 is equal to 4
Global LD ST Cache Stride Bucket 182 is equal to 4
Global LD ST Cache Stride Bucket 189 is equal to 621
Global LD ST Cache Stride Bucket 190 is equal to 622
Global LD ST Cache Stride Bucket 192 is equal to 3
Global LD ST Cache Stride Bucket 218 is equal to 621
Global LD ST Cache Stride Bucket 219 is equal to 622
Global LD ST Cache Stride Bucket 256 is equal to 2083804


            "-256": "9473345",
            "-255": "0",
            "-254": "0",
            "-253": "0",
            "-252": "0",
            "-251": "0",
            "-250": "0",
            "-249": "0",
            "-248": "8828",
            "-247": "0",
            "-246": "0",
            "-245": "0",
            "-244": "2",
            "-243": "0",
            "-242": "0",
            "-241": "0",
            "-240": "0",
            "-239": "0",
            "-238": "0",
            "-237": "0",
            "-236": "0",
            "-235": "0",
            "-234": "0",
            "-233": "0",
            "-232": "0",
            "-231": "0",
            "-230": "0",
            "-229": "0",
            "-228": "0",
            "-227": "0",
            "-226": "0",
            "-225": "0",
            "-224": "0",
            "-223": "0",
            "-222": "0",
            "-221": "0",
            "-220": "0",
            "-219": "0",
            "-218": "0",
            "-217": "0",
            "-216": "34916",
            "-215": "0",
            "-214": "0",
            "-213": "0",
            "-212": "0",
            "-211": "0",
            "-210": "0",
            "-209": "0",
            "-208": "0",
            "-207": "0",
            "-206": "0",
            "-205": "0",
            "-204": "0",
            "-203": "0",
            "-202": "0",
            "-201": "0",
            "-200": "0",
            "-199": "0",
            "-198": "0",
            "-197": "0",
            "-196": "0",
            "-195": "0",
            "-194": "0",
            "-193": "0",
            "-192": "7",
            "-191": "0",
            "-190": "2",
            "-189": "0",
            "-188": "8904",
            "-187": "0",
            "-186": "12",
            "-185": "0",
            "-184": "4092",
            "-183": "0",
            "-182": "5",
            "-181": "0",
            "-180": "36",
            "-179": "0",
            "-178": "40",
            "-177": "0",
            "-176": "45230",
            "-175": "0",
            "-174": "35",
            "-173": "0",
            "-172": "22",
            "-171": "0",
            "-170": "45",
            "-169": "0",
            "-168": "4004",
            "-167": "0",
            "-166": "47",
            "-165": "0",
            "-164": "38",
            "-163": "0",
            "-162": "44",
            "-161": "0",
            "-160": "7521",
            "-159": "0",
            "-158": "61",
            "-157": "0",
            "-156": "42",
            "-155": "0",
            "-154": "74",
            "-153": "0",
            "-152": "104",
            "-151": "0",
            "-150": "68",
            "-149": "0",
            "-148": "124",
            "-147": "0",
            "-146": "94",
            "-145": "0",
            "-144": "1100",
            "-143": "0",
            "-142": "46",
            "-141": "0",
            "-140": "82",
            "-139": "0",
            "-138": "20",
            "-137": "0",
            "-136": "97",
            "-135": "0",
            "-134": "73",
            "-133": "0",
            "-132": "366",
            "-131": "0",
            "-130": "121",
            "-129": "0",
            "-128": "612",
            "-127": "0",
            "-126": "139",
            "-125": "0",
            "-124": "1366",
            "-123": "0",
            "-122": "214",
            "-121": "0",
            "-120": "6178",
            "-119": "0",
            "-118": "84",
            "-117": "0",
            "-116": "7498",
            "-115": "0",
            "-114": "158",
            "-113": "0",
            "-112": "9175",
            "-111": "0",
            "-110": "376",
            "-109": "0",
            "-108": "5749",
            "-107": "0",
            "-106": "258",
            "-105": "0",
            "-104": "5839",
            "-103": "0",
            "-102": "195",
            "-101": "0",
            "-100": "2817",
            "-99": "0",
            "-98": "172",
            "-97": "0",
            "-96": "143181",
            "-95": "0",
            "-94": "166",
            "-93": "0",
            "-92": "4983",
            "-91": "0",
            "-90": "358",
            "-89": "0",
            "-88": "57884",
            "-87": "0",
            "-86": "400",
            "-85": "0",
            "-84": "5997",
            "-83": "0",
            "-82": "488",
            "-81": "0",
            "-80": "69519",
            "-79": "0",
            "-78": "189",
            "-77": "0",
            "-76": "3951",
            "-75": "0",
            "-74": "200",
            "-73": "0",
            "-72": "5132",
            "-71": "0",
            "-70": "597",
            "-69": "0",
            "-68": "7984",
            "-67": "0",
            "-66": "1706",
            "-65": "0",
            "-64": "9870",
            "-63": "0",
            "-62": "831",
            "-61": "0",
            "-60": "48419",
            "-59": "0",
            "-58": "305",
            "-57": "0",
            "-56": "209844",
            "-55": "0",
            "-54": "301",
            "-53": "0",
            "-52": "131335",
            "-51": "0",
            "-50": "286",
            "-49": "0",
            "-48": "62928",
            "-47": "0",
            "-46": "4310",
            "-45": "0",
            "-44": "10653",
            "-43": "0",
            "-42": "3216",
            "-41": "0",
            "-40": "62490",
            "-39": "0",
            "-38": "2011",
            "-37": "0",
            "-36": "132154",
            "-35": "0",
            "-34": "267",
            "-33": "0",
            "-32": "140669",
            "-31": "0",
            "-30": "233",
            "-29": "0",
            "-28": "28181",
            "-27": "0",
            "-26": "1785",
            "-25": "0",
            "-24": "229783",
            "-23": "0",
            "-22": "18428",
            "-21": "0",
            "-20": "196507",
            "-19": "0",
            "-18": "1289",
            "-17": "0",
            "-16": "223880",
            "-15": "0",
            "-14": "255",
            "-13": "0",
            "-12": "327103",
            "-11": "0",
            "-10": "254",
            "-9": "3",
            "-8": "2249847",
            "-7": "0",
            "-6": "585",
            "-5": "0",
            "-4": "1109889",
            "-3": "0",
            "-2": "20116",
            "-1": "6",
            "0": "2498754",
            "1": "0",
            "2": "20859",
            "3": "0",
            "4": "1379579",
            "5": "0",
            "6": "853",
            "7": "0",
            "8": "2879702",
            "9": "621",
            "10": "242",
            "11": "0",
            "12": "108471",
            "13": "0",
            "14": "266",
            "15": "0",
            "16": "362369",
            "17": "0",
            "18": "834",
            "19": "0",
            "20": "134403",
            "21": "0",
            "22": "20529",
            "23": "0",
            "24": "205613",
            "25": "0",
            "26": "2077",
            "27": "0",
            "28": "27354",
            "29": "0",
            "30": "219",
            "31": "0",
            "32": "119272",
            "33": "0",
            "34": "285",
            "35": "0",
            "36": "276291",
            "37": "0",
            "38": "514",
            "39": "0",
            "40": "66446",
            "41": "0",
            "42": "1886",
            "43": "0",
            "44": "143542",
            "45": "0",
            "46": "3372",
            "47": "0",
            "48": "85482",
            "49": "0",
            "50": "316",
            "51": "0",
            "52": "147339",
            "53": "0",
            "54": "245",
            "55": "0",
            "56": "37488",
            "57": "9",
            "58": "256",
            "59": "0",
            "60": "7673",
            "61": "0",
            "62": "575",
            "63": "0",
            "64": "10476",
            "65": "0",
            "66": "1594",
            "67": "0",
            "68": "1059",
            "69": "0",
            "70": "362",
            "71": "0",
            "72": "941",
            "73": "0",
            "74": "149",
            "75": "0",
            "76": "123",
            "77": "0",
            "78": "121",
            "79": "0",
            "80": "356",
            "81": "0",
            "82": "385",
            "83": "0",
            "84": "141384",
            "85": "0",
            "86": "282",
            "87": "0",
            "88": "54382",
            "89": "0",
            "90": "189",
            "91": "0",
            "92": "144",
            "93": "0",
            "94": "122",
            "95": "0",
            "96": "1042",
            "97": "0",
            "98": "122",
            "99": "0",
            "100": "136",
            "101": "0",
            "102": "235",
            "103": "0",
            "104": "1303",
            "105": "0",
            "106": "253",
            "107": "0",
            "108": "420",
            "109": "0",
            "110": "268",
            "111": "0",
            "112": "864",
            "113": "0",
            "114": "161",
            "115": "0",
            "116": "235",
            "117": "0",
            "118": "117",
            "119": "0",
            "120": "294",
            "121": "0",
            "122": "110",
            "123": "0",
            "124": "102",
            "125": "0",
            "126": "128",
            "127": "0",
            "128": "228",
            "129": "0",
            "130": "143",
            "131": "0",
            "132": "141",
            "133": "0",
            "134": "129",
            "135": "0",
            "136": "1264",
            "137": "0",
            "138": "97",
            "139": "0",
            "140": "91",
            "141": "0",
            "142": "68",
            "143": "0",
            "144": "89",
            "145": "0",
            "146": "53",
            "147": "0",
            "148": "55",
            "149": "0",
            "150": "44",
            "151": "0",
            "152": "76",
            "153": "0",
            "154": "55",
            "155": "0",
            "156": "654",
            "157": "0",
            "158": "52",
            "159": "0",
            "160": "8938",
            "161": "0",
            "162": "44",
            "163": "0",
            "164": "53",
            "165": "0",
            "166": "58",
            "167": "0",
            "168": "51",
            "169": "0",
            "170": "50",
            "171": "0",
            "172": "66",
            "173": "0",
            "174": "61",
            "175": "0",
            "176": "11646",
            "177": "0",
            "178": "64",
            "179": "0",
            "180": "46",
            "181": "0",
            "182": "40",
            "183": "0",
            "184": "41207",
            "185": "0",
            "186": "41",
            "187": "0",
            "188": "30",
            "189": "0",
            "190": "10",
            "191": "0",
            "192": "2",
            "193": "0",
            "194": "0",
            "195": "0",
            "196": "0",
            "197": "0",
            "198": "0",
            "199": "0",
            "200": "8922",
            "201": "0",
            "202": "0",
            "203": "0",
            "204": "0",
            "205": "0",
            "206": "0",
            "207": "0",
            "208": "0",
            "209": "0",
            "210": "0",
            "211": "0",
            "212": "0",
            "213": "0",
            "214": "0",
            "215": "0",
            "216": "1",
            "217": "0",
            "218": "0",
            "219": "0",
            "220": "0",
            "221": "0",
            "222": "0",
            "223": "0",
            "224": "37410",
            "225": "0",
            "226": "0",
            "227": "0",
            "228": "0",
            "229": "0",
            "230": "0",
            "231": "0",
            "232": "0",
            "233": "0",
            "234": "0",
            "235": "0",
            "236": "0",
            "237": "0",
            "238": "0",
            "239": "0",
            "240": "10",
            "241": "0",
            "242": "0",
            "243": "0",
            "244": "0",
            "245": "0",
            "246": "0",
            "247": "0",
            "248": "4601",
            "249": "0",
            "250": "0",
            "251": "0",
            "252": "0",
            "253": "0",
            "254": "0",
            "255": "0",
            "256": "10301636",


# END_DYNAMIC_STATS
