# Mix output version 2
# FINI: end of program
# EMIT_DYNAMIC_STATS FOR TID 1, ins = 100101493
Dynamic Instruction Count = 100101493, Dyn BBL Count = 16488356
RAWdep[ 0] = 0
RAWdep[ 1] = 43579122
RAWdep[ 2] = 18099023
RAWdep[ 3] = 14781777
RAWdep[ 4] = 7955745
RAWdep[ 5] = 4263388
RAWdep[ 6] = 4667376
RAWdep[ 7] = 2919398
RAWdep[ 8] = 2712217
RAWdep[ 9] = 2735914
RAWdep[ 10] = 2331123
RAWdep[ 11] = 1941242
RAWdep[ 12] = 1138812
RAWdep[ 13] = 1615850
RAWdep[ 14] = 827207
RAWdep[ 15] = 939285
RAWdep[ 16] = 1147660
RAWdep[ 17] = 914519
RAWdep[ 18] = 454637
RAWdep[ 19] = 815288
RAWdep[ 20] = 861332
RAWdep[ 21] = 530486
RAWdep[ 22] = 730560
RAWdep[ 23] = 817848
RAWdep[ 24] = 641246
RAWdep[ 25] = 422920
RAWdep[ 26] = 223337
RAWdep[ 27] = 416789
RAWdep[ 28] = 670644
RAWdep[ 29] = 957113
RAWdep[ 30] = 516157
RAWdep[ 31] = 475484
RAWdep[ 32] = 934414
RAWdep[ 33] = 29549638

WAWdep[ 0] = 0
WAWdep[ 1] = 25969264
WAWdep[ 2] = 19763093
WAWdep[ 3] = 16087763
WAWdep[ 4] = 7658507
WAWdep[ 5] = 5056123
WAWdep[ 6] = 6003407
WAWdep[ 7] = 3246817
WAWdep[ 8] = 2649138
WAWdep[ 9] = 3435930
WAWdep[ 10] = 2796206
WAWdep[ 11] = 1441652
WAWdep[ 12] = 1347283
WAWdep[ 13] = 2047961
WAWdep[ 14] = 1329236
WAWdep[ 15] = 965221
WAWdep[ 16] = 1085392
WAWdep[ 17] = 867445
WAWdep[ 18] = 504224
WAWdep[ 19] = 717339
WAWdep[ 20] = 818310
WAWdep[ 21] = 728243
WAWdep[ 22] = 392738
WAWdep[ 23] = 463084
WAWdep[ 24] = 779558
WAWdep[ 25] = 312669
WAWdep[ 26] = 227727
WAWdep[ 27] = 631174
WAWdep[ 28] = 378060
WAWdep[ 29] = 304268
WAWdep[ 30] = 247516
WAWdep[ 31] = 195466
WAWdep[ 32] = 907186
WAWdep[ 33] = 15524701

WARdep[ 0] = 46001499
WARdep[ 1] = 10086360
WARdep[ 2] = 8846526
WARdep[ 3] = 5706540
WARdep[ 4] = 4356294
WARdep[ 5] = 4057207
WARdep[ 6] = 2947728
WARdep[ 7] = 3424009
WARdep[ 8] = 2788015
WARdep[ 9] = 1948721
WARdep[ 10] = 2538520
WARdep[ 11] = 1942037
WARdep[ 12] = 1271736
WARdep[ 13] = 1411916
WARdep[ 14] = 1043012
WARdep[ 15] = 760472
WARdep[ 16] = 1039418
WARdep[ 17] = 749084
WARdep[ 18] = 980972
WARdep[ 19] = 1122987
WARdep[ 20] = 1074919
WARdep[ 21] = 808748
WARdep[ 22] = 931964
WARdep[ 23] = 423039
WARdep[ 24] = 849519
WARdep[ 25] = 891252
WARdep[ 26] = 1006952
WARdep[ 27] = 668830
WARdep[ 28] = 485185
WARdep[ 29] = 521858
WARdep[ 30] = 444368
WARdep[ 31] = 600875
WARdep[ 32] = 530232
WARdep[ 33] = 12621907


		"0": "0",
		"1": "43579122",
		"2": "18099023",
		"3": "14781777",
		"4": "7955745",
		"5": "4263388",
		"6": "4667376",
		"7": "2919398",
		"8": "2712217",
		"9": "2735914",
		"10": "2331123",
		"11": "1941242",
		"12": "1138812",
		"13": "1615850",
		"14": "827207",
		"15": "939285",
		"16": "1147660",
		"17": "914519",
		"18": "454637",
		"19": "815288",
		"20": "861332",
		"21": "530486",
		"22": "730560",
		"23": "817848",
		"24": "641246",
		"25": "422920",
		"26": "223337",
		"27": "416789",
		"28": "670644",
		"29": "957113",
		"30": "516157",
		"31": "475484",
		"32": "934414",
		"33": "29549638",


# END_DYNAMIC_STATS
