# Branch output version 3
Dynamic_Instruction_Count: 100101485
Dynamic_Conditional_Branch_Count: 12441446
Dynamic_Unconditional_Branch_Count: 5448719
Total_Taken_Branches: 10603302
Total_Branch_Transitions: 2445015

Local Branch Stats (Total Count; Taken Count; Transition Count)
63420 18357 23780
45063 22266 18034
63420 47565 31709
15855 0 0
15855 14538 2342
1317 178 344
18357 12282 6343
14597 8522 5265
22266 5492 10535
16774 10919 10070
15836 0 0
15836 0 0
15836 0 0
15836 0 0
15836 15836 0
351619 0 0
351619 0 0
351619 0 0
351619 0 0
367455 351619 31671
15836 3256 6512
12580 4379 8325
8201 4050 7756
11685 11685 0
4379 0 0
7635 0 0
1346 0 0
1346 0 0
1346 0 0
1346 0 0
19 0 0
19 1 1
18 0 0
19 1 1
18 0 0
15836 0 0
15836 1120 2239
14716 0 0
15836 1120 2239
14716 0 0
2242 2242 0
2242 0 0
2242 2242 0
2242 0 0
2242 0 0
2242 2242 0
2242 0 0
2242 0 0
2242 2242 0
1032 1032 0
1032 0 0
44486 13959 22689
37498 9203 18391
83592 44486 31296
46094 46009 170
9288 8256 2063
13959 6971 9365
1032 1009 42
20215 1016 2018
19199 0 0
19199 16 32
19183 3194 4325
16998 230 102
16768 1358 2628
155681 17186 34249
18300 1183 2239
17268 17180 176
88 0 0
1183 151 148
17180 0 0
17180 1344 2364
15836 15836 0
151 0 0
22 21 1
21 0 0
21 20 1
21 21 0
21 0 0
21 21 0
21 0 0
21 21 0
21 21 0
20 20 0
20 0 0
1 0 0
1 1 0
1 1 0
1 0 0
1 1 0
1 0 0
1 1 0
1 1 0
87 87 0
87 87 0
87 0 0
87 87 0
87 0 0
87 1 1
87 0 0
87 87 0
87 0 0
87 0 0
1 0 0
1 1 0
1 1 0
1 0 0
108 0 0
108 0 0
108 108 0
108 107 1
1 0 0
1 0 0
1 0 0
1 1 0
1 0 0
1 0 0
1 0 0
1 1 0
1 0 0
1120 1119 2
1120 0 0
1120 1120 0
1120 0 0
1120 0 0
1120 351 350
1120 0 0
1120 0 0
1120 1120 0
1120 1120 0
1120 0 0
1120 1120 0
1120 0 0
1120 1120 0
1120 0 0
1120 0 0
21 2 1
21 0 0
21 21 0
21 21 0
21 21 0
21 1 1
20 0 0
20 0 0
20 20 0
20 20 0
20 0 0
20 20 0
20 0 0
20 0 0
20 0 0
2 2 0
1 1 0
1 1 0
1 0 0
1 0 0
1 1 0
1 1 0
1 0 0
1 1 0
1 0 0
1 1 0
87 87 0
87 87 0
87 0 0
87 87 0
87 0 0
87 1 1
87 0 0
87 87 0
1 1 0
87 0 0
87 0 0
1 0 0
1 0 0
87 0 0
87 0 0
87 87 0
87 86 1
1 0 0
1 0 0
1 0 0
1 0 0
1 1 0
1 0 0
683 298 190
385 80 124
305 30 60
298 32 60
266 0 0
291 40 71
251 5 10
267 45 86
222 1 2
1008 252 503
756 441 328
160 27 31
448 160 252
1008 756 503
252 15 30
252 25 48
252 13 25
252 31 62
1008 252 503
756 441 328
160 27 31
448 160 252
1008 756 503
80 57 36
32 7 10
40 19 13
45 14 19
143107 61754 62559
81353 130 226
81223 86 138
81137 203 360
63420 15855 31709
47565 10963 18309
26204 8212 9063
54594 26204 37457
63420 47565 31709
58388 14597 29193
43791 10771 15024
24167 6261 7301
50926 24167 34115
58388 43791 29193
176 176 0
176 0 0
176 176 0
176 0 0
176 0 0
176 176 0
352 176 351
11264 11088 351
176 0 0
176 176 0
10032 0 0
10208 10032 351
176 0 0
176 176 0
11264 11088 351
176 176 0
10032 0 0
10208 10032 351
176 0 0
376 376 0
17396 0 0
21432 0 0
21432 376 751
21432 17396 2456
4036 4036 0
376 0 0
28560 2910 5819
30456 13218 12834
17238 13098 7151
4140 1815 2206
15543 1518 2988
15543 1646 3196
15543 1822 3644
15543 13647 3792
1896 1422 948
3384 3008 751
376 376 0
200 200 0
376 0 0
376 376 0
25096 200 400
24896 176 352
24720 0 0
25272 15064 351
10208 10032 351
176 0 0
176 0 0
88 0 0
7128 4083 2567
3045 0 0
3266 3218 96
792 704 175
88 0 0
88 0 0
4083 221 394
3862 3118 1487
1032 0 0
8184 914 1827
13959 8184 6656
5775 5657 236
34281 5808 8548
34281 7030 10148
34281 4143 8272
34281 16774 7356
34281 31322 5718
2959 269 312
2690 1306 1308
1384 0 0
1384 12 24
4143 1614 2408
2529 0 0
2529 686 1298
1843 6 12
7030 0 0
7030 1336 1308
5694 1264 2219
4430 2028 2339
5808 2041 1532
3767 79 158
3688 1 2
3687 0 0
2052 513 1025
1539 166 262
1237 369 729
2241 1237 1711
2052 1539 1025
2052 712 1373
2052 1539 1025
9116 2279 4557
6837 1710 2363
3585 1009 1198
7703 3585 5228
9116 6837 4557
2279 1567 428
16998 513 1012
65940 16485 32969
49455 16672 21761
19195 7384 6945
44594 19195 27615
65940 49455 32969
65940 48222 24251
65940 49455 32969
16485 1174 2276
48222 25486 22825
22736 0 0
22736 8762 11275
13974 9465 6500
7524 1518 2108
7524 1956 3106
7524 1635 2788
7524 4509 1134
7524 5899 2585
1625 174 278
1451 11 20
1440 0 0
1440 369 546
25486 19100 8086
39476 9869 19737
29607 15646 11965
7242 3486 2574
17717 7242 10101
39476 29607 19737
9869 3483 2912
16888 4222 8443
12666 3987 5482
4673 2888 2087
10464 4673 6632
16888 12666 8443
4222 3048 2347
1635 445 642
1190 0 0
1190 44 80
1146 127 240
1956 0 0
1956 519 890
1437 502 643
935 54 108
1518 637 741
881 34 66
847 44 88
803 0 0
11003 1826 3037
11003 1181 2132
11003 1385 2252
11003 9465 1788
11003 8289 4407
2714 1821 1263
893 369 390
524 0 0
524 388 157
1385 1014 615
371 0 0
371 80 114
291 22 40
1181 0 0
1181 426 522
755 338 369
417 262 164
1826 855 966
971 135 238
836 177 228
659 0 0
13959 6963 9373
6996 1999 1979
4997 4997 0
1999 8 16
221943 141959 103062
79984 41129 43404
38855 38731 192
41129 1707 2514
21 2 1
19 19 0
21 0 0
21 0 0
21 0 0
21 0 0
21 0 0
21 21 0
21 21 0
21 21 0
19 15 5
2 2 0
21 21 0
21 0 0
21 21 0
21 21 0
64466 55751 10911
55751 6998 7642
52580 16408 16827
36172 4271 4496
35891 4971 6578
30920 2830 3250
30593 2222 2682
28371 4510 4372
28324 994 1426
27330 11195 7472
64023 6243 12340
57781 18197 26637
63256 47888 30735
6243 0 0
1779 1203 222
6819 1779 1548
5040 576 620
18197 14357 2713
11887 4543 5660
29218 9086 15418
29026 21874 14303
11695 8047 4997
3648 3648 0
9086 4534 6843
1250 1058 95
4744 1250 1208
3494 192 250
6998 3827 2294
4271 3990 410
2830 2503 360
4510 4463 50
112106 14147 28285
131984 95822 51779
36162 28969 9789
19878 17527 4572
28969 1486 2826
27767 26379 2350
19987 297 570
19888 19436 848
18478 451 884
18249 17590 1256
17172 271 528
17140 16667 904
16670 10791 6868
23268 1128 2242
22140 1658 2918
22882 5493 10985
1128 0 0
285 24 44
1389 285 561
1104 261 349
1658 903 681
1038 139 222
3524 1536 2382
3399 2625 1548
913 283 314
630 630 0
1536 765 1086
151 26 18
896 151 264
745 125 219
1486 284 432
297 198 124
451 222 174
271 239 34
19436 18026 2669
26379 18599 9895
17590 16513 1870
16667 16197 894
16498 15352 2244
314 294 36
1313 155 260
1158 16 26
1142 619 468
624 270 276
435 223 212
333 66 92
267 77 106
999 147 294
619 101 150
270 81 102
223 121 105
862 290 506
862 268 465
862 263 437
862 279 465
20951 13284 7501
20951 15266 7997
20951 16644 6714
20951 17580 5750
65992 17690 21350
65992 49494 32995
17690 15670 2958
2020 2020 0
2020 237 408
30416 12733 14638
30416 22812 15207
7604 5584 2348
2020 701 654
1319 931 588
388 0 0
12733 11634 1898
1099 0 0
1099 527 935
672 100 200
572 522 86
577 577 0
595 18 18
577 454 114
123 51 45
72 41 28
31 31 0
18 18 0
4391 2371 1942
2020 287 477
1733 634 637
1099 789 385
310 310 0
2371 2371 0
1193 1193 0
1193 832 443
361 361 0
1193 0 0
1193 832 443
1193 1193 0
1193 832 443
361 0 0
361 361 0
20215 0 0
18300 18085 429
18085 17917 200
36606 0 0
63815 31716 31973
32099 0 0
32099 32099 0
71732 7287 13339
96544 57 114
96487 35712 43150
60775 35963 22669
31716 0 0
31716 0 0
98561 118 236
98443 34030 46390
64413 28766 28846
69795 66845 5469
2950 51 96
8762 603 1184
11058 78 156
10980 4226 5400
6754 2296 3171
8592 657 1249
15165 1 2
15164 3999 4596
11164 6572 2993
7287 7230 112
20215 2546 4405
17669 17669 0
63814 1368 1368
62447 46835 31223
41944 13763 21555
28181 26332 3698
13763 0 0
17669 1171 2270
16498 6934 9891
21691 12127 12243
9564 292 560
9272 0 0
21015 64 60
99275 19902 35712
79373 78324 2098
20951 17062 5402
21015 11743 11859
9272 6037 4218
3235 3005 434
251 0 0
251 21 36
3235 3235 0
1346 1346 0
15855 0 0
15855 15855 0
15855 15106 1442
455112 409018 18568
455112 454080 2063
1032 0 0
152514 0 0
18306 6513 386
18306 9482 17648
8824 0 0
8824 3140 386
9482 6109 386
1 0 0
17180 0 0
17180 17180 0
138465 0 0
155645 0 0
155645 2659 2189
155645 120957 49724
155645 138465 34233
17186 0 0
17186 8824 16723
8362 5387 386
38260 4539 9037
48699 38260 15514
10439 9591 1636
8824 5684 386
53296 5684 11367
53296 44524 13622
28360 3140 6279
28360 24177 6172
25326 2975 5863
25326 21849 5334
151 151 0
151 63 17
151 63 17
494 63 123
494 63 123
431 324 117
431 394 50
63 63 0
877 63 125
877 8 16
869 186 297
683 252 234
431 240 196
191 0 0
151 88 17
63 22 20
41 0 0
21 0 0
150 70 20
150 82 70
68 0 0
150 21 39
150 150 0
21 0 0
21 0 0
21 1 2
69 49 29
150 129 39
21 0 0
82 82 0
82 61 39
82 0 0
82 21 39
174 0 0
174 113 82
82 82 0
82 21 39
61 61 0
61 0 0
61 61 0
21 21 0
21 0 0
21 0 0
21 1 2
129 0 0
129 109 37
81 0 0
81 1 2
80 67 18
13 0 0
13 5 7
22 0 0
22 14 15
1 1 0
102 0 0
102 35 43
2 0 0
2 0 0
2 0 0
2 0 0
2 1 1
46 4 8
42 8 9
108 0 0
108 108 0
27 0 0
70 43 38
108 71 43
37 11 11
26 7 10
93 13 20
108 74 55
7 3 2
4 0 0
4 3 2
12 0 0
12 1 1
65 0 0
65 0 0
65 31 9
34 16 11
18 12 3
6 4 1
2 0 0
2 2 0
26 4 8
47 26 24
39 7 13
7 0 0
9 2 1
21 0 0
21 12 10
9 0 0
34 25 15
9 0 0
9 0 0
54 0 0
54 0 0
54 36 11
18 8 5
10 8 1
2 0 0
2 0 0
46 34 18
20 20 0
12 0 0
12 1 1
35 24 13
34 9 15
45 45 0
1 0 0
1 0 0
1 0 0
1 0 0
1 0 0
1 0 0
1 0 0
1 1 0
1 0 0
1 0 0
1 0 0
7 6 1
1 1 0
1 0 0
1 0 0
1 1 0
1 0 0
8 7 1
1 1 0
42 4 4
4 0 0
42 41 2
1 1 0
1 1 0
1 0 0
21 0 0
2 2 0
2 2 0
2 0 0
4 4 0
4 0 0
4 1 1
3 0 0
4 4 0
1 1 0
1 0 0
1 1 0
2 2 0
2 2 0
2 0 0
2 2 0
4 0 0
4 0 0
4 0 0
4 0 0
1 1 0
1 1 0
5 4 1
1 1 0
1 0 0
1 0 0
1 0 0
1 1 0
1 1 0
1 0 0
1 0 0
1 0 0
1 1 0
1 0 0
1 1 0
1 0 0
1 0 0
1 0 0
1 0 0
1 0 0
4 4 0
1 1 0
1 0 0
1 1 0
4 0 0
4 0 0
4 0 0
4 0 0
4 1 1
1 1 0
1 1 0
1 1 0
1 0 0
1 0 0
1 1 0
1 1 0
1 1 0
1 0 0
1 1 0
1 1 0
1 0 0
1 0 0
1 1 0
1 0 0
1 0 0
1 0 0
1 1 0
1 1 0
1 0 0
1 0 0
1 1 0
1 0 0
1 0 0
1 1 0
1 1 0
1 1 0
1 0 0
1 0 0
1 1 0
1 1 0
1 1 0
1 1 0
1 1 0
1 1 0
1 0 0
1 0 0
1 0 0
1 1 0
1 0 0
1 0 0
1 1 0
1 0 0
1 0 0
1 1 0
1 1 0
1 1 0
1 0 0
1 0 0
1 1 0
1 0 0
1 0 0
4 4 0
4 0 0
4 4 0
4 2 1
4 0 0
4 0 0
1 0 0
1 1 0
1 1 0
1 1 0
1 0 0
1 0 0
1 1 0
1 1 0
2 0 0
2 2 0
13 1 1
13 11 1
2 2 0
1 0 0
2 1 1
1 0 0
1 0 0
1 1 0
1 0 0
1 0 0
1 0 0
1 1 0
1 1 0
1 0 0
1 0 0
1 0 0
1 1 0
1 0 0
2 1 1
1 0 0
1 0 0
1 0 0
2 1 1
1 1 0
1 1 0
1 0 0
1 0 0
1 0 0
1 1 0
1 1 0
1 0 0
1 1 0
1 0 0
1 1 0
1 1 0
1 1 0
1 0 0
1 1 0
1 0 0
1 0 0
1 1 0
1 1 0
1 0 0
1 0 0
1 0 0
1 1 0
1 1 0
1 0 0
1 0 0
3 0 0
4 1 1
4 3 2
1 0 0
1 1 0
1 1 0
1 0 0
1 0 0
1 1 0
1 0 0
1 0 0
1 1 0
1 0 0
1 1 0
1 1 0
1 1 0
1 0 0
4 0 0
4 3 1
7 1 2
6 0 0
6 0 0
6 0 0
6 0 0
878 0 0
878 878 0
8780 968 1819
24 0 0
24 0 0
24 0 0
24 15 9
9 0 0
1450 1408 24
1450 968 618
1450 1390 26
60 0 0
60 0 0
60 0 0
60 25 15
35 1 2
1450 0 0
1450 24 42
8780 7902 1755
1 0 0
1 0 0
1 0 0
6607 0 0
6607 0 0
6607 0 0
6607 0 0
6607 4873 2176
1734 0 0
1734 0 0
1734 0 0
1734 1734 0
1734 0 0
1734 1204 717
530 530 0
1734 1734 0
1734 0 0
1734 1204 717
530 530 0
4873 0 0
4873 4873 0
4873 0 0
4873 4873 0
4873 0 0
4873 0 0
4873 0 0
4873 0 0
4873 3844 2030
1029 0 0
1029 0 0
1029 0 0
1029 891 158
138 4 2
4873 1 2
4872 2092 2907
2780 0 0
2780 0 0
2780 0 0
2780 1451 1921
1329 239 467
4872 0 0
4872 1453 2294
4873 4871 4
2 2 0
2 2 0
4873 4873 0
4873 0 0
4873 0 0
4873 0 0
4873 4873 0
4873 0 0
2 2 0
239 0 0
239 0 0
239 1 2
1 1 0
4 0 0
4 0 0
4 0 0
4873 4873 0
7101 0 0
7101 4873 1846
2228 1944 422
284 284 0
284 0 0
6817 2244 2243
4573 3159 1840
1414 0 0
1414 0 0
1414 1414 0
6134 0 0
2244 2242 4
2 2 0
2244 1368 1752
6605 0 0
12008 3624 7210
8384 0 0
8384 0 0
8384 3802 2243
4582 3119 2373
7418 813 1557
6605 3244 3299
3361 266 470
3097 2600 904
757 0 0
757 261 37
266 2 3
264 260 5
261 261 0
167 0 0
428 167 74
261 231 20
2 2 0
3119 1212 2387
1907 941 220
966 566 141
966 966 0
2 1 1
1 1 0
3624 1675 2243
5775 4022 2695
1753 1 2
1752 1711 22
41 0 0
41 30 4
11 0 0
11 11 0
1 1 0
48730 0 0
54504 48730 10429
5774 3438 3412
813 0 0
284 284 0
1675 1490 325
185 0 0
185 0 0
185 174 21
11 0 0
185 0 0
185 0 0
185 0 0
185 0 0
185 174 21
185 7 1
178 0 0
2 0 0
2 2 0
3438 0 0
3438 0 0
3438 0 0
3438 0 0
3438 495 878
2943 2722 423
3438 3409 56
29 0 0
3409 0 0
3409 1489 2219
3409 1506 2315
1 1 0
7 0 0
7 6 1
174 0 0
174 0 0
174 0 0
2722 0 0
2722 0 0
2722 0 0
7101 0 0
7101 0 0
7101 7101 0
7101 0 0
7101 0 0
7101 7101 0
7101 0 0
7101 0 0
7101 0 0
7101 0 0
6607 0 0
6607 0 0
6607 0 0
6607 6607 0
1 0 0
1 0 0
373 21 2
352 352 0
21 0 0
2730 2709 41
352 352 0
7 1 2
7 1 2
7 3 5
7 3 3
7 7 0
7 7 0
1 1 0
1 0 0
1 0 0
1 0 0
1 0 0
1 1 0
3 0 0
3 3 0
3 3 0
3 3 0
3 3 0
3 0 0
3 0 0
5 0 0
5 0 0
11947 2 4
11945 87 70
11858 11853 2
11853 9 2
11844 0 0
11844 0 0
155289 143445 23687
2 0 0
2 0 0
2 0 0
2 0 0
6 4 3
2 0 0
14 12 3
87 3 6
84 6 4
78 0 0
78 19 37
1 0 0
1 0 0
1 1 0
1 0 0
1 0 0
1 0 0
1 0 0
1 0 0
1 1 0
1 0 0
84 0 0
84 84 0
84 0 0
84 0 0
84 84 0
84 0 0
5611 3462 2248
2149 0 0
2149 1753 314
3462 3053 414
3053 3053 0
1753 0 0
1753 1753 0
3053 0 0
14949 11896 6039
8477 6724 3451
252 0 0
252 0 0
252 252 0
7080 0 0
21 0 0
168 168 0
168 0 0
84 0 0
84 84 0
84 0 0
84 0 0
84 0 0
84 0 0
84 0 0
42 0 0
42 0 0
84 84 0
84 84 0
271 271 0
84 84 0
84 0 0
84 84 0
84 84 0
168 147 41
21 21 0
21 21 0
21 21 0
42 0 0
42 0 0
42 0 0
42 0 0
42 0 0
42 0 0
42 0 0
42 0 0
42 0 0
42 0 0
42 0 0
42 0 0
42 0 0
42 0 0
42 0 0
42 0 0
42 0 0
42 0 0
19 0 0
19 0 0
19 0 0
19 19 0
19 0 0
19 0 0
19 0 0
19 0 0
19 0 0
19 0 0
19 0 0
40 40 0
40 0 0
40 40 0
21 0 0
21 21 0
21 21 0
19 0 0
19 0 0
19 19 0
19 19 0
19 0 0
19 0 0
19 0 0
19 0 0
21 21 0
21 21 0
21 21 0
21 0 0
21 0 0
21 0 0
21 21 0
21 0 0
21 21 0
21 0 0
21 21 0
21 21 0
21 21 0
40 0 0
42 21 41
21 21 0
21 21 0
21 0 0
21 2 1
21 21 0
21 21 0
83 0 0
83 0 0
83 83 0
62 21 41
41 41 0
21 21 0
41 0 0
62 0 0
62 41 41
41 41 0
41 21 1
21 1 1
20 0 0
20 20 0
20 20 0
21 0 0
21 0 0
21 0 0
21 21 0
21 0 0
21 21 0
42 0 0
42 42 0
42 42 0
21 0 0
21 0 0
21 21 0
21 21 0
21 21 0
