# Mix output version 2
# FINI: end of program
# EMIT_DYNAMIC_STATS FOR TID 1, ins = 100101485
Dynamic Instruction Count = 100101485, Dyn BBL Count = 18153662
RAWdep[ 0] = 0
RAWdep[ 1] = 42000959
RAWdep[ 2] = 20378787
RAWdep[ 3] = 13538183
RAWdep[ 4] = 8215659
RAWdep[ 5] = 4831920
RAWdep[ 6] = 4671954
RAWdep[ 7] = 2880511
RAWdep[ 8] = 2792707
RAWdep[ 9] = 2962945
RAWdep[ 10] = 2681713
RAWdep[ 11] = 1929582
RAWdep[ 12] = 1443973
RAWdep[ 13] = 2176064
RAWdep[ 14] = 1041752
RAWdep[ 15] = 1051698
RAWdep[ 16] = 1108429
RAWdep[ 17] = 893411
RAWdep[ 18] = 543149
RAWdep[ 19] = 868614
RAWdep[ 20] = 1043974
RAWdep[ 21] = 670911
RAWdep[ 22] = 645871
RAWdep[ 23] = 627747
RAWdep[ 24] = 800047
RAWdep[ 25] = 488792
RAWdep[ 26] = 301449
RAWdep[ 27] = 464380
RAWdep[ 28] = 620354
RAWdep[ 29] = 935540
RAWdep[ 30] = 691666
RAWdep[ 31] = 559676
RAWdep[ 32] = 911908
RAWdep[ 33] = 27760429

WAWdep[ 0] = 0
WAWdep[ 1] = 23630682
WAWdep[ 2] = 22135468
WAWdep[ 3] = 15052710
WAWdep[ 4] = 8088386
WAWdep[ 5] = 5255620
WAWdep[ 6] = 5147942
WAWdep[ 7] = 3614816
WAWdep[ 8] = 2598514
WAWdep[ 9] = 3118670
WAWdep[ 10] = 2428905
WAWdep[ 11] = 1480118
WAWdep[ 12] = 1192938
WAWdep[ 13] = 2814335
WAWdep[ 14] = 1241214
WAWdep[ 15] = 844013
WAWdep[ 16] = 877732
WAWdep[ 17] = 871886
WAWdep[ 18] = 604024
WAWdep[ 19] = 749001
WAWdep[ 20] = 849269
WAWdep[ 21] = 700531
WAWdep[ 22] = 481406
WAWdep[ 23] = 527193
WAWdep[ 24] = 932433
WAWdep[ 25] = 332947
WAWdep[ 26] = 331181
WAWdep[ 27] = 668194
WAWdep[ 28] = 425659
WAWdep[ 29] = 400420
WAWdep[ 30] = 267372
WAWdep[ 31] = 190143
WAWdep[ 32] = 727015
WAWdep[ 33] = 14164404

WARdep[ 0] = 46360406
WARdep[ 1] = 11872387
WARdep[ 2] = 8140912
WARdep[ 3] = 5990237
WARdep[ 4] = 4328619
WARdep[ 5] = 3795972
WARdep[ 6] = 3080032
WARdep[ 7] = 3106518
WARdep[ 8] = 2674292
WARdep[ 9] = 1750673
WARdep[ 10] = 2187125
WARdep[ 11] = 1605908
WARdep[ 12] = 1272577
WARdep[ 13] = 1233124
WARdep[ 14] = 823738
WARdep[ 15] = 939058
WARdep[ 16] = 984413
WARdep[ 17] = 893089
WARdep[ 18] = 990731
WARdep[ 19] = 1146816
WARdep[ 20] = 920903
WARdep[ 21] = 707522
WARdep[ 22] = 1054271
WARdep[ 23] = 492367
WARdep[ 24] = 810538
WARdep[ 25] = 821748
WARdep[ 26] = 895990
WARdep[ 27] = 525207
WARdep[ 28] = 418104
WARdep[ 29] = 448360
WARdep[ 30] = 359158
WARdep[ 31] = 458113
WARdep[ 32] = 418468
WARdep[ 33] = 11237765


		"0": "0",
		"1": "42000959",
		"2": "20378787",
		"3": "13538183",
		"4": "8215659",
		"5": "4831920",
		"6": "4671954",
		"7": "2880511",
		"8": "2792707",
		"9": "2962945",
		"10": "2681713",
		"11": "1929582",
		"12": "1443973",
		"13": "2176064",
		"14": "1041752",
		"15": "1051698",
		"16": "1108429",
		"17": "893411",
		"18": "543149",
		"19": "868614",
		"20": "1043974",
		"21": "670911",
		"22": "645871",
		"23": "627747",
		"24": "800047",
		"25": "488792",
		"26": "301449",
		"27": "464380",
		"28": "620354",
		"29": "935540",
		"30": "691666",
		"31": "559676",
		"32": "911908",
		"33": "27760429",


# END_DYNAMIC_STATS
