# Branch output version 3
Dynamic_Instruction_Count: 100101501
Dynamic_Conditional_Branch_Count: 10515859
Dynamic_Unconditional_Branch_Count: 5536266
Total_Taken_Branches: 10071951
Total_Branch_Transitions: 2472738

Local Branch Stats (Total Count; Taken Count; Transition Count)
13180 2767 4408
10413 2315 2436
13180 9885 6589
3295 0 0
3295 3058 474
237 234 5
2767 2530 474
237 0 0
2315 1 2
2314 529 815
3295 0 0
3295 0 0
3295 0 0
3295 0 0
3295 3295 0
13723 0 0
13723 0 0
13723 0 0
13723 0 0
17018 13723 6589
3295 728 1456
2567 949 1663
1618 786 1572
2463 2463 0
949 0 0
1677 0 0
12 0 0
12 0 0
12 0 0
12 0 0
3295 0 0
3295 461 921
2834 0 0
3295 461 921
2834 0 0
922 922 0
922 0 0
922 922 0
922 0 0
922 0 0
922 922 0
922 0 0
922 0 0
922 922 0
461 461 0
461 0 0
20920 7896 8489
17724 1999 3900
37341 20920 13280
19617 17467 4217
4149 3688 921
7896 4700 2073
461 451 20
33343 397 790
32946 0 0
32946 64 128
32882 1715 2628
31618 18157 898
13461 143 272
200226 3306 6611
3768 470 921
3307 3307 0
470 9 18
3307 0 0
3307 12 24
3295 3295 0
9 0 0
461 461 0
461 0 0
461 461 0
461 0 0
461 0 0
461 9 16
461 0 0
461 0 0
461 461 0
461 461 0
461 0 0
461 461 0
461 0 0
461 461 0
461 0 0
461 0 0
510 496 28
14 4 8
10 0 0
11 4 5
7 4 2
4 1 1
3 0 0
3 1 2
2 0 0
8 2 3
6 1 2
4 0 0
9 4 6
8 6 3
2 0 0
2 0 0
2 0 0
2 0 0
8 2 3
6 1 2
4 0 0
9 4 6
8 6 3
4 3 1
4 3 1
1 1 0
1 1 0
121603 79979 34828
41624 596 968
41028 694 1144
40334 183 314
13180 3295 6589
9885 3407 2765
4243 1562 2514
9159 4243 6434
13180 9885 6589
948 237 473
711 233 466
244 1 2
721 244 480
948 711 473
461 0 0
5484 328 655
7896 5484 2719
2412 2279 266
2476 855 944
2476 660 861
2476 979 1468
2476 2314 324
2476 1761 1096
715 1 2
714 161 319
553 0 0
553 9 18
979 0 0
979 0 0
979 0 0
979 0 0
660 0 0
660 44 8
616 0 0
616 9 18
855 29 57
826 0 0
826 2 4
824 0 0
6392 1598 3195
4794 1071 1360
2760 555 901
5928 2760 3851
6392 4794 3195
6392 1879 3167
6392 4794 3195
17084 4271 8541
12813 2772 3806
7385 1700 2514
15726 7385 10420
17084 12813 8541
4271 2392 975
31618 1598 3038
120080 30020 60039
90060 24744 30186
44832 12193 16236
97955 44832 62011
120080 90060 60039
120080 64590 54034
120080 90060 60039
30020 534 1044
64590 32835 30558
31755 0 0
31755 4438 7316
27317 15601 14294
18350 4859 6859
18350 4142 6230
18350 4251 6254
18350 11716 4362
18350 13815 6803
4535 831 1182
3704 531 902
3173 0 0
3173 452 802
32835 27752 8619
30720 7680 15359
23040 6627 8071
11488 2316 3390
25585 11488 16784
30720 23040 15359
7680 2597 2056
6304 1576 3151
4728 1368 1940
2062 862 994
4560 2062 3065
6304 4728 3151
1576 1042 1067
4251 469 772
3782 0 0
3782 163 295
3619 36 66
4142 0 0
4142 716 1166
3426 111 218
3315 157 306
4859 969 1470
3890 247 416
3643 232 436
3411 0 0
20836 4823 6719
20836 4276 6184
20836 3824 5881
20836 15601 4608
20836 15374 7577
5462 901 1272
4561 984 1527
3577 0 0
3577 848 1238
3824 840 1238
2984 0 0
2984 602 938
2382 80 146
4276 0 0
4276 788 1251
3488 430 686
3058 653 1000
4823 694 1128
4129 405 646
3724 727 1101
2997 0 0
7896 4666 2115
3230 1400 1356
1830 1812 28
1400 16 30
158651 119255 49113
39396 20119 19529
19277 18111 1467
20119 1692 2133
90258 54195 28068
54195 6360 8434
52064 11258 14653
40806 4657 6436
39620 6707 9574
32913 3944 5246
32128 3910 5906
28218 3408 4346
27731 2329 3644
25402 4426 5488
82263 12170 23530
70093 19405 25892
80333 61287 38091
12170 0 0
1056 349 230
12877 1056 1866
11821 707 1156
19405 11588 6537
29187 14590 12598
56833 19427 31447
55610 42236 26747
27964 21370 7724
6594 6594 0
19427 9874 13668
4570 3347 1057
10776 4570 5072
6206 1223 1866
6360 4229 2013
4657 3471 1258
3944 3159 878
3408 2921 652
192723 24869 49568
251850 170171 102994
81679 42977 24423
59126 52514 13003
42977 2514 4526
41557 34037 11372
35173 1892 3454
34214 28171 9494
30043 1516 2794
29347 24434 7612
26723 1508 2658
26013 21327 7025
24152 8077 10125
62909 8988 17110
53921 6509 9630
61309 14475 28949
8988 0 0
696 52 87
9632 696 1386
8936 644 1166
6509 2889 2705
8902 3343 3388
21028 8014 12662
20072 15469 9205
7946 5282 2692
2664 2664 0
8014 4061 5657
1746 790 616
4909 1746 2505
3163 956 1463
2514 1094 1296
1892 934 974
1516 820 766
1508 798 730
28171 24000 6776
34037 27653 9448
24434 21810 4448
21327 19466 3250
31481 29202 4372
215 203 22
2413 70 132
2343 6 12
2337 1031 1058
1565 694 778
1075 672 457
535 69 113
466 70 108
2198 122 234
1031 259 401
694 204 286
672 132 204
1016 77 148
1016 100 192
1016 88 174
1016 101 192
68494 40299 28298
68494 46132 24946
68494 48245 24888
68494 49565 23756
125926 29567 43062
125927 94445 62963
29567 20942 10742
8626 8626 0
8626 4669 3738
78504 37839 41296
78504 58878 39251
19626 11000 6010
8626 6198 3198
2428 567 1042
1861 0 0
37839 31469 10288
6370 26 14
6344 3857 2794
3202 715 1242
2487 1914 846
4430 4430 0
5150 720 824
4430 1055 1460
3375 1027 1256
2348 1131 1022
1217 1217 0
720 720 0
12921 4295 3888
8626 2086 3202
6540 2219 2868
4321 2167 2098
2154 2154 0
4295 4295 0
630 630 0
630 461 235
169 169 0
630 0 0
630 461 235
630 630 0
630 461 235
169 0 0
169 169 0
33343 0 0
3768 3550 435
3550 3546 8
7535 0 0
82211 40969 41408
41242 0 0
41242 41242 0
34431 2921 5374
72752 146 286
72606 16442 20470
56164 17843 13980
40969 0 0
40969 0 0
73299 119 238
73180 16060 20218
57120 39439 15568
33860 32330 2831
1530 22 44
4289 254 495
5543 12 24
5531 2041 2437
3490 1254 1339
4211 282 544
6829 8 16
6821 1992 2256
4829 2618 1443
2921 2900 42
33343 1340 2656
32003 32003 0
82211 579 592
81632 61224 40815
52788 19262 29369
33526 32380 2292
19262 0 0
32003 522 1022
31481 7944 12158
70423 46886 35655
23537 464 896
23073 0 0
69540 1046 1598
328135 62872 113735
265263 259641 11244
68494 47986 24010
69540 46467 35231
23073 10717 10138
12356 9643 4012
3847 0 0
3847 1134 1526
12356 12356 0
12 12 0
3295 0 0
3295 3295 0
3295 3295 0
203301 183684 10546
203301 202840 921
461 0 0
207903 0 0
3767 1934 233
3767 2028 3477
1739 0 0
1739 899 233
2028 993 233
3307 0 0
3307 3307 0
196978 0 0
200285 0 0
200285 9540 6106
200285 190047 16849
200285 196978 6613
3306 0 0
3306 1739 3134
1567 768 233
35076 656 1311
46045 35076 16986
10969 10857 224
1739 840 233
51388 840 1679
51388 39379 19014
54910 899 1797
54910 42321 19774
47883 799 1597
47883 36724 16990
9 9 0
9 9 0
9 9 0
517 9 17
517 9 17
508 488 40
508 503 10
9 9 0
513 9 17
513 0 0
513 3 6
510 2 4
508 63 89
445 0 0
9 0 0
9 0 0
9 0 0
179 0 0
179 179 0
1790 57 105
57 57 0
57 57 0
57 57 0
57 0 0
57 0 0
1790 1611 357
2474 0 0
2474 0 0
2474 0 0
2474 0 0
2474 1862 1139
612 0 0
612 0 0
612 0 0
612 612 0
612 0 0
612 329 157
283 283 0
612 612 0
612 0 0
612 329 157
283 283 0
1862 0 0
1862 1862 0
1862 0 0
1862 1862 0
1862 0 0
1862 0 0
1862 0 0
1862 0 0
1862 1587 549
275 0 0
275 0 0
275 0 0
275 275 0
1862 0 0
1862 1294 381
568 0 0
568 0 0
568 0 0
568 386 363
182 0 0
1862 0 0
1862 1680 363
1862 1680 363
182 179 6
182 182 0
1862 1862 0
1862 0 0
1862 0 0
1862 0 0
1862 1862 0
1862 0 0
182 182 0
1862 1862 0
2991 0 0
2991 1862 925
1129 577 116
552 552 0
552 0 0
2439 0 0
2439 1643 1018
796 0 0
796 0 0
796 796 0
2501 0 0
2053 0 0
3696 874 1738
2822 0 0
2822 0 0
2822 0 0
2822 1634 1321
2332 279 557
2053 1853 400
200 200 0
200 126 1
74 0 0
74 0 0
200 200 0
200 200 0
1634 665 957
969 479 36
490 22 17
490 490 0
200 0 0
874 0 0
1107 908 398
199 0 0
199 0 0
199 0 0
199 0 0
199 0 0
199 199 0
10641 0 0
11748 10641 2163
1107 874 426
279 0 0
552 552 0
874 0 0
874 0 0
874 0 0
874 0 0
874 675 398
199 199 0
874 869 10
5 0 0
869 0 0
869 0 0
869 670 398
199 0 0
199 0 0
199 0 0
2991 0 0
2991 0 0
2991 2991 0
2991 0 0
2991 0 0
2991 2991 0
2991 0 0
2991 0 0
2991 0 0
2991 0 0
2474 0 0
2474 0 0
2474 0 0
2474 2474 0
4149 0 0
4149 0 0
4149 4149 0
4149 0 0
4149 0 0
4149 0 0
54398 50249 8297
2013 337 661
1676 0 0
1676 1586 129
337 258 74
258 258 0
1586 0 0
1586 1586 0
258 0 0
258 0 0
1586 0 0
2991 0 0
