# Mix output version 2
# FINI: end of program
# EMIT_DYNAMIC_STATS FOR TID 1
# instructions = 100101501, basic blocks = 16108104
Local Byte Stride Bucket -256 is equal to 1054876
Local Byte Stride Bucket -255 is equal to 1
Local Byte Stride Bucket -254 is equal to 2
Local Byte Stride Bucket -253 is equal to 5
Local Byte Stride Bucket -252 is equal to 5393
Local Byte Stride Bucket -251 is equal to 2
Local Byte Stride Bucket -250 is equal to 1
Local Byte Stride Bucket -249 is equal to 1
Local Byte Stride Bucket -248 is equal to 5595
Local Byte Stride Bucket -246 is equal to 3
Local Byte Stride Bucket -245 is equal to 1
Local Byte Stride Bucket -244 is equal to 4923
Local Byte Stride Bucket -243 is equal to 4
Local Byte Stride Bucket -242 is equal to 2
Local Byte Stride Bucket -241 is equal to 2
Local Byte Stride Bucket -240 is equal to 5089
Local Byte Stride Bucket -237 is equal to 2
Local Byte Stride Bucket -236 is equal to 7563
Local Byte Stride Bucket -235 is equal to 5
Local Byte Stride Bucket -234 is equal to 11
Local Byte Stride Bucket -233 is equal to 3
Local Byte Stride Bucket -232 is equal to 7372
Local Byte Stride Bucket -230 is equal to 10
Local Byte Stride Bucket -229 is equal to 1
Local Byte Stride Bucket -228 is equal to 4695
Local Byte Stride Bucket -227 is equal to 2
Local Byte Stride Bucket -226 is equal to 12
Local Byte Stride Bucket -224 is equal to 381323
Local Byte Stride Bucket -223 is equal to 1
Local Byte Stride Bucket -222 is equal to 27
Local Byte Stride Bucket -221 is equal to 1
Local Byte Stride Bucket -220 is equal to 8900
Local Byte Stride Bucket -219 is equal to 3
Local Byte Stride Bucket -218 is equal to 19
Local Byte Stride Bucket -217 is equal to 1
Local Byte Stride Bucket -216 is equal to 6031
Local Byte Stride Bucket -215 is equal to 2
Local Byte Stride Bucket -214 is equal to 37
Local Byte Stride Bucket -213 is equal to 2
Local Byte Stride Bucket -212 is equal to 4863
Local Byte Stride Bucket -211 is equal to 4
Local Byte Stride Bucket -210 is equal to 96
Local Byte Stride Bucket -209 is equal to 2
Local Byte Stride Bucket -208 is equal to 6909
Local Byte Stride Bucket -207 is equal to 7
Local Byte Stride Bucket -206 is equal to 134
Local Byte Stride Bucket -205 is equal to 2
Local Byte Stride Bucket -204 is equal to 6648
Local Byte Stride Bucket -203 is equal to 7
Local Byte Stride Bucket -202 is equal to 94
Local Byte Stride Bucket -201 is equal to 2
Local Byte Stride Bucket -200 is equal to 5468
Local Byte Stride Bucket -199 is equal to 13
Local Byte Stride Bucket -198 is equal to 183
Local Byte Stride Bucket -197 is equal to 2
Local Byte Stride Bucket -196 is equal to 6618
Local Byte Stride Bucket -195 is equal to 2
Local Byte Stride Bucket -194 is equal to 167
Local Byte Stride Bucket -193 is equal to 13
Local Byte Stride Bucket -192 is equal to 51546
Local Byte Stride Bucket -191 is equal to 4
Local Byte Stride Bucket -190 is equal to 2064
Local Byte Stride Bucket -189 is equal to 1
Local Byte Stride Bucket -188 is equal to 8530
Local Byte Stride Bucket -187 is equal to 2
Local Byte Stride Bucket -186 is equal to 2869
Local Byte Stride Bucket -185 is equal to 2
Local Byte Stride Bucket -184 is equal to 9380
Local Byte Stride Bucket -183 is equal to 16
Local Byte Stride Bucket -182 is equal to 3009
Local Byte Stride Bucket -181 is equal to 2
Local Byte Stride Bucket -180 is equal to 13808
Local Byte Stride Bucket -178 is equal to 3898
Local Byte Stride Bucket -177 is equal to 5
Local Byte Stride Bucket -176 is equal to 19234
Local Byte Stride Bucket -174 is equal to 4659
Local Byte Stride Bucket -173 is equal to 3
Local Byte Stride Bucket -172 is equal to 11776
Local Byte Stride Bucket -171 is equal to 3
Local Byte Stride Bucket -170 is equal to 5127
Local Byte Stride Bucket -169 is equal to 2
Local Byte Stride Bucket -168 is equal to 10798
Local Byte Stride Bucket -167 is equal to 12
Local Byte Stride Bucket -166 is equal to 4140
Local Byte Stride Bucket -165 is equal to 2
Local Byte Stride Bucket -164 is equal to 12969
Local Byte Stride Bucket -162 is equal to 5302
Local Byte Stride Bucket -161 is equal to 7
Local Byte Stride Bucket -160 is equal to 68721
Local Byte Stride Bucket -159 is equal to 6
Local Byte Stride Bucket -158 is equal to 4298
Local Byte Stride Bucket -157 is equal to 2
Local Byte Stride Bucket -156 is equal to 12466
Local Byte Stride Bucket -155 is equal to 7
Local Byte Stride Bucket -154 is equal to 7593
Local Byte Stride Bucket -153 is equal to 4
Local Byte Stride Bucket -152 is equal to 13370
Local Byte Stride Bucket -151 is equal to 4
Local Byte Stride Bucket -150 is equal to 4729
Local Byte Stride Bucket -149 is equal to 4
Local Byte Stride Bucket -148 is equal to 15149
Local Byte Stride Bucket -147 is equal to 1
Local Byte Stride Bucket -146 is equal to 5859
Local Byte Stride Bucket -144 is equal to 17419
Local Byte Stride Bucket -143 is equal to 1
Local Byte Stride Bucket -142 is equal to 6285
Local Byte Stride Bucket -141 is equal to 1
Local Byte Stride Bucket -140 is equal to 16821
Local Byte Stride Bucket -139 is equal to 3
Local Byte Stride Bucket -138 is equal to 7122
Local Byte Stride Bucket -136 is equal to 21692
Local Byte Stride Bucket -135 is equal to 1
Local Byte Stride Bucket -134 is equal to 8680
Local Byte Stride Bucket -132 is equal to 30526
Local Byte Stride Bucket -131 is equal to 3
Local Byte Stride Bucket -130 is equal to 8312
Local Byte Stride Bucket -129 is equal to 2
Local Byte Stride Bucket -128 is equal to 98690
Local Byte Stride Bucket -127 is equal to 5
Local Byte Stride Bucket -126 is equal to 8293
Local Byte Stride Bucket -125 is equal to 2
Local Byte Stride Bucket -124 is equal to 16619
Local Byte Stride Bucket -123 is equal to 6
Local Byte Stride Bucket -122 is equal to 7845
Local Byte Stride Bucket -121 is equal to 3
Local Byte Stride Bucket -120 is equal to 17430
Local Byte Stride Bucket -118 is equal to 10709
Local Byte Stride Bucket -116 is equal to 19222
Local Byte Stride Bucket -115 is equal to 1
Local Byte Stride Bucket -114 is equal to 7638
Local Byte Stride Bucket -112 is equal to 17434
Local Byte Stride Bucket -111 is equal to 1
Local Byte Stride Bucket -110 is equal to 13348
Local Byte Stride Bucket -108 is equal to 18330
Local Byte Stride Bucket -107 is equal to 7
Local Byte Stride Bucket -106 is equal to 8831
Local Byte Stride Bucket -105 is equal to 2
Local Byte Stride Bucket -104 is equal to 20729
Local Byte Stride Bucket -103 is equal to 3
Local Byte Stride Bucket -102 is equal to 11462
Local Byte Stride Bucket -101 is equal to 2
Local Byte Stride Bucket -100 is equal to 22388
Local Byte Stride Bucket -99 is equal to 1
Local Byte Stride Bucket -98 is equal to 9323
Local Byte Stride Bucket -97 is equal to 7
Local Byte Stride Bucket -96 is equal to 22587
Local Byte Stride Bucket -95 is equal to 31
Local Byte Stride Bucket -94 is equal to 9675
Local Byte Stride Bucket -92 is equal to 35608
Local Byte Stride Bucket -91 is equal to 6
Local Byte Stride Bucket -90 is equal to 18998
Local Byte Stride Bucket -89 is equal to 5
Local Byte Stride Bucket -88 is equal to 55443
Local Byte Stride Bucket -86 is equal to 13499
Local Byte Stride Bucket -85 is equal to 5
Local Byte Stride Bucket -84 is equal to 42161
Local Byte Stride Bucket -83 is equal to 26
Local Byte Stride Bucket -82 is equal to 12938
Local Byte Stride Bucket -81 is equal to 21
Local Byte Stride Bucket -80 is equal to 24154
Local Byte Stride Bucket -79 is equal to 13
Local Byte Stride Bucket -78 is equal to 10223
Local Byte Stride Bucket -77 is equal to 8
Local Byte Stride Bucket -76 is equal to 23898
Local Byte Stride Bucket -75 is equal to 6
Local Byte Stride Bucket -74 is equal to 12717
Local Byte Stride Bucket -73 is equal to 6
Local Byte Stride Bucket -72 is equal to 24767
Local Byte Stride Bucket -71 is equal to 8
Local Byte Stride Bucket -70 is equal to 16244
Local Byte Stride Bucket -69 is equal to 13
Local Byte Stride Bucket -68 is equal to 31090
Local Byte Stride Bucket -67 is equal to 10
Local Byte Stride Bucket -66 is equal to 29110
Local Byte Stride Bucket -65 is equal to 17
Local Byte Stride Bucket -64 is equal to 1109640
Local Byte Stride Bucket -63 is equal to 41
Local Byte Stride Bucket -62 is equal to 12107
Local Byte Stride Bucket -61 is equal to 7
Local Byte Stride Bucket -60 is equal to 30363
Local Byte Stride Bucket -59 is equal to 11
Local Byte Stride Bucket -58 is equal to 18747
Local Byte Stride Bucket -57 is equal to 11
Local Byte Stride Bucket -56 is equal to 37663
Local Byte Stride Bucket -55 is equal to 7
Local Byte Stride Bucket -54 is equal to 14186
Local Byte Stride Bucket -53 is equal to 1
Local Byte Stride Bucket -52 is equal to 36110
Local Byte Stride Bucket -51 is equal to 9
Local Byte Stride Bucket -50 is equal to 17448
Local Byte Stride Bucket -48 is equal to 206120
Local Byte Stride Bucket -47 is equal to 6
Local Byte Stride Bucket -46 is equal to 37406
Local Byte Stride Bucket -45 is equal to 1
Local Byte Stride Bucket -44 is equal to 121568
Local Byte Stride Bucket -42 is equal to 40797
Local Byte Stride Bucket -41 is equal to 2
Local Byte Stride Bucket -40 is equal to 67668
Local Byte Stride Bucket -39 is equal to 5
Local Byte Stride Bucket -38 is equal to 17810
Local Byte Stride Bucket -37 is equal to 9
Local Byte Stride Bucket -36 is equal to 37928
Local Byte Stride Bucket -35 is equal to 4
Local Byte Stride Bucket -34 is equal to 16010
Local Byte Stride Bucket -33 is equal to 4
Local Byte Stride Bucket -32 is equal to 78583
Local Byte Stride Bucket -31 is equal to 41
Local Byte Stride Bucket -30 is equal to 22614
Local Byte Stride Bucket -29 is equal to 9
Local Byte Stride Bucket -28 is equal to 87906
Local Byte Stride Bucket -27 is equal to 120
Local Byte Stride Bucket -26 is equal to 30405
Local Byte Stride Bucket -25 is equal to 56
Local Byte Stride Bucket -24 is equal to 293913
Local Byte Stride Bucket -23 is equal to 5
Local Byte Stride Bucket -22 is equal to 101558
Local Byte Stride Bucket -21 is equal to 13
Local Byte Stride Bucket -20 is equal to 96282
Local Byte Stride Bucket -19 is equal to 50
Local Byte Stride Bucket -18 is equal to 36809
Local Byte Stride Bucket -17 is equal to 11
Local Byte Stride Bucket -16 is equal to 90647
Local Byte Stride Bucket -15 is equal to 92
Local Byte Stride Bucket -14 is equal to 25756
Local Byte Stride Bucket -13 is equal to 52
Local Byte Stride Bucket -12 is equal to 280244
Local Byte Stride Bucket -11 is equal to 73
Local Byte Stride Bucket -10 is equal to 22588
Local Byte Stride Bucket -9 is equal to 25
Local Byte Stride Bucket -8 is equal to 226875
Local Byte Stride Bucket -7 is equal to 89
Local Byte Stride Bucket -6 is equal to 37149
Local Byte Stride Bucket -5 is equal to 28
Local Byte Stride Bucket -4 is equal to 328345
Local Byte Stride Bucket -3 is equal to 32
Local Byte Stride Bucket -2 is equal to 152602
Local Byte Stride Bucket -1 is equal to 52
Local Byte Stride Bucket 0 is equal to 19659261
Local Byte Stride Bucket 1 is equal to 138
Local Byte Stride Bucket 2 is equal to 283910
Local Byte Stride Bucket 3 is equal to 30
Local Byte Stride Bucket 4 is equal to 1939625
Local Byte Stride Bucket 5 is equal to 78
Local Byte Stride Bucket 6 is equal to 35530
Local Byte Stride Bucket 7 is equal to 48
Local Byte Stride Bucket 8 is equal to 467823
Local Byte Stride Bucket 9 is equal to 11
Local Byte Stride Bucket 10 is equal to 22032
Local Byte Stride Bucket 11 is equal to 6
Local Byte Stride Bucket 12 is equal to 63420
Local Byte Stride Bucket 13 is equal to 38
Local Byte Stride Bucket 14 is equal to 26849
Local Byte Stride Bucket 15 is equal to 11
Local Byte Stride Bucket 16 is equal to 51294
Local Byte Stride Bucket 17 is equal to 54
Local Byte Stride Bucket 18 is equal to 81478
Local Byte Stride Bucket 19 is equal to 24
Local Byte Stride Bucket 20 is equal to 264235
Local Byte Stride Bucket 21 is equal to 6
Local Byte Stride Bucket 22 is equal to 156248
Local Byte Stride Bucket 23 is equal to 15
Local Byte Stride Bucket 24 is equal to 262701
Local Byte Stride Bucket 25 is equal to 52
Local Byte Stride Bucket 26 is equal to 36029
Local Byte Stride Bucket 27 is equal to 13
Local Byte Stride Bucket 28 is equal to 40821
Local Byte Stride Bucket 29 is equal to 38
Local Byte Stride Bucket 30 is equal to 20989
Local Byte Stride Bucket 31 is equal to 13
Local Byte Stride Bucket 32 is equal to 32393
Local Byte Stride Bucket 33 is equal to 2
Local Byte Stride Bucket 34 is equal to 15214
Local Byte Stride Bucket 35 is equal to 2
Local Byte Stride Bucket 36 is equal to 155489
Local Byte Stride Bucket 37 is equal to 11
Local Byte Stride Bucket 38 is equal to 16070
Local Byte Stride Bucket 39 is equal to 3
Local Byte Stride Bucket 40 is equal to 237150
Local Byte Stride Bucket 41 is equal to 4
Local Byte Stride Bucket 42 is equal to 43356
Local Byte Stride Bucket 43 is equal to 1
Local Byte Stride Bucket 44 is equal to 247051
Local Byte Stride Bucket 45 is equal to 1
Local Byte Stride Bucket 46 is equal to 36744
Local Byte Stride Bucket 48 is equal to 192537
Local Byte Stride Bucket 49 is equal to 3
Local Byte Stride Bucket 50 is equal to 15151
Local Byte Stride Bucket 51 is equal to 1
Local Byte Stride Bucket 52 is equal to 36442
Local Byte Stride Bucket 53 is equal to 10
Local Byte Stride Bucket 54 is equal to 13400
Local Byte Stride Bucket 55 is equal to 23
Local Byte Stride Bucket 56 is equal to 35324
Local Byte Stride Bucket 57 is equal to 90
Local Byte Stride Bucket 58 is equal to 21763
Local Byte Stride Bucket 59 is equal to 6
Local Byte Stride Bucket 60 is equal to 28483
Local Byte Stride Bucket 61 is equal to 6
Local Byte Stride Bucket 62 is equal to 10978
Local Byte Stride Bucket 63 is equal to 22
Local Byte Stride Bucket 64 is equal to 614437
Local Byte Stride Bucket 65 is equal to 46
Local Byte Stride Bucket 66 is equal to 26049
Local Byte Stride Bucket 67 is equal to 5
Local Byte Stride Bucket 68 is equal to 24745
Local Byte Stride Bucket 69 is equal to 36
Local Byte Stride Bucket 70 is equal to 15170
Local Byte Stride Bucket 71 is equal to 6
Local Byte Stride Bucket 72 is equal to 25210
Local Byte Stride Bucket 73 is equal to 7
Local Byte Stride Bucket 74 is equal to 11631
Local Byte Stride Bucket 75 is equal to 4
Local Byte Stride Bucket 76 is equal to 24687
Local Byte Stride Bucket 78 is equal to 10557
Local Byte Stride Bucket 79 is equal to 2
Local Byte Stride Bucket 80 is equal to 25286
Local Byte Stride Bucket 81 is equal to 14
Local Byte Stride Bucket 82 is equal to 13193
Local Byte Stride Bucket 83 is equal to 4
Local Byte Stride Bucket 84 is equal to 40519
Local Byte Stride Bucket 85 is equal to 6
Local Byte Stride Bucket 86 is equal to 12497
Local Byte Stride Bucket 87 is equal to 10
Local Byte Stride Bucket 88 is equal to 56467
Local Byte Stride Bucket 89 is equal to 4
Local Byte Stride Bucket 90 is equal to 14509
Local Byte Stride Bucket 91 is equal to 5
Local Byte Stride Bucket 92 is equal to 30932
Local Byte Stride Bucket 93 is equal to 1
Local Byte Stride Bucket 94 is equal to 9390
Local Byte Stride Bucket 95 is equal to 3
Local Byte Stride Bucket 96 is equal to 22446
Local Byte Stride Bucket 97 is equal to 8
Local Byte Stride Bucket 98 is equal to 10450
Local Byte Stride Bucket 100 is equal to 19271
Local Byte Stride Bucket 101 is equal to 7
Local Byte Stride Bucket 102 is equal to 11903
Local Byte Stride Bucket 103 is equal to 2
Local Byte Stride Bucket 104 is equal to 24835
Local Byte Stride Bucket 105 is equal to 3
Local Byte Stride Bucket 106 is equal to 8607
Local Byte Stride Bucket 107 is equal to 3
Local Byte Stride Bucket 108 is equal to 16172
Local Byte Stride Bucket 110 is equal to 12807
Local Byte Stride Bucket 112 is equal to 17824
Local Byte Stride Bucket 113 is equal to 1
Local Byte Stride Bucket 114 is equal to 7668
Local Byte Stride Bucket 115 is equal to 4
Local Byte Stride Bucket 116 is equal to 18545
Local Byte Stride Bucket 118 is equal to 9342
Local Byte Stride Bucket 119 is equal to 5
Local Byte Stride Bucket 120 is equal to 16786
Local Byte Stride Bucket 121 is equal to 3
Local Byte Stride Bucket 122 is equal to 7974
Local Byte Stride Bucket 123 is equal to 6
Local Byte Stride Bucket 124 is equal to 14732
Local Byte Stride Bucket 125 is equal to 1
Local Byte Stride Bucket 126 is equal to 7706
Local Byte Stride Bucket 127 is equal to 4
Local Byte Stride Bucket 128 is equal to 45941
Local Byte Stride Bucket 129 is equal to 4
Local Byte Stride Bucket 130 is equal to 7270
Local Byte Stride Bucket 131 is equal to 3
Local Byte Stride Bucket 132 is equal to 26450
Local Byte Stride Bucket 133 is equal to 6
Local Byte Stride Bucket 134 is equal to 7418
Local Byte Stride Bucket 135 is equal to 2
Local Byte Stride Bucket 136 is equal to 17522
Local Byte Stride Bucket 137 is equal to 1
Local Byte Stride Bucket 138 is equal to 6543
Local Byte Stride Bucket 139 is equal to 3
Local Byte Stride Bucket 140 is equal to 12498
Local Byte Stride Bucket 142 is equal to 5652
Local Byte Stride Bucket 143 is equal to 2
Local Byte Stride Bucket 144 is equal to 13444
Local Byte Stride Bucket 145 is equal to 1
Local Byte Stride Bucket 146 is equal to 5608
Local Byte Stride Bucket 147 is equal to 3
Local Byte Stride Bucket 148 is equal to 13764
Local Byte Stride Bucket 149 is equal to 29
Local Byte Stride Bucket 150 is equal to 3889
Local Byte Stride Bucket 151 is equal to 18
Local Byte Stride Bucket 152 is equal to 12672
Local Byte Stride Bucket 153 is equal to 4
Local Byte Stride Bucket 154 is equal to 7067
Local Byte Stride Bucket 155 is equal to 2
Local Byte Stride Bucket 156 is equal to 12066
Local Byte Stride Bucket 158 is equal to 3806
Local Byte Stride Bucket 159 is equal to 6
Local Byte Stride Bucket 160 is equal to 76311
Local Byte Stride Bucket 161 is equal to 3
Local Byte Stride Bucket 162 is equal to 4709
Local Byte Stride Bucket 163 is equal to 1
Local Byte Stride Bucket 164 is equal to 11994
Local Byte Stride Bucket 165 is equal to 1
Local Byte Stride Bucket 166 is equal to 3818
Local Byte Stride Bucket 167 is equal to 1
Local Byte Stride Bucket 168 is equal to 9363
Local Byte Stride Bucket 169 is equal to 5
Local Byte Stride Bucket 170 is equal to 3716
Local Byte Stride Bucket 171 is equal to 2
Local Byte Stride Bucket 172 is equal to 10156
Local Byte Stride Bucket 173 is equal to 2
Local Byte Stride Bucket 174 is equal to 3980
Local Byte Stride Bucket 175 is equal to 2
Local Byte Stride Bucket 176 is equal to 16865
Local Byte Stride Bucket 177 is equal to 2
Local Byte Stride Bucket 178 is equal to 3425
Local Byte Stride Bucket 179 is equal to 1
Local Byte Stride Bucket 180 is equal to 9356
Local Byte Stride Bucket 182 is equal to 2341
Local Byte Stride Bucket 183 is equal to 3
Local Byte Stride Bucket 184 is equal to 7725
Local Byte Stride Bucket 185 is equal to 3
Local Byte Stride Bucket 186 is equal to 2112
Local Byte Stride Bucket 187 is equal to 1
Local Byte Stride Bucket 188 is equal to 7441
Local Byte Stride Bucket 189 is equal to 3
Local Byte Stride Bucket 190 is equal to 1368
Local Byte Stride Bucket 191 is equal to 1
Local Byte Stride Bucket 192 is equal to 12801
Local Byte Stride Bucket 193 is equal to 7
Local Byte Stride Bucket 195 is equal to 1
Local Byte Stride Bucket 196 is equal to 6221
Local Byte Stride Bucket 197 is equal to 3
Local Byte Stride Bucket 198 is equal to 1
Local Byte Stride Bucket 199 is equal to 3
Local Byte Stride Bucket 200 is equal to 5453
Local Byte Stride Bucket 201 is equal to 1
Local Byte Stride Bucket 203 is equal to 2
Local Byte Stride Bucket 204 is equal to 6701
Local Byte Stride Bucket 205 is equal to 3
Local Byte Stride Bucket 206 is equal to 6
Local Byte Stride Bucket 207 is equal to 6
Local Byte Stride Bucket 208 is equal to 5924
Local Byte Stride Bucket 209 is equal to 1
Local Byte Stride Bucket 210 is equal to 1
Local Byte Stride Bucket 211 is equal to 4
Local Byte Stride Bucket 212 is equal to 4396
Local Byte Stride Bucket 216 is equal to 5032
Local Byte Stride Bucket 217 is equal to 6
Local Byte Stride Bucket 219 is equal to 2
Local Byte Stride Bucket 220 is equal to 7966
Local Byte Stride Bucket 221 is equal to 1
Local Byte Stride Bucket 224 is equal to 254746
Local Byte Stride Bucket 226 is equal to 1
Local Byte Stride Bucket 228 is equal to 3575
Local Byte Stride Bucket 229 is equal to 3
Local Byte Stride Bucket 230 is equal to 2
Local Byte Stride Bucket 231 is equal to 2
Local Byte Stride Bucket 232 is equal to 6048
Local Byte Stride Bucket 233 is equal to 1
Local Byte Stride Bucket 234 is equal to 2
Local Byte Stride Bucket 235 is equal to 4
Local Byte Stride Bucket 236 is equal to 6582
Local Byte Stride Bucket 237 is equal to 2
Local Byte Stride Bucket 238 is equal to 4
Local Byte Stride Bucket 239 is equal to 1
Local Byte Stride Bucket 240 is equal to 18093
Local Byte Stride Bucket 241 is equal to 3
Local Byte Stride Bucket 242 is equal to 2
Local Byte Stride Bucket 243 is equal to 1
Local Byte Stride Bucket 244 is equal to 4798
Local Byte Stride Bucket 245 is equal to 2
Local Byte Stride Bucket 246 is equal to 1
Local Byte Stride Bucket 247 is equal to 19
Local Byte Stride Bucket 248 is equal to 4983
Local Byte Stride Bucket 249 is equal to 3
Local Byte Stride Bucket 250 is equal to 3
Local Byte Stride Bucket 251 is equal to 1
Local Byte Stride Bucket 252 is equal to 4626
Local Byte Stride Bucket 253 is equal to 4
Local Byte Stride Bucket 254 is equal to 16
Local Byte Stride Bucket 255 is equal to 4
Local Byte Stride Bucket 256 is equal to 998289

Local Cache Stride Bucket -256 is equal to 245537
Local Cache Stride Bucket -255 is equal to 75
Local Cache Stride Bucket -254 is equal to 37
Local Cache Stride Bucket -253 is equal to 47
Local Cache Stride Bucket -252 is equal to 125
Local Cache Stride Bucket -251 is equal to 36
Local Cache Stride Bucket -250 is equal to 26
Local Cache Stride Bucket -249 is equal to 20
Local Cache Stride Bucket -248 is equal to 62
Local Cache Stride Bucket -247 is equal to 51
Local Cache Stride Bucket -246 is equal to 53
Local Cache Stride Bucket -245 is equal to 42
Local Cache Stride Bucket -244 is equal to 106
Local Cache Stride Bucket -243 is equal to 90
Local Cache Stride Bucket -242 is equal to 75
Local Cache Stride Bucket -241 is equal to 46
Local Cache Stride Bucket -240 is equal to 145
Local Cache Stride Bucket -239 is equal to 38
Local Cache Stride Bucket -238 is equal to 44
Local Cache Stride Bucket -237 is equal to 41
Local Cache Stride Bucket -236 is equal to 97
Local Cache Stride Bucket -235 is equal to 45
Local Cache Stride Bucket -234 is equal to 191
Local Cache Stride Bucket -233 is equal to 35
Local Cache Stride Bucket -232 is equal to 155
Local Cache Stride Bucket -231 is equal to 119
Local Cache Stride Bucket -230 is equal to 282
Local Cache Stride Bucket -229 is equal to 648
Local Cache Stride Bucket -228 is equal to 201
Local Cache Stride Bucket -227 is equal to 1062
Local Cache Stride Bucket -226 is equal to 210
Local Cache Stride Bucket -225 is equal to 82
Local Cache Stride Bucket -224 is equal to 153
Local Cache Stride Bucket -223 is equal to 56
Local Cache Stride Bucket -222 is equal to 28
Local Cache Stride Bucket -221 is equal to 39
Local Cache Stride Bucket -220 is equal to 118
Local Cache Stride Bucket -219 is equal to 27
Local Cache Stride Bucket -218 is equal to 46
Local Cache Stride Bucket -217 is equal to 20
Local Cache Stride Bucket -216 is equal to 35
Local Cache Stride Bucket -215 is equal to 48
Local Cache Stride Bucket -214 is equal to 40
Local Cache Stride Bucket -213 is equal to 43
Local Cache Stride Bucket -212 is equal to 47
Local Cache Stride Bucket -211 is equal to 55
Local Cache Stride Bucket -210 is equal to 81
Local Cache Stride Bucket -209 is equal to 43
Local Cache Stride Bucket -208 is equal to 65
Local Cache Stride Bucket -207 is equal to 43
Local Cache Stride Bucket -206 is equal to 53
Local Cache Stride Bucket -205 is equal to 53
Local Cache Stride Bucket -204 is equal to 45
Local Cache Stride Bucket -203 is equal to 47
Local Cache Stride Bucket -202 is equal to 26
Local Cache Stride Bucket -201 is equal to 37
Local Cache Stride Bucket -200 is equal to 20
Local Cache Stride Bucket -199 is equal to 11
Local Cache Stride Bucket -198 is equal to 49
Local Cache Stride Bucket -197 is equal to 155
Local Cache Stride Bucket -196 is equal to 99
Local Cache Stride Bucket -195 is equal to 23
Local Cache Stride Bucket -194 is equal to 89
Local Cache Stride Bucket -193 is equal to 95
Local Cache Stride Bucket -192 is equal to 350
Local Cache Stride Bucket -191 is equal to 51
Local Cache Stride Bucket -190 is equal to 35
Local Cache Stride Bucket -189 is equal to 36
Local Cache Stride Bucket -188 is equal to 105
Local Cache Stride Bucket -187 is equal to 3842
Local Cache Stride Bucket -186 is equal to 1386
Local Cache Stride Bucket -185 is equal to 76
Local Cache Stride Bucket -184 is equal to 1959
Local Cache Stride Bucket -183 is equal to 719
Local Cache Stride Bucket -182 is equal to 1311
Local Cache Stride Bucket -181 is equal to 463
Local Cache Stride Bucket -180 is equal to 54
Local Cache Stride Bucket -179 is equal to 73
Local Cache Stride Bucket -178 is equal to 68
Local Cache Stride Bucket -177 is equal to 247
Local Cache Stride Bucket -176 is equal to 676
Local Cache Stride Bucket -175 is equal to 179
Local Cache Stride Bucket -174 is equal to 29
Local Cache Stride Bucket -173 is equal to 889
Local Cache Stride Bucket -172 is equal to 2665
Local Cache Stride Bucket -171 is equal to 212
Local Cache Stride Bucket -170 is equal to 45
Local Cache Stride Bucket -169 is equal to 27
Local Cache Stride Bucket -168 is equal to 20
Local Cache Stride Bucket -167 is equal to 27
Local Cache Stride Bucket -166 is equal to 26
Local Cache Stride Bucket -165 is equal to 18
Local Cache Stride Bucket -164 is equal to 32
Local Cache Stride Bucket -163 is equal to 39
Local Cache Stride Bucket -162 is equal to 79
Local Cache Stride Bucket -161 is equal to 42
Local Cache Stride Bucket -160 is equal to 87
Local Cache Stride Bucket -159 is equal to 29
Local Cache Stride Bucket -158 is equal to 97
Local Cache Stride Bucket -157 is equal to 96
Local Cache Stride Bucket -156 is equal to 94
Local Cache Stride Bucket -155 is equal to 57
Local Cache Stride Bucket -154 is equal to 49
Local Cache Stride Bucket -153 is equal to 24
Local Cache Stride Bucket -152 is equal to 21
Local Cache Stride Bucket -151 is equal to 38
Local Cache Stride Bucket -150 is equal to 29
Local Cache Stride Bucket -149 is equal to 33
Local Cache Stride Bucket -148 is equal to 13
Local Cache Stride Bucket -147 is equal to 37
Local Cache Stride Bucket -146 is equal to 64
Local Cache Stride Bucket -145 is equal to 51
Local Cache Stride Bucket -144 is equal to 102
Local Cache Stride Bucket -143 is equal to 57
Local Cache Stride Bucket -142 is equal to 24
Local Cache Stride Bucket -141 is equal to 77
Local Cache Stride Bucket -140 is equal to 35
Local Cache Stride Bucket -139 is equal to 48
Local Cache Stride Bucket -138 is equal to 15
Local Cache Stride Bucket -137 is equal to 27
Local Cache Stride Bucket -136 is equal to 37
Local Cache Stride Bucket -135 is equal to 24
Local Cache Stride Bucket -134 is equal to 47
Local Cache Stride Bucket -133 is equal to 78
Local Cache Stride Bucket -132 is equal to 54
Local Cache Stride Bucket -131 is equal to 35
Local Cache Stride Bucket -130 is equal to 94
Local Cache Stride Bucket -129 is equal to 3742
Local Cache Stride Bucket -128 is equal to 4145
Local Cache Stride Bucket -127 is equal to 68
Local Cache Stride Bucket -126 is equal to 60
Local Cache Stride Bucket -125 is equal to 35
Local Cache Stride Bucket -124 is equal to 151
Local Cache Stride Bucket -123 is equal to 44
Local Cache Stride Bucket -122 is equal to 111
Local Cache Stride Bucket -121 is equal to 30
Local Cache Stride Bucket -120 is equal to 67
Local Cache Stride Bucket -119 is equal to 460
Local Cache Stride Bucket -118 is equal to 1104
Local Cache Stride Bucket -117 is equal to 2996
Local Cache Stride Bucket -116 is equal to 1685
Local Cache Stride Bucket -115 is equal to 2144
Local Cache Stride Bucket -114 is equal to 2736
Local Cache Stride Bucket -113 is equal to 594
Local Cache Stride Bucket -112 is equal to 57
Local Cache Stride Bucket -111 is equal to 134
Local Cache Stride Bucket -110 is equal to 3192
Local Cache Stride Bucket -109 is equal to 52
Local Cache Stride Bucket -108 is equal to 57
Local Cache Stride Bucket -107 is equal to 203
Local Cache Stride Bucket -106 is equal to 34
Local Cache Stride Bucket -105 is equal to 28
Local Cache Stride Bucket -104 is equal to 45
Local Cache Stride Bucket -103 is equal to 54
Local Cache Stride Bucket -102 is equal to 56
Local Cache Stride Bucket -101 is equal to 39
Local Cache Stride Bucket -100 is equal to 35
Local Cache Stride Bucket -99 is equal to 44
Local Cache Stride Bucket -98 is equal to 62
Local Cache Stride Bucket -97 is equal to 48
Local Cache Stride Bucket -96 is equal to 243
Local Cache Stride Bucket -95 is equal to 53
Local Cache Stride Bucket -94 is equal to 47
Local Cache Stride Bucket -93 is equal to 61
Local Cache Stride Bucket -92 is equal to 81
Local Cache Stride Bucket -91 is equal to 69
Local Cache Stride Bucket -90 is equal to 73
Local Cache Stride Bucket -89 is equal to 61
Local Cache Stride Bucket -88 is equal to 93
Local Cache Stride Bucket -87 is equal to 39
Local Cache Stride Bucket -86 is equal to 40
Local Cache Stride Bucket -85 is equal to 135
Local Cache Stride Bucket -84 is equal to 48
Local Cache Stride Bucket -83 is equal to 56
Local Cache Stride Bucket -82 is equal to 75
Local Cache Stride Bucket -81 is equal to 150
Local Cache Stride Bucket -80 is equal to 128
Local Cache Stride Bucket -79 is equal to 73
Local Cache Stride Bucket -78 is equal to 64
Local Cache Stride Bucket -77 is equal to 216
Local Cache Stride Bucket -76 is equal to 234
Local Cache Stride Bucket -75 is equal to 198
Local Cache Stride Bucket -74 is equal to 113
Local Cache Stride Bucket -73 is equal to 88
Local Cache Stride Bucket -72 is equal to 1347
Local Cache Stride Bucket -71 is equal to 2629
Local Cache Stride Bucket -70 is equal to 235
Local Cache Stride Bucket -69 is equal to 149
Local Cache Stride Bucket -68 is equal to 896
Local Cache Stride Bucket -67 is equal to 2298
Local Cache Stride Bucket -66 is equal to 297
Local Cache Stride Bucket -65 is equal to 829
Local Cache Stride Bucket -64 is equal to 1023
Local Cache Stride Bucket -63 is equal to 1013
Local Cache Stride Bucket -62 is equal to 3696
Local Cache Stride Bucket -61 is equal to 2239
Local Cache Stride Bucket -60 is equal to 1712
Local Cache Stride Bucket -59 is equal to 1576
Local Cache Stride Bucket -58 is equal to 2320
Local Cache Stride Bucket -57 is equal to 1958
Local Cache Stride Bucket -56 is equal to 518
Local Cache Stride Bucket -55 is equal to 155
Local Cache Stride Bucket -54 is equal to 122
Local Cache Stride Bucket -53 is equal to 75
Local Cache Stride Bucket -52 is equal to 102
Local Cache Stride Bucket -51 is equal to 258
Local Cache Stride Bucket -50 is equal to 983
Local Cache Stride Bucket -49 is equal to 207
Local Cache Stride Bucket -48 is equal to 229
Local Cache Stride Bucket -47 is equal to 289
Local Cache Stride Bucket -46 is equal to 2849
Local Cache Stride Bucket -45 is equal to 2601
Local Cache Stride Bucket -44 is equal to 1983
Local Cache Stride Bucket -43 is equal to 5456
Local Cache Stride Bucket -42 is equal to 42
Local Cache Stride Bucket -41 is equal to 168
Local Cache Stride Bucket -40 is equal to 832
Local Cache Stride Bucket -39 is equal to 604
Local Cache Stride Bucket -38 is equal to 696
Local Cache Stride Bucket -37 is equal to 191
Local Cache Stride Bucket -36 is equal to 169
Local Cache Stride Bucket -35 is equal to 4970
Local Cache Stride Bucket -34 is equal to 6530
Local Cache Stride Bucket -33 is equal to 247
Local Cache Stride Bucket -32 is equal to 4437
Local Cache Stride Bucket -31 is equal to 4388
Local Cache Stride Bucket -30 is equal to 3237
Local Cache Stride Bucket -29 is equal to 556
Local Cache Stride Bucket -28 is equal to 14657
Local Cache Stride Bucket -27 is equal to 3177
Local Cache Stride Bucket -26 is equal to 1318
Local Cache Stride Bucket -25 is equal to 9085
Local Cache Stride Bucket -24 is equal to 7989
Local Cache Stride Bucket -23 is equal to 471
Local Cache Stride Bucket -22 is equal to 6443
Local Cache Stride Bucket -21 is equal to 8897
Local Cache Stride Bucket -20 is equal to 8456
Local Cache Stride Bucket -19 is equal to 6037
Local Cache Stride Bucket -18 is equal to 6241
Local Cache Stride Bucket -17 is equal to 13567
Local Cache Stride Bucket -16 is equal to 3630
Local Cache Stride Bucket -15 is equal to 4235
Local Cache Stride Bucket -14 is equal to 23869
Local Cache Stride Bucket -13 is equal to 148008
Local Cache Stride Bucket -12 is equal to 90252
Local Cache Stride Bucket -11 is equal to 56295
Local Cache Stride Bucket -10 is equal to 7772
Local Cache Stride Bucket -9 is equal to 5970
Local Cache Stride Bucket -8 is equal to 24564
Local Cache Stride Bucket -7 is equal to 12183
Local Cache Stride Bucket -6 is equal to 44842
Local Cache Stride Bucket -5 is equal to 109607
Local Cache Stride Bucket -4 is equal to 308752
Local Cache Stride Bucket -3 is equal to 435490
Local Cache Stride Bucket -2 is equal to 561072
Local Cache Stride Bucket -1 is equal to 2486420
Local Cache Stride Bucket 0 is equal to 24769759
Local Cache Stride Bucket 1 is equal to 2320469
Local Cache Stride Bucket 2 is equal to 477137
Local Cache Stride Bucket 3 is equal to 321072
Local Cache Stride Bucket 4 is equal to 227710
Local Cache Stride Bucket 5 is equal to 67876
Local Cache Stride Bucket 6 is equal to 35945
Local Cache Stride Bucket 7 is equal to 20012
Local Cache Stride Bucket 8 is equal to 3057
Local Cache Stride Bucket 9 is equal to 3131
Local Cache Stride Bucket 10 is equal to 9206
Local Cache Stride Bucket 11 is equal to 54884
Local Cache Stride Bucket 12 is equal to 89664
Local Cache Stride Bucket 13 is equal to 146959
Local Cache Stride Bucket 14 is equal to 56895
Local Cache Stride Bucket 15 is equal to 5956
Local Cache Stride Bucket 16 is equal to 6848
Local Cache Stride Bucket 17 is equal to 13116
Local Cache Stride Bucket 18 is equal to 7029
Local Cache Stride Bucket 19 is equal to 284
Local Cache Stride Bucket 20 is equal to 3025
Local Cache Stride Bucket 21 is equal to 7593
Local Cache Stride Bucket 22 is equal to 3058
Local Cache Stride Bucket 23 is equal to 258
Local Cache Stride Bucket 24 is equal to 9304
Local Cache Stride Bucket 25 is equal to 13937
Local Cache Stride Bucket 26 is equal to 5753
Local Cache Stride Bucket 27 is equal to 2957
Local Cache Stride Bucket 28 is equal to 15386
Local Cache Stride Bucket 29 is equal to 6329
Local Cache Stride Bucket 30 is equal to 1576
Local Cache Stride Bucket 31 is equal to 3651
Local Cache Stride Bucket 32 is equal to 1115
Local Cache Stride Bucket 33 is equal to 4353
Local Cache Stride Bucket 34 is equal to 2776
Local Cache Stride Bucket 35 is equal to 153
Local Cache Stride Bucket 36 is equal to 849
Local Cache Stride Bucket 37 is equal to 3643
Local Cache Stride Bucket 38 is equal to 290
Local Cache Stride Bucket 39 is equal to 2806
Local Cache Stride Bucket 40 is equal to 6657
Local Cache Stride Bucket 41 is equal to 2865
Local Cache Stride Bucket 42 is equal to 102
Local Cache Stride Bucket 43 is equal to 3404
Local Cache Stride Bucket 44 is equal to 2680
Local Cache Stride Bucket 45 is equal to 233
Local Cache Stride Bucket 46 is equal to 118
Local Cache Stride Bucket 47 is equal to 178
Local Cache Stride Bucket 48 is equal to 371
Local Cache Stride Bucket 49 is equal to 4122
Local Cache Stride Bucket 50 is equal to 588
Local Cache Stride Bucket 51 is equal to 137
Local Cache Stride Bucket 52 is equal to 322
Local Cache Stride Bucket 53 is equal to 140
Local Cache Stride Bucket 54 is equal to 3412
Local Cache Stride Bucket 55 is equal to 770
Local Cache Stride Bucket 56 is equal to 279
Local Cache Stride Bucket 57 is equal to 4478
Local Cache Stride Bucket 58 is equal to 346
Local Cache Stride Bucket 59 is equal to 1108
Local Cache Stride Bucket 60 is equal to 212
Local Cache Stride Bucket 61 is equal to 208
Local Cache Stride Bucket 62 is equal to 64
Local Cache Stride Bucket 63 is equal to 81
Local Cache Stride Bucket 64 is equal to 341
Local Cache Stride Bucket 65 is equal to 84
Local Cache Stride Bucket 66 is equal to 52
Local Cache Stride Bucket 67 is equal to 32
Local Cache Stride Bucket 68 is equal to 3812
Local Cache Stride Bucket 69 is equal to 3765
Local Cache Stride Bucket 70 is equal to 13
Local Cache Stride Bucket 71 is equal to 400
Local Cache Stride Bucket 72 is equal to 3229
Local Cache Stride Bucket 73 is equal to 4723
Local Cache Stride Bucket 74 is equal to 2154
Local Cache Stride Bucket 75 is equal to 822
Local Cache Stride Bucket 76 is equal to 89
Local Cache Stride Bucket 77 is equal to 80
Local Cache Stride Bucket 78 is equal to 67
Local Cache Stride Bucket 79 is equal to 80
Local Cache Stride Bucket 80 is equal to 185
Local Cache Stride Bucket 81 is equal to 3885
Local Cache Stride Bucket 82 is equal to 63
Local Cache Stride Bucket 83 is equal to 44
Local Cache Stride Bucket 84 is equal to 62
Local Cache Stride Bucket 85 is equal to 165
Local Cache Stride Bucket 86 is equal to 484
Local Cache Stride Bucket 87 is equal to 26
Local Cache Stride Bucket 88 is equal to 53
Local Cache Stride Bucket 89 is equal to 121
Local Cache Stride Bucket 90 is equal to 49
Local Cache Stride Bucket 91 is equal to 75
Local Cache Stride Bucket 92 is equal to 88
Local Cache Stride Bucket 93 is equal to 60
Local Cache Stride Bucket 94 is equal to 52
Local Cache Stride Bucket 95 is equal to 33
Local Cache Stride Bucket 96 is equal to 161
Local Cache Stride Bucket 97 is equal to 81
Local Cache Stride Bucket 98 is equal to 65
Local Cache Stride Bucket 99 is equal to 41
Local Cache Stride Bucket 100 is equal to 40
Local Cache Stride Bucket 101 is equal to 34
Local Cache Stride Bucket 102 is equal to 95
Local Cache Stride Bucket 103 is equal to 23
Local Cache Stride Bucket 104 is equal to 37
Local Cache Stride Bucket 105 is equal to 37
Local Cache Stride Bucket 106 is equal to 38
Local Cache Stride Bucket 107 is equal to 88
Local Cache Stride Bucket 108 is equal to 71
Local Cache Stride Bucket 109 is equal to 50
Local Cache Stride Bucket 110 is equal to 3291
Local Cache Stride Bucket 111 is equal to 375
Local Cache Stride Bucket 112 is equal to 119
Local Cache Stride Bucket 113 is equal to 1276
Local Cache Stride Bucket 114 is equal to 1963
Local Cache Stride Bucket 115 is equal to 2140
Local Cache Stride Bucket 116 is equal to 1969
Local Cache Stride Bucket 117 is equal to 499
Local Cache Stride Bucket 118 is equal to 133
Local Cache Stride Bucket 119 is equal to 194
Local Cache Stride Bucket 120 is equal to 45
Local Cache Stride Bucket 121 is equal to 18
Local Cache Stride Bucket 122 is equal to 34
Local Cache Stride Bucket 123 is equal to 32
Local Cache Stride Bucket 124 is equal to 57
Local Cache Stride Bucket 125 is equal to 13
Local Cache Stride Bucket 126 is equal to 63
Local Cache Stride Bucket 127 is equal to 59
Local Cache Stride Bucket 128 is equal to 249
Local Cache Stride Bucket 129 is equal to 165
Local Cache Stride Bucket 130 is equal to 85
Local Cache Stride Bucket 131 is equal to 29
Local Cache Stride Bucket 132 is equal to 72
Local Cache Stride Bucket 133 is equal to 37
Local Cache Stride Bucket 134 is equal to 41
Local Cache Stride Bucket 135 is equal to 36
Local Cache Stride Bucket 136 is equal to 60
Local Cache Stride Bucket 137 is equal to 23
Local Cache Stride Bucket 138 is equal to 15
Local Cache Stride Bucket 139 is equal to 24
Local Cache Stride Bucket 140 is equal to 24
Local Cache Stride Bucket 141 is equal to 41
Local Cache Stride Bucket 142 is equal to 49
Local Cache Stride Bucket 143 is equal to 43
Local Cache Stride Bucket 144 is equal to 48
Local Cache Stride Bucket 145 is equal to 144
Local Cache Stride Bucket 146 is equal to 38
Local Cache Stride Bucket 147 is equal to 32
Local Cache Stride Bucket 148 is equal to 36
Local Cache Stride Bucket 149 is equal to 57
Local Cache Stride Bucket 150 is equal to 34
Local Cache Stride Bucket 151 is equal to 43
Local Cache Stride Bucket 152 is equal to 42
Local Cache Stride Bucket 153 is equal to 53
Local Cache Stride Bucket 154 is equal to 53
Local Cache Stride Bucket 155 is equal to 69
Local Cache Stride Bucket 156 is equal to 57
Local Cache Stride Bucket 157 is equal to 58
Local Cache Stride Bucket 158 is equal to 84
Local Cache Stride Bucket 159 is equal to 39
Local Cache Stride Bucket 160 is equal to 116
Local Cache Stride Bucket 161 is equal to 64
Local Cache Stride Bucket 162 is equal to 44
Local Cache Stride Bucket 163 is equal to 55
Local Cache Stride Bucket 164 is equal to 36
Local Cache Stride Bucket 165 is equal to 26
Local Cache Stride Bucket 166 is equal to 24
Local Cache Stride Bucket 167 is equal to 33
Local Cache Stride Bucket 168 is equal to 36
Local Cache Stride Bucket 169 is equal to 48
Local Cache Stride Bucket 170 is equal to 352
Local Cache Stride Bucket 171 is equal to 141
Local Cache Stride Bucket 172 is equal to 52
Local Cache Stride Bucket 173 is equal to 64
Local Cache Stride Bucket 174 is equal to 101
Local Cache Stride Bucket 175 is equal to 68
Local Cache Stride Bucket 176 is equal to 463
Local Cache Stride Bucket 177 is equal to 866
Local Cache Stride Bucket 178 is equal to 21
Local Cache Stride Bucket 179 is equal to 32
Local Cache Stride Bucket 180 is equal to 35
Local Cache Stride Bucket 181 is equal to 87
Local Cache Stride Bucket 182 is equal to 51
Local Cache Stride Bucket 183 is equal to 27
Local Cache Stride Bucket 184 is equal to 19
Local Cache Stride Bucket 185 is equal to 15
Local Cache Stride Bucket 186 is equal to 8
Local Cache Stride Bucket 187 is equal to 19
Local Cache Stride Bucket 188 is equal to 31
Local Cache Stride Bucket 189 is equal to 13
Local Cache Stride Bucket 190 is equal to 24
Local Cache Stride Bucket 191 is equal to 12
Local Cache Stride Bucket 192 is equal to 68
Local Cache Stride Bucket 193 is equal to 33
Local Cache Stride Bucket 194 is equal to 30
Local Cache Stride Bucket 195 is equal to 9
Local Cache Stride Bucket 196 is equal to 27
Local Cache Stride Bucket 197 is equal to 73
Local Cache Stride Bucket 198 is equal to 106
Local Cache Stride Bucket 199 is equal to 187
Local Cache Stride Bucket 200 is equal to 22
Local Cache Stride Bucket 201 is equal to 31
Local Cache Stride Bucket 202 is equal to 12
Local Cache Stride Bucket 203 is equal to 25
Local Cache Stride Bucket 204 is equal to 24
Local Cache Stride Bucket 205 is equal to 62
Local Cache Stride Bucket 206 is equal to 129
Local Cache Stride Bucket 207 is equal to 830
Local Cache Stride Bucket 208 is equal to 1982
Local Cache Stride Bucket 209 is equal to 49
Local Cache Stride Bucket 210 is equal to 35
Local Cache Stride Bucket 211 is equal to 53
Local Cache Stride Bucket 212 is equal to 38
Local Cache Stride Bucket 213 is equal to 26
Local Cache Stride Bucket 214 is equal to 41
Local Cache Stride Bucket 215 is equal to 24
Local Cache Stride Bucket 216 is equal to 56
Local Cache Stride Bucket 217 is equal to 17
Local Cache Stride Bucket 218 is equal to 39
Local Cache Stride Bucket 219 is equal to 59
Local Cache Stride Bucket 220 is equal to 37
Local Cache Stride Bucket 221 is equal to 28
Local Cache Stride Bucket 222 is equal to 56
Local Cache Stride Bucket 223 is equal to 47
Local Cache Stride Bucket 224 is equal to 54
Local Cache Stride Bucket 225 is equal to 66
Local Cache Stride Bucket 226 is equal to 196
Local Cache Stride Bucket 227 is equal to 1119
Local Cache Stride Bucket 228 is equal to 155
Local Cache Stride Bucket 229 is equal to 1675
Local Cache Stride Bucket 230 is equal to 1142
Local Cache Stride Bucket 231 is equal to 129
Local Cache Stride Bucket 232 is equal to 830
Local Cache Stride Bucket 233 is equal to 36
Local Cache Stride Bucket 234 is equal to 681
Local Cache Stride Bucket 235 is equal to 1895
Local Cache Stride Bucket 236 is equal to 53
Local Cache Stride Bucket 237 is equal to 86
Local Cache Stride Bucket 238 is equal to 43
Local Cache Stride Bucket 239 is equal to 89
Local Cache Stride Bucket 240 is equal to 38
Local Cache Stride Bucket 241 is equal to 55
Local Cache Stride Bucket 242 is equal to 55
Local Cache Stride Bucket 243 is equal to 76
Local Cache Stride Bucket 244 is equal to 129
Local Cache Stride Bucket 245 is equal to 64
Local Cache Stride Bucket 246 is equal to 25
Local Cache Stride Bucket 247 is equal to 61
Local Cache Stride Bucket 248 is equal to 100
Local Cache Stride Bucket 249 is equal to 54
Local Cache Stride Bucket 250 is equal to 28
Local Cache Stride Bucket 251 is equal to 60
Local Cache Stride Bucket 252 is equal to 137
Local Cache Stride Bucket 253 is equal to 40
Local Cache Stride Bucket 254 is equal to 41
Local Cache Stride Bucket 255 is equal to 71
Local Cache Stride Bucket 256 is equal to 246053


Global LD ST Byte Stride Bucket -256 is equal to 9321755
Global LD ST Byte Stride Bucket -248 is equal to 8712
Global LD ST Byte Stride Bucket -228 is equal to 2063
Global LD ST Byte Stride Bucket -216 is equal to 39830
Global LD ST Byte Stride Bucket -192 is equal to 4
Global LD ST Byte Stride Bucket -190 is equal to 18
Global LD ST Byte Stride Bucket -188 is equal to 8663
Global LD ST Byte Stride Bucket -186 is equal to 33
Global LD ST Byte Stride Bucket -184 is equal to 8283
Global LD ST Byte Stride Bucket -182 is equal to 66
Global LD ST Byte Stride Bucket -180 is equal to 65
Global LD ST Byte Stride Bucket -178 is equal to 67
Global LD ST Byte Stride Bucket -176 is equal to 62180
Global LD ST Byte Stride Bucket -174 is equal to 38
Global LD ST Byte Stride Bucket -172 is equal to 32
Global LD ST Byte Stride Bucket -170 is equal to 49
Global LD ST Byte Stride Bucket -168 is equal to 4744
Global LD ST Byte Stride Bucket -166 is equal to 63
Global LD ST Byte Stride Bucket -164 is equal to 3873
Global LD ST Byte Stride Bucket -162 is equal to 124
Global LD ST Byte Stride Bucket -160 is equal to 9006
Global LD ST Byte Stride Bucket -158 is equal to 131
Global LD ST Byte Stride Bucket -156 is equal to 137
Global LD ST Byte Stride Bucket -154 is equal to 106
Global LD ST Byte Stride Bucket -152 is equal to 370
Global LD ST Byte Stride Bucket -150 is equal to 56
Global LD ST Byte Stride Bucket -148 is equal to 94
Global LD ST Byte Stride Bucket -146 is equal to 75
Global LD ST Byte Stride Bucket -144 is equal to 1882
Global LD ST Byte Stride Bucket -142 is equal to 196
Global LD ST Byte Stride Bucket -140 is equal to 168
Global LD ST Byte Stride Bucket -138 is equal to 257
Global LD ST Byte Stride Bucket -136 is equal to 620
Global LD ST Byte Stride Bucket -134 is equal to 334
Global LD ST Byte Stride Bucket -132 is equal to 726
Global LD ST Byte Stride Bucket -130 is equal to 223
Global LD ST Byte Stride Bucket -128 is equal to 1443
Global LD ST Byte Stride Bucket -126 is equal to 189
Global LD ST Byte Stride Bucket -124 is equal to 2871
Global LD ST Byte Stride Bucket -122 is equal to 263
Global LD ST Byte Stride Bucket -120 is equal to 20234
Global LD ST Byte Stride Bucket -118 is equal to 174
Global LD ST Byte Stride Bucket -116 is equal to 10824
Global LD ST Byte Stride Bucket -114 is equal to 361
Global LD ST Byte Stride Bucket -112 is equal to 11524
Global LD ST Byte Stride Bucket -110 is equal to 509
Global LD ST Byte Stride Bucket -108 is equal to 7708
Global LD ST Byte Stride Bucket -106 is equal to 177
Global LD ST Byte Stride Bucket -104 is equal to 6529
Global LD ST Byte Stride Bucket -102 is equal to 275
Global LD ST Byte Stride Bucket -100 is equal to 9882
Global LD ST Byte Stride Bucket -98 is equal to 174
Global LD ST Byte Stride Bucket -96 is equal to 152278
Global LD ST Byte Stride Bucket -94 is equal to 279
Global LD ST Byte Stride Bucket -92 is equal to 5783
Global LD ST Byte Stride Bucket -90 is equal to 635
Global LD ST Byte Stride Bucket -88 is equal to 48541
Global LD ST Byte Stride Bucket -86 is equal to 441
Global LD ST Byte Stride Bucket -84 is equal to 8179
Global LD ST Byte Stride Bucket -82 is equal to 261
Global LD ST Byte Stride Bucket -80 is equal to 69691
Global LD ST Byte Stride Bucket -78 is equal to 357
Global LD ST Byte Stride Bucket -76 is equal to 4776
Global LD ST Byte Stride Bucket -74 is equal to 369
Global LD ST Byte Stride Bucket -72 is equal to 4929
Global LD ST Byte Stride Bucket -70 is equal to 613
Global LD ST Byte Stride Bucket -68 is equal to 8092
Global LD ST Byte Stride Bucket -66 is equal to 2048
Global LD ST Byte Stride Bucket -64 is equal to 15488
Global LD ST Byte Stride Bucket -62 is equal to 390
Global LD ST Byte Stride Bucket -60 is equal to 48843
Global LD ST Byte Stride Bucket -58 is equal to 436
Global LD ST Byte Stride Bucket -56 is equal to 217931
Global LD ST Byte Stride Bucket -54 is equal to 256
Global LD ST Byte Stride Bucket -52 is equal to 116245
Global LD ST Byte Stride Bucket -50 is equal to 572
Global LD ST Byte Stride Bucket -48 is equal to 59392
Global LD ST Byte Stride Bucket -46 is equal to 2825
Global LD ST Byte Stride Bucket -44 is equal to 9504
Global LD ST Byte Stride Bucket -42 is equal to 2178
Global LD ST Byte Stride Bucket -40 is equal to 58585
Global LD ST Byte Stride Bucket -38 is equal to 532
Global LD ST Byte Stride Bucket -36 is equal to 157131
Global LD ST Byte Stride Bucket -34 is equal to 454
Global LD ST Byte Stride Bucket -32 is equal to 173793
Global LD ST Byte Stride Bucket -30 is equal to 686
Global LD ST Byte Stride Bucket -28 is equal to 30918
Global LD ST Byte Stride Bucket -26 is equal to 1866
Global LD ST Byte Stride Bucket -24 is equal to 242937
Global LD ST Byte Stride Bucket -22 is equal to 20827
Global LD ST Byte Stride Bucket -20 is equal to 273305
Global LD ST Byte Stride Bucket -18 is equal to 1251
Global LD ST Byte Stride Bucket -16 is equal to 231975
Global LD ST Byte Stride Bucket -14 is equal to 556
Global LD ST Byte Stride Bucket -13 is equal to 1
Global LD ST Byte Stride Bucket -12 is equal to 341032
Global LD ST Byte Stride Bucket -10 is equal to 611
Global LD ST Byte Stride Bucket -9 is equal to 1
Global LD ST Byte Stride Bucket -8 is equal to 2167279
Global LD ST Byte Stride Bucket -6 is equal to 702
Global LD ST Byte Stride Bucket -4 is equal to 1225299
Global LD ST Byte Stride Bucket -2 is equal to 20311
Global LD ST Byte Stride Bucket 0 is equal to 2328869
Global LD ST Byte Stride Bucket 2 is equal to 17993
Global LD ST Byte Stride Bucket 4 is equal to 1419567
Global LD ST Byte Stride Bucket 6 is equal to 855
Global LD ST Byte Stride Bucket 8 is equal to 2813425
Global LD ST Byte Stride Bucket 9 is equal to 461
Global LD ST Byte Stride Bucket 10 is equal to 418
Global LD ST Byte Stride Bucket 12 is equal to 123303
Global LD ST Byte Stride Bucket 14 is equal to 280
Global LD ST Byte Stride Bucket 16 is equal to 351320
Global LD ST Byte Stride Bucket 18 is equal to 750
Global LD ST Byte Stride Bucket 20 is equal to 124743
Global LD ST Byte Stride Bucket 22 is equal to 20891
Global LD ST Byte Stride Bucket 24 is equal to 191922
Global LD ST Byte Stride Bucket 26 is equal to 1214
Global LD ST Byte Stride Bucket 28 is equal to 34053
Global LD ST Byte Stride Bucket 30 is equal to 589
Global LD ST Byte Stride Bucket 32 is equal to 134146
Global LD ST Byte Stride Bucket 34 is equal to 229
Global LD ST Byte Stride Bucket 36 is equal to 273677
Global LD ST Byte Stride Bucket 38 is equal to 265
Global LD ST Byte Stride Bucket 40 is equal to 62934
Global LD ST Byte Stride Bucket 42 is equal to 1318
Global LD ST Byte Stride Bucket 44 is equal to 154177
Global LD ST Byte Stride Bucket 46 is equal to 1793
Global LD ST Byte Stride Bucket 48 is equal to 79066
Global LD ST Byte Stride Bucket 50 is equal to 616
Global LD ST Byte Stride Bucket 52 is equal to 150587
Global LD ST Byte Stride Bucket 54 is equal to 353
Global LD ST Byte Stride Bucket 56 is equal to 36645
Global LD ST Byte Stride Bucket 57 is equal to 2
Global LD ST Byte Stride Bucket 58 is equal to 184
Global LD ST Byte Stride Bucket 60 is equal to 4751
Global LD ST Byte Stride Bucket 62 is equal to 296
Global LD ST Byte Stride Bucket 64 is equal to 7611
Global LD ST Byte Stride Bucket 66 is equal to 1058
Global LD ST Byte Stride Bucket 68 is equal to 549
Global LD ST Byte Stride Bucket 70 is equal to 263
Global LD ST Byte Stride Bucket 72 is equal to 1480
Global LD ST Byte Stride Bucket 74 is equal to 276
Global LD ST Byte Stride Bucket 76 is equal to 180
Global LD ST Byte Stride Bucket 78 is equal to 144
Global LD ST Byte Stride Bucket 80 is equal to 163
Global LD ST Byte Stride Bucket 82 is equal to 248
Global LD ST Byte Stride Bucket 84 is equal to 150306
Global LD ST Byte Stride Bucket 86 is equal to 324
Global LD ST Byte Stride Bucket 88 is equal to 43376
Global LD ST Byte Stride Bucket 90 is equal to 198
Global LD ST Byte Stride Bucket 92 is equal to 814
Global LD ST Byte Stride Bucket 94 is equal to 135
Global LD ST Byte Stride Bucket 96 is equal to 1278
Global LD ST Byte Stride Bucket 98 is equal to 111
Global LD ST Byte Stride Bucket 100 is equal to 136
Global LD ST Byte Stride Bucket 102 is equal to 137
Global LD ST Byte Stride Bucket 104 is equal to 1112
Global LD ST Byte Stride Bucket 106 is equal to 172
Global LD ST Byte Stride Bucket 108 is equal to 204
Global LD ST Byte Stride Bucket 110 is equal to 201
Global LD ST Byte Stride Bucket 112 is equal to 620
Global LD ST Byte Stride Bucket 114 is equal to 207
Global LD ST Byte Stride Bucket 116 is equal to 169
Global LD ST Byte Stride Bucket 118 is equal to 132
Global LD ST Byte Stride Bucket 120 is equal to 1865
Global LD ST Byte Stride Bucket 122 is equal to 83
Global LD ST Byte Stride Bucket 124 is equal to 94
Global LD ST Byte Stride Bucket 126 is equal to 88
Global LD ST Byte Stride Bucket 128 is equal to 142
Global LD ST Byte Stride Bucket 130 is equal to 101
Global LD ST Byte Stride Bucket 132 is equal to 135
Global LD ST Byte Stride Bucket 134 is equal to 126
Global LD ST Byte Stride Bucket 136 is equal to 970
Global LD ST Byte Stride Bucket 138 is equal to 84
Global LD ST Byte Stride Bucket 140 is equal to 76
Global LD ST Byte Stride Bucket 142 is equal to 64
Global LD ST Byte Stride Bucket 144 is equal to 92
Global LD ST Byte Stride Bucket 146 is equal to 70
Global LD ST Byte Stride Bucket 148 is equal to 59
Global LD ST Byte Stride Bucket 150 is equal to 70
Global LD ST Byte Stride Bucket 152 is equal to 1292
Global LD ST Byte Stride Bucket 154 is equal to 107
Global LD ST Byte Stride Bucket 156 is equal to 437
Global LD ST Byte Stride Bucket 158 is equal to 64
Global LD ST Byte Stride Bucket 160 is equal to 9325
Global LD ST Byte Stride Bucket 162 is equal to 44
Global LD ST Byte Stride Bucket 164 is equal to 46
Global LD ST Byte Stride Bucket 166 is equal to 24
Global LD ST Byte Stride Bucket 168 is equal to 50
Global LD ST Byte Stride Bucket 170 is equal to 50
Global LD ST Byte Stride Bucket 172 is equal to 59
Global LD ST Byte Stride Bucket 174 is equal to 56
Global LD ST Byte Stride Bucket 176 is equal to 12923
Global LD ST Byte Stride Bucket 178 is equal to 34
Global LD ST Byte Stride Bucket 180 is equal to 33
Global LD ST Byte Stride Bucket 182 is equal to 23
Global LD ST Byte Stride Bucket 184 is equal to 59141
Global LD ST Byte Stride Bucket 186 is equal to 10
Global LD ST Byte Stride Bucket 188 is equal to 6
Global LD ST Byte Stride Bucket 190 is equal to 2
Global LD ST Byte Stride Bucket 192 is equal to 1
Global LD ST Byte Stride Bucket 200 is equal to 9092
Global LD ST Byte Stride Bucket 220 is equal to 461
Global LD ST Byte Stride Bucket 224 is equal to 42675
Global LD ST Byte Stride Bucket 248 is equal to 3311
Global LD ST Byte Stride Bucket 256 is equal to 9869481

Global LD ST Cache Stride Bucket -256 is equal to 1831924
Global LD ST Cache Stride Bucket -255 is equal to 1
Global LD ST Cache Stride Bucket -254 is equal to 1
Global LD ST Cache Stride Bucket -253 is equal to 1
Global LD ST Cache Stride Bucket -252 is equal to 1
Global LD ST Cache Stride Bucket -251 is equal to 1
Global LD ST Cache Stride Bucket -250 is equal to 1
Global LD ST Cache Stride Bucket -249 is equal to 1
Global LD ST Cache Stride Bucket -248 is equal to 1
Global LD ST Cache Stride Bucket -247 is equal to 1
Global LD ST Cache Stride Bucket -246 is equal to 1
Global LD ST Cache Stride Bucket -245 is equal to 2
Global LD ST Cache Stride Bucket -244 is equal to 1
Global LD ST Cache Stride Bucket -243 is equal to 1
Global LD ST Cache Stride Bucket -242 is equal to 1
Global LD ST Cache Stride Bucket -241 is equal to 2
Global LD ST Cache Stride Bucket -240 is equal to 2
Global LD ST Cache Stride Bucket -239 is equal to 2
Global LD ST Cache Stride Bucket -238 is equal to 2
Global LD ST Cache Stride Bucket -237 is equal to 2
Global LD ST Cache Stride Bucket -236 is equal to 1
Global LD ST Cache Stride Bucket -235 is equal to 77
Global LD ST Cache Stride Bucket -234 is equal to 77
Global LD ST Cache Stride Bucket -231 is equal to 81
Global LD ST Cache Stride Bucket -230 is equal to 777
Global LD ST Cache Stride Bucket -229 is equal to 190
Global LD ST Cache Stride Bucket -228 is equal to 151
Global LD ST Cache Stride Bucket -227 is equal to 317
Global LD ST Cache Stride Bucket -222 is equal to 18
Global LD ST Cache Stride Bucket -187 is equal to 636
Global LD ST Cache Stride Bucket -186 is equal to 636
Global LD ST Cache Stride Bucket -184 is equal to 318
Global LD ST Cache Stride Bucket -183 is equal to 318
Global LD ST Cache Stride Bucket -181 is equal to 410
Global LD ST Cache Stride Bucket -177 is equal to 2
Global LD ST Cache Stride Bucket -176 is equal to 200
Global LD ST Cache Stride Bucket -175 is equal to 3
Global LD ST Cache Stride Bucket -174 is equal to 1
Global LD ST Cache Stride Bucket -173 is equal to 4
Global LD ST Cache Stride Bucket -172 is equal to 115
Global LD ST Cache Stride Bucket -171 is equal to 3056
Global LD ST Cache Stride Bucket -170 is equal to 32158
Global LD ST Cache Stride Bucket -169 is equal to 46256
Global LD ST Cache Stride Bucket -168 is equal to 45079
Global LD ST Cache Stride Bucket -167 is equal to 81359
Global LD ST Cache Stride Bucket -166 is equal to 155025
Global LD ST Cache Stride Bucket -165 is equal to 274753
Global LD ST Cache Stride Bucket -164 is equal to 189735
Global LD ST Cache Stride Bucket -163 is equal to 100059
Global LD ST Cache Stride Bucket -162 is equal to 79874
Global LD ST Cache Stride Bucket -161 is equal to 43821
Global LD ST Cache Stride Bucket -160 is equal to 15794
Global LD ST Cache Stride Bucket -159 is equal to 38739
Global LD ST Cache Stride Bucket -158 is equal to 54743
Global LD ST Cache Stride Bucket -157 is equal to 42693
Global LD ST Cache Stride Bucket -156 is equal to 78658
Global LD ST Cache Stride Bucket -155 is equal to 105863
Global LD ST Cache Stride Bucket -154 is equal to 71058
Global LD ST Cache Stride Bucket -153 is equal to 15238
Global LD ST Cache Stride Bucket -152 is equal to 31135
Global LD ST Cache Stride Bucket -151 is equal to 21566
Global LD ST Cache Stride Bucket -150 is equal to 13784
Global LD ST Cache Stride Bucket -149 is equal to 6676
Global LD ST Cache Stride Bucket -148 is equal to 7483
Global LD ST Cache Stride Bucket -147 is equal to 5271
Global LD ST Cache Stride Bucket -146 is equal to 3855
Global LD ST Cache Stride Bucket -145 is equal to 4987
Global LD ST Cache Stride Bucket -144 is equal to 6365
Global LD ST Cache Stride Bucket -143 is equal to 6894
Global LD ST Cache Stride Bucket -142 is equal to 11646
Global LD ST Cache Stride Bucket -141 is equal to 8753
Global LD ST Cache Stride Bucket -140 is equal to 26377
Global LD ST Cache Stride Bucket -139 is equal to 7161
Global LD ST Cache Stride Bucket -138 is equal to 23254
Global LD ST Cache Stride Bucket -137 is equal to 62843
Global LD ST Cache Stride Bucket -136 is equal to 47448
Global LD ST Cache Stride Bucket -135 is equal to 7714
Global LD ST Cache Stride Bucket -134 is equal to 3394
Global LD ST Cache Stride Bucket -133 is equal to 24830
Global LD ST Cache Stride Bucket -132 is equal to 1098
Global LD ST Cache Stride Bucket -131 is equal to 8077
Global LD ST Cache Stride Bucket -130 is equal to 16827
Global LD ST Cache Stride Bucket -129 is equal to 22957
Global LD ST Cache Stride Bucket -128 is equal to 17416
Global LD ST Cache Stride Bucket -127 is equal to 23862
Global LD ST Cache Stride Bucket -126 is equal to 72158
Global LD ST Cache Stride Bucket -125 is equal to 72223
Global LD ST Cache Stride Bucket -124 is equal to 68478
Global LD ST Cache Stride Bucket -123 is equal to 43896
Global LD ST Cache Stride Bucket -122 is equal to 18241
Global LD ST Cache Stride Bucket -121 is equal to 13367
Global LD ST Cache Stride Bucket -120 is equal to 14138
Global LD ST Cache Stride Bucket -119 is equal to 9934
Global LD ST Cache Stride Bucket -118 is equal to 13626
Global LD ST Cache Stride Bucket -117 is equal to 17332
Global LD ST Cache Stride Bucket -116 is equal to 23937
Global LD ST Cache Stride Bucket -115 is equal to 29919
Global LD ST Cache Stride Bucket -114 is equal to 41095
Global LD ST Cache Stride Bucket -113 is equal to 70399
Global LD ST Cache Stride Bucket -112 is equal to 52460
Global LD ST Cache Stride Bucket -111 is equal to 48758
Global LD ST Cache Stride Bucket -110 is equal to 8912
Global LD ST Cache Stride Bucket -109 is equal to 13040
Global LD ST Cache Stride Bucket -108 is equal to 11873
Global LD ST Cache Stride Bucket -107 is equal to 13323
Global LD ST Cache Stride Bucket -106 is equal to 11365
Global LD ST Cache Stride Bucket -105 is equal to 9528
Global LD ST Cache Stride Bucket -104 is equal to 8566
Global LD ST Cache Stride Bucket -103 is equal to 7961
Global LD ST Cache Stride Bucket -102 is equal to 20388
Global LD ST Cache Stride Bucket -101 is equal to 18381
Global LD ST Cache Stride Bucket -100 is equal to 113823
Global LD ST Cache Stride Bucket -99 is equal to 17858
Global LD ST Cache Stride Bucket -98 is equal to 96730
Global LD ST Cache Stride Bucket -97 is equal to 61894
Global LD ST Cache Stride Bucket -96 is equal to 166015
Global LD ST Cache Stride Bucket -95 is equal to 229353
Global LD ST Cache Stride Bucket -94 is equal to 205144
Global LD ST Cache Stride Bucket -93 is equal to 174402
Global LD ST Cache Stride Bucket -92 is equal to 178905
Global LD ST Cache Stride Bucket -91 is equal to 190582
Global LD ST Cache Stride Bucket -90 is equal to 130243
Global LD ST Cache Stride Bucket -89 is equal to 13769
Global LD ST Cache Stride Bucket -88 is equal to 6275
Global LD ST Cache Stride Bucket -87 is equal to 2865
Global LD ST Cache Stride Bucket -86 is equal to 2220
Global LD ST Cache Stride Bucket -85 is equal to 1180
Global LD ST Cache Stride Bucket -84 is equal to 970
Global LD ST Cache Stride Bucket -83 is equal to 490
Global LD ST Cache Stride Bucket -82 is equal to 2743
Global LD ST Cache Stride Bucket -81 is equal to 858
Global LD ST Cache Stride Bucket -80 is equal to 1310
Global LD ST Cache Stride Bucket -79 is equal to 4450
Global LD ST Cache Stride Bucket -78 is equal to 5657
Global LD ST Cache Stride Bucket -77 is equal to 7382
Global LD ST Cache Stride Bucket -76 is equal to 21295
Global LD ST Cache Stride Bucket -75 is equal to 40345
Global LD ST Cache Stride Bucket -74 is equal to 48611
Global LD ST Cache Stride Bucket -73 is equal to 47656
Global LD ST Cache Stride Bucket -72 is equal to 50468
Global LD ST Cache Stride Bucket -71 is equal to 78978
Global LD ST Cache Stride Bucket -70 is equal to 79896
Global LD ST Cache Stride Bucket -69 is equal to 47986
Global LD ST Cache Stride Bucket -68 is equal to 36750
Global LD ST Cache Stride Bucket -67 is equal to 164703
Global LD ST Cache Stride Bucket -66 is equal to 53019
Global LD ST Cache Stride Bucket -65 is equal to 49378
Global LD ST Cache Stride Bucket -64 is equal to 52873
Global LD ST Cache Stride Bucket -63 is equal to 37793
Global LD ST Cache Stride Bucket -62 is equal to 26180
Global LD ST Cache Stride Bucket -61 is equal to 23227
Global LD ST Cache Stride Bucket -60 is equal to 45070
Global LD ST Cache Stride Bucket -59 is equal to 25409
Global LD ST Cache Stride Bucket -58 is equal to 15529
Global LD ST Cache Stride Bucket -57 is equal to 48650
Global LD ST Cache Stride Bucket -56 is equal to 27492
Global LD ST Cache Stride Bucket -55 is equal to 95859
Global LD ST Cache Stride Bucket -54 is equal to 133196
Global LD ST Cache Stride Bucket -53 is equal to 107091
Global LD ST Cache Stride Bucket -52 is equal to 60238
Global LD ST Cache Stride Bucket -51 is equal to 10075
Global LD ST Cache Stride Bucket -50 is equal to 4606
Global LD ST Cache Stride Bucket -49 is equal to 2051
Global LD ST Cache Stride Bucket -48 is equal to 2180
Global LD ST Cache Stride Bucket -47 is equal to 1738
Global LD ST Cache Stride Bucket -46 is equal to 2971
Global LD ST Cache Stride Bucket -45 is equal to 1469
Global LD ST Cache Stride Bucket -44 is equal to 78
Global LD ST Cache Stride Bucket -43 is equal to 918
Global LD ST Cache Stride Bucket -42 is equal to 86220
Global LD ST Cache Stride Bucket -41 is equal to 153065
Global LD ST Cache Stride Bucket -40 is equal to 76157
Global LD ST Cache Stride Bucket -39 is equal to 60013
Global LD ST Cache Stride Bucket -38 is equal to 42632
Global LD ST Cache Stride Bucket -37 is equal to 725
Global LD ST Cache Stride Bucket -36 is equal to 4
Global LD ST Cache Stride Bucket -35 is equal to 465
Global LD ST Cache Stride Bucket -34 is equal to 1799
Global LD ST Cache Stride Bucket -33 is equal to 5
Global LD ST Cache Stride Bucket -32 is equal to 3462
Global LD ST Cache Stride Bucket -31 is equal to 2487
Global LD ST Cache Stride Bucket -30 is equal to 6014
Global LD ST Cache Stride Bucket -29 is equal to 4077
Global LD ST Cache Stride Bucket -28 is equal to 93797
Global LD ST Cache Stride Bucket -27 is equal to 149264
Global LD ST Cache Stride Bucket -26 is equal to 90238
Global LD ST Cache Stride Bucket -25 is equal to 78843
Global LD ST Cache Stride Bucket -24 is equal to 17362
Global LD ST Cache Stride Bucket -23 is equal to 34
Global LD ST Cache Stride Bucket -22 is equal to 642
Global LD ST Cache Stride Bucket -21 is equal to 1400
Global LD ST Cache Stride Bucket -20 is equal to 2036
Global LD ST Cache Stride Bucket -19 is equal to 702
Global LD ST Cache Stride Bucket -18 is equal to 1339
Global LD ST Cache Stride Bucket -17 is equal to 5221
Global LD ST Cache Stride Bucket -16 is equal to 13466
Global LD ST Cache Stride Bucket -15 is equal to 36979
Global LD ST Cache Stride Bucket -14 is equal to 245320
Global LD ST Cache Stride Bucket -13 is equal to 198690
Global LD ST Cache Stride Bucket -12 is equal to 88180
Global LD ST Cache Stride Bucket -11 is equal to 60682
Global LD ST Cache Stride Bucket -10 is equal to 13451
Global LD ST Cache Stride Bucket -9 is equal to 702
Global LD ST Cache Stride Bucket -8 is equal to 10112
Global LD ST Cache Stride Bucket -7 is equal to 14115
Global LD ST Cache Stride Bucket -6 is equal to 111382
Global LD ST Cache Stride Bucket -5 is equal to 123404
Global LD ST Cache Stride Bucket -4 is equal to 27120
Global LD ST Cache Stride Bucket -3 is equal to 117800
Global LD ST Cache Stride Bucket -2 is equal to 164556
Global LD ST Cache Stride Bucket -1 is equal to 1514309
Global LD ST Cache Stride Bucket 0 is equal to 11322580
Global LD ST Cache Stride Bucket 1 is equal to 1294505
Global LD ST Cache Stride Bucket 2 is equal to 72652
Global LD ST Cache Stride Bucket 3 is equal to 104217
Global LD ST Cache Stride Bucket 4 is equal to 39040
Global LD ST Cache Stride Bucket 5 is equal to 114214
Global LD ST Cache Stride Bucket 6 is equal to 109468
Global LD ST Cache Stride Bucket 7 is equal to 15002
Global LD ST Cache Stride Bucket 8 is equal to 636
Global LD ST Cache Stride Bucket 9 is equal to 2
Global LD ST Cache Stride Bucket 10 is equal to 30789
Global LD ST Cache Stride Bucket 11 is equal to 42343
Global LD ST Cache Stride Bucket 12 is equal to 111530
Global LD ST Cache Stride Bucket 13 is equal to 341955
Global LD ST Cache Stride Bucket 14 is equal to 580917
Global LD ST Cache Stride Bucket 15 is equal to 40828
Global LD ST Cache Stride Bucket 16 is equal to 14045
Global LD ST Cache Stride Bucket 17 is equal to 6711
Global LD ST Cache Stride Bucket 18 is equal to 2573
Global LD ST Cache Stride Bucket 21 is equal to 922
Global LD ST Cache Stride Bucket 22 is equal to 698
Global LD ST Cache Stride Bucket 23 is equal to 497
Global LD ST Cache Stride Bucket 24 is equal to 58179
Global LD ST Cache Stride Bucket 25 is equal to 143268
Global LD ST Cache Stride Bucket 26 is equal to 147281
Global LD ST Cache Stride Bucket 27 is equal to 200177
Global LD ST Cache Stride Bucket 28 is equal to 102762
Global LD ST Cache Stride Bucket 29 is equal to 9394
Global LD ST Cache Stride Bucket 30 is equal to 10643
Global LD ST Cache Stride Bucket 31 is equal to 5173
Global LD ST Cache Stride Bucket 32 is equal to 1878
Global LD ST Cache Stride Bucket 33 is equal to 6409
Global LD ST Cache Stride Bucket 34 is equal to 6410
Global LD ST Cache Stride Bucket 35 is equal to 1068
Global LD ST Cache Stride Bucket 36 is equal to 618
Global LD ST Cache Stride Bucket 37 is equal to 32322
Global LD ST Cache Stride Bucket 38 is equal to 135349
Global LD ST Cache Stride Bucket 39 is equal to 185995
Global LD ST Cache Stride Bucket 40 is equal to 249061
Global LD ST Cache Stride Bucket 41 is equal to 156619
Global LD ST Cache Stride Bucket 42 is equal to 26469
Global LD ST Cache Stride Bucket 43 is equal to 4969
Global LD ST Cache Stride Bucket 44 is equal to 6008
Global LD ST Cache Stride Bucket 45 is equal to 4392
Global LD ST Cache Stride Bucket 46 is equal to 3208
Global LD ST Cache Stride Bucket 47 is equal to 2788
Global LD ST Cache Stride Bucket 48 is equal to 3128
Global LD ST Cache Stride Bucket 49 is equal to 2528
Global LD ST Cache Stride Bucket 50 is equal to 3431
Global LD ST Cache Stride Bucket 51 is equal to 10910
Global LD ST Cache Stride Bucket 52 is equal to 29288
Global LD ST Cache Stride Bucket 53 is equal to 54995
Global LD ST Cache Stride Bucket 54 is equal to 66712
Global LD ST Cache Stride Bucket 55 is equal to 62038
Global LD ST Cache Stride Bucket 56 is equal to 29616
Global LD ST Cache Stride Bucket 57 is equal to 31449
Global LD ST Cache Stride Bucket 58 is equal to 57323
Global LD ST Cache Stride Bucket 59 is equal to 23430
Global LD ST Cache Stride Bucket 60 is equal to 19285
Global LD ST Cache Stride Bucket 61 is equal to 35128
Global LD ST Cache Stride Bucket 62 is equal to 26579
Global LD ST Cache Stride Bucket 63 is equal to 30052
Global LD ST Cache Stride Bucket 64 is equal to 30179
Global LD ST Cache Stride Bucket 65 is equal to 70431
Global LD ST Cache Stride Bucket 66 is equal to 72867
Global LD ST Cache Stride Bucket 67 is equal to 85051
Global LD ST Cache Stride Bucket 68 is equal to 162004
Global LD ST Cache Stride Bucket 69 is equal to 52768
Global LD ST Cache Stride Bucket 70 is equal to 36850
Global LD ST Cache Stride Bucket 71 is equal to 39331
Global LD ST Cache Stride Bucket 72 is equal to 42246
Global LD ST Cache Stride Bucket 73 is equal to 18635
Global LD ST Cache Stride Bucket 74 is equal to 13684
Global LD ST Cache Stride Bucket 75 is equal to 13434
Global LD ST Cache Stride Bucket 76 is equal to 6039
Global LD ST Cache Stride Bucket 77 is equal to 2025
Global LD ST Cache Stride Bucket 78 is equal to 1548
Global LD ST Cache Stride Bucket 79 is equal to 4331
Global LD ST Cache Stride Bucket 80 is equal to 25704
Global LD ST Cache Stride Bucket 81 is equal to 28029
Global LD ST Cache Stride Bucket 82 is equal to 29831
Global LD ST Cache Stride Bucket 83 is equal to 34797
Global LD ST Cache Stride Bucket 84 is equal to 51441
Global LD ST Cache Stride Bucket 85 is equal to 41895
Global LD ST Cache Stride Bucket 86 is equal to 32542
Global LD ST Cache Stride Bucket 87 is equal to 3664
Global LD ST Cache Stride Bucket 88 is equal to 3922
Global LD ST Cache Stride Bucket 89 is equal to 4155
Global LD ST Cache Stride Bucket 90 is equal to 36595
Global LD ST Cache Stride Bucket 91 is equal to 51493
Global LD ST Cache Stride Bucket 92 is equal to 44171
Global LD ST Cache Stride Bucket 93 is equal to 40094
Global LD ST Cache Stride Bucket 94 is equal to 49559
Global LD ST Cache Stride Bucket 95 is equal to 54563
Global LD ST Cache Stride Bucket 96 is equal to 50488
Global LD ST Cache Stride Bucket 97 is equal to 17943
Global LD ST Cache Stride Bucket 98 is equal to 19669
Global LD ST Cache Stride Bucket 99 is equal to 43340
Global LD ST Cache Stride Bucket 100 is equal to 9391
Global LD ST Cache Stride Bucket 101 is equal to 12440
Global LD ST Cache Stride Bucket 102 is equal to 8810
Global LD ST Cache Stride Bucket 103 is equal to 9319
Global LD ST Cache Stride Bucket 104 is equal to 2754
Global LD ST Cache Stride Bucket 105 is equal to 4180
Global LD ST Cache Stride Bucket 106 is equal to 4485
Global LD ST Cache Stride Bucket 107 is equal to 2807
Global LD ST Cache Stride Bucket 108 is equal to 5614
Global LD ST Cache Stride Bucket 109 is equal to 8751
Global LD ST Cache Stride Bucket 110 is equal to 7669
Global LD ST Cache Stride Bucket 111 is equal to 11539
Global LD ST Cache Stride Bucket 112 is equal to 24315
Global LD ST Cache Stride Bucket 113 is equal to 25142
Global LD ST Cache Stride Bucket 114 is equal to 19949
Global LD ST Cache Stride Bucket 115 is equal to 8441
Global LD ST Cache Stride Bucket 116 is equal to 6654
Global LD ST Cache Stride Bucket 117 is equal to 4743
Global LD ST Cache Stride Bucket 118 is equal to 3373
Global LD ST Cache Stride Bucket 119 is equal to 2168
Global LD ST Cache Stride Bucket 120 is equal to 2209
Global LD ST Cache Stride Bucket 121 is equal to 3075
Global LD ST Cache Stride Bucket 122 is equal to 3213
Global LD ST Cache Stride Bucket 123 is equal to 2695
Global LD ST Cache Stride Bucket 124 is equal to 3515
Global LD ST Cache Stride Bucket 125 is equal to 48560
Global LD ST Cache Stride Bucket 126 is equal to 136050
Global LD ST Cache Stride Bucket 127 is equal to 11260
Global LD ST Cache Stride Bucket 128 is equal to 4475
Global LD ST Cache Stride Bucket 129 is equal to 5830
Global LD ST Cache Stride Bucket 130 is equal to 5650
Global LD ST Cache Stride Bucket 131 is equal to 3436
Global LD ST Cache Stride Bucket 132 is equal to 1185
Global LD ST Cache Stride Bucket 133 is equal to 4026
Global LD ST Cache Stride Bucket 134 is equal to 8694
Global LD ST Cache Stride Bucket 135 is equal to 3741
Global LD ST Cache Stride Bucket 136 is equal to 5125
Global LD ST Cache Stride Bucket 137 is equal to 6262
Global LD ST Cache Stride Bucket 138 is equal to 15537
Global LD ST Cache Stride Bucket 139 is equal to 7982
Global LD ST Cache Stride Bucket 140 is equal to 20609
Global LD ST Cache Stride Bucket 141 is equal to 23115
Global LD ST Cache Stride Bucket 142 is equal to 17582
Global LD ST Cache Stride Bucket 143 is equal to 16461
Global LD ST Cache Stride Bucket 144 is equal to 14807
Global LD ST Cache Stride Bucket 145 is equal to 12435
Global LD ST Cache Stride Bucket 146 is equal to 8777
Global LD ST Cache Stride Bucket 147 is equal to 11649
Global LD ST Cache Stride Bucket 148 is equal to 17122
Global LD ST Cache Stride Bucket 149 is equal to 15185
Global LD ST Cache Stride Bucket 150 is equal to 27946
Global LD ST Cache Stride Bucket 151 is equal to 49282
Global LD ST Cache Stride Bucket 152 is equal to 67562
Global LD ST Cache Stride Bucket 153 is equal to 60117
Global LD ST Cache Stride Bucket 154 is equal to 129063
Global LD ST Cache Stride Bucket 155 is equal to 172526
Global LD ST Cache Stride Bucket 156 is equal to 100466
Global LD ST Cache Stride Bucket 157 is equal to 61032
Global LD ST Cache Stride Bucket 158 is equal to 106092
Global LD ST Cache Stride Bucket 159 is equal to 58120
Global LD ST Cache Stride Bucket 160 is equal to 36715
Global LD ST Cache Stride Bucket 161 is equal to 77623
Global LD ST Cache Stride Bucket 162 is equal to 105592
Global LD ST Cache Stride Bucket 163 is equal to 124069
Global LD ST Cache Stride Bucket 164 is equal to 271936
Global LD ST Cache Stride Bucket 165 is equal to 503700
Global LD ST Cache Stride Bucket 166 is equal to 238187
Global LD ST Cache Stride Bucket 167 is equal to 125607
Global LD ST Cache Stride Bucket 168 is equal to 100701
Global LD ST Cache Stride Bucket 169 is equal to 78526
Global LD ST Cache Stride Bucket 170 is equal to 38735
Global LD ST Cache Stride Bucket 171 is equal to 2761
Global LD ST Cache Stride Bucket 172 is equal to 6089
Global LD ST Cache Stride Bucket 173 is equal to 2477
Global LD ST Cache Stride Bucket 208 is equal to 636
Global LD ST Cache Stride Bucket 227 is equal to 453
Global LD ST Cache Stride Bucket 228 is equal to 61
Global LD ST Cache Stride Bucket 229 is equal to 949
Global LD ST Cache Stride Bucket 230 is equal to 486
Global LD ST Cache Stride Bucket 231 is equal to 74
Global LD ST Cache Stride Bucket 232 is equal to 31
Global LD ST Cache Stride Bucket 234 is equal to 150
Global LD ST Cache Stride Bucket 235 is equal to 636
Global LD ST Cache Stride Bucket 255 is equal to 13
Global LD ST Cache Stride Bucket 256 is equal to 1974353


            "-256": "9321755",
            "-255": "0",
            "-254": "0",
            "-253": "0",
            "-252": "0",
            "-251": "0",
            "-250": "0",
            "-249": "0",
            "-248": "8712",
            "-247": "0",
            "-246": "0",
            "-245": "0",
            "-244": "0",
            "-243": "0",
            "-242": "0",
            "-241": "0",
            "-240": "0",
            "-239": "0",
            "-238": "0",
            "-237": "0",
            "-236": "0",
            "-235": "0",
            "-234": "0",
            "-233": "0",
            "-232": "0",
            "-231": "0",
            "-230": "0",
            "-229": "0",
            "-228": "2063",
            "-227": "0",
            "-226": "0",
            "-225": "0",
            "-224": "0",
            "-223": "0",
            "-222": "0",
            "-221": "0",
            "-220": "0",
            "-219": "0",
            "-218": "0",
            "-217": "0",
            "-216": "39830",
            "-215": "0",
            "-214": "0",
            "-213": "0",
            "-212": "0",
            "-211": "0",
            "-210": "0",
            "-209": "0",
            "-208": "0",
            "-207": "0",
            "-206": "0",
            "-205": "0",
            "-204": "0",
            "-203": "0",
            "-202": "0",
            "-201": "0",
            "-200": "0",
            "-199": "0",
            "-198": "0",
            "-197": "0",
            "-196": "0",
            "-195": "0",
            "-194": "0",
            "-193": "0",
            "-192": "4",
            "-191": "0",
            "-190": "18",
            "-189": "0",
            "-188": "8663",
            "-187": "0",
            "-186": "33",
            "-185": "0",
            "-184": "8283",
            "-183": "0",
            "-182": "66",
            "-181": "0",
            "-180": "65",
            "-179": "0",
            "-178": "67",
            "-177": "0",
            "-176": "62180",
            "-175": "0",
            "-174": "38",
            "-173": "0",
            "-172": "32",
            "-171": "0",
            "-170": "49",
            "-169": "0",
            "-168": "4744",
            "-167": "0",
            "-166": "63",
            "-165": "0",
            "-164": "3873",
            "-163": "0",
            "-162": "124",
            "-161": "0",
            "-160": "9006",
            "-159": "0",
            "-158": "131",
            "-157": "0",
            "-156": "137",
            "-155": "0",
            "-154": "106",
            "-153": "0",
            "-152": "370",
            "-151": "0",
            "-150": "56",
            "-149": "0",
            "-148": "94",
            "-147": "0",
            "-146": "75",
            "-145": "0",
            "-144": "1882",
            "-143": "0",
            "-142": "196",
            "-141": "0",
            "-140": "168",
            "-139": "0",
            "-138": "257",
            "-137": "0",
            "-136": "620",
            "-135": "0",
            "-134": "334",
            "-133": "0",
            "-132": "726",
            "-131": "0",
            "-130": "223",
            "-129": "0",
            "-128": "1443",
            "-127": "0",
            "-126": "189",
            "-125": "0",
            "-124": "2871",
            "-123": "0",
            "-122": "263",
            "-121": "0",
            "-120": "20234",
            "-119": "0",
            "-118": "174",
            "-117": "0",
            "-116": "10824",
            "-115": "0",
            "-114": "361",
            "-113": "0",
            "-112": "11524",
            "-111": "0",
            "-110": "509",
            "-109": "0",
            "-108": "7708",
            "-107": "0",
            "-106": "177",
            "-105": "0",
            "-104": "6529",
            "-103": "0",
            "-102": "275",
            "-101": "0",
            "-100": "9882",
            "-99": "0",
            "-98": "174",
            "-97": "0",
            "-96": "152278",
            "-95": "0",
            "-94": "279",
            "-93": "0",
            "-92": "5783",
            "-91": "0",
            "-90": "635",
            "-89": "0",
            "-88": "48541",
            "-87": "0",
            "-86": "441",
            "-85": "0",
            "-84": "8179",
            "-83": "0",
            "-82": "261",
            "-81": "0",
            "-80": "69691",
            "-79": "0",
            "-78": "357",
            "-77": "0",
            "-76": "4776",
            "-75": "0",
            "-74": "369",
            "-73": "0",
            "-72": "4929",
            "-71": "0",
            "-70": "613",
            "-69": "0",
            "-68": "8092",
            "-67": "0",
            "-66": "2048",
            "-65": "0",
            "-64": "15488",
            "-63": "0",
            "-62": "390",
            "-61": "0",
            "-60": "48843",
            "-59": "0",
            "-58": "436",
            "-57": "0",
            "-56": "217931",
            "-55": "0",
            "-54": "256",
            "-53": "0",
            "-52": "116245",
            "-51": "0",
            "-50": "572",
            "-49": "0",
            "-48": "59392",
            "-47": "0",
            "-46": "2825",
            "-45": "0",
            "-44": "9504",
            "-43": "0",
            "-42": "2178",
            "-41": "0",
            "-40": "58585",
            "-39": "0",
            "-38": "532",
            "-37": "0",
            "-36": "157131",
            "-35": "0",
            "-34": "454",
            "-33": "0",
            "-32": "173793",
            "-31": "0",
            "-30": "686",
            "-29": "0",
            "-28": "30918",
            "-27": "0",
            "-26": "1866",
            "-25": "0",
            "-24": "242937",
            "-23": "0",
            "-22": "20827",
            "-21": "0",
            "-20": "273305",
            "-19": "0",
            "-18": "1251",
            "-17": "0",
            "-16": "231975",
            "-15": "0",
            "-14": "556",
            "-13": "1",
            "-12": "341032",
            "-11": "0",
            "-10": "611",
            "-9": "1",
            "-8": "2167279",
            "-7": "0",
            "-6": "702",
            "-5": "0",
            "-4": "1225299",
            "-3": "0",
            "-2": "20311",
            "-1": "0",
            "0": "2328869",
            "1": "0",
            "2": "17993",
            "3": "0",
            "4": "1419567",
            "5": "0",
            "6": "855",
            "7": "0",
            "8": "2813425",
            "9": "461",
            "10": "418",
            "11": "0",
            "12": "123303",
            "13": "0",
            "14": "280",
            "15": "0",
            "16": "351320",
            "17": "0",
            "18": "750",
            "19": "0",
            "20": "124743",
            "21": "0",
            "22": "20891",
            "23": "0",
            "24": "191922",
            "25": "0",
            "26": "1214",
            "27": "0",
            "28": "34053",
            "29": "0",
            "30": "589",
            "31": "0",
            "32": "134146",
            "33": "0",
            "34": "229",
            "35": "0",
            "36": "273677",
            "37": "0",
            "38": "265",
            "39": "0",
            "40": "62934",
            "41": "0",
            "42": "1318",
            "43": "0",
            "44": "154177",
            "45": "0",
            "46": "1793",
            "47": "0",
            "48": "79066",
            "49": "0",
            "50": "616",
            "51": "0",
            "52": "150587",
            "53": "0",
            "54": "353",
            "55": "0",
            "56": "36645",
            "57": "2",
            "58": "184",
            "59": "0",
            "60": "4751",
            "61": "0",
            "62": "296",
            "63": "0",
            "64": "7611",
            "65": "0",
            "66": "1058",
            "67": "0",
            "68": "549",
            "69": "0",
            "70": "263",
            "71": "0",
            "72": "1480",
            "73": "0",
            "74": "276",
            "75": "0",
            "76": "180",
            "77": "0",
            "78": "144",
            "79": "0",
            "80": "163",
            "81": "0",
            "82": "248",
            "83": "0",
            "84": "150306",
            "85": "0",
            "86": "324",
            "87": "0",
            "88": "43376",
            "89": "0",
            "90": "198",
            "91": "0",
            "92": "814",
            "93": "0",
            "94": "135",
            "95": "0",
            "96": "1278",
            "97": "0",
            "98": "111",
            "99": "0",
            "100": "136",
            "101": "0",
            "102": "137",
            "103": "0",
            "104": "1112",
            "105": "0",
            "106": "172",
            "107": "0",
            "108": "204",
            "109": "0",
            "110": "201",
            "111": "0",
            "112": "620",
            "113": "0",
            "114": "207",
            "115": "0",
            "116": "169",
            "117": "0",
            "118": "132",
            "119": "0",
            "120": "1865",
            "121": "0",
            "122": "83",
            "123": "0",
            "124": "94",
            "125": "0",
            "126": "88",
            "127": "0",
            "128": "142",
            "129": "0",
            "130": "101",
            "131": "0",
            "132": "135",
            "133": "0",
            "134": "126",
            "135": "0",
            "136": "970",
            "137": "0",
            "138": "84",
            "139": "0",
            "140": "76",
            "141": "0",
            "142": "64",
            "143": "0",
            "144": "92",
            "145": "0",
            "146": "70",
            "147": "0",
            "148": "59",
            "149": "0",
            "150": "70",
            "151": "0",
            "152": "1292",
            "153": "0",
            "154": "107",
            "155": "0",
            "156": "437",
            "157": "0",
            "158": "64",
            "159": "0",
            "160": "9325",
            "161": "0",
            "162": "44",
            "163": "0",
            "164": "46",
            "165": "0",
            "166": "24",
            "167": "0",
            "168": "50",
            "169": "0",
            "170": "50",
            "171": "0",
            "172": "59",
            "173": "0",
            "174": "56",
            "175": "0",
            "176": "12923",
            "177": "0",
            "178": "34",
            "179": "0",
            "180": "33",
            "181": "0",
            "182": "23",
            "183": "0",
            "184": "59141",
            "185": "0",
            "186": "10",
            "187": "0",
            "188": "6",
            "189": "0",
            "190": "2",
            "191": "0",
            "192": "1",
            "193": "0",
            "194": "0",
            "195": "0",
            "196": "0",
            "197": "0",
            "198": "0",
            "199": "0",
            "200": "9092",
            "201": "0",
            "202": "0",
            "203": "0",
            "204": "0",
            "205": "0",
            "206": "0",
            "207": "0",
            "208": "0",
            "209": "0",
            "210": "0",
            "211": "0",
            "212": "0",
            "213": "0",
            "214": "0",
            "215": "0",
            "216": "0",
            "217": "0",
            "218": "0",
            "219": "0",
            "220": "461",
            "221": "0",
            "222": "0",
            "223": "0",
            "224": "42675",
            "225": "0",
            "226": "0",
            "227": "0",
            "228": "0",
            "229": "0",
            "230": "0",
            "231": "0",
            "232": "0",
            "233": "0",
            "234": "0",
            "235": "0",
            "236": "0",
            "237": "0",
            "238": "0",
            "239": "0",
            "240": "0",
            "241": "0",
            "242": "0",
            "243": "0",
            "244": "0",
            "245": "0",
            "246": "0",
            "247": "0",
            "248": "3311",
            "249": "0",
            "250": "0",
            "251": "0",
            "252": "0",
            "253": "0",
            "254": "0",
            "255": "0",
            "256": "9869481",


# END_DYNAMIC_STATS
