# Mix output version 2
# FINI: end of program
# EMIT_DYNAMIC_STATS FOR TID 1, ins = 100101501
Dynamic Instruction Count = 100101501, Dyn BBL Count = 16108104
RAWdep[ 0] = 0
RAWdep[ 1] = 43504649
RAWdep[ 2] = 18580601
RAWdep[ 3] = 14501446
RAWdep[ 4] = 8202832
RAWdep[ 5] = 4259160
RAWdep[ 6] = 4571882
RAWdep[ 7] = 3041436
RAWdep[ 8] = 2535143
RAWdep[ 9] = 2713744
RAWdep[ 10] = 2139404
RAWdep[ 11] = 1997690
RAWdep[ 12] = 1135523
RAWdep[ 13] = 1658173
RAWdep[ 14] = 798123
RAWdep[ 15] = 1044193
RAWdep[ 16] = 1091393
RAWdep[ 17] = 972997
RAWdep[ 18] = 455802
RAWdep[ 19] = 881471
RAWdep[ 20] = 814161
RAWdep[ 21] = 502158
RAWdep[ 22] = 703629
RAWdep[ 23] = 837896
RAWdep[ 24] = 780312
RAWdep[ 25] = 398925
RAWdep[ 26] = 213778
RAWdep[ 27] = 391596
RAWdep[ 28] = 644771
RAWdep[ 29] = 920519
RAWdep[ 30] = 452972
RAWdep[ 31] = 554927
RAWdep[ 32] = 885207
RAWdep[ 33] = 28828709

WAWdep[ 0] = 0
WAWdep[ 1] = 26361729
WAWdep[ 2] = 19852906
WAWdep[ 3] = 16489767
WAWdep[ 4] = 7909307
WAWdep[ 5] = 5209328
WAWdep[ 6] = 6013857
WAWdep[ 7] = 3106476
WAWdep[ 8] = 2626592
WAWdep[ 9] = 3453737
WAWdep[ 10] = 2641053
WAWdep[ 11] = 1475792
WAWdep[ 12] = 1332014
WAWdep[ 13] = 2293442
WAWdep[ 14] = 1252613
WAWdep[ 15] = 1115420
WAWdep[ 16] = 1058255
WAWdep[ 17] = 918430
WAWdep[ 18] = 495276
WAWdep[ 19] = 760880
WAWdep[ 20] = 845219
WAWdep[ 21] = 708574
WAWdep[ 22] = 360516
WAWdep[ 23] = 376339
WAWdep[ 24] = 1134533
WAWdep[ 25] = 292155
WAWdep[ 26] = 202716
WAWdep[ 27] = 571852
WAWdep[ 28] = 329029
WAWdep[ 29] = 269151
WAWdep[ 30] = 208556
WAWdep[ 31] = 178122
WAWdep[ 32] = 831005
WAWdep[ 33] = 15310439

WARdep[ 0] = 46300020
WARdep[ 1] = 10166040
WARdep[ 2] = 8819838
WARdep[ 3] = 5628452
WARdep[ 4] = 4276631
WARdep[ 5] = 4246868
WARdep[ 6] = 2770136
WARdep[ 7] = 3319829
WARdep[ 8] = 2928496
WARdep[ 9] = 2009910
WARdep[ 10] = 2694542
WARdep[ 11] = 1976484
WARdep[ 12] = 1353305
WARdep[ 13] = 1536948
WARdep[ 14] = 1070013
WARdep[ 15] = 881026
WARdep[ 16] = 1134631
WARdep[ 17] = 693157
WARdep[ 18] = 1094775
WARdep[ 19] = 1356127
WARdep[ 20] = 1116243
WARdep[ 21] = 751009
WARdep[ 22] = 1025999
WARdep[ 23] = 441306
WARdep[ 24] = 876086
WARdep[ 25] = 907413
WARdep[ 26] = 1090278
WARdep[ 27] = 624678
WARdep[ 28] = 450717
WARdep[ 29] = 482191
WARdep[ 30] = 393392
WARdep[ 31] = 563905
WARdep[ 32] = 527278
WARdep[ 33] = 12477357


		"0": "0",
		"1": "43504649",
		"2": "18580601",
		"3": "14501446",
		"4": "8202832",
		"5": "4259160",
		"6": "4571882",
		"7": "3041436",
		"8": "2535143",
		"9": "2713744",
		"10": "2139404",
		"11": "1997690",
		"12": "1135523",
		"13": "1658173",
		"14": "798123",
		"15": "1044193",
		"16": "1091393",
		"17": "972997",
		"18": "455802",
		"19": "881471",
		"20": "814161",
		"21": "502158",
		"22": "703629",
		"23": "837896",
		"24": "780312",
		"25": "398925",
		"26": "213778",
		"27": "391596",
		"28": "644771",
		"29": "920519",
		"30": "452972",
		"31": "554927",
		"32": "885207",
		"33": "28828709",


# END_DYNAMIC_STATS
