# Branch output version 3
Dynamic_Instruction_Count: 100101479
Dynamic_Conditional_Branch_Count: 6128267
Dynamic_Unconditional_Branch_Count: 4538962
Total_Taken_Branches: 7805912
Total_Branch_Transitions: 1196934

Local Branch Stats (Total Count; Taken Count; Transition Count)
226960 113480 226959
907840 794360 226959
113481 0 0
107484 17185 34370
1088550 107484 144111
981066 884771 192590
113480 77541 237
35939 35819 204
113480 0 0
107521 17203 34406
1088544 107521 144108
981023 884746 192553
113480 77541 237
35939 35819 200
113480 113480 0
