# Mix output version 2
# FINI: end of program
# EMIT_DYNAMIC_STATS FOR TID 1, ins = 100101479
Dynamic Instruction Count = 100101479, Dyn BBL Count = 11348112
RAWdep[ 0] = 0
RAWdep[ 1] = 38399598
RAWdep[ 2] = 19044302
RAWdep[ 3] = 16395052
RAWdep[ 4] = 8045730
RAWdep[ 5] = 4481443
RAWdep[ 6] = 3165486
RAWdep[ 7] = 261469
RAWdep[ 8] = 907842
RAWdep[ 9] = 1702316
RAWdep[ 10] = 244855
RAWdep[ 11] = 454160
RAWdep[ 12] = 1039216
RAWdep[ 13] = 1702206
RAWdep[ 14] = 1134881
RAWdep[ 15] = 347395
RAWdep[ 16] = 340681
RAWdep[ 17] = 347274
RAWdep[ 18] = 113480
RAWdep[ 19] = 2042661
RAWdep[ 20] = 123570
RAWdep[ 21] = 1
RAWdep[ 22] = 350410
RAWdep[ 23] = 340441
RAWdep[ 24] = 226974
RAWdep[ 25] = 114823
RAWdep[ 26] = 226961
RAWdep[ 27] = 114823
RAWdep[ 28] = 226960
RAWdep[ 29] = 340444
RAWdep[ 30] = 101
RAWdep[ 31] = 453921
RAWdep[ 32] = 227063
RAWdep[ 33] = 51430394

WAWdep[ 0] = 0
WAWdep[ 1] = 46300384
WAWdep[ 2] = 17094988
WAWdep[ 3] = 17768656
WAWdep[ 4] = 9585971
WAWdep[ 5] = 8884505
WAWdep[ 6] = 1569879
WAWdep[ 7] = 1815682
WAWdep[ 8] = 907962
WAWdep[ 9] = 2400207
WAWdep[ 10] = 1248280
WAWdep[ 11] = 367089
WAWdep[ 12] = 2156120
WAWdep[ 13] = 1134801
WAWdep[ 14] = 689912
WAWdep[ 15] = 0
WAWdep[ 16] = 133671
WAWdep[ 17] = 1134858
WAWdep[ 18] = 454042
WAWdep[ 19] = 3407869
WAWdep[ 20] = 0
WAWdep[ 21] = 9636
WAWdep[ 22] = 159
WAWdep[ 23] = 453920
WAWdep[ 24] = 157510
WAWdep[ 25] = 58
WAWdep[ 26] = 15881
WAWdep[ 27] = 10
WAWdep[ 28] = 113480
WAWdep[ 29] = 249666
WAWdep[ 30] = 39
WAWdep[ 31] = 113596
WAWdep[ 32] = 113487
WAWdep[ 33] = 10983843

WARdep[ 0] = 52903618
WARdep[ 1] = 12689418
WARdep[ 2] = 5820659
WARdep[ 3] = 7669236
WARdep[ 4] = 3291166
WARdep[ 5] = 1624424
WARdep[ 6] = 3858207
WARdep[ 7] = 1929166
WARdep[ 8] = 1588846
WARdep[ 9] = 2496567
WARdep[ 10] = 1475247
WARdep[ 11] = 3290926
WARdep[ 12] = 1361767
WARdep[ 13] = 1134804
WARdep[ 14] = 226960
WARdep[ 15] = 1134802
WARdep[ 16] = 1021440
WARdep[ 17] = 908080
WARdep[ 18] = 907841
WARdep[ 19] = 340440
WARdep[ 20] = 226960
WARdep[ 21] = 113480
WARdep[ 22] = 113480
WARdep[ 23] = 226961
WARdep[ 24] = 226961
WARdep[ 25] = 340440
WARdep[ 26] = 340440
WARdep[ 27] = 0
WARdep[ 28] = 113480
WARdep[ 29] = 226961
WARdep[ 30] = 246444
WARdep[ 31] = 226960
WARdep[ 32] = 0
WARdep[ 33] = 21189980


		"0": "0",
		"1": "38399598",
		"2": "19044302",
		"3": "16395052",
		"4": "8045730",
		"5": "4481443",
		"6": "3165486",
		"7": "261469",
		"8": "907842",
		"9": "1702316",
		"10": "244855",
		"11": "454160",
		"12": "1039216",
		"13": "1702206",
		"14": "1134881",
		"15": "347395",
		"16": "340681",
		"17": "347274",
		"18": "113480",
		"19": "2042661",
		"20": "123570",
		"21": "1",
		"22": "350410",
		"23": "340441",
		"24": "226974",
		"25": "114823",
		"26": "226961",
		"27": "114823",
		"28": "226960",
		"29": "340444",
		"30": "101",
		"31": "453921",
		"32": "227063",
		"33": "51430394",


# END_DYNAMIC_STATS
