# Mix output version 2
# FINI: end of program
# EMIT_DYNAMIC_STATS FOR TID 1, ins = 100001518
Dynamic Instruction Count = 100001518, Dyn BBL Count = 13126195
RAWdep[ 0] = 0
RAWdep[ 1] = 32789412
RAWdep[ 2] = 16072055
RAWdep[ 3] = 11012133
RAWdep[ 4] = 6225117
RAWdep[ 5] = 3210804
RAWdep[ 6] = 3472205
RAWdep[ 7] = 2911755
RAWdep[ 8] = 3100034
RAWdep[ 9] = 2736042
RAWdep[ 10] = 2300659
RAWdep[ 11] = 1527739
RAWdep[ 12] = 2303307
RAWdep[ 13] = 2020317
RAWdep[ 14] = 1600326
RAWdep[ 15] = 597334
RAWdep[ 16] = 1571470
RAWdep[ 17] = 579582
RAWdep[ 18] = 980546
RAWdep[ 19] = 1351890
RAWdep[ 20] = 617922
RAWdep[ 21] = 1157559
RAWdep[ 22] = 581838
RAWdep[ 23] = 1315772
RAWdep[ 24] = 2825251
RAWdep[ 25] = 451322
RAWdep[ 26] = 404814
RAWdep[ 27] = 402177
RAWdep[ 28] = 641604
RAWdep[ 29] = 578639
RAWdep[ 30] = 418785
RAWdep[ 31] = 243789
RAWdep[ 32] = 619495
RAWdep[ 33] = 46331843

WAWdep[ 0] = 0
WAWdep[ 1] = 26178942
WAWdep[ 2] = 21006856
WAWdep[ 3] = 10724270
WAWdep[ 4] = 8962014
WAWdep[ 5] = 4923514
WAWdep[ 6] = 4726135
WAWdep[ 7] = 4917173
WAWdep[ 8] = 3106786
WAWdep[ 9] = 1691752
WAWdep[ 10] = 1441815
WAWdep[ 11] = 944390
WAWdep[ 12] = 1430958
WAWdep[ 13] = 2107082
WAWdep[ 14] = 1101698
WAWdep[ 15] = 853217
WAWdep[ 16] = 621170
WAWdep[ 17] = 667653
WAWdep[ 18] = 485581
WAWdep[ 19] = 899695
WAWdep[ 20] = 532970
WAWdep[ 21] = 770765
WAWdep[ 22] = 453576
WAWdep[ 23] = 472901
WAWdep[ 24] = 2411009
WAWdep[ 25] = 825729
WAWdep[ 26] = 204942
WAWdep[ 27] = 299124
WAWdep[ 28] = 257484
WAWdep[ 29] = 564792
WAWdep[ 30] = 329493
WAWdep[ 31] = 229452
WAWdep[ 32] = 800562
WAWdep[ 33] = 12622537

WARdep[ 0] = 43059949
WARdep[ 1] = 11370935
WARdep[ 2] = 5348952
WARdep[ 3] = 4750562
WARdep[ 4] = 5249387
WARdep[ 5] = 3688442
WARdep[ 6] = 3370832
WARdep[ 7] = 2549608
WARdep[ 8] = 1896406
WARdep[ 9] = 2426873
WARdep[ 10] = 1395107
WARdep[ 11] = 1760559
WARdep[ 12] = 2340030
WARdep[ 13] = 1925740
WARdep[ 14] = 1457070
WARdep[ 15] = 1244311
WARdep[ 16] = 1381638
WARdep[ 17] = 777397
WARdep[ 18] = 1081736
WARdep[ 19] = 820245
WARdep[ 20] = 1253675
WARdep[ 21] = 389521
WARdep[ 22] = 1168282
WARdep[ 23] = 704691
WARdep[ 24] = 555649
WARdep[ 25] = 580791
WARdep[ 26] = 493849
WARdep[ 27] = 218913
WARdep[ 28] = 396516
WARdep[ 29] = 261651
WARdep[ 30] = 302440
WARdep[ 31] = 480548
WARdep[ 32] = 373273
WARdep[ 33] = 12490459


		"0": "0",
		"1": "32789412",
		"2": "16072055",
		"3": "11012133",
		"4": "6225117",
		"5": "3210804",
		"6": "3472205",
		"7": "2911755",
		"8": "3100034",
		"9": "2736042",
		"10": "2300659",
		"11": "1527739",
		"12": "2303307",
		"13": "2020317",
		"14": "1600326",
		"15": "597334",
		"16": "1571470",
		"17": "579582",
		"18": "980546",
		"19": "1351890",
		"20": "617922",
		"21": "1157559",
		"22": "581838",
		"23": "1315772",
		"24": "2825251",
		"25": "451322",
		"26": "404814",
		"27": "402177",
		"28": "641604",
		"29": "578639",
		"30": "418785",
		"31": "243789",
		"32": "619495",
		"33": "46331843",


# END_DYNAMIC_STATS
