# Branch output version 3
Dynamic_Instruction_Count: 100101500
Dynamic_Conditional_Branch_Count: 10514148
Dynamic_Unconditional_Branch_Count: 5606000
Total_Taken_Branches: 10129035
Total_Branch_Transitions: 2801946

Local Branch Stats (Total Count; Taken Count; Transition Count)
1164 395 481
769 110 176
1164 873 581
291 0 0
291 144 279
147 147 0
395 248 292
147 0 0
110 2 4
108 51 50
291 0 0
291 0 0
291 0 0
291 0 0
291 291 0
11931 0 0
11931 0 0
11931 0 0
11931 0 0
12222 11931 581
291 4 8
287 0 0
287 143 285
147 147 0
4 0 0
2 0 0
2 0 0
2 0 0
2 0 0
291 0 0
291 144 285
147 0 0
291 144 285
147 0 0
288 288 0
288 0 0
288 288 0
288 0 0
288 0 0
288 288 0
288 0 0
288 0 0
288 288 0
144 144 0
144 0 0
30110 9329 12048
25997 2094 4179
51984 30110 18522
25987 25345 1284
2736 2592 287
9329 5216 3258
144 144 0
38194 144 288
38050 0 0
38050 0 0
38050 910 1532
37284 32994 287
4290 10 20
59037 293 585
437 146 287
293 293 0
146 2 3
293 0 0
293 2 4
291 291 0
2 0 0
144 144 0
144 0 0
144 144 0
144 0 0
144 0 0
144 0 0
144 0 0
144 0 0
144 144 0
144 144 0
144 0 0
144 144 0
144 0 0
144 144 0
144 0 0
144 0 0
405 375 50
30 13 19
17 0 0
17 4 7
13 2 2
11 5 7
6 0 0
6 3 4
3 0 0
16 4 7
12 0 0
12 0 0
24 12 16
16 12 7
4 0 0
4 0 0
4 0 0
4 1 1
16 4 7
12 0 0
12 0 0
24 12 16
16 12 7
13 13 0
4 4 0
5 5 0
3 2 1
164292 96288 45742
68004 485 922
67519 384 720
67135 78 148
1164 291 581
873 344 364
297 35 48
791 297 502
1164 873 581
588 147 293
441 0 0
441 0 0
882 441 588
588 441 293
144 0 0
5816 103 205
9329 5816 4042
3513 3472 82
121 51 48
121 55 56
121 62 57
121 108 26
121 81 46
40 0 0
40 8 12
32 0 0
32 4 6
62 5 10
57 0 0
57 2 4
55 0 0
55 0 0
55 6 10
49 0 0
49 1 2
51 8 13
43 0 0
43 4 8
39 0 0
5000 1250 2499
3750 914 1067
2180 398 641
4618 2180 3014
5000 3750 2499
5000 1414 2444
5000 3750 2499
14440 3610 7219
10830 2507 3479
5921 1541 2178
12703 5921 8538
14440 10830 7219
3610 2196 725
37284 1250 2390
144136 36034 72067
108102 25486 33014
59922 13280 17648
129258 59922 83920
144136 108102 72067
144136 93838 57656
144136 108102 72067
36034 426 822
93838 46390 46545
47448 0 0
47448 8995 14117
38453 23290 19528
31382 8273 11825
31382 8805 11636
31382 7882 11128
31382 15163 7953
31382 23588 11446
7794 1688 2029
6106 1010 1712
5096 0 0
5096 920 1554
46390 39209 11626
50324 12581 25161
37743 13366 13297
16237 3849 5132
36765 16237 23866
50324 37743 25161
12581 5400 3725
5244 1311 2621
3933 1324 1674
1467 642 610
3434 1467 2204
5244 3933 2621
1311 885 851
7882 1283 1865
6599 0 0
6599 572 888
6027 173 285
8805 0 0
8805 1710 2520
7095 319 522
6776 498 844
8273 2275 3178
5998 567 832
5431 423 724
5008 0 0
39827 8268 12789
39827 7350 11462
39827 7577 11674
39827 23290 7000
39827 31043 13234
8784 1810 2175
6974 1492 2205
5482 0 0
5482 977 1586
7577 2175 2895
5402 0 0
5402 1586 2062
3816 232 379
7350 0 0
7350 1927 2551
5423 1055 1487
4368 1085 1571
8268 1832 2616
6436 793 1200
5643 1491 2080
4152 0 0
9329 5191 3274
4138 989 972
3149 3137 22
989 13 24
230062 162149 81404
67913 17753 25524
50160 48587 2482
17753 975 1398
106657 76247 36105
76247 5211 8626
74644 23699 30938
50945 4596 7398
49918 10578 15882
39340 3262 5118
38932 6374 9808
32558 3800 5946
32023 3418 5516
28605 9463 11310
74698 9314 17855
65384 20626 28655
72313 55556 33513
9314 0 0
1596 563 274
10347 1596 2716
8751 1033 1622
20626 11003 8080
38558 20493 16082
70636 23654 37403
69284 52571 33425
37206 28935 10905
8271 8271 0
23654 12140 16861
5207 3855 1228
12866 5207 6219
7659 1352 2166
5211 3608 1962
4596 3569 1425
3262 2854 616
3800 3265 822
230457 28852 57584
296008 204719 120508
91289 57966 27275
65551 57402 15971
57966 2360 4462
56724 49585 11766
43283 1909 3576
42347 36954 8818
35542 1222 2304
35118 30824 7064
31122 1656 3076
30470 26352 6520
27726 15500 12102
47560 6152 11808
41408 7174 11080
45572 10238 20475
6152 0 0
847 55 94
6944 847 1686
6097 792 1380
7174 2979 3084
9979 3649 3752
23961 9140 14062
22765 17631 10267
8783 5784 3157
2999 2999 0
9140 4602 6547
1924 728 595
5734 1924 3110
3810 1196 1740
2360 1118 1141
1909 973 1014
1222 798 552
1656 1004 724
36954 30149 10379
49585 36144 18162
30824 26828 6458
26352 23608 4530
37000 34060 5534
151 141 17
3245 30 56
3215 9 14
3206 1239 1403
2260 911 946
1504 817 721
775 53 86
722 59 100
3094 295 564
1239 293 408
911 155 240
817 88 154
802 151 260
802 148 270
802 145 258
802 146 256
75716 42131 31399
75716 46812 31704
75716 52437 29815
75716 53434 28545
148002 40838 56511
148003 111002 74001
40839 31510 12988
9329 9329 0
9329 5192 3688
94624 48649 49595
94624 70968 47311
23656 14327 7685
9329 6078 3332
3251 284 536
2967 0 0
48649 44086 7538
4563 0 0
4563 2832 2162
2146 415 754
1731 1250 656
3313 3313 0
3845 532 610
3313 603 863
2710 1061 1188
1649 673 658
976 976 0
532 532 0
15321 5992 5395
9329 2360 3381
6969 2632 3191
4337 1954 2053
2383 2383 0
5992 5992 0
302 302 0
302 145 257
157 157 0
302 0 0
302 145 257
302 302 0
302 145 257
157 0 0
157 157 0
38195 0 0
437 330 214
330 330 0
874 0 0
97379 48689 48974
48690 0 0
48690 48690 0
62768 1285 2516
110173 33 66
110140 31052 36926
79088 31683 20878
48689 0 0
48689 0 0
110844 32 64
110812 30891 37224
79921 48290 21950
62554 62155 784
399 1 2
3633 28 56
4003 1 2
4002 1820 1860
2182 370 436
3439 21 42
4702 1 2
4701 1600 1758
3101 1263 676
1285 1284 2
38194 768 1532
37426 37426 0
97379 51 52
97328 72996 48663
62259 23473 35576
38786 37927 1717
23473 0 0
37426 426 822
37001 9688 14380
77150 49837 40228
27313 333 644
26980 0 0
76616 900 1546
364715 69341 124231
295374 288999 12750
75716 53920 26367
76616 49636 40014
26979 13168 12852
13811 10995 4248
3762 0 0
3762 946 1314
13811 13811 0
2 2 0
291 0 0
291 291 0
291 291 0
63504 37517 11302
63504 63360 287
144 0 0
246070 0 0
437 194 70
437 149 298
288 0 0
288 128 70
149 83 70
293 0 0
293 293 0
58744 0 0
59037 0 0
59037 21927 10311
59037 57579 2209
59037 58744 585
293 0 0
293 144 287
149 83 70
15472 77 153
16683 15472 2194
1211 1205 12
144 80 70
16160 80 159
16160 14980 2208
12928 64 127
12928 11976 1774
13266 66 131
13266 12309 1746
2 2 0
2 2 0
2 2 0
403 2 3
403 2 3
401 372 47
401 394 14
2 2 0
407 2 3
407 0 0
407 2 4
405 4 8
401 18 27
383 0 0
2 0 0
2 0 0
2 0 0
146 0 0
146 146 0
1460 150 295
2 0 0
2 0 0
2 0 0
2 2 0
279 279 0
279 150 258
279 279 0
279 0 0
279 2 4
1460 1314 291
879 0 0
879 0 0
879 0 0
879 0 0
879 584 546
295 0 0
295 0 0
295 0 0
295 295 0
295 0 0
295 166 257
129 129 0
295 295 0
295 0 0
295 166 257
129 129 0
584 0 0
584 584 0
584 0 0
584 584 0
584 0 0
584 0 0
584 0 0
584 0 0
584 580 4
4 0 0
4 0 0
4 0 0
4 4 0
584 0 0
584 153 287
431 0 0
431 0 0
431 0 0
431 0 0
431 430 2
584 0 0
584 4 4
584 584 0
584 584 0
584 0 0
584 0 0
584 0 0
584 584 0
584 0 0
430 0 0
430 0 0
430 89 178
89 89 0
584 584 0
1281 0 0
1281 584 290
697 681 32
16 16 0
16 0 0
1265 578 290
687 411 4
276 0 0
276 0 0
276 276 0
888 0 0
578 578 0
578 432 287
1159 0 0
2148 450 894
1698 0 0
1698 0 0
1698 1288 8
410 406 8
1305 146 289
1159 288 296
871 145 290
726 548 356
178 0 0
178 178 0
145 0 0
145 0 0
178 178 0
178 0 0
178 178 0
406 6 7
400 7 12
393 92 11
393 393 0
450 434 8
725 567 305
158 0 0
158 150 10
8 0 0
8 7 2
1 0 0
1 1 0
6525 0 0
7250 6525 1419
725 450 524
146 0 0
16 16 0
434 290 288
144 144 0
450 0 0
450 0 0
450 0 0
450 0 0
450 6 12
444 355 177
450 445 10
5 0 0
445 0 0
445 434 8
445 5 10
355 0 0
355 0 0
355 0 0
1281 0 0
1281 0 0
1281 1281 0
1281 0 0
1281 0 0
1281 1281 0
1281 0 0
1281 0 0
1281 0 0
1281 0 0
879 0 0
879 0 0
879 0 0
879 879 0
1296 0 0
1296 0 0
1296 1296 0
1296 0 0
1296 0 0
1296 0 0
16992 15696 2591
733 168 333
565 0 0
565 489 136
168 91 103
91 91 0
489 0 0
489 489 0
91 0 0
910 819 181
4862 4373 977
1281 0 0
