# Mix output version 2
# FINI: end of program
# EMIT_DYNAMIC_STATS FOR TID 1
# instructions = 100101500, basic blocks = 16127274
Local Byte Stride Bucket 0 is equal to 21510852
Local Byte Stride Bucket 1 is equal to 40
Local Byte Stride Bucket 2 is equal to 459869
Local Byte Stride Bucket 3 is equal to 22
Local Byte Stride Bucket 4 is equal to 2516291
Local Byte Stride Bucket 5 is equal to 93
Local Byte Stride Bucket 6 is equal to 36075
Local Byte Stride Bucket 7 is equal to 26
Local Byte Stride Bucket 8 is equal to 630985
Local Byte Stride Bucket 9 is equal to 7
Local Byte Stride Bucket 10 is equal to 21755
Local Byte Stride Bucket 11 is equal to 14
Local Byte Stride Bucket 12 is equal to 320281
Local Byte Stride Bucket 13 is equal to 14
Local Byte Stride Bucket 14 is equal to 18521
Local Byte Stride Bucket 15 is equal to 22
Local Byte Stride Bucket 16 is equal to 92539
Local Byte Stride Bucket 17 is equal to 22
Local Byte Stride Bucket 18 is equal to 17647
Local Byte Stride Bucket 19 is equal to 6
Local Byte Stride Bucket 20 is equal to 58064
Local Byte Stride Bucket 21 is equal to 21
Local Byte Stride Bucket 22 is equal to 17566
Local Byte Stride Bucket 23 is equal to 28
Local Byte Stride Bucket 24 is equal to 156691
Local Byte Stride Bucket 25 is equal to 8
Local Byte Stride Bucket 26 is equal to 18051
Local Byte Stride Bucket 27 is equal to 12
Local Byte Stride Bucket 28 is equal to 96369
Local Byte Stride Bucket 29 is equal to 41
Local Byte Stride Bucket 30 is equal to 22723
Local Byte Stride Bucket 31 is equal to 9
Local Byte Stride Bucket 32 is equal to 78322
Local Byte Stride Bucket 33 is equal to 4
Local Byte Stride Bucket 34 is equal to 23952
Local Byte Stride Bucket 35 is equal to 4
Local Byte Stride Bucket 36 is equal to 40535
Local Byte Stride Bucket 37 is equal to 6
Local Byte Stride Bucket 38 is equal to 117723
Local Byte Stride Bucket 39 is equal to 6
Local Byte Stride Bucket 40 is equal to 336970
Local Byte Stride Bucket 41 is equal to 15
Local Byte Stride Bucket 42 is equal to 233790
Local Byte Stride Bucket 43 is equal to 9
Local Byte Stride Bucket 44 is equal to 465913
Local Byte Stride Bucket 45 is equal to 8
Local Byte Stride Bucket 46 is equal to 75196
Local Byte Stride Bucket 47 is equal to 5
Local Byte Stride Bucket 48 is equal to 50494
Local Byte Stride Bucket 49 is equal to 7
Local Byte Stride Bucket 50 is equal to 20477
Local Byte Stride Bucket 51 is equal to 8
Local Byte Stride Bucket 52 is equal to 25338
Local Byte Stride Bucket 53 is equal to 8
Local Byte Stride Bucket 54 is equal to 20307
Local Byte Stride Bucket 55 is equal to 11
Local Byte Stride Bucket 56 is equal to 31867
Local Byte Stride Bucket 57 is equal to 16
Local Byte Stride Bucket 58 is equal to 15989
Local Byte Stride Bucket 59 is equal to 12
Local Byte Stride Bucket 60 is equal to 27275
Local Byte Stride Bucket 61 is equal to 28
Local Byte Stride Bucket 62 is equal to 16237
Local Byte Stride Bucket 63 is equal to 20
Local Byte Stride Bucket 64 is equal to 809158
Local Byte Stride Bucket 65 is equal to 29
Local Byte Stride Bucket 66 is equal to 15092
Local Byte Stride Bucket 67 is equal to 19
Local Byte Stride Bucket 68 is equal to 27838
Local Byte Stride Bucket 69 is equal to 30
Local Byte Stride Bucket 70 is equal to 18187
Local Byte Stride Bucket 71 is equal to 9
Local Byte Stride Bucket 72 is equal to 32725
Local Byte Stride Bucket 73 is equal to 11
Local Byte Stride Bucket 74 is equal to 18932
Local Byte Stride Bucket 75 is equal to 11
Local Byte Stride Bucket 76 is equal to 188774
Local Byte Stride Bucket 77 is equal to 15
Local Byte Stride Bucket 78 is equal to 24290
Local Byte Stride Bucket 79 is equal to 9
Local Byte Stride Bucket 80 is equal to 316619
Local Byte Stride Bucket 81 is equal to 11
Local Byte Stride Bucket 82 is equal to 77719
Local Byte Stride Bucket 83 is equal to 5
Local Byte Stride Bucket 84 is equal to 348775
Local Byte Stride Bucket 85 is equal to 30
Local Byte Stride Bucket 86 is equal to 61450
Local Byte Stride Bucket 87 is equal to 5
Local Byte Stride Bucket 88 is equal to 421250
Local Byte Stride Bucket 89 is equal to 20
Local Byte Stride Bucket 90 is equal to 23423
Local Byte Stride Bucket 91 is equal to 3
Local Byte Stride Bucket 92 is equal to 65955
Local Byte Stride Bucket 93 is equal to 4
Local Byte Stride Bucket 94 is equal to 19134
Local Byte Stride Bucket 95 is equal to 4
Local Byte Stride Bucket 96 is equal to 32499
Local Byte Stride Bucket 97 is equal to 8
Local Byte Stride Bucket 98 is equal to 15468
Local Byte Stride Bucket 99 is equal to 3
Local Byte Stride Bucket 100 is equal to 28115
Local Byte Stride Bucket 101 is equal to 5
Local Byte Stride Bucket 102 is equal to 16580
Local Byte Stride Bucket 103 is equal to 5
Local Byte Stride Bucket 104 is equal to 24934
Local Byte Stride Bucket 105 is equal to 10
Local Byte Stride Bucket 106 is equal to 18971
Local Byte Stride Bucket 107 is equal to 5
Local Byte Stride Bucket 108 is equal to 25338
Local Byte Stride Bucket 109 is equal to 3
Local Byte Stride Bucket 110 is equal to 16479
Local Byte Stride Bucket 111 is equal to 6
Local Byte Stride Bucket 112 is equal to 25628
Local Byte Stride Bucket 113 is equal to 16
Local Byte Stride Bucket 114 is equal to 17749
Local Byte Stride Bucket 115 is equal to 4
Local Byte Stride Bucket 116 is equal to 22278
Local Byte Stride Bucket 117 is equal to 7
Local Byte Stride Bucket 118 is equal to 19608
Local Byte Stride Bucket 119 is equal to 5
Local Byte Stride Bucket 120 is equal to 29543
Local Byte Stride Bucket 121 is equal to 0
Local Byte Stride Bucket 122 is equal to 26689
Local Byte Stride Bucket 123 is equal to 9
Local Byte Stride Bucket 124 is equal to 36810
Local Byte Stride Bucket 125 is equal to 3
Local Byte Stride Bucket 126 is equal to 36122
Local Byte Stride Bucket 127 is equal to 23
Local Byte Stride Bucket 128 is equal to 147128
Local Byte Stride Bucket 129 is equal to 13
Local Byte Stride Bucket 130 is equal to 21127
Local Byte Stride Bucket 131 is equal to 14
Local Byte Stride Bucket 132 is equal to 30706
Local Byte Stride Bucket 133 is equal to 27
Local Byte Stride Bucket 134 is equal to 16309
Local Byte Stride Bucket 135 is equal to 3
Local Byte Stride Bucket 136 is equal to 19892
Local Byte Stride Bucket 137 is equal to 6
Local Byte Stride Bucket 138 is equal to 12552
Local Byte Stride Bucket 139 is equal to 6
Local Byte Stride Bucket 140 is equal to 19308
Local Byte Stride Bucket 141 is equal to 2
Local Byte Stride Bucket 142 is equal to 14456
Local Byte Stride Bucket 143 is equal to 4
Local Byte Stride Bucket 144 is equal to 22250
Local Byte Stride Bucket 145 is equal to 45
Local Byte Stride Bucket 146 is equal to 10745
Local Byte Stride Bucket 147 is equal to 6
Local Byte Stride Bucket 148 is equal to 19504
Local Byte Stride Bucket 149 is equal to 42
Local Byte Stride Bucket 150 is equal to 14357
Local Byte Stride Bucket 151 is equal to 4
Local Byte Stride Bucket 152 is equal to 22182
Local Byte Stride Bucket 153 is equal to 2
Local Byte Stride Bucket 154 is equal to 12787
Local Byte Stride Bucket 155 is equal to 12
Local Byte Stride Bucket 156 is equal to 24758
Local Byte Stride Bucket 157 is equal to 30
Local Byte Stride Bucket 158 is equal to 13438
Local Byte Stride Bucket 159 is equal to 4
Local Byte Stride Bucket 160 is equal to 161745
Local Byte Stride Bucket 161 is equal to 14
Local Byte Stride Bucket 162 is equal to 19450
Local Byte Stride Bucket 163 is equal to 2
Local Byte Stride Bucket 164 is equal to 68205
Local Byte Stride Bucket 165 is equal to 10
Local Byte Stride Bucket 166 is equal to 18722
Local Byte Stride Bucket 167 is equal to 33
Local Byte Stride Bucket 168 is equal to 85832
Local Byte Stride Bucket 169 is equal to 6
Local Byte Stride Bucket 170 is equal to 18858
Local Byte Stride Bucket 171 is equal to 7
Local Byte Stride Bucket 172 is equal to 53598
Local Byte Stride Bucket 173 is equal to 6
Local Byte Stride Bucket 174 is equal to 17817
Local Byte Stride Bucket 175 is equal to 10
Local Byte Stride Bucket 176 is equal to 31017
Local Byte Stride Bucket 177 is equal to 25
Local Byte Stride Bucket 178 is equal to 11538
Local Byte Stride Bucket 179 is equal to 18
Local Byte Stride Bucket 180 is equal to 30920
Local Byte Stride Bucket 181 is equal to 7
Local Byte Stride Bucket 182 is equal to 17573
Local Byte Stride Bucket 183 is equal to 13
Local Byte Stride Bucket 184 is equal to 19073
Local Byte Stride Bucket 185 is equal to 11
Local Byte Stride Bucket 186 is equal to 11979
Local Byte Stride Bucket 187 is equal to 7
Local Byte Stride Bucket 188 is equal to 16932
Local Byte Stride Bucket 189 is equal to 6
Local Byte Stride Bucket 190 is equal to 14273
Local Byte Stride Bucket 191 is equal to 31
Local Byte Stride Bucket 192 is equal to 80406
Local Byte Stride Bucket 193 is equal to 22
Local Byte Stride Bucket 194 is equal to 10532
Local Byte Stride Bucket 195 is equal to 3
Local Byte Stride Bucket 196 is equal to 17640
Local Byte Stride Bucket 197 is equal to 12
Local Byte Stride Bucket 198 is equal to 11563
Local Byte Stride Bucket 199 is equal to 9
Local Byte Stride Bucket 200 is equal to 18711
Local Byte Stride Bucket 201 is equal to 11
Local Byte Stride Bucket 202 is equal to 9931
Local Byte Stride Bucket 203 is equal to 1
Local Byte Stride Bucket 204 is equal to 21013
Local Byte Stride Bucket 205 is equal to 9
Local Byte Stride Bucket 206 is equal to 11593
Local Byte Stride Bucket 207 is equal to 29
Local Byte Stride Bucket 208 is equal to 22365
Local Byte Stride Bucket 209 is equal to 9
Local Byte Stride Bucket 210 is equal to 15129
Local Byte Stride Bucket 211 is equal to 9
Local Byte Stride Bucket 212 is equal to 22628
Local Byte Stride Bucket 213 is equal to 2
Local Byte Stride Bucket 214 is equal to 12913
Local Byte Stride Bucket 215 is equal to 5
Local Byte Stride Bucket 216 is equal to 18912
Local Byte Stride Bucket 217 is equal to 13
Local Byte Stride Bucket 218 is equal to 11247
Local Byte Stride Bucket 219 is equal to 5
Local Byte Stride Bucket 220 is equal to 26282
Local Byte Stride Bucket 221 is equal to 5
Local Byte Stride Bucket 222 is equal to 11827
Local Byte Stride Bucket 223 is equal to 19
Local Byte Stride Bucket 224 is equal to 73443
Local Byte Stride Bucket 225 is equal to 3
Local Byte Stride Bucket 226 is equal to 14577
Local Byte Stride Bucket 227 is equal to 4
Local Byte Stride Bucket 228 is equal to 20218
Local Byte Stride Bucket 229 is equal to 3
Local Byte Stride Bucket 230 is equal to 10988
Local Byte Stride Bucket 231 is equal to 3
Local Byte Stride Bucket 232 is equal to 17964
Local Byte Stride Bucket 233 is equal to 1
Local Byte Stride Bucket 234 is equal to 9337
Local Byte Stride Bucket 235 is equal to 9
Local Byte Stride Bucket 236 is equal to 17626
Local Byte Stride Bucket 237 is equal to 4
Local Byte Stride Bucket 238 is equal to 15407
Local Byte Stride Bucket 239 is equal to 5
Local Byte Stride Bucket 240 is equal to 20253
Local Byte Stride Bucket 241 is equal to 9
Local Byte Stride Bucket 242 is equal to 10399
Local Byte Stride Bucket 243 is equal to 5
Local Byte Stride Bucket 244 is equal to 21806
Local Byte Stride Bucket 245 is equal to 6
Local Byte Stride Bucket 246 is equal to 10493
Local Byte Stride Bucket 247 is equal to 2
Local Byte Stride Bucket 248 is equal to 29944
Local Byte Stride Bucket 249 is equal to 17
Local Byte Stride Bucket 250 is equal to 10929
Local Byte Stride Bucket 251 is equal to 12
Local Byte Stride Bucket 252 is equal to 34956
Local Byte Stride Bucket 253 is equal to 41
Local Byte Stride Bucket 254 is equal to 11205
Local Byte Stride Bucket 255 is equal to 13
Local Byte Stride Bucket 256 is equal to 3625959

Local Cache Stride Bucket 0 is equal to 25789185
Local Cache Stride Bucket 1 is equal to 3852940
Local Cache Stride Bucket 2 is equal to 1353297
Local Cache Stride Bucket 3 is equal to 801678
Local Cache Stride Bucket 4 is equal to 579120
Local Cache Stride Bucket 5 is equal to 459265
Local Cache Stride Bucket 6 is equal to 398967
Local Cache Stride Bucket 7 is equal to 374491
Local Cache Stride Bucket 8 is equal to 307191
Local Cache Stride Bucket 9 is equal to 301264
Local Cache Stride Bucket 10 is equal to 225760
Local Cache Stride Bucket 11 is equal to 199594
Local Cache Stride Bucket 12 is equal to 148223
Local Cache Stride Bucket 13 is equal to 111611
Local Cache Stride Bucket 14 is equal to 76088
Local Cache Stride Bucket 15 is equal to 57556
Local Cache Stride Bucket 16 is equal to 51406
Local Cache Stride Bucket 17 is equal to 47155
Local Cache Stride Bucket 18 is equal to 43725
Local Cache Stride Bucket 19 is equal to 42439
Local Cache Stride Bucket 20 is equal to 35673
Local Cache Stride Bucket 21 is equal to 31984
Local Cache Stride Bucket 22 is equal to 25581
Local Cache Stride Bucket 23 is equal to 21986
Local Cache Stride Bucket 24 is equal to 14484
Local Cache Stride Bucket 25 is equal to 3796
Local Cache Stride Bucket 26 is equal to 458
Local Cache Stride Bucket 27 is equal to 1107
Local Cache Stride Bucket 28 is equal to 1685
Local Cache Stride Bucket 29 is equal to 276
Local Cache Stride Bucket 30 is equal to 426
Local Cache Stride Bucket 31 is equal to 387
Local Cache Stride Bucket 32 is equal to 555
Local Cache Stride Bucket 33 is equal to 264
Local Cache Stride Bucket 34 is equal to 293
Local Cache Stride Bucket 35 is equal to 219
Local Cache Stride Bucket 36 is equal to 193
Local Cache Stride Bucket 37 is equal to 153
Local Cache Stride Bucket 38 is equal to 254
Local Cache Stride Bucket 39 is equal to 141
Local Cache Stride Bucket 40 is equal to 161
Local Cache Stride Bucket 41 is equal to 153
Local Cache Stride Bucket 42 is equal to 173
Local Cache Stride Bucket 43 is equal to 142
Local Cache Stride Bucket 44 is equal to 170
Local Cache Stride Bucket 45 is equal to 163
Local Cache Stride Bucket 46 is equal to 163
Local Cache Stride Bucket 47 is equal to 218
Local Cache Stride Bucket 48 is equal to 311
Local Cache Stride Bucket 49 is equal to 244
Local Cache Stride Bucket 50 is equal to 223
Local Cache Stride Bucket 51 is equal to 212
Local Cache Stride Bucket 52 is equal to 166
Local Cache Stride Bucket 53 is equal to 145
Local Cache Stride Bucket 54 is equal to 97
Local Cache Stride Bucket 55 is equal to 142
Local Cache Stride Bucket 56 is equal to 115
Local Cache Stride Bucket 57 is equal to 147
Local Cache Stride Bucket 58 is equal to 373
Local Cache Stride Bucket 59 is equal to 1010
Local Cache Stride Bucket 60 is equal to 239
Local Cache Stride Bucket 61 is equal to 164
Local Cache Stride Bucket 62 is equal to 170
Local Cache Stride Bucket 63 is equal to 547
Local Cache Stride Bucket 64 is equal to 1755
Local Cache Stride Bucket 65 is equal to 1150
Local Cache Stride Bucket 66 is equal to 446
Local Cache Stride Bucket 67 is equal to 1068
Local Cache Stride Bucket 68 is equal to 240
Local Cache Stride Bucket 69 is equal to 191
Local Cache Stride Bucket 70 is equal to 129
Local Cache Stride Bucket 71 is equal to 188
Local Cache Stride Bucket 72 is equal to 113
Local Cache Stride Bucket 73 is equal to 140
Local Cache Stride Bucket 74 is equal to 106
Local Cache Stride Bucket 75 is equal to 183
Local Cache Stride Bucket 76 is equal to 177
Local Cache Stride Bucket 77 is equal to 235
Local Cache Stride Bucket 78 is equal to 226
Local Cache Stride Bucket 79 is equal to 218
Local Cache Stride Bucket 80 is equal to 334
Local Cache Stride Bucket 81 is equal to 293
Local Cache Stride Bucket 82 is equal to 182
Local Cache Stride Bucket 83 is equal to 152
Local Cache Stride Bucket 84 is equal to 166
Local Cache Stride Bucket 85 is equal to 181
Local Cache Stride Bucket 86 is equal to 339
Local Cache Stride Bucket 87 is equal to 116
Local Cache Stride Bucket 88 is equal to 165
Local Cache Stride Bucket 89 is equal to 133
Local Cache Stride Bucket 90 is equal to 94
Local Cache Stride Bucket 91 is equal to 98
Local Cache Stride Bucket 92 is equal to 153
Local Cache Stride Bucket 93 is equal to 156
Local Cache Stride Bucket 94 is equal to 283
Local Cache Stride Bucket 95 is equal to 113
Local Cache Stride Bucket 96 is equal to 271
Local Cache Stride Bucket 97 is equal to 178
Local Cache Stride Bucket 98 is equal to 164
Local Cache Stride Bucket 99 is equal to 132
Local Cache Stride Bucket 100 is equal to 121
Local Cache Stride Bucket 101 is equal to 110
Local Cache Stride Bucket 102 is equal to 99
Local Cache Stride Bucket 103 is equal to 89
Local Cache Stride Bucket 104 is equal to 119
Local Cache Stride Bucket 105 is equal to 104
Local Cache Stride Bucket 106 is equal to 69
Local Cache Stride Bucket 107 is equal to 125
Local Cache Stride Bucket 108 is equal to 116
Local Cache Stride Bucket 109 is equal to 715
Local Cache Stride Bucket 110 is equal to 117
Local Cache Stride Bucket 111 is equal to 161
Local Cache Stride Bucket 112 is equal to 275
Local Cache Stride Bucket 113 is equal to 135
Local Cache Stride Bucket 114 is equal to 171
Local Cache Stride Bucket 115 is equal to 157
Local Cache Stride Bucket 116 is equal to 124
Local Cache Stride Bucket 117 is equal to 963
Local Cache Stride Bucket 118 is equal to 367
Local Cache Stride Bucket 119 is equal to 118
Local Cache Stride Bucket 120 is equal to 166
Local Cache Stride Bucket 121 is equal to 101
Local Cache Stride Bucket 122 is equal to 113
Local Cache Stride Bucket 123 is equal to 117
Local Cache Stride Bucket 124 is equal to 128
Local Cache Stride Bucket 125 is equal to 143
Local Cache Stride Bucket 126 is equal to 209
Local Cache Stride Bucket 127 is equal to 147
Local Cache Stride Bucket 128 is equal to 1749
Local Cache Stride Bucket 129 is equal to 1363
Local Cache Stride Bucket 130 is equal to 151
Local Cache Stride Bucket 131 is equal to 152
Local Cache Stride Bucket 132 is equal to 304
Local Cache Stride Bucket 133 is equal to 164
Local Cache Stride Bucket 134 is equal to 143
Local Cache Stride Bucket 135 is equal to 119
Local Cache Stride Bucket 136 is equal to 125
Local Cache Stride Bucket 137 is equal to 128
Local Cache Stride Bucket 138 is equal to 62
Local Cache Stride Bucket 139 is equal to 139
Local Cache Stride Bucket 140 is equal to 96
Local Cache Stride Bucket 141 is equal to 111
Local Cache Stride Bucket 142 is equal to 93
Local Cache Stride Bucket 143 is equal to 144
Local Cache Stride Bucket 144 is equal to 211
Local Cache Stride Bucket 145 is equal to 220
Local Cache Stride Bucket 146 is equal to 105
Local Cache Stride Bucket 147 is equal to 115
Local Cache Stride Bucket 148 is equal to 101
Local Cache Stride Bucket 149 is equal to 161
Local Cache Stride Bucket 150 is equal to 75
Local Cache Stride Bucket 151 is equal to 137
Local Cache Stride Bucket 152 is equal to 98
Local Cache Stride Bucket 153 is equal to 96
Local Cache Stride Bucket 154 is equal to 90
Local Cache Stride Bucket 155 is equal to 132
Local Cache Stride Bucket 156 is equal to 102
Local Cache Stride Bucket 157 is equal to 88
Local Cache Stride Bucket 158 is equal to 119
Local Cache Stride Bucket 159 is equal to 130
Local Cache Stride Bucket 160 is equal to 191
Local Cache Stride Bucket 161 is equal to 159
Local Cache Stride Bucket 162 is equal to 152
Local Cache Stride Bucket 163 is equal to 135
Local Cache Stride Bucket 164 is equal to 97
Local Cache Stride Bucket 165 is equal to 82
Local Cache Stride Bucket 166 is equal to 110
Local Cache Stride Bucket 167 is equal to 210
Local Cache Stride Bucket 168 is equal to 127
Local Cache Stride Bucket 169 is equal to 127
Local Cache Stride Bucket 170 is equal to 86
Local Cache Stride Bucket 171 is equal to 120
Local Cache Stride Bucket 172 is equal to 95
Local Cache Stride Bucket 173 is equal to 135
Local Cache Stride Bucket 174 is equal to 98
Local Cache Stride Bucket 175 is equal to 131
Local Cache Stride Bucket 176 is equal to 186
Local Cache Stride Bucket 177 is equal to 174
Local Cache Stride Bucket 178 is equal to 152
Local Cache Stride Bucket 179 is equal to 145
Local Cache Stride Bucket 180 is equal to 118
Local Cache Stride Bucket 181 is equal to 108
Local Cache Stride Bucket 182 is equal to 91
Local Cache Stride Bucket 183 is equal to 113
Local Cache Stride Bucket 184 is equal to 198
Local Cache Stride Bucket 185 is equal to 123
Local Cache Stride Bucket 186 is equal to 98
Local Cache Stride Bucket 187 is equal to 109
Local Cache Stride Bucket 188 is equal to 141
Local Cache Stride Bucket 189 is equal to 113
Local Cache Stride Bucket 190 is equal to 77
Local Cache Stride Bucket 191 is equal to 131
Local Cache Stride Bucket 192 is equal to 279
Local Cache Stride Bucket 193 is equal to 165
Local Cache Stride Bucket 194 is equal to 174
Local Cache Stride Bucket 195 is equal to 151
Local Cache Stride Bucket 196 is equal to 190
Local Cache Stride Bucket 197 is equal to 123
Local Cache Stride Bucket 198 is equal to 55
Local Cache Stride Bucket 199 is equal to 69
Local Cache Stride Bucket 200 is equal to 95
Local Cache Stride Bucket 201 is equal to 95
Local Cache Stride Bucket 202 is equal to 93
Local Cache Stride Bucket 203 is equal to 94
Local Cache Stride Bucket 204 is equal to 101
Local Cache Stride Bucket 205 is equal to 112
Local Cache Stride Bucket 206 is equal to 101
Local Cache Stride Bucket 207 is equal to 105
Local Cache Stride Bucket 208 is equal to 167
Local Cache Stride Bucket 209 is equal to 128
Local Cache Stride Bucket 210 is equal to 135
Local Cache Stride Bucket 211 is equal to 103
Local Cache Stride Bucket 212 is equal to 157
Local Cache Stride Bucket 213 is equal to 145
Local Cache Stride Bucket 214 is equal to 96
Local Cache Stride Bucket 215 is equal to 61
Local Cache Stride Bucket 216 is equal to 80
Local Cache Stride Bucket 217 is equal to 101
Local Cache Stride Bucket 218 is equal to 133
Local Cache Stride Bucket 219 is equal to 101
Local Cache Stride Bucket 220 is equal to 135
Local Cache Stride Bucket 221 is equal to 80
Local Cache Stride Bucket 222 is equal to 102
Local Cache Stride Bucket 223 is equal to 108
Local Cache Stride Bucket 224 is equal to 264
Local Cache Stride Bucket 225 is equal to 136
Local Cache Stride Bucket 226 is equal to 218
Local Cache Stride Bucket 227 is equal to 115
Local Cache Stride Bucket 228 is equal to 158
Local Cache Stride Bucket 229 is equal to 98
Local Cache Stride Bucket 230 is equal to 103
Local Cache Stride Bucket 231 is equal to 73
Local Cache Stride Bucket 232 is equal to 131
Local Cache Stride Bucket 233 is equal to 126
Local Cache Stride Bucket 234 is equal to 88
Local Cache Stride Bucket 235 is equal to 127
Local Cache Stride Bucket 236 is equal to 132
Local Cache Stride Bucket 237 is equal to 161
Local Cache Stride Bucket 238 is equal to 115
Local Cache Stride Bucket 239 is equal to 263
Local Cache Stride Bucket 240 is equal to 306
Local Cache Stride Bucket 241 is equal to 191
Local Cache Stride Bucket 242 is equal to 155
Local Cache Stride Bucket 243 is equal to 252
Local Cache Stride Bucket 244 is equal to 385
Local Cache Stride Bucket 245 is equal to 328
Local Cache Stride Bucket 246 is equal to 167
Local Cache Stride Bucket 247 is equal to 113
Local Cache Stride Bucket 248 is equal to 161
Local Cache Stride Bucket 249 is equal to 129
Local Cache Stride Bucket 250 is equal to 113
Local Cache Stride Bucket 251 is equal to 206
Local Cache Stride Bucket 252 is equal to 353
Local Cache Stride Bucket 253 is equal to 246
Local Cache Stride Bucket 254 is equal to 161
Local Cache Stride Bucket 255 is equal to 249
Local Cache Stride Bucket 256 is equal to 332651


            "0": "21510852",
            "1": "40",
            "2": "459869",
            "3": "22",
            "4": "2516291",
            "5": "93",
            "6": "36075",
            "7": "26",
            "8": "630985",
            "9": "7",
            "10": "21755",
            "11": "14",
            "12": "320281",
            "13": "14",
            "14": "18521",
            "15": "22",
            "16": "92539",
            "17": "22",
            "18": "17647",
            "19": "6",
            "20": "58064",
            "21": "21",
            "22": "17566",
            "23": "28",
            "24": "156691",
            "25": "8",
            "26": "18051",
            "27": "12",
            "28": "96369",
            "29": "41",
            "30": "22723",
            "31": "9",
            "32": "78322",
            "33": "4",
            "34": "23952",
            "35": "4",
            "36": "40535",
            "37": "6",
            "38": "117723",
            "39": "6",
            "40": "336970",
            "41": "15",
            "42": "233790",
            "43": "9",
            "44": "465913",
            "45": "8",
            "46": "75196",
            "47": "5",
            "48": "50494",
            "49": "7",
            "50": "20477",
            "51": "8",
            "52": "25338",
            "53": "8",
            "54": "20307",
            "55": "11",
            "56": "31867",
            "57": "16",
            "58": "15989",
            "59": "12",
            "60": "27275",
            "61": "28",
            "62": "16237",
            "63": "20",
            "64": "809158",
            "65": "29",
            "66": "15092",
            "67": "19",
            "68": "27838",
            "69": "30",
            "70": "18187",
            "71": "9",
            "72": "32725",
            "73": "11",
            "74": "18932",
            "75": "11",
            "76": "188774",
            "77": "15",
            "78": "24290",
            "79": "9",
            "80": "316619",
            "81": "11",
            "82": "77719",
            "83": "5",
            "84": "348775",
            "85": "30",
            "86": "61450",
            "87": "5",
            "88": "421250",
            "89": "20",
            "90": "23423",
            "91": "3",
            "92": "65955",
            "93": "4",
            "94": "19134",
            "95": "4",
            "96": "32499",
            "97": "8",
            "98": "15468",
            "99": "3",
            "100": "28115",
            "101": "5",
            "102": "16580",
            "103": "5",
            "104": "24934",
            "105": "10",
            "106": "18971",
            "107": "5",
            "108": "25338",
            "109": "3",
            "110": "16479",
            "111": "6",
            "112": "25628",
            "113": "16",
            "114": "17749",
            "115": "4",
            "116": "22278",
            "117": "7",
            "118": "19608",
            "119": "5",
            "120": "29543",
            "121": "0",
            "122": "26689",
            "123": "9",
            "124": "36810",
            "125": "3",
            "126": "36122",
            "127": "23",
            "128": "147128",
            "129": "13",
            "130": "21127",
            "131": "14",
            "132": "30706",
            "133": "27",
            "134": "16309",
            "135": "3",
            "136": "19892",
            "137": "6",
            "138": "12552",
            "139": "6",
            "140": "19308",
            "141": "2",
            "142": "14456",
            "143": "4",
            "144": "22250",
            "145": "45",
            "146": "10745",
            "147": "6",
            "148": "19504",
            "149": "42",
            "150": "14357",
            "151": "4",
            "152": "22182",
            "153": "2",
            "154": "12787",
            "155": "12",
            "156": "24758",
            "157": "30",
            "158": "13438",
            "159": "4",
            "160": "161745",
            "161": "14",
            "162": "19450",
            "163": "2",
            "164": "68205",
            "165": "10",
            "166": "18722",
            "167": "33",
            "168": "85832",
            "169": "6",
            "170": "18858",
            "171": "7",
            "172": "53598",
            "173": "6",
            "174": "17817",
            "175": "10",
            "176": "31017",
            "177": "25",
            "178": "11538",
            "179": "18",
            "180": "30920",
            "181": "7",
            "182": "17573",
            "183": "13",
            "184": "19073",
            "185": "11",
            "186": "11979",
            "187": "7",
            "188": "16932",
            "189": "6",
            "190": "14273",
            "191": "31",
            "192": "80406",
            "193": "22",
            "194": "10532",
            "195": "3",
            "196": "17640",
            "197": "12",
            "198": "11563",
            "199": "9",
            "200": "18711",
            "201": "11",
            "202": "9931",
            "203": "1",
            "204": "21013",
            "205": "9",
            "206": "11593",
            "207": "29",
            "208": "22365",
            "209": "9",
            "210": "15129",
            "211": "9",
            "212": "22628",
            "213": "2",
            "214": "12913",
            "215": "5",
            "216": "18912",
            "217": "13",
            "218": "11247",
            "219": "5",
            "220": "26282",
            "221": "5",
            "222": "11827",
            "223": "19",
            "224": "73443",
            "225": "3",
            "226": "14577",
            "227": "4",
            "228": "20218",
            "229": "3",
            "230": "10988",
            "231": "3",
            "232": "17964",
            "233": "1",
            "234": "9337",
            "235": "9",
            "236": "17626",
            "237": "4",
            "238": "15407",
            "239": "5",
            "240": "20253",
            "241": "9",
            "242": "10399",
            "243": "5",
            "244": "21806",
            "245": "6",
            "246": "10493",
            "247": "2",
            "248": "29944",
            "249": "17",
            "250": "10929",
            "251": "12",
            "252": "34956",
            "253": "41",
            "254": "11205",
            "255": "13",
            "256": "3625959",


# END_DYNAMIC_STATS
