# Mix output version 2
# FINI: end of program
# EMIT_DYNAMIC_STATS FOR TID 1, ins = 100101500
Dynamic Instruction Count = 100101500, Dyn BBL Count = 16127274
RAWdep[ 0] = 0
RAWdep[ 1] = 42738892
RAWdep[ 2] = 17244116
RAWdep[ 3] = 14979838
RAWdep[ 4] = 7939561
RAWdep[ 5] = 4376263
RAWdep[ 6] = 4727713
RAWdep[ 7] = 2744426
RAWdep[ 8] = 2954594
RAWdep[ 9] = 2687932
RAWdep[ 10] = 2468859
RAWdep[ 11] = 1872197
RAWdep[ 12] = 1250934
RAWdep[ 13] = 1524932
RAWdep[ 14] = 718597
RAWdep[ 15] = 951374
RAWdep[ 16] = 1275688
RAWdep[ 17] = 1036980
RAWdep[ 18] = 445999
RAWdep[ 19] = 818073
RAWdep[ 20] = 957702
RAWdep[ 21] = 603759
RAWdep[ 22] = 803003
RAWdep[ 23] = 935728
RAWdep[ 24] = 642275
RAWdep[ 25] = 412628
RAWdep[ 26] = 211826
RAWdep[ 27] = 453444
RAWdep[ 28] = 712590
RAWdep[ 29] = 1124115
RAWdep[ 30] = 544259
RAWdep[ 31] = 449518
RAWdep[ 32] = 1079311
RAWdep[ 33] = 30119437

WAWdep[ 0] = 0
WAWdep[ 1] = 24932691
WAWdep[ 2] = 18320188
WAWdep[ 3] = 15702113
WAWdep[ 4] = 7710694
WAWdep[ 5] = 5519609
WAWdep[ 6] = 6521227
WAWdep[ 7] = 2697333
WAWdep[ 8] = 2629404
WAWdep[ 9] = 3560262
WAWdep[ 10] = 2893281
WAWdep[ 11] = 1407363
WAWdep[ 12] = 1411940
WAWdep[ 13] = 2263393
WAWdep[ 14] = 1309124
WAWdep[ 15] = 885186
WAWdep[ 16] = 1176888
WAWdep[ 17] = 983208
WAWdep[ 18] = 511483
WAWdep[ 19] = 746016
WAWdep[ 20] = 880000
WAWdep[ 21] = 834568
WAWdep[ 22] = 395982
WAWdep[ 23] = 469080
WAWdep[ 24] = 610054
WAWdep[ 25] = 312149
WAWdep[ 26] = 235721
WAWdep[ 27] = 679023
WAWdep[ 28] = 373396
WAWdep[ 29] = 304136
WAWdep[ 30] = 246725
WAWdep[ 31] = 193884
WAWdep[ 32] = 1002309
WAWdep[ 33] = 16302614

WARdep[ 0] = 44757973
WARdep[ 1] = 9403863
WARdep[ 2] = 8658936
WARdep[ 3] = 6065307
WARdep[ 4] = 4497505
WARdep[ 5] = 3820606
WARdep[ 6] = 2765563
WARdep[ 7] = 3496619
WARdep[ 8] = 2650433
WARdep[ 9] = 1951903
WARdep[ 10] = 2735750
WARdep[ 11] = 2042160
WARdep[ 12] = 1315397
WARdep[ 13] = 1270441
WARdep[ 14] = 1092153
WARdep[ 15] = 683330
WARdep[ 16] = 969750
WARdep[ 17] = 860998
WARdep[ 18] = 933440
WARdep[ 19] = 1020577
WARdep[ 20] = 1139353
WARdep[ 21] = 872129
WARdep[ 22] = 882729
WARdep[ 23] = 356611
WARdep[ 24] = 835615
WARdep[ 25] = 921249
WARdep[ 26] = 912695
WARdep[ 27] = 739224
WARdep[ 28] = 540722
WARdep[ 29] = 545732
WARdep[ 30] = 450743
WARdep[ 31] = 684044
WARdep[ 32] = 594893
WARdep[ 33] = 13552601


		"0": "0",
		"1": "42738892",
		"2": "17244116",
		"3": "14979838",
		"4": "7939561",
		"5": "4376263",
		"6": "4727713",
		"7": "2744426",
		"8": "2954594",
		"9": "2687932",
		"10": "2468859",
		"11": "1872197",
		"12": "1250934",
		"13": "1524932",
		"14": "718597",
		"15": "951374",
		"16": "1275688",
		"17": "1036980",
		"18": "445999",
		"19": "818073",
		"20": "957702",
		"21": "603759",
		"22": "803003",
		"23": "935728",
		"24": "642275",
		"25": "412628",
		"26": "211826",
		"27": "453444",
		"28": "712590",
		"29": "1124115",
		"30": "544259",
		"31": "449518",
		"32": "1079311",
		"33": "30119437",


# END_DYNAMIC_STATS
