# Branch output version 3
Dynamic_Instruction_Count: 100001502
Dynamic_Conditional_Branch_Count: 14873420
Dynamic_Unconditional_Branch_Count: 1736568
Total_Taken_Branches: 8738526
Total_Branch_Transitions: 1811354

Local Branch Stats (Total Count; Taken Count; Transition Count)
25 0 0
25 0 0
25 0 0
25 0 0
25 0 0
25 0 0
25 0 0
25 0 0
25 0 0
25 25 0
25 0 0
25 0 0
25 0 0
25 0 0
25 0 0
25 0 0
25 0 0
25 0 0
25 0 0
25 0 0
25 0 0
25 0 0
25 0 0
25 0 0
25 25 0
25 0 0
25 25 0
25 25 0
25 0 0
25 25 0
25 0 0
25 25 0
25 0 0
25 0 0
25 25 0
25 25 0
25 25 0
25 25 0
25 0 0
25 0 0
51200 51175 49
25 0 0
50 0 0
50 25 49
25 25 0
25 0 0
25 0 0
25 0 0
25 25 0
25 0 0
25 0 0
25 25 0
25 25 0
25 25 0
122343 124 248
122219 19707 35601
102512 60613 25884
100871 33879 35859
323527 58972 105033
325168 323527 3282
60613 44442 22484
16171 1641 1916
576079 596 1192
575483 28743 55888
546740 414289 83404
392546 146903 150049
3752576 260096 479355
3906769 3752575 308388
23199 331 524
22868 3368 3076
3368 0 0
3368 3122 472
110990 2960 5553
111152 110990 324
23199 23199 0
23199 23199 0
23199 10897 7138
12302 9 18
12293 11194 1628
12005 11454 806
21472 0 0
21472 0 0
23199 4379 5991
22648 0 0
22648 16770 5711
86429 15043 23702
88156 86429 3453
1727 0 0
1727 1727 0
181806 0 0
181806 0 0
181806 3374 6748
181806 181806 0
391 0 0
9384 6256 6255
3128 391 781
2737 2737 0
391 391 0
391 0 0
391 0 0
8211 5474 5473
2737 0 0
2737 2346 781
8467 2598 1878
5869 552 510
5317 3297 2266
5317 0 0
5317 4961 680
5317 1699 2295
5317 5 8
5312 3078 2591
9043 6809 4447
3297 2467 1326
552 330 105
222 151 73
71 27 26
222 222 0
1699 0 0
330 6 12
546 526 32
546 0 0
546 511 68
25687 22609 6155
2598 939 1291
2598 1013 851
526 487 66
7512 6573 1877
25 0 0
8492 25 50
8467 986 1793
157284 0 0
157284 8467 16933
148817 134477 28678
15326 15267 116
59 0 0
8492 0 0
8492 0 0
8492 0 0
8492 8467 50
25 25 0
8467 8467 0
15326 15267 116
15326 15326 0
8467 5069 2032
5069 1521 3042
3548 41 82
3548 186 372
3548 0 0
5069 5069 0
19891 4990 9979
20276 18045 3809
2231 763 886
1468 0 0
1468 1194 386
97436 896 1565
97734 97436 596
1468 1083 499
385 306 112
5069 4564 512
505 0 0
2976 2790 371
164 0 0
43296 36080 14431
7216 7052 327
164 0 0
4920 4756 327
164 123 81
21156 16072 9840
5084 5043 81
4564 1695 2840
2869 2869 0
1695 1607 130
88 0 0
88 88 0
1607 1508 182
792 693 197
1607 5 10
1607 0 0
10344 8737 3107
6428 6330 172
98 0 0
98 40 50
617 108 30
617 519 167
6428 4821 3213
1607 0 0
1607 1607 0
5502 771 530
10344 243 200
10344 3130 3538
10344 5502 971
12064 10556 3015
5 5 0
1607 0 0
19651 1521 2847
18130 18124 12
6 0 0
6 4 2
2 2 0
6 0 0
6 0 0
6 4 2
291 64 24
227 167 27
60 49 8
18130 10380 4863
62000 54250 15499
18130 11509 5140
18130 8047 5553
18130 0 0
18130 6625 5146
11505 7678 4819
3827 0 0
3827 3647 338
478 163 54
495 478 34
180 147 48
33 20 16
33 16 12
171 154 29
33 10 14
72520 10516 18960
72520 54390 36259
18130 18130 0
18130 2344 1770
15786 10923 6396
15720 10857 6341
15786 13785 1954
2481 480 837
57575 9877 6117
88997 63808 14803
88997 31468 33961
88997 39002 19305
88997 57575 4992
9877 0 0
31468 0 0
31468 1616 2628
2356 1585 386
2387 2356 62
31468 31255 338
1704 1491 425
213 139 97
322 248 121
213 121 93
31468 15786 17787
10516 3814 4182
6702 0 0
6702 1780 2568
17689 4922 7175
17689 17689 0
6702 6643 118
286 227 88
6702 5826 1175
876 222 217
24391 23792 366
24391 17689 9843
6702 6702 0
1920 85 169
8537 1920 924
6702 6537 166
1320 1155 329
165 146 22
247 228 37
165 139 32
18130 18044 170
18124 7802 4823
10322 10033 160
83040 72660 20759
7802 7750 104
52 52 0
8047 365 610
7682 67 40
7980 7927 98
771 0 0
3130 1607 1723
4 0 0
7750 4974 2435
5005 1607 2032
5005 5004 2
1 0 0
4974 2239 3679
25 0 0
25 0 0
25 25 0
25 25 0
25 0 0
25 0 0
25 0 0
25 0 0
25 0 0
25 25 0
25 0 0
50 0 0
50 0 0
50 0 0
50 0 0
50 0 0
50 50 0
50 0 0
50 0 0
50 0 0
6350 6300 99
