# Mix output version 2
# FINI: end of program
# EMIT_DYNAMIC_STATS FOR TID 1, ins = 100001502
Dynamic Instruction Count = 100001502, Dyn BBL Count = 16609988
RAWdep[ 0] = 0
RAWdep[ 1] = 34210203
RAWdep[ 2] = 10695561
RAWdep[ 3] = 16211987
RAWdep[ 4] = 4287912
RAWdep[ 5] = 5712789
RAWdep[ 6] = 2246315
RAWdep[ 7] = 2613454
RAWdep[ 8] = 5459833
RAWdep[ 9] = 2173603
RAWdep[ 10] = 1257079
RAWdep[ 11] = 1181560
RAWdep[ 12] = 1066537
RAWdep[ 13] = 1080231
RAWdep[ 14] = 819588
RAWdep[ 15] = 447057
RAWdep[ 16] = 1682844
RAWdep[ 17] = 668701
RAWdep[ 18] = 1234012
RAWdep[ 19] = 1211527
RAWdep[ 20] = 391185
RAWdep[ 21] = 334207
RAWdep[ 22] = 738690
RAWdep[ 23] = 702668
RAWdep[ 24] = 1716122
RAWdep[ 25] = 335576
RAWdep[ 26] = 172361
RAWdep[ 27] = 147227
RAWdep[ 28] = 435524
RAWdep[ 29] = 420687
RAWdep[ 30] = 354821
RAWdep[ 31] = 449491
RAWdep[ 32] = 1047935
RAWdep[ 33] = 60091234

WAWdep[ 0] = 0
WAWdep[ 1] = 20660092
WAWdep[ 2] = 22173749
WAWdep[ 3] = 9910341
WAWdep[ 4] = 7349665
WAWdep[ 5] = 11182561
WAWdep[ 6] = 6237555
WAWdep[ 7] = 4624160
WAWdep[ 8] = 8526225
WAWdep[ 9] = 904257
WAWdep[ 10] = 1069333
WAWdep[ 11] = 703626
WAWdep[ 12] = 995448
WAWdep[ 13] = 1580512
WAWdep[ 14] = 574533
WAWdep[ 15] = 901361
WAWdep[ 16] = 413421
WAWdep[ 17] = 992110
WAWdep[ 18] = 815674
WAWdep[ 19] = 802980
WAWdep[ 20] = 504975
WAWdep[ 21] = 220566
WAWdep[ 22] = 253593
WAWdep[ 23] = 144717
WAWdep[ 24] = 665006
WAWdep[ 25] = 488034
WAWdep[ 26] = 117087
WAWdep[ 27] = 196696
WAWdep[ 28] = 79448
WAWdep[ 29] = 246588
WAWdep[ 30] = 135058
WAWdep[ 31] = 76127
WAWdep[ 32] = 510752
WAWdep[ 33] = 11437251

WARdep[ 0] = 40559945
WARdep[ 1] = 10896820
WARdep[ 2] = 6728768
WARdep[ 3] = 3772720
WARdep[ 4] = 6999197
WARdep[ 5] = 5301178
WARdep[ 6] = 2024816
WARdep[ 7] = 2802068
WARdep[ 8] = 931290
WARdep[ 9] = 1456754
WARdep[ 10] = 1065908
WARdep[ 11] = 1290116
WARdep[ 12] = 2090654
WARdep[ 13] = 1359847
WARdep[ 14] = 1449747
WARdep[ 15] = 1057449
WARdep[ 16] = 825304
WARdep[ 17] = 481011
WARdep[ 18] = 738288
WARdep[ 19] = 689223
WARdep[ 20] = 949200
WARdep[ 21] = 389218
WARdep[ 22] = 1088257
WARdep[ 23] = 254834
WARdep[ 24] = 208899
WARdep[ 25] = 504860
WARdep[ 26] = 180289
WARdep[ 27] = 96460
WARdep[ 28] = 515719
WARdep[ 29] = 399719
WARdep[ 30] = 851073
WARdep[ 31] = 166943
WARdep[ 32] = 284998
WARdep[ 33] = 17081929


		"0": "0",
		"1": "34210203",
		"2": "10695561",
		"3": "16211987",
		"4": "4287912",
		"5": "5712789",
		"6": "2246315",
		"7": "2613454",
		"8": "5459833",
		"9": "2173603",
		"10": "1257079",
		"11": "1181560",
		"12": "1066537",
		"13": "1080231",
		"14": "819588",
		"15": "447057",
		"16": "1682844",
		"17": "668701",
		"18": "1234012",
		"19": "1211527",
		"20": "391185",
		"21": "334207",
		"22": "738690",
		"23": "702668",
		"24": "1716122",
		"25": "335576",
		"26": "172361",
		"27": "147227",
		"28": "435524",
		"29": "420687",
		"30": "354821",
		"31": "449491",
		"32": "1047935",
		"33": "60091234",


# END_DYNAMIC_STATS
