# Branch output version 3
Dynamic_Instruction_Count: 100101561
Dynamic_Conditional_Branch_Count: 11629312
Dynamic_Unconditional_Branch_Count: 5447884
Total_Taken_Branches: 10451330
Total_Branch_Transitions: 2724623

Local Branch Stats (Total Count; Taken Count; Transition Count)
31492 4039 6624
27453 11042 11849
31492 23619 15745
7873 0 0
7873 7709 238
164 164 0
4039 3703 670
693 357 344
11042 1787 2327
9255 6214 5061
7873 0 0
7873 0 0
7873 0 0
7873 0 0
7873 7873 0
128186 0 0
128186 0 0
128186 0 0
128186 0 0
136059 128186 15745
7873 2316 4137
5557 2053 3743
3504 1617 3231
5986 5986 0
2053 0 0
4369 0 0
219 0 0
219 0 0
219 0 0
219 0 0
7873 0 0
7873 780 1559
7093 0 0
7873 780 1559
7093 0 0
1560 1560 0
1560 0 0
1560 1560 0
1560 0 0
1560 0 0
1560 1560 0
1560 0 0
1560 0 0
1560 1560 0
780 780 0
780 0 0
39530 11065 16079
35933 1048 2096
63180 39530 19952
27247 21275 10529
7020 6240 1559
11065 7468 3372
780 780 0
28555 657 1314
27898 0 0
27898 123 246
27775 2203 3090
26352 4339 1211
22013 1182 2206
131530 8091 16181
8872 834 1559
8092 8092 0
834 54 100
8092 0 0
8092 219 423
7873 7873 0
54 0 0
780 780 0
780 0 0
780 780 0
780 0 0
780 0 0
780 19 38
780 0 0
780 0 0
780 780 0
780 780 0
780 0 0
780 780 0
780 0 0
780 780 0
780 0 0
780 0 0
792 206 246
586 220 314
366 4 8
368 65 127
303 0 0
305 98 129
207 7 13
228 76 84
152 0 0
792 198 395
594 226 233
235 45 75
558 235 348
792 594 395
198 2 4
198 1 2
198 27 54
198 46 56
792 198 395
594 226 233
235 45 75
558 235 348
792 594 395
220 214 12
65 63 4
98 70 52
76 30 51
144287 81091 54899
63196 1540 2398
61656 382 640
61274 226 380
31492 7873 15745
23619 7774 8772
9973 3566 2573
22252 9973 13596
31492 23619 15745
2772 693 1385
2079 424 568
1176 429 432
2402 1176 1605
2772 2079 1385
780 0 0
6015 362 724
11065 6015 4016
5050 4632 835
14434 2384 2800
14434 3228 6251
14434 2219 2874
14434 9255 3196
14434 10854 5210
3580 400 768
3180 197 364
2983 0 0
2983 792 1513
2219 780 1559
1439 0 0
1439 2 4
1437 0 0
3228 0 0
3228 454 775
2774 7 14
2767 49 98
2384 353 698
2031 167 334
1864 34 68
1830 0 0
8620 2155 4309
6465 3026 2629
2042 624 881
4857 2042 3042
8620 6465 4309
8620 2467 4297
8620 6465 4309
45404 11351 22701
34053 8416 9614
18639 5962 8728
38314 18639 27182
45404 34053 22701
11351 8884 2875
26352 2155 4039
96788 24197 48393
72591 18348 26221
37480 10379 14703
81344 37480 52779
96788 72591 48393
96788 64163 40082
96788 72591 48393
24197 1189 2351
64163 30903 28147
33260 0 0
33260 9108 14105
24152 16963 11555
17889 2950 4988
17889 2478 4350
17889 1958 3396
17889 7189 4240
17889 14764 5386
3125 1401 1743
1724 446 736
1278 0 0
1278 105 194
30903 23895 11402
44744 11186 22371
33558 12314 11635
13525 4804 5867
29965 13525 19179
44744 33558 22371
11186 4178 2786
13344 3336 6671
10008 2881 4154
4357 1792 1784
9692 4357 6324
13344 10008 6671
3336 2147 2377
1958 512 829
1446 0 0
1446 79 140
1367 54 108
2478 0 0
2478 744 1060
1734 126 241
1608 177 302
2950 1229 1535
1721 229 414
1492 159 296
1333 0 0
26060 3308 5726
26060 2821 5176
26060 2796 4480
26060 16963 6310
26060 21889 7284
4171 1161 1605
3010 873 1240
2137 0 0
2137 538 848
2796 886 1196
1910 0 0
1910 495 799
1415 293 458
2821 0 0
2821 758 1060
2063 617 856
1446 653 714
3308 550 883
2758 820 1123
1938 895 1045
1043 0 0
11065 7456 3384
3609 1215 1336
2394 2387 14
1215 5 10
201687 141169 75616
60518 21112 28040
39406 37509 2632
21112 2012 2222
89960 77453 16558
77453 8510 10965
74129 14765 19046
59364 5662 7036
58019 10436 13568
47583 7401 9242
45882 3818 5480
42064 9720 10696
40294 2564 3854
37730 8107 9220
117677 10258 19878
107419 31743 40761
116657 88054 57205
10258 0 0
478 39 28
10697 478 924
10219 439 656
31743 20096 8322
80341 48465 36312
126904 37856 65008
126323 95028 62589
79760 68694 16974
11066 11066 0
37856 17452 23192
12892 12311 902
20985 12892 9585
8093 581 1014
8510 5186 2874
5662 4317 1200
7401 5700 1912
9720 7950 2110
182173 23373 46737
205584 161934 66008
43650 34813 8648
23411 21086 4546
34813 2902 5126
32961 27403 8629
27847 1910 3622
26736 22527 6549
23306 1898 3272
22482 19233 4886
21440 1066 2013
21164 18082 4952
20582 9310 10427
44896 4199 7716
40697 4738 5840
44553 10929 21857
4199 0 0
208 3 6
4404 208 416
4196 205 374
4738 2811 1782
12675 7247 5496
21527 6259 11342
21389 16099 10579
12537 10748 2731
1789 1789 0
6259 3578 3663
1570 1432 214
2819 1570 1245
1249 138 256
2902 1050 1436
1910 799 894
1898 1074 961
1066 790 355
22527 19097 4991
27403 22289 7749
19233 18191 1741
18082 17500 1092
25698 23469 4324
305 286 38
2436 113 198
2323 38 63
2285 1072 1100
1413 542 659
1090 437 517
746 109 195
637 45 86
2131 188 370
1072 200 280
542 219 257
437 93 153
1188 441 718
1188 367 611
1188 341 575
1188 438 761
30825 14010 11729
30825 22212 10602
30825 20691 12695
30825 23361 9712
102792 24539 31345
102792 77094 51395
24539 18106 7611
6433 6433 0
6433 2432 2276
118020 43089 50993
118020 88515 59009
29505 23072 7678
6433 3990 2429
2443 953 1467
1490 0 0
43089 32965 11835
10124 164 68
9960 3148 4823
9686 2874 4586
6812 5845 1620
4115 4115 0
6799 2684 2577
4115 1098 1232
3017 1149 1103
1868 1117 585
751 751 0
2684 2684 0
13327 6894 5206
6433 1118 1822
5315 2719 2393
2596 1513 1324
1083 1083 0
6894 6894 0
1223 1223 0
1223 815 486
408 408 0
1223 0 0
1223 815 486
1223 1223 0
1223 815 486
408 0 0
408 408 0
28555 0 0
8872 8634 475
8634 8497 226
17743 0 0
84781 42317 42232
42464 0 0
42464 42464 0
52302 5834 10475
88932 167 334
88765 25176 31551
63589 26959 21427
42317 0 0
42317 0 0
91676 178 354
91498 24929 30992
66570 39822 24597
51855 49359 4558
2496 47 88
6631 572 1090
8508 14 28
8494 3263 3912
5231 1877 2122
6909 584 1118
12107 13 26
12094 3197 3338
8897 5198 2585
5834 5782 102
28555 1684 3144
26871 26871 0
84782 1255 1264
83527 62645 41763
53830 19934 30424
33896 32948 1896
19934 0 0
26871 1173 2323
25698 12267 14920
32089 18658 17559
13431 363 698
13068 0 0
31396 570 996
157381 25294 46588
132087 126556 11061
30825 20426 11061
31395 18328 17214
13067 6649 6923
6418 5278 1813
1884 0 0
1884 744 757
6418 6418 0
219 219 0
7873 0 0
7873 7873 0
7873 7799 148
343980 316733 13034
343980 343200 1559
780 0 0
203511 0 0
8871 6673 285
8871 4246 8492
4625 0 0
4625 3488 285
4246 1061 285
8092 0 0
8092 8092 0
123454 0 0
131546 0 0
131546 3913 3101
131546 112325 25809
131546 123454 16183
8091 0 0
8091 3845 7689
4246 1061 285
12056 343 686
18645 12056 8805
6589 5871 1435
3845 940 285
14082 940 1879
14082 9051 6592
43011 2905 5809
43011 26434 20318
55792 3185 6369
55792 38323 24483
54 54 0
54 54 0
54 54 0
648 54 107
648 54 107
594 363 244
594 562 62
54 54 0
836 54 107
836 0 0
836 44 86
792 198 334
594 264 301
330 0 0
54 0 0
54 6 10
48 0 0
761 0 0
761 761 0
7610 858 1617
1080 1080 0
1080 858 444
1080 1080 0
1080 0 0
1080 0 0
7610 6849 1521
4343 0 0
4343 0 0
4343 0 0
4343 0 0
4343 3121 1967
1222 0 0
1222 0 0
1222 0 0
1222 1222 0
1222 0 0
1222 946 552
276 276 0
1222 1222 0
1222 0 0
1222 946 552
276 276 0
3121 0 0
3121 3121 0
3121 0 0
3121 3121 0
3121 0 0
3121 0 0
3121 0 0
3121 0 0
3121 2045 2140
1076 0 0
1076 0 0
1076 0 0
1076 657 837
419 1 2
3121 0 0
3121 1456 1570
1665 0 0
1665 0 0
1665 0 0
1665 507 705
1158 346 47
3121 0 0
3121 641 1282
3121 3121 0
3121 3121 0
3121 0 0
3121 0 0
3121 0 0
3121 3121 0
3121 0 0
346 0 0
346 0 0
346 0 0
1 0 0
1 0 0
1 0 0
3121 3121 0
4991 0 0
4991 3121 1523
1870 1731 211
139 139 0
139 0 0
4852 1560 1560
3292 2210 1522
1082 0 0
1082 0 0
1082 1082 0
3980 0 0
1560 1560 0
1560 799 1521
4747 0 0
8517 2399 4778
6118 0 0
6118 0 0
6118 3400 1560
2718 2197 740
5107 360 720
4747 2051 2820
2696 2073 879
1747 1682 100
65 0 0
65 43 13
2073 1124 137
949 0 0
43 43 0
43 0 0
43 43 0
1124 0 0
2197 806 1611
1391 380 110
1011 505 77
1011 1011 0
2399 1203 1560
3896 1290 1662
2606 0 0
2606 2247 717
359 0 0
359 359 0
25185 0 0
29081 25185 5051
3896 2393 1923
360 0 0
139 139 0
1203 1197 12
6 0 0
6 0 0
6 6 0
6 0 0
6 0 0
6 0 0
6 0 0
6 6 0
6 0 0
6 0 0
2393 0 0
2393 0 0
2393 0 0
2393 0 0
2393 50 42
2343 2300 86
2393 2383 20
10 0 0
2383 0 0
2383 1197 1560
2383 555 778
6 0 0
6 0 0
6 0 0
2300 0 0
2300 0 0
2300 0 0
4991 0 0
4991 0 0
4991 4991 0
4991 0 0
4991 0 0
4991 4991 0
4991 0 0
4991 0 0
4991 0 0
4991 0 0
4343 0 0
4343 0 0
4343 0 0
4343 4343 0
7020 0 0
7020 0 0
7020 7020 0
7020 0 0
7020 0 0
7020 0 0
92040 85020 14039
3528 1102 1032
2426 0 0
2426 2202 273
1102 918 160
918 918 0
2202 0 0
2202 2202 0
918 0 0
3672 2754 1835
8808 6606 4403
4991 0 0
