# Mix output version 2
# FINI: end of program
# EMIT_DYNAMIC_STATS FOR TID 1, ins = 100101561
Dynamic Instruction Count = 100101561, Dyn BBL Count = 17206864
RAWdep[ 0] = 0
RAWdep[ 1] = 43708839
RAWdep[ 2] = 18624999
RAWdep[ 3] = 14460188
RAWdep[ 4] = 7917206
RAWdep[ 5] = 4347153
RAWdep[ 6] = 4614081
RAWdep[ 7] = 2893322
RAWdep[ 8] = 2844484
RAWdep[ 9] = 2689042
RAWdep[ 10] = 2420929
RAWdep[ 11] = 1873507
RAWdep[ 12] = 1204816
RAWdep[ 13] = 1777845
RAWdep[ 14] = 949890
RAWdep[ 15] = 908289
RAWdep[ 16] = 1124292
RAWdep[ 17] = 889754
RAWdep[ 18] = 476981
RAWdep[ 19] = 831584
RAWdep[ 20] = 868331
RAWdep[ 21] = 576950
RAWdep[ 22] = 693981
RAWdep[ 23] = 744868
RAWdep[ 24] = 620664
RAWdep[ 25] = 460048
RAWdep[ 26] = 226586
RAWdep[ 27] = 461410
RAWdep[ 28] = 633421
RAWdep[ 29] = 934205
RAWdep[ 30] = 569668
RAWdep[ 31] = 491719
RAWdep[ 32] = 910699
RAWdep[ 33] = 29351682

WAWdep[ 0] = 0
WAWdep[ 1] = 25135685
WAWdep[ 2] = 20724261
WAWdep[ 3] = 15758072
WAWdep[ 4] = 7890828
WAWdep[ 5] = 4931006
WAWdep[ 6] = 5638885
WAWdep[ 7] = 3477887
WAWdep[ 8] = 2724835
WAWdep[ 9] = 3259030
WAWdep[ 10] = 2665442
WAWdep[ 11] = 1417012
WAWdep[ 12] = 1317184
WAWdep[ 13] = 2132734
WAWdep[ 14] = 1351204
WAWdep[ 15] = 923632
WAWdep[ 16] = 1041492
WAWdep[ 17] = 832737
WAWdep[ 18] = 515145
WAWdep[ 19] = 735473
WAWdep[ 20] = 813291
WAWdep[ 21] = 696329
WAWdep[ 22] = 432855
WAWdep[ 23] = 522158
WAWdep[ 24] = 757470
WAWdep[ 25] = 336178
WAWdep[ 26] = 248174
WAWdep[ 27] = 659317
WAWdep[ 28] = 379123
WAWdep[ 29] = 339691
WAWdep[ 30] = 272137
WAWdep[ 31] = 183939
WAWdep[ 32] = 835684
WAWdep[ 33] = 15054981

WARdep[ 0] = 46086627
WARdep[ 1] = 10693656
WARdep[ 2] = 8768967
WARdep[ 3] = 5840123
WARdep[ 4] = 4348833
WARdep[ 5] = 3908197
WARdep[ 6] = 3026169
WARdep[ 7] = 3385537
WARdep[ 8] = 2766979
WARdep[ 9] = 1864702
WARdep[ 10] = 2314052
WARdep[ 11] = 1821286
WARdep[ 12] = 1238587
WARdep[ 13] = 1363849
WARdep[ 14] = 963116
WARdep[ 15] = 803485
WARdep[ 16] = 1013325
WARdep[ 17] = 792590
WARdep[ 18] = 971888
WARdep[ 19] = 1119710
WARdep[ 20] = 1018184
WARdep[ 21] = 774868
WARdep[ 22] = 954210
WARdep[ 23] = 470725
WARdep[ 24] = 810682
WARdep[ 25] = 872450
WARdep[ 26] = 961332
WARdep[ 27] = 621717
WARdep[ 28] = 450727
WARdep[ 29] = 497006
WARdep[ 30] = 404113
WARdep[ 31] = 544758
WARdep[ 32] = 478905
WARdep[ 33] = 12052516


		"0": "0",
		"1": "43708839",
		"2": "18624999",
		"3": "14460188",
		"4": "7917206",
		"5": "4347153",
		"6": "4614081",
		"7": "2893322",
		"8": "2844484",
		"9": "2689042",
		"10": "2420929",
		"11": "1873507",
		"12": "1204816",
		"13": "1777845",
		"14": "949890",
		"15": "908289",
		"16": "1124292",
		"17": "889754",
		"18": "476981",
		"19": "831584",
		"20": "868331",
		"21": "576950",
		"22": "693981",
		"23": "744868",
		"24": "620664",
		"25": "460048",
		"26": "226586",
		"27": "461410",
		"28": "633421",
		"29": "934205",
		"30": "569668",
		"31": "491719",
		"32": "910699",
		"33": "29351682",


# END_DYNAMIC_STATS
