# Branch output version 3
Dynamic_Instruction_Count: 100001520
Dynamic_Conditional_Branch_Count: 12449634
Dynamic_Unconditional_Branch_Count: 2066114
Total_Taken_Branches: 8216307
Total_Branch_Transitions: 2302422

Local Branch Stats (Total Count; Taken Count; Transition Count)
13 0 0
13 0 0
13 0 0
13 0 0
13 0 0
13 0 0
13 0 0
13 0 0
13 0 0
13 13 0
13 0 0
13 0 0
13 0 0
13 0 0
13 0 0
13 0 0
13 0 0
13 0 0
13 0 0
13 0 0
13 0 0
13 0 0
13 0 0
13 0 0
13 13 0
13 0 0
13 13 0
13 13 0
13 0 0
13 13 0
13 0 0
13 13 0
13 0 0
13 0 0
13 13 0
13 13 0
13 13 0
13 13 0
13 0 0
13 0 0
26624 26611 25
13 0 0
26 0 0
26 13 25
13 13 0
13 0 0
13 0 0
13 0 0
13 13 0
13 0 0
13 0 0
13 13 0
13 13 0
13 13 0
334948 84 168
334864 47902 87225
286962 185812 91419
285729 138653 132416
812274 184579 303315
813507 812274 2466
185812 122167 88726
63645 1233 2204
276158 108 216
276050 18287 35599
257763 187643 65624
221686 103269 98589
1220022 151566 246905
1256099 1220021 72156
49621 1724 2316
47897 1635 2437
1635 0 0
1635 1329 464
27172 1286 2189
27215 27172 86
49621 49621 0
49621 49621 0
49621 14877 16515
34744 0 0
34744 30746 4890
18875 16359 3036
49219 0 0
49219 0 0
49621 12796 16165
47105 0 0
47105 29059 17383
83783 28657 35363
84185 83783 804
402 0 0
402 402 0
54071 0 0
54071 0 0
54071 1636 3271
54070 54070 0
497 0 0
11928 7952 7951
3976 497 993
3479 3479 0
497 497 0
497 0 0
497 0 0
10437 6958 6957
3479 0 0
3479 2982 993
11101 3607 3583
7494 403 599
7091 3124 3432
7091 0 0
7091 6618 902
7091 3348 3046
7091 35 70
7056 5896 1810
4673 3513 2267
3124 1036 1132
403 283 137
120 73 49
47 16 22
120 120 0
3348 0 0
283 55 81
348 151 131
348 0 0
348 324 46
50826 44930 11791
3607 1792 1587
3607 1021 863
151 107 56
14336 12544 3583
13 0 0
11114 13 26
11101 1297 2200
208679 0 0
208679 11101 22201
197578 176659 41836
22216 22140 152
76 0 0
11114 0 0
11114 0 0
11114 0 0
11114 11101 26
13 13 0
11101 11101 0
22216 22140 152
22216 22216 0
11101 3687 2704
3687 1182 2364
2505 54 108
2505 310 608
2505 0 0
3687 3687 0
14587 3655 7309
14748 13391 2283
1357 853 480
504 0 0
504 385 139
15992 348 535
16029 15992 74
504 343 210
161 129 50
3687 3569 161
118 0 0
4960 4650 619
216 0 0
57024 47520 19007
9504 9288 431
216 0 0
6480 6264 431
216 162 107
27864 21168 12960
6696 6642 107
3569 2052 2365
1517 1517 0
2052 1711 416
341 4 8
337 337 0
1715 1359 423
2848 2492 711
1715 31 60
1715 4 8
10895 9184 3277
6844 6763 138
81 8 12
73 32 34
282 32 20
282 201 104
6844 5133 3421
1711 5 10
1706 1703 4
4 1 2
8773 758 495
10851 174 112
10851 4017 4586
10851 8773 1063
10872 9513 2717
31 13 16
1711 0 0
47116 1182 2270
45934 45825 218
109 3 6
106 87 24
19 18 2
108 0 0
108 2 4
106 87 24
1011 566 132
445 275 84
170 89 31
45934 31883 12853
112408 98357 28101
45933 32724 12823
45933 21627 15720
45933 0 0
45933 13247 12827
32686 20884 14000
11802 0 0
11802 10888 1698
1295 910 291
1299 1295 8
914 767 225
147 39 57
147 136 18
71 60 19
147 128 33
183732 31230 54102
183732 137799 91865
45933 45933 0
45933 4463 3940
41470 28938 17246
40522 27990 16726
41470 32361 8372
12287 3178 5095
199631 16417 12265
236404 167757 41522
236404 105115 103767
236404 104713 53319
236404 199631 23504
16417 0 0
105115 0 0
105115 8616 14242
14006 8581 3507
14041 14006 70
105115 103339 2798
14208 12432 3551
1776 1301 713
2160 1685 852
1776 1087 771
105115 41470 62391
31230 15517 13270
15713 0 0
15713 5799 7027
26468 9914 12664
26468 26468 0
15713 15656 114
207 150 70
15713 13928 2452
1785 742 655
42181 41021 806
42181 26468 19827
15713 15713 0
4281 43 86
19951 4281 3542
15713 15117 312
4768 4172 1191
596 555 72
295 254 81
596 545 74
45933 45405 1016
45825 14355 12645
31473 30481 598
255058 223176 63764
3 2 1
1 1 0
14355 14051 594
304 296 16
21627 705 1282
20922 648 372
20979 20677 540
2 0 0
758 0 0
4017 1706 2343
87 31 31
14051 10741 3771
9124 1710 2704
9124 9054 140
70 1 2
10741 4920 6863
13 0 0
13 0 0
13 13 0
13 13 0
13 0 0
13 0 0
13 0 0
13 0 0
13 0 0
13 13 0
13 0 0
26 0 0
26 0 0
26 0 0
26 0 0
26 0 0
26 26 0
26 0 0
26 0 0
26 0 0
3302 3276 51
