# Mix output version 2
# FINI: end of program
# EMIT_DYNAMIC_STATS FOR TID 1, ins = 100001520
Dynamic Instruction Count = 100001520, Dyn BBL Count = 14515748
RAWdep[ 0] = 0
RAWdep[ 1] = 32764420
RAWdep[ 2] = 14635988
RAWdep[ 3] = 12874236
RAWdep[ 4] = 5619548
RAWdep[ 5] = 3844058
RAWdep[ 6] = 3155755
RAWdep[ 7] = 3004015
RAWdep[ 8] = 3505653
RAWdep[ 9] = 2592288
RAWdep[ 10] = 1827488
RAWdep[ 11] = 1388744
RAWdep[ 12] = 1891038
RAWdep[ 13] = 1628235
RAWdep[ 14] = 1326650
RAWdep[ 15] = 532919
RAWdep[ 16] = 1576489
RAWdep[ 17] = 562330
RAWdep[ 18] = 1009020
RAWdep[ 19] = 1372069
RAWdep[ 20] = 512697
RAWdep[ 21] = 811152
RAWdep[ 22] = 633703
RAWdep[ 23] = 1054434
RAWdep[ 24] = 2440513
RAWdep[ 25] = 453126
RAWdep[ 26] = 393122
RAWdep[ 27] = 320597
RAWdep[ 28] = 683092
RAWdep[ 29] = 646947
RAWdep[ 30] = 400746
RAWdep[ 31] = 298783
RAWdep[ 32] = 748113
RAWdep[ 33] = 51935339

WAWdep[ 0] = 0
WAWdep[ 1] = 23859014
WAWdep[ 2] = 21942924
WAWdep[ 3] = 10306815
WAWdep[ 4] = 8764730
WAWdep[ 5] = 6364103
WAWdep[ 6] = 5150202
WAWdep[ 7] = 5280392
WAWdep[ 8] = 4337584
WAWdep[ 9] = 1370316
WAWdep[ 10] = 1306970
WAWdep[ 11] = 892423
WAWdep[ 12] = 1306241
WAWdep[ 13] = 1863842
WAWdep[ 14] = 914513
WAWdep[ 15] = 885579
WAWdep[ 16] = 588382
WAWdep[ 17] = 734438
WAWdep[ 18] = 652851
WAWdep[ 19] = 1038096
WAWdep[ 20] = 481153
WAWdep[ 21] = 501093
WAWdep[ 22] = 420840
WAWdep[ 23] = 234533
WAWdep[ 24] = 1793006
WAWdep[ 25] = 673362
WAWdep[ 26] = 188349
WAWdep[ 27] = 237579
WAWdep[ 28] = 160221
WAWdep[ 29] = 486060
WAWdep[ 30] = 325947
WAWdep[ 31] = 192196
WAWdep[ 32] = 883975
WAWdep[ 33] = 12451504

WARdep[ 0] = 41737071
WARdep[ 1] = 11444096
WARdep[ 2] = 5601495
WARdep[ 3] = 4885803
WARdep[ 4] = 5802971
WARdep[ 5] = 4364599
WARdep[ 6] = 3108426
WARdep[ 7] = 2840923
WARdep[ 8] = 1515500
WARdep[ 9] = 2210621
WARdep[ 10] = 1365280
WARdep[ 11] = 1419350
WARdep[ 12] = 2096618
WARdep[ 13] = 1736807
WARdep[ 14] = 1488900
WARdep[ 15] = 1061516
WARdep[ 16] = 1306279
WARdep[ 17] = 643239
WARdep[ 18] = 938134
WARdep[ 19] = 712103
WARdep[ 20] = 1158901
WARdep[ 21] = 379160
WARdep[ 22] = 1105336
WARdep[ 23] = 532747
WARdep[ 24] = 522473
WARdep[ 25] = 582315
WARdep[ 26] = 410953
WARdep[ 27] = 159141
WARdep[ 28] = 433960
WARdep[ 29] = 346318
WARdep[ 30] = 453677
WARdep[ 31] = 402007
WARdep[ 32] = 333856
WARdep[ 33] = 13488658


		"0": "0",
		"1": "32764420",
		"2": "14635988",
		"3": "12874236",
		"4": "5619548",
		"5": "3844058",
		"6": "3155755",
		"7": "3004015",
		"8": "3505653",
		"9": "2592288",
		"10": "1827488",
		"11": "1388744",
		"12": "1891038",
		"13": "1628235",
		"14": "1326650",
		"15": "532919",
		"16": "1576489",
		"17": "562330",
		"18": "1009020",
		"19": "1372069",
		"20": "512697",
		"21": "811152",
		"22": "633703",
		"23": "1054434",
		"24": "2440513",
		"25": "453126",
		"26": "393122",
		"27": "320597",
		"28": "683092",
		"29": "646947",
		"30": "400746",
		"31": "298783",
		"32": "748113",
		"33": "51935339",


# END_DYNAMIC_STATS
