# Branch output version 3
Dynamic_Instruction_Count: 100001502
Dynamic_Conditional_Branch_Count: 16144790
Dynamic_Unconditional_Branch_Count: 1499852
Total_Taken_Branches: 8933328
Total_Branch_Transitions: 1518734

Local Branch Stats (Total Count; Taken Count; Transition Count)
37 7 2
30 0 0
30 0 0
37 6 2
31 0 0
7 0 0
7 7 0
37 0 0
37 0 0
37 0 0
37 0 0
37 37 0
37 0 0
37 0 0
37 0 0
37 0 0
37 0 0
37 0 0
37 0 0
37 0 0
37 0 0
37 0 0
37 0 0
37 0 0
37 0 0
37 0 0
37 37 0
37 8 2
29 29 0
37 37 0
37 0 0
37 37 0
37 0 0
37 37 0
37 0 0
37 0 0
37 37 0
37 37 0
37 31 2
37 37 0
31 0 0
31 0 0
63488 63457 61
38 0 0
75 7 14
68 38 59
30 30 0
38 0 0
38 7 2
31 0 0
31 31 0
31 0 0
31 0 0
31 31 0
31 31 0
31 31 0
44540 208 416
44332 5431 9992
38901 25639 7724
36942 12834 12981
151393 23680 42358
153352 151393 3917
25639 16752 10652
8887 1959 1413
698663 3750 7500
694913 12951 25472
681962 512627 66042
448582 146753 145605
5029812 279247 518752
5263192 5029812 466759
8589 95 144
8494 2950 1447
2950 0 0
2950 2809 254
192337 2714 5149
192432 192337 190
8589 8589 0
8589 8589 0
8589 3820 2973
4769 1 2
4768 4446 514
4143 3954 266
7598 0 0
7598 0 0
8589 2176 2828
8400 0 0
8400 6297 2231
37661 5306 8323
38652 37661 1982
991 0 0
991 991 0
249090 0 0
249090 0 0
249090 2951 5902
249091 249091 0
241 0 0
5784 3856 3855
1928 241 481
1687 1687 0
241 241 0
241 0 0
241 0 0
5061 3374 3373
1687 0 0
1687 1446 481
4505 878 876
3627 348 344
3279 2779 770
3279 0 0
3279 3060 414
3279 1426 1746
3279 4 8
3275 2750 1010
2236 1711 1045
2779 2363 592
348 175 51
173 102 100
71 17 22
173 173 0
1426 0 0
175 4 6
344 326 26
344 0 0
344 322 43
22825 20075 5499
878 438 438
878 221 210
326 309 30
3504 3066 875
32 0 0
4537 32 64
4505 495 859
102615 0 0
102615 4505 9009
98110 88801 18616
9804 9769 70
35 0 0
4537 0 0
4537 0 0
4537 1 2
4536 4505 62
31 31 0
4505 4505 0
9804 9769 70
9804 9804 0
1 0 0
1 0 0
1 0 0
1 0 0
1 0 0
5 5 0
5 4 1
5 5 0
5 5 0
4505 3713 526
3713 718 1436
2995 25 50
2995 168 334
2995 0 0
3713 3713 0
14470 3599 7197
14852 13461 2308
1391 421 493
970 0 0
970 731 249
97752 451 756
98032 97752 560
970 588 282
382 268 100
3713 3391 326
322 0 0
2688 2520 335
100 0 0
26400 22000 8799
4400 4300 199
100 0 0
3000 2900 199
100 75 49
12900 9800 6000
3100 3075 49
3391 762 1407
2629 2629 0
762 739 34
23 0 0
23 23 0
739 717 34
176 154 43
739 1 2
739 0 0
5842 5103 1459
2956 2919 72
37 1 2
36 20 9
142 0 0
142 105 59
2956 2217 1477
739 0 0
739 739 0
4076 913 306
5837 115 78
5837 1670 1878
5837 4076 436
5736 5019 1433
1 0 0
739 0 0
5594 718 1167
4876 4872 8
4 2 1
2 2 0
4 0 0
4 2 1
2 2 0
102 34 12
68 43 8
25 8 6
4876 2790 1286
16688 14602 4171
4876 3176 1433
4876 2286 1406
4876 0 0
4876 1703 1429
3173 2190 1214
983 0 0
983 922 114
180 55 14
186 180 12
61 49 12
12 2 3
12 8 3
40 36 7
12 3 1
19504 2859 5300
19504 14628 9751
4876 4876 0
4876 774 522
4102 3217 1212
3016 2131 1101
4102 3241 634
1248 387 550
19820 6884 2332
24387 19705 2690
24387 9608 9067
24387 11544 5257
24387 19820 1412
6884 0 0
9608 0 0
9608 447 759
790 433 126
804 790 28
9608 9538 138
560 490 139
70 35 30
257 222 65
70 34 30
9608 4102 5285
2859 998 1102
1861 0 0
1861 413 615
4865 1448 2201
4865 4865 0
1861 1858 6
22 19 5
1861 1762 136
99 48 32
6726 6610 96
6726 4865 2895
1861 1861 0
988 51 102
2798 988 196
1861 1796 20
520 455 129
65 63 4
32 30 3
65 48 14
4876 4855 42
4872 2104 1270
2770 2668 78
22320 19530 5579
2 2 0
2104 2086 36
18 18 0
2286 93 158
2193 34 24
2252 2235 32
2 0 0
913 0 0
1670 739 817
2 0 0
2086 1533 643
1531 739 525
1531 1528 6
3 2 1
1533 767 1119
38 0 0
39 0 0
1 1 0
8 1 1
31 31 0
32 31 2
1 1 0
1 0 0
1 0 0
1 0 0
1 1 0
1 1 0
1 1 0
31 0 0
31 0 0
31 0 0
31 0 0
31 0 0
31 31 0
31 0 0
7 0 0
7 0 0
7 0 0
7 0 0
7 7 0
7 7 0
7 7 0
62 0 0
62 0 0
62 0 0
77 0 0
77 0 0
77 77 0
77 0 0
77 0 0
77 0 0
9716 9639 153
