# Branch output version 3
Dynamic_Instruction_Count: 100001499
Dynamic_Conditional_Branch_Count: 13348296
Dynamic_Unconditional_Branch_Count: 1787751
Total_Taken_Branches: 8424404
Total_Branch_Transitions: 2152196

Local Branch Stats (Total Count; Taken Count; Transition Count)
14 0 0
14 0 0
14 0 0
14 0 0
14 0 0
14 0 0
14 0 0
14 0 0
14 0 0
14 14 0
14 0 0
14 0 0
14 0 0
14 0 0
14 0 0
14 0 0
14 0 0
14 0 0
14 0 0
14 0 0
14 0 0
14 0 0
14 0 0
14 0 0
14 14 0
14 0 0
14 14 0
14 14 0
14 0 0
14 14 0
14 0 0
14 14 0
14 0 0
14 0 0
14 14 0
14 14 0
14 14 0
14 14 0
14 0 0
14 0 0
28672 28658 27
14 0 0
28 0 0
28 14 27
14 14 0
14 0 0
14 0 0
14 0 0
14 14 0
14 0 0
14 0 0
14 14 0
14 14 0
14 14 0
261877 380 760
261497 35060 66383
226437 136874 69291
225429 104684 84746
662922 135866 222841
663930 662922 2016
136874 94638 62783
42236 1008 1796
384500 1130 2260
383370 13052 25931
370318 247341 78467
306124 98997 94652
1849565 183147 312793
1913759 1849565 128388
36638 393 598
36245 1198 1802
1198 0 0
1198 1004 284
39118 908 1523
39214 39118 192
36639 36639 0
36639 36639 0
36639 16371 14665
20268 0 0
20268 19282 1496
17357 16792 824
36448 0 0
36448 0 0
36639 5376 7658
36073 0 0
36073 26180 10350
89000 25990 35680
89190 89000 380
190 0 0
190 190 0
78186 0 0
78186 0 0
78186 1208 2415
78186 78186 0
311 0 0
7464 4976 4975
2488 311 621
2177 2177 0
311 311 0
311 0 0
311 0 0
6531 4354 4353
2177 0 0
2177 1866 621
10693 5962 4705
4731 2552 1285
2179 965 730
2179 0 0
2179 2033 276
2179 1125 949
2179 4 8
2175 1896 444
989 710 523
965 493 293
2552 1459 739
1093 488 300
605 123 150
1093 1093 0
1125 0 0
1459 91 120
2461 1639 726
2461 0 0
2461 2296 312
16665 14769 3791
5962 2353 3067
5962 2075 2447
1639 395 296
18824 16471 4705
14 0 0
10707 14 28
10693 1197 2222
132745 0 0
132745 10693 21385
122052 112058 19983
11191 11146 88
45 0 0
10707 0 0
10707 0 0
10707 0 0
10707 10693 28
14 14 0
10693 10693 0
11191 11146 88
11191 11191 0
10693 2233 1749
2233 887 1773
1346 16 32
1346 103 188
1346 0 0
2233 2233 0
8138 2132 4263
8932 6328 2885
2604 607 825
1997 0 0
1997 1815 284
72607 1611 2819
72811 72607 408
1997 1203 908
794 693 178
2233 1683 749
550 0 0
1648 1545 205
64 0 0
16896 14080 5631
2816 2752 127
64 0 0
1920 1856 127
64 48 31
8256 6272 3840
1984 1968 31
1683 1025 1160
658 658 0
1025 990 54
35 3 6
32 32 0
993 918 75
600 525 149
993 10 20
993 3 6
6425 5435 1957
3960 3538 690
422 3 6
419 226 189
2306 278 130
2306 1884 689
3960 2970 1979
990 1 2
989 987 4
4 2 3
4921 527 235
6415 1918 545
6415 2280 2420
6415 4921 787
7344 6426 1835
10 3 4
990 0 0
35292 887 1710
34405 34195 414
210 20 30
190 105 67
85 68 23
196 0 0
196 6 12
190 105 67
15577 10014 1253
5563 2559 436
3004 2501 150
34405 24180 8051
81800 71575 20449
34405 23815 7725
34405 21758 8826
34405 0 0
34405 10924 7679
23481 19957 4797
3524 0 0
3524 2900 928
2662 598 639
2688 2662 52
624 282 223
342 112 104
342 285 70
386 329 95
342 228 110
137620 55080 47090
137620 103215 68809
34405 34405 0
34405 4551 3096
29854 22650 9494
20210 13006 8636
29854 19870 6920
15016 5032 7294
102049 11881 4877
152604 110908 26106
152605 62231 61913
152604 78323 31396
152604 102049 18509
11881 0 0
62231 0 0
62231 16929 20788
50907 16568 14883
51268 50907 722
62231 54527 10634
61632 53928 15407
7704 6178 2400
8307 6781 2799
7704 4988 3091
62231 29855 38470
55080 11634 13695
43446 0 0
43446 7062 9495
175314 36239 59831
175459 175314 290
43446 42650 1542
3422 2626 1137
43446 17510 23055
25936 9117 13322
218905 193943 13388
218905 175459 72767
43446 43446 0
51893 442 884
94897 51893 22324
43446 36877 8750
52552 45983 13137
6569 5859 1341
4569 3859 1237
6569 5085 1919
34406 34303 202
34195 11376 7505
22839 7347 1119
193440 169260 48359
20 6 3
14 14 0
11376 10225 2298
1151 1150 2
21758 1467 2460
20291 10032 2050
11726 10573 1730
6 1 1
527 0 0
2280 989 1513
105 57 44
10225 7056 3573
9450 990 1749
9450 9347 206
103 10 14
7056 1840 2671
14 0 0
14 0 0
14 14 0
14 14 0
14 0 0
14 0 0
14 0 0
14 0 0
14 0 0
14 14 0
14 0 0
28 0 0
28 0 0
28 0 0
28 0 0
28 0 0
28 28 0
28 0 0
28 0 0
28 0 0
3556 3528 55
