# Mix output version 2
# FINI: end of program
# EMIT_DYNAMIC_STATS FOR TID 1, ins = 100001499
Dynamic Instruction Count = 100001499, Dyn BBL Count = 15136047
RAWdep[ 0] = 0
RAWdep[ 1] = 34209252
RAWdep[ 2] = 13013648
RAWdep[ 3] = 14104078
RAWdep[ 4] = 5295992
RAWdep[ 5] = 4392112
RAWdep[ 6] = 3090994
RAWdep[ 7] = 2821195
RAWdep[ 8] = 4175915
RAWdep[ 9] = 2690279
RAWdep[ 10] = 1813472
RAWdep[ 11] = 1282913
RAWdep[ 12] = 1594296
RAWdep[ 13] = 1247971
RAWdep[ 14] = 1184160
RAWdep[ 15] = 396002
RAWdep[ 16] = 1534922
RAWdep[ 17] = 537418
RAWdep[ 18] = 1168509
RAWdep[ 19] = 1345791
RAWdep[ 20] = 418450
RAWdep[ 21] = 650705
RAWdep[ 22] = 738629
RAWdep[ 23] = 1245006
RAWdep[ 24] = 2340407
RAWdep[ 25] = 334671
RAWdep[ 26] = 317611
RAWdep[ 27] = 226173
RAWdep[ 28] = 584194
RAWdep[ 29] = 537675
RAWdep[ 30] = 318481
RAWdep[ 31] = 308054
RAWdep[ 32] = 767869
RAWdep[ 33] = 54392385

WAWdep[ 0] = 0
WAWdep[ 1] = 23368503
WAWdep[ 2] = 22089808
WAWdep[ 3] = 10503957
WAWdep[ 4] = 7976921
WAWdep[ 5] = 7822184
WAWdep[ 6] = 5750251
WAWdep[ 7] = 4951068
WAWdep[ 8] = 5731483
WAWdep[ 9] = 1613145
WAWdep[ 10] = 1525883
WAWdep[ 11] = 791654
WAWdep[ 12] = 1367662
WAWdep[ 13] = 1668702
WAWdep[ 14] = 807168
WAWdep[ 15] = 759804
WAWdep[ 16] = 491315
WAWdep[ 17] = 749470
WAWdep[ 18] = 747023
WAWdep[ 19] = 956584
WAWdep[ 20] = 486794
WAWdep[ 21] = 449763
WAWdep[ 22] = 343812
WAWdep[ 23] = 435432
WAWdep[ 24] = 1586678
WAWdep[ 25] = 541102
WAWdep[ 26] = 169049
WAWdep[ 27] = 224512
WAWdep[ 28] = 144700
WAWdep[ 29] = 366275
WAWdep[ 30] = 243954
WAWdep[ 31] = 137786
WAWdep[ 32] = 684582
WAWdep[ 33] = 11429086

WARdep[ 0] = 41806012
WARdep[ 1] = 11433476
WARdep[ 2] = 6064010
WARdep[ 3] = 4546526
WARdep[ 4] = 5944495
WARdep[ 5] = 5118387
WARdep[ 6] = 2680810
WARdep[ 7] = 2869613
WARdep[ 8] = 1368538
WARdep[ 9] = 2054150
WARdep[ 10] = 1320852
WARdep[ 11] = 1367967
WARdep[ 12] = 2122637
WARdep[ 13] = 1499638
WARdep[ 14] = 1362037
WARdep[ 15] = 1045892
WARdep[ 16] = 1152145
WARdep[ 17] = 633842
WARdep[ 18] = 822389
WARdep[ 19] = 726900
WARdep[ 20] = 1007184
WARdep[ 21] = 481941
WARdep[ 22] = 1207174
WARdep[ 23] = 476735
WARdep[ 24] = 430240
WARdep[ 25] = 594221
WARdep[ 26] = 313643
WARdep[ 27] = 128906
WARdep[ 28] = 440110
WARdep[ 29] = 385060
WARdep[ 30] = 588086
WARdep[ 31] = 276612
WARdep[ 32] = 294899
WARdep[ 33] = 14350983


		"0": "0",
		"1": "34209252",
		"2": "13013648",
		"3": "14104078",
		"4": "5295992",
		"5": "4392112",
		"6": "3090994",
		"7": "2821195",
		"8": "4175915",
		"9": "2690279",
		"10": "1813472",
		"11": "1282913",
		"12": "1594296",
		"13": "1247971",
		"14": "1184160",
		"15": "396002",
		"16": "1534922",
		"17": "537418",
		"18": "1168509",
		"19": "1345791",
		"20": "418450",
		"21": "650705",
		"22": "738629",
		"23": "1245006",
		"24": "2340407",
		"25": "334671",
		"26": "317611",
		"27": "226173",
		"28": "584194",
		"29": "537675",
		"30": "318481",
		"31": "308054",
		"32": "767869",
		"33": "54392385",


# END_DYNAMIC_STATS
