# Branch output version 3
Dynamic_Instruction_Count: 100101485
Dynamic_Conditional_Branch_Count: 10488592
Dynamic_Unconditional_Branch_Count: 5565118
Total_Taken_Branches: 10144827
Total_Branch_Transitions: 2540700

Local Branch Stats (Total Count; Taken Count; Transition Count)
10012 792 1553
9220 539 1072
10012 7509 5005
2503 0 0
2503 2503 0
792 792 0
539 3 6
536 480 112
2503 0 0
2503 0 0
2503 0 0
2503 0 0
2503 2503 0
9111 0 0
9111 0 0
9111 0 0
9111 0 0
11614 9111 5005
2503 869 1511
1634 756 896
878 430 859
2055 2055 0
756 0 0
1625 0 0
11 0 0
11 0 0
11 0 0
11 0 0
2503 0 0
2503 451 900
2052 0 0
2503 451 900
2052 0 0
902 902 0
902 0 0
902 902 0
902 0 0
902 0 0
902 902 0
902 0 0
902 0 0
902 902 0
452 452 0
451 0 0
20514 7906 8789
17248 2157 4181
36531 20514 13280
19283 17381 3764
4059 3608 901
7906 4640 2349
452 446 12
34821 362 724
34459 0 0
34459 89 178
34369 1584 2436
33231 19922 888
13309 152 302
157401 2512 5023
2965 458 902
2513 2513 0
458 6 12
2514 0 0
2514 11 22
2503 2503 0
6 0 0
451 451 0
451 0 0
451 451 0
451 0 0
451 0 0
451 2 4
451 0 0
451 0 0
451 451 0
451 451 0
451 0 0
451 451 0
451 0 0
451 451 0
451 0 0
451 0 0
354 354 0
123812 83917 33970
39895 536 890
39359 368 600
38991 199 362
10012 2503 5005
7509 6090 1293
608 95 120
1932 608 1076
10012 7509 5005
451 0 0
5610 357 713
7906 5610 2672
2296 2202 188
536 473 126
536 74 148
536 74 148
536 536 0
536 50 96
486 0 0
486 6 12
480 0 0
480 0 0
74 0 0
74 0 0
74 8 16
66 0 0
74 0 0
74 12 13
62 0 0
62 0 0
473 0 0
473 0 0
473 15 30
458 0 0
5216 1304 2607
3912 757 1024
2361 611 878
4905 2361 3240
5216 3912 2607
5216 1551 2582
5216 3912 2607
16736 4184 8367
12552 2732 3862
7038 1858 2648
15000 7038 10012
16736 12552 8367
4184 2633 917
33231 1304 2492
127708 31927 63853
95781 25165 29811
49817 13745 17347
106688 49817 68932
127708 95781 63853
127708 69701 55967
127708 95781 63853
31927 563 1104
69701 36314 34694
33387 0 0
33387 4810 7968
28577 16084 14614
18903 5019 7151
18903 5243 6860
18903 4934 6822
18903 12493 4382
18903 14178 6719
4725 712 1043
4013 510 912
3503 0 0
3503 389 700
36314 30666 9742
35532 8883 17765
26649 7978 9034
13095 2749 3866
29017 13095 19048
35532 26649 17765
8883 3235 2764
6808 1702 3403
5106 1533 2071
2155 937 1032
4791 2155 3180
6808 5106 3403
1702 1139 1125
4934 421 728
4513 0 0
4513 208 384
4305 38 70
5243 0 0
5243 767 1254
4476 113 202
4363 126 222
5019 1089 1536
3930 280 474
3650 127 226
3523 0 0
22312 4930 7223
22312 4578 6514
22312 4276 6554
22312 16084 4650
22312 16883 7999
5429 1093 1514
4336 910 1404
3426 0 0
3426 545 934
4276 966 1410
3310 0 0
3310 777 1146
2533 116 206
4578 0 0
4578 985 1518
3593 420 650
3173 532 872
4930 655 1118
4275 458 720
3817 1036 1486
2781 0 0
7906 4608 2381
3298 1544 1416
1754 1746 16
1544 24 42
159785 121862 46604
37923 19271 19095
18652 18059 834
19271 1711 2140
94446 57428 30277
57428 6406 8827
55296 12540 16386
42756 4590 6534
41716 6848 9820
34868 3908 5244
34160 4337 6558
29823 3316 4592
29436 2581 4146
26855 5115 6192
85059 12601 24426
72457 20394 28379
82498 63319 38358
12601 0 0
1519 495 266
13625 1519 2574
12106 1024 1646
20394 11707 7271
32915 16398 13920
64459 21693 35813
62923 47942 29961
31379 24228 8765
7151 7151 0
21693 10796 15125
5400 3864 1177
12433 5400 5825
7033 1536 2289
6406 4274 2176
4590 3550 1215
3908 3200 832
3316 2929 526
199931 25213 50400
264288 177045 105142
87243 45824 26742
64357 56534 15323
45824 2834 5001
44284 35783 12577
36931 1856 3458
36076 30119 9292
31227 1345 2510
30606 25754 7722
27597 1292 2414
27041 22091 7293
24967 8152 10130
65687 9481 18209
56206 7093 11072
63606 14734 29467
9481 0 0
963 54 96
10390 963 1908
9427 909 1624
7093 2875 3009
9482 3283 3448
23487 9189 14265
22315 17288 10053
8310 5264 2776
3046 3046 0
9189 4614 6440
1894 722 607
5747 1894 2933
3853 1172 1739
2834 1294 1486
1856 1001 948
1345 724 608
1292 736 611
30119 25270 7774
35783 28430 10878
25754 22745 5100
22091 20017 3639
33036 30326 5184
239 224 27
2878 88 168
2790 9 14
2781 1092 1290
1886 924 923
1143 585 545
649 80 132
569 62 100
2639 153 292
1092 197 312
924 181 266
585 91 153
708 66 120
708 64 128
708 58 114
708 64 114
74828 40394 32684
74828 47273 29252
74828 53924 25816
74828 55457 25729
132144 31340 47201
132144 99108 66071
31340 22085 12037
9255 9255 0
9255 5078 4344
81300 39294 42206
81300 60975 40649
20325 11070 6518
9255 6360 3676
2895 603 1096
2292 0 0
39294 33407 8828
5887 13 12
5874 3489 2370
3191 806 1402
2385 1831 806
4043 4043 0
5020 977 1028
4043 900 1276
3143 1129 1316
2014 1086 799
928 928 0
977 977 0
13868 4613 4526
9255 2109 3210
7146 2366 3196
4780 2426 2262
2354 2354 0
4613 4613 0
645 645 0
645 456 302
189 189 0
645 0 0
645 456 302
645 645 0
645 456 302
189 0 0
189 189 0
34822 0 0
2965 2778 374
2778 2778 0
5928 0 0
85663 42896 42758
42767 0 0
42767 42767 0
33513 3351 6040
72929 81 162
72848 16219 19606
56629 17213 13476
42896 0 0
42896 0 0
74026 79 158
73947 15394 19234
58553 41524 15392
32502 31130 2515
1372 10 20
4250 238 463
5374 7 14
5367 2041 2391
3326 1124 1293
4152 213 415
7279 10 20
7269 1965 2201
5304 3127 1685
3351 3340 22
34822 1239 2458
33583 33583 0
85663 472 482
85190 63893 42594
54970 20179 30849
34791 33673 2236
20179 0 0
33583 547 1074
33036 8124 12516
76117 51205 38141
24912 378 728
24534 0 0
75475 647 974
366370 68684 124330
297686 291542 12288
74828 53185 24932
75475 50941 37795
24534 11482 10954
13052 10191 4274
3954 0 0
3954 1093 1524
13052 13052 0
11 11 0
2503 0 0
2503 2503 0
2503 2503 0
198891 179608 10064
198891 198440 901
451 0 0
217157 0 0
2963 1287 215
2963 1321 2641
1642 0 0
1642 714 215
1321 748 215
2513 0 0
2513 2513 0
154978 0 0
157491 0 0
157491 10364 7150
157491 150131 11858
157492 154978 5027
2512 0 0
2512 1191 2382
1321 748 215
36309 550 1100
47162 36309 17079
10853 10655 395
1191 672 215
41824 672 1343
41824 32131 15248
32296 519 1037
32296 24943 11556
36119 573 1145
36119 27954 12768
6 6 0
6 6 0
6 6 0
360 6 11
360 6 11
354 328 52
354 354 0
6 6 0
354 6 11
354 0 0
354 0 0
354 0 0
354 42 59
312 0 0
6 0 0
6 0 0
6 0 0
27 0 0
27 27 0
270 11 21
11 11 0
11 11 0
11 11 0
11 0 0
11 0 0
270 243 53
2448 0 0
2448 0 0
2448 0 0
2448 0 0
2448 1816 1199
632 0 0
632 0 0
632 0 0
632 632 0
632 0 0
632 204 289
428 428 0
632 632 0
632 0 0
632 204 289
428 428 0
1816 0 0
1816 1816 0
1816 0 0
1816 1816 0
1816 0 0
1816 0 0
1816 0 0
1816 0 0
1816 1816 0
1816 0 0
1816 682 902
1134 0 0
1134 0 0
1134 0 0
1134 911 445
223 0 0
1816 0 0
1816 1593 445
1816 1789 53
27 27 0
27 27 0
1816 1816 0
1816 0 0
1816 0 0
1816 0 0
1816 1816 0
1816 0 0
27 27 0
1816 1816 0
2809 0 0
2809 1816 910
993 374 36
619 619 0
619 0 0
2190 0 0
2190 2176 23
14 0 0
14 0 0
14 14 0
2464 0 0
2531 0 0
4707 1606 3205
3101 0 0
3101 0 0
3101 0 0
3101 2173 919
2756 225 450
2531 2296 470
235 235 0
235 235 0
235 235 0
235 235 0
2173 914 926
1259 914 24
345 15 11
345 345 0
235 0 0
1606 0 0
2092 1857 469
235 0 0
235 0 0
235 0 0
235 0 0
235 0 0
235 235 0
12402 0 0
14494 12402 2791
2092 1606 934
225 0 0
619 619 0
1606 0 0
1606 0 0
1606 0 0
1606 0 0
1606 1371 469
235 235 0
1606 1152 908
454 0 0
1152 0 0
1152 0 0
1152 917 469
235 0 0
235 0 0
235 0 0
2809 0 0
2809 0 0
2809 2809 0
2809 0 0
2809 0 0
2809 2809 0
2809 0 0
2809 0 0
2809 0 0
2809 0 0
2448 0 0
2448 0 0
2448 0 0
2448 2448 0
4059 0 0
4059 0 0
4059 4059 0
4059 0 0
4059 0 0
4059 0 0
53218 49159 8117
1993 1563 731
430 0 0
430 337 166
1563 1467 159
1467 1467 0
337 0 0
337 337 0
1467 0 0
1467 0 0
337 0 0
2809 0 0
