# Mix output version 2
# FINI: end of program
# EMIT_DYNAMIC_STATS FOR TID 1
# instructions = 100101485, basic blocks = 16098377
Local Byte Stride Bucket -256 is equal to 1050632
Local Byte Stride Bucket -255 is equal to 3
Local Byte Stride Bucket -254 is equal to 1
Local Byte Stride Bucket -253 is equal to 1
Local Byte Stride Bucket -252 is equal to 5932
Local Byte Stride Bucket -251 is equal to 2
Local Byte Stride Bucket -250 is equal to 1
Local Byte Stride Bucket -249 is equal to 1
Local Byte Stride Bucket -248 is equal to 4450
Local Byte Stride Bucket -245 is equal to 2
Local Byte Stride Bucket -244 is equal to 5734
Local Byte Stride Bucket -243 is equal to 1
Local Byte Stride Bucket -242 is equal to 2
Local Byte Stride Bucket -241 is equal to 2
Local Byte Stride Bucket -240 is equal to 6520
Local Byte Stride Bucket -239 is equal to 1
Local Byte Stride Bucket -238 is equal to 4
Local Byte Stride Bucket -237 is equal to 1
Local Byte Stride Bucket -236 is equal to 6255
Local Byte Stride Bucket -235 is equal to 1
Local Byte Stride Bucket -234 is equal to 1
Local Byte Stride Bucket -233 is equal to 2
Local Byte Stride Bucket -232 is equal to 5361
Local Byte Stride Bucket -230 is equal to 10
Local Byte Stride Bucket -229 is equal to 1
Local Byte Stride Bucket -228 is equal to 6398
Local Byte Stride Bucket -227 is equal to 1
Local Byte Stride Bucket -226 is equal to 10
Local Byte Stride Bucket -225 is equal to 1
Local Byte Stride Bucket -224 is equal to 279228
Local Byte Stride Bucket -222 is equal to 17
Local Byte Stride Bucket -220 is equal to 8370
Local Byte Stride Bucket -219 is equal to 32
Local Byte Stride Bucket -218 is equal to 35
Local Byte Stride Bucket -217 is equal to 2
Local Byte Stride Bucket -216 is equal to 6711
Local Byte Stride Bucket -215 is equal to 1
Local Byte Stride Bucket -214 is equal to 24
Local Byte Stride Bucket -212 is equal to 5543
Local Byte Stride Bucket -211 is equal to 4
Local Byte Stride Bucket -210 is equal to 69
Local Byte Stride Bucket -209 is equal to 1
Local Byte Stride Bucket -208 is equal to 7822
Local Byte Stride Bucket -207 is equal to 3
Local Byte Stride Bucket -206 is equal to 149
Local Byte Stride Bucket -205 is equal to 1
Local Byte Stride Bucket -204 is equal to 6675
Local Byte Stride Bucket -203 is equal to 23
Local Byte Stride Bucket -202 is equal to 161
Local Byte Stride Bucket -201 is equal to 22
Local Byte Stride Bucket -200 is equal to 6610
Local Byte Stride Bucket -199 is equal to 4
Local Byte Stride Bucket -198 is equal to 221
Local Byte Stride Bucket -197 is equal to 4
Local Byte Stride Bucket -196 is equal to 8052
Local Byte Stride Bucket -195 is equal to 3
Local Byte Stride Bucket -194 is equal to 186
Local Byte Stride Bucket -193 is equal to 18
Local Byte Stride Bucket -192 is equal to 40827
Local Byte Stride Bucket -191 is equal to 6
Local Byte Stride Bucket -190 is equal to 1282
Local Byte Stride Bucket -188 is equal to 7740
Local Byte Stride Bucket -186 is equal to 2711
Local Byte Stride Bucket -184 is equal to 11026
Local Byte Stride Bucket -183 is equal to 1
Local Byte Stride Bucket -182 is equal to 3190
Local Byte Stride Bucket -180 is equal to 11563
Local Byte Stride Bucket -179 is equal to 2
Local Byte Stride Bucket -178 is equal to 4464
Local Byte Stride Bucket -177 is equal to 18
Local Byte Stride Bucket -176 is equal to 17011
Local Byte Stride Bucket -175 is equal to 6
Local Byte Stride Bucket -174 is equal to 4998
Local Byte Stride Bucket -172 is equal to 11592
Local Byte Stride Bucket -171 is equal to 1
Local Byte Stride Bucket -170 is equal to 5060
Local Byte Stride Bucket -169 is equal to 1
Local Byte Stride Bucket -168 is equal to 10593
Local Byte Stride Bucket -167 is equal to 2
Local Byte Stride Bucket -166 is equal to 5046
Local Byte Stride Bucket -165 is equal to 2
Local Byte Stride Bucket -164 is equal to 13760
Local Byte Stride Bucket -162 is equal to 5729
Local Byte Stride Bucket -161 is equal to 2
Local Byte Stride Bucket -160 is equal to 73539
Local Byte Stride Bucket -159 is equal to 2
Local Byte Stride Bucket -158 is equal to 5994
Local Byte Stride Bucket -157 is equal to 4
Local Byte Stride Bucket -156 is equal to 14129
Local Byte Stride Bucket -155 is equal to 3
Local Byte Stride Bucket -154 is equal to 8824
Local Byte Stride Bucket -153 is equal to 1
Local Byte Stride Bucket -152 is equal to 15277
Local Byte Stride Bucket -151 is equal to 5
Local Byte Stride Bucket -150 is equal to 6090
Local Byte Stride Bucket -149 is equal to 6
Local Byte Stride Bucket -148 is equal to 13685
Local Byte Stride Bucket -147 is equal to 1
Local Byte Stride Bucket -146 is equal to 6297
Local Byte Stride Bucket -145 is equal to 5
Local Byte Stride Bucket -144 is equal to 17042
Local Byte Stride Bucket -143 is equal to 6
Local Byte Stride Bucket -142 is equal to 8782
Local Byte Stride Bucket -141 is equal to 2
Local Byte Stride Bucket -140 is equal to 19063
Local Byte Stride Bucket -139 is equal to 6
Local Byte Stride Bucket -138 is equal to 8147
Local Byte Stride Bucket -137 is equal to 2
Local Byte Stride Bucket -136 is equal to 20492
Local Byte Stride Bucket -135 is equal to 3
Local Byte Stride Bucket -134 is equal to 7885
Local Byte Stride Bucket -133 is equal to 4
Local Byte Stride Bucket -132 is equal to 30134
Local Byte Stride Bucket -131 is equal to 6
Local Byte Stride Bucket -130 is equal to 8290
Local Byte Stride Bucket -129 is equal to 3
Local Byte Stride Bucket -128 is equal to 83655
Local Byte Stride Bucket -127 is equal to 7
Local Byte Stride Bucket -126 is equal to 8423
Local Byte Stride Bucket -125 is equal to 2
Local Byte Stride Bucket -124 is equal to 16835
Local Byte Stride Bucket -123 is equal to 4
Local Byte Stride Bucket -122 is equal to 8284
Local Byte Stride Bucket -121 is equal to 2
Local Byte Stride Bucket -120 is equal to 18516
Local Byte Stride Bucket -119 is equal to 2
Local Byte Stride Bucket -118 is equal to 9654
Local Byte Stride Bucket -117 is equal to 1
Local Byte Stride Bucket -116 is equal to 16664
Local Byte Stride Bucket -115 is equal to 2
Local Byte Stride Bucket -114 is equal to 8721
Local Byte Stride Bucket -112 is equal to 18921
Local Byte Stride Bucket -111 is equal to 7
Local Byte Stride Bucket -110 is equal to 12809
Local Byte Stride Bucket -109 is equal to 1
Local Byte Stride Bucket -108 is equal to 19024
Local Byte Stride Bucket -107 is equal to 1
Local Byte Stride Bucket -106 is equal to 8378
Local Byte Stride Bucket -105 is equal to 2
Local Byte Stride Bucket -104 is equal to 18556
Local Byte Stride Bucket -102 is equal to 9700
Local Byte Stride Bucket -101 is equal to 5
Local Byte Stride Bucket -100 is equal to 25239
Local Byte Stride Bucket -99 is equal to 4
Local Byte Stride Bucket -98 is equal to 11385
Local Byte Stride Bucket -97 is equal to 5
Local Byte Stride Bucket -96 is equal to 23696
Local Byte Stride Bucket -95 is equal to 2
Local Byte Stride Bucket -94 is equal to 10131
Local Byte Stride Bucket -93 is equal to 7
Local Byte Stride Bucket -92 is equal to 37112
Local Byte Stride Bucket -91 is equal to 2
Local Byte Stride Bucket -90 is equal to 13102
Local Byte Stride Bucket -89 is equal to 5
Local Byte Stride Bucket -88 is equal to 49326
Local Byte Stride Bucket -87 is equal to 2
Local Byte Stride Bucket -86 is equal to 13853
Local Byte Stride Bucket -85 is equal to 4
Local Byte Stride Bucket -84 is equal to 39257
Local Byte Stride Bucket -83 is equal to 1
Local Byte Stride Bucket -82 is equal to 11534
Local Byte Stride Bucket -81 is equal to 9
Local Byte Stride Bucket -80 is equal to 28581
Local Byte Stride Bucket -79 is equal to 17
Local Byte Stride Bucket -78 is equal to 12341
Local Byte Stride Bucket -77 is equal to 9
Local Byte Stride Bucket -76 is equal to 26329
Local Byte Stride Bucket -75 is equal to 15
Local Byte Stride Bucket -74 is equal to 12952
Local Byte Stride Bucket -73 is equal to 8
Local Byte Stride Bucket -72 is equal to 23774
Local Byte Stride Bucket -71 is equal to 4
Local Byte Stride Bucket -70 is equal to 16399
Local Byte Stride Bucket -69 is equal to 6
Local Byte Stride Bucket -68 is equal to 31277
Local Byte Stride Bucket -67 is equal to 3
Local Byte Stride Bucket -66 is equal to 35043
Local Byte Stride Bucket -65 is equal to 36
Local Byte Stride Bucket -64 is equal to 874762
Local Byte Stride Bucket -63 is equal to 21
Local Byte Stride Bucket -62 is equal to 17239
Local Byte Stride Bucket -61 is equal to 15
Local Byte Stride Bucket -60 is equal to 26187
Local Byte Stride Bucket -59 is equal to 8
Local Byte Stride Bucket -58 is equal to 13370
Local Byte Stride Bucket -57 is equal to 8
Local Byte Stride Bucket -56 is equal to 41225
Local Byte Stride Bucket -55 is equal to 5
Local Byte Stride Bucket -54 is equal to 15221
Local Byte Stride Bucket -53 is equal to 4
Local Byte Stride Bucket -52 is equal to 40212
Local Byte Stride Bucket -51 is equal to 1
Local Byte Stride Bucket -50 is equal to 18803
Local Byte Stride Bucket -48 is equal to 215239
Local Byte Stride Bucket -46 is equal to 39628
Local Byte Stride Bucket -44 is equal to 109307
Local Byte Stride Bucket -43 is equal to 5
Local Byte Stride Bucket -42 is equal to 43139
Local Byte Stride Bucket -41 is equal to 5
Local Byte Stride Bucket -40 is equal to 81395
Local Byte Stride Bucket -39 is equal to 2
Local Byte Stride Bucket -38 is equal to 20912
Local Byte Stride Bucket -37 is equal to 2
Local Byte Stride Bucket -36 is equal to 43184
Local Byte Stride Bucket -35 is equal to 1
Local Byte Stride Bucket -34 is equal to 18330
Local Byte Stride Bucket -33 is equal to 4
Local Byte Stride Bucket -32 is equal to 63594
Local Byte Stride Bucket -31 is equal to 1
Local Byte Stride Bucket -30 is equal to 19043
Local Byte Stride Bucket -29 is equal to 6
Local Byte Stride Bucket -28 is equal to 94769
Local Byte Stride Bucket -27 is equal to 34
Local Byte Stride Bucket -26 is equal to 46270
Local Byte Stride Bucket -25 is equal to 1
Local Byte Stride Bucket -24 is equal to 302869
Local Byte Stride Bucket -22 is equal to 102323
Local Byte Stride Bucket -21 is equal to 59
Local Byte Stride Bucket -20 is equal to 104549
Local Byte Stride Bucket -19 is equal to 9
Local Byte Stride Bucket -18 is equal to 43715
Local Byte Stride Bucket -17 is equal to 7
Local Byte Stride Bucket -16 is equal to 89481
Local Byte Stride Bucket -15 is equal to 137
Local Byte Stride Bucket -14 is equal to 26912
Local Byte Stride Bucket -13 is equal to 8
Local Byte Stride Bucket -12 is equal to 292567
Local Byte Stride Bucket -11 is equal to 19
Local Byte Stride Bucket -10 is equal to 25751
Local Byte Stride Bucket -9 is equal to 8
Local Byte Stride Bucket -8 is equal to 224972
Local Byte Stride Bucket -7 is equal to 18
Local Byte Stride Bucket -6 is equal to 32401
Local Byte Stride Bucket -5 is equal to 38
Local Byte Stride Bucket -4 is equal to 349188
Local Byte Stride Bucket -3 is equal to 58
Local Byte Stride Bucket -2 is equal to 154927
Local Byte Stride Bucket -1 is equal to 17
Local Byte Stride Bucket 0 is equal to 20261389
Local Byte Stride Bucket 1 is equal to 68
Local Byte Stride Bucket 2 is equal to 295496
Local Byte Stride Bucket 3 is equal to 6
Local Byte Stride Bucket 4 is equal to 2072031
Local Byte Stride Bucket 5 is equal to 24
Local Byte Stride Bucket 6 is equal to 32041
Local Byte Stride Bucket 7 is equal to 5
Local Byte Stride Bucket 8 is equal to 479469
Local Byte Stride Bucket 9 is equal to 15
Local Byte Stride Bucket 10 is equal to 25605
Local Byte Stride Bucket 11 is equal to 6
Local Byte Stride Bucket 12 is equal to 67922
Local Byte Stride Bucket 13 is equal to 11
Local Byte Stride Bucket 14 is equal to 25819
Local Byte Stride Bucket 15 is equal to 6
Local Byte Stride Bucket 16 is equal to 57132
Local Byte Stride Bucket 17 is equal to 30
Local Byte Stride Bucket 18 is equal to 104133
Local Byte Stride Bucket 19 is equal to 1
Local Byte Stride Bucket 20 is equal to 269512
Local Byte Stride Bucket 21 is equal to 44
Local Byte Stride Bucket 22 is equal to 155260
Local Byte Stride Bucket 23 is equal to 33
Local Byte Stride Bucket 24 is equal to 268959
Local Byte Stride Bucket 25 is equal to 3
Local Byte Stride Bucket 26 is equal to 48064
Local Byte Stride Bucket 27 is equal to 7
Local Byte Stride Bucket 28 is equal to 51271
Local Byte Stride Bucket 29 is equal to 8
Local Byte Stride Bucket 30 is equal to 17548
Local Byte Stride Bucket 31 is equal to 3
Local Byte Stride Bucket 32 is equal to 36127
Local Byte Stride Bucket 34 is equal to 19206
Local Byte Stride Bucket 35 is equal to 4
Local Byte Stride Bucket 36 is equal to 182078
Local Byte Stride Bucket 37 is equal to 9
Local Byte Stride Bucket 38 is equal to 19818
Local Byte Stride Bucket 39 is equal to 3
Local Byte Stride Bucket 40 is equal to 253902
Local Byte Stride Bucket 41 is equal to 20
Local Byte Stride Bucket 42 is equal to 42219
Local Byte Stride Bucket 43 is equal to 2
Local Byte Stride Bucket 44 is equal to 244976
Local Byte Stride Bucket 45 is equal to 1
Local Byte Stride Bucket 46 is equal to 32452
Local Byte Stride Bucket 48 is equal to 199660
Local Byte Stride Bucket 49 is equal to 3
Local Byte Stride Bucket 50 is equal to 15989
Local Byte Stride Bucket 51 is equal to 1
Local Byte Stride Bucket 52 is equal to 39414
Local Byte Stride Bucket 53 is equal to 51
Local Byte Stride Bucket 54 is equal to 14274
Local Byte Stride Bucket 55 is equal to 15
Local Byte Stride Bucket 56 is equal to 40312
Local Byte Stride Bucket 57 is equal to 28
Local Byte Stride Bucket 58 is equal to 11936
Local Byte Stride Bucket 59 is equal to 9
Local Byte Stride Bucket 60 is equal to 22484
Local Byte Stride Bucket 61 is equal to 17
Local Byte Stride Bucket 62 is equal to 15853
Local Byte Stride Bucket 63 is equal to 59
Local Byte Stride Bucket 64 is equal to 602022
Local Byte Stride Bucket 65 is equal to 153
Local Byte Stride Bucket 66 is equal to 29792
Local Byte Stride Bucket 67 is equal to 3
Local Byte Stride Bucket 68 is equal to 27361
Local Byte Stride Bucket 69 is equal to 26
Local Byte Stride Bucket 70 is equal to 14615
Local Byte Stride Bucket 71 is equal to 2
Local Byte Stride Bucket 72 is equal to 25708
Local Byte Stride Bucket 73 is equal to 7
Local Byte Stride Bucket 74 is equal to 12316
Local Byte Stride Bucket 75 is equal to 1
Local Byte Stride Bucket 76 is equal to 24498
Local Byte Stride Bucket 77 is equal to 5
Local Byte Stride Bucket 78 is equal to 12179
Local Byte Stride Bucket 79 is equal to 14
Local Byte Stride Bucket 80 is equal to 28197
Local Byte Stride Bucket 81 is equal to 10
Local Byte Stride Bucket 82 is equal to 11379
Local Byte Stride Bucket 83 is equal to 1
Local Byte Stride Bucket 84 is equal to 38568
Local Byte Stride Bucket 85 is equal to 10
Local Byte Stride Bucket 86 is equal to 13582
Local Byte Stride Bucket 87 is equal to 2
Local Byte Stride Bucket 88 is equal to 57676
Local Byte Stride Bucket 89 is equal to 5
Local Byte Stride Bucket 90 is equal to 12491
Local Byte Stride Bucket 91 is equal to 1
Local Byte Stride Bucket 92 is equal to 30804
Local Byte Stride Bucket 93 is equal to 2
Local Byte Stride Bucket 94 is equal to 10041
Local Byte Stride Bucket 95 is equal to 2
Local Byte Stride Bucket 96 is equal to 20835
Local Byte Stride Bucket 97 is equal to 4
Local Byte Stride Bucket 98 is equal to 11714
Local Byte Stride Bucket 99 is equal to 2
Local Byte Stride Bucket 100 is equal to 19165
Local Byte Stride Bucket 101 is equal to 7
Local Byte Stride Bucket 102 is equal to 9129
Local Byte Stride Bucket 104 is equal to 23006
Local Byte Stride Bucket 105 is equal to 5
Local Byte Stride Bucket 106 is equal to 8727
Local Byte Stride Bucket 107 is equal to 1
Local Byte Stride Bucket 108 is equal to 17932
Local Byte Stride Bucket 109 is equal to 2
Local Byte Stride Bucket 110 is equal to 12873
Local Byte Stride Bucket 111 is equal to 5
Local Byte Stride Bucket 112 is equal to 20342
Local Byte Stride Bucket 113 is equal to 3
Local Byte Stride Bucket 114 is equal to 8703
Local Byte Stride Bucket 115 is equal to 1
Local Byte Stride Bucket 116 is equal to 15780
Local Byte Stride Bucket 117 is equal to 3
Local Byte Stride Bucket 118 is equal to 9303
Local Byte Stride Bucket 119 is equal to 3
Local Byte Stride Bucket 120 is equal to 16707
Local Byte Stride Bucket 121 is equal to 4
Local Byte Stride Bucket 122 is equal to 7887
Local Byte Stride Bucket 123 is equal to 5
Local Byte Stride Bucket 124 is equal to 14616
Local Byte Stride Bucket 126 is equal to 7929
Local Byte Stride Bucket 127 is equal to 17
Local Byte Stride Bucket 128 is equal to 45653
Local Byte Stride Bucket 129 is equal to 4
Local Byte Stride Bucket 130 is equal to 7135
Local Byte Stride Bucket 131 is equal to 1
Local Byte Stride Bucket 132 is equal to 24129
Local Byte Stride Bucket 133 is equal to 18
Local Byte Stride Bucket 134 is equal to 7596
Local Byte Stride Bucket 135 is equal to 2
Local Byte Stride Bucket 136 is equal to 15301
Local Byte Stride Bucket 137 is equal to 3
Local Byte Stride Bucket 138 is equal to 6946
Local Byte Stride Bucket 139 is equal to 2
Local Byte Stride Bucket 140 is equal to 14185
Local Byte Stride Bucket 141 is equal to 1
Local Byte Stride Bucket 142 is equal to 7892
Local Byte Stride Bucket 143 is equal to 4
Local Byte Stride Bucket 144 is equal to 13474
Local Byte Stride Bucket 145 is equal to 1
Local Byte Stride Bucket 146 is equal to 5830
Local Byte Stride Bucket 147 is equal to 2
Local Byte Stride Bucket 148 is equal to 12941
Local Byte Stride Bucket 149 is equal to 82
Local Byte Stride Bucket 150 is equal to 5134
Local Byte Stride Bucket 151 is equal to 3
Local Byte Stride Bucket 152 is equal to 14010
Local Byte Stride Bucket 153 is equal to 2
Local Byte Stride Bucket 154 is equal to 7706
Local Byte Stride Bucket 156 is equal to 13525
Local Byte Stride Bucket 158 is equal to 4956
Local Byte Stride Bucket 159 is equal to 4
Local Byte Stride Bucket 160 is equal to 73715
Local Byte Stride Bucket 161 is equal to 5
Local Byte Stride Bucket 162 is equal to 4905
Local Byte Stride Bucket 164 is equal to 11518
Local Byte Stride Bucket 165 is equal to 2
Local Byte Stride Bucket 166 is equal to 4127
Local Byte Stride Bucket 167 is equal to 1
Local Byte Stride Bucket 168 is equal to 9754
Local Byte Stride Bucket 169 is equal to 1
Local Byte Stride Bucket 170 is equal to 3828
Local Byte Stride Bucket 172 is equal to 9494
Local Byte Stride Bucket 174 is equal to 4779
Local Byte Stride Bucket 175 is equal to 3
Local Byte Stride Bucket 176 is equal to 15807
Local Byte Stride Bucket 177 is equal to 17
Local Byte Stride Bucket 178 is equal to 2902
Local Byte Stride Bucket 179 is equal to 2
Local Byte Stride Bucket 180 is equal to 9017
Local Byte Stride Bucket 181 is equal to 4
Local Byte Stride Bucket 182 is equal to 2202
Local Byte Stride Bucket 183 is equal to 2
Local Byte Stride Bucket 184 is equal to 7790
Local Byte Stride Bucket 186 is equal to 1653
Local Byte Stride Bucket 188 is equal to 6736
Local Byte Stride Bucket 189 is equal to 4
Local Byte Stride Bucket 190 is equal to 1049
Local Byte Stride Bucket 191 is equal to 6
Local Byte Stride Bucket 192 is equal to 7123
Local Byte Stride Bucket 193 is equal to 16
Local Byte Stride Bucket 194 is equal to 2
Local Byte Stride Bucket 195 is equal to 4
Local Byte Stride Bucket 196 is equal to 7678
Local Byte Stride Bucket 197 is equal to 3
Local Byte Stride Bucket 198 is equal to 2
Local Byte Stride Bucket 199 is equal to 1
Local Byte Stride Bucket 200 is equal to 6239
Local Byte Stride Bucket 201 is equal to 2
Local Byte Stride Bucket 202 is equal to 6
Local Byte Stride Bucket 203 is equal to 2
Local Byte Stride Bucket 204 is equal to 6026
Local Byte Stride Bucket 205 is equal to 1
Local Byte Stride Bucket 207 is equal to 4
Local Byte Stride Bucket 208 is equal to 6791
Local Byte Stride Bucket 209 is equal to 1
Local Byte Stride Bucket 210 is equal to 2
Local Byte Stride Bucket 211 is equal to 1
Local Byte Stride Bucket 212 is equal to 5686
Local Byte Stride Bucket 214 is equal to 1
Local Byte Stride Bucket 215 is equal to 4
Local Byte Stride Bucket 216 is equal to 5928
Local Byte Stride Bucket 218 is equal to 1
Local Byte Stride Bucket 219 is equal to 1
Local Byte Stride Bucket 220 is equal to 8321
Local Byte Stride Bucket 221 is equal to 3
Local Byte Stride Bucket 224 is equal to 189623
Local Byte Stride Bucket 226 is equal to 5
Local Byte Stride Bucket 228 is equal to 5566
Local Byte Stride Bucket 229 is equal to 5
Local Byte Stride Bucket 230 is equal to 2
Local Byte Stride Bucket 231 is equal to 3
Local Byte Stride Bucket 232 is equal to 5122
Local Byte Stride Bucket 233 is equal to 1
Local Byte Stride Bucket 235 is equal to 1
Local Byte Stride Bucket 236 is equal to 6114
Local Byte Stride Bucket 237 is equal to 2
Local Byte Stride Bucket 238 is equal to 21
Local Byte Stride Bucket 240 is equal to 16189
Local Byte Stride Bucket 241 is equal to 8
Local Byte Stride Bucket 242 is equal to 7
Local Byte Stride Bucket 244 is equal to 5185
Local Byte Stride Bucket 245 is equal to 7
Local Byte Stride Bucket 246 is equal to 9
Local Byte Stride Bucket 247 is equal to 10
Local Byte Stride Bucket 248 is equal to 4157
Local Byte Stride Bucket 249 is equal to 1
Local Byte Stride Bucket 250 is equal to 11
Local Byte Stride Bucket 251 is equal to 7
Local Byte Stride Bucket 252 is equal to 5463
Local Byte Stride Bucket 253 is equal to 9
Local Byte Stride Bucket 254 is equal to 23
Local Byte Stride Bucket 255 is equal to 5
Local Byte Stride Bucket 256 is equal to 943166

Local Cache Stride Bucket -256 is equal to 260420
Local Cache Stride Bucket -255 is equal to 73
Local Cache Stride Bucket -254 is equal to 47
Local Cache Stride Bucket -253 is equal to 530
Local Cache Stride Bucket -252 is equal to 958
Local Cache Stride Bucket -251 is equal to 99
Local Cache Stride Bucket -250 is equal to 68
Local Cache Stride Bucket -249 is equal to 43
Local Cache Stride Bucket -248 is equal to 54
Local Cache Stride Bucket -247 is equal to 2799
Local Cache Stride Bucket -246 is equal to 975
Local Cache Stride Bucket -245 is equal to 117
Local Cache Stride Bucket -244 is equal to 93
Local Cache Stride Bucket -243 is equal to 540
Local Cache Stride Bucket -242 is equal to 74
Local Cache Stride Bucket -241 is equal to 64
Local Cache Stride Bucket -240 is equal to 113
Local Cache Stride Bucket -239 is equal to 78
Local Cache Stride Bucket -238 is equal to 89
Local Cache Stride Bucket -237 is equal to 74
Local Cache Stride Bucket -236 is equal to 44
Local Cache Stride Bucket -235 is equal to 55
Local Cache Stride Bucket -234 is equal to 28
Local Cache Stride Bucket -233 is equal to 74
Local Cache Stride Bucket -232 is equal to 57
Local Cache Stride Bucket -231 is equal to 48
Local Cache Stride Bucket -230 is equal to 46
Local Cache Stride Bucket -229 is equal to 82
Local Cache Stride Bucket -228 is equal to 77
Local Cache Stride Bucket -227 is equal to 90
Local Cache Stride Bucket -226 is equal to 311
Local Cache Stride Bucket -225 is equal to 24
Local Cache Stride Bucket -224 is equal to 125
Local Cache Stride Bucket -223 is equal to 90
Local Cache Stride Bucket -222 is equal to 35
Local Cache Stride Bucket -221 is equal to 46
Local Cache Stride Bucket -220 is equal to 46
Local Cache Stride Bucket -219 is equal to 53
Local Cache Stride Bucket -218 is equal to 51
Local Cache Stride Bucket -217 is equal to 27
Local Cache Stride Bucket -216 is equal to 62
Local Cache Stride Bucket -215 is equal to 31
Local Cache Stride Bucket -214 is equal to 24
Local Cache Stride Bucket -213 is equal to 37
Local Cache Stride Bucket -212 is equal to 41
Local Cache Stride Bucket -211 is equal to 34
Local Cache Stride Bucket -210 is equal to 51
Local Cache Stride Bucket -209 is equal to 42
Local Cache Stride Bucket -208 is equal to 65
Local Cache Stride Bucket -207 is equal to 17
Local Cache Stride Bucket -206 is equal to 39
Local Cache Stride Bucket -205 is equal to 37
Local Cache Stride Bucket -204 is equal to 40
Local Cache Stride Bucket -203 is equal to 20
Local Cache Stride Bucket -202 is equal to 14
Local Cache Stride Bucket -201 is equal to 29
Local Cache Stride Bucket -200 is equal to 25
Local Cache Stride Bucket -199 is equal to 18
Local Cache Stride Bucket -198 is equal to 25
Local Cache Stride Bucket -197 is equal to 31
Local Cache Stride Bucket -196 is equal to 50
Local Cache Stride Bucket -195 is equal to 33
Local Cache Stride Bucket -194 is equal to 33
Local Cache Stride Bucket -193 is equal to 36
Local Cache Stride Bucket -192 is equal to 308
Local Cache Stride Bucket -191 is equal to 115
Local Cache Stride Bucket -190 is equal to 104
Local Cache Stride Bucket -189 is equal to 107
Local Cache Stride Bucket -188 is equal to 157
Local Cache Stride Bucket -187 is equal to 70
Local Cache Stride Bucket -186 is equal to 64
Local Cache Stride Bucket -185 is equal to 154
Local Cache Stride Bucket -184 is equal to 163
Local Cache Stride Bucket -183 is equal to 1522
Local Cache Stride Bucket -182 is equal to 4155
Local Cache Stride Bucket -181 is equal to 28
Local Cache Stride Bucket -180 is equal to 36
Local Cache Stride Bucket -179 is equal to 41
Local Cache Stride Bucket -178 is equal to 3609
Local Cache Stride Bucket -177 is equal to 35
Local Cache Stride Bucket -176 is equal to 137
Local Cache Stride Bucket -175 is equal to 236
Local Cache Stride Bucket -174 is equal to 105
Local Cache Stride Bucket -173 is equal to 32
Local Cache Stride Bucket -172 is equal to 34
Local Cache Stride Bucket -171 is equal to 70
Local Cache Stride Bucket -170 is equal to 35
Local Cache Stride Bucket -169 is equal to 33
Local Cache Stride Bucket -168 is equal to 27
Local Cache Stride Bucket -167 is equal to 46
Local Cache Stride Bucket -166 is equal to 29
Local Cache Stride Bucket -165 is equal to 17
Local Cache Stride Bucket -164 is equal to 27
Local Cache Stride Bucket -163 is equal to 72
Local Cache Stride Bucket -162 is equal to 115
Local Cache Stride Bucket -161 is equal to 33
Local Cache Stride Bucket -160 is equal to 66
Local Cache Stride Bucket -159 is equal to 39
Local Cache Stride Bucket -158 is equal to 38
Local Cache Stride Bucket -157 is equal to 76
Local Cache Stride Bucket -156 is equal to 47
Local Cache Stride Bucket -155 is equal to 36
Local Cache Stride Bucket -154 is equal to 29
Local Cache Stride Bucket -153 is equal to 37
Local Cache Stride Bucket -152 is equal to 120
Local Cache Stride Bucket -151 is equal to 74
Local Cache Stride Bucket -150 is equal to 103
Local Cache Stride Bucket -149 is equal to 25
Local Cache Stride Bucket -148 is equal to 37
Local Cache Stride Bucket -147 is equal to 66
Local Cache Stride Bucket -146 is equal to 56
Local Cache Stride Bucket -145 is equal to 69
Local Cache Stride Bucket -144 is equal to 80
Local Cache Stride Bucket -143 is equal to 31
Local Cache Stride Bucket -142 is equal to 30
Local Cache Stride Bucket -141 is equal to 33
Local Cache Stride Bucket -140 is equal to 68
Local Cache Stride Bucket -139 is equal to 73
Local Cache Stride Bucket -138 is equal to 30
Local Cache Stride Bucket -137 is equal to 40
Local Cache Stride Bucket -136 is equal to 55
Local Cache Stride Bucket -135 is equal to 71
Local Cache Stride Bucket -134 is equal to 59
Local Cache Stride Bucket -133 is equal to 99
Local Cache Stride Bucket -132 is equal to 80
Local Cache Stride Bucket -131 is equal to 2419
Local Cache Stride Bucket -130 is equal to 4544
Local Cache Stride Bucket -129 is equal to 3804
Local Cache Stride Bucket -128 is equal to 3928
Local Cache Stride Bucket -127 is equal to 74
Local Cache Stride Bucket -126 is equal to 107
Local Cache Stride Bucket -125 is equal to 53
Local Cache Stride Bucket -124 is equal to 64
Local Cache Stride Bucket -123 is equal to 41
Local Cache Stride Bucket -122 is equal to 1665
Local Cache Stride Bucket -121 is equal to 51
Local Cache Stride Bucket -120 is equal to 72
Local Cache Stride Bucket -119 is equal to 88
Local Cache Stride Bucket -118 is equal to 960
Local Cache Stride Bucket -117 is equal to 2746
Local Cache Stride Bucket -116 is equal to 73
Local Cache Stride Bucket -115 is equal to 107
Local Cache Stride Bucket -114 is equal to 56
Local Cache Stride Bucket -113 is equal to 113
Local Cache Stride Bucket -112 is equal to 334
Local Cache Stride Bucket -111 is equal to 153
Local Cache Stride Bucket -110 is equal to 2441
Local Cache Stride Bucket -109 is equal to 124
Local Cache Stride Bucket -108 is equal to 74
Local Cache Stride Bucket -107 is equal to 96
Local Cache Stride Bucket -106 is equal to 45
Local Cache Stride Bucket -105 is equal to 83
Local Cache Stride Bucket -104 is equal to 76
Local Cache Stride Bucket -103 is equal to 32
Local Cache Stride Bucket -102 is equal to 61
Local Cache Stride Bucket -101 is equal to 116
Local Cache Stride Bucket -100 is equal to 108
Local Cache Stride Bucket -99 is equal to 68
Local Cache Stride Bucket -98 is equal to 75
Local Cache Stride Bucket -97 is equal to 71
Local Cache Stride Bucket -96 is equal to 442
Local Cache Stride Bucket -95 is equal to 60
Local Cache Stride Bucket -94 is equal to 76
Local Cache Stride Bucket -93 is equal to 3644
Local Cache Stride Bucket -92 is equal to 99
Local Cache Stride Bucket -91 is equal to 64
Local Cache Stride Bucket -90 is equal to 100
Local Cache Stride Bucket -89 is equal to 44
Local Cache Stride Bucket -88 is equal to 55
Local Cache Stride Bucket -87 is equal to 56
Local Cache Stride Bucket -86 is equal to 67
Local Cache Stride Bucket -85 is equal to 97
Local Cache Stride Bucket -84 is equal to 44
Local Cache Stride Bucket -83 is equal to 69
Local Cache Stride Bucket -82 is equal to 189
Local Cache Stride Bucket -81 is equal to 141
Local Cache Stride Bucket -80 is equal to 438
Local Cache Stride Bucket -79 is equal to 100
Local Cache Stride Bucket -78 is equal to 220
Local Cache Stride Bucket -77 is equal to 151
Local Cache Stride Bucket -76 is equal to 122
Local Cache Stride Bucket -75 is equal to 212
Local Cache Stride Bucket -74 is equal to 210
Local Cache Stride Bucket -73 is equal to 117
Local Cache Stride Bucket -72 is equal to 313
Local Cache Stride Bucket -71 is equal to 166
Local Cache Stride Bucket -70 is equal to 3639
Local Cache Stride Bucket -69 is equal to 173
Local Cache Stride Bucket -68 is equal to 112
Local Cache Stride Bucket -67 is equal to 3712
Local Cache Stride Bucket -66 is equal to 178
Local Cache Stride Bucket -65 is equal to 270
Local Cache Stride Bucket -64 is equal to 3812
Local Cache Stride Bucket -63 is equal to 516
Local Cache Stride Bucket -62 is equal to 3694
Local Cache Stride Bucket -61 is equal to 1346
Local Cache Stride Bucket -60 is equal to 1118
Local Cache Stride Bucket -59 is equal to 100
Local Cache Stride Bucket -58 is equal to 976
Local Cache Stride Bucket -57 is equal to 68
Local Cache Stride Bucket -56 is equal to 66
Local Cache Stride Bucket -55 is equal to 114
Local Cache Stride Bucket -54 is equal to 905
Local Cache Stride Bucket -53 is equal to 3592
Local Cache Stride Bucket -52 is equal to 69
Local Cache Stride Bucket -51 is equal to 126
Local Cache Stride Bucket -50 is equal to 94
Local Cache Stride Bucket -49 is equal to 126
Local Cache Stride Bucket -48 is equal to 395
Local Cache Stride Bucket -47 is equal to 71
Local Cache Stride Bucket -46 is equal to 116
Local Cache Stride Bucket -45 is equal to 961
Local Cache Stride Bucket -44 is equal to 3322
Local Cache Stride Bucket -43 is equal to 2287
Local Cache Stride Bucket -42 is equal to 91
Local Cache Stride Bucket -41 is equal to 141
Local Cache Stride Bucket -40 is equal to 147
Local Cache Stride Bucket -39 is equal to 66
Local Cache Stride Bucket -38 is equal to 78
Local Cache Stride Bucket -37 is equal to 80
Local Cache Stride Bucket -36 is equal to 130
Local Cache Stride Bucket -35 is equal to 86
Local Cache Stride Bucket -34 is equal to 4018
Local Cache Stride Bucket -33 is equal to 8067
Local Cache Stride Bucket -32 is equal to 425
Local Cache Stride Bucket -31 is equal to 294
Local Cache Stride Bucket -30 is equal to 4107
Local Cache Stride Bucket -29 is equal to 319
Local Cache Stride Bucket -28 is equal to 6676
Local Cache Stride Bucket -27 is equal to 1799
Local Cache Stride Bucket -26 is equal to 1030
Local Cache Stride Bucket -25 is equal to 2170
Local Cache Stride Bucket -24 is equal to 2051
Local Cache Stride Bucket -23 is equal to 531
Local Cache Stride Bucket -22 is equal to 270
Local Cache Stride Bucket -21 is equal to 12279
Local Cache Stride Bucket -20 is equal to 277
Local Cache Stride Bucket -19 is equal to 927
Local Cache Stride Bucket -18 is equal to 16117
Local Cache Stride Bucket -17 is equal to 6448
Local Cache Stride Bucket -16 is equal to 759
Local Cache Stride Bucket -15 is equal to 8439
Local Cache Stride Bucket -14 is equal to 28557
Local Cache Stride Bucket -13 is equal to 111067
Local Cache Stride Bucket -12 is equal to 116476
Local Cache Stride Bucket -11 is equal to 66634
Local Cache Stride Bucket -10 is equal to 6849
Local Cache Stride Bucket -9 is equal to 16569
Local Cache Stride Bucket -8 is equal to 24966
Local Cache Stride Bucket -7 is equal to 19338
Local Cache Stride Bucket -6 is equal to 35815
Local Cache Stride Bucket -5 is equal to 111661
Local Cache Stride Bucket -4 is equal to 271453
Local Cache Stride Bucket -3 is equal to 383448
Local Cache Stride Bucket -2 is equal to 555663
Local Cache Stride Bucket -1 is equal to 2290354
Local Cache Stride Bucket 0 is equal to 25627686
Local Cache Stride Bucket 1 is equal to 2381541
Local Cache Stride Bucket 2 is equal to 477304
Local Cache Stride Bucket 3 is equal to 288015
Local Cache Stride Bucket 4 is equal to 192228
Local Cache Stride Bucket 5 is equal to 70172
Local Cache Stride Bucket 6 is equal to 21492
Local Cache Stride Bucket 7 is equal to 23296
Local Cache Stride Bucket 8 is equal to 827
Local Cache Stride Bucket 9 is equal to 4084
Local Cache Stride Bucket 10 is equal to 2226
Local Cache Stride Bucket 11 is equal to 67642
Local Cache Stride Bucket 12 is equal to 117252
Local Cache Stride Bucket 13 is equal to 114129
Local Cache Stride Bucket 14 is equal to 64940
Local Cache Stride Bucket 15 is equal to 4102
Local Cache Stride Bucket 16 is equal to 634
Local Cache Stride Bucket 17 is equal to 14948
Local Cache Stride Bucket 18 is equal to 23821
Local Cache Stride Bucket 19 is equal to 200
Local Cache Stride Bucket 20 is equal to 178
Local Cache Stride Bucket 21 is equal to 9679
Local Cache Stride Bucket 22 is equal to 321
Local Cache Stride Bucket 23 is equal to 550
Local Cache Stride Bucket 24 is equal to 4095
Local Cache Stride Bucket 25 is equal to 5124
Local Cache Stride Bucket 26 is equal to 667
Local Cache Stride Bucket 27 is equal to 2815
Local Cache Stride Bucket 28 is equal to 4668
Local Cache Stride Bucket 29 is equal to 1651
Local Cache Stride Bucket 30 is equal to 5109
Local Cache Stride Bucket 31 is equal to 155
Local Cache Stride Bucket 32 is equal to 434
Local Cache Stride Bucket 33 is equal to 9072
Local Cache Stride Bucket 34 is equal to 413
Local Cache Stride Bucket 35 is equal to 3593
Local Cache Stride Bucket 36 is equal to 87
Local Cache Stride Bucket 37 is equal to 105
Local Cache Stride Bucket 38 is equal to 75
Local Cache Stride Bucket 39 is equal to 190
Local Cache Stride Bucket 40 is equal to 101
Local Cache Stride Bucket 41 is equal to 3775
Local Cache Stride Bucket 42 is equal to 374
Local Cache Stride Bucket 43 is equal to 136
Local Cache Stride Bucket 44 is equal to 2202
Local Cache Stride Bucket 45 is equal to 628
Local Cache Stride Bucket 46 is equal to 114
Local Cache Stride Bucket 47 is equal to 255
Local Cache Stride Bucket 48 is equal to 285
Local Cache Stride Bucket 49 is equal to 145
Local Cache Stride Bucket 50 is equal to 3622
Local Cache Stride Bucket 51 is equal to 173
Local Cache Stride Bucket 52 is equal to 382
Local Cache Stride Bucket 53 is equal to 218
Local Cache Stride Bucket 54 is equal to 166
Local Cache Stride Bucket 55 is equal to 120
Local Cache Stride Bucket 56 is equal to 206
Local Cache Stride Bucket 57 is equal to 1254
Local Cache Stride Bucket 58 is equal to 191
Local Cache Stride Bucket 59 is equal to 78
Local Cache Stride Bucket 60 is equal to 227
Local Cache Stride Bucket 61 is equal to 118
Local Cache Stride Bucket 62 is equal to 258
Local Cache Stride Bucket 63 is equal to 210
Local Cache Stride Bucket 64 is equal to 322
Local Cache Stride Bucket 65 is equal to 158
Local Cache Stride Bucket 66 is equal to 59
Local Cache Stride Bucket 67 is equal to 63
Local Cache Stride Bucket 68 is equal to 56
Local Cache Stride Bucket 69 is equal to 49
Local Cache Stride Bucket 70 is equal to 44
Local Cache Stride Bucket 71 is equal to 51
Local Cache Stride Bucket 72 is equal to 129
Local Cache Stride Bucket 73 is equal to 40
Local Cache Stride Bucket 74 is equal to 83
Local Cache Stride Bucket 75 is equal to 114
Local Cache Stride Bucket 76 is equal to 78
Local Cache Stride Bucket 77 is equal to 224
Local Cache Stride Bucket 78 is equal to 82
Local Cache Stride Bucket 79 is equal to 78
Local Cache Stride Bucket 80 is equal to 87
Local Cache Stride Bucket 81 is equal to 203
Local Cache Stride Bucket 82 is equal to 90
Local Cache Stride Bucket 83 is equal to 41
Local Cache Stride Bucket 84 is equal to 51
Local Cache Stride Bucket 85 is equal to 62
Local Cache Stride Bucket 86 is equal to 489
Local Cache Stride Bucket 87 is equal to 32
Local Cache Stride Bucket 88 is equal to 41
Local Cache Stride Bucket 89 is equal to 84
Local Cache Stride Bucket 90 is equal to 52
Local Cache Stride Bucket 91 is equal to 76
Local Cache Stride Bucket 92 is equal to 53
Local Cache Stride Bucket 93 is equal to 81
Local Cache Stride Bucket 94 is equal to 113
Local Cache Stride Bucket 95 is equal to 116
Local Cache Stride Bucket 96 is equal to 87
Local Cache Stride Bucket 97 is equal to 96
Local Cache Stride Bucket 98 is equal to 94
Local Cache Stride Bucket 99 is equal to 112
Local Cache Stride Bucket 100 is equal to 60
Local Cache Stride Bucket 101 is equal to 67
Local Cache Stride Bucket 102 is equal to 105
Local Cache Stride Bucket 103 is equal to 51
Local Cache Stride Bucket 104 is equal to 85
Local Cache Stride Bucket 105 is equal to 101
Local Cache Stride Bucket 106 is equal to 47
Local Cache Stride Bucket 107 is equal to 68
Local Cache Stride Bucket 108 is equal to 3622
Local Cache Stride Bucket 109 is equal to 93
Local Cache Stride Bucket 110 is equal to 2448
Local Cache Stride Bucket 111 is equal to 138
Local Cache Stride Bucket 112 is equal to 126
Local Cache Stride Bucket 113 is equal to 91
Local Cache Stride Bucket 114 is equal to 65
Local Cache Stride Bucket 115 is equal to 84
Local Cache Stride Bucket 116 is equal to 66
Local Cache Stride Bucket 117 is equal to 89
Local Cache Stride Bucket 118 is equal to 26
Local Cache Stride Bucket 119 is equal to 89
Local Cache Stride Bucket 120 is equal to 99
Local Cache Stride Bucket 121 is equal to 352
Local Cache Stride Bucket 122 is equal to 2589
Local Cache Stride Bucket 123 is equal to 78
Local Cache Stride Bucket 124 is equal to 345
Local Cache Stride Bucket 125 is equal to 3584
Local Cache Stride Bucket 126 is equal to 61
Local Cache Stride Bucket 127 is equal to 79
Local Cache Stride Bucket 128 is equal to 452
Local Cache Stride Bucket 129 is equal to 97
Local Cache Stride Bucket 130 is equal to 2502
Local Cache Stride Bucket 131 is equal to 1170
Local Cache Stride Bucket 132 is equal to 67
Local Cache Stride Bucket 133 is equal to 568
Local Cache Stride Bucket 134 is equal to 43
Local Cache Stride Bucket 135 is equal to 51
Local Cache Stride Bucket 136 is equal to 58
Local Cache Stride Bucket 137 is equal to 32
Local Cache Stride Bucket 138 is equal to 19
Local Cache Stride Bucket 139 is equal to 24
Local Cache Stride Bucket 140 is equal to 37
Local Cache Stride Bucket 141 is equal to 55
Local Cache Stride Bucket 142 is equal to 31
Local Cache Stride Bucket 143 is equal to 69
Local Cache Stride Bucket 144 is equal to 108
Local Cache Stride Bucket 145 is equal to 129
Local Cache Stride Bucket 146 is equal to 45
Local Cache Stride Bucket 147 is equal to 37
Local Cache Stride Bucket 148 is equal to 26
Local Cache Stride Bucket 149 is equal to 37
Local Cache Stride Bucket 150 is equal to 72
Local Cache Stride Bucket 151 is equal to 93
Local Cache Stride Bucket 152 is equal to 80
Local Cache Stride Bucket 153 is equal to 61
Local Cache Stride Bucket 154 is equal to 42
Local Cache Stride Bucket 155 is equal to 28
Local Cache Stride Bucket 156 is equal to 41
Local Cache Stride Bucket 157 is equal to 66
Local Cache Stride Bucket 158 is equal to 67
Local Cache Stride Bucket 159 is equal to 48
Local Cache Stride Bucket 160 is equal to 143
Local Cache Stride Bucket 161 is equal to 43
Local Cache Stride Bucket 162 is equal to 46
Local Cache Stride Bucket 163 is equal to 33
Local Cache Stride Bucket 164 is equal to 63
Local Cache Stride Bucket 165 is equal to 25
Local Cache Stride Bucket 166 is equal to 40
Local Cache Stride Bucket 167 is equal to 30
Local Cache Stride Bucket 168 is equal to 26
Local Cache Stride Bucket 169 is equal to 80
Local Cache Stride Bucket 170 is equal to 21
Local Cache Stride Bucket 171 is equal to 54
Local Cache Stride Bucket 172 is equal to 29
Local Cache Stride Bucket 173 is equal to 37
Local Cache Stride Bucket 174 is equal to 32
Local Cache Stride Bucket 175 is equal to 48
Local Cache Stride Bucket 176 is equal to 3613
Local Cache Stride Bucket 177 is equal to 39
Local Cache Stride Bucket 178 is equal to 74
Local Cache Stride Bucket 179 is equal to 107
Local Cache Stride Bucket 180 is equal to 245
Local Cache Stride Bucket 181 is equal to 33
Local Cache Stride Bucket 182 is equal to 37
Local Cache Stride Bucket 183 is equal to 54
Local Cache Stride Bucket 184 is equal to 21
Local Cache Stride Bucket 185 is equal to 24
Local Cache Stride Bucket 186 is equal to 23
Local Cache Stride Bucket 187 is equal to 38
Local Cache Stride Bucket 188 is equal to 52
Local Cache Stride Bucket 189 is equal to 56
Local Cache Stride Bucket 190 is equal to 46
Local Cache Stride Bucket 191 is equal to 372
Local Cache Stride Bucket 192 is equal to 76
Local Cache Stride Bucket 193 is equal to 33
Local Cache Stride Bucket 194 is equal to 140
Local Cache Stride Bucket 195 is equal to 38
Local Cache Stride Bucket 196 is equal to 43
Local Cache Stride Bucket 197 is equal to 35
Local Cache Stride Bucket 198 is equal to 22
Local Cache Stride Bucket 199 is equal to 23
Local Cache Stride Bucket 200 is equal to 17
Local Cache Stride Bucket 201 is equal to 37
Local Cache Stride Bucket 202 is equal to 14
Local Cache Stride Bucket 203 is equal to 19
Local Cache Stride Bucket 204 is equal to 24
Local Cache Stride Bucket 205 is equal to 47
Local Cache Stride Bucket 206 is equal to 37
Local Cache Stride Bucket 207 is equal to 38
Local Cache Stride Bucket 208 is equal to 241
Local Cache Stride Bucket 209 is equal to 37
Local Cache Stride Bucket 210 is equal to 55
Local Cache Stride Bucket 211 is equal to 49
Local Cache Stride Bucket 212 is equal to 78
Local Cache Stride Bucket 213 is equal to 29
Local Cache Stride Bucket 214 is equal to 29
Local Cache Stride Bucket 215 is equal to 82
Local Cache Stride Bucket 216 is equal to 61
Local Cache Stride Bucket 217 is equal to 29
Local Cache Stride Bucket 218 is equal to 57
Local Cache Stride Bucket 219 is equal to 30
Local Cache Stride Bucket 220 is equal to 44
Local Cache Stride Bucket 221 is equal to 58
Local Cache Stride Bucket 222 is equal to 39
Local Cache Stride Bucket 223 is equal to 43
Local Cache Stride Bucket 224 is equal to 61
Local Cache Stride Bucket 225 is equal to 33
Local Cache Stride Bucket 226 is equal to 74
Local Cache Stride Bucket 227 is equal to 76
Local Cache Stride Bucket 228 is equal to 65
Local Cache Stride Bucket 229 is equal to 80
Local Cache Stride Bucket 230 is equal to 38
Local Cache Stride Bucket 231 is equal to 3567
Local Cache Stride Bucket 232 is equal to 62
Local Cache Stride Bucket 233 is equal to 92
Local Cache Stride Bucket 234 is equal to 60
Local Cache Stride Bucket 235 is equal to 62
Local Cache Stride Bucket 236 is equal to 32
Local Cache Stride Bucket 237 is equal to 97
Local Cache Stride Bucket 238 is equal to 117
Local Cache Stride Bucket 239 is equal to 78
Local Cache Stride Bucket 240 is equal to 81
Local Cache Stride Bucket 241 is equal to 43
Local Cache Stride Bucket 242 is equal to 114
Local Cache Stride Bucket 243 is equal to 1365
Local Cache Stride Bucket 244 is equal to 97
Local Cache Stride Bucket 245 is equal to 492
Local Cache Stride Bucket 246 is equal to 26
Local Cache Stride Bucket 247 is equal to 43
Local Cache Stride Bucket 248 is equal to 86
Local Cache Stride Bucket 249 is equal to 50
Local Cache Stride Bucket 250 is equal to 113
Local Cache Stride Bucket 251 is equal to 60
Local Cache Stride Bucket 252 is equal to 492
Local Cache Stride Bucket 253 is equal to 271
Local Cache Stride Bucket 254 is equal to 118
Local Cache Stride Bucket 255 is equal to 197
Local Cache Stride Bucket 256 is equal to 258154


Global LD ST Byte Stride Bucket -256 is equal to 9560789
Global LD ST Byte Stride Bucket -248 is equal to 10142
Global LD ST Byte Stride Bucket -228 is equal to 3596
Global LD ST Byte Stride Bucket -216 is equal to 28854
Global LD ST Byte Stride Bucket -192 is equal to 4
Global LD ST Byte Stride Bucket -190 is equal to 9
Global LD ST Byte Stride Bucket -188 is equal to 9267
Global LD ST Byte Stride Bucket -186 is equal to 465
Global LD ST Byte Stride Bucket -184 is equal to 7212
Global LD ST Byte Stride Bucket -182 is equal to 51
Global LD ST Byte Stride Bucket -180 is equal to 59
Global LD ST Byte Stride Bucket -178 is equal to 37
Global LD ST Byte Stride Bucket -176 is equal to 67217
Global LD ST Byte Stride Bucket -174 is equal to 31
Global LD ST Byte Stride Bucket -172 is equal to 39
Global LD ST Byte Stride Bucket -170 is equal to 40
Global LD ST Byte Stride Bucket -168 is equal to 4876
Global LD ST Byte Stride Bucket -166 is equal to 57
Global LD ST Byte Stride Bucket -164 is equal to 3217
Global LD ST Byte Stride Bucket -162 is equal to 105
Global LD ST Byte Stride Bucket -160 is equal to 8135
Global LD ST Byte Stride Bucket -158 is equal to 145
Global LD ST Byte Stride Bucket -156 is equal to 75
Global LD ST Byte Stride Bucket -154 is equal to 92
Global LD ST Byte Stride Bucket -152 is equal to 72
Global LD ST Byte Stride Bucket -150 is equal to 68
Global LD ST Byte Stride Bucket -148 is equal to 96
Global LD ST Byte Stride Bucket -146 is equal to 90
Global LD ST Byte Stride Bucket -144 is equal to 2353
Global LD ST Byte Stride Bucket -142 is equal to 87
Global LD ST Byte Stride Bucket -140 is equal to 175
Global LD ST Byte Stride Bucket -138 is equal to 150
Global LD ST Byte Stride Bucket -136 is equal to 649
Global LD ST Byte Stride Bucket -134 is equal to 157
Global LD ST Byte Stride Bucket -132 is equal to 663
Global LD ST Byte Stride Bucket -130 is equal to 170
Global LD ST Byte Stride Bucket -128 is equal to 3633
Global LD ST Byte Stride Bucket -126 is equal to 162
Global LD ST Byte Stride Bucket -124 is equal to 2637
Global LD ST Byte Stride Bucket -122 is equal to 186
Global LD ST Byte Stride Bucket -120 is equal to 21218
Global LD ST Byte Stride Bucket -118 is equal to 242
Global LD ST Byte Stride Bucket -116 is equal to 10869
Global LD ST Byte Stride Bucket -114 is equal to 149
Global LD ST Byte Stride Bucket -112 is equal to 13450
Global LD ST Byte Stride Bucket -110 is equal to 273
Global LD ST Byte Stride Bucket -108 is equal to 8086
Global LD ST Byte Stride Bucket -106 is equal to 210
Global LD ST Byte Stride Bucket -104 is equal to 7440
Global LD ST Byte Stride Bucket -102 is equal to 223
Global LD ST Byte Stride Bucket -100 is equal to 9243
Global LD ST Byte Stride Bucket -98 is equal to 229
Global LD ST Byte Stride Bucket -96 is equal to 162178
Global LD ST Byte Stride Bucket -94 is equal to 216
Global LD ST Byte Stride Bucket -92 is equal to 5690
Global LD ST Byte Stride Bucket -90 is equal to 559
Global LD ST Byte Stride Bucket -88 is equal to 47341
Global LD ST Byte Stride Bucket -86 is equal to 1201
Global LD ST Byte Stride Bucket -84 is equal to 8382
Global LD ST Byte Stride Bucket -82 is equal to 496
Global LD ST Byte Stride Bucket -80 is equal to 73462
Global LD ST Byte Stride Bucket -78 is equal to 240
Global LD ST Byte Stride Bucket -76 is equal to 5477
Global LD ST Byte Stride Bucket -74 is equal to 232
Global LD ST Byte Stride Bucket -72 is equal to 5461
Global LD ST Byte Stride Bucket -70 is equal to 436
Global LD ST Byte Stride Bucket -68 is equal to 8989
Global LD ST Byte Stride Bucket -66 is equal to 2001
Global LD ST Byte Stride Bucket -64 is equal to 16084
Global LD ST Byte Stride Bucket -62 is equal to 780
Global LD ST Byte Stride Bucket -60 is equal to 52506
Global LD ST Byte Stride Bucket -58 is equal to 344
Global LD ST Byte Stride Bucket -56 is equal to 193662
Global LD ST Byte Stride Bucket -54 is equal to 208
Global LD ST Byte Stride Bucket -52 is equal to 123080
Global LD ST Byte Stride Bucket -50 is equal to 459
Global LD ST Byte Stride Bucket -48 is equal to 55586
Global LD ST Byte Stride Bucket -46 is equal to 1174
Global LD ST Byte Stride Bucket -44 is equal to 8521
Global LD ST Byte Stride Bucket -42 is equal to 2845
Global LD ST Byte Stride Bucket -40 is equal to 61213
Global LD ST Byte Stride Bucket -38 is equal to 726
Global LD ST Byte Stride Bucket -36 is equal to 129586
Global LD ST Byte Stride Bucket -34 is equal to 356
Global LD ST Byte Stride Bucket -32 is equal to 185891
Global LD ST Byte Stride Bucket -30 is equal to 433
Global LD ST Byte Stride Bucket -28 is equal to 32079
Global LD ST Byte Stride Bucket -26 is equal to 1266
Global LD ST Byte Stride Bucket -24 is equal to 252117
Global LD ST Byte Stride Bucket -22 is equal to 19162
Global LD ST Byte Stride Bucket -20 is equal to 235618
Global LD ST Byte Stride Bucket -18 is equal to 1339
Global LD ST Byte Stride Bucket -16 is equal to 241960
Global LD ST Byte Stride Bucket -14 is equal to 327
Global LD ST Byte Stride Bucket -12 is equal to 356034
Global LD ST Byte Stride Bucket -10 is equal to 321
Global LD ST Byte Stride Bucket -8 is equal to 2114684
Global LD ST Byte Stride Bucket -6 is equal to 1651
Global LD ST Byte Stride Bucket -4 is equal to 1171234
Global LD ST Byte Stride Bucket -2 is equal to 19530
Global LD ST Byte Stride Bucket 0 is equal to 2341249
Global LD ST Byte Stride Bucket 2 is equal to 19970
Global LD ST Byte Stride Bucket 4 is equal to 1493327
Global LD ST Byte Stride Bucket 6 is equal to 932
Global LD ST Byte Stride Bucket 8 is equal to 2788039
Global LD ST Byte Stride Bucket 9 is equal to 451
Global LD ST Byte Stride Bucket 10 is equal to 330
Global LD ST Byte Stride Bucket 12 is equal to 130797
Global LD ST Byte Stride Bucket 14 is equal to 360
Global LD ST Byte Stride Bucket 16 is equal to 365845
Global LD ST Byte Stride Bucket 18 is equal to 1379
Global LD ST Byte Stride Bucket 20 is equal to 130246
Global LD ST Byte Stride Bucket 22 is equal to 21605
Global LD ST Byte Stride Bucket 24 is equal to 188653
Global LD ST Byte Stride Bucket 26 is equal to 883
Global LD ST Byte Stride Bucket 28 is equal to 38020
Global LD ST Byte Stride Bucket 30 is equal to 368
Global LD ST Byte Stride Bucket 32 is equal to 140993
Global LD ST Byte Stride Bucket 34 is equal to 742
Global LD ST Byte Stride Bucket 36 is equal to 288513
Global LD ST Byte Stride Bucket 38 is equal to 697
Global LD ST Byte Stride Bucket 40 is equal to 65782
Global LD ST Byte Stride Bucket 42 is equal to 995
Global LD ST Byte Stride Bucket 44 is equal to 162191
Global LD ST Byte Stride Bucket 46 is equal to 1011
Global LD ST Byte Stride Bucket 48 is equal to 78307
Global LD ST Byte Stride Bucket 50 is equal to 472
Global LD ST Byte Stride Bucket 52 is equal to 160068
Global LD ST Byte Stride Bucket 54 is equal to 252
Global LD ST Byte Stride Bucket 56 is equal to 37946
Global LD ST Byte Stride Bucket 58 is equal to 248
Global LD ST Byte Stride Bucket 60 is equal to 4827
Global LD ST Byte Stride Bucket 62 is equal to 381
Global LD ST Byte Stride Bucket 64 is equal to 7935
Global LD ST Byte Stride Bucket 66 is equal to 587
Global LD ST Byte Stride Bucket 68 is equal to 407
Global LD ST Byte Stride Bucket 70 is equal to 322
Global LD ST Byte Stride Bucket 72 is equal to 859
Global LD ST Byte Stride Bucket 74 is equal to 149
Global LD ST Byte Stride Bucket 76 is equal to 167
Global LD ST Byte Stride Bucket 78 is equal to 226
Global LD ST Byte Stride Bucket 80 is equal to 216
Global LD ST Byte Stride Bucket 82 is equal to 223
Global LD ST Byte Stride Bucket 84 is equal to 160306
Global LD ST Byte Stride Bucket 86 is equal to 366
Global LD ST Byte Stride Bucket 88 is equal to 41986
Global LD ST Byte Stride Bucket 90 is equal to 333
Global LD ST Byte Stride Bucket 92 is equal to 165
Global LD ST Byte Stride Bucket 94 is equal to 198
Global LD ST Byte Stride Bucket 96 is equal to 1060
Global LD ST Byte Stride Bucket 98 is equal to 121
Global LD ST Byte Stride Bucket 100 is equal to 149
Global LD ST Byte Stride Bucket 102 is equal to 157
Global LD ST Byte Stride Bucket 104 is equal to 1247
Global LD ST Byte Stride Bucket 106 is equal to 170
Global LD ST Byte Stride Bucket 108 is equal to 150
Global LD ST Byte Stride Bucket 110 is equal to 184
Global LD ST Byte Stride Bucket 112 is equal to 746
Global LD ST Byte Stride Bucket 114 is equal to 115
Global LD ST Byte Stride Bucket 116 is equal to 83
Global LD ST Byte Stride Bucket 118 is equal to 97
Global LD ST Byte Stride Bucket 120 is equal to 203
Global LD ST Byte Stride Bucket 122 is equal to 139
Global LD ST Byte Stride Bucket 124 is equal to 125
Global LD ST Byte Stride Bucket 126 is equal to 150
Global LD ST Byte Stride Bucket 128 is equal to 856
Global LD ST Byte Stride Bucket 130 is equal to 146
Global LD ST Byte Stride Bucket 132 is equal to 151
Global LD ST Byte Stride Bucket 134 is equal to 127
Global LD ST Byte Stride Bucket 136 is equal to 2257
Global LD ST Byte Stride Bucket 138 is equal to 77
Global LD ST Byte Stride Bucket 140 is equal to 88
Global LD ST Byte Stride Bucket 142 is equal to 89
Global LD ST Byte Stride Bucket 144 is equal to 144
Global LD ST Byte Stride Bucket 146 is equal to 136
Global LD ST Byte Stride Bucket 148 is equal to 148
Global LD ST Byte Stride Bucket 150 is equal to 129
Global LD ST Byte Stride Bucket 152 is equal to 156
Global LD ST Byte Stride Bucket 154 is equal to 110
Global LD ST Byte Stride Bucket 156 is equal to 556
Global LD ST Byte Stride Bucket 158 is equal to 69
Global LD ST Byte Stride Bucket 160 is equal to 10191
Global LD ST Byte Stride Bucket 162 is equal to 49
Global LD ST Byte Stride Bucket 164 is equal to 50
Global LD ST Byte Stride Bucket 166 is equal to 53
Global LD ST Byte Stride Bucket 168 is equal to 48
Global LD ST Byte Stride Bucket 170 is equal to 58
Global LD ST Byte Stride Bucket 172 is equal to 82
Global LD ST Byte Stride Bucket 174 is equal to 90
Global LD ST Byte Stride Bucket 176 is equal to 12150
Global LD ST Byte Stride Bucket 178 is equal to 65
Global LD ST Byte Stride Bucket 180 is equal to 52
Global LD ST Byte Stride Bucket 182 is equal to 23
Global LD ST Byte Stride Bucket 184 is equal to 64376
Global LD ST Byte Stride Bucket 186 is equal to 12
Global LD ST Byte Stride Bucket 188 is equal to 3
Global LD ST Byte Stride Bucket 190 is equal to 7
Global LD ST Byte Stride Bucket 200 is equal to 9258
Global LD ST Byte Stride Bucket 224 is equal to 30915
Global LD ST Byte Stride Bucket 232 is equal to 3
Global LD ST Byte Stride Bucket 248 is equal to 2514
Global LD ST Byte Stride Bucket 256 is equal to 10113650

Global LD ST Cache Stride Bucket -256 is equal to 1775297
Global LD ST Cache Stride Bucket -255 is equal to 2
Global LD ST Cache Stride Bucket -254 is equal to 3
Global LD ST Cache Stride Bucket -253 is equal to 157
Global LD ST Cache Stride Bucket -252 is equal to 183
Global LD ST Cache Stride Bucket -251 is equal to 3
Global LD ST Cache Stride Bucket -250 is equal to 2
Global LD ST Cache Stride Bucket -249 is equal to 2
Global LD ST Cache Stride Bucket -248 is equal to 53
Global LD ST Cache Stride Bucket -247 is equal to 503
Global LD ST Cache Stride Bucket -246 is equal to 452
Global LD ST Cache Stride Bucket -245 is equal to 1
Global LD ST Cache Stride Bucket -244 is equal to 136
Global LD ST Cache Stride Bucket -243 is equal to 403
Global LD ST Cache Stride Bucket -242 is equal to 1
Global LD ST Cache Stride Bucket -241 is equal to 1
Global LD ST Cache Stride Bucket -240 is equal to 1
Global LD ST Cache Stride Bucket -239 is equal to 1
Global LD ST Cache Stride Bucket -238 is equal to 1
Global LD ST Cache Stride Bucket -237 is equal to 1
Global LD ST Cache Stride Bucket -236 is equal to 1
Global LD ST Cache Stride Bucket -235 is equal to 1
Global LD ST Cache Stride Bucket -234 is equal to 1
Global LD ST Cache Stride Bucket -233 is equal to 1
Global LD ST Cache Stride Bucket -232 is equal to 1
Global LD ST Cache Stride Bucket -231 is equal to 1
Global LD ST Cache Stride Bucket -227 is equal to 2
Global LD ST Cache Stride Bucket -226 is equal to 2
Global LD ST Cache Stride Bucket -225 is equal to 2
Global LD ST Cache Stride Bucket -224 is equal to 2
Global LD ST Cache Stride Bucket -223 is equal to 1
Global LD ST Cache Stride Bucket -222 is equal to 1
Global LD ST Cache Stride Bucket -221 is equal to 1
Global LD ST Cache Stride Bucket -220 is equal to 1
Global LD ST Cache Stride Bucket -219 is equal to 1
Global LD ST Cache Stride Bucket -218 is equal to 1
Global LD ST Cache Stride Bucket -217 is equal to 1
Global LD ST Cache Stride Bucket -216 is equal to 1
Global LD ST Cache Stride Bucket -215 is equal to 1
Global LD ST Cache Stride Bucket -214 is equal to 1
Global LD ST Cache Stride Bucket -213 is equal to 1
Global LD ST Cache Stride Bucket -212 is equal to 1
Global LD ST Cache Stride Bucket -211 is equal to 1
Global LD ST Cache Stride Bucket -210 is equal to 1
Global LD ST Cache Stride Bucket -209 is equal to 1
Global LD ST Cache Stride Bucket -208 is equal to 1
Global LD ST Cache Stride Bucket -207 is equal to 1
Global LD ST Cache Stride Bucket -206 is equal to 1
Global LD ST Cache Stride Bucket -205 is equal to 1
Global LD ST Cache Stride Bucket -204 is equal to 1
Global LD ST Cache Stride Bucket -203 is equal to 1
Global LD ST Cache Stride Bucket -202 is equal to 1
Global LD ST Cache Stride Bucket -201 is equal to 1
Global LD ST Cache Stride Bucket -200 is equal to 1
Global LD ST Cache Stride Bucket -199 is equal to 1
Global LD ST Cache Stride Bucket -198 is equal to 1
Global LD ST Cache Stride Bucket -197 is equal to 1
Global LD ST Cache Stride Bucket -196 is equal to 1
Global LD ST Cache Stride Bucket -195 is equal to 1
Global LD ST Cache Stride Bucket -194 is equal to 1
Global LD ST Cache Stride Bucket -193 is equal to 1
Global LD ST Cache Stride Bucket -192 is equal to 1
Global LD ST Cache Stride Bucket -191 is equal to 217
Global LD ST Cache Stride Bucket -190 is equal to 1
Global LD ST Cache Stride Bucket -189 is equal to 1
Global LD ST Cache Stride Bucket -188 is equal to 1
Global LD ST Cache Stride Bucket -187 is equal to 1
Global LD ST Cache Stride Bucket -186 is equal to 2
Global LD ST Cache Stride Bucket -185 is equal to 2
Global LD ST Cache Stride Bucket -184 is equal to 2
Global LD ST Cache Stride Bucket -183 is equal to 10
Global LD ST Cache Stride Bucket -182 is equal to 850
Global LD ST Cache Stride Bucket -181 is equal to 1
Global LD ST Cache Stride Bucket -180 is equal to 1
Global LD ST Cache Stride Bucket -179 is equal to 2
Global LD ST Cache Stride Bucket -178 is equal to 904
Global LD ST Cache Stride Bucket -177 is equal to 2
Global LD ST Cache Stride Bucket -176 is equal to 2
Global LD ST Cache Stride Bucket -175 is equal to 2
Global LD ST Cache Stride Bucket -174 is equal to 2
Global LD ST Cache Stride Bucket -173 is equal to 2
Global LD ST Cache Stride Bucket -172 is equal to 2
Global LD ST Cache Stride Bucket -171 is equal to 1
Global LD ST Cache Stride Bucket -170 is equal to 2
Global LD ST Cache Stride Bucket -169 is equal to 2
Global LD ST Cache Stride Bucket -168 is equal to 3
Global LD ST Cache Stride Bucket -167 is equal to 2
Global LD ST Cache Stride Bucket -166 is equal to 1
Global LD ST Cache Stride Bucket -165 is equal to 1
Global LD ST Cache Stride Bucket -164 is equal to 1
Global LD ST Cache Stride Bucket -163 is equal to 1
Global LD ST Cache Stride Bucket -162 is equal to 1
Global LD ST Cache Stride Bucket -161 is equal to 19979
Global LD ST Cache Stride Bucket -160 is equal to 108015
Global LD ST Cache Stride Bucket -159 is equal to 194185
Global LD ST Cache Stride Bucket -158 is equal to 394846
Global LD ST Cache Stride Bucket -157 is equal to 282604
Global LD ST Cache Stride Bucket -156 is equal to 177449
Global LD ST Cache Stride Bucket -155 is equal to 174236
Global LD ST Cache Stride Bucket -154 is equal to 101497
Global LD ST Cache Stride Bucket -153 is equal to 5235
Global LD ST Cache Stride Bucket -152 is equal to 32806
Global LD ST Cache Stride Bucket -151 is equal to 20168
Global LD ST Cache Stride Bucket -150 is equal to 10149
Global LD ST Cache Stride Bucket -149 is equal to 21765
Global LD ST Cache Stride Bucket -148 is equal to 36508
Global LD ST Cache Stride Bucket -147 is equal to 28588
Global LD ST Cache Stride Bucket -146 is equal to 12817
Global LD ST Cache Stride Bucket -145 is equal to 21350
Global LD ST Cache Stride Bucket -144 is equal to 14710
Global LD ST Cache Stride Bucket -143 is equal to 13826
Global LD ST Cache Stride Bucket -142 is equal to 6971
Global LD ST Cache Stride Bucket -141 is equal to 4948
Global LD ST Cache Stride Bucket -140 is equal to 7167
Global LD ST Cache Stride Bucket -139 is equal to 3767
Global LD ST Cache Stride Bucket -138 is equal to 3226
Global LD ST Cache Stride Bucket -137 is equal to 2001
Global LD ST Cache Stride Bucket -136 is equal to 2053
Global LD ST Cache Stride Bucket -135 is equal to 9103
Global LD ST Cache Stride Bucket -134 is equal to 8712
Global LD ST Cache Stride Bucket -133 is equal to 7818
Global LD ST Cache Stride Bucket -132 is equal to 5842
Global LD ST Cache Stride Bucket -131 is equal to 31993
Global LD ST Cache Stride Bucket -130 is equal to 86581
Global LD ST Cache Stride Bucket -129 is equal to 66372
Global LD ST Cache Stride Bucket -128 is equal to 12975
Global LD ST Cache Stride Bucket -127 is equal to 2525
Global LD ST Cache Stride Bucket -126 is equal to 53789
Global LD ST Cache Stride Bucket -125 is equal to 659
Global LD ST Cache Stride Bucket -124 is equal to 2123
Global LD ST Cache Stride Bucket -123 is equal to 2977
Global LD ST Cache Stride Bucket -122 is equal to 3572
Global LD ST Cache Stride Bucket -121 is equal to 4430
Global LD ST Cache Stride Bucket -120 is equal to 21835
Global LD ST Cache Stride Bucket -119 is equal to 76990
Global LD ST Cache Stride Bucket -118 is equal to 100323
Global LD ST Cache Stride Bucket -117 is equal to 83999
Global LD ST Cache Stride Bucket -116 is equal to 57962
Global LD ST Cache Stride Bucket -115 is equal to 36008
Global LD ST Cache Stride Bucket -114 is equal to 31208
Global LD ST Cache Stride Bucket -113 is equal to 26775
Global LD ST Cache Stride Bucket -112 is equal to 7144
Global LD ST Cache Stride Bucket -111 is equal to 5095
Global LD ST Cache Stride Bucket -110 is equal to 3786
Global LD ST Cache Stride Bucket -109 is equal to 4437
Global LD ST Cache Stride Bucket -108 is equal to 6601
Global LD ST Cache Stride Bucket -107 is equal to 23528
Global LD ST Cache Stride Bucket -106 is equal to 77890
Global LD ST Cache Stride Bucket -105 is equal to 63186
Global LD ST Cache Stride Bucket -104 is equal to 63252
Global LD ST Cache Stride Bucket -103 is equal to 12526
Global LD ST Cache Stride Bucket -102 is equal to 25853
Global LD ST Cache Stride Bucket -101 is equal to 22413
Global LD ST Cache Stride Bucket -100 is equal to 121611
Global LD ST Cache Stride Bucket -99 is equal to 5139
Global LD ST Cache Stride Bucket -98 is equal to 83420
Global LD ST Cache Stride Bucket -97 is equal to 59053
Global LD ST Cache Stride Bucket -96 is equal to 180577
Global LD ST Cache Stride Bucket -95 is equal to 236440
Global LD ST Cache Stride Bucket -94 is equal to 177425
Global LD ST Cache Stride Bucket -93 is equal to 199444
Global LD ST Cache Stride Bucket -92 is equal to 236743
Global LD ST Cache Stride Bucket -91 is equal to 224501
Global LD ST Cache Stride Bucket -90 is equal to 133071
Global LD ST Cache Stride Bucket -89 is equal to 14541
Global LD ST Cache Stride Bucket -88 is equal to 9573
Global LD ST Cache Stride Bucket -87 is equal to 5611
Global LD ST Cache Stride Bucket -86 is equal to 479
Global LD ST Cache Stride Bucket -85 is equal to 1058
Global LD ST Cache Stride Bucket -84 is equal to 1809
Global LD ST Cache Stride Bucket -83 is equal to 1277
Global LD ST Cache Stride Bucket -82 is equal to 1202
Global LD ST Cache Stride Bucket -81 is equal to 2683
Global LD ST Cache Stride Bucket -80 is equal to 1362
Global LD ST Cache Stride Bucket -79 is equal to 38
Global LD ST Cache Stride Bucket -78 is equal to 519
Global LD ST Cache Stride Bucket -77 is equal to 106
Global LD ST Cache Stride Bucket -76 is equal to 52
Global LD ST Cache Stride Bucket -75 is equal to 44
Global LD ST Cache Stride Bucket -74 is equal to 98
Global LD ST Cache Stride Bucket -73 is equal to 46
Global LD ST Cache Stride Bucket -72 is equal to 1
Global LD ST Cache Stride Bucket -71 is equal to 573
Global LD ST Cache Stride Bucket -70 is equal to 2039
Global LD ST Cache Stride Bucket -69 is equal to 21367
Global LD ST Cache Stride Bucket -68 is equal to 54343
Global LD ST Cache Stride Bucket -67 is equal to 68720
Global LD ST Cache Stride Bucket -66 is equal to 67436
Global LD ST Cache Stride Bucket -65 is equal to 67113
Global LD ST Cache Stride Bucket -64 is equal to 87516
Global LD ST Cache Stride Bucket -63 is equal to 124687
Global LD ST Cache Stride Bucket -62 is equal to 63135
Global LD ST Cache Stride Bucket -61 is equal to 32333
Global LD ST Cache Stride Bucket -60 is equal to 220464
Global LD ST Cache Stride Bucket -59 is equal to 60985
Global LD ST Cache Stride Bucket -58 is equal to 48231
Global LD ST Cache Stride Bucket -57 is equal to 67543
Global LD ST Cache Stride Bucket -56 is equal to 35707
Global LD ST Cache Stride Bucket -55 is equal to 104867
Global LD ST Cache Stride Bucket -54 is equal to 122943
Global LD ST Cache Stride Bucket -53 is equal to 131514
Global LD ST Cache Stride Bucket -52 is equal to 90420
Global LD ST Cache Stride Bucket -51 is equal to 13762
Global LD ST Cache Stride Bucket -50 is equal to 17281
Global LD ST Cache Stride Bucket -49 is equal to 5545
Global LD ST Cache Stride Bucket -48 is equal to 4446
Global LD ST Cache Stride Bucket -47 is equal to 4259
Global LD ST Cache Stride Bucket -46 is equal to 4088
Global LD ST Cache Stride Bucket -45 is equal to 2110
Global LD ST Cache Stride Bucket -44 is equal to 889
Global LD ST Cache Stride Bucket -43 is equal to 754
Global LD ST Cache Stride Bucket -42 is equal to 89994
Global LD ST Cache Stride Bucket -41 is equal to 159602
Global LD ST Cache Stride Bucket -40 is equal to 61730
Global LD ST Cache Stride Bucket -39 is equal to 74518
Global LD ST Cache Stride Bucket -38 is equal to 60559
Global LD ST Cache Stride Bucket -37 is equal to 1147
Global LD ST Cache Stride Bucket -36 is equal to 12
Global LD ST Cache Stride Bucket -35 is equal to 464
Global LD ST Cache Stride Bucket -34 is equal to 1369
Global LD ST Cache Stride Bucket -33 is equal to 1808
Global LD ST Cache Stride Bucket -32 is equal to 3119
Global LD ST Cache Stride Bucket -31 is equal to 1765
Global LD ST Cache Stride Bucket -30 is equal to 5952
Global LD ST Cache Stride Bucket -29 is equal to 4837
Global LD ST Cache Stride Bucket -28 is equal to 95460
Global LD ST Cache Stride Bucket -27 is equal to 145324
Global LD ST Cache Stride Bucket -26 is equal to 73456
Global LD ST Cache Stride Bucket -25 is equal to 107335
Global LD ST Cache Stride Bucket -24 is equal to 20502
Global LD ST Cache Stride Bucket -23 is equal to 40
Global LD ST Cache Stride Bucket -22 is equal to 4
Global LD ST Cache Stride Bucket -21 is equal to 3
Global LD ST Cache Stride Bucket -20 is equal to 3
Global LD ST Cache Stride Bucket -19 is equal to 6
Global LD ST Cache Stride Bucket -18 is equal to 3
Global LD ST Cache Stride Bucket -17 is equal to 5332
Global LD ST Cache Stride Bucket -16 is equal to 14255
Global LD ST Cache Stride Bucket -15 is equal to 44246
Global LD ST Cache Stride Bucket -14 is equal to 266364
Global LD ST Cache Stride Bucket -13 is equal to 205868
Global LD ST Cache Stride Bucket -12 is equal to 72351
Global LD ST Cache Stride Bucket -11 is equal to 58605
Global LD ST Cache Stride Bucket -10 is equal to 14138
Global LD ST Cache Stride Bucket -9 is equal to 899
Global LD ST Cache Stride Bucket -8 is equal to 10161
Global LD ST Cache Stride Bucket -7 is equal to 17691
Global LD ST Cache Stride Bucket -6 is equal to 97075
Global LD ST Cache Stride Bucket -5 is equal to 88632
Global LD ST Cache Stride Bucket -4 is equal to 22259
Global LD ST Cache Stride Bucket -3 is equal to 118366
Global LD ST Cache Stride Bucket -2 is equal to 176157
Global LD ST Cache Stride Bucket -1 is equal to 1494479
Global LD ST Cache Stride Bucket 0 is equal to 11346222
Global LD ST Cache Stride Bucket 1 is equal to 1286449
Global LD ST Cache Stride Bucket 2 is equal to 82386
Global LD ST Cache Stride Bucket 3 is equal to 102302
Global LD ST Cache Stride Bucket 4 is equal to 32800
Global LD ST Cache Stride Bucket 5 is equal to 81130
Global LD ST Cache Stride Bucket 6 is equal to 95633
Global LD ST Cache Stride Bucket 7 is equal to 15042
Global LD ST Cache Stride Bucket 8 is equal to 900
Global LD ST Cache Stride Bucket 10 is equal to 28834
Global LD ST Cache Stride Bucket 11 is equal to 53958
Global LD ST Cache Stride Bucket 12 is equal to 68829
Global LD ST Cache Stride Bucket 13 is equal to 337891
Global LD ST Cache Stride Bucket 14 is equal to 650190
Global LD ST Cache Stride Bucket 15 is equal to 61131
Global LD ST Cache Stride Bucket 16 is equal to 12788
Global LD ST Cache Stride Bucket 17 is equal to 3932
Global LD ST Cache Stride Bucket 18 is equal to 2215
Global LD ST Cache Stride Bucket 19 is equal to 1222
Global LD ST Cache Stride Bucket 20 is equal to 80
Global LD ST Cache Stride Bucket 21 is equal to 12
Global LD ST Cache Stride Bucket 22 is equal to 25
Global LD ST Cache Stride Bucket 23 is equal to 3457
Global LD ST Cache Stride Bucket 24 is equal to 64820
Global LD ST Cache Stride Bucket 25 is equal to 198928
Global LD ST Cache Stride Bucket 26 is equal to 121827
Global LD ST Cache Stride Bucket 27 is equal to 187752
Global LD ST Cache Stride Bucket 28 is equal to 106343
Global LD ST Cache Stride Bucket 29 is equal to 7083
Global LD ST Cache Stride Bucket 30 is equal to 17838
Global LD ST Cache Stride Bucket 31 is equal to 6537
Global LD ST Cache Stride Bucket 32 is equal to 2860
Global LD ST Cache Stride Bucket 33 is equal to 42686
Global LD ST Cache Stride Bucket 34 is equal to 15134
Global LD ST Cache Stride Bucket 35 is equal to 6299
Global LD ST Cache Stride Bucket 36 is equal to 4950
Global LD ST Cache Stride Bucket 37 is equal to 30638
Global LD ST Cache Stride Bucket 38 is equal to 143821
Global LD ST Cache Stride Bucket 39 is equal to 201550
Global LD ST Cache Stride Bucket 40 is equal to 211889
Global LD ST Cache Stride Bucket 41 is equal to 158794
Global LD ST Cache Stride Bucket 42 is equal to 18215
Global LD ST Cache Stride Bucket 43 is equal to 2139
Global LD ST Cache Stride Bucket 44 is equal to 1994
Global LD ST Cache Stride Bucket 45 is equal to 3746
Global LD ST Cache Stride Bucket 46 is equal to 4168
Global LD ST Cache Stride Bucket 47 is equal to 6548
Global LD ST Cache Stride Bucket 48 is equal to 6113
Global LD ST Cache Stride Bucket 49 is equal to 9036
Global LD ST Cache Stride Bucket 50 is equal to 15630
Global LD ST Cache Stride Bucket 51 is equal to 29059
Global LD ST Cache Stride Bucket 52 is equal to 45495
Global LD ST Cache Stride Bucket 53 is equal to 60048
Global LD ST Cache Stride Bucket 54 is equal to 77554
Global LD ST Cache Stride Bucket 55 is equal to 69895
Global LD ST Cache Stride Bucket 56 is equal to 32803
Global LD ST Cache Stride Bucket 57 is equal to 30011
Global LD ST Cache Stride Bucket 58 is equal to 105176
Global LD ST Cache Stride Bucket 59 is equal to 71763
Global LD ST Cache Stride Bucket 60 is equal to 90053
Global LD ST Cache Stride Bucket 61 is equal to 175145
Global LD ST Cache Stride Bucket 62 is equal to 63575
Global LD ST Cache Stride Bucket 63 is equal to 53411
Global LD ST Cache Stride Bucket 64 is equal to 49428
Global LD ST Cache Stride Bucket 65 is equal to 31513
Global LD ST Cache Stride Bucket 66 is equal to 30379
Global LD ST Cache Stride Bucket 67 is equal to 29043
Global LD ST Cache Stride Bucket 68 is equal to 34639
Global LD ST Cache Stride Bucket 69 is equal to 20458
Global LD ST Cache Stride Bucket 70 is equal to 10583
Global LD ST Cache Stride Bucket 71 is equal to 11081
Global LD ST Cache Stride Bucket 72 is equal to 6188
Global LD ST Cache Stride Bucket 73 is equal to 354
Global LD ST Cache Stride Bucket 74 is equal to 42
Global LD ST Cache Stride Bucket 75 is equal to 64
Global LD ST Cache Stride Bucket 76 is equal to 17
Global LD ST Cache Stride Bucket 77 is equal to 93
Global LD ST Cache Stride Bucket 78 is equal to 82
Global LD ST Cache Stride Bucket 79 is equal to 3563
Global LD ST Cache Stride Bucket 80 is equal to 37487
Global LD ST Cache Stride Bucket 81 is equal to 23923
Global LD ST Cache Stride Bucket 82 is equal to 27872
Global LD ST Cache Stride Bucket 83 is equal to 41539
Global LD ST Cache Stride Bucket 84 is equal to 37321
Global LD ST Cache Stride Bucket 85 is equal to 48760
Global LD ST Cache Stride Bucket 86 is equal to 34197
Global LD ST Cache Stride Bucket 87 is equal to 5279
Global LD ST Cache Stride Bucket 88 is equal to 4570
Global LD ST Cache Stride Bucket 89 is equal to 6726
Global LD ST Cache Stride Bucket 90 is equal to 38235
Global LD ST Cache Stride Bucket 91 is equal to 64174
Global LD ST Cache Stride Bucket 92 is equal to 62822
Global LD ST Cache Stride Bucket 93 is equal to 57490
Global LD ST Cache Stride Bucket 94 is equal to 47753
Global LD ST Cache Stride Bucket 95 is equal to 53433
Global LD ST Cache Stride Bucket 96 is equal to 58387
Global LD ST Cache Stride Bucket 97 is equal to 15828
Global LD ST Cache Stride Bucket 98 is equal to 7538
Global LD ST Cache Stride Bucket 99 is equal to 34114
Global LD ST Cache Stride Bucket 100 is equal to 710
Global LD ST Cache Stride Bucket 101 is equal to 11054
Global LD ST Cache Stride Bucket 102 is equal to 9970
Global LD ST Cache Stride Bucket 103 is equal to 10914
Global LD ST Cache Stride Bucket 104 is equal to 13024
Global LD ST Cache Stride Bucket 105 is equal to 29793
Global LD ST Cache Stride Bucket 106 is equal to 30794
Global LD ST Cache Stride Bucket 107 is equal to 20844
Global LD ST Cache Stride Bucket 108 is equal to 2321
Global LD ST Cache Stride Bucket 109 is equal to 3936
Global LD ST Cache Stride Bucket 110 is equal to 941
Global LD ST Cache Stride Bucket 111 is equal to 3940
Global LD ST Cache Stride Bucket 112 is equal to 3236
Global LD ST Cache Stride Bucket 113 is equal to 3962
Global LD ST Cache Stride Bucket 114 is equal to 7638
Global LD ST Cache Stride Bucket 115 is equal to 5420
Global LD ST Cache Stride Bucket 116 is equal to 3676
Global LD ST Cache Stride Bucket 117 is equal to 3701
Global LD ST Cache Stride Bucket 118 is equal to 15785
Global LD ST Cache Stride Bucket 119 is equal to 15573
Global LD ST Cache Stride Bucket 120 is equal to 12073
Global LD ST Cache Stride Bucket 121 is equal to 1239
Global LD ST Cache Stride Bucket 122 is equal to 2541
Global LD ST Cache Stride Bucket 123 is equal to 944
Global LD ST Cache Stride Bucket 124 is equal to 3003
Global LD ST Cache Stride Bucket 125 is equal to 36634
Global LD ST Cache Stride Bucket 126 is equal to 125242
Global LD ST Cache Stride Bucket 127 is equal to 6134
Global LD ST Cache Stride Bucket 128 is equal to 2823
Global LD ST Cache Stride Bucket 129 is equal to 6141
Global LD ST Cache Stride Bucket 130 is equal to 5625
Global LD ST Cache Stride Bucket 131 is equal to 17611
Global LD ST Cache Stride Bucket 132 is equal to 5951
Global LD ST Cache Stride Bucket 133 is equal to 17678
Global LD ST Cache Stride Bucket 134 is equal to 20546
Global LD ST Cache Stride Bucket 135 is equal to 11650
Global LD ST Cache Stride Bucket 136 is equal to 5048
Global LD ST Cache Stride Bucket 137 is equal to 5226
Global LD ST Cache Stride Bucket 138 is equal to 5589
Global LD ST Cache Stride Bucket 139 is equal to 6228
Global LD ST Cache Stride Bucket 140 is equal to 11272
Global LD ST Cache Stride Bucket 141 is equal to 20108
Global LD ST Cache Stride Bucket 142 is equal to 20226
Global LD ST Cache Stride Bucket 143 is equal to 37541
Global LD ST Cache Stride Bucket 144 is equal to 52052
Global LD ST Cache Stride Bucket 145 is equal to 54343
Global LD ST Cache Stride Bucket 146 is equal to 53702
Global LD ST Cache Stride Bucket 147 is equal to 57122
Global LD ST Cache Stride Bucket 148 is equal to 53179
Global LD ST Cache Stride Bucket 149 is equal to 26208
Global LD ST Cache Stride Bucket 150 is equal to 14436
Global LD ST Cache Stride Bucket 151 is equal to 24656
Global LD ST Cache Stride Bucket 152 is equal to 45702
Global LD ST Cache Stride Bucket 153 is equal to 42462
Global LD ST Cache Stride Bucket 154 is equal to 167434
Global LD ST Cache Stride Bucket 155 is equal to 247144
Global LD ST Cache Stride Bucket 156 is equal to 216292
Global LD ST Cache Stride Bucket 157 is equal to 401554
Global LD ST Cache Stride Bucket 158 is equal to 728822
Global LD ST Cache Stride Bucket 159 is equal to 318621
Global LD ST Cache Stride Bucket 160 is equal to 157779
Global LD ST Cache Stride Bucket 161 is equal to 70532
Global LD ST Cache Stride Bucket 162 is equal to 1676
Global LD ST Cache Stride Bucket 173 is equal to 2448
Global LD ST Cache Stride Bucket 176 is equal to 451
Global LD ST Cache Stride Bucket 177 is equal to 451
Global LD ST Cache Stride Bucket 178 is equal to 2
Global LD ST Cache Stride Bucket 183 is equal to 7
Global LD ST Cache Stride Bucket 191 is equal to 162
Global LD ST Cache Stride Bucket 192 is equal to 27
Global LD ST Cache Stride Bucket 228 is equal to 5
Global LD ST Cache Stride Bucket 231 is equal to 902
Global LD ST Cache Stride Bucket 242 is equal to 67
Global LD ST Cache Stride Bucket 243 is equal to 659
Global LD ST Cache Stride Bucket 244 is equal to 18
Global LD ST Cache Stride Bucket 247 is equal to 50
Global LD ST Cache Stride Bucket 248 is equal to 50
Global LD ST Cache Stride Bucket 252 is equal to 120
Global LD ST Cache Stride Bucket 253 is equal to 90
Global LD ST Cache Stride Bucket 256 is equal to 1928178


            "-256": "9560789",
            "-255": "0",
            "-254": "0",
            "-253": "0",
            "-252": "0",
            "-251": "0",
            "-250": "0",
            "-249": "0",
            "-248": "10142",
            "-247": "0",
            "-246": "0",
            "-245": "0",
            "-244": "0",
            "-243": "0",
            "-242": "0",
            "-241": "0",
            "-240": "0",
            "-239": "0",
            "-238": "0",
            "-237": "0",
            "-236": "0",
            "-235": "0",
            "-234": "0",
            "-233": "0",
            "-232": "0",
            "-231": "0",
            "-230": "0",
            "-229": "0",
            "-228": "3596",
            "-227": "0",
            "-226": "0",
            "-225": "0",
            "-224": "0",
            "-223": "0",
            "-222": "0",
            "-221": "0",
            "-220": "0",
            "-219": "0",
            "-218": "0",
            "-217": "0",
            "-216": "28854",
            "-215": "0",
            "-214": "0",
            "-213": "0",
            "-212": "0",
            "-211": "0",
            "-210": "0",
            "-209": "0",
            "-208": "0",
            "-207": "0",
            "-206": "0",
            "-205": "0",
            "-204": "0",
            "-203": "0",
            "-202": "0",
            "-201": "0",
            "-200": "0",
            "-199": "0",
            "-198": "0",
            "-197": "0",
            "-196": "0",
            "-195": "0",
            "-194": "0",
            "-193": "0",
            "-192": "4",
            "-191": "0",
            "-190": "9",
            "-189": "0",
            "-188": "9267",
            "-187": "0",
            "-186": "465",
            "-185": "0",
            "-184": "7212",
            "-183": "0",
            "-182": "51",
            "-181": "0",
            "-180": "59",
            "-179": "0",
            "-178": "37",
            "-177": "0",
            "-176": "67217",
            "-175": "0",
            "-174": "31",
            "-173": "0",
            "-172": "39",
            "-171": "0",
            "-170": "40",
            "-169": "0",
            "-168": "4876",
            "-167": "0",
            "-166": "57",
            "-165": "0",
            "-164": "3217",
            "-163": "0",
            "-162": "105",
            "-161": "0",
            "-160": "8135",
            "-159": "0",
            "-158": "145",
            "-157": "0",
            "-156": "75",
            "-155": "0",
            "-154": "92",
            "-153": "0",
            "-152": "72",
            "-151": "0",
            "-150": "68",
            "-149": "0",
            "-148": "96",
            "-147": "0",
            "-146": "90",
            "-145": "0",
            "-144": "2353",
            "-143": "0",
            "-142": "87",
            "-141": "0",
            "-140": "175",
            "-139": "0",
            "-138": "150",
            "-137": "0",
            "-136": "649",
            "-135": "0",
            "-134": "157",
            "-133": "0",
            "-132": "663",
            "-131": "0",
            "-130": "170",
            "-129": "0",
            "-128": "3633",
            "-127": "0",
            "-126": "162",
            "-125": "0",
            "-124": "2637",
            "-123": "0",
            "-122": "186",
            "-121": "0",
            "-120": "21218",
            "-119": "0",
            "-118": "242",
            "-117": "0",
            "-116": "10869",
            "-115": "0",
            "-114": "149",
            "-113": "0",
            "-112": "13450",
            "-111": "0",
            "-110": "273",
            "-109": "0",
            "-108": "8086",
            "-107": "0",
            "-106": "210",
            "-105": "0",
            "-104": "7440",
            "-103": "0",
            "-102": "223",
            "-101": "0",
            "-100": "9243",
            "-99": "0",
            "-98": "229",
            "-97": "0",
            "-96": "162178",
            "-95": "0",
            "-94": "216",
            "-93": "0",
            "-92": "5690",
            "-91": "0",
            "-90": "559",
            "-89": "0",
            "-88": "47341",
            "-87": "0",
            "-86": "1201",
            "-85": "0",
            "-84": "8382",
            "-83": "0",
            "-82": "496",
            "-81": "0",
            "-80": "73462",
            "-79": "0",
            "-78": "240",
            "-77": "0",
            "-76": "5477",
            "-75": "0",
            "-74": "232",
            "-73": "0",
            "-72": "5461",
            "-71": "0",
            "-70": "436",
            "-69": "0",
            "-68": "8989",
            "-67": "0",
            "-66": "2001",
            "-65": "0",
            "-64": "16084",
            "-63": "0",
            "-62": "780",
            "-61": "0",
            "-60": "52506",
            "-59": "0",
            "-58": "344",
            "-57": "0",
            "-56": "193662",
            "-55": "0",
            "-54": "208",
            "-53": "0",
            "-52": "123080",
            "-51": "0",
            "-50": "459",
            "-49": "0",
            "-48": "55586",
            "-47": "0",
            "-46": "1174",
            "-45": "0",
            "-44": "8521",
            "-43": "0",
            "-42": "2845",
            "-41": "0",
            "-40": "61213",
            "-39": "0",
            "-38": "726",
            "-37": "0",
            "-36": "129586",
            "-35": "0",
            "-34": "356",
            "-33": "0",
            "-32": "185891",
            "-31": "0",
            "-30": "433",
            "-29": "0",
            "-28": "32079",
            "-27": "0",
            "-26": "1266",
            "-25": "0",
            "-24": "252117",
            "-23": "0",
            "-22": "19162",
            "-21": "0",
            "-20": "235618",
            "-19": "0",
            "-18": "1339",
            "-17": "0",
            "-16": "241960",
            "-15": "0",
            "-14": "327",
            "-13": "0",
            "-12": "356034",
            "-11": "0",
            "-10": "321",
            "-9": "0",
            "-8": "2114684",
            "-7": "0",
            "-6": "1651",
            "-5": "0",
            "-4": "1171234",
            "-3": "0",
            "-2": "19530",
            "-1": "0",
            "0": "2341249",
            "1": "0",
            "2": "19970",
            "3": "0",
            "4": "1493327",
            "5": "0",
            "6": "932",
            "7": "0",
            "8": "2788039",
            "9": "451",
            "10": "330",
            "11": "0",
            "12": "130797",
            "13": "0",
            "14": "360",
            "15": "0",
            "16": "365845",
            "17": "0",
            "18": "1379",
            "19": "0",
            "20": "130246",
            "21": "0",
            "22": "21605",
            "23": "0",
            "24": "188653",
            "25": "0",
            "26": "883",
            "27": "0",
            "28": "38020",
            "29": "0",
            "30": "368",
            "31": "0",
            "32": "140993",
            "33": "0",
            "34": "742",
            "35": "0",
            "36": "288513",
            "37": "0",
            "38": "697",
            "39": "0",
            "40": "65782",
            "41": "0",
            "42": "995",
            "43": "0",
            "44": "162191",
            "45": "0",
            "46": "1011",
            "47": "0",
            "48": "78307",
            "49": "0",
            "50": "472",
            "51": "0",
            "52": "160068",
            "53": "0",
            "54": "252",
            "55": "0",
            "56": "37946",
            "57": "0",
            "58": "248",
            "59": "0",
            "60": "4827",
            "61": "0",
            "62": "381",
            "63": "0",
            "64": "7935",
            "65": "0",
            "66": "587",
            "67": "0",
            "68": "407",
            "69": "0",
            "70": "322",
            "71": "0",
            "72": "859",
            "73": "0",
            "74": "149",
            "75": "0",
            "76": "167",
            "77": "0",
            "78": "226",
            "79": "0",
            "80": "216",
            "81": "0",
            "82": "223",
            "83": "0",
            "84": "160306",
            "85": "0",
            "86": "366",
            "87": "0",
            "88": "41986",
            "89": "0",
            "90": "333",
            "91": "0",
            "92": "165",
            "93": "0",
            "94": "198",
            "95": "0",
            "96": "1060",
            "97": "0",
            "98": "121",
            "99": "0",
            "100": "149",
            "101": "0",
            "102": "157",
            "103": "0",
            "104": "1247",
            "105": "0",
            "106": "170",
            "107": "0",
            "108": "150",
            "109": "0",
            "110": "184",
            "111": "0",
            "112": "746",
            "113": "0",
            "114": "115",
            "115": "0",
            "116": "83",
            "117": "0",
            "118": "97",
            "119": "0",
            "120": "203",
            "121": "0",
            "122": "139",
            "123": "0",
            "124": "125",
            "125": "0",
            "126": "150",
            "127": "0",
            "128": "856",
            "129": "0",
            "130": "146",
            "131": "0",
            "132": "151",
            "133": "0",
            "134": "127",
            "135": "0",
            "136": "2257",
            "137": "0",
            "138": "77",
            "139": "0",
            "140": "88",
            "141": "0",
            "142": "89",
            "143": "0",
            "144": "144",
            "145": "0",
            "146": "136",
            "147": "0",
            "148": "148",
            "149": "0",
            "150": "129",
            "151": "0",
            "152": "156",
            "153": "0",
            "154": "110",
            "155": "0",
            "156": "556",
            "157": "0",
            "158": "69",
            "159": "0",
            "160": "10191",
            "161": "0",
            "162": "49",
            "163": "0",
            "164": "50",
            "165": "0",
            "166": "53",
            "167": "0",
            "168": "48",
            "169": "0",
            "170": "58",
            "171": "0",
            "172": "82",
            "173": "0",
            "174": "90",
            "175": "0",
            "176": "12150",
            "177": "0",
            "178": "65",
            "179": "0",
            "180": "52",
            "181": "0",
            "182": "23",
            "183": "0",
            "184": "64376",
            "185": "0",
            "186": "12",
            "187": "0",
            "188": "3",
            "189": "0",
            "190": "7",
            "191": "0",
            "192": "0",
            "193": "0",
            "194": "0",
            "195": "0",
            "196": "0",
            "197": "0",
            "198": "0",
            "199": "0",
            "200": "9258",
            "201": "0",
            "202": "0",
            "203": "0",
            "204": "0",
            "205": "0",
            "206": "0",
            "207": "0",
            "208": "0",
            "209": "0",
            "210": "0",
            "211": "0",
            "212": "0",
            "213": "0",
            "214": "0",
            "215": "0",
            "216": "0",
            "217": "0",
            "218": "0",
            "219": "0",
            "220": "0",
            "221": "0",
            "222": "0",
            "223": "0",
            "224": "30915",
            "225": "0",
            "226": "0",
            "227": "0",
            "228": "0",
            "229": "0",
            "230": "0",
            "231": "0",
            "232": "3",
            "233": "0",
            "234": "0",
            "235": "0",
            "236": "0",
            "237": "0",
            "238": "0",
            "239": "0",
            "240": "0",
            "241": "0",
            "242": "0",
            "243": "0",
            "244": "0",
            "245": "0",
            "246": "0",
            "247": "0",
            "248": "2514",
            "249": "0",
            "250": "0",
            "251": "0",
            "252": "0",
            "253": "0",
            "254": "0",
            "255": "0",
            "256": "10113650",


# END_DYNAMIC_STATS
