# Mix output version 2
# FINI: end of program
# EMIT_DYNAMIC_STATS FOR TID 1, ins = 100101485
Dynamic Instruction Count = 100101485, Dyn BBL Count = 16098377
RAWdep[ 0] = 0
RAWdep[ 1] = 43376698
RAWdep[ 2] = 18108192
RAWdep[ 3] = 14683532
RAWdep[ 4] = 8142009
RAWdep[ 5] = 4236298
RAWdep[ 6] = 4640463
RAWdep[ 7] = 3002587
RAWdep[ 8] = 2612202
RAWdep[ 9] = 2718762
RAWdep[ 10] = 2214118
RAWdep[ 11] = 1978012
RAWdep[ 12] = 1170433
RAWdep[ 13] = 1606845
RAWdep[ 14] = 757173
RAWdep[ 15] = 1041150
RAWdep[ 16] = 1134661
RAWdep[ 17] = 1011140
RAWdep[ 18] = 459010
RAWdep[ 19] = 856239
RAWdep[ 20] = 834273
RAWdep[ 21] = 511177
RAWdep[ 22] = 729406
RAWdep[ 23] = 875684
RAWdep[ 24] = 715974
RAWdep[ 25] = 397409
RAWdep[ 26] = 219955
RAWdep[ 27] = 395143
RAWdep[ 28] = 672539
RAWdep[ 29] = 958684
RAWdep[ 30] = 450118
RAWdep[ 31] = 502872
RAWdep[ 32] = 903033
RAWdep[ 33] = 29317030

WAWdep[ 0] = 0
WAWdep[ 1] = 26133996
WAWdep[ 2] = 19437494
WAWdep[ 3] = 16288180
WAWdep[ 4] = 7771886
WAWdep[ 5] = 5229667
WAWdep[ 6] = 6204709
WAWdep[ 7] = 3088987
WAWdep[ 8] = 2595592
WAWdep[ 9] = 3519276
WAWdep[ 10] = 2749207
WAWdep[ 11] = 1465472
WAWdep[ 12] = 1381877
WAWdep[ 13] = 2361973
WAWdep[ 14] = 1243497
WAWdep[ 15] = 1053146
WAWdep[ 16] = 1109994
WAWdep[ 17] = 910233
WAWdep[ 18] = 512384
WAWdep[ 19] = 733108
WAWdep[ 20] = 843326
WAWdep[ 21] = 729778
WAWdep[ 22] = 358915
WAWdep[ 23] = 380773
WAWdep[ 24] = 954203
WAWdep[ 25] = 296130
WAWdep[ 26] = 201725
WAWdep[ 27] = 582980
WAWdep[ 28] = 337654
WAWdep[ 29] = 268540
WAWdep[ 30] = 209460
WAWdep[ 31] = 179876
WAWdep[ 32] = 857594
WAWdep[ 33] = 15549254

WARdep[ 0] = 45979443
WARdep[ 1] = 9952943
WARdep[ 2] = 8792108
WARdep[ 3] = 5696768
WARdep[ 4] = 4340756
WARdep[ 5] = 4227464
WARdep[ 6] = 2785303
WARdep[ 7] = 3348587
WARdep[ 8] = 2830602
WARdep[ 9] = 2039417
WARdep[ 10] = 2757992
WARdep[ 11] = 2030056
WARdep[ 12] = 1375723
WARdep[ 13] = 1461908
WARdep[ 14] = 1064644
WARdep[ 15] = 797918
WARdep[ 16] = 1089522
WARdep[ 17] = 706628
WARdep[ 18] = 1026214
WARdep[ 19] = 1250162
WARdep[ 20] = 1122344
WARdep[ 21] = 771846
WARdep[ 22] = 960923
WARdep[ 23] = 403081
WARdep[ 24] = 852577
WARdep[ 25] = 886272
WARdep[ 26] = 1029080
WARdep[ 27] = 644023
WARdep[ 28] = 460773
WARdep[ 29] = 495991
WARdep[ 30] = 409462
WARdep[ 31] = 589961
WARdep[ 32] = 550818
WARdep[ 33] = 12809577


		"0": "0",
		"1": "43376698",
		"2": "18108192",
		"3": "14683532",
		"4": "8142009",
		"5": "4236298",
		"6": "4640463",
		"7": "3002587",
		"8": "2612202",
		"9": "2718762",
		"10": "2214118",
		"11": "1978012",
		"12": "1170433",
		"13": "1606845",
		"14": "757173",
		"15": "1041150",
		"16": "1134661",
		"17": "1011140",
		"18": "459010",
		"19": "856239",
		"20": "834273",
		"21": "511177",
		"22": "729406",
		"23": "875684",
		"24": "715974",
		"25": "397409",
		"26": "219955",
		"27": "395143",
		"28": "672539",
		"29": "958684",
		"30": "450118",
		"31": "502872",
		"32": "903033",
		"33": "29317030",


# END_DYNAMIC_STATS
