# Branch output version 3
Dynamic_Instruction_Count: 100101494
Dynamic_Conditional_Branch_Count: 10809820
Dynamic_Unconditional_Branch_Count: 5570661
Total_Taken_Branches: 10048568
Total_Branch_Transitions: 2795808

Local Branch Stats (Total Count; Taken Count; Transition Count)
2280 414 653
1866 275 388
2280 1710 1139
570 0 0
570 564 12
6 4 2
414 408 12
6 0 0
275 23 40
252 134 118
570 0 0
570 0 0
570 0 0
570 0 0
570 570 0
35687 0 0
35687 0 0
35687 0 0
35687 0 0
36257 35687 1139
570 0 0
570 223 421
347 136 271
359 359 0
223 0 0
223 0 0
3 0 0
3 0 0
3 0 0
3 0 0
570 0 0
570 223 421
347 0 0
570 223 421
347 0 0
446 446 0
446 0 0
446 446 0
446 0 0
446 0 0
446 446 0
446 0 0
446 0 0
446 446 0
223 223 0
223 0 0
46414 11521 17983
41275 3582 7159
80503 46414 29324
39228 38573 1310
4237 4014 445
11521 6382 5144
223 223 0
35727 223 446
35504 0 0
35504 0 0
35504 1080 1714
34647 27938 447
6709 20 40
67453 572 1143
796 226 445
573 573 0
226 3 6
573 0 0
573 3 6
570 570 0
3 0 0
223 223 0
223 0 0
223 223 0
223 0 0
223 0 0
223 0 0
223 0 0
223 0 0
223 223 0
223 223 0
223 0 0
223 223 0
223 0 0
223 223 0
223 0 0
223 0 0
376 286 128
90 31 44
59 2 4
58 16 21
42 1 2
42 4 8
38 0 0
38 10 12
28 4 4
96 24 47
72 9 16
52 12 9
103 52 73
96 72 47
24 0 0
24 1 2
24 0 0
24 0 0
96 24 47
72 9 16
52 12 9
103 52 73
96 72 47
31 30 2
16 15 2
4 4 0
10 10 0
197267 97437 65587
99830 1080 2036
98750 781 1474
97969 449 858
2280 570 1139
1710 1031 657
383 71 100
991 383 544
2280 1710 1139
24 6 11
18 2 2
15 1 1
30 15 19
24 18 11
223 0 0
6365 144 288
11521 6365 5388
5156 5077 157
334 115 112
334 146 151
334 115 142
334 252 70
334 210 137
124 8 12
116 18 30
98 0 0
98 10 18
115 20 32
95 0 0
95 3 5
92 0 0
146 0 0
146 18 24
128 4 8
124 2 4
115 31 33
84 4 6
80 9 12
71 0 0
9984 2496 4991
7488 1944 2263
3796 1022 1291
8318 3796 5065
9984 7488 4991
9984 2772 4781
9984 7488 4991
18460 4615 9229
13845 3643 4722
7078 1775 2430
15505 7078 9836
18460 13845 9229
4615 1843 809
34646 2496 4690
128604 32151 64301
96453 20319 27961
56542 11824 16702
120852 56542 78918
128604 96453 64301
128604 91467 48534
128604 96453 64301
32151 518 988
91467 41303 41864
50164 0 0
50164 10713 16052
39451 23643 20318
38574 7987 12334
38574 8681 13111
38574 7623 11775
38574 15808 9090
38574 29856 13575
8718 2386 2836
6332 1503 2326
4829 0 0
4829 934 1628
41303 33962 11437
44876 11219 22437
33657 12991 12617
13146 3093 4238
30719 13146 19646
44876 33657 22437
11219 3878 3304
5576 1394 2787
4182 1240 1708
1806 816 818
3932 1806 2536
5576 4182 2787
1394 876 1035
7623 1515 2327
6108 0 0
6108 703 1108
5405 139 248
8681 0 0
8681 2328 3332
6353 473 776
5880 255 468
7987 2676 3422
5311 875 1296
4436 568 934
3868 0 0
42249 6826 10946
42249 6102 10222
42249 7649 12348
42249 23643 8192
42249 33545 13545
8704 1995 2478
6709 1540 2278
5169 0 0
5169 879 1405
7649 2219 2845
5430 0 0
5430 1662 2237
3768 397 608
6102 0 0
6102 2113 2711
3989 865 1194
3124 758 1144
6826 1518 2279
5308 987 1440
4321 1485 2086
2836 0 0
11521 6358 5148
5163 1156 1190
4007 3992 28
1156 9 18
291442 191714 119382
99728 25416 38069
74312 70912 5342
25416 2530 3292
109268 89143 28896
89143 8971 14204
86145 27339 34858
58806 6380 9974
57401 11991 17817
45410 4153 6578
44611 6498 10110
38113 3645 5660
37331 4252 6906
33079 10404 12430
87764 10198 19798
77566 24701 35210
84418 65089 38657
10198 0 0
1774 784 626
11188 1774 2988
9414 990 1608
24701 12872 10194
33930 14692 12602
73803 26517 40296
71447 54565 33763
31574 22101 10220
9473 9473 0
26517 13244 18955
5172 2816 1809
15629 5172 7025
10457 2356 3847
8971 5973 3476
6380 4975 1960
4153 3354 1072
3645 2863 1048
234273 30153 60267
274792 208998 98538
65794 51225 15348
40519 36323 8047
51225 3569 6630
49515 41596 12508
38979 2719 4746
37619 32292 8590
32363 1893 3496
31527 27131 7128
28870 1593 2944
28068 24672 5565
26945 15970 11691
42548 4892 9147
37656 7039 10322
40878 9305 18609
4892 0 0
754 27 52
5619 754 1502
4865 727 1241
7039 3379 3340
6978 2001 2088
18535 7526 10916
17592 13558 8067
6035 3318 1856
2717 2717 0
7526 3681 5497
1401 458 430
4788 1401 2351
3387 943 1493
3569 1859 1699
2719 1359 1419
1893 1057 898
1593 791 759
32292 27036 8324
41596 31060 13768
27131 24474 4392
24672 23549 2018
34349 31053 6116
126 119 10
3635 43 78
3592 5 10
3587 1520 1536
2339 978 1054
1457 877 653
630 39 66
591 39 70
3509 332 604
1520 272 436
978 96 171
877 50 96
704 187 332
704 194 347
704 180 318
704 175 292
49101 22929 19408
49101 28813 20906
49101 31383 20580
49101 37193 16494
137396 39116 49804
137396 103047 68697
39116 30048 12044
9068 9068 0
9068 4693 4018
86268 44456 44276
86268 64701 43133
21567 12499 7186
9068 5430 3718
3638 420 733
3218 0 0
44456 40097 7102
4359 19 8
4340 2593 1945
2243 496 878
1747 1224 681
3116 3116 0
3570 454 506
3116 725 1046
2391 1141 1064
1250 667 527
583 583 0
454 454 0
14835 5767 5252
9068 2342 3271
6726 1835 2601
4891 2574 2334
2317 2317 0
5767 5767 0
444 444 0
444 227 333
217 217 0
444 0 0
444 227 333
444 444 0
444 227 333
217 0 0
217 217 0
35727 0 0
796 678 235
678 676 4
1591 0 0
100336 50201 49970
50135 0 0
50135 50135 0
88618 1859 3638
136894 118 236
136776 43618 52330
93158 44882 29370
50201 0 0
50201 0 0
137530 95 190
137435 43302 52268
94132 49073 30623
88456 87329 2222
1127 1 2
7008 62 123
8072 5 10
8067 3439 3734
4628 1064 1176
6993 71 141
8780 8 16
8772 3423 3729
5349 1787 1333
1859 1858 2
35727 860 1714
34867 34867 0
100335 135 136
100200 75150 50099
64150 24105 36566
40045 39100 1890
24105 0 0
34867 518 990
34349 12227 16590
51837 29715 28342
22122 882 1658
21240 0 0
50791 1690 2850
238217 43095 76393
195122 189116 12012
49101 33096 17944
50791 29551 28150
21240 10699 10169
10541 8723 2958
2463 0 0
2463 645 890
10541 10541 0
3 3 0
570 0 0
570 570 0
570 570 0
98343 59115 22494
98343 98120 445
223 0 0
246962 0 0
795 455 109
795 436 718
359 0 0
359 205 109
436 190 111
573 0 0
573 573 0
66995 0 0
67568 0 0
67568 13165 7270
67568 64055 4769
67568 66995 1145
572 0 0
572 359 425
213 93 105
9715 92 183
11076 9715 2306
1361 1360 2
359 154 109
18053 154 307
18053 15812 3892
24036 205 409
24036 21023 5198
14288 120 239
14288 12533 2980
3 3 0
3 3 0
3 3 0
355 3 5
355 3 5
352 297 94
352 342 20
3 3 0
392 3 5
392 0 0
392 16 30
376 24 40
352 24 35
328 0 0
3 0 0
3 0 0
3 0 0
223 0 0
223 223 0
2230 229 451
392 392 0
392 229 326
392 392 0
392 0 0
392 0 0
2230 2007 445
1335 0 0
1335 0 0
1335 0 0
1335 0 0
1335 901 779
434 0 0
434 0 0
434 0 0
434 434 0
434 0 0
434 268 332
166 166 0
434 434 0
434 0 0
434 268 332
166 166 0
901 0 0
901 901 0
901 0 0
901 901 0
901 0 0
901 0 0
901 0 0
901 0 0
901 898 6
3 0 0
3 0 0
3 0 0
3 3 0
901 0 0
901 229 458
672 0 0
672 0 0
672 0 0
672 672 0
901 0 0
901 9 6
901 901 0
901 901 0
901 0 0
901 0 0
901 0 0
901 901 0
901 0 0
901 901 0
1691 0 0
1691 901 452
790 749 75
41 41 0
41 0 0
1650 892 446
758 364 6
394 0 0
394 0 0
394 394 0
1355 0 0
892 446 445
446 0 0
892 669 445
1757 0 0
3013 916 1821
2097 0 0
2097 0 0
2097 1733 6
364 355 17
1761 4 6
1757 861 466
896 446 446
450 191 375
705 0 0
705 223 445
446 0 0
446 446 0
223 223 0
173 0 0
396 173 259
223 166 1
355 9 11
346 10 20
336 132 17
336 336 0
916 892 6
628 608 32
20 0 0
20 14 5
6 0 0
6 6 0
5622 0 0
6250 5622 1141
628 470 284
4 0 0
41 41 0
892 446 445
446 0 0
446 0 0
446 446 0
446 0 0
446 0 0
446 0 0
446 0 0
446 446 0
446 223 445
223 0 0
470 0 0
470 0 0
470 0 0
470 0 0
470 13 12
457 288 336
470 465 10
5 0 0
465 0 0
465 446 6
465 454 10
223 0 0
223 223 0
446 0 0
446 0 0
446 0 0
288 0 0
288 0 0
288 0 0
1691 0 0
1691 0 0
1691 1691 0
1691 0 0
1691 0 0
1691 1691 0
1691 0 0
1691 0 0
1691 0 0
1691 0 0
1335 0 0
1335 0 0
1335 0 0
1335 1335 0
2007 0 0
2007 0 0
2007 2007 0
2007 0 0
2007 0 0
2007 0 0
26314 24307 4013
1109 235 353
874 0 0
874 771 187
235 124 82
124 124 0
771 0 0
771 771 0
124 0 0
1832 1708 244
11552 10781 1541
1691 0 0
