Block 0x0: Count: 149301, Running Total: 149301
Block 0x1: Count: 246962, Running Total: 396263
Block 0x2: Count: 99728, Running Total: 495991
Block 0x3: Count: 274792, Running Total: 770783
Block 0x4: Count: 67568, Running Total: 838351
Block 0x5: Count: 197267, Running Total: 1035618
Block 0x6: Count: 291442, Running Total: 1327060
Block 0x7: Count: 100200, Running Total: 1427260
Block 0x8: Count: 128604, Running Total: 1555864
Block 0x9: Count: 137396, Running Total: 1693260
Block 0xa: Count: 100336, Running Total: 1793596
Block 0xb: Count: 128604, Running Total: 1922200
Block 0xc: Count: 238217, Running Total: 2160417
Block 0xd: Count: 100200, Running Total: 2260617
Block 0xe: Count: 149301, Running Total: 2409918
Block 0xf: Count: 109268, Running Total: 2519186
Block 0x10: Count: 66881, Running Total: 2586067
Block 0x11: Count: 34646, Running Total: 2620713
Block 0x12: Count: 49101, Running Total: 2669814
Block 0x13: Count: 32151, Running Total: 2701965
Load metaop: *mem-read-1
Load metaop: *mem-read-2
Load metaop: *mem-read-4
Load metaop: *mem-read-8
Load metaop: *mem-read-16
Store metaop: *mem-write-1
Store metaop: *mem-write-2
Store metaop: *mem-write-4
Store metaop: *mem-write-8
Store metaop: *mem-write-16
Xfer metaop: *category-DATAXFER
Unrecognized opcode CDQ, classifying as "other"
Unrecognized opcode CDQE, classifying as "other"
Unrecognized opcode CMOVL, classifying as "other"
Unrecognized opcode CMOVLE, classifying as "other"
Unrecognized opcode CMOVNB, classifying as "other"
Unrecognized opcode CMOVNLE, classifying as "other"
Unrecognized opcode CMOVNZ, classifying as "other"
Unrecognized opcode CMOVZ, classifying as "other"
Unrecognized opcode CMPXCHG, classifying as "other"
Unrecognized opcode LDDQU, classifying as "other"
Unrecognized opcode LEAVE, classifying as "other"
Unrecognized opcode NOP, classifying as "other"
Opcode REP_STOSQ has repeat prefix; discarding prefix
Unrecognized opcode SETNBE, classifying as "other"
Unrecognized opcode SETNLE, classifying as "other"
Unrecognized opcode SETNZ, classifying as "other"
Unrecognized opcode SETZ, classifying as "other"
Unrecognized opcode VADDSS, classifying as "other"
Unrecognized opcode VCVTSI2SS, classifying as "other"
Unrecognized opcode VCVTTSS2SI, classifying as "other"
Unrecognized opcode VDIVSS, classifying as "other"
Unrecognized opcode VMOVSS, classifying as "other"
Unrecognized opcode VSUBSS, classifying as "other"
Unrecognized opcode VUCOMISS, classifying as "other"
Unrecognized opcode VXORPS, classifying as "other"
Total metaop: *total

Done parsing file

"Other" ratio: 27.9550539794%
Sum category count: 142975950
Static BBL count: 20

# FINI: end of program
Dynamic Instruction Count = 100101494, Dyn BBL Count = 2701965
<DynInsCount> 100101494
<BBLCount> 2701965
<TotInsCount> 100101494
<IntCount> 39375371
<IntMulCount> 820078
<IntDivCount> 191353
<FPCount> 0
<FPMulCount> 0
<FPDivCount> 0
<LdCount> 25816201
<StCount> 9613642
<Br/CallCount> 16380481
<CondBrCount> 10809820
<OtherCount> 39969004
<SysCallCount> 0

# END_DYNAMIC_STATS


Saving to file ./pinball_out/t0r26/imix_new.out


