# Mix output version 2
# FINI: end of program
# EMIT_DYNAMIC_STATS FOR TID 1
# instructions = 100101494, basic blocks = 16393186
Local Byte Stride Bucket -256 is equal to 2006488
Local Byte Stride Bucket -255 is equal to 8
Local Byte Stride Bucket -254 is equal to 5488
Local Byte Stride Bucket -253 is equal to 9
Local Byte Stride Bucket -252 is equal to 21096
Local Byte Stride Bucket -251 is equal to 8
Local Byte Stride Bucket -250 is equal to 8018
Local Byte Stride Bucket -249 is equal to 3
Local Byte Stride Bucket -248 is equal to 15497
Local Byte Stride Bucket -246 is equal to 5563
Local Byte Stride Bucket -245 is equal to 6
Local Byte Stride Bucket -244 is equal to 14281
Local Byte Stride Bucket -243 is equal to 7
Local Byte Stride Bucket -242 is equal to 5336
Local Byte Stride Bucket -241 is equal to 2
Local Byte Stride Bucket -240 is equal to 12338
Local Byte Stride Bucket -239 is equal to 2
Local Byte Stride Bucket -238 is equal to 4756
Local Byte Stride Bucket -237 is equal to 2
Local Byte Stride Bucket -236 is equal to 9727
Local Byte Stride Bucket -235 is equal to 3
Local Byte Stride Bucket -234 is equal to 4838
Local Byte Stride Bucket -233 is equal to 1
Local Byte Stride Bucket -232 is equal to 10681
Local Byte Stride Bucket -231 is equal to 1
Local Byte Stride Bucket -230 is equal to 5720
Local Byte Stride Bucket -229 is equal to 1
Local Byte Stride Bucket -228 is equal to 10576
Local Byte Stride Bucket -227 is equal to 4
Local Byte Stride Bucket -226 is equal to 5180
Local Byte Stride Bucket -225 is equal to 45
Local Byte Stride Bucket -224 is equal to 72303
Local Byte Stride Bucket -223 is equal to 1
Local Byte Stride Bucket -222 is equal to 6068
Local Byte Stride Bucket -221 is equal to 2
Local Byte Stride Bucket -220 is equal to 9639
Local Byte Stride Bucket -219 is equal to 3
Local Byte Stride Bucket -218 is equal to 9367
Local Byte Stride Bucket -217 is equal to 2
Local Byte Stride Bucket -216 is equal to 12303
Local Byte Stride Bucket -214 is equal to 8459
Local Byte Stride Bucket -213 is equal to 2
Local Byte Stride Bucket -212 is equal to 11721
Local Byte Stride Bucket -210 is equal to 8084
Local Byte Stride Bucket -209 is equal to 6
Local Byte Stride Bucket -208 is equal to 9970
Local Byte Stride Bucket -207 is equal to 5
Local Byte Stride Bucket -206 is equal to 6417
Local Byte Stride Bucket -204 is equal to 11304
Local Byte Stride Bucket -203 is equal to 3
Local Byte Stride Bucket -202 is equal to 9355
Local Byte Stride Bucket -200 is equal to 10609
Local Byte Stride Bucket -198 is equal to 5704
Local Byte Stride Bucket -197 is equal to 2
Local Byte Stride Bucket -196 is equal to 25981
Local Byte Stride Bucket -195 is equal to 1
Local Byte Stride Bucket -194 is equal to 6581
Local Byte Stride Bucket -193 is equal to 12
Local Byte Stride Bucket -192 is equal to 17006
Local Byte Stride Bucket -191 is equal to 6
Local Byte Stride Bucket -190 is equal to 8954
Local Byte Stride Bucket -188 is equal to 9451
Local Byte Stride Bucket -187 is equal to 3
Local Byte Stride Bucket -186 is equal to 6205
Local Byte Stride Bucket -184 is equal to 21878
Local Byte Stride Bucket -183 is equal to 1
Local Byte Stride Bucket -182 is equal to 6453
Local Byte Stride Bucket -181 is equal to 2
Local Byte Stride Bucket -180 is equal to 13660
Local Byte Stride Bucket -179 is equal to 2
Local Byte Stride Bucket -178 is equal to 6313
Local Byte Stride Bucket -177 is equal to 23
Local Byte Stride Bucket -176 is equal to 16931
Local Byte Stride Bucket -175 is equal to 3
Local Byte Stride Bucket -174 is equal to 6573
Local Byte Stride Bucket -173 is equal to 1
Local Byte Stride Bucket -172 is equal to 24647
Local Byte Stride Bucket -171 is equal to 3
Local Byte Stride Bucket -170 is equal to 8944
Local Byte Stride Bucket -169 is equal to 1
Local Byte Stride Bucket -168 is equal to 36573
Local Byte Stride Bucket -167 is equal to 1
Local Byte Stride Bucket -166 is equal to 8453
Local Byte Stride Bucket -164 is equal to 23779
Local Byte Stride Bucket -162 is equal to 8873
Local Byte Stride Bucket -161 is equal to 1
Local Byte Stride Bucket -160 is equal to 82368
Local Byte Stride Bucket -159 is equal to 1
Local Byte Stride Bucket -158 is equal to 6145
Local Byte Stride Bucket -157 is equal to 2
Local Byte Stride Bucket -156 is equal to 11528
Local Byte Stride Bucket -155 is equal to 1
Local Byte Stride Bucket -154 is equal to 7325
Local Byte Stride Bucket -152 is equal to 11886
Local Byte Stride Bucket -151 is equal to 1
Local Byte Stride Bucket -150 is equal to 8052
Local Byte Stride Bucket -149 is equal to 1
Local Byte Stride Bucket -148 is equal to 11637
Local Byte Stride Bucket -147 is equal to 1
Local Byte Stride Bucket -146 is equal to 5925
Local Byte Stride Bucket -145 is equal to 1
Local Byte Stride Bucket -144 is equal to 13161
Local Byte Stride Bucket -142 is equal to 8953
Local Byte Stride Bucket -140 is equal to 11244
Local Byte Stride Bucket -139 is equal to 3
Local Byte Stride Bucket -138 is equal to 7215
Local Byte Stride Bucket -137 is equal to 2
Local Byte Stride Bucket -136 is equal to 11540
Local Byte Stride Bucket -135 is equal to 1
Local Byte Stride Bucket -134 is equal to 7934
Local Byte Stride Bucket -133 is equal to 7
Local Byte Stride Bucket -132 is equal to 13737
Local Byte Stride Bucket -131 is equal to 2
Local Byte Stride Bucket -130 is equal to 12329
Local Byte Stride Bucket -129 is equal to 6
Local Byte Stride Bucket -128 is equal to 201089
Local Byte Stride Bucket -127 is equal to 3
Local Byte Stride Bucket -126 is equal to 20625
Local Byte Stride Bucket -125 is equal to 1
Local Byte Stride Bucket -124 is equal to 19293
Local Byte Stride Bucket -123 is equal to 3
Local Byte Stride Bucket -122 is equal to 12776
Local Byte Stride Bucket -120 is equal to 17699
Local Byte Stride Bucket -118 is equal to 9333
Local Byte Stride Bucket -116 is equal to 10549
Local Byte Stride Bucket -115 is equal to 4
Local Byte Stride Bucket -114 is equal to 8418
Local Byte Stride Bucket -113 is equal to 1
Local Byte Stride Bucket -112 is equal to 9451
Local Byte Stride Bucket -111 is equal to 1
Local Byte Stride Bucket -110 is equal to 8172
Local Byte Stride Bucket -108 is equal to 21295
Local Byte Stride Bucket -106 is equal to 7302
Local Byte Stride Bucket -105 is equal to 2
Local Byte Stride Bucket -104 is equal to 10987
Local Byte Stride Bucket -103 is equal to 2
Local Byte Stride Bucket -102 is equal to 6950
Local Byte Stride Bucket -101 is equal to 1
Local Byte Stride Bucket -100 is equal to 11813
Local Byte Stride Bucket -98 is equal to 8424
Local Byte Stride Bucket -96 is equal to 19017
Local Byte Stride Bucket -95 is equal to 6
Local Byte Stride Bucket -94 is equal to 7907
Local Byte Stride Bucket -92 is equal to 26408
Local Byte Stride Bucket -91 is equal to 2
Local Byte Stride Bucket -90 is equal to 11481
Local Byte Stride Bucket -88 is equal to 210360
Local Byte Stride Bucket -87 is equal to 1
Local Byte Stride Bucket -86 is equal to 26723
Local Byte Stride Bucket -85 is equal to 6
Local Byte Stride Bucket -84 is equal to 96075
Local Byte Stride Bucket -83 is equal to 6
Local Byte Stride Bucket -82 is equal to 28988
Local Byte Stride Bucket -81 is equal to 9
Local Byte Stride Bucket -80 is equal to 57265
Local Byte Stride Bucket -79 is equal to 2
Local Byte Stride Bucket -78 is equal to 11662
Local Byte Stride Bucket -77 is equal to 5
Local Byte Stride Bucket -76 is equal to 29836
Local Byte Stride Bucket -75 is equal to 2
Local Byte Stride Bucket -74 is equal to 10912
Local Byte Stride Bucket -73 is equal to 2
Local Byte Stride Bucket -72 is equal to 18195
Local Byte Stride Bucket -71 is equal to 3
Local Byte Stride Bucket -70 is equal to 7561
Local Byte Stride Bucket -69 is equal to 10
Local Byte Stride Bucket -68 is equal to 12941
Local Byte Stride Bucket -67 is equal to 3
Local Byte Stride Bucket -66 is equal to 6601
Local Byte Stride Bucket -65 is equal to 9
Local Byte Stride Bucket -64 is equal to 572413
Local Byte Stride Bucket -63 is equal to 73
Local Byte Stride Bucket -62 is equal to 10615
Local Byte Stride Bucket -61 is equal to 2
Local Byte Stride Bucket -60 is equal to 14178
Local Byte Stride Bucket -59 is equal to 10
Local Byte Stride Bucket -58 is equal to 6972
Local Byte Stride Bucket -57 is equal to 7
Local Byte Stride Bucket -56 is equal to 14382
Local Byte Stride Bucket -55 is equal to 3
Local Byte Stride Bucket -54 is equal to 9502
Local Byte Stride Bucket -53 is equal to 3
Local Byte Stride Bucket -52 is equal to 13710
Local Byte Stride Bucket -51 is equal to 2
Local Byte Stride Bucket -50 is equal to 9450
Local Byte Stride Bucket -49 is equal to 6
Local Byte Stride Bucket -48 is equal to 22695
Local Byte Stride Bucket -47 is equal to 6
Local Byte Stride Bucket -46 is equal to 27279
Local Byte Stride Bucket -45 is equal to 4
Local Byte Stride Bucket -44 is equal to 225058
Local Byte Stride Bucket -43 is equal to 5
Local Byte Stride Bucket -42 is equal to 75985
Local Byte Stride Bucket -41 is equal to 2
Local Byte Stride Bucket -40 is equal to 54730
Local Byte Stride Bucket -39 is equal to 1
Local Byte Stride Bucket -38 is equal to 27898
Local Byte Stride Bucket -37 is equal to 3
Local Byte Stride Bucket -36 is equal to 19576
Local Byte Stride Bucket -35 is equal to 2
Local Byte Stride Bucket -34 is equal to 10604
Local Byte Stride Bucket -33 is equal to 5
Local Byte Stride Bucket -32 is equal to 159912
Local Byte Stride Bucket -31 is equal to 4
Local Byte Stride Bucket -30 is equal to 9067
Local Byte Stride Bucket -29 is equal to 34
Local Byte Stride Bucket -28 is equal to 64618
Local Byte Stride Bucket -27 is equal to 5
Local Byte Stride Bucket -26 is equal to 8214
Local Byte Stride Bucket -25 is equal to 2
Local Byte Stride Bucket -24 is equal to 107283
Local Byte Stride Bucket -23 is equal to 1
Local Byte Stride Bucket -22 is equal to 9748
Local Byte Stride Bucket -21 is equal to 3
Local Byte Stride Bucket -20 is equal to 25969
Local Byte Stride Bucket -19 is equal to 4
Local Byte Stride Bucket -18 is equal to 9942
Local Byte Stride Bucket -17 is equal to 11
Local Byte Stride Bucket -16 is equal to 50146
Local Byte Stride Bucket -15 is equal to 21
Local Byte Stride Bucket -14 is equal to 8088
Local Byte Stride Bucket -13 is equal to 3
Local Byte Stride Bucket -12 is equal to 269119
Local Byte Stride Bucket -11 is equal to 6
Local Byte Stride Bucket -10 is equal to 14754
Local Byte Stride Bucket -9 is equal to 8
Local Byte Stride Bucket -8 is equal to 185045
Local Byte Stride Bucket -7 is equal to 15
Local Byte Stride Bucket -6 is equal to 20437
Local Byte Stride Bucket -5 is equal to 66
Local Byte Stride Bucket -4 is equal to 360996
Local Byte Stride Bucket -3 is equal to 8
Local Byte Stride Bucket -2 is equal to 186621
Local Byte Stride Bucket -1 is equal to 35
Local Byte Stride Bucket 0 is equal to 21092725
Local Byte Stride Bucket 1 is equal to 35
Local Byte Stride Bucket 2 is equal to 236559
Local Byte Stride Bucket 3 is equal to 6
Local Byte Stride Bucket 4 is equal to 1795724
Local Byte Stride Bucket 5 is equal to 6
Local Byte Stride Bucket 6 is equal to 17079
Local Byte Stride Bucket 7 is equal to 12
Local Byte Stride Bucket 8 is equal to 418804
Local Byte Stride Bucket 9 is equal to 5
Local Byte Stride Bucket 10 is equal to 13742
Local Byte Stride Bucket 11 is equal to 6
Local Byte Stride Bucket 12 is equal to 47575
Local Byte Stride Bucket 13 is equal to 5
Local Byte Stride Bucket 14 is equal to 8111
Local Byte Stride Bucket 15 is equal to 19
Local Byte Stride Bucket 16 is equal to 30361
Local Byte Stride Bucket 17 is equal to 5
Local Byte Stride Bucket 18 is equal to 9561
Local Byte Stride Bucket 19 is equal to 5
Local Byte Stride Bucket 20 is equal to 19070
Local Byte Stride Bucket 21 is equal to 6
Local Byte Stride Bucket 22 is equal to 9881
Local Byte Stride Bucket 23 is equal to 1
Local Byte Stride Bucket 24 is equal to 45599
Local Byte Stride Bucket 25 is equal to 4
Local Byte Stride Bucket 26 is equal to 7949
Local Byte Stride Bucket 27 is equal to 4
Local Byte Stride Bucket 28 is equal to 19944
Local Byte Stride Bucket 29 is equal to 3
Local Byte Stride Bucket 30 is equal to 9195
Local Byte Stride Bucket 31 is equal to 7
Local Byte Stride Bucket 32 is equal to 18562
Local Byte Stride Bucket 33 is equal to 1
Local Byte Stride Bucket 34 is equal to 11991
Local Byte Stride Bucket 35 is equal to 1
Local Byte Stride Bucket 36 is equal to 18871
Local Byte Stride Bucket 37 is equal to 3
Local Byte Stride Bucket 38 is equal to 57189
Local Byte Stride Bucket 39 is equal to 1
Local Byte Stride Bucket 40 is equal to 240925
Local Byte Stride Bucket 41 is equal to 2
Local Byte Stride Bucket 42 is equal to 87686
Local Byte Stride Bucket 43 is equal to 6
Local Byte Stride Bucket 44 is equal to 252866
Local Byte Stride Bucket 45 is equal to 1
Local Byte Stride Bucket 46 is equal to 37714
Local Byte Stride Bucket 47 is equal to 9
Local Byte Stride Bucket 48 is equal to 22854
Local Byte Stride Bucket 50 is equal to 9201
Local Byte Stride Bucket 51 is equal to 8
Local Byte Stride Bucket 52 is equal to 13755
Local Byte Stride Bucket 53 is equal to 5
Local Byte Stride Bucket 54 is equal to 9790
Local Byte Stride Bucket 55 is equal to 4
Local Byte Stride Bucket 56 is equal to 14589
Local Byte Stride Bucket 57 is equal to 1
Local Byte Stride Bucket 58 is equal to 7385
Local Byte Stride Bucket 59 is equal to 22
Local Byte Stride Bucket 60 is equal to 14179
Local Byte Stride Bucket 61 is equal to 9
Local Byte Stride Bucket 62 is equal to 10246
Local Byte Stride Bucket 63 is equal to 14
Local Byte Stride Bucket 64 is equal to 416835
Local Byte Stride Bucket 65 is equal to 18
Local Byte Stride Bucket 66 is equal to 6439
Local Byte Stride Bucket 67 is equal to 3
Local Byte Stride Bucket 68 is equal to 12758
Local Byte Stride Bucket 69 is equal to 5
Local Byte Stride Bucket 70 is equal to 8405
Local Byte Stride Bucket 71 is equal to 3
Local Byte Stride Bucket 72 is equal to 18240
Local Byte Stride Bucket 73 is equal to 1
Local Byte Stride Bucket 74 is equal to 12234
Local Byte Stride Bucket 75 is equal to 7
Local Byte Stride Bucket 76 is equal to 128796
Local Byte Stride Bucket 77 is equal to 6
Local Byte Stride Bucket 78 is equal to 12233
Local Byte Stride Bucket 79 is equal to 2
Local Byte Stride Bucket 80 is equal to 219079
Local Byte Stride Bucket 81 is equal to 13
Local Byte Stride Bucket 82 is equal to 35343
Local Byte Stride Bucket 83 is equal to 3
Local Byte Stride Bucket 84 is equal to 224228
Local Byte Stride Bucket 85 is equal to 8
Local Byte Stride Bucket 86 is equal to 36722
Local Byte Stride Bucket 87 is equal to 1
Local Byte Stride Bucket 88 is equal to 215458
Local Byte Stride Bucket 89 is equal to 1
Local Byte Stride Bucket 90 is equal to 11298
Local Byte Stride Bucket 91 is equal to 1
Local Byte Stride Bucket 92 is equal to 37035
Local Byte Stride Bucket 93 is equal to 1
Local Byte Stride Bucket 94 is equal to 8306
Local Byte Stride Bucket 95 is equal to 1
Local Byte Stride Bucket 96 is equal to 17347
Local Byte Stride Bucket 97 is equal to 1
Local Byte Stride Bucket 98 is equal to 8477
Local Byte Stride Bucket 100 is equal to 11050
Local Byte Stride Bucket 101 is equal to 1
Local Byte Stride Bucket 102 is equal to 6823
Local Byte Stride Bucket 103 is equal to 2
Local Byte Stride Bucket 104 is equal to 11206
Local Byte Stride Bucket 105 is equal to 1
Local Byte Stride Bucket 106 is equal to 7349
Local Byte Stride Bucket 107 is equal to 4
Local Byte Stride Bucket 108 is equal to 21439
Local Byte Stride Bucket 110 is equal to 8591
Local Byte Stride Bucket 112 is equal to 10486
Local Byte Stride Bucket 113 is equal to 2
Local Byte Stride Bucket 114 is equal to 8421
Local Byte Stride Bucket 115 is equal to 2
Local Byte Stride Bucket 116 is equal to 10724
Local Byte Stride Bucket 118 is equal to 9491
Local Byte Stride Bucket 119 is equal to 2
Local Byte Stride Bucket 120 is equal to 17737
Local Byte Stride Bucket 121 is equal to 1
Local Byte Stride Bucket 122 is equal to 11611
Local Byte Stride Bucket 123 is equal to 1
Local Byte Stride Bucket 124 is equal to 17828
Local Byte Stride Bucket 125 is equal to 2
Local Byte Stride Bucket 126 is equal to 18666
Local Byte Stride Bucket 127 is equal to 5
Local Byte Stride Bucket 128 is equal to 56146
Local Byte Stride Bucket 129 is equal to 7
Local Byte Stride Bucket 130 is equal to 11011
Local Byte Stride Bucket 131 is equal to 1
Local Byte Stride Bucket 132 is equal to 14184
Local Byte Stride Bucket 133 is equal to 1
Local Byte Stride Bucket 134 is equal to 7654
Local Byte Stride Bucket 136 is equal to 11760
Local Byte Stride Bucket 137 is equal to 2
Local Byte Stride Bucket 138 is equal to 7169
Local Byte Stride Bucket 139 is equal to 2
Local Byte Stride Bucket 140 is equal to 12012
Local Byte Stride Bucket 142 is equal to 8841
Local Byte Stride Bucket 143 is equal to 1
Local Byte Stride Bucket 144 is equal to 12594
Local Byte Stride Bucket 145 is equal to 1
Local Byte Stride Bucket 146 is equal to 6007
Local Byte Stride Bucket 148 is equal to 11684
Local Byte Stride Bucket 149 is equal to 1
Local Byte Stride Bucket 150 is equal to 8193
Local Byte Stride Bucket 152 is equal to 11652
Local Byte Stride Bucket 154 is equal to 7494
Local Byte Stride Bucket 155 is equal to 2
Local Byte Stride Bucket 156 is equal to 10894
Local Byte Stride Bucket 157 is equal to 1
Local Byte Stride Bucket 158 is equal to 6079
Local Byte Stride Bucket 159 is equal to 2
Local Byte Stride Bucket 160 is equal to 86818
Local Byte Stride Bucket 161 is equal to 1
Local Byte Stride Bucket 162 is equal to 9035
Local Byte Stride Bucket 163 is equal to 1
Local Byte Stride Bucket 164 is equal to 27819
Local Byte Stride Bucket 165 is equal to 4
Local Byte Stride Bucket 166 is equal to 7719
Local Byte Stride Bucket 167 is equal to 1
Local Byte Stride Bucket 168 is equal to 49263
Local Byte Stride Bucket 170 is equal to 9362
Local Byte Stride Bucket 171 is equal to 1
Local Byte Stride Bucket 172 is equal to 31038
Local Byte Stride Bucket 174 is equal to 6375
Local Byte Stride Bucket 175 is equal to 1
Local Byte Stride Bucket 176 is equal to 19391
Local Byte Stride Bucket 177 is equal to 22
Local Byte Stride Bucket 178 is equal to 6604
Local Byte Stride Bucket 180 is equal to 12322
Local Byte Stride Bucket 181 is equal to 1
Local Byte Stride Bucket 182 is equal to 6364
Local Byte Stride Bucket 183 is equal to 1
Local Byte Stride Bucket 184 is equal to 21184
Local Byte Stride Bucket 186 is equal to 5791
Local Byte Stride Bucket 188 is equal to 9443
Local Byte Stride Bucket 189 is equal to 1
Local Byte Stride Bucket 190 is equal to 8989
Local Byte Stride Bucket 191 is equal to 9
Local Byte Stride Bucket 192 is equal to 10809
Local Byte Stride Bucket 193 is equal to 6
Local Byte Stride Bucket 194 is equal to 6788
Local Byte Stride Bucket 195 is equal to 1
Local Byte Stride Bucket 196 is equal to 27280
Local Byte Stride Bucket 197 is equal to 2
Local Byte Stride Bucket 198 is equal to 5210
Local Byte Stride Bucket 199 is equal to 2
Local Byte Stride Bucket 200 is equal to 10277
Local Byte Stride Bucket 201 is equal to 2
Local Byte Stride Bucket 202 is equal to 9048
Local Byte Stride Bucket 203 is equal to 3
Local Byte Stride Bucket 204 is equal to 10974
Local Byte Stride Bucket 206 is equal to 6227
Local Byte Stride Bucket 207 is equal to 5
Local Byte Stride Bucket 208 is equal to 10058
Local Byte Stride Bucket 209 is equal to 4
Local Byte Stride Bucket 210 is equal to 8876
Local Byte Stride Bucket 212 is equal to 11147
Local Byte Stride Bucket 213 is equal to 1
Local Byte Stride Bucket 214 is equal to 9151
Local Byte Stride Bucket 216 is equal to 12115
Local Byte Stride Bucket 217 is equal to 1
Local Byte Stride Bucket 218 is equal to 9422
Local Byte Stride Bucket 219 is equal to 5
Local Byte Stride Bucket 220 is equal to 9639
Local Byte Stride Bucket 221 is equal to 2
Local Byte Stride Bucket 222 is equal to 7038
Local Byte Stride Bucket 223 is equal to 2
Local Byte Stride Bucket 224 is equal to 58579
Local Byte Stride Bucket 225 is equal to 39
Local Byte Stride Bucket 226 is equal to 4982
Local Byte Stride Bucket 227 is equal to 2
Local Byte Stride Bucket 228 is equal to 10058
Local Byte Stride Bucket 229 is equal to 1
Local Byte Stride Bucket 230 is equal to 5808
Local Byte Stride Bucket 231 is equal to 2
Local Byte Stride Bucket 232 is equal to 10694
Local Byte Stride Bucket 233 is equal to 1
Local Byte Stride Bucket 234 is equal to 4747
Local Byte Stride Bucket 235 is equal to 10
Local Byte Stride Bucket 236 is equal to 9295
Local Byte Stride Bucket 237 is equal to 6
Local Byte Stride Bucket 238 is equal to 4393
Local Byte Stride Bucket 239 is equal to 2
Local Byte Stride Bucket 240 is equal to 14038
Local Byte Stride Bucket 241 is equal to 3
Local Byte Stride Bucket 242 is equal to 5134
Local Byte Stride Bucket 243 is equal to 1
Local Byte Stride Bucket 244 is equal to 13284
Local Byte Stride Bucket 245 is equal to 9
Local Byte Stride Bucket 246 is equal to 5466
Local Byte Stride Bucket 247 is equal to 5
Local Byte Stride Bucket 248 is equal to 13760
Local Byte Stride Bucket 249 is equal to 3
Local Byte Stride Bucket 250 is equal to 7019
Local Byte Stride Bucket 251 is equal to 11
Local Byte Stride Bucket 252 is equal to 20448
Local Byte Stride Bucket 253 is equal to 8
Local Byte Stride Bucket 254 is equal to 5606
Local Byte Stride Bucket 255 is equal to 9
Local Byte Stride Bucket 256 is equal to 1941649

Local Cache Stride Bucket -256 is equal to 172558
Local Cache Stride Bucket -255 is equal to 94
Local Cache Stride Bucket -254 is equal to 71
Local Cache Stride Bucket -253 is equal to 136
Local Cache Stride Bucket -252 is equal to 199
Local Cache Stride Bucket -251 is equal to 65
Local Cache Stride Bucket -250 is equal to 47
Local Cache Stride Bucket -249 is equal to 43
Local Cache Stride Bucket -248 is equal to 74
Local Cache Stride Bucket -247 is equal to 33
Local Cache Stride Bucket -246 is equal to 46
Local Cache Stride Bucket -245 is equal to 44
Local Cache Stride Bucket -244 is equal to 71
Local Cache Stride Bucket -243 is equal to 51
Local Cache Stride Bucket -242 is equal to 38
Local Cache Stride Bucket -241 is equal to 68
Local Cache Stride Bucket -240 is equal to 95
Local Cache Stride Bucket -239 is equal to 56
Local Cache Stride Bucket -238 is equal to 61
Local Cache Stride Bucket -237 is equal to 87
Local Cache Stride Bucket -236 is equal to 110
Local Cache Stride Bucket -235 is equal to 94
Local Cache Stride Bucket -234 is equal to 131
Local Cache Stride Bucket -233 is equal to 43
Local Cache Stride Bucket -232 is equal to 45
Local Cache Stride Bucket -231 is equal to 32
Local Cache Stride Bucket -230 is equal to 42
Local Cache Stride Bucket -229 is equal to 31
Local Cache Stride Bucket -228 is equal to 27
Local Cache Stride Bucket -227 is equal to 17
Local Cache Stride Bucket -226 is equal to 53
Local Cache Stride Bucket -225 is equal to 48
Local Cache Stride Bucket -224 is equal to 56
Local Cache Stride Bucket -223 is equal to 20
Local Cache Stride Bucket -222 is equal to 57
Local Cache Stride Bucket -221 is equal to 40
Local Cache Stride Bucket -220 is equal to 45
Local Cache Stride Bucket -219 is equal to 25
Local Cache Stride Bucket -218 is equal to 37
Local Cache Stride Bucket -217 is equal to 61
Local Cache Stride Bucket -216 is equal to 41
Local Cache Stride Bucket -215 is equal to 42
Local Cache Stride Bucket -214 is equal to 31
Local Cache Stride Bucket -213 is equal to 61
Local Cache Stride Bucket -212 is equal to 62
Local Cache Stride Bucket -211 is equal to 98
Local Cache Stride Bucket -210 is equal to 43
Local Cache Stride Bucket -209 is equal to 144
Local Cache Stride Bucket -208 is equal to 46
Local Cache Stride Bucket -207 is equal to 31
Local Cache Stride Bucket -206 is equal to 24
Local Cache Stride Bucket -205 is equal to 80
Local Cache Stride Bucket -204 is equal to 36
Local Cache Stride Bucket -203 is equal to 41
Local Cache Stride Bucket -202 is equal to 125
Local Cache Stride Bucket -201 is equal to 91
Local Cache Stride Bucket -200 is equal to 27
Local Cache Stride Bucket -199 is equal to 48
Local Cache Stride Bucket -198 is equal to 16
Local Cache Stride Bucket -197 is equal to 33
Local Cache Stride Bucket -196 is equal to 81
Local Cache Stride Bucket -195 is equal to 41
Local Cache Stride Bucket -194 is equal to 23
Local Cache Stride Bucket -193 is equal to 114
Local Cache Stride Bucket -192 is equal to 103
Local Cache Stride Bucket -191 is equal to 40
Local Cache Stride Bucket -190 is equal to 25
Local Cache Stride Bucket -189 is equal to 32
Local Cache Stride Bucket -188 is equal to 68
Local Cache Stride Bucket -187 is equal to 39
Local Cache Stride Bucket -186 is equal to 20
Local Cache Stride Bucket -185 is equal to 28
Local Cache Stride Bucket -184 is equal to 29
Local Cache Stride Bucket -183 is equal to 38
Local Cache Stride Bucket -182 is equal to 19
Local Cache Stride Bucket -181 is equal to 31
Local Cache Stride Bucket -180 is equal to 43
Local Cache Stride Bucket -179 is equal to 53
Local Cache Stride Bucket -178 is equal to 32
Local Cache Stride Bucket -177 is equal to 42
Local Cache Stride Bucket -176 is equal to 75
Local Cache Stride Bucket -175 is equal to 61
Local Cache Stride Bucket -174 is equal to 50
Local Cache Stride Bucket -173 is equal to 58
Local Cache Stride Bucket -172 is equal to 109
Local Cache Stride Bucket -171 is equal to 72
Local Cache Stride Bucket -170 is equal to 18
Local Cache Stride Bucket -169 is equal to 34
Local Cache Stride Bucket -168 is equal to 29
Local Cache Stride Bucket -167 is equal to 27
Local Cache Stride Bucket -166 is equal to 23
Local Cache Stride Bucket -165 is equal to 19
Local Cache Stride Bucket -164 is equal to 39
Local Cache Stride Bucket -163 is equal to 21
Local Cache Stride Bucket -162 is equal to 38
Local Cache Stride Bucket -161 is equal to 26
Local Cache Stride Bucket -160 is equal to 43
Local Cache Stride Bucket -159 is equal to 28
Local Cache Stride Bucket -158 is equal to 61
Local Cache Stride Bucket -157 is equal to 42
Local Cache Stride Bucket -156 is equal to 29
Local Cache Stride Bucket -155 is equal to 18
Local Cache Stride Bucket -154 is equal to 30
Local Cache Stride Bucket -153 is equal to 22
Local Cache Stride Bucket -152 is equal to 69
Local Cache Stride Bucket -151 is equal to 30
Local Cache Stride Bucket -150 is equal to 283
Local Cache Stride Bucket -149 is equal to 333
Local Cache Stride Bucket -148 is equal to 26
Local Cache Stride Bucket -147 is equal to 44
Local Cache Stride Bucket -146 is equal to 44
Local Cache Stride Bucket -145 is equal to 87
Local Cache Stride Bucket -144 is equal to 52
Local Cache Stride Bucket -143 is equal to 47
Local Cache Stride Bucket -142 is equal to 19
Local Cache Stride Bucket -141 is equal to 34
Local Cache Stride Bucket -140 is equal to 55
Local Cache Stride Bucket -139 is equal to 30
Local Cache Stride Bucket -138 is equal to 10
Local Cache Stride Bucket -137 is equal to 45
Local Cache Stride Bucket -136 is equal to 36
Local Cache Stride Bucket -135 is equal to 24
Local Cache Stride Bucket -134 is equal to 29
Local Cache Stride Bucket -133 is equal to 15
Local Cache Stride Bucket -132 is equal to 99
Local Cache Stride Bucket -131 is equal to 24
Local Cache Stride Bucket -130 is equal to 59
Local Cache Stride Bucket -129 is equal to 1865
Local Cache Stride Bucket -128 is equal to 1940
Local Cache Stride Bucket -127 is equal to 55
Local Cache Stride Bucket -126 is equal to 58
Local Cache Stride Bucket -125 is equal to 13
Local Cache Stride Bucket -124 is equal to 46
Local Cache Stride Bucket -123 is equal to 26
Local Cache Stride Bucket -122 is equal to 41
Local Cache Stride Bucket -121 is equal to 25
Local Cache Stride Bucket -120 is equal to 69
Local Cache Stride Bucket -119 is equal to 33
Local Cache Stride Bucket -118 is equal to 472
Local Cache Stride Bucket -117 is equal to 1360
Local Cache Stride Bucket -116 is equal to 8
Local Cache Stride Bucket -115 is equal to 30
Local Cache Stride Bucket -114 is equal to 37
Local Cache Stride Bucket -113 is equal to 56
Local Cache Stride Bucket -112 is equal to 53
Local Cache Stride Bucket -111 is equal to 41
Local Cache Stride Bucket -110 is equal to 442
Local Cache Stride Bucket -109 is equal to 55
Local Cache Stride Bucket -108 is equal to 58
Local Cache Stride Bucket -107 is equal to 52
Local Cache Stride Bucket -106 is equal to 35
Local Cache Stride Bucket -105 is equal to 30
Local Cache Stride Bucket -104 is equal to 31
Local Cache Stride Bucket -103 is equal to 27
Local Cache Stride Bucket -102 is equal to 34
Local Cache Stride Bucket -101 is equal to 33
Local Cache Stride Bucket -100 is equal to 54
Local Cache Stride Bucket -99 is equal to 36
Local Cache Stride Bucket -98 is equal to 105
Local Cache Stride Bucket -97 is equal to 40
Local Cache Stride Bucket -96 is equal to 81
Local Cache Stride Bucket -95 is equal to 58
Local Cache Stride Bucket -94 is equal to 76
Local Cache Stride Bucket -93 is equal to 12
Local Cache Stride Bucket -92 is equal to 50
Local Cache Stride Bucket -91 is equal to 34
Local Cache Stride Bucket -90 is equal to 89
Local Cache Stride Bucket -89 is equal to 42
Local Cache Stride Bucket -88 is equal to 71
Local Cache Stride Bucket -87 is equal to 57
Local Cache Stride Bucket -86 is equal to 52
Local Cache Stride Bucket -85 is equal to 101
Local Cache Stride Bucket -84 is equal to 87
Local Cache Stride Bucket -83 is equal to 64
Local Cache Stride Bucket -82 is equal to 79
Local Cache Stride Bucket -81 is equal to 131
Local Cache Stride Bucket -80 is equal to 130
Local Cache Stride Bucket -79 is equal to 92
Local Cache Stride Bucket -78 is equal to 57
Local Cache Stride Bucket -77 is equal to 97
Local Cache Stride Bucket -76 is equal to 116
Local Cache Stride Bucket -75 is equal to 50
Local Cache Stride Bucket -74 is equal to 51
Local Cache Stride Bucket -73 is equal to 43
Local Cache Stride Bucket -72 is equal to 38
Local Cache Stride Bucket -71 is equal to 52
Local Cache Stride Bucket -70 is equal to 37
Local Cache Stride Bucket -69 is equal to 77
Local Cache Stride Bucket -68 is equal to 94
Local Cache Stride Bucket -67 is equal to 48
Local Cache Stride Bucket -66 is equal to 47
Local Cache Stride Bucket -65 is equal to 106
Local Cache Stride Bucket -64 is equal to 278
Local Cache Stride Bucket -63 is equal to 106
Local Cache Stride Bucket -62 is equal to 50
Local Cache Stride Bucket -61 is equal to 55
Local Cache Stride Bucket -60 is equal to 148
Local Cache Stride Bucket -59 is equal to 34
Local Cache Stride Bucket -58 is equal to 27
Local Cache Stride Bucket -57 is equal to 62
Local Cache Stride Bucket -56 is equal to 27
Local Cache Stride Bucket -55 is equal to 38
Local Cache Stride Bucket -54 is equal to 43
Local Cache Stride Bucket -53 is equal to 64
Local Cache Stride Bucket -52 is equal to 57
Local Cache Stride Bucket -51 is equal to 78
Local Cache Stride Bucket -50 is equal to 82
Local Cache Stride Bucket -49 is equal to 91
Local Cache Stride Bucket -48 is equal to 100
Local Cache Stride Bucket -47 is equal to 73
Local Cache Stride Bucket -46 is equal to 78
Local Cache Stride Bucket -45 is equal to 110
Local Cache Stride Bucket -44 is equal to 163
Local Cache Stride Bucket -43 is equal to 57
Local Cache Stride Bucket -42 is equal to 58
Local Cache Stride Bucket -41 is equal to 43
Local Cache Stride Bucket -40 is equal to 53
Local Cache Stride Bucket -39 is equal to 46
Local Cache Stride Bucket -38 is equal to 69
Local Cache Stride Bucket -37 is equal to 45
Local Cache Stride Bucket -36 is equal to 79
Local Cache Stride Bucket -35 is equal to 73
Local Cache Stride Bucket -34 is equal to 137
Local Cache Stride Bucket -33 is equal to 56
Local Cache Stride Bucket -32 is equal to 173
Local Cache Stride Bucket -31 is equal to 171
Local Cache Stride Bucket -30 is equal to 142
Local Cache Stride Bucket -29 is equal to 89
Local Cache Stride Bucket -28 is equal to 619
Local Cache Stride Bucket -27 is equal to 120
Local Cache Stride Bucket -26 is equal to 345
Local Cache Stride Bucket -25 is equal to 2203
Local Cache Stride Bucket -24 is equal to 8966
Local Cache Stride Bucket -23 is equal to 11318
Local Cache Stride Bucket -22 is equal to 11151
Local Cache Stride Bucket -21 is equal to 14356
Local Cache Stride Bucket -20 is equal to 18742
Local Cache Stride Bucket -19 is equal to 19643
Local Cache Stride Bucket -18 is equal to 26033
Local Cache Stride Bucket -17 is equal to 28360
Local Cache Stride Bucket -16 is equal to 29316
Local Cache Stride Bucket -15 is equal to 34831
Local Cache Stride Bucket -14 is equal to 37233
Local Cache Stride Bucket -13 is equal to 57444
Local Cache Stride Bucket -12 is equal to 72107
Local Cache Stride Bucket -11 is equal to 117769
Local Cache Stride Bucket -10 is equal to 124823
Local Cache Stride Bucket -9 is equal to 141282
Local Cache Stride Bucket -8 is equal to 185961
Local Cache Stride Bucket -7 is equal to 222007
Local Cache Stride Bucket -6 is equal to 231973
Local Cache Stride Bucket -5 is equal to 274247
Local Cache Stride Bucket -4 is equal to 329337
Local Cache Stride Bucket -3 is equal to 426231
Local Cache Stride Bucket -2 is equal to 738200
Local Cache Stride Bucket -1 is equal to 1804045
Local Cache Stride Bucket 0 is equal to 24928177
Local Cache Stride Bucket 1 is equal to 2076271
Local Cache Stride Bucket 2 is equal to 713269
Local Cache Stride Bucket 3 is equal to 431857
Local Cache Stride Bucket 4 is equal to 305746
Local Cache Stride Bucket 5 is equal to 266027
Local Cache Stride Bucket 6 is equal to 227350
Local Cache Stride Bucket 7 is equal to 220396
Local Cache Stride Bucket 8 is equal to 180414
Local Cache Stride Bucket 9 is equal to 133403
Local Cache Stride Bucket 10 is equal to 116743
Local Cache Stride Bucket 11 is equal to 114173
Local Cache Stride Bucket 12 is equal to 66037
Local Cache Stride Bucket 13 is equal to 56075
Local Cache Stride Bucket 14 is equal to 51003
Local Cache Stride Bucket 15 is equal to 32876
Local Cache Stride Bucket 16 is equal to 29892
Local Cache Stride Bucket 17 is equal to 25535
Local Cache Stride Bucket 18 is equal to 22287
Local Cache Stride Bucket 19 is equal to 22365
Local Cache Stride Bucket 20 is equal to 15249
Local Cache Stride Bucket 21 is equal to 12857
Local Cache Stride Bucket 22 is equal to 12214
Local Cache Stride Bucket 23 is equal to 10723
Local Cache Stride Bucket 24 is equal to 4909
Local Cache Stride Bucket 25 is equal to 1026
Local Cache Stride Bucket 26 is equal to 50
Local Cache Stride Bucket 27 is equal to 1385
Local Cache Stride Bucket 28 is equal to 2275
Local Cache Stride Bucket 29 is equal to 76
Local Cache Stride Bucket 30 is equal to 380
Local Cache Stride Bucket 31 is equal to 2126
Local Cache Stride Bucket 32 is equal to 78
Local Cache Stride Bucket 33 is equal to 57
Local Cache Stride Bucket 34 is equal to 92
Local Cache Stride Bucket 35 is equal to 58
Local Cache Stride Bucket 36 is equal to 39
Local Cache Stride Bucket 37 is equal to 37
Local Cache Stride Bucket 38 is equal to 332
Local Cache Stride Bucket 39 is equal to 47
Local Cache Stride Bucket 40 is equal to 87
Local Cache Stride Bucket 41 is equal to 26
Local Cache Stride Bucket 42 is equal to 58
Local Cache Stride Bucket 43 is equal to 38
Local Cache Stride Bucket 44 is equal to 105
Local Cache Stride Bucket 45 is equal to 148
Local Cache Stride Bucket 46 is equal to 61
Local Cache Stride Bucket 47 is equal to 121
Local Cache Stride Bucket 48 is equal to 80
Local Cache Stride Bucket 49 is equal to 82
Local Cache Stride Bucket 50 is equal to 92
Local Cache Stride Bucket 51 is equal to 99
Local Cache Stride Bucket 52 is equal to 42
Local Cache Stride Bucket 53 is equal to 63
Local Cache Stride Bucket 54 is equal to 46
Local Cache Stride Bucket 55 is equal to 38
Local Cache Stride Bucket 56 is equal to 33
Local Cache Stride Bucket 57 is equal to 113
Local Cache Stride Bucket 58 is equal to 27
Local Cache Stride Bucket 59 is equal to 35
Local Cache Stride Bucket 60 is equal to 101
Local Cache Stride Bucket 61 is equal to 85
Local Cache Stride Bucket 62 is equal to 19
Local Cache Stride Bucket 63 is equal to 112
Local Cache Stride Bucket 64 is equal to 230
Local Cache Stride Bucket 65 is equal to 106
Local Cache Stride Bucket 66 is equal to 66
Local Cache Stride Bucket 67 is equal to 52
Local Cache Stride Bucket 68 is equal to 71
Local Cache Stride Bucket 69 is equal to 70
Local Cache Stride Bucket 70 is equal to 50
Local Cache Stride Bucket 71 is equal to 33
Local Cache Stride Bucket 72 is equal to 99
Local Cache Stride Bucket 73 is equal to 56
Local Cache Stride Bucket 74 is equal to 51
Local Cache Stride Bucket 75 is equal to 53
Local Cache Stride Bucket 76 is equal to 51
Local Cache Stride Bucket 77 is equal to 77
Local Cache Stride Bucket 78 is equal to 77
Local Cache Stride Bucket 79 is equal to 84
Local Cache Stride Bucket 80 is equal to 158
Local Cache Stride Bucket 81 is equal to 148
Local Cache Stride Bucket 82 is equal to 92
Local Cache Stride Bucket 83 is equal to 70
Local Cache Stride Bucket 84 is equal to 100
Local Cache Stride Bucket 85 is equal to 88
Local Cache Stride Bucket 86 is equal to 279
Local Cache Stride Bucket 87 is equal to 45
Local Cache Stride Bucket 88 is equal to 57
Local Cache Stride Bucket 89 is equal to 30
Local Cache Stride Bucket 90 is equal to 64
Local Cache Stride Bucket 91 is equal to 47
Local Cache Stride Bucket 92 is equal to 66
Local Cache Stride Bucket 93 is equal to 26
Local Cache Stride Bucket 94 is equal to 58
Local Cache Stride Bucket 95 is equal to 1840
Local Cache Stride Bucket 96 is equal to 75
Local Cache Stride Bucket 97 is equal to 57
Local Cache Stride Bucket 98 is equal to 60
Local Cache Stride Bucket 99 is equal to 30
Local Cache Stride Bucket 100 is equal to 38
Local Cache Stride Bucket 101 is equal to 51
Local Cache Stride Bucket 102 is equal to 42
Local Cache Stride Bucket 103 is equal to 23
Local Cache Stride Bucket 104 is equal to 54
Local Cache Stride Bucket 105 is equal to 17
Local Cache Stride Bucket 106 is equal to 47
Local Cache Stride Bucket 107 is equal to 58
Local Cache Stride Bucket 108 is equal to 51
Local Cache Stride Bucket 109 is equal to 41
Local Cache Stride Bucket 110 is equal to 443
Local Cache Stride Bucket 111 is equal to 43
Local Cache Stride Bucket 112 is equal to 70
Local Cache Stride Bucket 113 is equal to 50
Local Cache Stride Bucket 114 is equal to 47
Local Cache Stride Bucket 115 is equal to 33
Local Cache Stride Bucket 116 is equal to 17
Local Cache Stride Bucket 117 is equal to 22
Local Cache Stride Bucket 118 is equal to 19
Local Cache Stride Bucket 119 is equal to 19
Local Cache Stride Bucket 120 is equal to 57
Local Cache Stride Bucket 121 is equal to 11
Local Cache Stride Bucket 122 is equal to 35
Local Cache Stride Bucket 123 is equal to 33
Local Cache Stride Bucket 124 is equal to 50
Local Cache Stride Bucket 125 is equal to 17
Local Cache Stride Bucket 126 is equal to 92
Local Cache Stride Bucket 127 is equal to 47
Local Cache Stride Bucket 128 is equal to 126
Local Cache Stride Bucket 129 is equal to 47
Local Cache Stride Bucket 130 is equal to 94
Local Cache Stride Bucket 131 is equal to 27
Local Cache Stride Bucket 132 is equal to 52
Local Cache Stride Bucket 133 is equal to 24
Local Cache Stride Bucket 134 is equal to 29
Local Cache Stride Bucket 135 is equal to 13
Local Cache Stride Bucket 136 is equal to 70
Local Cache Stride Bucket 137 is equal to 25
Local Cache Stride Bucket 138 is equal to 11
Local Cache Stride Bucket 139 is equal to 22
Local Cache Stride Bucket 140 is equal to 28
Local Cache Stride Bucket 141 is equal to 35
Local Cache Stride Bucket 142 is equal to 22
Local Cache Stride Bucket 143 is equal to 51
Local Cache Stride Bucket 144 is equal to 67
Local Cache Stride Bucket 145 is equal to 72
Local Cache Stride Bucket 146 is equal to 45
Local Cache Stride Bucket 147 is equal to 41
Local Cache Stride Bucket 148 is equal to 38
Local Cache Stride Bucket 149 is equal to 625
Local Cache Stride Bucket 150 is equal to 148
Local Cache Stride Bucket 151 is equal to 46
Local Cache Stride Bucket 152 is equal to 78
Local Cache Stride Bucket 153 is equal to 27
Local Cache Stride Bucket 154 is equal to 45
Local Cache Stride Bucket 155 is equal to 27
Local Cache Stride Bucket 156 is equal to 39
Local Cache Stride Bucket 157 is equal to 29
Local Cache Stride Bucket 158 is equal to 87
Local Cache Stride Bucket 159 is equal to 18
Local Cache Stride Bucket 160 is equal to 60
Local Cache Stride Bucket 161 is equal to 45
Local Cache Stride Bucket 162 is equal to 73
Local Cache Stride Bucket 163 is equal to 35
Local Cache Stride Bucket 164 is equal to 73
Local Cache Stride Bucket 165 is equal to 31
Local Cache Stride Bucket 166 is equal to 35
Local Cache Stride Bucket 167 is equal to 32
Local Cache Stride Bucket 168 is equal to 37
Local Cache Stride Bucket 169 is equal to 56
Local Cache Stride Bucket 170 is equal to 27
Local Cache Stride Bucket 171 is equal to 79
Local Cache Stride Bucket 172 is equal to 52
Local Cache Stride Bucket 173 is equal to 87
Local Cache Stride Bucket 174 is equal to 78
Local Cache Stride Bucket 175 is equal to 77
Local Cache Stride Bucket 176 is equal to 57
Local Cache Stride Bucket 177 is equal to 72
Local Cache Stride Bucket 178 is equal to 108
Local Cache Stride Bucket 179 is equal to 46
Local Cache Stride Bucket 180 is equal to 38
Local Cache Stride Bucket 181 is equal to 41
Local Cache Stride Bucket 182 is equal to 25
Local Cache Stride Bucket 183 is equal to 43
Local Cache Stride Bucket 184 is equal to 30
Local Cache Stride Bucket 185 is equal to 12
Local Cache Stride Bucket 186 is equal to 61
Local Cache Stride Bucket 187 is equal to 45
Local Cache Stride Bucket 188 is equal to 58
Local Cache Stride Bucket 189 is equal to 49
Local Cache Stride Bucket 190 is equal to 85
Local Cache Stride Bucket 191 is equal to 52
Local Cache Stride Bucket 192 is equal to 97
Local Cache Stride Bucket 193 is equal to 47
Local Cache Stride Bucket 194 is equal to 186
Local Cache Stride Bucket 195 is equal to 80
Local Cache Stride Bucket 196 is equal to 63
Local Cache Stride Bucket 197 is equal to 24
Local Cache Stride Bucket 198 is equal to 54
Local Cache Stride Bucket 199 is equal to 28
Local Cache Stride Bucket 200 is equal to 24
Local Cache Stride Bucket 201 is equal to 49
Local Cache Stride Bucket 202 is equal to 40
Local Cache Stride Bucket 203 is equal to 44
Local Cache Stride Bucket 204 is equal to 40
Local Cache Stride Bucket 205 is equal to 48
Local Cache Stride Bucket 206 is equal to 17
Local Cache Stride Bucket 207 is equal to 59
Local Cache Stride Bucket 208 is equal to 41
Local Cache Stride Bucket 209 is equal to 41
Local Cache Stride Bucket 210 is equal to 29
Local Cache Stride Bucket 211 is equal to 80
Local Cache Stride Bucket 212 is equal to 79
Local Cache Stride Bucket 213 is equal to 75
Local Cache Stride Bucket 214 is equal to 53
Local Cache Stride Bucket 215 is equal to 48
Local Cache Stride Bucket 216 is equal to 33
Local Cache Stride Bucket 217 is equal to 43
Local Cache Stride Bucket 218 is equal to 22
Local Cache Stride Bucket 219 is equal to 26
Local Cache Stride Bucket 220 is equal to 70
Local Cache Stride Bucket 221 is equal to 45
Local Cache Stride Bucket 222 is equal to 55
Local Cache Stride Bucket 223 is equal to 41
Local Cache Stride Bucket 224 is equal to 78
Local Cache Stride Bucket 225 is equal to 53
Local Cache Stride Bucket 226 is equal to 71
Local Cache Stride Bucket 227 is equal to 19
Local Cache Stride Bucket 228 is equal to 27
Local Cache Stride Bucket 229 is equal to 23
Local Cache Stride Bucket 230 is equal to 36
Local Cache Stride Bucket 231 is equal to 16
Local Cache Stride Bucket 232 is equal to 86
Local Cache Stride Bucket 233 is equal to 72
Local Cache Stride Bucket 234 is equal to 43
Local Cache Stride Bucket 235 is equal to 45
Local Cache Stride Bucket 236 is equal to 180
Local Cache Stride Bucket 237 is equal to 87
Local Cache Stride Bucket 238 is equal to 69
Local Cache Stride Bucket 239 is equal to 96
Local Cache Stride Bucket 240 is equal to 77
Local Cache Stride Bucket 241 is equal to 160
Local Cache Stride Bucket 242 is equal to 28
Local Cache Stride Bucket 243 is equal to 54
Local Cache Stride Bucket 244 is equal to 53
Local Cache Stride Bucket 245 is equal to 53
Local Cache Stride Bucket 246 is equal to 48
Local Cache Stride Bucket 247 is equal to 38
Local Cache Stride Bucket 248 is equal to 77
Local Cache Stride Bucket 249 is equal to 46
Local Cache Stride Bucket 250 is equal to 45
Local Cache Stride Bucket 251 is equal to 78
Local Cache Stride Bucket 252 is equal to 265
Local Cache Stride Bucket 253 is equal to 184
Local Cache Stride Bucket 254 is equal to 59
Local Cache Stride Bucket 255 is equal to 130
Local Cache Stride Bucket 256 is equal to 167390


Global LD ST Byte Stride Bucket -256 is equal to 9773261
Global LD ST Byte Stride Bucket -254 is equal to 734
Global LD ST Byte Stride Bucket -252 is equal to 475
Global LD ST Byte Stride Bucket -250 is equal to 1195
Global LD ST Byte Stride Bucket -248 is equal to 4137
Global LD ST Byte Stride Bucket -246 is equal to 357
Global LD ST Byte Stride Bucket -244 is equal to 432
Global LD ST Byte Stride Bucket -242 is equal to 814
Global LD ST Byte Stride Bucket -240 is equal to 415
Global LD ST Byte Stride Bucket -238 is equal to 437
Global LD ST Byte Stride Bucket -236 is equal to 435
Global LD ST Byte Stride Bucket -234 is equal to 413
Global LD ST Byte Stride Bucket -232 is equal to 277
Global LD ST Byte Stride Bucket -230 is equal to 207
Global LD ST Byte Stride Bucket -228 is equal to 963
Global LD ST Byte Stride Bucket -226 is equal to 454
Global LD ST Byte Stride Bucket -224 is equal to 530
Global LD ST Byte Stride Bucket -222 is equal to 351
Global LD ST Byte Stride Bucket -220 is equal to 115
Global LD ST Byte Stride Bucket -218 is equal to 898
Global LD ST Byte Stride Bucket -216 is equal to 5264
Global LD ST Byte Stride Bucket -214 is equal to 413
Global LD ST Byte Stride Bucket -212 is equal to 776
Global LD ST Byte Stride Bucket -210 is equal to 859
Global LD ST Byte Stride Bucket -208 is equal to 743
Global LD ST Byte Stride Bucket -206 is equal to 830
Global LD ST Byte Stride Bucket -204 is equal to 240
Global LD ST Byte Stride Bucket -202 is equal to 187
Global LD ST Byte Stride Bucket -200 is equal to 512
Global LD ST Byte Stride Bucket -198 is equal to 311
Global LD ST Byte Stride Bucket -196 is equal to 673
Global LD ST Byte Stride Bucket -194 is equal to 648
Global LD ST Byte Stride Bucket -192 is equal to 224
Global LD ST Byte Stride Bucket -190 is equal to 318
Global LD ST Byte Stride Bucket -188 is equal to 9368
Global LD ST Byte Stride Bucket -186 is equal to 108
Global LD ST Byte Stride Bucket -184 is equal to 3655
Global LD ST Byte Stride Bucket -182 is equal to 665
Global LD ST Byte Stride Bucket -180 is equal to 331
Global LD ST Byte Stride Bucket -178 is equal to 348
Global LD ST Byte Stride Bucket -176 is equal to 192515
Global LD ST Byte Stride Bucket -174 is equal to 561
Global LD ST Byte Stride Bucket -172 is equal to 709
Global LD ST Byte Stride Bucket -170 is equal to 1299
Global LD ST Byte Stride Bucket -168 is equal to 110702
Global LD ST Byte Stride Bucket -166 is equal to 288
Global LD ST Byte Stride Bucket -164 is equal to 1340
Global LD ST Byte Stride Bucket -162 is equal to 1501
Global LD ST Byte Stride Bucket -160 is equal to 6009
Global LD ST Byte Stride Bucket -158 is equal to 991
Global LD ST Byte Stride Bucket -156 is equal to 912
Global LD ST Byte Stride Bucket -154 is equal to 182
Global LD ST Byte Stride Bucket -152 is equal to 116
Global LD ST Byte Stride Bucket -150 is equal to 114
Global LD ST Byte Stride Bucket -148 is equal to 329
Global LD ST Byte Stride Bucket -146 is equal to 645
Global LD ST Byte Stride Bucket -144 is equal to 1022
Global LD ST Byte Stride Bucket -142 is equal to 323
Global LD ST Byte Stride Bucket -140 is equal to 364
Global LD ST Byte Stride Bucket -138 is equal to 129
Global LD ST Byte Stride Bucket -136 is equal to 988
Global LD ST Byte Stride Bucket -134 is equal to 1434
Global LD ST Byte Stride Bucket -132 is equal to 1101
Global LD ST Byte Stride Bucket -130 is equal to 1659
Global LD ST Byte Stride Bucket -128 is equal to 2154
Global LD ST Byte Stride Bucket -126 is equal to 2071
Global LD ST Byte Stride Bucket -124 is equal to 4481
Global LD ST Byte Stride Bucket -122 is equal to 1812
Global LD ST Byte Stride Bucket -120 is equal to 9511
Global LD ST Byte Stride Bucket -118 is equal to 2012
Global LD ST Byte Stride Bucket -116 is equal to 8149
Global LD ST Byte Stride Bucket -114 is equal to 692
Global LD ST Byte Stride Bucket -112 is equal to 7661
Global LD ST Byte Stride Bucket -110 is equal to 315
Global LD ST Byte Stride Bucket -108 is equal to 5283
Global LD ST Byte Stride Bucket -106 is equal to 69
Global LD ST Byte Stride Bucket -104 is equal to 6045
Global LD ST Byte Stride Bucket -102 is equal to 325
Global LD ST Byte Stride Bucket -100 is equal to 3189
Global LD ST Byte Stride Bucket -98 is equal to 1002
Global LD ST Byte Stride Bucket -96 is equal to 1957
Global LD ST Byte Stride Bucket -94 is equal to 721
Global LD ST Byte Stride Bucket -92 is equal to 6546
Global LD ST Byte Stride Bucket -90 is equal to 1090
Global LD ST Byte Stride Bucket -88 is equal to 73255
Global LD ST Byte Stride Bucket -86 is equal to 2758
Global LD ST Byte Stride Bucket -84 is equal to 7346
Global LD ST Byte Stride Bucket -82 is equal to 3166
Global LD ST Byte Stride Bucket -80 is equal to 79913
Global LD ST Byte Stride Bucket -78 is equal to 1327
Global LD ST Byte Stride Bucket -76 is equal to 4124
Global LD ST Byte Stride Bucket -74 is equal to 1312
Global LD ST Byte Stride Bucket -72 is equal to 12389
Global LD ST Byte Stride Bucket -70 is equal to 702
Global LD ST Byte Stride Bucket -68 is equal to 7054
Global LD ST Byte Stride Bucket -66 is equal to 48
Global LD ST Byte Stride Bucket -64 is equal to 16219
Global LD ST Byte Stride Bucket -62 is equal to 519
Global LD ST Byte Stride Bucket -60 is equal to 53471
Global LD ST Byte Stride Bucket -58 is equal to 283
Global LD ST Byte Stride Bucket -56 is equal to 165616
Global LD ST Byte Stride Bucket -54 is equal to 114
Global LD ST Byte Stride Bucket -52 is equal to 141725
Global LD ST Byte Stride Bucket -50 is equal to 752
Global LD ST Byte Stride Bucket -48 is equal to 19467
Global LD ST Byte Stride Bucket -46 is equal to 2102
Global LD ST Byte Stride Bucket -44 is equal to 45298
Global LD ST Byte Stride Bucket -42 is equal to 25172
Global LD ST Byte Stride Bucket -40 is equal to 72162
Global LD ST Byte Stride Bucket -38 is equal to 2075
Global LD ST Byte Stride Bucket -36 is equal to 90768
Global LD ST Byte Stride Bucket -34 is equal to 1029
Global LD ST Byte Stride Bucket -32 is equal to 133146
Global LD ST Byte Stride Bucket -30 is equal to 335
Global LD ST Byte Stride Bucket -28 is equal to 23702
Global LD ST Byte Stride Bucket -26 is equal to 305
Global LD ST Byte Stride Bucket -24 is equal to 203247
Global LD ST Byte Stride Bucket -22 is equal to 278
Global LD ST Byte Stride Bucket -20 is equal to 131696
Global LD ST Byte Stride Bucket -18 is equal to 60
Global LD ST Byte Stride Bucket -16 is equal to 222976
Global LD ST Byte Stride Bucket -14 is equal to 306
Global LD ST Byte Stride Bucket -13 is equal to 8
Global LD ST Byte Stride Bucket -12 is equal to 420220
Global LD ST Byte Stride Bucket -10 is equal to 202
Global LD ST Byte Stride Bucket -9 is equal to 9
Global LD ST Byte Stride Bucket -8 is equal to 2108074
Global LD ST Byte Stride Bucket -6 is equal to 715
Global LD ST Byte Stride Bucket -5 is equal to 5
Global LD ST Byte Stride Bucket -4 is equal to 1034991
Global LD ST Byte Stride Bucket -2 is equal to 24439
Global LD ST Byte Stride Bucket -1 is equal to 2
Global LD ST Byte Stride Bucket 0 is equal to 2571828
Global LD ST Byte Stride Bucket 2 is equal to 23163
Global LD ST Byte Stride Bucket 4 is equal to 1516649
Global LD ST Byte Stride Bucket 6 is equal to 1386
Global LD ST Byte Stride Bucket 8 is equal to 2632557
Global LD ST Byte Stride Bucket 9 is equal to 223
Global LD ST Byte Stride Bucket 10 is equal to 314
Global LD ST Byte Stride Bucket 12 is equal to 116350
Global LD ST Byte Stride Bucket 14 is equal to 211
Global LD ST Byte Stride Bucket 16 is equal to 369621
Global LD ST Byte Stride Bucket 18 is equal to 66
Global LD ST Byte Stride Bucket 20 is equal to 145508
Global LD ST Byte Stride Bucket 22 is equal to 51
Global LD ST Byte Stride Bucket 24 is equal to 190218
Global LD ST Byte Stride Bucket 26 is equal to 67
Global LD ST Byte Stride Bucket 28 is equal to 24887
Global LD ST Byte Stride Bucket 30 is equal to 107
Global LD ST Byte Stride Bucket 32 is equal to 107821
Global LD ST Byte Stride Bucket 34 is equal to 483
Global LD ST Byte Stride Bucket 36 is equal to 293640
Global LD ST Byte Stride Bucket 38 is equal to 1136
Global LD ST Byte Stride Bucket 40 is equal to 60103
Global LD ST Byte Stride Bucket 42 is equal to 28795
Global LD ST Byte Stride Bucket 44 is equal to 54093
Global LD ST Byte Stride Bucket 46 is equal to 1877
Global LD ST Byte Stride Bucket 47 is equal to 34
Global LD ST Byte Stride Bucket 48 is equal to 46449
Global LD ST Byte Stride Bucket 50 is equal to 899
Global LD ST Byte Stride Bucket 52 is equal to 159339
Global LD ST Byte Stride Bucket 53 is equal to 52
Global LD ST Byte Stride Bucket 54 is equal to 863
Global LD ST Byte Stride Bucket 56 is equal to 41641
Global LD ST Byte Stride Bucket 57 is equal to 300
Global LD ST Byte Stride Bucket 58 is equal to 283
Global LD ST Byte Stride Bucket 60 is equal to 5108
Global LD ST Byte Stride Bucket 62 is equal to 73
Global LD ST Byte Stride Bucket 64 is equal to 18084
Global LD ST Byte Stride Bucket 65 is equal to 40
Global LD ST Byte Stride Bucket 66 is equal to 335
Global LD ST Byte Stride Bucket 67 is equal to 1
Global LD ST Byte Stride Bucket 68 is equal to 660
Global LD ST Byte Stride Bucket 69 is equal to 109
Global LD ST Byte Stride Bucket 70 is equal to 386
Global LD ST Byte Stride Bucket 71 is equal to 31
Global LD ST Byte Stride Bucket 72 is equal to 9873
Global LD ST Byte Stride Bucket 73 is equal to 217
Global LD ST Byte Stride Bucket 74 is equal to 1733
Global LD ST Byte Stride Bucket 75 is equal to 1069
Global LD ST Byte Stride Bucket 76 is equal to 1485
Global LD ST Byte Stride Bucket 77 is equal to 649
Global LD ST Byte Stride Bucket 78 is equal to 1655
Global LD ST Byte Stride Bucket 79 is equal to 534
Global LD ST Byte Stride Bucket 80 is equal to 73335
Global LD ST Byte Stride Bucket 81 is equal to 1300
Global LD ST Byte Stride Bucket 82 is equal to 1955
Global LD ST Byte Stride Bucket 83 is equal to 11
Global LD ST Byte Stride Bucket 84 is equal to 152561
Global LD ST Byte Stride Bucket 86 is equal to 1241
Global LD ST Byte Stride Bucket 88 is equal to 67516
Global LD ST Byte Stride Bucket 89 is equal to 315
Global LD ST Byte Stride Bucket 90 is equal to 1391
Global LD ST Byte Stride Bucket 92 is equal to 716
Global LD ST Byte Stride Bucket 93 is equal to 5
Global LD ST Byte Stride Bucket 94 is equal to 629
Global LD ST Byte Stride Bucket 96 is equal to 1142
Global LD ST Byte Stride Bucket 97 is equal to 52
Global LD ST Byte Stride Bucket 98 is equal to 202
Global LD ST Byte Stride Bucket 100 is equal to 114
Global LD ST Byte Stride Bucket 101 is equal to 266
Global LD ST Byte Stride Bucket 102 is equal to 65
Global LD ST Byte Stride Bucket 104 is equal to 737
Global LD ST Byte Stride Bucket 106 is equal to 67
Global LD ST Byte Stride Bucket 107 is equal to 11
Global LD ST Byte Stride Bucket 108 is equal to 88
Global LD ST Byte Stride Bucket 109 is equal to 44
Global LD ST Byte Stride Bucket 110 is equal to 85
Global LD ST Byte Stride Bucket 111 is equal to 102
Global LD ST Byte Stride Bucket 112 is equal to 558
Global LD ST Byte Stride Bucket 113 is equal to 419
Global LD ST Byte Stride Bucket 114 is equal to 1946
Global LD ST Byte Stride Bucket 115 is equal to 1129
Global LD ST Byte Stride Bucket 116 is equal to 325
Global LD ST Byte Stride Bucket 118 is equal to 421
Global LD ST Byte Stride Bucket 119 is equal to 629
Global LD ST Byte Stride Bucket 120 is equal to 2295
Global LD ST Byte Stride Bucket 121 is equal to 601
Global LD ST Byte Stride Bucket 122 is equal to 1376
Global LD ST Byte Stride Bucket 123 is equal to 57
Global LD ST Byte Stride Bucket 124 is equal to 402
Global LD ST Byte Stride Bucket 125 is equal to 57
Global LD ST Byte Stride Bucket 126 is equal to 499
Global LD ST Byte Stride Bucket 128 is equal to 453
Global LD ST Byte Stride Bucket 130 is equal to 801
Global LD ST Byte Stride Bucket 131 is equal to 239
Global LD ST Byte Stride Bucket 132 is equal to 1404
Global LD ST Byte Stride Bucket 133 is equal to 732
Global LD ST Byte Stride Bucket 134 is equal to 1132
Global LD ST Byte Stride Bucket 135 is equal to 6
Global LD ST Byte Stride Bucket 136 is equal to 736
Global LD ST Byte Stride Bucket 138 is equal to 459
Global LD ST Byte Stride Bucket 140 is equal to 163
Global LD ST Byte Stride Bucket 142 is equal to 88
Global LD ST Byte Stride Bucket 144 is equal to 98
Global LD ST Byte Stride Bucket 145 is equal to 250
Global LD ST Byte Stride Bucket 146 is equal to 75
Global LD ST Byte Stride Bucket 148 is equal to 100
Global LD ST Byte Stride Bucket 149 is equal to 95
Global LD ST Byte Stride Bucket 150 is equal to 78
Global LD ST Byte Stride Bucket 151 is equal to 31
Global LD ST Byte Stride Bucket 152 is equal to 326
Global LD ST Byte Stride Bucket 153 is equal to 56
Global LD ST Byte Stride Bucket 154 is equal to 927
Global LD ST Byte Stride Bucket 156 is equal to 145
Global LD ST Byte Stride Bucket 158 is equal to 1696
Global LD ST Byte Stride Bucket 160 is equal to 9144
Global LD ST Byte Stride Bucket 162 is equal to 365
Global LD ST Byte Stride Bucket 164 is equal to 149716
Global LD ST Byte Stride Bucket 165 is equal to 7
Global LD ST Byte Stride Bucket 166 is equal to 1865
Global LD ST Byte Stride Bucket 167 is equal to 332
Global LD ST Byte Stride Bucket 168 is equal to 106042
Global LD ST Byte Stride Bucket 170 is equal to 306
Global LD ST Byte Stride Bucket 172 is equal to 338
Global LD ST Byte Stride Bucket 173 is equal to 132
Global LD ST Byte Stride Bucket 174 is equal to 1064
Global LD ST Byte Stride Bucket 176 is equal to 10211
Global LD ST Byte Stride Bucket 177 is equal to 46
Global LD ST Byte Stride Bucket 178 is equal to 476
Global LD ST Byte Stride Bucket 179 is equal to 4
Global LD ST Byte Stride Bucket 180 is equal to 1014
Global LD ST Byte Stride Bucket 182 is equal to 90
Global LD ST Byte Stride Bucket 183 is equal to 3
Global LD ST Byte Stride Bucket 184 is equal to 40626
Global LD ST Byte Stride Bucket 185 is equal to 88
Global LD ST Byte Stride Bucket 186 is equal to 114
Global LD ST Byte Stride Bucket 187 is equal to 86
Global LD ST Byte Stride Bucket 188 is equal to 92
Global LD ST Byte Stride Bucket 189 is equal to 105
Global LD ST Byte Stride Bucket 190 is equal to 289
Global LD ST Byte Stride Bucket 192 is equal to 1070
Global LD ST Byte Stride Bucket 193 is equal to 43
Global LD ST Byte Stride Bucket 194 is equal to 231
Global LD ST Byte Stride Bucket 195 is equal to 25
Global LD ST Byte Stride Bucket 196 is equal to 1246
Global LD ST Byte Stride Bucket 198 is equal to 40
Global LD ST Byte Stride Bucket 199 is equal to 1
Global LD ST Byte Stride Bucket 200 is equal to 9145
Global LD ST Byte Stride Bucket 201 is equal to 1
Global LD ST Byte Stride Bucket 202 is equal to 332
Global LD ST Byte Stride Bucket 204 is equal to 890
Global LD ST Byte Stride Bucket 206 is equal to 114
Global LD ST Byte Stride Bucket 208 is equal to 384
Global LD ST Byte Stride Bucket 209 is equal to 100
Global LD ST Byte Stride Bucket 210 is equal to 1451
Global LD ST Byte Stride Bucket 212 is equal to 121
Global LD ST Byte Stride Bucket 214 is equal to 394
Global LD ST Byte Stride Bucket 215 is equal to 7
Global LD ST Byte Stride Bucket 216 is equal to 174
Global LD ST Byte Stride Bucket 217 is equal to 52
Global LD ST Byte Stride Bucket 218 is equal to 291
Global LD ST Byte Stride Bucket 219 is equal to 2
Global LD ST Byte Stride Bucket 220 is equal to 122
Global LD ST Byte Stride Bucket 222 is equal to 413
Global LD ST Byte Stride Bucket 224 is equal to 5342
Global LD ST Byte Stride Bucket 225 is equal to 90
Global LD ST Byte Stride Bucket 226 is equal to 209
Global LD ST Byte Stride Bucket 227 is equal to 134
Global LD ST Byte Stride Bucket 228 is equal to 2632
Global LD ST Byte Stride Bucket 229 is equal to 65
Global LD ST Byte Stride Bucket 230 is equal to 2723
Global LD ST Byte Stride Bucket 231 is equal to 327
Global LD ST Byte Stride Bucket 232 is equal to 72
Global LD ST Byte Stride Bucket 233 is equal to 96
Global LD ST Byte Stride Bucket 234 is equal to 76
Global LD ST Byte Stride Bucket 235 is equal to 2
Global LD ST Byte Stride Bucket 236 is equal to 61
Global LD ST Byte Stride Bucket 237 is equal to 19
Global LD ST Byte Stride Bucket 238 is equal to 296
Global LD ST Byte Stride Bucket 240 is equal to 631
Global LD ST Byte Stride Bucket 241 is equal to 109
Global LD ST Byte Stride Bucket 242 is equal to 288
Global LD ST Byte Stride Bucket 244 is equal to 105
Global LD ST Byte Stride Bucket 246 is equal to 94
Global LD ST Byte Stride Bucket 247 is equal to 1
Global LD ST Byte Stride Bucket 248 is equal to 888
Global LD ST Byte Stride Bucket 250 is equal to 464
Global LD ST Byte Stride Bucket 251 is equal to 103
Global LD ST Byte Stride Bucket 252 is equal to 1198
Global LD ST Byte Stride Bucket 254 is equal to 171
Global LD ST Byte Stride Bucket 256 is equal to 10978060

Global LD ST Cache Stride Bucket -256 is equal to 1740050
Global LD ST Cache Stride Bucket -236 is equal to 42
Global LD ST Cache Stride Bucket -191 is equal to 1
Global LD ST Cache Stride Bucket -190 is equal to 1
Global LD ST Cache Stride Bucket -189 is equal to 1
Global LD ST Cache Stride Bucket -188 is equal to 1
Global LD ST Cache Stride Bucket -187 is equal to 1
Global LD ST Cache Stride Bucket -186 is equal to 1
Global LD ST Cache Stride Bucket -185 is equal to 1
Global LD ST Cache Stride Bucket -184 is equal to 1
Global LD ST Cache Stride Bucket -183 is equal to 1
Global LD ST Cache Stride Bucket -182 is equal to 1
Global LD ST Cache Stride Bucket -181 is equal to 1
Global LD ST Cache Stride Bucket -180 is equal to 1
Global LD ST Cache Stride Bucket -179 is equal to 1
Global LD ST Cache Stride Bucket -178 is equal to 1
Global LD ST Cache Stride Bucket -177 is equal to 1
Global LD ST Cache Stride Bucket -176 is equal to 1
Global LD ST Cache Stride Bucket -175 is equal to 1
Global LD ST Cache Stride Bucket -174 is equal to 1
Global LD ST Cache Stride Bucket -173 is equal to 1
Global LD ST Cache Stride Bucket -172 is equal to 2
Global LD ST Cache Stride Bucket -171 is equal to 1
Global LD ST Cache Stride Bucket -170 is equal to 1
Global LD ST Cache Stride Bucket -169 is equal to 1
Global LD ST Cache Stride Bucket -168 is equal to 1
Global LD ST Cache Stride Bucket -167 is equal to 1
Global LD ST Cache Stride Bucket -166 is equal to 1
Global LD ST Cache Stride Bucket -165 is equal to 1
Global LD ST Cache Stride Bucket -164 is equal to 1
Global LD ST Cache Stride Bucket -163 is equal to 1
Global LD ST Cache Stride Bucket -162 is equal to 1
Global LD ST Cache Stride Bucket -161 is equal to 1
Global LD ST Cache Stride Bucket -160 is equal to 1
Global LD ST Cache Stride Bucket -159 is equal to 1
Global LD ST Cache Stride Bucket -158 is equal to 1
Global LD ST Cache Stride Bucket -157 is equal to 1
Global LD ST Cache Stride Bucket -156 is equal to 1
Global LD ST Cache Stride Bucket -155 is equal to 1
Global LD ST Cache Stride Bucket -154 is equal to 1
Global LD ST Cache Stride Bucket -153 is equal to 1
Global LD ST Cache Stride Bucket -152 is equal to 1
Global LD ST Cache Stride Bucket -151 is equal to 257
Global LD ST Cache Stride Bucket -150 is equal to 22421
Global LD ST Cache Stride Bucket -149 is equal to 363329
Global LD ST Cache Stride Bucket -148 is equal to 279297
Global LD ST Cache Stride Bucket -147 is equal to 178579
Global LD ST Cache Stride Bucket -146 is equal to 83940
Global LD ST Cache Stride Bucket -145 is equal to 240585
Global LD ST Cache Stride Bucket -144 is equal to 172746
Global LD ST Cache Stride Bucket -143 is equal to 100300
Global LD ST Cache Stride Bucket -142 is equal to 83111
Global LD ST Cache Stride Bucket -141 is equal to 35891
Global LD ST Cache Stride Bucket -140 is equal to 15961
Global LD ST Cache Stride Bucket -139 is equal to 4922
Global LD ST Cache Stride Bucket -138 is equal to 11159
Global LD ST Cache Stride Bucket -137 is equal to 5131
Global LD ST Cache Stride Bucket -136 is equal to 4021
Global LD ST Cache Stride Bucket -135 is equal to 3511
Global LD ST Cache Stride Bucket -134 is equal to 4004
Global LD ST Cache Stride Bucket -133 is equal to 4727
Global LD ST Cache Stride Bucket -132 is equal to 2846
Global LD ST Cache Stride Bucket -131 is equal to 2544
Global LD ST Cache Stride Bucket -130 is equal to 3330
Global LD ST Cache Stride Bucket -129 is equal to 2922
Global LD ST Cache Stride Bucket -128 is equal to 3087
Global LD ST Cache Stride Bucket -127 is equal to 2939
Global LD ST Cache Stride Bucket -126 is equal to 3854
Global LD ST Cache Stride Bucket -125 is equal to 3403
Global LD ST Cache Stride Bucket -124 is equal to 3304
Global LD ST Cache Stride Bucket -123 is equal to 2922
Global LD ST Cache Stride Bucket -122 is equal to 3838
Global LD ST Cache Stride Bucket -121 is equal to 18737
Global LD ST Cache Stride Bucket -120 is equal to 6908
Global LD ST Cache Stride Bucket -119 is equal to 63519
Global LD ST Cache Stride Bucket -118 is equal to 21999
Global LD ST Cache Stride Bucket -117 is equal to 35341
Global LD ST Cache Stride Bucket -116 is equal to 58973
Global LD ST Cache Stride Bucket -115 is equal to 53355
Global LD ST Cache Stride Bucket -114 is equal to 55576
Global LD ST Cache Stride Bucket -113 is equal to 48890
Global LD ST Cache Stride Bucket -112 is equal to 54829
Global LD ST Cache Stride Bucket -111 is equal to 48555
Global LD ST Cache Stride Bucket -110 is equal to 59719
Global LD ST Cache Stride Bucket -109 is equal to 57759
Global LD ST Cache Stride Bucket -108 is equal to 50356
Global LD ST Cache Stride Bucket -107 is equal to 34700
Global LD ST Cache Stride Bucket -106 is equal to 35876
Global LD ST Cache Stride Bucket -105 is equal to 43871
Global LD ST Cache Stride Bucket -104 is equal to 32996
Global LD ST Cache Stride Bucket -103 is equal to 25955
Global LD ST Cache Stride Bucket -102 is equal to 29110
Global LD ST Cache Stride Bucket -101 is equal to 27907
Global LD ST Cache Stride Bucket -100 is equal to 137592
Global LD ST Cache Stride Bucket -99 is equal to 27527
Global LD ST Cache Stride Bucket -98 is equal to 105927
Global LD ST Cache Stride Bucket -97 is equal to 45252
Global LD ST Cache Stride Bucket -96 is equal to 75712
Global LD ST Cache Stride Bucket -95 is equal to 74065
Global LD ST Cache Stride Bucket -94 is equal to 85584
Global LD ST Cache Stride Bucket -93 is equal to 80413
Global LD ST Cache Stride Bucket -92 is equal to 73149
Global LD ST Cache Stride Bucket -91 is equal to 71440
Global LD ST Cache Stride Bucket -90 is equal to 72444
Global LD ST Cache Stride Bucket -89 is equal to 77197
Global LD ST Cache Stride Bucket -88 is equal to 71422
Global LD ST Cache Stride Bucket -87 is equal to 76449
Global LD ST Cache Stride Bucket -86 is equal to 73385
Global LD ST Cache Stride Bucket -85 is equal to 74660
Global LD ST Cache Stride Bucket -84 is equal to 66468
Global LD ST Cache Stride Bucket -83 is equal to 62938
Global LD ST Cache Stride Bucket -82 is equal to 64582
Global LD ST Cache Stride Bucket -81 is equal to 70087
Global LD ST Cache Stride Bucket -80 is equal to 57527
Global LD ST Cache Stride Bucket -79 is equal to 50714
Global LD ST Cache Stride Bucket -78 is equal to 52485
Global LD ST Cache Stride Bucket -77 is equal to 62385
Global LD ST Cache Stride Bucket -76 is equal to 61016
Global LD ST Cache Stride Bucket -75 is equal to 58483
Global LD ST Cache Stride Bucket -74 is equal to 66707
Global LD ST Cache Stride Bucket -73 is equal to 76570
Global LD ST Cache Stride Bucket -72 is equal to 103033
Global LD ST Cache Stride Bucket -71 is equal to 80319
Global LD ST Cache Stride Bucket -70 is equal to 38242
Global LD ST Cache Stride Bucket -69 is equal to 29288
Global LD ST Cache Stride Bucket -68 is equal to 30611
Global LD ST Cache Stride Bucket -67 is equal to 32236
Global LD ST Cache Stride Bucket -66 is equal to 30690
Global LD ST Cache Stride Bucket -65 is equal to 31223
Global LD ST Cache Stride Bucket -64 is equal to 38462
Global LD ST Cache Stride Bucket -63 is equal to 36460
Global LD ST Cache Stride Bucket -62 is equal to 35077
Global LD ST Cache Stride Bucket -61 is equal to 38299
Global LD ST Cache Stride Bucket -60 is equal to 39519
Global LD ST Cache Stride Bucket -59 is equal to 36758
Global LD ST Cache Stride Bucket -58 is equal to 36989
Global LD ST Cache Stride Bucket -57 is equal to 36383
Global LD ST Cache Stride Bucket -56 is equal to 44072
Global LD ST Cache Stride Bucket -55 is equal to 68079
Global LD ST Cache Stride Bucket -54 is equal to 59282
Global LD ST Cache Stride Bucket -53 is equal to 62908
Global LD ST Cache Stride Bucket -52 is equal to 89080
Global LD ST Cache Stride Bucket -51 is equal to 56603
Global LD ST Cache Stride Bucket -50 is equal to 220330
Global LD ST Cache Stride Bucket -49 is equal to 86934
Global LD ST Cache Stride Bucket -48 is equal to 65860
Global LD ST Cache Stride Bucket -47 is equal to 60195
Global LD ST Cache Stride Bucket -46 is equal to 129550
Global LD ST Cache Stride Bucket -45 is equal to 35188
Global LD ST Cache Stride Bucket -44 is equal to 37033
Global LD ST Cache Stride Bucket -43 is equal to 29128
Global LD ST Cache Stride Bucket -42 is equal to 107751
Global LD ST Cache Stride Bucket -41 is equal to 122725
Global LD ST Cache Stride Bucket -40 is equal to 17121
Global LD ST Cache Stride Bucket -39 is equal to 22457
Global LD ST Cache Stride Bucket -38 is equal to 16383
Global LD ST Cache Stride Bucket -37 is equal to 19155
Global LD ST Cache Stride Bucket -36 is equal to 21063
Global LD ST Cache Stride Bucket -35 is equal to 22039
Global LD ST Cache Stride Bucket -34 is equal to 16571
Global LD ST Cache Stride Bucket -33 is equal to 16220
Global LD ST Cache Stride Bucket -32 is equal to 12365
Global LD ST Cache Stride Bucket -31 is equal to 9768
Global LD ST Cache Stride Bucket -30 is equal to 9300
Global LD ST Cache Stride Bucket -29 is equal to 13117
Global LD ST Cache Stride Bucket -28 is equal to 44130
Global LD ST Cache Stride Bucket -27 is equal to 98150
Global LD ST Cache Stride Bucket -26 is equal to 70359
Global LD ST Cache Stride Bucket -25 is equal to 34984
Global LD ST Cache Stride Bucket -24 is equal to 27329
Global LD ST Cache Stride Bucket -23 is equal to 22172
Global LD ST Cache Stride Bucket -22 is equal to 24567
Global LD ST Cache Stride Bucket -21 is equal to 22692
Global LD ST Cache Stride Bucket -20 is equal to 26255
Global LD ST Cache Stride Bucket -19 is equal to 25458
Global LD ST Cache Stride Bucket -18 is equal to 27780
Global LD ST Cache Stride Bucket -17 is equal to 34056
Global LD ST Cache Stride Bucket -16 is equal to 45047
Global LD ST Cache Stride Bucket -15 is equal to 117544
Global LD ST Cache Stride Bucket -14 is equal to 258726
Global LD ST Cache Stride Bucket -13 is equal to 152927
Global LD ST Cache Stride Bucket -12 is equal to 81892
Global LD ST Cache Stride Bucket -11 is equal to 47494
Global LD ST Cache Stride Bucket -10 is equal to 34655
Global LD ST Cache Stride Bucket -9 is equal to 27709
Global LD ST Cache Stride Bucket -8 is equal to 27029
Global LD ST Cache Stride Bucket -7 is equal to 40465
Global LD ST Cache Stride Bucket -6 is equal to 54435
Global LD ST Cache Stride Bucket -5 is equal to 48838
Global LD ST Cache Stride Bucket -4 is equal to 22002
Global LD ST Cache Stride Bucket -3 is equal to 259591
Global LD ST Cache Stride Bucket -2 is equal to 177650
Global LD ST Cache Stride Bucket -1 is equal to 1372534
Global LD ST Cache Stride Bucket 0 is equal to 11024250
Global LD ST Cache Stride Bucket 1 is equal to 1362604
Global LD ST Cache Stride Bucket 2 is equal to 227422
Global LD ST Cache Stride Bucket 3 is equal to 230394
Global LD ST Cache Stride Bucket 4 is equal to 27575
Global LD ST Cache Stride Bucket 5 is equal to 49764
Global LD ST Cache Stride Bucket 6 is equal to 53899
Global LD ST Cache Stride Bucket 7 is equal to 41107
Global LD ST Cache Stride Bucket 8 is equal to 26335
Global LD ST Cache Stride Bucket 9 is equal to 39728
Global LD ST Cache Stride Bucket 10 is equal to 46367
Global LD ST Cache Stride Bucket 11 is equal to 79237
Global LD ST Cache Stride Bucket 12 is equal to 116370
Global LD ST Cache Stride Bucket 13 is equal to 302028
Global LD ST Cache Stride Bucket 14 is equal to 658603
Global LD ST Cache Stride Bucket 15 is equal to 196383
Global LD ST Cache Stride Bucket 16 is equal to 73310
Global LD ST Cache Stride Bucket 17 is equal to 66876
Global LD ST Cache Stride Bucket 18 is equal to 56530
Global LD ST Cache Stride Bucket 19 is equal to 64115
Global LD ST Cache Stride Bucket 20 is equal to 73289
Global LD ST Cache Stride Bucket 21 is equal to 45766
Global LD ST Cache Stride Bucket 22 is equal to 47206
Global LD ST Cache Stride Bucket 23 is equal to 72902
Global LD ST Cache Stride Bucket 24 is equal to 86176
Global LD ST Cache Stride Bucket 25 is equal to 55846
Global LD ST Cache Stride Bucket 26 is equal to 35312
Global LD ST Cache Stride Bucket 27 is equal to 74073
Global LD ST Cache Stride Bucket 28 is equal to 95640
Global LD ST Cache Stride Bucket 29 is equal to 84643
Global LD ST Cache Stride Bucket 30 is equal to 61386
Global LD ST Cache Stride Bucket 31 is equal to 61441
Global LD ST Cache Stride Bucket 32 is equal to 76857
Global LD ST Cache Stride Bucket 33 is equal to 88313
Global LD ST Cache Stride Bucket 34 is equal to 82586
Global LD ST Cache Stride Bucket 35 is equal to 92437
Global LD ST Cache Stride Bucket 36 is equal to 76222
Global LD ST Cache Stride Bucket 37 is equal to 81994
Global LD ST Cache Stride Bucket 38 is equal to 78692
Global LD ST Cache Stride Bucket 39 is equal to 82571
Global LD ST Cache Stride Bucket 40 is equal to 71576
Global LD ST Cache Stride Bucket 41 is equal to 40595
Global LD ST Cache Stride Bucket 42 is equal to 19448
Global LD ST Cache Stride Bucket 43 is equal to 22736
Global LD ST Cache Stride Bucket 44 is equal to 48497
Global LD ST Cache Stride Bucket 45 is equal to 41949
Global LD ST Cache Stride Bucket 46 is equal to 60163
Global LD ST Cache Stride Bucket 47 is equal to 200832
Global LD ST Cache Stride Bucket 48 is equal to 59340
Global LD ST Cache Stride Bucket 49 is equal to 67599
Global LD ST Cache Stride Bucket 50 is equal to 91214
Global LD ST Cache Stride Bucket 51 is equal to 296129
Global LD ST Cache Stride Bucket 52 is equal to 51656
Global LD ST Cache Stride Bucket 53 is equal to 38161
Global LD ST Cache Stride Bucket 54 is equal to 36190
Global LD ST Cache Stride Bucket 55 is equal to 39878
Global LD ST Cache Stride Bucket 56 is equal to 32191
Global LD ST Cache Stride Bucket 57 is equal to 25911
Global LD ST Cache Stride Bucket 58 is equal to 25287
Global LD ST Cache Stride Bucket 59 is equal to 21739
Global LD ST Cache Stride Bucket 60 is equal to 23057
Global LD ST Cache Stride Bucket 61 is equal to 22560
Global LD ST Cache Stride Bucket 62 is equal to 21761
Global LD ST Cache Stride Bucket 63 is equal to 22037
Global LD ST Cache Stride Bucket 64 is equal to 24415
Global LD ST Cache Stride Bucket 65 is equal to 20185
Global LD ST Cache Stride Bucket 66 is equal to 20232
Global LD ST Cache Stride Bucket 67 is equal to 18396
Global LD ST Cache Stride Bucket 68 is equal to 19418
Global LD ST Cache Stride Bucket 69 is equal to 22065
Global LD ST Cache Stride Bucket 70 is equal to 21393
Global LD ST Cache Stride Bucket 71 is equal to 37237
Global LD ST Cache Stride Bucket 72 is equal to 40496
Global LD ST Cache Stride Bucket 73 is equal to 30828
Global LD ST Cache Stride Bucket 74 is equal to 28866
Global LD ST Cache Stride Bucket 75 is equal to 29180
Global LD ST Cache Stride Bucket 76 is equal to 23505
Global LD ST Cache Stride Bucket 77 is equal to 27305
Global LD ST Cache Stride Bucket 78 is equal to 20387
Global LD ST Cache Stride Bucket 79 is equal to 23278
Global LD ST Cache Stride Bucket 80 is equal to 24265
Global LD ST Cache Stride Bucket 81 is equal to 28356
Global LD ST Cache Stride Bucket 82 is equal to 21941
Global LD ST Cache Stride Bucket 83 is equal to 27066
Global LD ST Cache Stride Bucket 84 is equal to 49595
Global LD ST Cache Stride Bucket 85 is equal to 37288
Global LD ST Cache Stride Bucket 86 is equal to 42977
Global LD ST Cache Stride Bucket 87 is equal to 49978
Global LD ST Cache Stride Bucket 88 is equal to 45172
Global LD ST Cache Stride Bucket 89 is equal to 53020
Global LD ST Cache Stride Bucket 90 is equal to 34689
Global LD ST Cache Stride Bucket 91 is equal to 49724
Global LD ST Cache Stride Bucket 92 is equal to 45473
Global LD ST Cache Stride Bucket 93 is equal to 34347
Global LD ST Cache Stride Bucket 94 is equal to 49577
Global LD ST Cache Stride Bucket 95 is equal to 53700
Global LD ST Cache Stride Bucket 96 is equal to 31005
Global LD ST Cache Stride Bucket 97 is equal to 23606
Global LD ST Cache Stride Bucket 98 is equal to 19396
Global LD ST Cache Stride Bucket 99 is equal to 53039
Global LD ST Cache Stride Bucket 100 is equal to 15715
Global LD ST Cache Stride Bucket 101 is equal to 15400
Global LD ST Cache Stride Bucket 102 is equal to 14824
Global LD ST Cache Stride Bucket 103 is equal to 12361
Global LD ST Cache Stride Bucket 104 is equal to 8744
Global LD ST Cache Stride Bucket 105 is equal to 10061
Global LD ST Cache Stride Bucket 106 is equal to 12561
Global LD ST Cache Stride Bucket 107 is equal to 6802
Global LD ST Cache Stride Bucket 108 is equal to 5441
Global LD ST Cache Stride Bucket 109 is equal to 9035
Global LD ST Cache Stride Bucket 110 is equal to 8002
Global LD ST Cache Stride Bucket 111 is equal to 6398
Global LD ST Cache Stride Bucket 112 is equal to 7924
Global LD ST Cache Stride Bucket 113 is equal to 8527
Global LD ST Cache Stride Bucket 114 is equal to 6656
Global LD ST Cache Stride Bucket 115 is equal to 9127
Global LD ST Cache Stride Bucket 116 is equal to 5013
Global LD ST Cache Stride Bucket 117 is equal to 11619
Global LD ST Cache Stride Bucket 118 is equal to 4465
Global LD ST Cache Stride Bucket 119 is equal to 5427
Global LD ST Cache Stride Bucket 120 is equal to 14590
Global LD ST Cache Stride Bucket 121 is equal to 5526
Global LD ST Cache Stride Bucket 122 is equal to 8760
Global LD ST Cache Stride Bucket 123 is equal to 16699
Global LD ST Cache Stride Bucket 124 is equal to 59992
Global LD ST Cache Stride Bucket 125 is equal to 162383
Global LD ST Cache Stride Bucket 126 is equal to 83786
Global LD ST Cache Stride Bucket 127 is equal to 7133
Global LD ST Cache Stride Bucket 128 is equal to 8971
Global LD ST Cache Stride Bucket 129 is equal to 8843
Global LD ST Cache Stride Bucket 130 is equal to 12899
Global LD ST Cache Stride Bucket 131 is equal to 15615
Global LD ST Cache Stride Bucket 132 is equal to 13041
Global LD ST Cache Stride Bucket 133 is equal to 17836
Global LD ST Cache Stride Bucket 134 is equal to 23646
Global LD ST Cache Stride Bucket 135 is equal to 29879
Global LD ST Cache Stride Bucket 136 is equal to 27261
Global LD ST Cache Stride Bucket 137 is equal to 27622
Global LD ST Cache Stride Bucket 138 is equal to 40583
Global LD ST Cache Stride Bucket 139 is equal to 35831
Global LD ST Cache Stride Bucket 140 is equal to 48635
Global LD ST Cache Stride Bucket 141 is equal to 63105
Global LD ST Cache Stride Bucket 142 is equal to 113283
Global LD ST Cache Stride Bucket 143 is equal to 160751
Global LD ST Cache Stride Bucket 144 is equal to 324582
Global LD ST Cache Stride Bucket 145 is equal to 288174
Global LD ST Cache Stride Bucket 146 is equal to 159557
Global LD ST Cache Stride Bucket 147 is equal to 330022
Global LD ST Cache Stride Bucket 148 is equal to 530660
Global LD ST Cache Stride Bucket 149 is equal to 311487
Global LD ST Cache Stride Bucket 150 is equal to 24473
Global LD ST Cache Stride Bucket 151 is equal to 31228
Global LD ST Cache Stride Bucket 173 is equal to 1335
Global LD ST Cache Stride Bucket 191 is equal to 2
Global LD ST Cache Stride Bucket 192 is equal to 2
Global LD ST Cache Stride Bucket 198 is equal to 2
Global LD ST Cache Stride Bucket 223 is equal to 3
Global LD ST Cache Stride Bucket 236 is equal to 86
Global LD ST Cache Stride Bucket 256 is equal to 1882842


            "-256": "9773261",
            "-255": "0",
            "-254": "734",
            "-253": "0",
            "-252": "475",
            "-251": "0",
            "-250": "1195",
            "-249": "0",
            "-248": "4137",
            "-247": "0",
            "-246": "357",
            "-245": "0",
            "-244": "432",
            "-243": "0",
            "-242": "814",
            "-241": "0",
            "-240": "415",
            "-239": "0",
            "-238": "437",
            "-237": "0",
            "-236": "435",
            "-235": "0",
            "-234": "413",
            "-233": "0",
            "-232": "277",
            "-231": "0",
            "-230": "207",
            "-229": "0",
            "-228": "963",
            "-227": "0",
            "-226": "454",
            "-225": "0",
            "-224": "530",
            "-223": "0",
            "-222": "351",
            "-221": "0",
            "-220": "115",
            "-219": "0",
            "-218": "898",
            "-217": "0",
            "-216": "5264",
            "-215": "0",
            "-214": "413",
            "-213": "0",
            "-212": "776",
            "-211": "0",
            "-210": "859",
            "-209": "0",
            "-208": "743",
            "-207": "0",
            "-206": "830",
            "-205": "0",
            "-204": "240",
            "-203": "0",
            "-202": "187",
            "-201": "0",
            "-200": "512",
            "-199": "0",
            "-198": "311",
            "-197": "0",
            "-196": "673",
            "-195": "0",
            "-194": "648",
            "-193": "0",
            "-192": "224",
            "-191": "0",
            "-190": "318",
            "-189": "0",
            "-188": "9368",
            "-187": "0",
            "-186": "108",
            "-185": "0",
            "-184": "3655",
            "-183": "0",
            "-182": "665",
            "-181": "0",
            "-180": "331",
            "-179": "0",
            "-178": "348",
            "-177": "0",
            "-176": "192515",
            "-175": "0",
            "-174": "561",
            "-173": "0",
            "-172": "709",
            "-171": "0",
            "-170": "1299",
            "-169": "0",
            "-168": "110702",
            "-167": "0",
            "-166": "288",
            "-165": "0",
            "-164": "1340",
            "-163": "0",
            "-162": "1501",
            "-161": "0",
            "-160": "6009",
            "-159": "0",
            "-158": "991",
            "-157": "0",
            "-156": "912",
            "-155": "0",
            "-154": "182",
            "-153": "0",
            "-152": "116",
            "-151": "0",
            "-150": "114",
            "-149": "0",
            "-148": "329",
            "-147": "0",
            "-146": "645",
            "-145": "0",
            "-144": "1022",
            "-143": "0",
            "-142": "323",
            "-141": "0",
            "-140": "364",
            "-139": "0",
            "-138": "129",
            "-137": "0",
            "-136": "988",
            "-135": "0",
            "-134": "1434",
            "-133": "0",
            "-132": "1101",
            "-131": "0",
            "-130": "1659",
            "-129": "0",
            "-128": "2154",
            "-127": "0",
            "-126": "2071",
            "-125": "0",
            "-124": "4481",
            "-123": "0",
            "-122": "1812",
            "-121": "0",
            "-120": "9511",
            "-119": "0",
            "-118": "2012",
            "-117": "0",
            "-116": "8149",
            "-115": "0",
            "-114": "692",
            "-113": "0",
            "-112": "7661",
            "-111": "0",
            "-110": "315",
            "-109": "0",
            "-108": "5283",
            "-107": "0",
            "-106": "69",
            "-105": "0",
            "-104": "6045",
            "-103": "0",
            "-102": "325",
            "-101": "0",
            "-100": "3189",
            "-99": "0",
            "-98": "1002",
            "-97": "0",
            "-96": "1957",
            "-95": "0",
            "-94": "721",
            "-93": "0",
            "-92": "6546",
            "-91": "0",
            "-90": "1090",
            "-89": "0",
            "-88": "73255",
            "-87": "0",
            "-86": "2758",
            "-85": "0",
            "-84": "7346",
            "-83": "0",
            "-82": "3166",
            "-81": "0",
            "-80": "79913",
            "-79": "0",
            "-78": "1327",
            "-77": "0",
            "-76": "4124",
            "-75": "0",
            "-74": "1312",
            "-73": "0",
            "-72": "12389",
            "-71": "0",
            "-70": "702",
            "-69": "0",
            "-68": "7054",
            "-67": "0",
            "-66": "48",
            "-65": "0",
            "-64": "16219",
            "-63": "0",
            "-62": "519",
            "-61": "0",
            "-60": "53471",
            "-59": "0",
            "-58": "283",
            "-57": "0",
            "-56": "165616",
            "-55": "0",
            "-54": "114",
            "-53": "0",
            "-52": "141725",
            "-51": "0",
            "-50": "752",
            "-49": "0",
            "-48": "19467",
            "-47": "0",
            "-46": "2102",
            "-45": "0",
            "-44": "45298",
            "-43": "0",
            "-42": "25172",
            "-41": "0",
            "-40": "72162",
            "-39": "0",
            "-38": "2075",
            "-37": "0",
            "-36": "90768",
            "-35": "0",
            "-34": "1029",
            "-33": "0",
            "-32": "133146",
            "-31": "0",
            "-30": "335",
            "-29": "0",
            "-28": "23702",
            "-27": "0",
            "-26": "305",
            "-25": "0",
            "-24": "203247",
            "-23": "0",
            "-22": "278",
            "-21": "0",
            "-20": "131696",
            "-19": "0",
            "-18": "60",
            "-17": "0",
            "-16": "222976",
            "-15": "0",
            "-14": "306",
            "-13": "8",
            "-12": "420220",
            "-11": "0",
            "-10": "202",
            "-9": "9",
            "-8": "2108074",
            "-7": "0",
            "-6": "715",
            "-5": "5",
            "-4": "1034991",
            "-3": "0",
            "-2": "24439",
            "-1": "2",
            "0": "2571828",
            "1": "0",
            "2": "23163",
            "3": "0",
            "4": "1516649",
            "5": "0",
            "6": "1386",
            "7": "0",
            "8": "2632557",
            "9": "223",
            "10": "314",
            "11": "0",
            "12": "116350",
            "13": "0",
            "14": "211",
            "15": "0",
            "16": "369621",
            "17": "0",
            "18": "66",
            "19": "0",
            "20": "145508",
            "21": "0",
            "22": "51",
            "23": "0",
            "24": "190218",
            "25": "0",
            "26": "67",
            "27": "0",
            "28": "24887",
            "29": "0",
            "30": "107",
            "31": "0",
            "32": "107821",
            "33": "0",
            "34": "483",
            "35": "0",
            "36": "293640",
            "37": "0",
            "38": "1136",
            "39": "0",
            "40": "60103",
            "41": "0",
            "42": "28795",
            "43": "0",
            "44": "54093",
            "45": "0",
            "46": "1877",
            "47": "34",
            "48": "46449",
            "49": "0",
            "50": "899",
            "51": "0",
            "52": "159339",
            "53": "52",
            "54": "863",
            "55": "0",
            "56": "41641",
            "57": "300",
            "58": "283",
            "59": "0",
            "60": "5108",
            "61": "0",
            "62": "73",
            "63": "0",
            "64": "18084",
            "65": "40",
            "66": "335",
            "67": "1",
            "68": "660",
            "69": "109",
            "70": "386",
            "71": "31",
            "72": "9873",
            "73": "217",
            "74": "1733",
            "75": "1069",
            "76": "1485",
            "77": "649",
            "78": "1655",
            "79": "534",
            "80": "73335",
            "81": "1300",
            "82": "1955",
            "83": "11",
            "84": "152561",
            "85": "0",
            "86": "1241",
            "87": "0",
            "88": "67516",
            "89": "315",
            "90": "1391",
            "91": "0",
            "92": "716",
            "93": "5",
            "94": "629",
            "95": "0",
            "96": "1142",
            "97": "52",
            "98": "202",
            "99": "0",
            "100": "114",
            "101": "266",
            "102": "65",
            "103": "0",
            "104": "737",
            "105": "0",
            "106": "67",
            "107": "11",
            "108": "88",
            "109": "44",
            "110": "85",
            "111": "102",
            "112": "558",
            "113": "419",
            "114": "1946",
            "115": "1129",
            "116": "325",
            "117": "0",
            "118": "421",
            "119": "629",
            "120": "2295",
            "121": "601",
            "122": "1376",
            "123": "57",
            "124": "402",
            "125": "57",
            "126": "499",
            "127": "0",
            "128": "453",
            "129": "0",
            "130": "801",
            "131": "239",
            "132": "1404",
            "133": "732",
            "134": "1132",
            "135": "6",
            "136": "736",
            "137": "0",
            "138": "459",
            "139": "0",
            "140": "163",
            "141": "0",
            "142": "88",
            "143": "0",
            "144": "98",
            "145": "250",
            "146": "75",
            "147": "0",
            "148": "100",
            "149": "95",
            "150": "78",
            "151": "31",
            "152": "326",
            "153": "56",
            "154": "927",
            "155": "0",
            "156": "145",
            "157": "0",
            "158": "1696",
            "159": "0",
            "160": "9144",
            "161": "0",
            "162": "365",
            "163": "0",
            "164": "149716",
            "165": "7",
            "166": "1865",
            "167": "332",
            "168": "106042",
            "169": "0",
            "170": "306",
            "171": "0",
            "172": "338",
            "173": "132",
            "174": "1064",
            "175": "0",
            "176": "10211",
            "177": "46",
            "178": "476",
            "179": "4",
            "180": "1014",
            "181": "0",
            "182": "90",
            "183": "3",
            "184": "40626",
            "185": "88",
            "186": "114",
            "187": "86",
            "188": "92",
            "189": "105",
            "190": "289",
            "191": "0",
            "192": "1070",
            "193": "43",
            "194": "231",
            "195": "25",
            "196": "1246",
            "197": "0",
            "198": "40",
            "199": "1",
            "200": "9145",
            "201": "1",
            "202": "332",
            "203": "0",
            "204": "890",
            "205": "0",
            "206": "114",
            "207": "0",
            "208": "384",
            "209": "100",
            "210": "1451",
            "211": "0",
            "212": "121",
            "213": "0",
            "214": "394",
            "215": "7",
            "216": "174",
            "217": "52",
            "218": "291",
            "219": "2",
            "220": "122",
            "221": "0",
            "222": "413",
            "223": "0",
            "224": "5342",
            "225": "90",
            "226": "209",
            "227": "134",
            "228": "2632",
            "229": "65",
            "230": "2723",
            "231": "327",
            "232": "72",
            "233": "96",
            "234": "76",
            "235": "2",
            "236": "61",
            "237": "19",
            "238": "296",
            "239": "0",
            "240": "631",
            "241": "109",
            "242": "288",
            "243": "0",
            "244": "105",
            "245": "0",
            "246": "94",
            "247": "1",
            "248": "888",
            "249": "0",
            "250": "464",
            "251": "103",
            "252": "1198",
            "253": "0",
            "254": "171",
            "255": "0",
            "256": "10978060",


# END_DYNAMIC_STATS
