# Mix output version 2
# FINI: end of program
# EMIT_DYNAMIC_STATS FOR TID 1, ins = 100101494
Dynamic Instruction Count = 100101494, Dyn BBL Count = 16393186
RAWdep[ 0] = 0
RAWdep[ 1] = 42469398
RAWdep[ 2] = 17956750
RAWdep[ 3] = 14824810
RAWdep[ 4] = 7877041
RAWdep[ 5] = 4491011
RAWdep[ 6] = 4764160
RAWdep[ 7] = 2572484
RAWdep[ 8] = 3026804
RAWdep[ 9] = 2751493
RAWdep[ 10] = 2556668
RAWdep[ 11] = 1842933
RAWdep[ 12] = 1210165
RAWdep[ 13] = 1599991
RAWdep[ 14] = 844880
RAWdep[ 15] = 857433
RAWdep[ 16] = 1279157
RAWdep[ 17] = 898625
RAWdep[ 18] = 444152
RAWdep[ 19] = 809462
RAWdep[ 20] = 998635
RAWdep[ 21] = 656451
RAWdep[ 22] = 780665
RAWdep[ 23] = 836108
RAWdep[ 24] = 653830
RAWdep[ 25] = 417507
RAWdep[ 26] = 199427
RAWdep[ 27] = 440149
RAWdep[ 28] = 679268
RAWdep[ 29] = 1152445
RAWdep[ 30] = 653041
RAWdep[ 31] = 482408
RAWdep[ 32] = 1150919
RAWdep[ 33] = 29541984

WAWdep[ 0] = 0
WAWdep[ 1] = 24704264
WAWdep[ 2] = 18856717
WAWdep[ 3] = 15543502
WAWdep[ 4] = 7792812
WAWdep[ 5] = 5540927
WAWdep[ 6] = 6245210
WAWdep[ 7] = 2645802
WAWdep[ 8] = 2754208
WAWdep[ 9] = 3444084
WAWdep[ 10] = 2798727
WAWdep[ 11] = 1405589
WAWdep[ 12] = 1308154
WAWdep[ 13] = 1966209
WAWdep[ 14] = 1443257
WAWdep[ 15] = 832332
WAWdep[ 16] = 1093909
WAWdep[ 17] = 980910
WAWdep[ 18] = 479114
WAWdep[ 19] = 801444
WAWdep[ 20] = 930927
WAWdep[ 21] = 828831
WAWdep[ 22] = 438030
WAWdep[ 23] = 574813
WAWdep[ 24] = 647700
WAWdep[ 25] = 343737
WAWdep[ 26] = 266553
WAWdep[ 27] = 688369
WAWdep[ 28] = 419787
WAWdep[ 29] = 359952
WAWdep[ 30] = 267903
WAWdep[ 31] = 191076
WAWdep[ 32] = 1025793
WAWdep[ 33] = 16125809

WARdep[ 0] = 44784176
WARdep[ 1] = 9673017
WARdep[ 2] = 8588109
WARdep[ 3] = 6177680
WARdep[ 4] = 4437296
WARdep[ 5] = 3615260
WARdep[ 6] = 2827448
WARdep[ 7] = 3534275
WARdep[ 8] = 2705064
WARdep[ 9] = 1817541
WARdep[ 10] = 2567649
WARdep[ 11] = 1920024
WARdep[ 12] = 1199452
WARdep[ 13] = 1301110
WARdep[ 14] = 1065907
WARdep[ 15] = 797457
WARdep[ 16] = 946323
WARdep[ 17] = 930641
WARdep[ 18] = 961071
WARdep[ 19] = 1098254
WARdep[ 20] = 1113523
WARdep[ 21] = 887001
WARdep[ 22] = 938478
WARdep[ 23] = 415553
WARdep[ 24] = 870485
WARdep[ 25] = 981530
WARdep[ 26] = 970712
WARdep[ 27] = 754058
WARdep[ 28] = 566569
WARdep[ 29] = 551636
WARdep[ 30] = 459992
WARdep[ 31] = 677064
WARdep[ 32] = 550296
WARdep[ 33] = 13061800


		"0": "0",
		"1": "42469398",
		"2": "17956750",
		"3": "14824810",
		"4": "7877041",
		"5": "4491011",
		"6": "4764160",
		"7": "2572484",
		"8": "3026804",
		"9": "2751493",
		"10": "2556668",
		"11": "1842933",
		"12": "1210165",
		"13": "1599991",
		"14": "844880",
		"15": "857433",
		"16": "1279157",
		"17": "898625",
		"18": "444152",
		"19": "809462",
		"20": "998635",
		"21": "656451",
		"22": "780665",
		"23": "836108",
		"24": "653830",
		"25": "417507",
		"26": "199427",
		"27": "440149",
		"28": "679268",
		"29": "1152445",
		"30": "653041",
		"31": "482408",
		"32": "1150919",
		"33": "29541984",


# END_DYNAMIC_STATS
