Block 0x0: Count: 192936, Running Total: 192936
Block 0x1: Count: 232331, Running Total: 425267
Block 0x2: Count: 308032, Running Total: 733299
Block 0x3: Count: 78182, Running Total: 811481
Block 0x4: Count: 484228, Running Total: 1295709
Block 0x5: Count: 103296, Running Total: 1399005
Block 0x6: Count: 149828, Running Total: 1548833
Block 0x7: Count: 484228, Running Total: 2033061
Block 0x8: Count: 484228, Running Total: 2517289
Block 0x9: Count: 154017, Running Total: 2671306
Block 0xa: Count: 41459, Running Total: 2712765
Block 0xb: Count: 89640, Running Total: 2802405
Block 0xc: Count: 149828, Running Total: 2952233
Block 0xd: Count: 130982, Running Total: 3083215
Block 0xe: Count: 387376, Running Total: 3470591
Block 0xf: Count: 192936, Running Total: 3663527
Block 0x10: Count: 89664, Running Total: 3753191
Block 0x11: Count: 103296, Running Total: 3856487
Block 0x12: Count: 170224, Running Total: 4026711
Block 0x13: Count: 77899, Running Total: 4104610
Load metaop: *mem-read-1
Load metaop: *mem-read-2
Load metaop: *mem-read-4
Load metaop: *mem-read-8
Load metaop: *mem-read-16
Store metaop: *mem-write-1
Store metaop: *mem-write-2
Store metaop: *mem-write-4
Store metaop: *mem-write-8
Store metaop: *mem-write-16
Xfer metaop: *category-DATAXFER
Unrecognized opcode CDQ, classifying as "other"
Unrecognized opcode CDQE, classifying as "other"
Unrecognized opcode CMOVL, classifying as "other"
Unrecognized opcode CMOVLE, classifying as "other"
Unrecognized opcode CMOVNB, classifying as "other"
Unrecognized opcode CMOVNLE, classifying as "other"
Unrecognized opcode CMOVZ, classifying as "other"
Unrecognized opcode CMPXCHG, classifying as "other"
Unrecognized opcode LDDQU, classifying as "other"
Unrecognized opcode LEAVE, classifying as "other"
Unrecognized opcode NOP, classifying as "other"
Opcode REP_STOSQ has repeat prefix; discarding prefix
Unrecognized opcode SETNBE, classifying as "other"
Unrecognized opcode SETNLE, classifying as "other"
Unrecognized opcode SETNZ, classifying as "other"
Unrecognized opcode SETZ, classifying as "other"
Unrecognized opcode VADDSS, classifying as "other"
Unrecognized opcode VCVTSI2SS, classifying as "other"
Unrecognized opcode VCVTTSS2SI, classifying as "other"
Unrecognized opcode VDIVSS, classifying as "other"
Unrecognized opcode VMOVSS, classifying as "other"
Unrecognized opcode VSUBSS, classifying as "other"
Unrecognized opcode VUCOMISS, classifying as "other"
Unrecognized opcode VXORPS, classifying as "other"
Total metaop: *total

Done parsing file

"Other" ratio: 28.5347992224%
Sum category count: 142762960
Static BBL count: 20

# FINI: end of program
Dynamic Instruction Count = 100101509, Dyn BBL Count = 4104610
<DynInsCount> 100101509
<BBLCount> 4104610
<TotInsCount> 100101509
<IntCount> 39083237
<IntMulCount> 936351
<IntDivCount> 219758
<FPCount> 0
<FPMulCount> 0
<FPDivCount> 0
<LdCount> 26343869
<StCount> 9481142
<Br/CallCount> 15823461
<CondBrCount> 10138018
<OtherCount> 40737124
<SysCallCount> 0

# END_DYNAMIC_STATS


Saving to file ./pinball_out/t0r8/imix_new.out


