# Mix output version 2
# FINI: end of program
# EMIT_DYNAMIC_STATS FOR TID 1, ins = 100101509
Dynamic Instruction Count = 100101509, Dyn BBL Count = 15829936
RAWdep[ 0] = 0
RAWdep[ 1] = 42725962
RAWdep[ 2] = 17087457
RAWdep[ 3] = 14914968
RAWdep[ 4] = 8125762
RAWdep[ 5] = 4302744
RAWdep[ 6] = 4739323
RAWdep[ 7] = 2919193
RAWdep[ 8] = 2808389
RAWdep[ 9] = 2697340
RAWdep[ 10] = 2343592
RAWdep[ 11] = 1915565
RAWdep[ 12] = 1293976
RAWdep[ 13] = 1503221
RAWdep[ 14] = 635734
RAWdep[ 15] = 1068271
RAWdep[ 16] = 1256442
RAWdep[ 17] = 1175497
RAWdep[ 18] = 456164
RAWdep[ 19] = 848576
RAWdep[ 20] = 912731
RAWdep[ 21] = 560317
RAWdep[ 22] = 806330
RAWdep[ 23] = 1008491
RAWdep[ 24] = 683544
RAWdep[ 25] = 405614
RAWdep[ 26] = 224028
RAWdep[ 27] = 435211
RAWdep[ 28] = 726124
RAWdep[ 29] = 1082746
RAWdep[ 30] = 444402
RAWdep[ 31] = 461381
RAWdep[ 32] = 1013671
RAWdep[ 33] = 30056110

WAWdep[ 0] = 0
WAWdep[ 1] = 25136445
WAWdep[ 2] = 18061549
WAWdep[ 3] = 15881397
WAWdep[ 4] = 7820640
WAWdep[ 5] = 5497761
WAWdep[ 6] = 6764630
WAWdep[ 7] = 2763194
WAWdep[ 8] = 2556617
WAWdep[ 9] = 3674396
WAWdep[ 10] = 2940427
WAWdep[ 11] = 1426267
WAWdep[ 12] = 1484697
WAWdep[ 13] = 2604017
WAWdep[ 14] = 1167710
WAWdep[ 15] = 960420
WAWdep[ 16] = 1218182
WAWdep[ 17] = 1002245
WAWdep[ 18] = 510877
WAWdep[ 19] = 725212
WAWdep[ 20] = 890072
WAWdep[ 21] = 826573
WAWdep[ 22] = 364383
WAWdep[ 23] = 369966
WAWdep[ 24] = 692494
WAWdep[ 25] = 289087
WAWdep[ 26] = 204042
WAWdep[ 27] = 613476
WAWdep[ 28] = 340213
WAWdep[ 29] = 252588
WAWdep[ 30] = 225414
WAWdep[ 31] = 191025
WAWdep[ 32] = 939599
WAWdep[ 33] = 16238588

WARdep[ 0] = 44900584
WARdep[ 1] = 9309183
WARdep[ 2] = 8619699
WARdep[ 3] = 6034947
WARdep[ 4] = 4479852
WARdep[ 5] = 4088745
WARdep[ 6] = 2744801
WARdep[ 7] = 3424184
WARdep[ 8] = 2681568
WARdep[ 9] = 2095084
WARdep[ 10] = 2895660
WARdep[ 11] = 2107419
WARdep[ 12] = 1432064
WARdep[ 13] = 1277832
WARdep[ 14] = 1099572
WARdep[ 15] = 673146
WARdep[ 16] = 1010281
WARdep[ 17] = 769559
WARdep[ 18] = 946631
WARdep[ 19] = 1072784
WARdep[ 20] = 1167519
WARdep[ 21] = 827703
WARdep[ 22] = 869871
WARdep[ 23] = 331700
WARdep[ 24] = 807890
WARdep[ 25] = 883403
WARdep[ 26] = 904256
WARdep[ 27] = 709038
WARdep[ 28] = 509757
WARdep[ 29] = 512104
WARdep[ 30] = 419671
WARdep[ 31] = 668979
WARdep[ 32] = 616777
WARdep[ 33] = 13741940


		"0": "0",
		"1": "42725962",
		"2": "17087457",
		"3": "14914968",
		"4": "8125762",
		"5": "4302744",
		"6": "4739323",
		"7": "2919193",
		"8": "2808389",
		"9": "2697340",
		"10": "2343592",
		"11": "1915565",
		"12": "1293976",
		"13": "1503221",
		"14": "635734",
		"15": "1068271",
		"16": "1256442",
		"17": "1175497",
		"18": "456164",
		"19": "848576",
		"20": "912731",
		"21": "560317",
		"22": "806330",
		"23": "1008491",
		"24": "683544",
		"25": "405614",
		"26": "224028",
		"27": "435211",
		"28": "726124",
		"29": "1082746",
		"30": "444402",
		"31": "461381",
		"32": "1013671",
		"33": "30056110",


# END_DYNAMIC_STATS
