Block 0x0: Count: 162221, Running Total: 162221
Block 0x1: Count: 222522, Running Total: 384743
Block 0x2: Count: 303501, Running Total: 688244
Block 0x3: Count: 62507, Running Total: 750751
Block 0x4: Count: 274120, Running Total: 1024871
Block 0x5: Count: 356298, Running Total: 1381169
Block 0x6: Count: 150545, Running Total: 1531714
Block 0x7: Count: 134208, Running Total: 1665922
Block 0x8: Count: 211361, Running Total: 1877283
Block 0x9: Count: 137060, Running Total: 2014343
Block 0xa: Count: 87516, Running Total: 2101859
Block 0xb: Count: 74704, Running Total: 2176563
Block 0xc: Count: 41762, Running Total: 2218325
Block 0xd: Count: 134208, Running Total: 2352533
Block 0xe: Count: 356298, Running Total: 2708831
Block 0xf: Count: 356298, Running Total: 3065129
Block 0x10: Count: 87594, Running Total: 3152723
Block 0x11: Count: 162220, Running Total: 3314943
Block 0x12: Count: 287137, Running Total: 3602080
Block 0x13: Count: 33552, Running Total: 3635632
Load metaop: *mem-read-1
Load metaop: *mem-read-2
Load metaop: *mem-read-4
Load metaop: *mem-read-8
Load metaop: *mem-read-16
Store metaop: *mem-write-1
Store metaop: *mem-write-2
Store metaop: *mem-write-4
Store metaop: *mem-write-8
Store metaop: *mem-write-16
Xfer metaop: *category-DATAXFER
Unrecognized opcode CDQ, classifying as "other"
Unrecognized opcode CDQE, classifying as "other"
Unrecognized opcode CMOVB, classifying as "other"
Unrecognized opcode CMOVBE, classifying as "other"
Unrecognized opcode CMOVL, classifying as "other"
Unrecognized opcode CMOVLE, classifying as "other"
Unrecognized opcode CMOVNB, classifying as "other"
Unrecognized opcode CMOVNBE, classifying as "other"
Unrecognized opcode CMOVNLE, classifying as "other"
Unrecognized opcode CMOVNS, classifying as "other"
Unrecognized opcode CMOVNZ, classifying as "other"
Unrecognized opcode CMOVS, classifying as "other"
Unrecognized opcode CMOVZ, classifying as "other"
Unrecognized opcode CMPXCHG, classifying as "other"
Unrecognized opcode FNSTCW, classifying as "other"
Unrecognized opcode LDDQU, classifying as "other"
Unrecognized opcode LEAVE, classifying as "other"
Unrecognized opcode NOP, classifying as "other"
Unrecognized opcode PCMPEQB, classifying as "other"
Unrecognized opcode PMOVMSKB, classifying as "other"
Unrecognized opcode PSHUFD, classifying as "other"
Unrecognized opcode PSLLDQ, classifying as "other"
Unrecognized opcode PSUBB, classifying as "other"
Unrecognized opcode PUNPCKLBW, classifying as "other"
Unrecognized opcode PUNPCKLWD, classifying as "other"
Unrecognized opcode REPNE_SCASB, classifying as "other"
Opcode REP_STOSD has repeat prefix; discarding prefix
Opcode REP_STOSQ has repeat prefix; discarding prefix
Unrecognized opcode SETNBE, classifying as "other"
Unrecognized opcode SETNLE, classifying as "other"
Unrecognized opcode SETNZ, classifying as "other"
Unrecognized opcode SETZ, classifying as "other"
Unrecognized opcode VADDSS, classifying as "other"
Unrecognized opcode VCVTPS2PD, classifying as "other"
Unrecognized opcode VCVTSI2SS, classifying as "other"
Unrecognized opcode VCVTTSS2SI, classifying as "other"
Unrecognized opcode VDIVSS, classifying as "other"
Unrecognized opcode VEXTRACTF128, classifying as "other"
Unrecognized opcode VMOVAPS, classifying as "other"
Unrecognized opcode VMOVDQU, classifying as "other"
Unrecognized opcode VMOVSS, classifying as "other"
Unrecognized opcode VPXOR, classifying as "other"
Unrecognized opcode VSUBSS, classifying as "other"
Unrecognized opcode VUCOMISS, classifying as "other"
Unrecognized opcode VUNPCKLPS, classifying as "other"
Unrecognized opcode VXORPS, classifying as "other"
Unrecognized opcode VZEROUPPER, classifying as "other"
Total metaop: *total

Done parsing file

"Other" ratio: 28.5396497714%
Sum category count: 145058970
Static BBL count: 20

# FINI: end of program
Dynamic Instruction Count = 100101555, Dyn BBL Count = 3635632
<DynInsCount> 100101555
<BBLCount> 3635632
<TotInsCount> 100101555
<IntCount> 38364467
<IntMulCount> 664239
<IntDivCount> 116189
<FPCount> 0
<FPMulCount> 0
<FPDivCount> 0
<LdCount> 26546601
<StCount> 11149270
<Br/CallCount> 16146483
<CondBrCount> 10672399
<OtherCount> 41399322
<SysCallCount> 0

# END_DYNAMIC_STATS


Saving to file ./pinball_out/t0r29/imix_new.out


