# Mix output version 2
# FINI: end of program
# EMIT_DYNAMIC_STATS FOR TID 1, ins = 100101555
Dynamic Instruction Count = 100101555, Dyn BBL Count = 16151775
RAWdep[ 0] = 0
RAWdep[ 1] = 42914097
RAWdep[ 2] = 16510742
RAWdep[ 3] = 14561391
RAWdep[ 4] = 8039263
RAWdep[ 5] = 4515467
RAWdep[ 6] = 4920589
RAWdep[ 7] = 2927178
RAWdep[ 8] = 3129375
RAWdep[ 9] = 2884417
RAWdep[ 10] = 2691704
RAWdep[ 11] = 2420240
RAWdep[ 12] = 1318037
RAWdep[ 13] = 1526750
RAWdep[ 14] = 804750
RAWdep[ 15] = 1018674
RAWdep[ 16] = 1344706
RAWdep[ 17] = 1116118
RAWdep[ 18] = 536931
RAWdep[ 19] = 831489
RAWdep[ 20] = 1018104
RAWdep[ 21] = 634830
RAWdep[ 22] = 800204
RAWdep[ 23] = 914202
RAWdep[ 24] = 621443
RAWdep[ 25] = 416251
RAWdep[ 26] = 250453
RAWdep[ 27] = 490289
RAWdep[ 28] = 722224
RAWdep[ 29] = 1107524
RAWdep[ 30] = 538833
RAWdep[ 31] = 456134
RAWdep[ 32] = 1016864
RAWdep[ 33] = 30166240

WAWdep[ 0] = 0
WAWdep[ 1] = 23882984
WAWdep[ 2] = 18569744
WAWdep[ 3] = 14859507
WAWdep[ 4] = 7381099
WAWdep[ 5] = 5434801
WAWdep[ 6] = 6266855
WAWdep[ 7] = 2523089
WAWdep[ 8] = 2537331
WAWdep[ 9] = 3389522
WAWdep[ 10] = 3043030
WAWdep[ 11] = 1917723
WAWdep[ 12] = 1446635
WAWdep[ 13] = 2160968
WAWdep[ 14] = 1247931
WAWdep[ 15] = 840119
WAWdep[ 16] = 1131009
WAWdep[ 17] = 957690
WAWdep[ 18] = 534202
WAWdep[ 19] = 745200
WAWdep[ 20] = 901350
WAWdep[ 21] = 807325
WAWdep[ 22] = 405193
WAWdep[ 23] = 433338
WAWdep[ 24] = 558031
WAWdep[ 25] = 326977
WAWdep[ 26] = 233376
WAWdep[ 27] = 619673
WAWdep[ 28] = 367086
WAWdep[ 29] = 318536
WAWdep[ 30] = 228487
WAWdep[ 31] = 216215
WAWdep[ 32] = 901991
WAWdep[ 33] = 15850392

WARdep[ 0] = 43634434
WARdep[ 1] = 10107248
WARdep[ 2] = 8253523
WARdep[ 3] = 5793164
WARdep[ 4] = 4536038
WARdep[ 5] = 3555118
WARdep[ 6] = 2645451
WARdep[ 7] = 3347906
WARdep[ 8] = 2508976
WARdep[ 9] = 2116210
WARdep[ 10] = 2916200
WARdep[ 11] = 2006744
WARdep[ 12] = 1255219
WARdep[ 13] = 1222820
WARdep[ 14] = 1058718
WARdep[ 15] = 639841
WARdep[ 16] = 929573
WARdep[ 17] = 847734
WARdep[ 18] = 860324
WARdep[ 19] = 966074
WARdep[ 20] = 1090495
WARdep[ 21] = 815931
WARdep[ 22] = 812313
WARdep[ 23] = 331238
WARdep[ 24] = 772490
WARdep[ 25] = 844670
WARdep[ 26] = 854502
WARdep[ 27] = 680084
WARdep[ 28] = 498121
WARdep[ 29] = 510627
WARdep[ 30] = 440700
WARdep[ 31] = 625523
WARdep[ 32] = 555143
WARdep[ 33] = 13004257


		"0": "0",
		"1": "42914097",
		"2": "16510742",
		"3": "14561391",
		"4": "8039263",
		"5": "4515467",
		"6": "4920589",
		"7": "2927178",
		"8": "3129375",
		"9": "2884417",
		"10": "2691704",
		"11": "2420240",
		"12": "1318037",
		"13": "1526750",
		"14": "804750",
		"15": "1018674",
		"16": "1344706",
		"17": "1116118",
		"18": "536931",
		"19": "831489",
		"20": "1018104",
		"21": "634830",
		"22": "800204",
		"23": "914202",
		"24": "621443",
		"25": "416251",
		"26": "250453",
		"27": "490289",
		"28": "722224",
		"29": "1107524",
		"30": "538833",
		"31": "456134",
		"32": "1016864",
		"33": "30166240",


# END_DYNAMIC_STATS
