# Mix output version 2
# FINI: end of program
# EMIT_DYNAMIC_STATS FOR TID 1, ins = 100001482
Dynamic Instruction Count = 100001482, Dyn BBL Count = 2071546
RAWdep[ 0] = 0
RAWdep[ 1] = 31566422
RAWdep[ 2] = 19137158
RAWdep[ 3] = 16547690
RAWdep[ 4] = 5869403
RAWdep[ 5] = 6510545
RAWdep[ 6] = 1430357
RAWdep[ 7] = 1652314
RAWdep[ 8] = 3477240
RAWdep[ 9] = 3674519
RAWdep[ 10] = 2342816
RAWdep[ 11] = 1701625
RAWdep[ 12] = 2392136
RAWdep[ 13] = 1208397
RAWdep[ 14] = 1726287
RAWdep[ 15] = 2860708
RAWdep[ 16] = 2959351
RAWdep[ 17] = 1627650
RAWdep[ 18] = 1627653
RAWdep[ 19] = 1109763
RAWdep[ 20] = 813825
RAWdep[ 21] = 863148
RAWdep[ 22] = 2638758
RAWdep[ 23] = 2145528
RAWdep[ 24] = 2071555
RAWdep[ 25] = 2194854
RAWdep[ 26] = 295937
RAWdep[ 27] = 3353922
RAWdep[ 28] = 517889
RAWdep[ 29] = 73986
RAWdep[ 30] = 493229
RAWdep[ 31] = 49324
RAWdep[ 32] = 98646
RAWdep[ 33] = 26584918

WAWdep[ 0] = 0
WAWdep[ 1] = 50679045
WAWdep[ 2] = 35043715
WAWdep[ 3] = 18594604
WAWdep[ 4] = 5302174
WAWdep[ 5] = 2367482
WAWdep[ 6] = 2762059
WAWdep[ 7] = 1726287
WAWdep[ 8] = 3304613
WAWdep[ 9] = 3156639
WAWdep[ 10] = 2318156
WAWdep[ 11] = 1307039
WAWdep[ 12] = 1159075
WAWdep[ 13] = 912461
WAWdep[ 14] = 1183738
WAWdep[ 15] = 887810
WAWdep[ 16] = 1652298
WAWdep[ 17] = 838487
WAWdep[ 18] = 271277
WAWdep[ 19] = 345260
WAWdep[ 20] = 271275
WAWdep[ 21] = 24661
WAWdep[ 22] = 73985
WAWdep[ 23] = 1331701
WAWdep[ 24] = 73985
WAWdep[ 25] = 271275
WAWdep[ 26] = 24661
WAWdep[ 27] = 2589409
WAWdep[ 28] = 246613
WAWdep[ 29] = 271275
WAWdep[ 30] = 24662
WAWdep[ 31] = 517890
WAWdep[ 32] = 24661
WAWdep[ 33] = 7176446

WARdep[ 0] = 66659445
WARdep[ 1] = 18594622
WARdep[ 2] = 2663413
WARdep[ 3] = 1208407
WARdep[ 4] = 739841
WARdep[ 5] = 1109751
WARdep[ 6] = 1356364
WARdep[ 7] = 2984002
WARdep[ 8] = 221953
WARdep[ 9] = 739841
WARdep[ 10] = 221953
WARdep[ 11] = 986444
WARdep[ 12] = 49325
WARdep[ 13] = 246614
WARdep[ 14] = 221953
WARdep[ 15] = 49323
WARdep[ 16] = 246614
WARdep[ 17] = 246614
WARdep[ 18] = 73984
WARdep[ 19] = 271275
WARdep[ 20] = 24661
WARdep[ 21] = 271276
WARdep[ 22] = 246614
WARdep[ 23] = 0
WARdep[ 24] = 1011105
WARdep[ 25] = 271275
WARdep[ 26] = 986444
WARdep[ 27] = 271276
WARdep[ 28] = 24661
WARdep[ 29] = 221953
WARdep[ 30] = 246613
WARdep[ 31] = 24663
WARdep[ 32] = 246614
WARdep[ 33] = 43995825


		"0": "0",
		"1": "31566422",
		"2": "19137158",
		"3": "16547690",
		"4": "5869403",
		"5": "6510545",
		"6": "1430357",
		"7": "1652314",
		"8": "3477240",
		"9": "3674519",
		"10": "2342816",
		"11": "1701625",
		"12": "2392136",
		"13": "1208397",
		"14": "1726287",
		"15": "2860708",
		"16": "2959351",
		"17": "1627650",
		"18": "1627653",
		"19": "1109763",
		"20": "813825",
		"21": "863148",
		"22": "2638758",
		"23": "2145528",
		"24": "2071555",
		"25": "2194854",
		"26": "295937",
		"27": "3353922",
		"28": "517889",
		"29": "73986",
		"30": "493229",
		"31": "49324",
		"32": "98646",
		"33": "26584918",


# END_DYNAMIC_STATS
