# Branch output version 3
Dynamic_Instruction_Count: 100101504
Dynamic_Conditional_Branch_Count: 11117118
Dynamic_Unconditional_Branch_Count: 5459993
Total_Taken_Branches: 10194625
Total_Branch_Transitions: 2610099

Local Branch Stats (Total Count; Taken Count; Transition Count)
24208 7852 10774
16356 4228 7828
24208 18156 12103
6052 0 0
6052 4992 2018
1060 1031 57
7852 6384 2935
2284 816 816
4228 30 60
4198 2905 2428
6052 0 0
6052 0 0
6052 0 0
6052 0 0
6052 6052 0
64323 0 0
64323 0 0
64323 0 0
64323 0 0
70375 64323 12103
6052 1376 2752
4676 1703 3014
2973 1466 2931
4545 4545 0
1703 0 0
3079 0 0
27 0 0
27 0 0
27 0 0
27 0 0
6052 0 0
6052 588 1173
5464 0 0
6052 588 1173
5464 0 0
1176 1176 0
1176 0 0
1176 1176 0
1176 0 0
1176 0 0
1176 1176 0
1176 0 0
1176 0 0
1176 1176 0
588 588 0
588 0 0
28288 8437 11001
24942 1715 3407
47628 28288 16383
22686 19109 6956
5292 4704 1175
8437 5091 3105
588 587 2
29183 491 982
28692 0 0
28692 97 194
28595 1644 2302
27538 10024 1164
17514 386 748
223554 6082 12163
6667 603 1175
6079 6079 0
603 15 30
6079 0 0
6079 27 54
6052 6052 0
15 0 0
588 588 0
588 0 0
588 588 0
588 0 0
588 0 0
588 8 14
588 0 0
588 0 0
588 588 0
588 588 0
588 0 0
588 588 0
588 0 0
588 588 0
588 0 0
588 0 0
497 429 134
68 26 41
42 7 14
40 11 19
29 1 2
30 10 15
20 0 0
20 3 6
17 4 5
52 13 25
39 2 3
25 10 19
52 25 28
52 39 25
13 0 0
13 2 3
13 0 0
13 0 0
52 13 25
39 2 3
25 10 19
52 25 28
52 39 25
26 21 10
11 9 3
10 10 0
3 3 0
126882 76513 43772
50369 1146 1791
49223 333 584
48890 337 590
24208 6052 12103
18156 3794 4988
11889 2996 5856
23255 11889 16812
24208 18156 12103
9136 2284 4567
6852 26 52
5805 1833 2800
10798 5805 7093
9136 6852 4567
588 0 0
4939 368 735
8437 4939 3386
3498 3278 440
4348 945 1062
4348 2582 1491
4348 1554 1366
4348 4198 254
4348 3456 1674
892 0 0
892 66 129
826 0 0
826 54 31
1554 637 1255
917 0 0
917 3 6
914 5 10
2582 0 0
2582 171 338
2411 16 32
2395 13 26
945 53 35
892 15 30
877 8 16
869 0 0
8640 2160 4319
6480 794 1176
4417 1542 2259
8561 4417 5703
8640 6480 4319
8640 2479 4294
8640 6480 4319
21516 5379 10757
16137 3420 5409
9079 2356 3786
19440 9079 13112
21516 16137 10757
5379 2900 1404
27538 2160 4058
101512 25378 50755
76134 17578 23956
42346 10392 14584
90510 42346 60480
101512 76134 50755
101513 65018 40767
101514 76135 50757
25379 592 1174
65018 32274 32212
32744 0 0
32744 6605 11298
26139 16752 13656
16405 3263 5114
16405 3469 5153
16405 3702 5502
16405 9387 5059
16405 13309 5002
3096 674 930
2422 435 734
1987 0 0
1987 213 390
32274 26578 9562
36132 9033 18065
27099 7730 9124
13862 3240 4726
29992 13862 19959
36133 27099 18066
9034 3337 2160
7236 1809 3617
5427 1577 2109
2413 1022 1132
5241 2413 3586
7236 5427 3617
1809 1217 1183
3702 759 1092
2943 0 0
2943 129 234
2814 55 98
3469 0 0
3469 737 1175
2732 100 180
2632 150 264
3263 961 1414
2302 207 350
2095 213 409
1882 0 0
23548 4048 6757
23548 3879 6276
23548 2915 5092
23548 16752 4540
23548 18469 7715
5079 1023 1524
4056 1039 1566
3017 0 0
3017 1069 1394
2915 875 1218
2040 0 0
2040 391 650
1649 394 594
3879 0 0
3879 768 1238
3111 833 1210
2278 705 973
4048 1002 1469
3046 747 1254
2299 586 892
1713 0 0
8437 5075 3115
3362 1617 1651
1745 1741 8
1617 12 24
171482 123401 59692
48081 29492 22497
18589 17817 1099
29492 3206 3816
87574 70089 22190
70089 9140 11878
66819 16477 20918
50342 5058 7062
48996 7986 11431
41010 5908 7962
39234 5712 7872
33522 4519 5815
32698 2604 3988
30094 4695 5880
99921 12708 24689
87213 27107 38902
97622 74522 46199
12708 0 0
1464 604 252
13568 1464 2266
12104 860 1356
27107 15371 9739
57944 30616 26548
107723 32242 55793
106284 80395 51777
56505 46208 15289
10297 10297 0
32242 16893 22662
7727 6288 1567
16788 7727 8200
9061 1439 2391
9140 5870 3285
5058 3712 1581
5908 4132 1870
4519 3695 1028
187980 23300 46593
219384 168854 77163
50530 38697 10918
31404 27281 7626
38697 2554 4646
37040 31418 9001
29592 1796 3336
28597 23869 6914
24767 2218 4082
23482 19492 6226
21846 860 1614
21458 18054 5096
20202 6928 8592
52439 6221 12143
46218 5322 8569
51363 12198 24395
6221 0 0
522 66 104
6677 522 1024
6155 456 764
5322 2406 2223
11255 5847 4400
20710 7161 11467
20090 15302 9576
10635 8339 2647
2296 2296 0
7161 3713 5009
1610 990 485
4068 1610 1950
2458 620 969
2554 897 1227
1796 801 914
2218 933 1117
860 472 374
23869 20039 6379
31418 23970 10916
19492 17856 2882
18054 16798 2284
27423 25156 4394
197 180 28
2369 83 150
2286 5 8
2281 1005 1031
1465 516 659
1115 698 494
477 50 80
427 59 94
2172 85 154
1005 189 285
516 166 217
698 60 106
968 195 356
968 250 388
968 164 292
968 220 394
39096 15621 14980
39096 22770 16638
39096 26009 14671
39096 28774 13482
109692 29234 39830
109692 82269 54845
29234 20928 10574
8306 8306 0
8306 3621 3469
106440 47560 52810
106440 79830 53219
26610 18304 8304
8306 5921 3075
2385 684 1181
1701 0 0
47560 37881 13816
9679 85 22
9594 4197 4904
7634 2237 3758
5397 4622 1282
4972 4972 0
6489 1517 1492
4972 2018 1992
2954 874 1090
2080 914 867
1166 1166 0
1517 1517 0
16845 8539 6798
8306 1823 2620
6483 2003 2565
4480 2735 1867
1745 1745 0
8539 8539 0
786 786 0
786 596 212
190 190 0
786 0 0
786 596 212
786 786 0
786 596 212
190 0 0
190 190 0
29183 0 0
6667 6407 520
6407 6406 2
13337 0 0
80003 39918 39916
40085 0 0
40085 40085 0
39884 4455 8014
75514 250 500
75264 19225 23610
56039 20409 16424
39918 0 0
39918 0 0
78939 227 454
78712 19393 24688
59319 38053 19314
40886 39021 3494
1865 38 74
5657 346 673
7138 14 28
7124 2753 3194
4371 1481 1833
5785 329 645
9889 11 22
9878 2725 3178
7153 4104 2338
4455 4433 44
29183 1181 2322
28002 28002 0
80003 735 742
79268 59451 39633
50753 18907 28735
31846 30936 1820
18907 0 0
28002 579 1150
27423 9457 13286
42169 24203 22570
17966 1148 2094
16818 0 0
39879 783 1198
198940 33855 61315
165085 159844 10482
39096 24388 14940
39879 23061 21274
16818 8187 7916
8631 6646 2976
2819 0 0
2819 834 1070
8631 8631 0
27 27 0
6052 0 0
6052 6052 0
6052 6052 0
259308 236622 12834
259308 258720 1175
588 0 0
196641 0 0
6670 4443 245
6670 3482 6376
3188 0 0
3188 2131 245
3482 1170 245
6079 0 0
6079 6079 0
217369 0 0
223448 0 0
223448 7848 5614
223448 211658 20309
223448 217369 12157
6082 0 0
6082 3188 5787
2894 973 245
23772 652 1304
35318 23772 15905
11546 11225 641
3188 1057 245
39355 1057 2113
39355 26102 18163
79207 2131 4261
79207 52554 36865
69674 1921 3841
69674 47704 30566
15 15 0
15 15 0
15 15 0
499 15 29
499 15 29
484 413 128
484 459 50
15 15 0
507 15 29
507 3 6
504 7 14
497 13 24
484 92 123
392 0 0
15 0 0
15 10 5
5 0 0
3137 0 0
3137 0 0
3137 0 0
3137 0 0
3137 2379 1372
758 0 0
758 0 0
758 0 0
758 758 0
758 0 0
758 163 240
595 595 0
758 758 0
758 0 0
758 163 240
595 595 0
2379 0 0
2379 2379 0
2379 0 0
2379 2379 0
2379 0 0
2379 0 0
2379 0 0
2379 0 0
2379 1791 1175
588 0 0
588 0 0
588 0 0
588 588 0
2379 0 0
2379 1844 1069
535 0 0
535 0 0
535 0 0
535 10 20
525 0 0
2379 0 0
2379 1854 1049
2379 2379 0
2379 2379 0
2379 0 0
2379 0 0
2379 0 0
2379 2379 0
2379 0 0
2379 2379 0
3637 0 0
3637 2379 1192
1258 499 30
759 759 0
759 0 0
2878 0 0
2878 2492 772
386 0 0
386 0 0
386 386 0
3197 0 0
2454 0 0
4946 1459 2893
3487 0 0
3487 0 0
3487 0 0
3487 2270 1227
3047 593 1182
2454 1901 1106
553 453 2
327 281 3
46 0 0
46 0 0
453 227 3
226 0 0
227 0 0
2270 1203 1226
1067 627 84
440 114 29
440 440 0
1459 0 0
1755 582 566
1173 0 0
1173 720 905
453 0 0
453 453 0
16405 0 0
18160 16405 2529
1755 1459 514
593 0 0
759 759 0
1459 0 0
1459 0 0
1459 0 0
1459 0 0
1459 905 1107
554 554 0
1459 1193 532
266 0 0
1193 0 0
1193 0 0
1193 639 1107
554 0 0
554 0 0
554 0 0
3637 0 0
3637 0 0
3637 3637 0
3637 0 0
3637 0 0
3637 3637 0
3637 0 0
3637 0 0
3637 0 0
3637 0 0
3137 0 0
3137 0 0
3137 0 0
3137 3137 0
5292 0 0
5292 0 0
5292 5292 0
5292 0 0
5292 0 0
5292 0 0
69384 64092 10583
2542 390 647
2152 0 0
2152 2059 132
390 293 66
293 293 0
2059 0 0
2059 2059 0
293 0 0
586 293 585
4118 2059 4117
3637 0 0
