Block 0x0: Count: 118364, Running Total: 118364
Block 0x1: Count: 196641, Running Total: 315005
Block 0x2: Count: 223448, Running Total: 538453
Block 0x3: Count: 217472, Running Total: 755925
Block 0x4: Count: 215600, Running Total: 971525
Block 0x5: Count: 259308, Running Total: 1230833
Block 0x6: Count: 48081, Running Total: 1278914
Block 0x7: Count: 219384, Running Total: 1498298
Block 0x8: Count: 126882, Running Total: 1625180
Block 0x9: Count: 79268, Running Total: 1704448
Block 0xa: Count: 171482, Running Total: 1875930
Block 0xb: Count: 101512, Running Total: 1977442
Block 0xc: Count: 109692, Running Total: 2087134
Block 0xd: Count: 80003, Running Total: 2167137
Block 0xe: Count: 223448, Running Total: 2390585
Block 0xf: Count: 223448, Running Total: 2614033
Block 0x10: Count: 101513, Running Total: 2715546
Block 0x11: Count: 99921, Running Total: 2815467
Block 0x12: Count: 198940, Running Total: 3014407
Block 0x13: Count: 259308, Running Total: 3273715
Load metaop: *mem-read-1
Load metaop: *mem-read-2
Load metaop: *mem-read-4
Load metaop: *mem-read-8
Load metaop: *mem-read-16
Store metaop: *mem-write-1
Store metaop: *mem-write-2
Store metaop: *mem-write-4
Store metaop: *mem-write-8
Store metaop: *mem-write-16
Xfer metaop: *category-DATAXFER
Unrecognized opcode CDQ, classifying as "other"
Unrecognized opcode CDQE, classifying as "other"
Unrecognized opcode CMOVL, classifying as "other"
Unrecognized opcode CMOVLE, classifying as "other"
Unrecognized opcode CMOVNB, classifying as "other"
Unrecognized opcode CMOVNLE, classifying as "other"
Unrecognized opcode CMOVNZ, classifying as "other"
Unrecognized opcode CMOVZ, classifying as "other"
Unrecognized opcode CMPXCHG, classifying as "other"
Unrecognized opcode LDDQU, classifying as "other"
Unrecognized opcode LEAVE, classifying as "other"
Unrecognized opcode NOP, classifying as "other"
Opcode REP_STOSQ has repeat prefix; discarding prefix
Unrecognized opcode SETNBE, classifying as "other"
Unrecognized opcode SETNLE, classifying as "other"
Unrecognized opcode SETNZ, classifying as "other"
Unrecognized opcode SETZ, classifying as "other"
Unrecognized opcode VADDSS, classifying as "other"
Unrecognized opcode VCVTSI2SS, classifying as "other"
Unrecognized opcode VCVTTSS2SI, classifying as "other"
Unrecognized opcode VDIVSS, classifying as "other"
Unrecognized opcode VMOVSS, classifying as "other"
Unrecognized opcode VSUBSS, classifying as "other"
Unrecognized opcode VUCOMISS, classifying as "other"
Unrecognized opcode VXORPS, classifying as "other"
Total metaop: *total

Done parsing file

"Other" ratio: 27.4972210342%
Sum category count: 141152333
Static BBL count: 20

# FINI: end of program
Dynamic Instruction Count = 100101504, Dyn BBL Count = 3273715
<DynInsCount> 100101504
<BBLCount> 3273715
<TotInsCount> 100101504
<IntCount> 38911119
<IntMulCount> 1679201
<IntDivCount> 676421
<FPCount> 0
<FPMulCount> 0
<FPDivCount> 0
<LdCount> 24042731
<StCount> 9335663
<Br/CallCount> 16577111
<CondBrCount> 11117118
<OtherCount> 38812969
<SysCallCount> 0

# END_DYNAMIC_STATS


Saving to file ./pinball_out/t0r17/imix_new.out


