# Mix output version 2
# FINI: end of program
# EMIT_DYNAMIC_STATS FOR TID 1
# instructions = 100101504, basic blocks = 16674565
Local Byte Stride Bucket -256 is equal to 1299432
Local Byte Stride Bucket -252 is equal to 6442
Local Byte Stride Bucket -250 is equal to 1
Local Byte Stride Bucket -248 is equal to 6499
Local Byte Stride Bucket -247 is equal to 1
Local Byte Stride Bucket -246 is equal to 1
Local Byte Stride Bucket -244 is equal to 5593
Local Byte Stride Bucket -241 is equal to 4
Local Byte Stride Bucket -240 is equal to 5161
Local Byte Stride Bucket -236 is equal to 7526
Local Byte Stride Bucket -235 is equal to 2
Local Byte Stride Bucket -234 is equal to 1
Local Byte Stride Bucket -232 is equal to 10550
Local Byte Stride Bucket -230 is equal to 54
Local Byte Stride Bucket -228 is equal to 9304
Local Byte Stride Bucket -226 is equal to 5
Local Byte Stride Bucket -225 is equal to 1
Local Byte Stride Bucket -224 is equal to 737707
Local Byte Stride Bucket -222 is equal to 17
Local Byte Stride Bucket -220 is equal to 6856
Local Byte Stride Bucket -218 is equal to 31
Local Byte Stride Bucket -216 is equal to 9119
Local Byte Stride Bucket -215 is equal to 1
Local Byte Stride Bucket -214 is equal to 32
Local Byte Stride Bucket -213 is equal to 1
Local Byte Stride Bucket -212 is equal to 5802
Local Byte Stride Bucket -211 is equal to 1
Local Byte Stride Bucket -210 is equal to 81
Local Byte Stride Bucket -209 is equal to 13
Local Byte Stride Bucket -208 is equal to 7964
Local Byte Stride Bucket -207 is equal to 4
Local Byte Stride Bucket -206 is equal to 354
Local Byte Stride Bucket -204 is equal to 7145
Local Byte Stride Bucket -202 is equal to 56
Local Byte Stride Bucket -201 is equal to 3
Local Byte Stride Bucket -200 is equal to 6273
Local Byte Stride Bucket -199 is equal to 2
Local Byte Stride Bucket -198 is equal to 151
Local Byte Stride Bucket -197 is equal to 1
Local Byte Stride Bucket -196 is equal to 7175
Local Byte Stride Bucket -195 is equal to 1
Local Byte Stride Bucket -194 is equal to 152
Local Byte Stride Bucket -193 is equal to 36
Local Byte Stride Bucket -192 is equal to 74925
Local Byte Stride Bucket -191 is equal to 2
Local Byte Stride Bucket -190 is equal to 3139
Local Byte Stride Bucket -189 is equal to 1
Local Byte Stride Bucket -188 is equal to 7045
Local Byte Stride Bucket -186 is equal to 2715
Local Byte Stride Bucket -184 is equal to 9750
Local Byte Stride Bucket -182 is equal to 1784
Local Byte Stride Bucket -181 is equal to 1
Local Byte Stride Bucket -180 is equal to 9236
Local Byte Stride Bucket -178 is equal to 3424
Local Byte Stride Bucket -177 is equal to 39
Local Byte Stride Bucket -176 is equal to 14855
Local Byte Stride Bucket -174 is equal to 4751
Local Byte Stride Bucket -172 is equal to 11708
Local Byte Stride Bucket -170 is equal to 3949
Local Byte Stride Bucket -168 is equal to 11820
Local Byte Stride Bucket -166 is equal to 4847
Local Byte Stride Bucket -164 is equal to 11784
Local Byte Stride Bucket -162 is equal to 5341
Local Byte Stride Bucket -161 is equal to 1
Local Byte Stride Bucket -160 is equal to 74066
Local Byte Stride Bucket -158 is equal to 5527
Local Byte Stride Bucket -156 is equal to 10386
Local Byte Stride Bucket -155 is equal to 1
Local Byte Stride Bucket -154 is equal to 7052
Local Byte Stride Bucket -152 is equal to 13721
Local Byte Stride Bucket -150 is equal to 6240
Local Byte Stride Bucket -149 is equal to 1
Local Byte Stride Bucket -148 is equal to 12463
Local Byte Stride Bucket -147 is equal to 1
Local Byte Stride Bucket -146 is equal to 5457
Local Byte Stride Bucket -144 is equal to 17119
Local Byte Stride Bucket -143 is equal to 2
Local Byte Stride Bucket -142 is equal to 5832
Local Byte Stride Bucket -140 is equal to 17823
Local Byte Stride Bucket -138 is equal to 6295
Local Byte Stride Bucket -137 is equal to 7
Local Byte Stride Bucket -136 is equal to 16399
Local Byte Stride Bucket -135 is equal to 2
Local Byte Stride Bucket -134 is equal to 6042
Local Byte Stride Bucket -133 is equal to 12
Local Byte Stride Bucket -132 is equal to 26024
Local Byte Stride Bucket -131 is equal to 3
Local Byte Stride Bucket -130 is equal to 10875
Local Byte Stride Bucket -129 is equal to 5
Local Byte Stride Bucket -128 is equal to 218122
Local Byte Stride Bucket -127 is equal to 3
Local Byte Stride Bucket -126 is equal to 9813
Local Byte Stride Bucket -125 is equal to 2
Local Byte Stride Bucket -124 is equal to 18599
Local Byte Stride Bucket -123 is equal to 2
Local Byte Stride Bucket -122 is equal to 8768
Local Byte Stride Bucket -121 is equal to 1
Local Byte Stride Bucket -120 is equal to 20876
Local Byte Stride Bucket -119 is equal to 3
Local Byte Stride Bucket -118 is equal to 13768
Local Byte Stride Bucket -116 is equal to 26895
Local Byte Stride Bucket -114 is equal to 8277
Local Byte Stride Bucket -113 is equal to 1
Local Byte Stride Bucket -112 is equal to 22240
Local Byte Stride Bucket -110 is equal to 12695
Local Byte Stride Bucket -108 is equal to 26992
Local Byte Stride Bucket -107 is equal to 2
Local Byte Stride Bucket -106 is equal to 14117
Local Byte Stride Bucket -104 is equal to 24573
Local Byte Stride Bucket -102 is equal to 10427
Local Byte Stride Bucket -101 is equal to 2
Local Byte Stride Bucket -100 is equal to 23708
Local Byte Stride Bucket -98 is equal to 10173
Local Byte Stride Bucket -97 is equal to 5
Local Byte Stride Bucket -96 is equal to 20262
Local Byte Stride Bucket -94 is equal to 8770
Local Byte Stride Bucket -93 is equal to 2
Local Byte Stride Bucket -92 is equal to 33247
Local Byte Stride Bucket -91 is equal to 1
Local Byte Stride Bucket -90 is equal to 10003
Local Byte Stride Bucket -88 is equal to 46509
Local Byte Stride Bucket -87 is equal to 1
Local Byte Stride Bucket -86 is equal to 16304
Local Byte Stride Bucket -85 is equal to 2
Local Byte Stride Bucket -84 is equal to 41632
Local Byte Stride Bucket -83 is equal to 3
Local Byte Stride Bucket -82 is equal to 11189
Local Byte Stride Bucket -80 is equal to 28325
Local Byte Stride Bucket -79 is equal to 2
Local Byte Stride Bucket -78 is equal to 9936
Local Byte Stride Bucket -77 is equal to 3
Local Byte Stride Bucket -76 is equal to 26630
Local Byte Stride Bucket -74 is equal to 15266
Local Byte Stride Bucket -72 is equal to 23828
Local Byte Stride Bucket -71 is equal to 3
Local Byte Stride Bucket -70 is equal to 27843
Local Byte Stride Bucket -69 is equal to 2
Local Byte Stride Bucket -68 is equal to 30201
Local Byte Stride Bucket -67 is equal to 3
Local Byte Stride Bucket -66 is equal to 30543
Local Byte Stride Bucket -65 is equal to 2
Local Byte Stride Bucket -64 is equal to 961749
Local Byte Stride Bucket -63 is equal to 9
Local Byte Stride Bucket -62 is equal to 14579
Local Byte Stride Bucket -61 is equal to 7
Local Byte Stride Bucket -60 is equal to 24223
Local Byte Stride Bucket -58 is equal to 13299
Local Byte Stride Bucket -57 is equal to 3
Local Byte Stride Bucket -56 is equal to 39547
Local Byte Stride Bucket -55 is equal to 3
Local Byte Stride Bucket -54 is equal to 14673
Local Byte Stride Bucket -53 is equal to 20
Local Byte Stride Bucket -52 is equal to 40292
Local Byte Stride Bucket -50 is equal to 22371
Local Byte Stride Bucket -49 is equal to 1
Local Byte Stride Bucket -48 is equal to 224069
Local Byte Stride Bucket -47 is equal to 3
Local Byte Stride Bucket -46 is equal to 52651
Local Byte Stride Bucket -44 is equal to 98254
Local Byte Stride Bucket -43 is equal to 1
Local Byte Stride Bucket -42 is equal to 40004
Local Byte Stride Bucket -41 is equal to 1
Local Byte Stride Bucket -40 is equal to 61063
Local Byte Stride Bucket -38 is equal to 21249
Local Byte Stride Bucket -37 is equal to 1
Local Byte Stride Bucket -36 is equal to 42686
Local Byte Stride Bucket -34 is equal to 17583
Local Byte Stride Bucket -32 is equal to 272064
Local Byte Stride Bucket -31 is equal to 3
Local Byte Stride Bucket -30 is equal to 16319
Local Byte Stride Bucket -29 is equal to 1
Local Byte Stride Bucket -28 is equal to 80088
Local Byte Stride Bucket -27 is equal to 5
Local Byte Stride Bucket -26 is equal to 26963
Local Byte Stride Bucket -25 is equal to 2
Local Byte Stride Bucket -24 is equal to 303695
Local Byte Stride Bucket -23 is equal to 1
Local Byte Stride Bucket -22 is equal to 99569
Local Byte Stride Bucket -21 is equal to 1
Local Byte Stride Bucket -20 is equal to 74535
Local Byte Stride Bucket -19 is equal to 29
Local Byte Stride Bucket -18 is equal to 38032
Local Byte Stride Bucket -16 is equal to 83952
Local Byte Stride Bucket -15 is equal to 3
Local Byte Stride Bucket -14 is equal to 27951
Local Byte Stride Bucket -12 is equal to 287779
Local Byte Stride Bucket -10 is equal to 26817
Local Byte Stride Bucket -8 is equal to 206768
Local Byte Stride Bucket -7 is equal to 8
Local Byte Stride Bucket -6 is equal to 40660
Local Byte Stride Bucket -5 is equal to 6
Local Byte Stride Bucket -4 is equal to 312193
Local Byte Stride Bucket -3 is equal to 3
Local Byte Stride Bucket -2 is equal to 147254
Local Byte Stride Bucket -1 is equal to 4
Local Byte Stride Bucket 0 is equal to 18364999
Local Byte Stride Bucket 1 is equal to 15
Local Byte Stride Bucket 2 is equal to 207578
Local Byte Stride Bucket 3 is equal to 10
Local Byte Stride Bucket 4 is equal to 1651092
Local Byte Stride Bucket 5 is equal to 8
Local Byte Stride Bucket 6 is equal to 41783
Local Byte Stride Bucket 7 is equal to 13
Local Byte Stride Bucket 8 is equal to 480464
Local Byte Stride Bucket 10 is equal to 26428
Local Byte Stride Bucket 11 is equal to 1
Local Byte Stride Bucket 12 is equal to 60606
Local Byte Stride Bucket 14 is equal to 25735
Local Byte Stride Bucket 15 is equal to 4
Local Byte Stride Bucket 16 is equal to 46235
Local Byte Stride Bucket 17 is equal to 2
Local Byte Stride Bucket 18 is equal to 49535
Local Byte Stride Bucket 20 is equal to 238295
Local Byte Stride Bucket 21 is equal to 6
Local Byte Stride Bucket 22 is equal to 118124
Local Byte Stride Bucket 23 is equal to 10
Local Byte Stride Bucket 24 is equal to 279442
Local Byte Stride Bucket 26 is equal to 31387
Local Byte Stride Bucket 28 is equal to 42442
Local Byte Stride Bucket 29 is equal to 6
Local Byte Stride Bucket 30 is equal to 16513
Local Byte Stride Bucket 31 is equal to 6
Local Byte Stride Bucket 32 is equal to 38797
Local Byte Stride Bucket 33 is equal to 1
Local Byte Stride Bucket 34 is equal to 16217
Local Byte Stride Bucket 36 is equal to 106943
Local Byte Stride Bucket 38 is equal to 22373
Local Byte Stride Bucket 40 is equal to 223026
Local Byte Stride Bucket 41 is equal to 1
Local Byte Stride Bucket 42 is equal to 41081
Local Byte Stride Bucket 43 is equal to 3
Local Byte Stride Bucket 44 is equal to 197819
Local Byte Stride Bucket 46 is equal to 52922
Local Byte Stride Bucket 47 is equal to 3
Local Byte Stride Bucket 48 is equal to 221920
Local Byte Stride Bucket 50 is equal to 24891
Local Byte Stride Bucket 52 is equal to 41869
Local Byte Stride Bucket 53 is equal to 20
Local Byte Stride Bucket 54 is equal to 13857
Local Byte Stride Bucket 55 is equal to 1
Local Byte Stride Bucket 56 is equal to 37800
Local Byte Stride Bucket 57 is equal to 11
Local Byte Stride Bucket 58 is equal to 16345
Local Byte Stride Bucket 60 is equal to 25100
Local Byte Stride Bucket 61 is equal to 6
Local Byte Stride Bucket 62 is equal to 13370
Local Byte Stride Bucket 63 is equal to 6
Local Byte Stride Bucket 64 is equal to 732945
Local Byte Stride Bucket 65 is equal to 99
Local Byte Stride Bucket 66 is equal to 26773
Local Byte Stride Bucket 67 is equal to 3
Local Byte Stride Bucket 68 is equal to 25768
Local Byte Stride Bucket 69 is equal to 1
Local Byte Stride Bucket 70 is equal to 26382
Local Byte Stride Bucket 71 is equal to 2
Local Byte Stride Bucket 72 is equal to 22917
Local Byte Stride Bucket 73 is equal to 4
Local Byte Stride Bucket 74 is equal to 14284
Local Byte Stride Bucket 76 is equal to 24945
Local Byte Stride Bucket 77 is equal to 2
Local Byte Stride Bucket 78 is equal to 9217
Local Byte Stride Bucket 80 is equal to 27408
Local Byte Stride Bucket 81 is equal to 2
Local Byte Stride Bucket 82 is equal to 11621
Local Byte Stride Bucket 83 is equal to 2
Local Byte Stride Bucket 84 is equal to 41369
Local Byte Stride Bucket 85 is equal to 7
Local Byte Stride Bucket 86 is equal to 12216
Local Byte Stride Bucket 87 is equal to 1
Local Byte Stride Bucket 88 is equal to 54929
Local Byte Stride Bucket 89 is equal to 3
Local Byte Stride Bucket 90 is equal to 8967
Local Byte Stride Bucket 91 is equal to 2
Local Byte Stride Bucket 92 is equal to 30240
Local Byte Stride Bucket 93 is equal to 4
Local Byte Stride Bucket 94 is equal to 8973
Local Byte Stride Bucket 95 is equal to 1
Local Byte Stride Bucket 96 is equal to 16103
Local Byte Stride Bucket 97 is equal to 3
Local Byte Stride Bucket 98 is equal to 9889
Local Byte Stride Bucket 99 is equal to 1
Local Byte Stride Bucket 100 is equal to 21124
Local Byte Stride Bucket 101 is equal to 2
Local Byte Stride Bucket 102 is equal to 10821
Local Byte Stride Bucket 103 is equal to 2
Local Byte Stride Bucket 104 is equal to 18912
Local Byte Stride Bucket 106 is equal to 8948
Local Byte Stride Bucket 108 is equal to 21141
Local Byte Stride Bucket 110 is equal to 12186
Local Byte Stride Bucket 112 is equal to 21681
Local Byte Stride Bucket 114 is equal to 7824
Local Byte Stride Bucket 116 is equal to 30128
Local Byte Stride Bucket 117 is equal to 1
Local Byte Stride Bucket 118 is equal to 6613
Local Byte Stride Bucket 119 is equal to 2
Local Byte Stride Bucket 120 is equal to 20044
Local Byte Stride Bucket 121 is equal to 1
Local Byte Stride Bucket 122 is equal to 7805
Local Byte Stride Bucket 123 is equal to 6
Local Byte Stride Bucket 124 is equal to 14452
Local Byte Stride Bucket 125 is equal to 1
Local Byte Stride Bucket 126 is equal to 8019
Local Byte Stride Bucket 127 is equal to 4
Local Byte Stride Bucket 128 is equal to 69036
Local Byte Stride Bucket 129 is equal to 3
Local Byte Stride Bucket 130 is equal to 8930
Local Byte Stride Bucket 131 is equal to 3
Local Byte Stride Bucket 132 is equal to 22535
Local Byte Stride Bucket 133 is equal to 143
Local Byte Stride Bucket 134 is equal to 5852
Local Byte Stride Bucket 135 is equal to 7
Local Byte Stride Bucket 136 is equal to 13065
Local Byte Stride Bucket 137 is equal to 2
Local Byte Stride Bucket 138 is equal to 5264
Local Byte Stride Bucket 140 is equal to 14077
Local Byte Stride Bucket 142 is equal to 4916
Local Byte Stride Bucket 143 is equal to 2
Local Byte Stride Bucket 144 is equal to 12826
Local Byte Stride Bucket 145 is equal to 1
Local Byte Stride Bucket 146 is equal to 6556
Local Byte Stride Bucket 147 is equal to 1
Local Byte Stride Bucket 148 is equal to 11442
Local Byte Stride Bucket 149 is equal to 7
Local Byte Stride Bucket 150 is equal to 4708
Local Byte Stride Bucket 152 is equal to 12915
Local Byte Stride Bucket 154 is equal to 6995
Local Byte Stride Bucket 156 is equal to 10208
Local Byte Stride Bucket 158 is equal to 5839
Local Byte Stride Bucket 160 is equal to 77064
Local Byte Stride Bucket 161 is equal to 2
Local Byte Stride Bucket 162 is equal to 4000
Local Byte Stride Bucket 164 is equal to 11535
Local Byte Stride Bucket 166 is equal to 5338
Local Byte Stride Bucket 168 is equal to 12850
Local Byte Stride Bucket 170 is equal to 3313
Local Byte Stride Bucket 172 is equal to 9820
Local Byte Stride Bucket 174 is equal to 3471
Local Byte Stride Bucket 175 is equal to 1
Local Byte Stride Bucket 176 is equal to 14262
Local Byte Stride Bucket 177 is equal to 49
Local Byte Stride Bucket 178 is equal to 3017
Local Byte Stride Bucket 179 is equal to 1
Local Byte Stride Bucket 180 is equal to 8131
Local Byte Stride Bucket 181 is equal to 2
Local Byte Stride Bucket 182 is equal to 1379
Local Byte Stride Bucket 183 is equal to 3
Local Byte Stride Bucket 184 is equal to 6970
Local Byte Stride Bucket 185 is equal to 2
Local Byte Stride Bucket 186 is equal to 1942
Local Byte Stride Bucket 188 is equal to 11273
Local Byte Stride Bucket 189 is equal to 1
Local Byte Stride Bucket 190 is equal to 5023
Local Byte Stride Bucket 191 is equal to 3
Local Byte Stride Bucket 192 is equal to 13757
Local Byte Stride Bucket 193 is equal to 40
Local Byte Stride Bucket 196 is equal to 6798
Local Byte Stride Bucket 199 is equal to 1
Local Byte Stride Bucket 200 is equal to 5676
Local Byte Stride Bucket 201 is equal to 7
Local Byte Stride Bucket 203 is equal to 1
Local Byte Stride Bucket 204 is equal to 7482
Local Byte Stride Bucket 206 is equal to 6
Local Byte Stride Bucket 207 is equal to 1
Local Byte Stride Bucket 208 is equal to 7124
Local Byte Stride Bucket 209 is equal to 20
Local Byte Stride Bucket 210 is equal to 13
Local Byte Stride Bucket 211 is equal to 1
Local Byte Stride Bucket 212 is equal to 4441
Local Byte Stride Bucket 213 is equal to 1
Local Byte Stride Bucket 214 is equal to 11
Local Byte Stride Bucket 216 is equal to 6821
Local Byte Stride Bucket 217 is equal to 3
Local Byte Stride Bucket 218 is equal to 2
Local Byte Stride Bucket 220 is equal to 6306
Local Byte Stride Bucket 222 is equal to 4
Local Byte Stride Bucket 224 is equal to 481858
Local Byte Stride Bucket 225 is equal to 3
Local Byte Stride Bucket 228 is equal to 4759
Local Byte Stride Bucket 230 is equal to 1
Local Byte Stride Bucket 232 is equal to 8238
Local Byte Stride Bucket 236 is equal to 4207
Local Byte Stride Bucket 240 is equal to 29600
Local Byte Stride Bucket 241 is equal to 2
Local Byte Stride Bucket 244 is equal to 4864
Local Byte Stride Bucket 248 is equal to 4769
Local Byte Stride Bucket 249 is equal to 2
Local Byte Stride Bucket 250 is equal to 2
Local Byte Stride Bucket 252 is equal to 5520
Local Byte Stride Bucket 253 is equal to 1
Local Byte Stride Bucket 256 is equal to 1143613

Local Cache Stride Bucket -256 is equal to 303709
Local Cache Stride Bucket -255 is equal to 236
Local Cache Stride Bucket -254 is equal to 153
Local Cache Stride Bucket -253 is equal to 38
Local Cache Stride Bucket -252 is equal to 74
Local Cache Stride Bucket -251 is equal to 15
Local Cache Stride Bucket -250 is equal to 14
Local Cache Stride Bucket -249 is equal to 185
Local Cache Stride Bucket -248 is equal to 37
Local Cache Stride Bucket -247 is equal to 25
Local Cache Stride Bucket -246 is equal to 66
Local Cache Stride Bucket -245 is equal to 67
Local Cache Stride Bucket -244 is equal to 73
Local Cache Stride Bucket -243 is equal to 35
Local Cache Stride Bucket -242 is equal to 21
Local Cache Stride Bucket -241 is equal to 49
Local Cache Stride Bucket -240 is equal to 37
Local Cache Stride Bucket -239 is equal to 28
Local Cache Stride Bucket -238 is equal to 61
Local Cache Stride Bucket -237 is equal to 35
Local Cache Stride Bucket -236 is equal to 24
Local Cache Stride Bucket -235 is equal to 97
Local Cache Stride Bucket -234 is equal to 25
Local Cache Stride Bucket -233 is equal to 35
Local Cache Stride Bucket -232 is equal to 26
Local Cache Stride Bucket -231 is equal to 25
Local Cache Stride Bucket -230 is equal to 40
Local Cache Stride Bucket -229 is equal to 73
Local Cache Stride Bucket -228 is equal to 17
Local Cache Stride Bucket -227 is equal to 14
Local Cache Stride Bucket -226 is equal to 33
Local Cache Stride Bucket -225 is equal to 11
Local Cache Stride Bucket -224 is equal to 62
Local Cache Stride Bucket -223 is equal to 22
Local Cache Stride Bucket -222 is equal to 58
Local Cache Stride Bucket -221 is equal to 25
Local Cache Stride Bucket -220 is equal to 1308
Local Cache Stride Bucket -219 is equal to 3633
Local Cache Stride Bucket -218 is equal to 543
Local Cache Stride Bucket -217 is equal to 29
Local Cache Stride Bucket -216 is equal to 24
Local Cache Stride Bucket -215 is equal to 21
Local Cache Stride Bucket -214 is equal to 29
Local Cache Stride Bucket -213 is equal to 33
Local Cache Stride Bucket -212 is equal to 30
Local Cache Stride Bucket -211 is equal to 49
Local Cache Stride Bucket -210 is equal to 42
Local Cache Stride Bucket -209 is equal to 132
Local Cache Stride Bucket -208 is equal to 46
Local Cache Stride Bucket -207 is equal to 51
Local Cache Stride Bucket -206 is equal to 21
Local Cache Stride Bucket -205 is equal to 16
Local Cache Stride Bucket -204 is equal to 118
Local Cache Stride Bucket -203 is equal to 21
Local Cache Stride Bucket -202 is equal to 65
Local Cache Stride Bucket -201 is equal to 59
Local Cache Stride Bucket -200 is equal to 46
Local Cache Stride Bucket -199 is equal to 53
Local Cache Stride Bucket -198 is equal to 23
Local Cache Stride Bucket -197 is equal to 28
Local Cache Stride Bucket -196 is equal to 72
Local Cache Stride Bucket -195 is equal to 32
Local Cache Stride Bucket -194 is equal to 17
Local Cache Stride Bucket -193 is equal to 22
Local Cache Stride Bucket -192 is equal to 98
Local Cache Stride Bucket -191 is equal to 36
Local Cache Stride Bucket -190 is equal to 246
Local Cache Stride Bucket -189 is equal to 46
Local Cache Stride Bucket -188 is equal to 248
Local Cache Stride Bucket -187 is equal to 91
Local Cache Stride Bucket -186 is equal to 18
Local Cache Stride Bucket -185 is equal to 41
Local Cache Stride Bucket -184 is equal to 34
Local Cache Stride Bucket -183 is equal to 31
Local Cache Stride Bucket -182 is equal to 44
Local Cache Stride Bucket -181 is equal to 21
Local Cache Stride Bucket -180 is equal to 35
Local Cache Stride Bucket -179 is equal to 125
Local Cache Stride Bucket -178 is equal to 35
Local Cache Stride Bucket -177 is equal to 13
Local Cache Stride Bucket -176 is equal to 62
Local Cache Stride Bucket -175 is equal to 45
Local Cache Stride Bucket -174 is equal to 23
Local Cache Stride Bucket -173 is equal to 284
Local Cache Stride Bucket -172 is equal to 181
Local Cache Stride Bucket -171 is equal to 261
Local Cache Stride Bucket -170 is equal to 3899
Local Cache Stride Bucket -169 is equal to 10
Local Cache Stride Bucket -168 is equal to 147
Local Cache Stride Bucket -167 is equal to 190
Local Cache Stride Bucket -166 is equal to 32
Local Cache Stride Bucket -165 is equal to 25
Local Cache Stride Bucket -164 is equal to 42
Local Cache Stride Bucket -163 is equal to 42
Local Cache Stride Bucket -162 is equal to 26
Local Cache Stride Bucket -161 is equal to 113
Local Cache Stride Bucket -160 is equal to 78
Local Cache Stride Bucket -159 is equal to 89
Local Cache Stride Bucket -158 is equal to 35
Local Cache Stride Bucket -157 is equal to 111
Local Cache Stride Bucket -156 is equal to 313
Local Cache Stride Bucket -155 is equal to 75
Local Cache Stride Bucket -154 is equal to 421
Local Cache Stride Bucket -153 is equal to 139
Local Cache Stride Bucket -152 is equal to 102
Local Cache Stride Bucket -151 is equal to 36
Local Cache Stride Bucket -150 is equal to 46
Local Cache Stride Bucket -149 is equal to 72
Local Cache Stride Bucket -148 is equal to 30
Local Cache Stride Bucket -147 is equal to 31
Local Cache Stride Bucket -146 is equal to 24
Local Cache Stride Bucket -145 is equal to 64
Local Cache Stride Bucket -144 is equal to 100
Local Cache Stride Bucket -143 is equal to 36
Local Cache Stride Bucket -142 is equal to 15
Local Cache Stride Bucket -141 is equal to 34
Local Cache Stride Bucket -140 is equal to 11
Local Cache Stride Bucket -139 is equal to 31
Local Cache Stride Bucket -138 is equal to 31
Local Cache Stride Bucket -137 is equal to 92
Local Cache Stride Bucket -136 is equal to 80
Local Cache Stride Bucket -135 is equal to 15
Local Cache Stride Bucket -134 is equal to 30
Local Cache Stride Bucket -133 is equal to 86
Local Cache Stride Bucket -132 is equal to 15
Local Cache Stride Bucket -131 is equal to 16
Local Cache Stride Bucket -130 is equal to 78
Local Cache Stride Bucket -129 is equal to 4730
Local Cache Stride Bucket -128 is equal to 4936
Local Cache Stride Bucket -127 is equal to 37
Local Cache Stride Bucket -126 is equal to 31
Local Cache Stride Bucket -125 is equal to 14
Local Cache Stride Bucket -124 is equal to 35
Local Cache Stride Bucket -123 is equal to 184
Local Cache Stride Bucket -122 is equal to 222
Local Cache Stride Bucket -121 is equal to 4043
Local Cache Stride Bucket -120 is equal to 333
Local Cache Stride Bucket -119 is equal to 136
Local Cache Stride Bucket -118 is equal to 1251
Local Cache Stride Bucket -117 is equal to 3602
Local Cache Stride Bucket -116 is equal to 188
Local Cache Stride Bucket -115 is equal to 138
Local Cache Stride Bucket -114 is equal to 146
Local Cache Stride Bucket -113 is equal to 4012
Local Cache Stride Bucket -112 is equal to 152
Local Cache Stride Bucket -111 is equal to 158
Local Cache Stride Bucket -110 is equal to 9624
Local Cache Stride Bucket -109 is equal to 84
Local Cache Stride Bucket -108 is equal to 124
Local Cache Stride Bucket -107 is equal to 4096
Local Cache Stride Bucket -106 is equal to 309
Local Cache Stride Bucket -105 is equal to 48
Local Cache Stride Bucket -104 is equal to 193
Local Cache Stride Bucket -103 is equal to 63
Local Cache Stride Bucket -102 is equal to 144
Local Cache Stride Bucket -101 is equal to 310
Local Cache Stride Bucket -100 is equal to 3454
Local Cache Stride Bucket -99 is equal to 115
Local Cache Stride Bucket -98 is equal to 96
Local Cache Stride Bucket -97 is equal to 75
Local Cache Stride Bucket -96 is equal to 175
Local Cache Stride Bucket -95 is equal to 138
Local Cache Stride Bucket -94 is equal to 92
Local Cache Stride Bucket -93 is equal to 3542
Local Cache Stride Bucket -92 is equal to 154
Local Cache Stride Bucket -91 is equal to 42
Local Cache Stride Bucket -90 is equal to 61
Local Cache Stride Bucket -89 is equal to 284
Local Cache Stride Bucket -88 is equal to 253
Local Cache Stride Bucket -87 is equal to 187
Local Cache Stride Bucket -86 is equal to 261
Local Cache Stride Bucket -85 is equal to 200
Local Cache Stride Bucket -84 is equal to 160
Local Cache Stride Bucket -83 is equal to 321
Local Cache Stride Bucket -82 is equal to 4752
Local Cache Stride Bucket -81 is equal to 170
Local Cache Stride Bucket -80 is equal to 105
Local Cache Stride Bucket -79 is equal to 2755
Local Cache Stride Bucket -78 is equal to 620
Local Cache Stride Bucket -77 is equal to 156
Local Cache Stride Bucket -76 is equal to 81
Local Cache Stride Bucket -75 is equal to 41
Local Cache Stride Bucket -74 is equal to 45
Local Cache Stride Bucket -73 is equal to 63
Local Cache Stride Bucket -72 is equal to 159
Local Cache Stride Bucket -71 is equal to 69
Local Cache Stride Bucket -70 is equal to 34
Local Cache Stride Bucket -69 is equal to 136
Local Cache Stride Bucket -68 is equal to 175
Local Cache Stride Bucket -67 is equal to 131
Local Cache Stride Bucket -66 is equal to 116
Local Cache Stride Bucket -65 is equal to 6414
Local Cache Stride Bucket -64 is equal to 1217
Local Cache Stride Bucket -63 is equal to 4817
Local Cache Stride Bucket -62 is equal to 316
Local Cache Stride Bucket -61 is equal to 136
Local Cache Stride Bucket -60 is equal to 3767
Local Cache Stride Bucket -59 is equal to 292
Local Cache Stride Bucket -58 is equal to 202
Local Cache Stride Bucket -57 is equal to 2031
Local Cache Stride Bucket -56 is equal to 1479
Local Cache Stride Bucket -55 is equal to 4084
Local Cache Stride Bucket -54 is equal to 2364
Local Cache Stride Bucket -53 is equal to 1381
Local Cache Stride Bucket -52 is equal to 6515
Local Cache Stride Bucket -51 is equal to 431
Local Cache Stride Bucket -50 is equal to 474
Local Cache Stride Bucket -49 is equal to 7277
Local Cache Stride Bucket -48 is equal to 2035
Local Cache Stride Bucket -47 is equal to 969
Local Cache Stride Bucket -46 is equal to 4995
Local Cache Stride Bucket -45 is equal to 8238
Local Cache Stride Bucket -44 is equal to 6210
Local Cache Stride Bucket -43 is equal to 15516
Local Cache Stride Bucket -42 is equal to 22803
Local Cache Stride Bucket -41 is equal to 14987
Local Cache Stride Bucket -40 is equal to 12870
Local Cache Stride Bucket -39 is equal to 13089
Local Cache Stride Bucket -38 is equal to 13461
Local Cache Stride Bucket -37 is equal to 9060
Local Cache Stride Bucket -36 is equal to 10374
Local Cache Stride Bucket -35 is equal to 8869
Local Cache Stride Bucket -34 is equal to 4444
Local Cache Stride Bucket -33 is equal to 1827
Local Cache Stride Bucket -32 is equal to 8607
Local Cache Stride Bucket -31 is equal to 4304
Local Cache Stride Bucket -30 is equal to 745
Local Cache Stride Bucket -29 is equal to 339
Local Cache Stride Bucket -28 is equal to 3342
Local Cache Stride Bucket -27 is equal to 2507
Local Cache Stride Bucket -26 is equal to 618
Local Cache Stride Bucket -25 is equal to 2549
Local Cache Stride Bucket -24 is equal to 2320
Local Cache Stride Bucket -23 is equal to 291
Local Cache Stride Bucket -22 is equal to 909
Local Cache Stride Bucket -21 is equal to 16472
Local Cache Stride Bucket -20 is equal to 290
Local Cache Stride Bucket -19 is equal to 10204
Local Cache Stride Bucket -18 is equal to 6708
Local Cache Stride Bucket -17 is equal to 6556
Local Cache Stride Bucket -16 is equal to 722
Local Cache Stride Bucket -15 is equal to 6159
Local Cache Stride Bucket -14 is equal to 13920
Local Cache Stride Bucket -13 is equal to 88595
Local Cache Stride Bucket -12 is equal to 70343
Local Cache Stride Bucket -11 is equal to 93262
Local Cache Stride Bucket -10 is equal to 26671
Local Cache Stride Bucket -9 is equal to 21690
Local Cache Stride Bucket -8 is equal to 20444
Local Cache Stride Bucket -7 is equal to 38854
Local Cache Stride Bucket -6 is equal to 54114
Local Cache Stride Bucket -5 is equal to 124115
Local Cache Stride Bucket -4 is equal to 519506
Local Cache Stride Bucket -3 is equal to 642600
Local Cache Stride Bucket -2 is equal to 712699
Local Cache Stride Bucket -1 is equal to 2469907
Local Cache Stride Bucket 0 is equal to 23023702
Local Cache Stride Bucket 1 is equal to 2399389
Local Cache Stride Bucket 2 is equal to 522335
Local Cache Stride Bucket 3 is equal to 447493
Local Cache Stride Bucket 4 is equal to 362693
Local Cache Stride Bucket 5 is equal to 101709
Local Cache Stride Bucket 6 is equal to 39816
Local Cache Stride Bucket 7 is equal to 33614
Local Cache Stride Bucket 8 is equal to 8497
Local Cache Stride Bucket 9 is equal to 619
Local Cache Stride Bucket 10 is equal to 1946
Local Cache Stride Bucket 11 is equal to 100641
Local Cache Stride Bucket 12 is equal to 65382
Local Cache Stride Bucket 13 is equal to 97687
Local Cache Stride Bucket 14 is equal to 61058
Local Cache Stride Bucket 15 is equal to 4241
Local Cache Stride Bucket 16 is equal to 4723
Local Cache Stride Bucket 17 is equal to 6045
Local Cache Stride Bucket 18 is equal to 14290
Local Cache Stride Bucket 19 is equal to 3957
Local Cache Stride Bucket 20 is equal to 3886
Local Cache Stride Bucket 21 is equal to 3251
Local Cache Stride Bucket 22 is equal to 5731
Local Cache Stride Bucket 23 is equal to 6779
Local Cache Stride Bucket 24 is equal to 5920
Local Cache Stride Bucket 25 is equal to 8044
Local Cache Stride Bucket 26 is equal to 758
Local Cache Stride Bucket 27 is equal to 5841
Local Cache Stride Bucket 28 is equal to 9960
Local Cache Stride Bucket 29 is equal to 1456
Local Cache Stride Bucket 30 is equal to 2331
Local Cache Stride Bucket 31 is equal to 2672
Local Cache Stride Bucket 32 is equal to 2188
Local Cache Stride Bucket 33 is equal to 1335
Local Cache Stride Bucket 34 is equal to 5869
Local Cache Stride Bucket 35 is equal to 9792
Local Cache Stride Bucket 36 is equal to 605
Local Cache Stride Bucket 37 is equal to 244
Local Cache Stride Bucket 38 is equal to 10234
Local Cache Stride Bucket 39 is equal to 12981
Local Cache Stride Bucket 40 is equal to 2461
Local Cache Stride Bucket 41 is equal to 414
Local Cache Stride Bucket 42 is equal to 20034
Local Cache Stride Bucket 43 is equal to 485
Local Cache Stride Bucket 44 is equal to 436
Local Cache Stride Bucket 45 is equal to 5235
Local Cache Stride Bucket 46 is equal to 2981
Local Cache Stride Bucket 47 is equal to 532
Local Cache Stride Bucket 48 is equal to 1711
Local Cache Stride Bucket 49 is equal to 2027
Local Cache Stride Bucket 50 is equal to 1047
Local Cache Stride Bucket 51 is equal to 1308
Local Cache Stride Bucket 52 is equal to 183
Local Cache Stride Bucket 53 is equal to 166
Local Cache Stride Bucket 54 is equal to 4973
Local Cache Stride Bucket 55 is equal to 162
Local Cache Stride Bucket 56 is equal to 182
Local Cache Stride Bucket 57 is equal to 1636
Local Cache Stride Bucket 58 is equal to 3573
Local Cache Stride Bucket 59 is equal to 3697
Local Cache Stride Bucket 60 is equal to 549
Local Cache Stride Bucket 61 is equal to 745
Local Cache Stride Bucket 62 is equal to 7914
Local Cache Stride Bucket 63 is equal to 6472
Local Cache Stride Bucket 64 is equal to 429
Local Cache Stride Bucket 65 is equal to 1319
Local Cache Stride Bucket 66 is equal to 3565
Local Cache Stride Bucket 67 is equal to 5182
Local Cache Stride Bucket 68 is equal to 7504
Local Cache Stride Bucket 69 is equal to 48
Local Cache Stride Bucket 70 is equal to 178
Local Cache Stride Bucket 71 is equal to 99
Local Cache Stride Bucket 72 is equal to 338
Local Cache Stride Bucket 73 is equal to 45
Local Cache Stride Bucket 74 is equal to 62
Local Cache Stride Bucket 75 is equal to 42
Local Cache Stride Bucket 76 is equal to 433
Local Cache Stride Bucket 77 is equal to 55
Local Cache Stride Bucket 78 is equal to 47
Local Cache Stride Bucket 79 is equal to 2400
Local Cache Stride Bucket 80 is equal to 76
Local Cache Stride Bucket 81 is equal to 43
Local Cache Stride Bucket 82 is equal to 88
Local Cache Stride Bucket 83 is equal to 98
Local Cache Stride Bucket 84 is equal to 71
Local Cache Stride Bucket 85 is equal to 115
Local Cache Stride Bucket 86 is equal to 861
Local Cache Stride Bucket 87 is equal to 52
Local Cache Stride Bucket 88 is equal to 90
Local Cache Stride Bucket 89 is equal to 3135
Local Cache Stride Bucket 90 is equal to 234
Local Cache Stride Bucket 91 is equal to 260
Local Cache Stride Bucket 92 is equal to 414
Local Cache Stride Bucket 93 is equal to 109
Local Cache Stride Bucket 94 is equal to 304
Local Cache Stride Bucket 95 is equal to 3526
Local Cache Stride Bucket 96 is equal to 532
Local Cache Stride Bucket 97 is equal to 323
Local Cache Stride Bucket 98 is equal to 124
Local Cache Stride Bucket 99 is equal to 4786
Local Cache Stride Bucket 100 is equal to 3411
Local Cache Stride Bucket 101 is equal to 330
Local Cache Stride Bucket 102 is equal to 4738
Local Cache Stride Bucket 103 is equal to 3414
Local Cache Stride Bucket 104 is equal to 152
Local Cache Stride Bucket 105 is equal to 124
Local Cache Stride Bucket 106 is equal to 88
Local Cache Stride Bucket 107 is equal to 125
Local Cache Stride Bucket 108 is equal to 130
Local Cache Stride Bucket 109 is equal to 136
Local Cache Stride Bucket 110 is equal to 5854
Local Cache Stride Bucket 111 is equal to 86
Local Cache Stride Bucket 112 is equal to 62
Local Cache Stride Bucket 113 is equal to 88
Local Cache Stride Bucket 114 is equal to 48
Local Cache Stride Bucket 115 is equal to 32
Local Cache Stride Bucket 116 is equal to 11
Local Cache Stride Bucket 117 is equal to 20
Local Cache Stride Bucket 118 is equal to 47
Local Cache Stride Bucket 119 is equal to 3852
Local Cache Stride Bucket 120 is equal to 44
Local Cache Stride Bucket 121 is equal to 23
Local Cache Stride Bucket 122 is equal to 91
Local Cache Stride Bucket 123 is equal to 180
Local Cache Stride Bucket 124 is equal to 28
Local Cache Stride Bucket 125 is equal to 43
Local Cache Stride Bucket 126 is equal to 187
Local Cache Stride Bucket 127 is equal to 84
Local Cache Stride Bucket 128 is equal to 438
Local Cache Stride Bucket 129 is equal to 96
Local Cache Stride Bucket 130 is equal to 91
Local Cache Stride Bucket 131 is equal to 51
Local Cache Stride Bucket 132 is equal to 111
Local Cache Stride Bucket 133 is equal to 214
Local Cache Stride Bucket 134 is equal to 235
Local Cache Stride Bucket 135 is equal to 280
Local Cache Stride Bucket 136 is equal to 186
Local Cache Stride Bucket 137 is equal to 53
Local Cache Stride Bucket 138 is equal to 35
Local Cache Stride Bucket 139 is equal to 23
Local Cache Stride Bucket 140 is equal to 11
Local Cache Stride Bucket 141 is equal to 39
Local Cache Stride Bucket 142 is equal to 135
Local Cache Stride Bucket 143 is equal to 19
Local Cache Stride Bucket 144 is equal to 117
Local Cache Stride Bucket 145 is equal to 53
Local Cache Stride Bucket 146 is equal to 20
Local Cache Stride Bucket 147 is equal to 26
Local Cache Stride Bucket 148 is equal to 20
Local Cache Stride Bucket 149 is equal to 50
Local Cache Stride Bucket 150 is equal to 25
Local Cache Stride Bucket 151 is equal to 20
Local Cache Stride Bucket 152 is equal to 70
Local Cache Stride Bucket 153 is equal to 21
Local Cache Stride Bucket 154 is equal to 20
Local Cache Stride Bucket 155 is equal to 19
Local Cache Stride Bucket 156 is equal to 11
Local Cache Stride Bucket 157 is equal to 24
Local Cache Stride Bucket 158 is equal to 72
Local Cache Stride Bucket 159 is equal to 80
Local Cache Stride Bucket 160 is equal to 143
Local Cache Stride Bucket 161 is equal to 170
Local Cache Stride Bucket 162 is equal to 4153
Local Cache Stride Bucket 163 is equal to 137
Local Cache Stride Bucket 164 is equal to 27
Local Cache Stride Bucket 165 is equal to 9
Local Cache Stride Bucket 166 is equal to 147
Local Cache Stride Bucket 167 is equal to 227
Local Cache Stride Bucket 168 is equal to 140
Local Cache Stride Bucket 169 is equal to 366
Local Cache Stride Bucket 170 is equal to 200
Local Cache Stride Bucket 171 is equal to 33
Local Cache Stride Bucket 172 is equal to 49
Local Cache Stride Bucket 173 is equal to 21
Local Cache Stride Bucket 174 is equal to 64
Local Cache Stride Bucket 175 is equal to 62
Local Cache Stride Bucket 176 is equal to 498
Local Cache Stride Bucket 177 is equal to 23
Local Cache Stride Bucket 178 is equal to 3780
Local Cache Stride Bucket 179 is equal to 47
Local Cache Stride Bucket 180 is equal to 15
Local Cache Stride Bucket 181 is equal to 19
Local Cache Stride Bucket 182 is equal to 30
Local Cache Stride Bucket 183 is equal to 23
Local Cache Stride Bucket 184 is equal to 32
Local Cache Stride Bucket 185 is equal to 28
Local Cache Stride Bucket 186 is equal to 423
Local Cache Stride Bucket 187 is equal to 2005
Local Cache Stride Bucket 188 is equal to 34
Local Cache Stride Bucket 189 is equal to 40
Local Cache Stride Bucket 190 is equal to 57
Local Cache Stride Bucket 191 is equal to 24
Local Cache Stride Bucket 192 is equal to 119
Local Cache Stride Bucket 193 is equal to 80
Local Cache Stride Bucket 194 is equal to 289
Local Cache Stride Bucket 195 is equal to 167
Local Cache Stride Bucket 196 is equal to 399
Local Cache Stride Bucket 197 is equal to 14
Local Cache Stride Bucket 198 is equal to 37
Local Cache Stride Bucket 199 is equal to 43
Local Cache Stride Bucket 200 is equal to 3595
Local Cache Stride Bucket 201 is equal to 1306
Local Cache Stride Bucket 202 is equal to 11
Local Cache Stride Bucket 203 is equal to 3561
Local Cache Stride Bucket 204 is equal to 1302
Local Cache Stride Bucket 205 is equal to 9
Local Cache Stride Bucket 206 is equal to 36
Local Cache Stride Bucket 207 is equal to 42
Local Cache Stride Bucket 208 is equal to 50
Local Cache Stride Bucket 209 is equal to 69
Local Cache Stride Bucket 210 is equal to 30
Local Cache Stride Bucket 211 is equal to 62
Local Cache Stride Bucket 212 is equal to 39
Local Cache Stride Bucket 213 is equal to 24
Local Cache Stride Bucket 214 is equal to 76
Local Cache Stride Bucket 215 is equal to 17
Local Cache Stride Bucket 216 is equal to 20
Local Cache Stride Bucket 217 is equal to 18
Local Cache Stride Bucket 218 is equal to 112
Local Cache Stride Bucket 219 is equal to 95
Local Cache Stride Bucket 220 is equal to 50
Local Cache Stride Bucket 221 is equal to 26
Local Cache Stride Bucket 222 is equal to 15
Local Cache Stride Bucket 223 is equal to 36
Local Cache Stride Bucket 224 is equal to 15
Local Cache Stride Bucket 225 is equal to 10
Local Cache Stride Bucket 226 is equal to 30
Local Cache Stride Bucket 227 is equal to 59
Local Cache Stride Bucket 228 is equal to 210
Local Cache Stride Bucket 229 is equal to 326
Local Cache Stride Bucket 230 is equal to 269
Local Cache Stride Bucket 231 is equal to 32
Local Cache Stride Bucket 232 is equal to 60
Local Cache Stride Bucket 233 is equal to 12
Local Cache Stride Bucket 234 is equal to 67
Local Cache Stride Bucket 235 is equal to 113
Local Cache Stride Bucket 236 is equal to 27
Local Cache Stride Bucket 237 is equal to 54
Local Cache Stride Bucket 238 is equal to 29
Local Cache Stride Bucket 239 is equal to 39
Local Cache Stride Bucket 240 is equal to 66
Local Cache Stride Bucket 241 is equal to 34
Local Cache Stride Bucket 242 is equal to 2098
Local Cache Stride Bucket 243 is equal to 44
Local Cache Stride Bucket 244 is equal to 40
Local Cache Stride Bucket 245 is equal to 44
Local Cache Stride Bucket 246 is equal to 23
Local Cache Stride Bucket 247 is equal to 27
Local Cache Stride Bucket 248 is equal to 447
Local Cache Stride Bucket 249 is equal to 51
Local Cache Stride Bucket 250 is equal to 22
Local Cache Stride Bucket 251 is equal to 14
Local Cache Stride Bucket 252 is equal to 109
Local Cache Stride Bucket 253 is equal to 91
Local Cache Stride Bucket 254 is equal to 134
Local Cache Stride Bucket 255 is equal to 31
Local Cache Stride Bucket 256 is equal to 272336


Global LD ST Byte Stride Bucket -256 is equal to 9038878
Global LD ST Byte Stride Bucket -248 is equal to 13209
Global LD ST Byte Stride Bucket -244 is equal to 139
Global LD ST Byte Stride Bucket -232 is equal to 2
Global LD ST Byte Stride Bucket -228 is equal to 5000
Global LD ST Byte Stride Bucket -216 is equal to 76916
Global LD ST Byte Stride Bucket -192 is equal to 1
Global LD ST Byte Stride Bucket -188 is equal to 8308
Global LD ST Byte Stride Bucket -186 is equal to 3
Global LD ST Byte Stride Bucket -184 is equal to 12075
Global LD ST Byte Stride Bucket -182 is equal to 7
Global LD ST Byte Stride Bucket -180 is equal to 28
Global LD ST Byte Stride Bucket -178 is equal to 25
Global LD ST Byte Stride Bucket -176 is equal to 35059
Global LD ST Byte Stride Bucket -174 is equal to 38
Global LD ST Byte Stride Bucket -172 is equal to 32
Global LD ST Byte Stride Bucket -170 is equal to 42
Global LD ST Byte Stride Bucket -168 is equal to 4171
Global LD ST Byte Stride Bucket -166 is equal to 43
Global LD ST Byte Stride Bucket -164 is equal to 7125
Global LD ST Byte Stride Bucket -162 is equal to 30
Global LD ST Byte Stride Bucket -160 is equal to 10305
Global LD ST Byte Stride Bucket -158 is equal to 35
Global LD ST Byte Stride Bucket -156 is equal to 61
Global LD ST Byte Stride Bucket -154 is equal to 95
Global LD ST Byte Stride Bucket -152 is equal to 78
Global LD ST Byte Stride Bucket -150 is equal to 64
Global LD ST Byte Stride Bucket -148 is equal to 132
Global LD ST Byte Stride Bucket -146 is equal to 101
Global LD ST Byte Stride Bucket -144 is equal to 1009
Global LD ST Byte Stride Bucket -142 is equal to 48
Global LD ST Byte Stride Bucket -140 is equal to 59
Global LD ST Byte Stride Bucket -138 is equal to 14
Global LD ST Byte Stride Bucket -136 is equal to 155
Global LD ST Byte Stride Bucket -134 is equal to 95
Global LD ST Byte Stride Bucket -132 is equal to 300
Global LD ST Byte Stride Bucket -130 is equal to 121
Global LD ST Byte Stride Bucket -128 is equal to 473
Global LD ST Byte Stride Bucket -126 is equal to 110
Global LD ST Byte Stride Bucket -124 is equal to 1614
Global LD ST Byte Stride Bucket -122 is equal to 148
Global LD ST Byte Stride Bucket -120 is equal to 22904
Global LD ST Byte Stride Bucket -118 is equal to 84
Global LD ST Byte Stride Bucket -116 is equal to 5852
Global LD ST Byte Stride Bucket -114 is equal to 207
Global LD ST Byte Stride Bucket -112 is equal to 7147
Global LD ST Byte Stride Bucket -110 is equal to 329
Global LD ST Byte Stride Bucket -108 is equal to 4213
Global LD ST Byte Stride Bucket -106 is equal to 433
Global LD ST Byte Stride Bucket -104 is equal to 5438
Global LD ST Byte Stride Bucket -102 is equal to 395
Global LD ST Byte Stride Bucket -100 is equal to 19701
Global LD ST Byte Stride Bucket -98 is equal to 94
Global LD ST Byte Stride Bucket -96 is equal to 120167
Global LD ST Byte Stride Bucket -94 is equal to 123
Global LD ST Byte Stride Bucket -92 is equal to 4877
Global LD ST Byte Stride Bucket -90 is equal to 237
Global LD ST Byte Stride Bucket -88 is equal to 54897
Global LD ST Byte Stride Bucket -86 is equal to 396
Global LD ST Byte Stride Bucket -84 is equal to 5185
Global LD ST Byte Stride Bucket -82 is equal to 693
Global LD ST Byte Stride Bucket -80 is equal to 58364
Global LD ST Byte Stride Bucket -78 is equal to 126
Global LD ST Byte Stride Bucket -76 is equal to 2534
Global LD ST Byte Stride Bucket -74 is equal to 345
Global LD ST Byte Stride Bucket -72 is equal to 3235
Global LD ST Byte Stride Bucket -70 is equal to 343
Global LD ST Byte Stride Bucket -68 is equal to 6830
Global LD ST Byte Stride Bucket -66 is equal to 899
Global LD ST Byte Stride Bucket -64 is equal to 8599
Global LD ST Byte Stride Bucket -62 is equal to 583
Global LD ST Byte Stride Bucket -60 is equal to 43267
Global LD ST Byte Stride Bucket -58 is equal to 598
Global LD ST Byte Stride Bucket -56 is equal to 194454
Global LD ST Byte Stride Bucket -54 is equal to 117
Global LD ST Byte Stride Bucket -52 is equal to 112571
Global LD ST Byte Stride Bucket -50 is equal to 451
Global LD ST Byte Stride Bucket -48 is equal to 61401
Global LD ST Byte Stride Bucket -46 is equal to 3135
Global LD ST Byte Stride Bucket -44 is equal to 10709
Global LD ST Byte Stride Bucket -42 is equal to 2890
Global LD ST Byte Stride Bucket -40 is equal to 64471
Global LD ST Byte Stride Bucket -38 is equal to 2513
Global LD ST Byte Stride Bucket -36 is equal to 128363
Global LD ST Byte Stride Bucket -34 is equal to 293
Global LD ST Byte Stride Bucket -32 is equal to 118713
Global LD ST Byte Stride Bucket -30 is equal to 203
Global LD ST Byte Stride Bucket -28 is equal to 25409
Global LD ST Byte Stride Bucket -26 is equal to 2523
Global LD ST Byte Stride Bucket -24 is equal to 212246
Global LD ST Byte Stride Bucket -22 is equal to 17268
Global LD ST Byte Stride Bucket -20 is equal to 288095
Global LD ST Byte Stride Bucket -18 is equal to 2451
Global LD ST Byte Stride Bucket -16 is equal to 201624
Global LD ST Byte Stride Bucket -14 is equal to 618
Global LD ST Byte Stride Bucket -13 is equal to 1
Global LD ST Byte Stride Bucket -12 is equal to 288935
Global LD ST Byte Stride Bucket -10 is equal to 258
Global LD ST Byte Stride Bucket -9 is equal to 10
Global LD ST Byte Stride Bucket -8 is equal to 2493571
Global LD ST Byte Stride Bucket -6 is equal to 729
Global LD ST Byte Stride Bucket -4 is equal to 1215084
Global LD ST Byte Stride Bucket -2 is equal to 20981
Global LD ST Byte Stride Bucket -1 is equal to 2
Global LD ST Byte Stride Bucket 0 is equal to 2467212
Global LD ST Byte Stride Bucket 2 is equal to 19460
Global LD ST Byte Stride Bucket 4 is equal to 1205397
Global LD ST Byte Stride Bucket 6 is equal to 1191
Global LD ST Byte Stride Bucket 8 is equal to 2937751
Global LD ST Byte Stride Bucket 9 is equal to 588
Global LD ST Byte Stride Bucket 10 is equal to 273
Global LD ST Byte Stride Bucket 12 is equal to 97841
Global LD ST Byte Stride Bucket 14 is equal to 375
Global LD ST Byte Stride Bucket 16 is equal to 329670
Global LD ST Byte Stride Bucket 18 is equal to 1234
Global LD ST Byte Stride Bucket 20 is equal to 118967
Global LD ST Byte Stride Bucket 22 is equal to 18669
Global LD ST Byte Stride Bucket 24 is equal to 206378
Global LD ST Byte Stride Bucket 26 is equal to 2232
Global LD ST Byte Stride Bucket 28 is equal to 21823
Global LD ST Byte Stride Bucket 30 is equal to 388
Global LD ST Byte Stride Bucket 32 is equal to 118417
Global LD ST Byte Stride Bucket 34 is equal to 219
Global LD ST Byte Stride Bucket 36 is equal to 235325
Global LD ST Byte Stride Bucket 38 is equal to 738
Global LD ST Byte Stride Bucket 40 is equal to 68539
Global LD ST Byte Stride Bucket 42 is equal to 3240
Global LD ST Byte Stride Bucket 44 is equal to 122883
Global LD ST Byte Stride Bucket 46 is equal to 2962
Global LD ST Byte Stride Bucket 48 is equal to 83240
Global LD ST Byte Stride Bucket 50 is equal to 225
Global LD ST Byte Stride Bucket 52 is equal to 123943
Global LD ST Byte Stride Bucket 54 is equal to 156
Global LD ST Byte Stride Bucket 56 is equal to 36143
Global LD ST Byte Stride Bucket 57 is equal to 13
Global LD ST Byte Stride Bucket 58 is equal to 234
Global LD ST Byte Stride Bucket 60 is equal to 7262
Global LD ST Byte Stride Bucket 62 is equal to 541
Global LD ST Byte Stride Bucket 64 is equal to 9446
Global LD ST Byte Stride Bucket 66 is equal to 1561
Global LD ST Byte Stride Bucket 68 is equal to 1105
Global LD ST Byte Stride Bucket 70 is equal to 178
Global LD ST Byte Stride Bucket 72 is equal to 1801
Global LD ST Byte Stride Bucket 74 is equal to 191
Global LD ST Byte Stride Bucket 76 is equal to 102
Global LD ST Byte Stride Bucket 78 is equal to 117
Global LD ST Byte Stride Bucket 80 is equal to 699
Global LD ST Byte Stride Bucket 82 is equal to 183
Global LD ST Byte Stride Bucket 84 is equal to 118646
Global LD ST Byte Stride Bucket 86 is equal to 231
Global LD ST Byte Stride Bucket 88 is equal to 52214
Global LD ST Byte Stride Bucket 90 is equal to 74
Global LD ST Byte Stride Bucket 92 is equal to 1094
Global LD ST Byte Stride Bucket 94 is equal to 36
Global LD ST Byte Stride Bucket 96 is equal to 1085
Global LD ST Byte Stride Bucket 98 is equal to 106
Global LD ST Byte Stride Bucket 100 is equal to 73
Global LD ST Byte Stride Bucket 102 is equal to 177
Global LD ST Byte Stride Bucket 104 is equal to 1025
Global LD ST Byte Stride Bucket 106 is equal to 250
Global LD ST Byte Stride Bucket 108 is equal to 566
Global LD ST Byte Stride Bucket 110 is equal to 218
Global LD ST Byte Stride Bucket 112 is equal to 959
Global LD ST Byte Stride Bucket 114 is equal to 69
Global LD ST Byte Stride Bucket 116 is equal to 145
Global LD ST Byte Stride Bucket 118 is equal to 53
Global LD ST Byte Stride Bucket 120 is equal to 271
Global LD ST Byte Stride Bucket 122 is equal to 82
Global LD ST Byte Stride Bucket 124 is equal to 84
Global LD ST Byte Stride Bucket 126 is equal to 159
Global LD ST Byte Stride Bucket 128 is equal to 249
Global LD ST Byte Stride Bucket 130 is equal to 163
Global LD ST Byte Stride Bucket 132 is equal to 104
Global LD ST Byte Stride Bucket 134 is equal to 66
Global LD ST Byte Stride Bucket 136 is equal to 2153
Global LD ST Byte Stride Bucket 138 is equal to 42
Global LD ST Byte Stride Bucket 140 is equal to 71
Global LD ST Byte Stride Bucket 142 is equal to 69
Global LD ST Byte Stride Bucket 144 is equal to 96
Global LD ST Byte Stride Bucket 146 is equal to 54
Global LD ST Byte Stride Bucket 148 is equal to 108
Global LD ST Byte Stride Bucket 150 is equal to 54
Global LD ST Byte Stride Bucket 152 is equal to 34
Global LD ST Byte Stride Bucket 154 is equal to 64
Global LD ST Byte Stride Bucket 156 is equal to 1611
Global LD ST Byte Stride Bucket 158 is equal to 27
Global LD ST Byte Stride Bucket 160 is equal to 8335
Global LD ST Byte Stride Bucket 162 is equal to 34
Global LD ST Byte Stride Bucket 164 is equal to 450
Global LD ST Byte Stride Bucket 166 is equal to 73
Global LD ST Byte Stride Bucket 168 is equal to 88
Global LD ST Byte Stride Bucket 170 is equal to 60
Global LD ST Byte Stride Bucket 172 is equal to 62
Global LD ST Byte Stride Bucket 174 is equal to 71
Global LD ST Byte Stride Bucket 176 is equal to 15320
Global LD ST Byte Stride Bucket 178 is equal to 50
Global LD ST Byte Stride Bucket 180 is equal to 49
Global LD ST Byte Stride Bucket 182 is equal to 21
Global LD ST Byte Stride Bucket 184 is equal to 31429
Global LD ST Byte Stride Bucket 186 is equal to 15
Global LD ST Byte Stride Bucket 188 is equal to 5
Global LD ST Byte Stride Bucket 190 is equal to 21
Global LD ST Byte Stride Bucket 200 is equal to 9380
Global LD ST Byte Stride Bucket 220 is equal to 1063
Global LD ST Byte Stride Bucket 224 is equal to 82410
Global LD ST Byte Stride Bucket 232 is equal to 12
Global LD ST Byte Stride Bucket 240 is equal to 5
Global LD ST Byte Stride Bucket 244 is equal to 1
Global LD ST Byte Stride Bucket 248 is equal to 8141
Global LD ST Byte Stride Bucket 256 is equal to 9724473

Global LD ST Cache Stride Bucket -256 is equal to 2056823
Global LD ST Cache Stride Bucket -254 is equal to 1
Global LD ST Cache Stride Bucket -253 is equal to 891
Global LD ST Cache Stride Bucket -252 is equal to 990
Global LD ST Cache Stride Bucket -245 is equal to 41
Global LD ST Cache Stride Bucket -235 is equal to 40
Global LD ST Cache Stride Bucket -234 is equal to 421
Global LD ST Cache Stride Bucket -233 is equal to 342
Global LD ST Cache Stride Bucket -231 is equal to 59
Global LD ST Cache Stride Bucket -223 is equal to 1
Global LD ST Cache Stride Bucket -222 is equal to 1
Global LD ST Cache Stride Bucket -221 is equal to 1
Global LD ST Cache Stride Bucket -220 is equal to 118
Global LD ST Cache Stride Bucket -219 is equal to 1249
Global LD ST Cache Stride Bucket -218 is equal to 82
Global LD ST Cache Stride Bucket -216 is equal to 1
Global LD ST Cache Stride Bucket -211 is equal to 31
Global LD ST Cache Stride Bucket -210 is equal to 2
Global LD ST Cache Stride Bucket -209 is equal to 1
Global LD ST Cache Stride Bucket -208 is equal to 1
Global LD ST Cache Stride Bucket -201 is equal to 33
Global LD ST Cache Stride Bucket -200 is equal to 560
Global LD ST Cache Stride Bucket -199 is equal to 477
Global LD ST Cache Stride Bucket -190 is equal to 7
Global LD ST Cache Stride Bucket -189 is equal to 396
Global LD ST Cache Stride Bucket -188 is equal to 1978
Global LD ST Cache Stride Bucket -187 is equal to 3556
Global LD ST Cache Stride Bucket -186 is equal to 4394
Global LD ST Cache Stride Bucket -185 is equal to 9820
Global LD ST Cache Stride Bucket -184 is equal to 84154
Global LD ST Cache Stride Bucket -183 is equal to 77766
Global LD ST Cache Stride Bucket -182 is equal to 55279
Global LD ST Cache Stride Bucket -181 is equal to 47336
Global LD ST Cache Stride Bucket -180 is equal to 107712
Global LD ST Cache Stride Bucket -179 is equal to 109523
Global LD ST Cache Stride Bucket -178 is equal to 70859
Global LD ST Cache Stride Bucket -177 is equal to 86806
Global LD ST Cache Stride Bucket -176 is equal to 58581
Global LD ST Cache Stride Bucket -175 is equal to 30946
Global LD ST Cache Stride Bucket -174 is equal to 5668
Global LD ST Cache Stride Bucket -173 is equal to 22569
Global LD ST Cache Stride Bucket -172 is equal to 14072
Global LD ST Cache Stride Bucket -171 is equal to 7364
Global LD ST Cache Stride Bucket -170 is equal to 6305
Global LD ST Cache Stride Bucket -169 is equal to 3665
Global LD ST Cache Stride Bucket -168 is equal to 6930
Global LD ST Cache Stride Bucket -167 is equal to 19485
Global LD ST Cache Stride Bucket -166 is equal to 33537
Global LD ST Cache Stride Bucket -165 is equal to 40828
Global LD ST Cache Stride Bucket -164 is equal to 28229
Global LD ST Cache Stride Bucket -163 is equal to 15937
Global LD ST Cache Stride Bucket -162 is equal to 8210
Global LD ST Cache Stride Bucket -161 is equal to 4964
Global LD ST Cache Stride Bucket -160 is equal to 11047
Global LD ST Cache Stride Bucket -159 is equal to 17514
Global LD ST Cache Stride Bucket -158 is equal to 21669
Global LD ST Cache Stride Bucket -157 is equal to 20172
Global LD ST Cache Stride Bucket -156 is equal to 75008
Global LD ST Cache Stride Bucket -155 is equal to 69782
Global LD ST Cache Stride Bucket -154 is equal to 62766
Global LD ST Cache Stride Bucket -153 is equal to 5104
Global LD ST Cache Stride Bucket -152 is equal to 29504
Global LD ST Cache Stride Bucket -151 is equal to 26192
Global LD ST Cache Stride Bucket -150 is equal to 23386
Global LD ST Cache Stride Bucket -149 is equal to 6216
Global LD ST Cache Stride Bucket -148 is equal to 3848
Global LD ST Cache Stride Bucket -147 is equal to 16567
Global LD ST Cache Stride Bucket -146 is equal to 4220
Global LD ST Cache Stride Bucket -145 is equal to 15155
Global LD ST Cache Stride Bucket -144 is equal to 19321
Global LD ST Cache Stride Bucket -143 is equal to 34727
Global LD ST Cache Stride Bucket -142 is equal to 21328
Global LD ST Cache Stride Bucket -141 is equal to 29426
Global LD ST Cache Stride Bucket -140 is equal to 34134
Global LD ST Cache Stride Bucket -139 is equal to 44687
Global LD ST Cache Stride Bucket -138 is equal to 38651
Global LD ST Cache Stride Bucket -137 is equal to 29944
Global LD ST Cache Stride Bucket -136 is equal to 28036
Global LD ST Cache Stride Bucket -135 is equal to 17477
Global LD ST Cache Stride Bucket -134 is equal to 15112
Global LD ST Cache Stride Bucket -133 is equal to 7298
Global LD ST Cache Stride Bucket -132 is equal to 5312
Global LD ST Cache Stride Bucket -131 is equal to 15761
Global LD ST Cache Stride Bucket -130 is equal to 32756
Global LD ST Cache Stride Bucket -129 is equal to 22168
Global LD ST Cache Stride Bucket -128 is equal to 27292
Global LD ST Cache Stride Bucket -127 is equal to 44716
Global LD ST Cache Stride Bucket -126 is equal to 55078
Global LD ST Cache Stride Bucket -125 is equal to 31741
Global LD ST Cache Stride Bucket -124 is equal to 17072
Global LD ST Cache Stride Bucket -123 is equal to 25998
Global LD ST Cache Stride Bucket -122 is equal to 14099
Global LD ST Cache Stride Bucket -121 is equal to 9832
Global LD ST Cache Stride Bucket -120 is equal to 6434
Global LD ST Cache Stride Bucket -119 is equal to 7310
Global LD ST Cache Stride Bucket -118 is equal to 11106
Global LD ST Cache Stride Bucket -117 is equal to 18304
Global LD ST Cache Stride Bucket -116 is equal to 20068
Global LD ST Cache Stride Bucket -115 is equal to 26310
Global LD ST Cache Stride Bucket -114 is equal to 22472
Global LD ST Cache Stride Bucket -113 is equal to 37969
Global LD ST Cache Stride Bucket -112 is equal to 19880
Global LD ST Cache Stride Bucket -111 is equal to 17754
Global LD ST Cache Stride Bucket -110 is equal to 6692
Global LD ST Cache Stride Bucket -109 is equal to 4888
Global LD ST Cache Stride Bucket -108 is equal to 3198
Global LD ST Cache Stride Bucket -107 is equal to 4412
Global LD ST Cache Stride Bucket -106 is equal to 6244
Global LD ST Cache Stride Bucket -105 is equal to 13571
Global LD ST Cache Stride Bucket -104 is equal to 8671
Global LD ST Cache Stride Bucket -103 is equal to 8517
Global LD ST Cache Stride Bucket -102 is equal to 16489
Global LD ST Cache Stride Bucket -101 is equal to 15242
Global LD ST Cache Stride Bucket -100 is equal to 103217
Global LD ST Cache Stride Bucket -99 is equal to 6686
Global LD ST Cache Stride Bucket -98 is equal to 82693
Global LD ST Cache Stride Bucket -97 is equal to 39296
Global LD ST Cache Stride Bucket -96 is equal to 119099
Global LD ST Cache Stride Bucket -95 is equal to 179431
Global LD ST Cache Stride Bucket -94 is equal to 159193
Global LD ST Cache Stride Bucket -93 is equal to 199827
Global LD ST Cache Stride Bucket -92 is equal to 279773
Global LD ST Cache Stride Bucket -91 is equal to 273114
Global LD ST Cache Stride Bucket -90 is equal to 189091
Global LD ST Cache Stride Bucket -89 is equal to 50697
Global LD ST Cache Stride Bucket -88 is equal to 56010
Global LD ST Cache Stride Bucket -87 is equal to 51086
Global LD ST Cache Stride Bucket -86 is equal to 34535
Global LD ST Cache Stride Bucket -85 is equal to 82571
Global LD ST Cache Stride Bucket -84 is equal to 58622
Global LD ST Cache Stride Bucket -83 is equal to 38230
Global LD ST Cache Stride Bucket -82 is equal to 26918
Global LD ST Cache Stride Bucket -81 is equal to 92331
Global LD ST Cache Stride Bucket -80 is equal to 27834
Global LD ST Cache Stride Bucket -79 is equal to 21957
Global LD ST Cache Stride Bucket -78 is equal to 32783
Global LD ST Cache Stride Bucket -77 is equal to 9721
Global LD ST Cache Stride Bucket -76 is equal to 13082
Global LD ST Cache Stride Bucket -75 is equal to 16328
Global LD ST Cache Stride Bucket -74 is equal to 16512
Global LD ST Cache Stride Bucket -73 is equal to 12727
Global LD ST Cache Stride Bucket -72 is equal to 13100
Global LD ST Cache Stride Bucket -71 is equal to 12499
Global LD ST Cache Stride Bucket -70 is equal to 15747
Global LD ST Cache Stride Bucket -69 is equal to 9702
Global LD ST Cache Stride Bucket -68 is equal to 7791
Global LD ST Cache Stride Bucket -67 is equal to 33458
Global LD ST Cache Stride Bucket -66 is equal to 12953
Global LD ST Cache Stride Bucket -65 is equal to 19562
Global LD ST Cache Stride Bucket -64 is equal to 21248
Global LD ST Cache Stride Bucket -63 is equal to 28848
Global LD ST Cache Stride Bucket -62 is equal to 18312
Global LD ST Cache Stride Bucket -61 is equal to 12125
Global LD ST Cache Stride Bucket -60 is equal to 27031
Global LD ST Cache Stride Bucket -59 is equal to 19009
Global LD ST Cache Stride Bucket -58 is equal to 8446
Global LD ST Cache Stride Bucket -57 is equal to 36482
Global LD ST Cache Stride Bucket -56 is equal to 33685
Global LD ST Cache Stride Bucket -55 is equal to 77404
Global LD ST Cache Stride Bucket -54 is equal to 63934
Global LD ST Cache Stride Bucket -53 is equal to 86755
Global LD ST Cache Stride Bucket -52 is equal to 61200
Global LD ST Cache Stride Bucket -51 is equal to 4951
Global LD ST Cache Stride Bucket -50 is equal to 1416
Global LD ST Cache Stride Bucket -49 is equal to 1684
Global LD ST Cache Stride Bucket -48 is equal to 3287
Global LD ST Cache Stride Bucket -47 is equal to 2949
Global LD ST Cache Stride Bucket -46 is equal to 2428
Global LD ST Cache Stride Bucket -45 is equal to 3658
Global LD ST Cache Stride Bucket -44 is equal to 3602
Global LD ST Cache Stride Bucket -43 is equal to 4016
Global LD ST Cache Stride Bucket -42 is equal to 97621
Global LD ST Cache Stride Bucket -41 is equal to 131406
Global LD ST Cache Stride Bucket -40 is equal to 30152
Global LD ST Cache Stride Bucket -39 is equal to 51313
Global LD ST Cache Stride Bucket -38 is equal to 43362
Global LD ST Cache Stride Bucket -37 is equal to 3566
Global LD ST Cache Stride Bucket -36 is equal to 2611
Global LD ST Cache Stride Bucket -35 is equal to 1119
Global LD ST Cache Stride Bucket -34 is equal to 639
Global LD ST Cache Stride Bucket -33 is equal to 1605
Global LD ST Cache Stride Bucket -32 is equal to 5200
Global LD ST Cache Stride Bucket -31 is equal to 4812
Global LD ST Cache Stride Bucket -30 is equal to 8304
Global LD ST Cache Stride Bucket -29 is equal to 9834
Global LD ST Cache Stride Bucket -28 is equal to 109807
Global LD ST Cache Stride Bucket -27 is equal to 81326
Global LD ST Cache Stride Bucket -26 is equal to 49984
Global LD ST Cache Stride Bucket -25 is equal to 84140
Global LD ST Cache Stride Bucket -24 is equal to 16071
Global LD ST Cache Stride Bucket -23 is equal to 32
Global LD ST Cache Stride Bucket -22 is equal to 100
Global LD ST Cache Stride Bucket -21 is equal to 833
Global LD ST Cache Stride Bucket -20 is equal to 1078
Global LD ST Cache Stride Bucket -19 is equal to 1786
Global LD ST Cache Stride Bucket -18 is equal to 832
Global LD ST Cache Stride Bucket -17 is equal to 8805
Global LD ST Cache Stride Bucket -16 is equal to 18214
Global LD ST Cache Stride Bucket -15 is equal to 77997
Global LD ST Cache Stride Bucket -14 is equal to 252830
Global LD ST Cache Stride Bucket -13 is equal to 167913
Global LD ST Cache Stride Bucket -12 is equal to 96790
Global LD ST Cache Stride Bucket -11 is equal to 74293
Global LD ST Cache Stride Bucket -10 is equal to 23258
Global LD ST Cache Stride Bucket -9 is equal to 4709
Global LD ST Cache Stride Bucket -8 is equal to 7739
Global LD ST Cache Stride Bucket -7 is equal to 22231
Global LD ST Cache Stride Bucket -6 is equal to 135083
Global LD ST Cache Stride Bucket -5 is equal to 154926
Global LD ST Cache Stride Bucket -4 is equal to 46801
Global LD ST Cache Stride Bucket -3 is equal to 117364
Global LD ST Cache Stride Bucket -2 is equal to 143662
Global LD ST Cache Stride Bucket -1 is equal to 1461716
Global LD ST Cache Stride Bucket 0 is equal to 11348098
Global LD ST Cache Stride Bucket 1 is equal to 1270936
Global LD ST Cache Stride Bucket 2 is equal to 77213
Global LD ST Cache Stride Bucket 3 is equal to 97489
Global LD ST Cache Stride Bucket 4 is equal to 64637
Global LD ST Cache Stride Bucket 5 is equal to 134103
Global LD ST Cache Stride Bucket 6 is equal to 123651
Global LD ST Cache Stride Bucket 7 is equal to 19132
Global LD ST Cache Stride Bucket 8 is equal to 837
Global LD ST Cache Stride Bucket 9 is equal to 5
Global LD ST Cache Stride Bucket 10 is equal to 37324
Global LD ST Cache Stride Bucket 11 is equal to 69691
Global LD ST Cache Stride Bucket 12 is equal to 112829
Global LD ST Cache Stride Bucket 13 is equal to 264163
Global LD ST Cache Stride Bucket 14 is equal to 597593
Global LD ST Cache Stride Bucket 15 is equal to 134909
Global LD ST Cache Stride Bucket 16 is equal to 23249
Global LD ST Cache Stride Bucket 17 is equal to 6643
Global LD ST Cache Stride Bucket 18 is equal to 6131
Global LD ST Cache Stride Bucket 19 is equal to 810
Global LD ST Cache Stride Bucket 20 is equal to 1285
Global LD ST Cache Stride Bucket 21 is equal to 987
Global LD ST Cache Stride Bucket 22 is equal to 11
Global LD ST Cache Stride Bucket 23 is equal to 2002
Global LD ST Cache Stride Bucket 24 is equal to 67691
Global LD ST Cache Stride Bucket 25 is equal to 150576
Global LD ST Cache Stride Bucket 26 is equal to 93298
Global LD ST Cache Stride Bucket 27 is equal to 132047
Global LD ST Cache Stride Bucket 28 is equal to 96497
Global LD ST Cache Stride Bucket 29 is equal to 14891
Global LD ST Cache Stride Bucket 30 is equal to 11156
Global LD ST Cache Stride Bucket 31 is equal to 4233
Global LD ST Cache Stride Bucket 32 is equal to 3221
Global LD ST Cache Stride Bucket 33 is equal to 4590
Global LD ST Cache Stride Bucket 34 is equal to 5258
Global LD ST Cache Stride Bucket 35 is equal to 1015
Global LD ST Cache Stride Bucket 36 is equal to 413
Global LD ST Cache Stride Bucket 37 is equal to 26644
Global LD ST Cache Stride Bucket 38 is equal to 180089
Global LD ST Cache Stride Bucket 39 is equal to 230577
Global LD ST Cache Stride Bucket 40 is equal to 193041
Global LD ST Cache Stride Bucket 41 is equal to 108381
Global LD ST Cache Stride Bucket 42 is equal to 27098
Global LD ST Cache Stride Bucket 43 is equal to 4986
Global LD ST Cache Stride Bucket 44 is equal to 1092
Global LD ST Cache Stride Bucket 45 is equal to 3987
Global LD ST Cache Stride Bucket 46 is equal to 3116
Global LD ST Cache Stride Bucket 47 is equal to 4515
Global LD ST Cache Stride Bucket 48 is equal to 3318
Global LD ST Cache Stride Bucket 49 is equal to 2406
Global LD ST Cache Stride Bucket 50 is equal to 1752
Global LD ST Cache Stride Bucket 51 is equal to 16231
Global LD ST Cache Stride Bucket 52 is equal to 36233
Global LD ST Cache Stride Bucket 53 is equal to 46703
Global LD ST Cache Stride Bucket 54 is equal to 70896
Global LD ST Cache Stride Bucket 55 is equal to 73795
Global LD ST Cache Stride Bucket 56 is equal to 38162
Global LD ST Cache Stride Bucket 57 is equal to 24109
Global LD ST Cache Stride Bucket 58 is equal to 65334
Global LD ST Cache Stride Bucket 59 is equal to 18734
Global LD ST Cache Stride Bucket 60 is equal to 13406
Global LD ST Cache Stride Bucket 61 is equal to 17449
Global LD ST Cache Stride Bucket 62 is equal to 20834
Global LD ST Cache Stride Bucket 63 is equal to 20032
Global LD ST Cache Stride Bucket 64 is equal to 15281
Global LD ST Cache Stride Bucket 65 is equal to 17919
Global LD ST Cache Stride Bucket 66 is equal to 23038
Global LD ST Cache Stride Bucket 67 is equal to 23074
Global LD ST Cache Stride Bucket 68 is equal to 42373
Global LD ST Cache Stride Bucket 69 is equal to 14033
Global LD ST Cache Stride Bucket 70 is equal to 16361
Global LD ST Cache Stride Bucket 71 is equal to 18102
Global LD ST Cache Stride Bucket 72 is equal to 18575
Global LD ST Cache Stride Bucket 73 is equal to 10155
Global LD ST Cache Stride Bucket 74 is equal to 7901
Global LD ST Cache Stride Bucket 75 is equal to 19825
Global LD ST Cache Stride Bucket 76 is equal to 11543
Global LD ST Cache Stride Bucket 77 is equal to 9494
Global LD ST Cache Stride Bucket 78 is equal to 13253
Global LD ST Cache Stride Bucket 79 is equal to 58600
Global LD ST Cache Stride Bucket 80 is equal to 56300
Global LD ST Cache Stride Bucket 81 is equal to 55504
Global LD ST Cache Stride Bucket 82 is equal to 109992
Global LD ST Cache Stride Bucket 83 is equal to 76369
Global LD ST Cache Stride Bucket 84 is equal to 63194
Global LD ST Cache Stride Bucket 85 is equal to 90083
Global LD ST Cache Stride Bucket 86 is equal to 107024
Global LD ST Cache Stride Bucket 87 is equal to 25569
Global LD ST Cache Stride Bucket 88 is equal to 19762
Global LD ST Cache Stride Bucket 89 is equal to 18706
Global LD ST Cache Stride Bucket 90 is equal to 61459
Global LD ST Cache Stride Bucket 91 is equal to 80900
Global LD ST Cache Stride Bucket 92 is equal to 76878
Global LD ST Cache Stride Bucket 93 is equal to 52134
Global LD ST Cache Stride Bucket 94 is equal to 38989
Global LD ST Cache Stride Bucket 95 is equal to 46879
Global LD ST Cache Stride Bucket 96 is equal to 40444
Global LD ST Cache Stride Bucket 97 is equal to 12863
Global LD ST Cache Stride Bucket 98 is equal to 16890
Global LD ST Cache Stride Bucket 99 is equal to 31476
Global LD ST Cache Stride Bucket 100 is equal to 3084
Global LD ST Cache Stride Bucket 101 is equal to 6274
Global LD ST Cache Stride Bucket 102 is equal to 8852
Global LD ST Cache Stride Bucket 103 is equal to 7493
Global LD ST Cache Stride Bucket 104 is equal to 2861
Global LD ST Cache Stride Bucket 105 is equal to 2511
Global LD ST Cache Stride Bucket 106 is equal to 2423
Global LD ST Cache Stride Bucket 107 is equal to 2371
Global LD ST Cache Stride Bucket 108 is equal to 3032
Global LD ST Cache Stride Bucket 109 is equal to 9840
Global LD ST Cache Stride Bucket 110 is equal to 7434
Global LD ST Cache Stride Bucket 111 is equal to 8374
Global LD ST Cache Stride Bucket 112 is equal to 11014
Global LD ST Cache Stride Bucket 113 is equal to 14373
Global LD ST Cache Stride Bucket 114 is equal to 15625
Global LD ST Cache Stride Bucket 115 is equal to 7915
Global LD ST Cache Stride Bucket 116 is equal to 8695
Global LD ST Cache Stride Bucket 117 is equal to 6747
Global LD ST Cache Stride Bucket 118 is equal to 5317
Global LD ST Cache Stride Bucket 119 is equal to 5577
Global LD ST Cache Stride Bucket 120 is equal to 3237
Global LD ST Cache Stride Bucket 121 is equal to 1336
Global LD ST Cache Stride Bucket 122 is equal to 5126
Global LD ST Cache Stride Bucket 123 is equal to 7313
Global LD ST Cache Stride Bucket 124 is equal to 9012
Global LD ST Cache Stride Bucket 125 is equal to 29302
Global LD ST Cache Stride Bucket 126 is equal to 165536
Global LD ST Cache Stride Bucket 127 is equal to 21287
Global LD ST Cache Stride Bucket 128 is equal to 13482
Global LD ST Cache Stride Bucket 129 is equal to 11097
Global LD ST Cache Stride Bucket 130 is equal to 11664
Global LD ST Cache Stride Bucket 131 is equal to 14590
Global LD ST Cache Stride Bucket 132 is equal to 4181
Global LD ST Cache Stride Bucket 133 is equal to 4284
Global LD ST Cache Stride Bucket 134 is equal to 8742
Global LD ST Cache Stride Bucket 135 is equal to 7772
Global LD ST Cache Stride Bucket 136 is equal to 7084
Global LD ST Cache Stride Bucket 137 is equal to 7351
Global LD ST Cache Stride Bucket 138 is equal to 7822
Global LD ST Cache Stride Bucket 139 is equal to 10975
Global LD ST Cache Stride Bucket 140 is equal to 16927
Global LD ST Cache Stride Bucket 141 is equal to 22634
Global LD ST Cache Stride Bucket 142 is equal to 15280
Global LD ST Cache Stride Bucket 143 is equal to 16825
Global LD ST Cache Stride Bucket 144 is equal to 18067
Global LD ST Cache Stride Bucket 145 is equal to 9236
Global LD ST Cache Stride Bucket 146 is equal to 5177
Global LD ST Cache Stride Bucket 147 is equal to 4112
Global LD ST Cache Stride Bucket 148 is equal to 7977
Global LD ST Cache Stride Bucket 149 is equal to 3374
Global LD ST Cache Stride Bucket 150 is equal to 11474
Global LD ST Cache Stride Bucket 151 is equal to 15586
Global LD ST Cache Stride Bucket 152 is equal to 40428
Global LD ST Cache Stride Bucket 153 is equal to 24290
Global LD ST Cache Stride Bucket 154 is equal to 79636
Global LD ST Cache Stride Bucket 155 is equal to 130934
Global LD ST Cache Stride Bucket 156 is equal to 76064
Global LD ST Cache Stride Bucket 157 is equal to 29868
Global LD ST Cache Stride Bucket 158 is equal to 49996
Global LD ST Cache Stride Bucket 159 is equal to 28526
Global LD ST Cache Stride Bucket 160 is equal to 19099
Global LD ST Cache Stride Bucket 161 is equal to 11727
Global LD ST Cache Stride Bucket 162 is equal to 17766
Global LD ST Cache Stride Bucket 163 is equal to 26750
Global LD ST Cache Stride Bucket 164 is equal to 51848
Global LD ST Cache Stride Bucket 165 is equal to 103247
Global LD ST Cache Stride Bucket 166 is equal to 64320
Global LD ST Cache Stride Bucket 167 is equal to 45831
Global LD ST Cache Stride Bucket 168 is equal to 25695
Global LD ST Cache Stride Bucket 169 is equal to 16614
Global LD ST Cache Stride Bucket 170 is equal to 17481
Global LD ST Cache Stride Bucket 171 is equal to 23717
Global LD ST Cache Stride Bucket 172 is equal to 28370
Global LD ST Cache Stride Bucket 173 is equal to 35133
Global LD ST Cache Stride Bucket 174 is equal to 17199
Global LD ST Cache Stride Bucket 175 is equal to 55671
Global LD ST Cache Stride Bucket 176 is equal to 96386
Global LD ST Cache Stride Bucket 177 is equal to 96909
Global LD ST Cache Stride Bucket 178 is equal to 100231
Global LD ST Cache Stride Bucket 179 is equal to 223113
Global LD ST Cache Stride Bucket 180 is equal to 143080
Global LD ST Cache Stride Bucket 181 is equal to 78016
Global LD ST Cache Stride Bucket 182 is equal to 102579
Global LD ST Cache Stride Bucket 183 is equal to 149669
Global LD ST Cache Stride Bucket 184 is equal to 88268
Global LD ST Cache Stride Bucket 185 is equal to 10969
Global LD ST Cache Stride Bucket 186 is equal to 17986
Global LD ST Cache Stride Bucket 187 is equal to 4862
Global LD ST Cache Stride Bucket 188 is equal to 2697
Global LD ST Cache Stride Bucket 189 is equal to 872
Global LD ST Cache Stride Bucket 190 is equal to 23
Global LD ST Cache Stride Bucket 191 is equal to 1
Global LD ST Cache Stride Bucket 192 is equal to 1
Global LD ST Cache Stride Bucket 193 is equal to 1
Global LD ST Cache Stride Bucket 194 is equal to 1
Global LD ST Cache Stride Bucket 195 is equal to 1
Global LD ST Cache Stride Bucket 196 is equal to 1
Global LD ST Cache Stride Bucket 197 is equal to 1
Global LD ST Cache Stride Bucket 198 is equal to 1
Global LD ST Cache Stride Bucket 199 is equal to 849
Global LD ST Cache Stride Bucket 200 is equal to 854
Global LD ST Cache Stride Bucket 201 is equal to 656
Global LD ST Cache Stride Bucket 202 is equal to 1
Global LD ST Cache Stride Bucket 203 is equal to 589
Global LD ST Cache Stride Bucket 204 is equal to 589
Global LD ST Cache Stride Bucket 205 is equal to 1
Global LD ST Cache Stride Bucket 206 is equal to 1
Global LD ST Cache Stride Bucket 207 is equal to 1
Global LD ST Cache Stride Bucket 208 is equal to 1
Global LD ST Cache Stride Bucket 209 is equal to 1
Global LD ST Cache Stride Bucket 210 is equal to 1
Global LD ST Cache Stride Bucket 211 is equal to 1
Global LD ST Cache Stride Bucket 212 is equal to 61
Global LD ST Cache Stride Bucket 213 is equal to 2
Global LD ST Cache Stride Bucket 214 is equal to 2
Global LD ST Cache Stride Bucket 215 is equal to 2
Global LD ST Cache Stride Bucket 216 is equal to 2
Global LD ST Cache Stride Bucket 217 is equal to 2
Global LD ST Cache Stride Bucket 218 is equal to 122
Global LD ST Cache Stride Bucket 219 is equal to 50
Global LD ST Cache Stride Bucket 220 is equal to 119
Global LD ST Cache Stride Bucket 221 is equal to 1
Global LD ST Cache Stride Bucket 222 is equal to 1
Global LD ST Cache Stride Bucket 223 is equal to 1
Global LD ST Cache Stride Bucket 224 is equal to 1
Global LD ST Cache Stride Bucket 225 is equal to 1
Global LD ST Cache Stride Bucket 226 is equal to 1
Global LD ST Cache Stride Bucket 227 is equal to 1
Global LD ST Cache Stride Bucket 228 is equal to 1
Global LD ST Cache Stride Bucket 229 is equal to 1
Global LD ST Cache Stride Bucket 230 is equal to 1
Global LD ST Cache Stride Bucket 231 is equal to 119
Global LD ST Cache Stride Bucket 232 is equal to 2
Global LD ST Cache Stride Bucket 233 is equal to 610
Global LD ST Cache Stride Bucket 234 is equal to 192
Global LD ST Cache Stride Bucket 235 is equal to 83
Global LD ST Cache Stride Bucket 236 is equal to 1
Global LD ST Cache Stride Bucket 237 is equal to 1
Global LD ST Cache Stride Bucket 238 is equal to 1
Global LD ST Cache Stride Bucket 239 is equal to 1
Global LD ST Cache Stride Bucket 240 is equal to 1
Global LD ST Cache Stride Bucket 241 is equal to 1
Global LD ST Cache Stride Bucket 242 is equal to 1
Global LD ST Cache Stride Bucket 243 is equal to 1
Global LD ST Cache Stride Bucket 244 is equal to 1
Global LD ST Cache Stride Bucket 245 is equal to 1
Global LD ST Cache Stride Bucket 246 is equal to 83
Global LD ST Cache Stride Bucket 247 is equal to 2
Global LD ST Cache Stride Bucket 248 is equal to 2
Global LD ST Cache Stride Bucket 249 is equal to 2
Global LD ST Cache Stride Bucket 250 is equal to 2
Global LD ST Cache Stride Bucket 251 is equal to 2
Global LD ST Cache Stride Bucket 252 is equal to 1487
Global LD ST Cache Stride Bucket 253 is equal to 596
Global LD ST Cache Stride Bucket 254 is equal to 3
Global LD ST Cache Stride Bucket 255 is equal to 1
Global LD ST Cache Stride Bucket 256 is equal to 2158054


            "-256": "9038878",
            "-255": "0",
            "-254": "0",
            "-253": "0",
            "-252": "0",
            "-251": "0",
            "-250": "0",
            "-249": "0",
            "-248": "13209",
            "-247": "0",
            "-246": "0",
            "-245": "0",
            "-244": "139",
            "-243": "0",
            "-242": "0",
            "-241": "0",
            "-240": "0",
            "-239": "0",
            "-238": "0",
            "-237": "0",
            "-236": "0",
            "-235": "0",
            "-234": "0",
            "-233": "0",
            "-232": "2",
            "-231": "0",
            "-230": "0",
            "-229": "0",
            "-228": "5000",
            "-227": "0",
            "-226": "0",
            "-225": "0",
            "-224": "0",
            "-223": "0",
            "-222": "0",
            "-221": "0",
            "-220": "0",
            "-219": "0",
            "-218": "0",
            "-217": "0",
            "-216": "76916",
            "-215": "0",
            "-214": "0",
            "-213": "0",
            "-212": "0",
            "-211": "0",
            "-210": "0",
            "-209": "0",
            "-208": "0",
            "-207": "0",
            "-206": "0",
            "-205": "0",
            "-204": "0",
            "-203": "0",
            "-202": "0",
            "-201": "0",
            "-200": "0",
            "-199": "0",
            "-198": "0",
            "-197": "0",
            "-196": "0",
            "-195": "0",
            "-194": "0",
            "-193": "0",
            "-192": "1",
            "-191": "0",
            "-190": "0",
            "-189": "0",
            "-188": "8308",
            "-187": "0",
            "-186": "3",
            "-185": "0",
            "-184": "12075",
            "-183": "0",
            "-182": "7",
            "-181": "0",
            "-180": "28",
            "-179": "0",
            "-178": "25",
            "-177": "0",
            "-176": "35059",
            "-175": "0",
            "-174": "38",
            "-173": "0",
            "-172": "32",
            "-171": "0",
            "-170": "42",
            "-169": "0",
            "-168": "4171",
            "-167": "0",
            "-166": "43",
            "-165": "0",
            "-164": "7125",
            "-163": "0",
            "-162": "30",
            "-161": "0",
            "-160": "10305",
            "-159": "0",
            "-158": "35",
            "-157": "0",
            "-156": "61",
            "-155": "0",
            "-154": "95",
            "-153": "0",
            "-152": "78",
            "-151": "0",
            "-150": "64",
            "-149": "0",
            "-148": "132",
            "-147": "0",
            "-146": "101",
            "-145": "0",
            "-144": "1009",
            "-143": "0",
            "-142": "48",
            "-141": "0",
            "-140": "59",
            "-139": "0",
            "-138": "14",
            "-137": "0",
            "-136": "155",
            "-135": "0",
            "-134": "95",
            "-133": "0",
            "-132": "300",
            "-131": "0",
            "-130": "121",
            "-129": "0",
            "-128": "473",
            "-127": "0",
            "-126": "110",
            "-125": "0",
            "-124": "1614",
            "-123": "0",
            "-122": "148",
            "-121": "0",
            "-120": "22904",
            "-119": "0",
            "-118": "84",
            "-117": "0",
            "-116": "5852",
            "-115": "0",
            "-114": "207",
            "-113": "0",
            "-112": "7147",
            "-111": "0",
            "-110": "329",
            "-109": "0",
            "-108": "4213",
            "-107": "0",
            "-106": "433",
            "-105": "0",
            "-104": "5438",
            "-103": "0",
            "-102": "395",
            "-101": "0",
            "-100": "19701",
            "-99": "0",
            "-98": "94",
            "-97": "0",
            "-96": "120167",
            "-95": "0",
            "-94": "123",
            "-93": "0",
            "-92": "4877",
            "-91": "0",
            "-90": "237",
            "-89": "0",
            "-88": "54897",
            "-87": "0",
            "-86": "396",
            "-85": "0",
            "-84": "5185",
            "-83": "0",
            "-82": "693",
            "-81": "0",
            "-80": "58364",
            "-79": "0",
            "-78": "126",
            "-77": "0",
            "-76": "2534",
            "-75": "0",
            "-74": "345",
            "-73": "0",
            "-72": "3235",
            "-71": "0",
            "-70": "343",
            "-69": "0",
            "-68": "6830",
            "-67": "0",
            "-66": "899",
            "-65": "0",
            "-64": "8599",
            "-63": "0",
            "-62": "583",
            "-61": "0",
            "-60": "43267",
            "-59": "0",
            "-58": "598",
            "-57": "0",
            "-56": "194454",
            "-55": "0",
            "-54": "117",
            "-53": "0",
            "-52": "112571",
            "-51": "0",
            "-50": "451",
            "-49": "0",
            "-48": "61401",
            "-47": "0",
            "-46": "3135",
            "-45": "0",
            "-44": "10709",
            "-43": "0",
            "-42": "2890",
            "-41": "0",
            "-40": "64471",
            "-39": "0",
            "-38": "2513",
            "-37": "0",
            "-36": "128363",
            "-35": "0",
            "-34": "293",
            "-33": "0",
            "-32": "118713",
            "-31": "0",
            "-30": "203",
            "-29": "0",
            "-28": "25409",
            "-27": "0",
            "-26": "2523",
            "-25": "0",
            "-24": "212246",
            "-23": "0",
            "-22": "17268",
            "-21": "0",
            "-20": "288095",
            "-19": "0",
            "-18": "2451",
            "-17": "0",
            "-16": "201624",
            "-15": "0",
            "-14": "618",
            "-13": "1",
            "-12": "288935",
            "-11": "0",
            "-10": "258",
            "-9": "10",
            "-8": "2493571",
            "-7": "0",
            "-6": "729",
            "-5": "0",
            "-4": "1215084",
            "-3": "0",
            "-2": "20981",
            "-1": "2",
            "0": "2467212",
            "1": "0",
            "2": "19460",
            "3": "0",
            "4": "1205397",
            "5": "0",
            "6": "1191",
            "7": "0",
            "8": "2937751",
            "9": "588",
            "10": "273",
            "11": "0",
            "12": "97841",
            "13": "0",
            "14": "375",
            "15": "0",
            "16": "329670",
            "17": "0",
            "18": "1234",
            "19": "0",
            "20": "118967",
            "21": "0",
            "22": "18669",
            "23": "0",
            "24": "206378",
            "25": "0",
            "26": "2232",
            "27": "0",
            "28": "21823",
            "29": "0",
            "30": "388",
            "31": "0",
            "32": "118417",
            "33": "0",
            "34": "219",
            "35": "0",
            "36": "235325",
            "37": "0",
            "38": "738",
            "39": "0",
            "40": "68539",
            "41": "0",
            "42": "3240",
            "43": "0",
            "44": "122883",
            "45": "0",
            "46": "2962",
            "47": "0",
            "48": "83240",
            "49": "0",
            "50": "225",
            "51": "0",
            "52": "123943",
            "53": "0",
            "54": "156",
            "55": "0",
            "56": "36143",
            "57": "13",
            "58": "234",
            "59": "0",
            "60": "7262",
            "61": "0",
            "62": "541",
            "63": "0",
            "64": "9446",
            "65": "0",
            "66": "1561",
            "67": "0",
            "68": "1105",
            "69": "0",
            "70": "178",
            "71": "0",
            "72": "1801",
            "73": "0",
            "74": "191",
            "75": "0",
            "76": "102",
            "77": "0",
            "78": "117",
            "79": "0",
            "80": "699",
            "81": "0",
            "82": "183",
            "83": "0",
            "84": "118646",
            "85": "0",
            "86": "231",
            "87": "0",
            "88": "52214",
            "89": "0",
            "90": "74",
            "91": "0",
            "92": "1094",
            "93": "0",
            "94": "36",
            "95": "0",
            "96": "1085",
            "97": "0",
            "98": "106",
            "99": "0",
            "100": "73",
            "101": "0",
            "102": "177",
            "103": "0",
            "104": "1025",
            "105": "0",
            "106": "250",
            "107": "0",
            "108": "566",
            "109": "0",
            "110": "218",
            "111": "0",
            "112": "959",
            "113": "0",
            "114": "69",
            "115": "0",
            "116": "145",
            "117": "0",
            "118": "53",
            "119": "0",
            "120": "271",
            "121": "0",
            "122": "82",
            "123": "0",
            "124": "84",
            "125": "0",
            "126": "159",
            "127": "0",
            "128": "249",
            "129": "0",
            "130": "163",
            "131": "0",
            "132": "104",
            "133": "0",
            "134": "66",
            "135": "0",
            "136": "2153",
            "137": "0",
            "138": "42",
            "139": "0",
            "140": "71",
            "141": "0",
            "142": "69",
            "143": "0",
            "144": "96",
            "145": "0",
            "146": "54",
            "147": "0",
            "148": "108",
            "149": "0",
            "150": "54",
            "151": "0",
            "152": "34",
            "153": "0",
            "154": "64",
            "155": "0",
            "156": "1611",
            "157": "0",
            "158": "27",
            "159": "0",
            "160": "8335",
            "161": "0",
            "162": "34",
            "163": "0",
            "164": "450",
            "165": "0",
            "166": "73",
            "167": "0",
            "168": "88",
            "169": "0",
            "170": "60",
            "171": "0",
            "172": "62",
            "173": "0",
            "174": "71",
            "175": "0",
            "176": "15320",
            "177": "0",
            "178": "50",
            "179": "0",
            "180": "49",
            "181": "0",
            "182": "21",
            "183": "0",
            "184": "31429",
            "185": "0",
            "186": "15",
            "187": "0",
            "188": "5",
            "189": "0",
            "190": "21",
            "191": "0",
            "192": "0",
            "193": "0",
            "194": "0",
            "195": "0",
            "196": "0",
            "197": "0",
            "198": "0",
            "199": "0",
            "200": "9380",
            "201": "0",
            "202": "0",
            "203": "0",
            "204": "0",
            "205": "0",
            "206": "0",
            "207": "0",
            "208": "0",
            "209": "0",
            "210": "0",
            "211": "0",
            "212": "0",
            "213": "0",
            "214": "0",
            "215": "0",
            "216": "0",
            "217": "0",
            "218": "0",
            "219": "0",
            "220": "1063",
            "221": "0",
            "222": "0",
            "223": "0",
            "224": "82410",
            "225": "0",
            "226": "0",
            "227": "0",
            "228": "0",
            "229": "0",
            "230": "0",
            "231": "0",
            "232": "12",
            "233": "0",
            "234": "0",
            "235": "0",
            "236": "0",
            "237": "0",
            "238": "0",
            "239": "0",
            "240": "5",
            "241": "0",
            "242": "0",
            "243": "0",
            "244": "1",
            "245": "0",
            "246": "0",
            "247": "0",
            "248": "8141",
            "249": "0",
            "250": "0",
            "251": "0",
            "252": "0",
            "253": "0",
            "254": "0",
            "255": "0",
            "256": "9724473",


# END_DYNAMIC_STATS
