# Mix output version 2
# FINI: end of program
# EMIT_DYNAMIC_STATS FOR TID 1, ins = 100101504
Dynamic Instruction Count = 100101504, Dyn BBL Count = 16674565
RAWdep[ 0] = 0
RAWdep[ 1] = 43991422
RAWdep[ 2] = 19036668
RAWdep[ 3] = 14452368
RAWdep[ 4] = 8077372
RAWdep[ 5] = 4304662
RAWdep[ 6] = 4460473
RAWdep[ 7] = 3040826
RAWdep[ 8] = 2519481
RAWdep[ 9] = 2657922
RAWdep[ 10] = 2202095
RAWdep[ 11] = 1949614
RAWdep[ 12] = 1086148
RAWdep[ 13] = 1785558
RAWdep[ 14] = 914395
RAWdep[ 15] = 984236
RAWdep[ 16] = 1039822
RAWdep[ 17] = 831841
RAWdep[ 18] = 439516
RAWdep[ 19] = 868265
RAWdep[ 20] = 824110
RAWdep[ 21] = 512742
RAWdep[ 22] = 671183
RAWdep[ 23] = 719914
RAWdep[ 24] = 760718
RAWdep[ 25] = 425345
RAWdep[ 26] = 225080
RAWdep[ 27] = 403612
RAWdep[ 28] = 605875
RAWdep[ 29] = 865057
RAWdep[ 30] = 514386
RAWdep[ 31] = 575635
RAWdep[ 32] = 868752
RAWdep[ 33] = 28663220

WAWdep[ 0] = 0
WAWdep[ 1] = 26140367
WAWdep[ 2] = 20810618
WAWdep[ 3] = 16566725
WAWdep[ 4] = 7974927
WAWdep[ 5] = 5046450
WAWdep[ 6] = 5564740
WAWdep[ 7] = 3338223
WAWdep[ 8] = 2668077
WAWdep[ 9] = 3267148
WAWdep[ 10] = 2542640
WAWdep[ 11] = 1441455
WAWdep[ 12] = 1227415
WAWdep[ 13] = 2107485
WAWdep[ 14] = 1337958
WAWdep[ 15] = 1117382
WAWdep[ 16] = 981449
WAWdep[ 17] = 854069
WAWdep[ 18] = 481532
WAWdep[ 19] = 765868
WAWdep[ 20] = 823198
WAWdep[ 21] = 646734
WAWdep[ 22] = 389563
WAWdep[ 23] = 438272
WAWdep[ 24] = 1124589
WAWdep[ 25] = 282697
WAWdep[ 26] = 226254
WAWdep[ 27] = 610363
WAWdep[ 28] = 352300
WAWdep[ 29] = 303511
WAWdep[ 30] = 240180
WAWdep[ 31] = 183567
WAWdep[ 32] = 829123
WAWdep[ 33] = 14928908

WARdep[ 0] = 46608459
WARdep[ 1] = 10647381
WARdep[ 2] = 8935587
WARdep[ 3] = 5580924
WARdep[ 4] = 4211637
WARdep[ 5] = 4086493
WARdep[ 6] = 2889105
WARdep[ 7] = 3343962
WARdep[ 8] = 3022453
WARdep[ 9] = 1878131
WARdep[ 10] = 2412938
WARdep[ 11] = 1815573
WARdep[ 12] = 1269646
WARdep[ 13] = 1576831
WARdep[ 14] = 1033883
WARdep[ 15] = 942887
WARdep[ 16] = 1127898
WARdep[ 17] = 710688
WARdep[ 18] = 1118600
WARdep[ 19] = 1395247
WARdep[ 20] = 1053926
WARdep[ 21] = 724447
WARdep[ 22] = 1035722
WARdep[ 23] = 505124
WARdep[ 24] = 878985
WARdep[ 25] = 915880
WARdep[ 26] = 1123581
WARdep[ 27] = 603796
WARdep[ 28] = 434854
WARdep[ 29] = 470919
WARdep[ 30] = 409853
WARdep[ 31] = 524346
WARdep[ 32] = 471211
WARdep[ 33] = 11852820


		"0": "0",
		"1": "43991422",
		"2": "19036668",
		"3": "14452368",
		"4": "8077372",
		"5": "4304662",
		"6": "4460473",
		"7": "3040826",
		"8": "2519481",
		"9": "2657922",
		"10": "2202095",
		"11": "1949614",
		"12": "1086148",
		"13": "1785558",
		"14": "914395",
		"15": "984236",
		"16": "1039822",
		"17": "831841",
		"18": "439516",
		"19": "868265",
		"20": "824110",
		"21": "512742",
		"22": "671183",
		"23": "719914",
		"24": "760718",
		"25": "425345",
		"26": "225080",
		"27": "403612",
		"28": "605875",
		"29": "865057",
		"30": "514386",
		"31": "575635",
		"32": "868752",
		"33": "28663220",


# END_DYNAMIC_STATS
