# Branch output version 3
Dynamic_Instruction_Count: 100001502
Dynamic_Conditional_Branch_Count: 9091058
Dynamic_Unconditional_Branch_Count: 16
Total_Taken_Branches: 9091049
Total_Branch_Transitions: 2

Local Branch Stats (Total Count; Taken Count; Transition Count)
1 0 0
1 1 0
1 0 0
1 0 0
1 1 0
1 1 0
1 0 0
1 1 0
1 1 0
1 1 0
1 1 0
1 0 0
1 1 0
1 0 0
1 1 0
1 1 0
1 0 0
1 1 0
1 0 0
1 0 0
1 1 0
1 0 0
1 1 0
1 0 0
1 0 0
1 1 0
1 0 0
1 1 0
1 0 0
1 0 0
1 1 0
1 0 0
1 0 0
1 1 0
1 0 0
1 1 0
1 0 0
1 0 0
1 1 0
1 0 0
1 0 0
1 0 0
9091015 9091014 2
1 0 0
