# Mix output version 2
# FINI: end of program
# EMIT_DYNAMIC_STATS FOR TID 1
# instructions = 100001502, basic blocks = 9091075
Local Byte Stride Bucket 0 is equal to 6
Local Byte Stride Bucket 1 is equal to 0
Local Byte Stride Bucket 2 is equal to 0
Local Byte Stride Bucket 3 is equal to 0
Local Byte Stride Bucket 4 is equal to 0
Local Byte Stride Bucket 5 is equal to 0
Local Byte Stride Bucket 6 is equal to 0
Local Byte Stride Bucket 7 is equal to 0
Local Byte Stride Bucket 8 is equal to 0
Local Byte Stride Bucket 9 is equal to 0
Local Byte Stride Bucket 10 is equal to 0
Local Byte Stride Bucket 11 is equal to 0
Local Byte Stride Bucket 12 is equal to 0
Local Byte Stride Bucket 13 is equal to 0
Local Byte Stride Bucket 14 is equal to 0
Local Byte Stride Bucket 15 is equal to 0
Local Byte Stride Bucket 16 is equal to 0
Local Byte Stride Bucket 17 is equal to 0
Local Byte Stride Bucket 18 is equal to 0
Local Byte Stride Bucket 19 is equal to 0
Local Byte Stride Bucket 20 is equal to 0
Local Byte Stride Bucket 21 is equal to 0
Local Byte Stride Bucket 22 is equal to 0
Local Byte Stride Bucket 23 is equal to 0
Local Byte Stride Bucket 24 is equal to 0
Local Byte Stride Bucket 25 is equal to 0
Local Byte Stride Bucket 26 is equal to 0
Local Byte Stride Bucket 27 is equal to 0
Local Byte Stride Bucket 28 is equal to 0
Local Byte Stride Bucket 29 is equal to 0
Local Byte Stride Bucket 30 is equal to 0
Local Byte Stride Bucket 31 is equal to 0
Local Byte Stride Bucket 32 is equal to 0
Local Byte Stride Bucket 33 is equal to 0
Local Byte Stride Bucket 34 is equal to 0
Local Byte Stride Bucket 35 is equal to 0
Local Byte Stride Bucket 36 is equal to 0
Local Byte Stride Bucket 37 is equal to 0
Local Byte Stride Bucket 38 is equal to 0
Local Byte Stride Bucket 39 is equal to 0
Local Byte Stride Bucket 40 is equal to 0
Local Byte Stride Bucket 41 is equal to 0
Local Byte Stride Bucket 42 is equal to 0
Local Byte Stride Bucket 43 is equal to 0
Local Byte Stride Bucket 44 is equal to 0
Local Byte Stride Bucket 45 is equal to 0
Local Byte Stride Bucket 46 is equal to 0
Local Byte Stride Bucket 47 is equal to 0
Local Byte Stride Bucket 48 is equal to 0
Local Byte Stride Bucket 49 is equal to 0
Local Byte Stride Bucket 50 is equal to 0
Local Byte Stride Bucket 51 is equal to 0
Local Byte Stride Bucket 52 is equal to 0
Local Byte Stride Bucket 53 is equal to 0
Local Byte Stride Bucket 54 is equal to 0
Local Byte Stride Bucket 55 is equal to 0
Local Byte Stride Bucket 56 is equal to 0
Local Byte Stride Bucket 57 is equal to 0
Local Byte Stride Bucket 58 is equal to 0
Local Byte Stride Bucket 59 is equal to 0
Local Byte Stride Bucket 60 is equal to 0
Local Byte Stride Bucket 61 is equal to 0
Local Byte Stride Bucket 62 is equal to 0
Local Byte Stride Bucket 63 is equal to 0
Local Byte Stride Bucket 64 is equal to 72728104
Local Byte Stride Bucket 65 is equal to 0
Local Byte Stride Bucket 66 is equal to 0
Local Byte Stride Bucket 67 is equal to 0
Local Byte Stride Bucket 68 is equal to 0
Local Byte Stride Bucket 69 is equal to 0
Local Byte Stride Bucket 70 is equal to 0
Local Byte Stride Bucket 71 is equal to 0
Local Byte Stride Bucket 72 is equal to 0
Local Byte Stride Bucket 73 is equal to 0
Local Byte Stride Bucket 74 is equal to 0
Local Byte Stride Bucket 75 is equal to 0
Local Byte Stride Bucket 76 is equal to 0
Local Byte Stride Bucket 77 is equal to 0
Local Byte Stride Bucket 78 is equal to 0
Local Byte Stride Bucket 79 is equal to 0
Local Byte Stride Bucket 80 is equal to 0
Local Byte Stride Bucket 81 is equal to 0
Local Byte Stride Bucket 82 is equal to 0
Local Byte Stride Bucket 83 is equal to 0
Local Byte Stride Bucket 84 is equal to 0
Local Byte Stride Bucket 85 is equal to 0
Local Byte Stride Bucket 86 is equal to 0
Local Byte Stride Bucket 87 is equal to 0
Local Byte Stride Bucket 88 is equal to 0
Local Byte Stride Bucket 89 is equal to 0
Local Byte Stride Bucket 90 is equal to 0
Local Byte Stride Bucket 91 is equal to 0
Local Byte Stride Bucket 92 is equal to 0
Local Byte Stride Bucket 93 is equal to 0
Local Byte Stride Bucket 94 is equal to 0
Local Byte Stride Bucket 95 is equal to 0
Local Byte Stride Bucket 96 is equal to 0
Local Byte Stride Bucket 97 is equal to 0
Local Byte Stride Bucket 98 is equal to 0
Local Byte Stride Bucket 99 is equal to 0
Local Byte Stride Bucket 100 is equal to 0
Local Byte Stride Bucket 101 is equal to 0
Local Byte Stride Bucket 102 is equal to 0
Local Byte Stride Bucket 103 is equal to 0
Local Byte Stride Bucket 104 is equal to 0
Local Byte Stride Bucket 105 is equal to 0
Local Byte Stride Bucket 106 is equal to 0
Local Byte Stride Bucket 107 is equal to 0
Local Byte Stride Bucket 108 is equal to 0
Local Byte Stride Bucket 109 is equal to 0
Local Byte Stride Bucket 110 is equal to 0
Local Byte Stride Bucket 111 is equal to 0
Local Byte Stride Bucket 112 is equal to 0
Local Byte Stride Bucket 113 is equal to 0
Local Byte Stride Bucket 114 is equal to 0
Local Byte Stride Bucket 115 is equal to 0
Local Byte Stride Bucket 116 is equal to 0
Local Byte Stride Bucket 117 is equal to 0
Local Byte Stride Bucket 118 is equal to 0
Local Byte Stride Bucket 119 is equal to 0
Local Byte Stride Bucket 120 is equal to 0
Local Byte Stride Bucket 121 is equal to 0
Local Byte Stride Bucket 122 is equal to 0
Local Byte Stride Bucket 123 is equal to 0
Local Byte Stride Bucket 124 is equal to 0
Local Byte Stride Bucket 125 is equal to 0
Local Byte Stride Bucket 126 is equal to 0
Local Byte Stride Bucket 127 is equal to 0
Local Byte Stride Bucket 128 is equal to 0
Local Byte Stride Bucket 129 is equal to 0
Local Byte Stride Bucket 130 is equal to 0
Local Byte Stride Bucket 131 is equal to 0
Local Byte Stride Bucket 132 is equal to 0
Local Byte Stride Bucket 133 is equal to 0
Local Byte Stride Bucket 134 is equal to 0
Local Byte Stride Bucket 135 is equal to 0
Local Byte Stride Bucket 136 is equal to 0
Local Byte Stride Bucket 137 is equal to 0
Local Byte Stride Bucket 138 is equal to 0
Local Byte Stride Bucket 139 is equal to 0
Local Byte Stride Bucket 140 is equal to 0
Local Byte Stride Bucket 141 is equal to 0
Local Byte Stride Bucket 142 is equal to 0
Local Byte Stride Bucket 143 is equal to 0
Local Byte Stride Bucket 144 is equal to 0
Local Byte Stride Bucket 145 is equal to 0
Local Byte Stride Bucket 146 is equal to 0
Local Byte Stride Bucket 147 is equal to 0
Local Byte Stride Bucket 148 is equal to 0
Local Byte Stride Bucket 149 is equal to 0
Local Byte Stride Bucket 150 is equal to 0
Local Byte Stride Bucket 151 is equal to 0
Local Byte Stride Bucket 152 is equal to 0
Local Byte Stride Bucket 153 is equal to 0
Local Byte Stride Bucket 154 is equal to 0
Local Byte Stride Bucket 155 is equal to 0
Local Byte Stride Bucket 156 is equal to 0
Local Byte Stride Bucket 157 is equal to 0
Local Byte Stride Bucket 158 is equal to 0
Local Byte Stride Bucket 159 is equal to 0
Local Byte Stride Bucket 160 is equal to 0
Local Byte Stride Bucket 161 is equal to 0
Local Byte Stride Bucket 162 is equal to 0
Local Byte Stride Bucket 163 is equal to 0
Local Byte Stride Bucket 164 is equal to 0
Local Byte Stride Bucket 165 is equal to 0
Local Byte Stride Bucket 166 is equal to 0
Local Byte Stride Bucket 167 is equal to 0
Local Byte Stride Bucket 168 is equal to 0
Local Byte Stride Bucket 169 is equal to 0
Local Byte Stride Bucket 170 is equal to 0
Local Byte Stride Bucket 171 is equal to 0
Local Byte Stride Bucket 172 is equal to 0
Local Byte Stride Bucket 173 is equal to 0
Local Byte Stride Bucket 174 is equal to 0
Local Byte Stride Bucket 175 is equal to 0
Local Byte Stride Bucket 176 is equal to 0
Local Byte Stride Bucket 177 is equal to 0
Local Byte Stride Bucket 178 is equal to 0
Local Byte Stride Bucket 179 is equal to 0
Local Byte Stride Bucket 180 is equal to 0
Local Byte Stride Bucket 181 is equal to 0
Local Byte Stride Bucket 182 is equal to 0
Local Byte Stride Bucket 183 is equal to 0
Local Byte Stride Bucket 184 is equal to 0
Local Byte Stride Bucket 185 is equal to 0
Local Byte Stride Bucket 186 is equal to 0
Local Byte Stride Bucket 187 is equal to 0
Local Byte Stride Bucket 188 is equal to 0
Local Byte Stride Bucket 189 is equal to 0
Local Byte Stride Bucket 190 is equal to 0
Local Byte Stride Bucket 191 is equal to 0
Local Byte Stride Bucket 192 is equal to 0
Local Byte Stride Bucket 193 is equal to 0
Local Byte Stride Bucket 194 is equal to 0
Local Byte Stride Bucket 195 is equal to 0
Local Byte Stride Bucket 196 is equal to 0
Local Byte Stride Bucket 197 is equal to 0
Local Byte Stride Bucket 198 is equal to 0
Local Byte Stride Bucket 199 is equal to 0
Local Byte Stride Bucket 200 is equal to 0
Local Byte Stride Bucket 201 is equal to 0
Local Byte Stride Bucket 202 is equal to 0
Local Byte Stride Bucket 203 is equal to 0
Local Byte Stride Bucket 204 is equal to 0
Local Byte Stride Bucket 205 is equal to 0
Local Byte Stride Bucket 206 is equal to 0
Local Byte Stride Bucket 207 is equal to 0
Local Byte Stride Bucket 208 is equal to 0
Local Byte Stride Bucket 209 is equal to 0
Local Byte Stride Bucket 210 is equal to 0
Local Byte Stride Bucket 211 is equal to 0
Local Byte Stride Bucket 212 is equal to 0
Local Byte Stride Bucket 213 is equal to 0
Local Byte Stride Bucket 214 is equal to 0
Local Byte Stride Bucket 215 is equal to 0
Local Byte Stride Bucket 216 is equal to 0
Local Byte Stride Bucket 217 is equal to 0
Local Byte Stride Bucket 218 is equal to 0
Local Byte Stride Bucket 219 is equal to 0
Local Byte Stride Bucket 220 is equal to 0
Local Byte Stride Bucket 221 is equal to 0
Local Byte Stride Bucket 222 is equal to 0
Local Byte Stride Bucket 223 is equal to 0
Local Byte Stride Bucket 224 is equal to 0
Local Byte Stride Bucket 225 is equal to 0
Local Byte Stride Bucket 226 is equal to 0
Local Byte Stride Bucket 227 is equal to 0
Local Byte Stride Bucket 228 is equal to 0
Local Byte Stride Bucket 229 is equal to 0
Local Byte Stride Bucket 230 is equal to 0
Local Byte Stride Bucket 231 is equal to 0
Local Byte Stride Bucket 232 is equal to 0
Local Byte Stride Bucket 233 is equal to 0
Local Byte Stride Bucket 234 is equal to 0
Local Byte Stride Bucket 235 is equal to 0
Local Byte Stride Bucket 236 is equal to 0
Local Byte Stride Bucket 237 is equal to 0
Local Byte Stride Bucket 238 is equal to 0
Local Byte Stride Bucket 239 is equal to 0
Local Byte Stride Bucket 240 is equal to 0
Local Byte Stride Bucket 241 is equal to 0
Local Byte Stride Bucket 242 is equal to 0
Local Byte Stride Bucket 243 is equal to 0
Local Byte Stride Bucket 244 is equal to 0
Local Byte Stride Bucket 245 is equal to 0
Local Byte Stride Bucket 246 is equal to 0
Local Byte Stride Bucket 247 is equal to 0
Local Byte Stride Bucket 248 is equal to 0
Local Byte Stride Bucket 249 is equal to 0
Local Byte Stride Bucket 250 is equal to 0
Local Byte Stride Bucket 251 is equal to 0
Local Byte Stride Bucket 252 is equal to 0
Local Byte Stride Bucket 253 is equal to 0
Local Byte Stride Bucket 254 is equal to 0
Local Byte Stride Bucket 255 is equal to 0
Local Byte Stride Bucket 256 is equal to 8

Local Cache Stride Bucket 0 is equal to 6
Local Cache Stride Bucket 1 is equal to 72728104
Local Cache Stride Bucket 2 is equal to 0
Local Cache Stride Bucket 3 is equal to 0
Local Cache Stride Bucket 4 is equal to 0
Local Cache Stride Bucket 5 is equal to 0
Local Cache Stride Bucket 6 is equal to 0
Local Cache Stride Bucket 7 is equal to 0
Local Cache Stride Bucket 8 is equal to 0
Local Cache Stride Bucket 9 is equal to 0
Local Cache Stride Bucket 10 is equal to 0
Local Cache Stride Bucket 11 is equal to 0
Local Cache Stride Bucket 12 is equal to 0
Local Cache Stride Bucket 13 is equal to 0
Local Cache Stride Bucket 14 is equal to 0
Local Cache Stride Bucket 15 is equal to 0
Local Cache Stride Bucket 16 is equal to 0
Local Cache Stride Bucket 17 is equal to 0
Local Cache Stride Bucket 18 is equal to 0
Local Cache Stride Bucket 19 is equal to 0
Local Cache Stride Bucket 20 is equal to 0
Local Cache Stride Bucket 21 is equal to 0
Local Cache Stride Bucket 22 is equal to 0
Local Cache Stride Bucket 23 is equal to 0
Local Cache Stride Bucket 24 is equal to 0
Local Cache Stride Bucket 25 is equal to 0
Local Cache Stride Bucket 26 is equal to 0
Local Cache Stride Bucket 27 is equal to 0
Local Cache Stride Bucket 28 is equal to 0
Local Cache Stride Bucket 29 is equal to 0
Local Cache Stride Bucket 30 is equal to 0
Local Cache Stride Bucket 31 is equal to 0
Local Cache Stride Bucket 32 is equal to 0
Local Cache Stride Bucket 33 is equal to 0
Local Cache Stride Bucket 34 is equal to 0
Local Cache Stride Bucket 35 is equal to 0
Local Cache Stride Bucket 36 is equal to 0
Local Cache Stride Bucket 37 is equal to 0
Local Cache Stride Bucket 38 is equal to 0
Local Cache Stride Bucket 39 is equal to 0
Local Cache Stride Bucket 40 is equal to 0
Local Cache Stride Bucket 41 is equal to 0
Local Cache Stride Bucket 42 is equal to 0
Local Cache Stride Bucket 43 is equal to 0
Local Cache Stride Bucket 44 is equal to 0
Local Cache Stride Bucket 45 is equal to 0
Local Cache Stride Bucket 46 is equal to 0
Local Cache Stride Bucket 47 is equal to 0
Local Cache Stride Bucket 48 is equal to 0
Local Cache Stride Bucket 49 is equal to 0
Local Cache Stride Bucket 50 is equal to 0
Local Cache Stride Bucket 51 is equal to 0
Local Cache Stride Bucket 52 is equal to 0
Local Cache Stride Bucket 53 is equal to 0
Local Cache Stride Bucket 54 is equal to 0
Local Cache Stride Bucket 55 is equal to 0
Local Cache Stride Bucket 56 is equal to 0
Local Cache Stride Bucket 57 is equal to 0
Local Cache Stride Bucket 58 is equal to 0
Local Cache Stride Bucket 59 is equal to 0
Local Cache Stride Bucket 60 is equal to 0
Local Cache Stride Bucket 61 is equal to 0
Local Cache Stride Bucket 62 is equal to 0
Local Cache Stride Bucket 63 is equal to 0
Local Cache Stride Bucket 64 is equal to 0
Local Cache Stride Bucket 65 is equal to 0
Local Cache Stride Bucket 66 is equal to 0
Local Cache Stride Bucket 67 is equal to 0
Local Cache Stride Bucket 68 is equal to 0
Local Cache Stride Bucket 69 is equal to 0
Local Cache Stride Bucket 70 is equal to 0
Local Cache Stride Bucket 71 is equal to 0
Local Cache Stride Bucket 72 is equal to 0
Local Cache Stride Bucket 73 is equal to 0
Local Cache Stride Bucket 74 is equal to 0
Local Cache Stride Bucket 75 is equal to 0
Local Cache Stride Bucket 76 is equal to 0
Local Cache Stride Bucket 77 is equal to 0
Local Cache Stride Bucket 78 is equal to 0
Local Cache Stride Bucket 79 is equal to 0
Local Cache Stride Bucket 80 is equal to 0
Local Cache Stride Bucket 81 is equal to 0
Local Cache Stride Bucket 82 is equal to 0
Local Cache Stride Bucket 83 is equal to 0
Local Cache Stride Bucket 84 is equal to 0
Local Cache Stride Bucket 85 is equal to 0
Local Cache Stride Bucket 86 is equal to 0
Local Cache Stride Bucket 87 is equal to 0
Local Cache Stride Bucket 88 is equal to 0
Local Cache Stride Bucket 89 is equal to 0
Local Cache Stride Bucket 90 is equal to 0
Local Cache Stride Bucket 91 is equal to 0
Local Cache Stride Bucket 92 is equal to 0
Local Cache Stride Bucket 93 is equal to 0
Local Cache Stride Bucket 94 is equal to 0
Local Cache Stride Bucket 95 is equal to 0
Local Cache Stride Bucket 96 is equal to 0
Local Cache Stride Bucket 97 is equal to 0
Local Cache Stride Bucket 98 is equal to 0
Local Cache Stride Bucket 99 is equal to 0
Local Cache Stride Bucket 100 is equal to 0
Local Cache Stride Bucket 101 is equal to 0
Local Cache Stride Bucket 102 is equal to 0
Local Cache Stride Bucket 103 is equal to 0
Local Cache Stride Bucket 104 is equal to 0
Local Cache Stride Bucket 105 is equal to 0
Local Cache Stride Bucket 106 is equal to 0
Local Cache Stride Bucket 107 is equal to 0
Local Cache Stride Bucket 108 is equal to 0
Local Cache Stride Bucket 109 is equal to 0
Local Cache Stride Bucket 110 is equal to 0
Local Cache Stride Bucket 111 is equal to 0
Local Cache Stride Bucket 112 is equal to 0
Local Cache Stride Bucket 113 is equal to 0
Local Cache Stride Bucket 114 is equal to 0
Local Cache Stride Bucket 115 is equal to 0
Local Cache Stride Bucket 116 is equal to 0
Local Cache Stride Bucket 117 is equal to 0
Local Cache Stride Bucket 118 is equal to 0
Local Cache Stride Bucket 119 is equal to 0
Local Cache Stride Bucket 120 is equal to 0
Local Cache Stride Bucket 121 is equal to 0
Local Cache Stride Bucket 122 is equal to 0
Local Cache Stride Bucket 123 is equal to 0
Local Cache Stride Bucket 124 is equal to 0
Local Cache Stride Bucket 125 is equal to 0
Local Cache Stride Bucket 126 is equal to 0
Local Cache Stride Bucket 127 is equal to 0
Local Cache Stride Bucket 128 is equal to 0
Local Cache Stride Bucket 129 is equal to 0
Local Cache Stride Bucket 130 is equal to 0
Local Cache Stride Bucket 131 is equal to 0
Local Cache Stride Bucket 132 is equal to 0
Local Cache Stride Bucket 133 is equal to 0
Local Cache Stride Bucket 134 is equal to 0
Local Cache Stride Bucket 135 is equal to 0
Local Cache Stride Bucket 136 is equal to 0
Local Cache Stride Bucket 137 is equal to 0
Local Cache Stride Bucket 138 is equal to 0
Local Cache Stride Bucket 139 is equal to 0
Local Cache Stride Bucket 140 is equal to 0
Local Cache Stride Bucket 141 is equal to 0
Local Cache Stride Bucket 142 is equal to 0
Local Cache Stride Bucket 143 is equal to 0
Local Cache Stride Bucket 144 is equal to 0
Local Cache Stride Bucket 145 is equal to 0
Local Cache Stride Bucket 146 is equal to 0
Local Cache Stride Bucket 147 is equal to 0
Local Cache Stride Bucket 148 is equal to 0
Local Cache Stride Bucket 149 is equal to 0
Local Cache Stride Bucket 150 is equal to 0
Local Cache Stride Bucket 151 is equal to 0
Local Cache Stride Bucket 152 is equal to 0
Local Cache Stride Bucket 153 is equal to 0
Local Cache Stride Bucket 154 is equal to 0
Local Cache Stride Bucket 155 is equal to 0
Local Cache Stride Bucket 156 is equal to 0
Local Cache Stride Bucket 157 is equal to 0
Local Cache Stride Bucket 158 is equal to 0
Local Cache Stride Bucket 159 is equal to 0
Local Cache Stride Bucket 160 is equal to 0
Local Cache Stride Bucket 161 is equal to 0
Local Cache Stride Bucket 162 is equal to 0
Local Cache Stride Bucket 163 is equal to 0
Local Cache Stride Bucket 164 is equal to 0
Local Cache Stride Bucket 165 is equal to 0
Local Cache Stride Bucket 166 is equal to 0
Local Cache Stride Bucket 167 is equal to 0
Local Cache Stride Bucket 168 is equal to 0
Local Cache Stride Bucket 169 is equal to 0
Local Cache Stride Bucket 170 is equal to 0
Local Cache Stride Bucket 171 is equal to 0
Local Cache Stride Bucket 172 is equal to 0
Local Cache Stride Bucket 173 is equal to 0
Local Cache Stride Bucket 174 is equal to 0
Local Cache Stride Bucket 175 is equal to 0
Local Cache Stride Bucket 176 is equal to 0
Local Cache Stride Bucket 177 is equal to 0
Local Cache Stride Bucket 178 is equal to 0
Local Cache Stride Bucket 179 is equal to 0
Local Cache Stride Bucket 180 is equal to 0
Local Cache Stride Bucket 181 is equal to 0
Local Cache Stride Bucket 182 is equal to 0
Local Cache Stride Bucket 183 is equal to 0
Local Cache Stride Bucket 184 is equal to 0
Local Cache Stride Bucket 185 is equal to 0
Local Cache Stride Bucket 186 is equal to 0
Local Cache Stride Bucket 187 is equal to 0
Local Cache Stride Bucket 188 is equal to 0
Local Cache Stride Bucket 189 is equal to 0
Local Cache Stride Bucket 190 is equal to 0
Local Cache Stride Bucket 191 is equal to 0
Local Cache Stride Bucket 192 is equal to 0
Local Cache Stride Bucket 193 is equal to 0
Local Cache Stride Bucket 194 is equal to 0
Local Cache Stride Bucket 195 is equal to 0
Local Cache Stride Bucket 196 is equal to 0
Local Cache Stride Bucket 197 is equal to 0
Local Cache Stride Bucket 198 is equal to 0
Local Cache Stride Bucket 199 is equal to 0
Local Cache Stride Bucket 200 is equal to 0
Local Cache Stride Bucket 201 is equal to 0
Local Cache Stride Bucket 202 is equal to 0
Local Cache Stride Bucket 203 is equal to 0
Local Cache Stride Bucket 204 is equal to 0
Local Cache Stride Bucket 205 is equal to 0
Local Cache Stride Bucket 206 is equal to 0
Local Cache Stride Bucket 207 is equal to 0
Local Cache Stride Bucket 208 is equal to 0
Local Cache Stride Bucket 209 is equal to 0
Local Cache Stride Bucket 210 is equal to 0
Local Cache Stride Bucket 211 is equal to 0
Local Cache Stride Bucket 212 is equal to 0
Local Cache Stride Bucket 213 is equal to 0
Local Cache Stride Bucket 214 is equal to 0
Local Cache Stride Bucket 215 is equal to 0
Local Cache Stride Bucket 216 is equal to 0
Local Cache Stride Bucket 217 is equal to 0
Local Cache Stride Bucket 218 is equal to 0
Local Cache Stride Bucket 219 is equal to 0
Local Cache Stride Bucket 220 is equal to 0
Local Cache Stride Bucket 221 is equal to 0
Local Cache Stride Bucket 222 is equal to 0
Local Cache Stride Bucket 223 is equal to 0
Local Cache Stride Bucket 224 is equal to 0
Local Cache Stride Bucket 225 is equal to 0
Local Cache Stride Bucket 226 is equal to 0
Local Cache Stride Bucket 227 is equal to 0
Local Cache Stride Bucket 228 is equal to 0
Local Cache Stride Bucket 229 is equal to 0
Local Cache Stride Bucket 230 is equal to 0
Local Cache Stride Bucket 231 is equal to 0
Local Cache Stride Bucket 232 is equal to 0
Local Cache Stride Bucket 233 is equal to 0
Local Cache Stride Bucket 234 is equal to 0
Local Cache Stride Bucket 235 is equal to 0
Local Cache Stride Bucket 236 is equal to 0
Local Cache Stride Bucket 237 is equal to 0
Local Cache Stride Bucket 238 is equal to 0
Local Cache Stride Bucket 239 is equal to 0
Local Cache Stride Bucket 240 is equal to 0
Local Cache Stride Bucket 241 is equal to 0
Local Cache Stride Bucket 242 is equal to 0
Local Cache Stride Bucket 243 is equal to 0
Local Cache Stride Bucket 244 is equal to 0
Local Cache Stride Bucket 245 is equal to 0
Local Cache Stride Bucket 246 is equal to 0
Local Cache Stride Bucket 247 is equal to 0
Local Cache Stride Bucket 248 is equal to 0
Local Cache Stride Bucket 249 is equal to 0
Local Cache Stride Bucket 250 is equal to 0
Local Cache Stride Bucket 251 is equal to 0
Local Cache Stride Bucket 252 is equal to 0
Local Cache Stride Bucket 253 is equal to 0
Local Cache Stride Bucket 254 is equal to 0
Local Cache Stride Bucket 255 is equal to 0
Local Cache Stride Bucket 256 is equal to 8


            "0": "6",
            "1": "0",
            "2": "0",
            "3": "0",
            "4": "0",
            "5": "0",
            "6": "0",
            "7": "0",
            "8": "0",
            "9": "0",
            "10": "0",
            "11": "0",
            "12": "0",
            "13": "0",
            "14": "0",
            "15": "0",
            "16": "0",
            "17": "0",
            "18": "0",
            "19": "0",
            "20": "0",
            "21": "0",
            "22": "0",
            "23": "0",
            "24": "0",
            "25": "0",
            "26": "0",
            "27": "0",
            "28": "0",
            "29": "0",
            "30": "0",
            "31": "0",
            "32": "0",
            "33": "0",
            "34": "0",
            "35": "0",
            "36": "0",
            "37": "0",
            "38": "0",
            "39": "0",
            "40": "0",
            "41": "0",
            "42": "0",
            "43": "0",
            "44": "0",
            "45": "0",
            "46": "0",
            "47": "0",
            "48": "0",
            "49": "0",
            "50": "0",
            "51": "0",
            "52": "0",
            "53": "0",
            "54": "0",
            "55": "0",
            "56": "0",
            "57": "0",
            "58": "0",
            "59": "0",
            "60": "0",
            "61": "0",
            "62": "0",
            "63": "0",
            "64": "72728104",
            "65": "0",
            "66": "0",
            "67": "0",
            "68": "0",
            "69": "0",
            "70": "0",
            "71": "0",
            "72": "0",
            "73": "0",
            "74": "0",
            "75": "0",
            "76": "0",
            "77": "0",
            "78": "0",
            "79": "0",
            "80": "0",
            "81": "0",
            "82": "0",
            "83": "0",
            "84": "0",
            "85": "0",
            "86": "0",
            "87": "0",
            "88": "0",
            "89": "0",
            "90": "0",
            "91": "0",
            "92": "0",
            "93": "0",
            "94": "0",
            "95": "0",
            "96": "0",
            "97": "0",
            "98": "0",
            "99": "0",
            "100": "0",
            "101": "0",
            "102": "0",
            "103": "0",
            "104": "0",
            "105": "0",
            "106": "0",
            "107": "0",
            "108": "0",
            "109": "0",
            "110": "0",
            "111": "0",
            "112": "0",
            "113": "0",
            "114": "0",
            "115": "0",
            "116": "0",
            "117": "0",
            "118": "0",
            "119": "0",
            "120": "0",
            "121": "0",
            "122": "0",
            "123": "0",
            "124": "0",
            "125": "0",
            "126": "0",
            "127": "0",
            "128": "0",
            "129": "0",
            "130": "0",
            "131": "0",
            "132": "0",
            "133": "0",
            "134": "0",
            "135": "0",
            "136": "0",
            "137": "0",
            "138": "0",
            "139": "0",
            "140": "0",
            "141": "0",
            "142": "0",
            "143": "0",
            "144": "0",
            "145": "0",
            "146": "0",
            "147": "0",
            "148": "0",
            "149": "0",
            "150": "0",
            "151": "0",
            "152": "0",
            "153": "0",
            "154": "0",
            "155": "0",
            "156": "0",
            "157": "0",
            "158": "0",
            "159": "0",
            "160": "0",
            "161": "0",
            "162": "0",
            "163": "0",
            "164": "0",
            "165": "0",
            "166": "0",
            "167": "0",
            "168": "0",
            "169": "0",
            "170": "0",
            "171": "0",
            "172": "0",
            "173": "0",
            "174": "0",
            "175": "0",
            "176": "0",
            "177": "0",
            "178": "0",
            "179": "0",
            "180": "0",
            "181": "0",
            "182": "0",
            "183": "0",
            "184": "0",
            "185": "0",
            "186": "0",
            "187": "0",
            "188": "0",
            "189": "0",
            "190": "0",
            "191": "0",
            "192": "0",
            "193": "0",
            "194": "0",
            "195": "0",
            "196": "0",
            "197": "0",
            "198": "0",
            "199": "0",
            "200": "0",
            "201": "0",
            "202": "0",
            "203": "0",
            "204": "0",
            "205": "0",
            "206": "0",
            "207": "0",
            "208": "0",
            "209": "0",
            "210": "0",
            "211": "0",
            "212": "0",
            "213": "0",
            "214": "0",
            "215": "0",
            "216": "0",
            "217": "0",
            "218": "0",
            "219": "0",
            "220": "0",
            "221": "0",
            "222": "0",
            "223": "0",
            "224": "0",
            "225": "0",
            "226": "0",
            "227": "0",
            "228": "0",
            "229": "0",
            "230": "0",
            "231": "0",
            "232": "0",
            "233": "0",
            "234": "0",
            "235": "0",
            "236": "0",
            "237": "0",
            "238": "0",
            "239": "0",
            "240": "0",
            "241": "0",
            "242": "0",
            "243": "0",
            "244": "0",
            "245": "0",
            "246": "0",
            "247": "0",
            "248": "0",
            "249": "0",
            "250": "0",
            "251": "0",
            "252": "0",
            "253": "0",
            "254": "0",
            "255": "0",
            "256": "8",


# END_DYNAMIC_STATS
