# Branch output version 3
Dynamic_Instruction_Count: 100101500
Dynamic_Conditional_Branch_Count: 11177033
Dynamic_Unconditional_Branch_Count: 5199095
Total_Taken_Branches: 9990378
Total_Branch_Transitions: 2515034

Local Branch Stats (Total Count; Taken Count; Transition Count)
1 0 0
1 1 0
1 1 0
1788 444 535
1344 444 641
1788 1341 893
447 0 0
447 443 8
4 3 1
444 440 8
4 0 0
444 21 31
423 185 241
428 0 0
428 0 0
428 0 0
428 0 0
428 428 0
25385 0 0
25385 0 0
25385 0 0
25385 0 0
25813 25385 855
428 78 109
350 240 110
110 55 109
373 373 0
240 0 0
318 0 0
6 1 2
5 0 0
6 1 2
5 0 0
19 0 0
19 8 7
11 0 0
19 8 7
11 0 0
428 0 0
428 240 110
188 0 0
428 240 110
188 0 0
498 498 0
498 0 0
498 498 0
498 0 0
498 0 0
498 498 0
498 0 0
498 0 0
498 498 0
113 113 0
113 0 0
23508 6008 9094
20907 1796 3592
40793 23508 14763
19886 19535 701
2147 2034 225
6008 3407 2530
113 113 0
19463 113 226
19351 0 0
19351 0 0
19350 585 942
18878 15477 227
3401 13 26
39952 309 617
1 0 0
64 0 0
64 64 0
11391 64 127
11327 0 0
11391 357 585
11034 9116 127
1918 9 18
64 0 0
13475 3472 5244
11953 1029 2057
23104 13475 8253
11151 10964 374
1216 1152 127
64 0 0
64 63 1
1 1 0
3472 1950 1461
1 1 0
1 1 0
1 0 0
1 1 0
1 1 0
419 118 225
306 306 0
118 5 10
306 0 0
306 6 12
300 300 0
5 0 0
1 0 0
1 0 0
1 1 0
1 1 0
1 0 0
1 1 0
1 1 0
21 21 0
21 9 7
12 8 5
12 12 0
12 0 0
12 12 0
12 0 0
12 12 0
12 12 0
8 8 0
8 0 0
1 1 0
1 0 0
1 0 0
6 0 0
6 0 0
6 0 0
6 6 0
6 6 0
6 0 0
6 6 0
6 0 0
6 6 0
6 6 0
1452 1452 0
1452 1452 0
1452 0 0
1452 1452 0
1452 0 0
1452 6 11
1452 0 0
1452 1452 0
1452 0 0
1452 0 0
6 2 1
6 0 0
1462 0 0
1462 0 0
1462 1462 0
1462 1456 11
6 0 0
6 0 0
6 0 0
6 6 0
6 6 0
6 0 0
6 5 1
1 0 0
1 1 0
1 0 0
246 0 0
246 0 0
246 246 0
246 245 1
1 0 0
1 0 0
1 0 0
1 1 0
1 0 0
1 1 0
1 0 0
6 0 0
6 0 0
6 0 0
1 1 0
1 0 0
2 2 0
2 0 0
6 6 0
6 0 0
2 0 0
2 2 0
2 2 0
2 0 0
2 2 0
2 0 0
2 2 0
2 2 0
485 485 0
485 485 0
485 0 0
485 485 0
485 0 0
485 2 3
485 0 0
485 485 0
485 0 0
485 0 0
2 0 0
2 2 0
2 1 1
2 0 0
489 0 0
489 0 0
489 489 0
489 487 3
2 0 0
2 0 0
2 0 0
2 2 0
2 0 0
2 0 0
2 0 0
1 1 0
1 0 0
1 0 0
1 1 0
113 111 4
113 0 0
113 113 0
113 0 0
113 0 0
113 0 0
113 1 2
113 0 0
113 113 0
113 113 0
113 0 0
113 113 0
113 0 0
113 113 0
113 0 0
113 0 0
1 0 0
1 0 0
1 0 0
1 1 0
1 0 0
1 1 0
1 1 0
1 0 0
1 1 0
1 0 0
1 1 0
1 1 0
242 242 0
242 242 0
242 0 0
242 242 0
242 0 0
242 1 1
242 0 0
242 242 0
242 0 0
242 0 0
1 0 0
1 0 0
1 0 0
19 0 0
19 0 0
19 19 0
19 19 0
19 19 0
19 8 7
11 0 0
11 0 0
11 11 0
11 11 0
11 0 0
11 11 0
11 0 0
11 0 0
11 0 0
8 8 0
8 8 0
8 0 0
8 0 0
8 8 0
8 8 0
8 0 0
8 8 0
8 0 0
8 8 0
1936 1936 0
1936 1936 0
1936 0 0
1936 1936 0
1936 0 0
1936 8 15
1936 0 0
1936 1936 0
8 8 0
1936 0 0
1936 0 0
8 0 0
8 0 0
1936 0 0
1936 0 0
1936 1936 0
1936 1928 15
8 0 0
8 0 0
8 0 0
8 0 0
8 8 0
855 846 16
810 659 241
151 47 63
104 0 0
104 19 34
85 0 0
85 11 22
74 0 0
74 24 47
50 10 9
160 40 79
120 15 27
85 19 27
171 85 119
160 120 79
40 0 0
40 0 0
40 0 0
40 0 0
160 40 79
120 15 27
85 19 27
171 85 119
160 120 79
47 47 0
19 19 0
11 11 0
24 24 0
159799 82820 52289
76979 687 1294
76292 669 1274
75623 157 308
1788 447 893
1341 498 530
494 188 186
1149 494 674
1788 1341 893
16 4 7
12 2 2
9 1 2
18 9 12
16 12 7
177 0 0
5369 121 241
9480 5369 4496
4111 4055 112
1 0 0
19 8 1
19 18 1
1 0 0
19 0 0
19 19 0
141 0 0
141 0 0
141 8 2
141 9 18
141 133 14
361 1 2
360 19 37
341 1 2
360 19 37
361 109 154
252 141 116
1 1 0
19 18 1
1 0 0
19 8 1
19 18 1
527 191 271
527 186 222
527 206 271
527 423 104
527 279 313
248 10 16
238 52 104
186 0 0
186 11 20
206 15 24
191 0 0
191 10 20
181 2 2
186 0 0
186 13 26
173 5 10
168 0 0
191 41 68
150 3 6
147 14 22
133 0 0
6832 1708 3415
5124 1512 1569
2379 616 908
5375 2379 3232
6832 5124 3415
6832 1884 3267
6832 5124 3415
14964 3741 7481
11223 2924 3615
5792 1329 2011
12762 5792 8106
14964 11223 7481
3741 1857 744
29912 1708 3224
112816 28204 56407
84612 18533 25493
48679 10069 14404
104689 48679 68576
112816 84612 56407
112816 78584 44176
112816 84612 56407
28204 465 888
78584 36588 36366
41996 0 0
41996 8809 13201
33187 19935 17074
29763 6874 10352
29763 6790 10233
29763 6181 9206
29763 13252 7200
29763 22775 10573
6988 1819 2121
5169 956 1602
4213 0 0
4213 789 1299
36588 30400 9819
38564 9641 19281
28923 11143 10917
11253 2770 3667
26263 11253 16774
38564 28923 19281
9641 3453 2852
4908 1227 2453
3681 1171 1544
1470 729 647
3251 1470 2041
4908 3681 2453
1227 762 929
6181 1002 1580
5179 0 0
5179 464 733
4715 107 194
6790 0 0
6790 1622 2365
5168 296 504
4872 204 378
6874 2189 2839
4685 646 900
4039 480 805
3559 0 0
35481 6146 9942
35481 5499 9225
35481 6878 10783
35481 19935 7150
35481 27657 11980
7824 1581 2012
6243 1211 1921
5032 0 0
5032 788 1257
6878 1849 2408
5029 0 0
5029 1591 2145
3438 336 534
5499 0 0
5499 1804 2353
3695 794 1085
2901 674 989
6146 1288 1954
4858 881 1342
3977 1530 1976
2447 0 0
9480 5342 4000
4138 1036 1062
3102 3096 12
1036 9 16
232718 156563 93716
76155 19945 29558
56210 53969 3639
19945 1806 2359
19 0 0
19 19 0
19 0 0
19 0 0
19 0 0
19 0 0
19 0 0
19 19 0
19 19 0
19 19 0
19 12 10
19 19 0
19 0 0
19 19 0
19 19 0
92013 72865 26185
72865 6161 10117
70919 22674 28710
48245 5487 8570
47075 8956 13803
38119 3192 5068
37675 6491 9705
31184 2910 4604
30547 3393 5460
27154 8614 10378
71653 8801 17034
62852 19939 27742
68978 53113 31729
8801 0 0
1542 691 583
9652 1542 2608
8110 851 1410
19939 10451 8206
26344 10729 9888
60216 21326 33371
58392 44601 27581
24520 16856 8361
7664 7664 0
21326 10600 15454
4206 2382 1324
12550 4206 5626
8344 1824 3080
6161 4215 2343
5487 4317 1598
3192 2748 624
2910 2273 846
197677 25500 50947
236952 176330 88801
60622 44987 14789
39275 35156 7950
44987 2600 4850
43777 37139 10650
34206 2756 4908
32865 27600 8238
28525 1239 2294
28115 24350 6250
25031 1279 2402
24279 21433 4742
22950 13637 9928
35933 4147 7787
31786 6145 8776
34330 7710 15419
4147 0 0
757 29 52
4875 757 1508
4118 728 1152
6145 2732 2765
6925 2229 2098
17644 7112 10580
16769 12948 7641
6050 3512 1750
2538 2538 0
7112 3474 5147
1366 491 390
4513 1366 2171
3147 875 1379
2600 1390 1247
2756 1415 1379
1239 829 525
1279 527 594
27600 23260 6890
37139 27568 12666
24350 21266 4902
21433 20104 2358
29619 26909 5064
125 121 6
2992 29 56
2963 9 16
2954 1292 1278
1915 912 881
1096 676 505
479 42 68
437 45 82
2867 278 499
1292 253 388
912 93 166
676 59 98
1540 385 676
1540 397 670
1540 376 662
1540 357 599
46869 23336 19191
46869 26962 20309
46869 30623 19713
46869 35931 15190
118476 33463 43992
118476 88857 59237
33463 25895 10543
7568 7568 0
7568 3905 3293
69212 36155 35666
69212 51909 34605
17303 9735 5920
7568 4572 2983
2996 341 607
2655 0 0
36155 32761 5624
3394 6 2
3388 2311 1432
1314 237 340
1077 781 365
2607 2607 0
2999 392 412
2607 446 624
2161 922 952
1239 488 483
751 751 0
392 392 0
11857 4289 4210
7568 1818 2650
5750 1546 2218
4204 2034 2041
2170 2170 0
4289 4289 0
394 394 0
394 184 285
210 210 0
394 0 0
394 184 285
394 394 0
394 184 285
210 0 0
210 210 0
30855 0 0
419 394 50
394 333 111
841 0 0
84510 42220 42272
42290 0 0
42290 42290 0
69891 1472 2894
110709 59 118
110650 34069 41858
76580 35763 23789
42220 0 0
42220 0 0
110339 49 98
110290 33690 41722
76600 41496 24648
68843 68119 1432
724 1 2
4617 32 64
5308 3 6
5305 2265 2498
3040 691 772
4194 31 62
5635 1 2
5634 2055 2276
3579 1441 930
1472 1472 0
30855 771 1530
30084 30084 0
84509 64 64
84445 63334 42222
53889 20233 30602
33656 32778 1756
20233 0 0
30084 465 888
29619 9767 13717
48654 28802 26639
19852 585 1124
19267 0 0
47908 1039 1828
223931 41692 73809
182239 177062 10353
46869 32283 17437
47908 28641 26447
19267 9588 9249
9679 7915 2812
2305 0 0
2305 541 792
9679 9679 0
6 6 0
447 0 0
447 447 0
447 447 0
1 1 0
78057 47020 17748
78057 77880 353
177 0 0
1 0 0
1 0 0
209398 0 0
1 0 0
132 105 3
3479 3455 5
3120 3095 19
3176 3170 9
768 768 0
768 6 11
3176 25 49
3120 24 47
3479 27 53
132 1 1
130 1 1
129 1 1
128 0 0
128 128 0
128 128 0
128 0 0
128 128 0
128 0 0
128 128 0
128 0 0
128 0 0
128 128 0
128 0 0
128 0 0
422 221 58
422 197 385
225 0 0
225 115 58
197 100 55
12 11 1
306 0 0
306 306 0
39257 0 0
39563 0 0
39563 9063 2725
39563 38596 1451
39563 39257 611
309 0 0
309 169 232
140 76 28
8808 69 137
9922 8808 1994
1114 1107 14
169 81 58
10391 81 161
10391 9193 2108
11298 88 175
11298 10003 2216
8341 64 127
8341 7388 1690
6 6 0
6 6 0
6 6 0
776 6 11
776 6 11
770 653 162
770 755 30
6 6 0
839 6 11
839 0 0
839 29 56
810 40 66
770 51 72
719 0 0
6 0 0
6 2 2
4 0 0
23 0 0
2028 1043 17
2028 156 226
2773 0 0
2973 23 45
2973 2028 135
945 901 71
23 0 0
23 0 0
23 0 0
1481 1458 45
2973 2950 45
23 0 0
200 200 0
200 177 45
200 0 0
200 23 45
4969 0 0
4969 4792 308
200 200 0
200 23 45
177 177 0
177 0 0
177 177 0
23 23 0
23 0 0
23 0 0
23 0 0
2950 0 0
2950 2927 45
2459 808 89
1651 12 18
1639 1483 21
156 0 0
156 155 2
4 0 0
4 3 1
12 5 2
7 4 3
11 7 4
15 7 3
1643 93 86
1550 67 52
5 0 0
5 0 0
5 0 0
5 0 0
5 0 0
460 3 6
457 19 37
2516 808 115
1708 1689 24
57 0 0
154 97 80
1689 1520 37
169 6 4
163 7 12
1678 32 52
2516 2078 843
7 2 1
5 0 0
5 0 0
11 0 0
11 0 0
878 284 5
594 80 4
514 514 0
701 11 21
514 417 14
177 0 0
23 0 0
23 11 15
12 0 0
780 768 23
12 0 0
12 0 0
790 235 8
555 10 2
545 545 0
545 545 0
10 10 0
11 0 0
11 0 0
701 690 21
780 12 23
778 778 0
322 0 0
322 49 97
3024 889 61
2135 99 48
2036 1922 25
114 2 4
112 110 2
2 1 1
1 0 0
1 0 0
3024 270 539
2754 2751 6
322 270 101
433 381 103
322 52 101
2489 2219 497
2033 1972 84
184 0 0
184 46 92
3955 1318 37
2637 54 30
2583 2478 19
105 3 2
102 101 2
1 0 0
1 0 0
1 1 0
3955 0 0
3955 3817 275
184 138 92
397 351 91
184 46 92
1594 1456 275
2579 2546 42
46 46 0
414 368 91
46 0 0
92 0 0
230 138 91
92 46 91
92 46 91
92 46 91
23 0 0
94 94 0
16 16 0
16 0 0
64 64 0
64 2 4
64 17 32
47 0 0
64 64 0
16 16 0
16 0 0
16 16 0
32 32 0
32 32 0
32 0 0
32 32 0
60 0 0
60 0 0
60 0 0
60 0 0
16 16 0
66 64 2
2 2 0
32 30 3
129 65 77
855 855 0
855 0 0
855 0 0
855 0 0
855 855 0
855 855 0
855 0 0
855 0 0
855 0 0
855 855 0
855 0 0
855 855 0
855 0 0
855 764 68
91 0 0
91 0 0
91 0 0
150 150 0
91 91 0
91 0 0
91 91 0
150 0 0
150 0 0
150 0 0
150 0 0
150 91 27
64 64 0
64 64 0
66 66 0
66 0 0
66 5 8
61 61 0
66 60 2
66 66 0
66 5 8
61 61 0
66 60 2
6 0 0
6 0 0
6 0 0
66 0 0
66 0 0
66 66 0
38 0 0
38 0 0
38 38 0
38 0 0
38 0 0
38 0 0
38 38 0
14 0 0
14 0 0
14 0 0
14 14 0
14 7 13
7 0 0
7 1 1
6 0 0
6 0 0
6 0 0
7 0 0
7 0 0
7 0 0
7 7 0
7 7 0
7 0 0
7 0 0
7 7 0
16 0 0
16 0 0
66 66 0
66 66 0
66 64 2
66 0 0
66 5 8
61 61 0
64 64 0
66 66 0
66 66 0
60 30 4
30 0 0
30 0 0
30 0 0
64 64 0
64 0 0
64 0 0
2 0 0
2 0 0
16 0 0
16 16 0
16 0 0
16 0 0
16 16 0
14 0 0
16 0 0
16 16 0
16 16 0
16 16 0
16 0 0
2 0 0
6 0 0
78 0 0
78 78 0
78 0 0
78 0 0
2 0 0
64 64 0
64 0 0
64 64 0
60 22 19
64 0 0
64 4 4
4 0 0
16 0 0
16 16 0
16 16 0
16 16 0
16 0 0
16 0 0
16 16 0
16 16 0
16 0 0
16 16 0
208 16 31
208 192 31
16 16 0
16 0 0
16 0 0
16 0 0
16 0 0
16 16 0
16 0 0
16 0 0
16 0 0
16 16 0
16 16 0
16 0 0
16 0 0
16 0 0
16 16 0
16 0 0
32 16 31
16 0 0
16 0 0
16 0 0
32 16 31
16 16 0
16 15 2
1 1 0
16 0 0
16 0 0
16 7 8
9 9 0
7 7 0
16 0 0
16 16 0
16 0 0
16 16 0
16 16 0
16 16 0
16 0 0
16 16 0
16 0 0
16 0 0
16 16 0
16 16 0
16 0 0
16 0 0
16 0 0
16 16 0
16 16 0
16 0 0
16 0 0
48 0 0
64 16 31
64 48 32
16 0 0
16 9 8
7 0 0
7 0 0
7 7 0
7 0 0
7 7 0
7 0 0
7 0 0
16 16 0
16 0 0
16 0 0
16 16 0
9 2 4
16 0 0
16 16 0
16 0 0
16 16 0
16 16 0
16 16 0
16 0 0
64 0 0
64 48 31
42 36 1
6 6 0
42 0 0
42 0 0
1127 124 248
1003 0 0
1003 0 0
1003 0 0
1003 0 0
164 0 0
164 164 0
1640 320 417
730 0 0
730 0 0
730 0 0
730 618 136
112 1 2
11499 5845 604
11499 320 423
11499 1291 1240
10208 0 0
10208 0 0
10208 0 0
10208 4874 530
5334 83 107
11499 0 0
11499 730 886
1640 1476 327
1 0 0
1 0 0
1 0 0
83 0 0
83 0 0
83 0 0
20631 0 0
20631 0 0
20631 0 0
20631 0 0
20631 8967 500
11664 0 0
11664 0 0
11664 0 0
11664 11664 0
11664 0 0
11664 414 494
11250 11250 0
11664 11664 0
11664 0 0
11664 414 494
11250 11250 0
8967 0 0
8967 8967 0
8967 0 0
8967 8967 0
8967 0 0
8967 0 0
8967 0 0
8967 0 0
8967 5280 7256
3687 0 0
3687 0 0
3687 0 0
3687 222 272
3465 113 117
8967 9 18
8958 4634 7034
4324 0 0
4324 0 0
4324 0 0
4324 2100 426
2224 167 143
8958 0 0
8958 1954 3480
8967 7676 2518
1291 17 33
1291 1291 0
8967 8967 0
8967 0 0
8967 0 0
8967 0 0
8967 8967 0
8967 0 0
1291 1291 0
167 0 0
167 0 0
167 11 10
11 0 0
113 0 0
113 0 0
113 0 0
8967 8967 0
10735 0 0
10735 8969 360
1766 1602 62
164 164 0
164 0 0
10571 5123 354
5448 4946 96
502 0 0
502 0 0
502 502 0
6532 0 0
5123 4584 543
539 17 34
5123 4976 285
7142 0 0
17211 5567 10605
11644 0 0
11644 0 0
11644 6182 140
5462 4813 108
7458 316 530
7142 1403 840
5739 4831 857
4079 3558 327
1257 0 0
1257 1100 120
4831 3171 294
1660 736 271
1100 1100 0
2271 0 0
3371 2271 1316
1100 367 554
3171 2270 97
4813 79 54
4734 548 888
4186 1206 316
4186 4186 0
2270 1299 32
1299 1198 48
5567 4875 140
6976 2617 1272
4359 17 34
4342 4142 75
200 0 0
200 167 17
33 0 0
33 33 0
17 17 0
95918 0 0
102877 95918 11969
6959 4984 1477
316 0 0
164 164 0
4875 4235 145
640 74 35
1643 1077 1080
566 18 18
548 358 363
566 0 0
566 0 0
566 0 0
566 0 0
566 376 379
566 10 18
556 0 0
17 0 0
17 17 0
4984 0 0
4984 0 0
4984 0 0
4984 0 0
4984 384 142
4600 4521 146
4984 4934 100
50 0 0
4934 0 0
4934 4292 123
4934 633 504
17 17 0
10 0 0
10 10 0
376 0 0
376 0 0
376 0 0
4521 0 0
4521 0 0
4521 0 0
10735 0 0
10735 0 0
10735 10735 0
10735 0 0
10735 0 0
10735 10735 0
10735 0 0
10735 0 0
10735 0 0
10735 0 0
20631 0 0
20631 0 0
20631 0 0
20631 20631 0
16 0 0
16 0 0
20 20 0
20 0 0
2497 2477 39
1019 2 4
1019 88 120
1019 935 131
1019 960 87
1019 1007 22
1019 1014 8
5 0 0
2 1 1
5 4 1
2 0 0
2 1 1
1 1 0
2 2 0
32 0 0
32 32 0
32 32 0
32 32 0
32 32 0
32 0 0
32 0 0
1005 0 0
1005 4 6
4 4 0
40098 0 0
40098 66 42
40032 40032 0
40032 0 0
40032 0 0
40032 0 0
524873 484841 80063
66 5 9
61 6 6
55 0 0
55 9 17
855 0 0
855 0 0
855 855 0
855 0 0
855 0 0
855 0 0
855 0 0
855 0 0
855 855 0
855 0 0
76 0 0
76 76 0
76 0 0
76 0 0
76 76 0
76 0 0
9476 3922 1530
5554 0 0
5554 5089 140
3922 3610 107
3610 3610 0
5089 0 0
5089 5089 0
3610 0 0
27712 24102 6807
46092 41003 9597
228 0 0
228 0 0
228 228 0
10712 0 0
23 0 0
152 152 0
152 0 0
76 0 0
76 76 0
76 0 0
76 0 0
76 0 0
76 0 0
76 0 0
38 0 0
38 0 0
76 76 0
76 76 0
247 247 0
76 76 0
76 0 0
76 76 0
76 76 0
152 133 37
19 19 0
19 19 0
19 19 0
38 0 0
38 0 0
38 0 0
38 0 0
38 0 0
38 0 0
38 0 0
38 0 0
38 0 0
38 0 0
38 0 0
38 0 0
38 0 0
38 0 0
38 0 0
38 0 0
38 0 0
38 0 0
19 0 0
29 10 20
19 0 0
19 19 0
19 0 0
19 0 0
19 0 0
19 0 0
19 0 0
19 0 0
19 0 0
38 38 0
38 0 0
38 38 0
19 0 0
19 19 0
19 19 0
19 0 0
19 0 0
19 19 0
19 19 0
19 0 0
19 0 0
19 0 0
19 0 0
19 19 0
19 19 0
19 19 0
19 0 0
19 0 0
19 0 0
19 19 0
19 0 0
19 19 0
19 0 0
19 19 0
19 19 0
19 19 0
38 0 0
38 19 37
19 19 0
19 19 0
19 0 0
19 0 0
19 19 0
19 19 0
58 0 0
58 0 0
58 58 0
39 19 23
20 20 0
19 19 0
20 0 0
39 0 0
39 20 23
20 20 0
20 12 5
12 4 5
8 0 0
8 8 0
8 8 0
12 0 0
12 0 0
12 0 0
12 12 0
12 0 0
12 12 0
24 0 0
24 24 0
24 24 0
19 0 0
19 0 0
19 19 0
19 19 0
19 19 0
