# Mix output version 2
# FINI: end of program
# EMIT_DYNAMIC_STATS FOR TID 1, ins = 100101500
Dynamic Instruction Count = 100101500, Dyn BBL Count = 16383819
RAWdep[ 0] = 0
RAWdep[ 1] = 43117609
RAWdep[ 2] = 16430507
RAWdep[ 3] = 14078236
RAWdep[ 4] = 7971929
RAWdep[ 5] = 4923397
RAWdep[ 6] = 4993179
RAWdep[ 7] = 2975329
RAWdep[ 8] = 3355058
RAWdep[ 9] = 2999817
RAWdep[ 10] = 2941830
RAWdep[ 11] = 2773575
RAWdep[ 12] = 1319455
RAWdep[ 13] = 1530691
RAWdep[ 14] = 948038
RAWdep[ 15] = 970008
RAWdep[ 16] = 1419453
RAWdep[ 17] = 1034620
RAWdep[ 18] = 576330
RAWdep[ 19] = 806851
RAWdep[ 20] = 1178455
RAWdep[ 21] = 655346
RAWdep[ 22] = 764976
RAWdep[ 23] = 812036
RAWdep[ 24] = 600696
RAWdep[ 25] = 425838
RAWdep[ 26] = 270892
RAWdep[ 27] = 512854
RAWdep[ 28] = 706264
RAWdep[ 29] = 1087308
RAWdep[ 30] = 599568
RAWdep[ 31] = 468545
RAWdep[ 32] = 1028515
RAWdep[ 33] = 29922180

WAWdep[ 0] = 0
WAWdep[ 1] = 22911066
WAWdep[ 2] = 19316944
WAWdep[ 3] = 14160534
WAWdep[ 4] = 7171407
WAWdep[ 5] = 5545407
WAWdep[ 6] = 5681862
WAWdep[ 7] = 2351217
WAWdep[ 8] = 2574509
WAWdep[ 9] = 3119210
WAWdep[ 10] = 3033031
WAWdep[ 11] = 2230699
WAWdep[ 12] = 1362193
WAWdep[ 13] = 1762553
WAWdep[ 14] = 1300597
WAWdep[ 15] = 756988
WAWdep[ 16] = 1051305
WAWdep[ 17] = 914437
WAWdep[ 18] = 497503
WAWdep[ 19] = 766675
WAWdep[ 20] = 1184343
WAWdep[ 21] = 756701
WAWdep[ 22] = 405641
WAWdep[ 23] = 500186
WAWdep[ 24] = 552948
WAWdep[ 25] = 309622
WAWdep[ 26] = 246537
WAWdep[ 27] = 601912
WAWdep[ 28] = 383048
WAWdep[ 29] = 359915
WAWdep[ 30] = 238476
WAWdep[ 31] = 228524
WAWdep[ 32] = 867052
WAWdep[ 33] = 15180153

WARdep[ 0] = 42749364
WARdep[ 1] = 10962389
WARdep[ 2] = 8030898
WARdep[ 3] = 5597742
WARdep[ 4] = 4494638
WARdep[ 5] = 3157033
WARdep[ 6] = 2612174
WARdep[ 7] = 3325983
WARdep[ 8] = 2401896
WARdep[ 9] = 2076449
WARdep[ 10] = 2792780
WARdep[ 11] = 1853928
WARdep[ 12] = 1092378
WARdep[ 13] = 1243612
WARdep[ 14] = 1001407
WARdep[ 15] = 689438
WARdep[ 16] = 866127
WARdep[ 17] = 900233
WARdep[ 18] = 834123
WARdep[ 19] = 1039796
WARdep[ 20] = 1017714
WARdep[ 21] = 788589
WARdep[ 22] = 803380
WARdep[ 23] = 355301
WARdep[ 24] = 751598
WARdep[ 25] = 836097
WARdep[ 26] = 844783
WARdep[ 27] = 643233
WARdep[ 28] = 484510
WARdep[ 29] = 490097
WARdep[ 30] = 448343
WARdep[ 31] = 590636
WARdep[ 32] = 486152
WARdep[ 33] = 12060374


		"0": "0",
		"1": "43117609",
		"2": "16430507",
		"3": "14078236",
		"4": "7971929",
		"5": "4923397",
		"6": "4993179",
		"7": "2975329",
		"8": "3355058",
		"9": "2999817",
		"10": "2941830",
		"11": "2773575",
		"12": "1319455",
		"13": "1530691",
		"14": "948038",
		"15": "970008",
		"16": "1419453",
		"17": "1034620",
		"18": "576330",
		"19": "806851",
		"20": "1178455",
		"21": "655346",
		"22": "764976",
		"23": "812036",
		"24": "600696",
		"25": "425838",
		"26": "270892",
		"27": "512854",
		"28": "706264",
		"29": "1087308",
		"30": "599568",
		"31": "468545",
		"32": "1028515",
		"33": "29922180",


# END_DYNAMIC_STATS
