/export/sflolid/data/spec_runs/leela/100M/leela.try_33426.pp/leela.try_33426_t0r10_warmup101500_prolog0_region100000004_epilog0_010_0-01914.0
Running SDE...
Extracting imix...
Running PIN...
1/6
2/6
3/6
4/6
5/6
6/6
Running the new branch profiler
Using new format branch file
Static conditional branch instructions: 1191
Unique branch bins: 436
99.99% branch bins: 386
Generated PIN JSON successfully
/export/sflolid/data/spec_runs/leela/100M/leela.try_33426.pp/leela.try_33426_t0r11_warmup101500_prolog0_region100000004_epilog0_011_0-00961.0
Running SDE...
Extracting imix...
Running PIN...
1/6
2/6
3/6
4/6
5/6
6/6
Running the new branch profiler
Using new format branch file
Static conditional branch instructions: 1319
Unique branch bins: 510
99.99% branch bins: 461
Generated PIN JSON successfully
/export/sflolid/data/spec_runs/leela/100M/leela.try_33426.pp/leela.try_33426_t0r12_warmup101500_prolog0_region100000003_epilog0_012_0-04286.0
Running SDE...
Extracting imix...
Running PIN...
1/6
2/6
3/6
4/6
5/6
6/6
Running the new branch profiler
Using new format branch file
Static conditional branch instructions: 627
Unique branch bins: 354
99.99% branch bins: 334
Generated PIN JSON successfully
/export/sflolid/data/spec_runs/leela/100M/leela.try_33426.pp/leela.try_33426_t0r13_warmup101500_prolog0_region100000004_epilog0_013_0-03365.0
Running SDE...
Extracting imix...
Running PIN...
1/6
2/6
3/6
4/6
5/6
6/6
Running the new branch profiler
Using new format branch file
Static conditional branch instructions: 638
Unique branch bins: 376
99.99% branch bins: 353
Generated PIN JSON successfully
/export/sflolid/data/spec_runs/leela/100M/leela.try_33426.pp/leela.try_33426_t0r14_warmup101500_prolog0_region100000007_epilog0_014_0-05644.0
Running SDE...
Extracting imix...
Running PIN...
1/6
2/6
3/6
4/6
5/6
6/6
Running the new branch profiler
Using new format branch file
Static conditional branch instructions: 585
Unique branch bins: 334
99.99% branch bins: 316
Generated PIN JSON successfully
/export/sflolid/data/spec_runs/leela/100M/leela.try_33426.pp/leela.try_33426_t0r15_warmup101500_prolog0_region100000062_epilog0_015_0-02025.0
Running SDE...
Extracting imix...
Running PIN...
1/6
2/6
3/6
4/6
5/6
6/6
Running the new branch profiler
Using new format branch file
Static conditional branch instructions: 633
Unique branch bins: 383
99.99% branch bins: 374
Generated PIN JSON successfully
/export/sflolid/data/spec_runs/leela/100M/leela.try_33426.pp/leela.try_33426_t0r16_warmup101500_prolog0_region100000001_epilog0_016_0-06850.0
Running SDE...
Extracting imix...
Running PIN...
1/6
2/6
3/6
4/6
5/6
6/6
Running the new branch profiler
Using new format branch file
Static conditional branch instructions: 623
Unique branch bins: 355
99.99% branch bins: 334
Generated PIN JSON successfully
/export/sflolid/data/spec_runs/leela/100M/leela.try_33426.pp/leela.try_33426_t0r17_warmup101500_prolog0_region100000005_epilog0_017_0-01148.0
Running SDE...
Extracting imix...
Running PIN...
1/6
2/6
3/6
4/6
5/6
6/6
Running the new branch profiler
Using new format branch file
Static conditional branch instructions: 598
Unique branch bins: 369
99.99% branch bins: 352
Generated PIN JSON successfully
/export/sflolid/data/spec_runs/leela/100M/leela.try_33426.pp/leela.try_33426_t0r18_warmup101500_prolog0_region100000006_epilog0_018_0-08626.0
Running SDE...
Extracting imix...
Running PIN...
1/6
2/6
3/6
4/6
5/6
6/6
Running the new branch profiler
Using new format branch file
Static conditional branch instructions: 619
Unique branch bins: 351
99.99% branch bins: 332
Generated PIN JSON successfully
/export/sflolid/data/spec_runs/leela/100M/leela.try_33426.pp/leela.try_33426_t0r19_warmup101500_prolog0_region100000000_epilog0_019_0-02395.0
Running SDE...
Extracting imix...
Running PIN...
1/6
2/6
3/6
4/6
5/6
6/6
Running the new branch profiler
Using new format branch file
Static conditional branch instructions: 627
Unique branch bins: 372
99.99% branch bins: 356
Generated PIN JSON successfully
/export/sflolid/data/spec_runs/leela/100M/leela.try_33426.pp/leela.try_33426_t0r1_warmup101500_prolog0_region100000002_epilog0_001_0-02657.0
Running SDE...
Extracting imix...
Running PIN...
1/6
2/6
3/6
4/6
5/6
6/6
Running the new branch profiler
Using new format branch file
Static conditional branch instructions: 598
Unique branch bins: 363
99.99% branch bins: 350
Generated PIN JSON successfully
/export/sflolid/data/spec_runs/leela/100M/leela.try_33426.pp/leela.try_33426_t0r20_warmup101500_prolog0_region100000000_epilog0_020_0-07149.0
Running SDE...
Extracting imix...
Running PIN...
1/6
2/6
3/6
4/6
5/6
6/6
Running the new branch profiler
Using new format branch file
Static conditional branch instructions: 634
Unique branch bins: 363
99.99% branch bins: 342
Generated PIN JSON successfully
/export/sflolid/data/spec_runs/leela/100M/leela.try_33426.pp/leela.try_33426_t0r21_warmup101500_prolog0_region100000004_epilog0_021_0-03592.0
Running SDE...
Extracting imix...
Running PIN...
1/6
2/6
3/6
4/6
5/6
6/6
Running the new branch profiler
Using new format branch file
Static conditional branch instructions: 598
Unique branch bins: 366
99.99% branch bins: 348
Generated PIN JSON successfully
/export/sflolid/data/spec_runs/leela/100M/leela.try_33426.pp/leela.try_33426_t0r22_warmup101500_prolog0_region100000061_epilog0_022_0-06565.0
Running SDE...
Extracting imix...
Running PIN...
1/6
2/6
3/6
4/6
5/6
6/6
Running the new branch profiler
Using new format branch file
Static conditional branch instructions: 635
Unique branch bins: 365
99.99% branch bins: 340
Generated PIN JSON successfully
/export/sflolid/data/spec_runs/leela/100M/leela.try_33426.pp/leela.try_33426_t0r23_warmup101500_prolog0_region100000002_epilog0_023_0-06748.0
Running SDE...
Extracting imix...
Running PIN...
1/6
2/6
3/6
4/6
5/6
6/6
Running the new branch profiler
Using new format branch file
Static conditional branch instructions: 622
Unique branch bins: 357
99.99% branch bins: 336
Generated PIN JSON successfully
/export/sflolid/data/spec_runs/leela/100M/leela.try_33426.pp/leela.try_33426_t0r24_warmup101500_prolog0_region100000001_epilog0_024_0-01838.0
Running SDE...
Extracting imix...
Running PIN...
1/6
2/6
3/6
4/6
5/6
6/6
Running the new branch profiler
Using new format branch file
Static conditional branch instructions: 621
Unique branch bins: 346
99.99% branch bins: 328
Generated PIN JSON successfully
/export/sflolid/data/spec_runs/leela/100M/leela.try_33426.pp/leela.try_33426_t0r25_warmup101500_prolog0_region100000000_epilog0_025_0-01358.0
Running SDE...
Extracting imix...
Running PIN...
1/6
2/6
3/6
4/6
5/6
6/6
Running the new branch profiler
Using new format branch file
Static conditional branch instructions: 1321
Unique branch bins: 505
99.99% branch bins: 462
Generated PIN JSON successfully
/export/sflolid/data/spec_runs/leela/100M/leela.try_33426.pp/leela.try_33426_t0r26_warmup101500_prolog0_region100000000_epilog0_026_0-02519.0
Running SDE...
Extracting imix...
Running PIN...
1/6
2/6
3/6
4/6
5/6
6/6
Running the new branch profiler
Using new format branch file
Static conditional branch instructions: 628
Unique branch bins: 372
99.99% branch bins: 350
Generated PIN JSON successfully
/export/sflolid/data/spec_runs/leela/100M/leela.try_33426.pp/leela.try_33426_t0r27_warmup101500_prolog0_region100000026_epilog0_027_0-03672.0
Running SDE...
Extracting imix...
Running PIN...
1/6
2/6
3/6
4/6
5/6
6/6
Running the new branch profiler
Using new format branch file
Static conditional branch instructions: 642
Unique branch bins: 378
99.99% branch bins: 353
Generated PIN JSON successfully
/export/sflolid/data/spec_runs/leela/100M/leela.try_33426.pp/leela.try_33426_t0r28_warmup101500_prolog0_region100000014_epilog0_028_0-03895.0
Running SDE...
Extracting imix...
Running PIN...
1/6
2/6
3/6
4/6
5/6
6/6
Running the new branch profiler
Using new format branch file
Static conditional branch instructions: 591
Unique branch bins: 347
99.99% branch bins: 333
Generated PIN JSON successfully
/export/sflolid/data/spec_runs/leela/100M/leela.try_33426.pp/leela.try_33426_t0r29_warmup101500_prolog0_region100000056_epilog0_029_0-01469.0
Running SDE...
Extracting imix...
Running PIN...
1/6
2/6
3/6
4/6
5/6
6/6
Running the new branch profiler
Using new format branch file
Static conditional branch instructions: 1434
Unique branch bins: 517
99.99% branch bins: 475
Generated PIN JSON successfully
/export/sflolid/data/spec_runs/leela/100M/leela.try_33426.pp/leela.try_33426_t0r2_warmup101500_prolog0_region100000000_epilog0_002_0-00040.0
Running SDE...
Extracting imix...
Running PIN...
1/6
2/6
3/6
4/6
5/6
6/6
Running the new branch profiler
Using new format branch file
Static conditional branch instructions: 15
Unique branch bins: 13
99.99% branch bins: 13
Generated PIN JSON successfully
/export/sflolid/data/spec_runs/leela/100M/leela.try_33426.pp/leela.try_33426_t0r3_warmup101500_prolog0_region100000001_epilog0_003_0-00979.0
Running SDE...
Extracting imix...
Running PIN...
1/6
2/6
3/6
4/6
5/6
6/6
Running the new branch profiler
Using new format branch file
Static conditional branch instructions: 1478
Unique branch bins: 564
99.99% branch bins: 519
Generated PIN JSON successfully
/export/sflolid/data/spec_runs/leela/100M/leela.try_33426.pp/leela.try_33426_t0r4_warmup101500_prolog0_region100000003_epilog0_004_0-01598.0
Running SDE...
Extracting imix...
Running PIN...
1/6
2/6
3/6
4/6
5/6
6/6
Running the new branch profiler
Using new format branch file
Static conditional branch instructions: 1018
Unique branch bins: 430
99.99% branch bins: 393
Generated PIN JSON successfully
/export/sflolid/data/spec_runs/leela/100M/leela.try_33426.pp/leela.try_33426_t0r5_warmup101500_prolog0_region100000001_epilog0_005_0-03098.0
Running SDE...
Extracting imix...
Running PIN...
1/6
2/6
3/6
4/6
5/6
6/6
Running the new branch profiler
Using new format branch file
Static conditional branch instructions: 571
Unique branch bins: 337
99.99% branch bins: 327
Generated PIN JSON successfully
/export/sflolid/data/spec_runs/leela/100M/leela.try_33426.pp/leela.try_33426_t0r6_warmup101500_prolog0_region100000003_epilog0_006_0-03445.0
Running SDE...
Extracting imix...
Running PIN...
1/6
2/6
3/6
4/6
5/6
6/6
Running the new branch profiler
Using new format branch file
Static conditional branch instructions: 573
Unique branch bins: 323
99.99% branch bins: 318
Generated PIN JSON successfully
/export/sflolid/data/spec_runs/leela/100M/leela.try_33426.pp/leela.try_33426_t0r7_warmup101500_prolog0_region100000002_epilog0_007_0-02502.0
Running SDE...
Extracting imix...
Running PIN...
1/6
2/6
3/6
4/6
5/6
6/6
Running the new branch profiler
Using new format branch file
Static conditional branch instructions: 612
Unique branch bins: 354
99.99% branch bins: 340
Generated PIN JSON successfully
/export/sflolid/data/spec_runs/leela/100M/leela.try_33426.pp/leela.try_33426_t0r8_warmup101500_prolog0_region100000015_epilog0_008_0-04171.0
Running SDE...
Extracting imix...
Running PIN...
1/6
2/6
3/6
4/6
5/6
6/6
Running the new branch profiler
Using new format branch file
Static conditional branch instructions: 605
Unique branch bins: 340
99.99% branch bins: 321
Generated PIN JSON successfully
/export/sflolid/data/spec_runs/leela/100M/leela.try_33426.pp/leela.try_33426_t0r9_warmup101500_prolog0_region100000002_epilog0_009_0-05488.0
Running SDE...
Extracting imix...
Running PIN...
1/6
2/6
3/6
4/6
5/6
6/6
Running the new branch profiler
Using new format branch file
Static conditional branch instructions: 615
Unique branch bins: 344
99.99% branch bins: 326
Generated PIN JSON successfully
