# Branch output version 3
Dynamic_Instruction_Count: 100101499
Dynamic_Conditional_Branch_Count: 10293123
Dynamic_Unconditional_Branch_Count: 5675259
Total_Taken_Branches: 10161462
Total_Branch_Transitions: 2754989

Local Branch Stats (Total Count; Taken Count; Transition Count)
928 46 82
882 141 231
928 696 463
232 0 0
232 232 0
46 46 0
141 1 2
140 110 39
232 0 0
232 0 0
232 0 0
232 0 0
232 232 0
6032 0 0
6032 0 0
6032 0 0
6032 0 0
6264 6032 463
232 125 213
107 107 0
232 232 0
107 0 0
232 0 0
1 0 0
1 0 0
1 0 0
1 0 0
232 0 0
232 125 213
107 0 0
232 125 213
107 0 0
250 250 0
250 0 0
250 250 0
250 0 0
250 0 0
250 250 0
250 0 0
250 0 0
250 250 0
125 125 0
124 0 0
27040 7437 11080
24273 1705 3409
44880 27040 15634
20607 19949 1316
2363 2238 249
7437 4670 2727
125 125 0
39550 123 246
39427 0 0
39427 1 2
39425 771 1296
38779 35031 249
3748 15 26
59881 233 465
358 126 249
233 233 0
126 1 2
233 0 0
233 1 2
232 232 0
1 0 0
125 125 0
125 0 0
125 125 0
125 0 0
125 0 0
125 0 0
125 0 0
125 0 0
125 125 0
125 125 0
125 0 0
125 125 0
125 0 0
125 125 0
125 0 0
125 0 0
257 252 10
5 2 3
3 0 0
3 1 1
2 0 0
2 0 0
2 0 0
2 1 1
1 0 0
4 1 1
3 0 0
3 0 0
6 3 4
4 3 1
1 0 0
1 0 0
1 0 0
1 0 0
4 1 1
3 0 0
3 0 0
6 3 4
4 3 1
2 2 0
1 1 0
1 1 0
145757 86997 36836
58760 482 915
58278 337 652
57941 245 468
928 232 463
696 294 201
252 218 38
436 252 269
928 696 463
124 0 0
4199 85 170
7412 4199 3234
3213 3174 77
143 122 31
143 30 46
143 117 32
143 140 6
143 125 25
18 0 0
18 4 8
14 0 0
14 4 6
117 100 27
17 0 0
17 0 0
17 0 0
30 0 0
30 3 6
27 0 0
27 5 3
122 1 2
121 0 0
121 1 2
120 0 0
6172 1543 3085
4629 1090 1316
2620 552 809
5607 2620 3603
6172 4629 3085
6172 1724 2985
6172 4629 3085
15264 3816 7631
11448 2604 3636
6334 1628 2192
13550 6334 9022
15264 11448 7631
3816 2092 712
38779 1543 2880
148944 37236 74471
111708 29310 35353
58742 13845 18646
127295 58742 82316
148944 111708 74471
148944 87631 62357
148944 111708 74471
37236 333 634
87631 43807 42534
43824 0 0
43824 7070 11168
36754 20414 18292
30775 7691 11436
30775 7890 11004
30775 8081 11173
30775 16340 7324
30775 22732 11500
8043 1403 1792
6640 1056 1764
5584 0 0
5584 756 1316
43807 37986 9783
37756 9439 18877
28317 9017 9463
13535 2830 3990
30005 13535 19652
37756 28317 18877
9439 3618 2848
3908 977 1953
2931 933 1227
1174 536 538
2636 1174 1684
3908 2931 1953
977 644 665
8081 1080 1638
7001 0 0
7001 452 725
6549 114 206
7890 0 0
7890 1449 2180
6441 259 408
6182 420 742
7691 1778 2616
5913 482 769
5431 428 746
5003 0 0
33185 7198 10464
33185 6255 9523
33185 6743 10006
33185 20414 6352
33185 25325 11368
7860 1244 1634
6616 1159 1796
5457 0 0
5457 673 1146
6743 1712 2274
5031 0 0
5031 1348 1881
3683 137 240
6255 0 0
6255 1383 1940
4872 723 1020
4149 896 1344
7198 1350 2112
5848 671 1078
5177 1275 1872
3902 0 0
7437 4644 2741
2793 802 884
1991 1974 28
802 9 18
201241 143598 68582
57643 16454 23466
41189 39549 2542
16454 776 1100
98597 60348 35563
60348 6119 9690
58523 16942 22934
41581 4097 6482
40746 8694 12903
32052 3060 4800
31419 5428 8166
25991 2902 4292
25567 2833 4646
22734 7053 8617
61115 8162 15600
52953 17020 22462
59127 45435 27384
8162 0 0
1249 382 230
9029 1249 2160
7780 867 1376
17020 9715 6574
29694 15319 12611
56195 18590 30007
55074 41820 26507
28573 22389 7936
6184 6184 0
18590 9466 13032
4545 3424 1015
10245 4545 4865
5700 1121 1750
6119 4294 2162
4097 3262 1146
3060 2427 821
2902 2478 618
221416 28001 55889
308552 197469 127145
111083 53120 32199
87136 76568 20768
53120 3012 5452
51638 43409 12360
40747 1932 3622
39917 33731 9628
33835 1531 2802
33075 28163 7770
28862 1193 2214
28379 24289 6506
26096 14160 11883
46078 6538 12423
39540 7154 10462
43929 9787 19573
6538 0 0
1037 72 126
7503 1037 2054
6466 965 1584
7154 2940 3011
10112 3611 3784
24706 9358 14083
23522 18205 10633
8928 5898 3022
3030 3030 0
9358 4705 6673
2093 909 605
5837 2093 3076
3744 1184 1703
3012 1530 1471
1932 1102 936
1531 771 786
1193 710 566
33731 27649 9440
43409 32518 15278
28163 23950 6618
24289 22006 3876
38569 36076 4768
108 98 20
2678 19 38
2659 13 20
2646 1097 1190
1756 828 817
1065 576 495
571 39 60
532 37 62
2570 175 322
1097 207 310
828 137 212
576 82 137
512 59 108
512 54 104
512 58 112
512 52 96
98587 55263 41518
98587 63940 39216
98587 67883 38578
98587 73302 33852
154276 40597 57486
154276 115707 77137
40597 30312 14054
10285 10285 0
10285 6492 3692
94268 49418 48810
94268 70701 47133
23567 13282 7430
10285 7603 3178
2682 238 449
2444 0 0
49418 43218 10068
6200 33 14
6167 3761 2630
3244 838 1366
2406 1772 860
4395 4395 0
5081 686 812
4395 1146 1528
3249 994 1205
2255 1168 877
1087 1087 0
686 686 0
15553 5268 4870
10285 2434 3603
7851 2697 3445
5154 2534 2517
2620 2620 0
5268 5268 0
248 248 0
248 126 201
122 122 0
248 0 0
248 126 201
248 248 0
248 126 201
122 0 0
122 122 0
39551 0 0
358 280 155
280 280 0
716 0 0
88373 44254 44241
44119 0 0
44119 44119 0
52744 1074 2086
95789 45 90
95744 25791 30918
69953 26908 16242
44254 0 0
44254 0 0
97401 39 78
97362 26268 31024
71094 43776 17584
53625 53147 942
478 1 2
3261 23 45
3715 5 10
3710 1607 1737
2103 454 563
3133 36 71
4170 2 4
4168 1561 1584
2607 1037 539
1074 1073 2
39551 649 1296
38902 38902 0
88373 61 62
88311 66234 44154
56299 21367 32451
34932 34222 1420
21367 0 0
38902 333 636
38569 7993 11974
100593 70017 48479
30576 486 932
30090 0 0
99790 1203 1942
465012 92109 162640
372903 366425 12956
98587 68103 35972
99790 69700 48161
30090 12678 12704
17412 13072 5984
6061 0 0
6061 1721 2415
17412 17412 0
1 1 0
232 0 0
232 232 0
232 232 0
55125 34448 10926
55125 55000 249
125 0 0
228913 0 0
358 268 46
358 125 250
233 0 0
233 174 46
125 31 46
233 0 0
233 233 0
59648 0 0
59881 0 0
59881 19873 12541
59881 58509 2495
59881 59648 465
233 0 0
233 108 215
125 31 46
7508 29 57
7967 7508 822
459 457 4
108 28 42
7196 28 55
7196 6781 758
20560 80 159
20560 19379 2076
24158 94 187
24158 22768 2516
1 1 0
1 1 0
1 1 0
257 1 1
257 1 1
256 245 22
256 256 0
1 1 0
257 1 1
257 0 0
257 0 0
257 1 2
256 9 13
247 0 0
1 0 0
1 1 0
126 0 0
126 126 0
1260 128 253
1 0 0
1 0 0
1 0 0
1 1 0
229 229 0
229 128 201
229 229 0
229 0 0
229 1 2
1260 1134 251
748 0 0
748 0 0
748 0 0
748 0 0
748 505 451
243 0 0
243 0 0
243 0 0
243 243 0
243 0 0
243 142 201
101 101 0
243 243 0
243 0 0
243 142 201
101 101 0
505 0 0
505 505 0
505 0 0
505 505 0
505 0 0
505 0 0
505 0 0
505 0 0
505 502 2
3 0 0
3 0 0
3 0 0
3 2 1
1 1 0
505 0 0
505 131 249
374 0 0
374 0 0
374 0 0
374 138 237
236 236 0
505 0 0
505 2 2
505 505 0
505 505 0
505 0 0
505 0 0
505 0 0
505 505 0
505 0 0
236 0 0
236 0 0
236 0 0
1 0 0
1 0 0
1 0 0
505 505 0
1005 0 0
1005 505 251
500 486 28
14 14 0
14 0 0
991 252 252
739 511 251
228 0 0
228 0 0
228 228 0
752 0 0
252 252 0
252 126 251
989 0 0
1752 384 766
1368 0 0
1368 0 0
1368 605 251
763 510 253
1115 126 251
989 373 491
616 119 238
497 490 14
7 0 0
7 7 0
119 0 0
119 0 0
7 7 0
7 0 0
7 7 0
510 128 253
382 129 8
253 33 6
253 253 0
384 126 251
867 492 495
375 0 0
375 372 4
3 0 0
3 2 1
1 0 0
1 1 0
5046 0 0
5913 5046 1727
867 384 717
126 0 0
14 14 0
126 126 0
384 0 0
384 0 0
384 0 0
384 0 0
384 3 6
381 374 14
384 383 2
1 0 0
383 0 0
383 126 251
383 142 240
374 0 0
374 0 0
374 0 0
1005 0 0
1005 0 0
1005 1005 0
1005 0 0
1005 0 0
1005 1005 0
1005 0 0
1005 0 0
1005 0 0
1005 0 0
748 0 0
748 0 0
748 0 0
748 748 0
1125 0 0
1125 0 0
1125 1125 0
1125 0 0
1125 0 0
1125 0 0
14750 13625 2249
622 310 353
312 0 0
312 245 128
310 258 101
258 258 0
245 0 0
245 245 0
258 0 0
1549 1291 515
1464 1219 489
1005 0 0
