# Mix output version 2
# FINI: end of program
# EMIT_DYNAMIC_STATS FOR TID 1
# instructions = 100101499, basic blocks = 15974262
Local Byte Stride Bucket -256 is equal to 1776732
Local Byte Stride Bucket -255 is equal to 4
Local Byte Stride Bucket -254 is equal to 5196
Local Byte Stride Bucket -253 is equal to 7
Local Byte Stride Bucket -252 is equal to 20574
Local Byte Stride Bucket -251 is equal to 4
Local Byte Stride Bucket -250 is equal to 4883
Local Byte Stride Bucket -249 is equal to 4
Local Byte Stride Bucket -248 is equal to 17154
Local Byte Stride Bucket -247 is equal to 2
Local Byte Stride Bucket -246 is equal to 5359
Local Byte Stride Bucket -245 is equal to 6
Local Byte Stride Bucket -244 is equal to 9792
Local Byte Stride Bucket -243 is equal to 2
Local Byte Stride Bucket -242 is equal to 5062
Local Byte Stride Bucket -241 is equal to 24
Local Byte Stride Bucket -240 is equal to 10002
Local Byte Stride Bucket -239 is equal to 3
Local Byte Stride Bucket -238 is equal to 4656
Local Byte Stride Bucket -236 is equal to 8384
Local Byte Stride Bucket -235 is equal to 3
Local Byte Stride Bucket -234 is equal to 4392
Local Byte Stride Bucket -233 is equal to 2
Local Byte Stride Bucket -232 is equal to 8170
Local Byte Stride Bucket -231 is equal to 1
Local Byte Stride Bucket -230 is equal to 15477
Local Byte Stride Bucket -229 is equal to 1
Local Byte Stride Bucket -228 is equal to 7686
Local Byte Stride Bucket -227 is equal to 2
Local Byte Stride Bucket -226 is equal to 4802
Local Byte Stride Bucket -225 is equal to 9
Local Byte Stride Bucket -224 is equal to 30683
Local Byte Stride Bucket -223 is equal to 4
Local Byte Stride Bucket -222 is equal to 5022
Local Byte Stride Bucket -220 is equal to 8261
Local Byte Stride Bucket -219 is equal to 3
Local Byte Stride Bucket -218 is equal to 4758
Local Byte Stride Bucket -217 is equal to 6
Local Byte Stride Bucket -216 is equal to 9294
Local Byte Stride Bucket -215 is equal to 19
Local Byte Stride Bucket -214 is equal to 6614
Local Byte Stride Bucket -213 is equal to 4
Local Byte Stride Bucket -212 is equal to 8906
Local Byte Stride Bucket -211 is equal to 5
Local Byte Stride Bucket -210 is equal to 7214
Local Byte Stride Bucket -209 is equal to 5
Local Byte Stride Bucket -208 is equal to 9986
Local Byte Stride Bucket -207 is equal to 21
Local Byte Stride Bucket -206 is equal to 5584
Local Byte Stride Bucket -205 is equal to 3
Local Byte Stride Bucket -204 is equal to 9648
Local Byte Stride Bucket -203 is equal to 1
Local Byte Stride Bucket -202 is equal to 4851
Local Byte Stride Bucket -201 is equal to 1
Local Byte Stride Bucket -200 is equal to 9599
Local Byte Stride Bucket -199 is equal to 14
Local Byte Stride Bucket -198 is equal to 5322
Local Byte Stride Bucket -197 is equal to 6
Local Byte Stride Bucket -196 is equal to 7211
Local Byte Stride Bucket -195 is equal to 5
Local Byte Stride Bucket -194 is equal to 5028
Local Byte Stride Bucket -193 is equal to 14
Local Byte Stride Bucket -192 is equal to 27136
Local Byte Stride Bucket -191 is equal to 5
Local Byte Stride Bucket -190 is equal to 8953
Local Byte Stride Bucket -189 is equal to 4
Local Byte Stride Bucket -188 is equal to 8108
Local Byte Stride Bucket -187 is equal to 3
Local Byte Stride Bucket -186 is equal to 4852
Local Byte Stride Bucket -184 is equal to 10713
Local Byte Stride Bucket -183 is equal to 9
Local Byte Stride Bucket -182 is equal to 5857
Local Byte Stride Bucket -181 is equal to 2
Local Byte Stride Bucket -180 is equal to 17973
Local Byte Stride Bucket -179 is equal to 1
Local Byte Stride Bucket -178 is equal to 5050
Local Byte Stride Bucket -177 is equal to 18
Local Byte Stride Bucket -176 is equal to 23477
Local Byte Stride Bucket -175 is equal to 18
Local Byte Stride Bucket -174 is equal to 6354
Local Byte Stride Bucket -173 is equal to 3
Local Byte Stride Bucket -172 is equal to 31066
Local Byte Stride Bucket -171 is equal to 3
Local Byte Stride Bucket -170 is equal to 8275
Local Byte Stride Bucket -169 is equal to 2
Local Byte Stride Bucket -168 is equal to 35838
Local Byte Stride Bucket -167 is equal to 8
Local Byte Stride Bucket -166 is equal to 8605
Local Byte Stride Bucket -165 is equal to 1
Local Byte Stride Bucket -164 is equal to 33886
Local Byte Stride Bucket -162 is equal to 6477
Local Byte Stride Bucket -161 is equal to 2
Local Byte Stride Bucket -160 is equal to 75896
Local Byte Stride Bucket -159 is equal to 4
Local Byte Stride Bucket -158 is equal to 5763
Local Byte Stride Bucket -157 is equal to 8
Local Byte Stride Bucket -156 is equal to 11969
Local Byte Stride Bucket -155 is equal to 12
Local Byte Stride Bucket -154 is equal to 5646
Local Byte Stride Bucket -153 is equal to 4
Local Byte Stride Bucket -152 is equal to 9430
Local Byte Stride Bucket -151 is equal to 9
Local Byte Stride Bucket -150 is equal to 5453
Local Byte Stride Bucket -149 is equal to 7
Local Byte Stride Bucket -148 is equal to 9105
Local Byte Stride Bucket -147 is equal to 6
Local Byte Stride Bucket -146 is equal to 5389
Local Byte Stride Bucket -144 is equal to 9652
Local Byte Stride Bucket -143 is equal to 10
Local Byte Stride Bucket -142 is equal to 5735
Local Byte Stride Bucket -141 is equal to 14
Local Byte Stride Bucket -140 is equal to 9772
Local Byte Stride Bucket -139 is equal to 6
Local Byte Stride Bucket -138 is equal to 5948
Local Byte Stride Bucket -137 is equal to 8
Local Byte Stride Bucket -136 is equal to 18936
Local Byte Stride Bucket -135 is equal to 19
Local Byte Stride Bucket -134 is equal to 7590
Local Byte Stride Bucket -133 is equal to 10
Local Byte Stride Bucket -132 is equal to 12902
Local Byte Stride Bucket -131 is equal to 28
Local Byte Stride Bucket -130 is equal to 14552
Local Byte Stride Bucket -129 is equal to 17
Local Byte Stride Bucket -128 is equal to 57137
Local Byte Stride Bucket -127 is equal to 9
Local Byte Stride Bucket -126 is equal to 22111
Local Byte Stride Bucket -125 is equal to 4
Local Byte Stride Bucket -124 is equal to 20843
Local Byte Stride Bucket -123 is equal to 7
Local Byte Stride Bucket -122 is equal to 10017
Local Byte Stride Bucket -121 is equal to 5
Local Byte Stride Bucket -120 is equal to 13050
Local Byte Stride Bucket -119 is equal to 3
Local Byte Stride Bucket -118 is equal to 6718
Local Byte Stride Bucket -117 is equal to 3
Local Byte Stride Bucket -116 is equal to 12496
Local Byte Stride Bucket -115 is equal to 4
Local Byte Stride Bucket -114 is equal to 5924
Local Byte Stride Bucket -113 is equal to 2
Local Byte Stride Bucket -112 is equal to 10845
Local Byte Stride Bucket -111 is equal to 4
Local Byte Stride Bucket -110 is equal to 6357
Local Byte Stride Bucket -109 is equal to 4
Local Byte Stride Bucket -108 is equal to 9683
Local Byte Stride Bucket -107 is equal to 8
Local Byte Stride Bucket -106 is equal to 7235
Local Byte Stride Bucket -105 is equal to 19
Local Byte Stride Bucket -104 is equal to 10701
Local Byte Stride Bucket -103 is equal to 1
Local Byte Stride Bucket -102 is equal to 7515
Local Byte Stride Bucket -101 is equal to 6
Local Byte Stride Bucket -100 is equal to 12403
Local Byte Stride Bucket -99 is equal to 8
Local Byte Stride Bucket -98 is equal to 6236
Local Byte Stride Bucket -97 is equal to 14
Local Byte Stride Bucket -96 is equal to 18743
Local Byte Stride Bucket -95 is equal to 7
Local Byte Stride Bucket -94 is equal to 8492
Local Byte Stride Bucket -93 is equal to 5
Local Byte Stride Bucket -92 is equal to 31379
Local Byte Stride Bucket -91 is equal to 9
Local Byte Stride Bucket -90 is equal to 14923
Local Byte Stride Bucket -89 is equal to 29
Local Byte Stride Bucket -88 is equal to 214351
Local Byte Stride Bucket -87 is equal to 8
Local Byte Stride Bucket -86 is equal to 33998
Local Byte Stride Bucket -85 is equal to 4
Local Byte Stride Bucket -84 is equal to 103129
Local Byte Stride Bucket -83 is equal to 4
Local Byte Stride Bucket -82 is equal to 36095
Local Byte Stride Bucket -81 is equal to 11
Local Byte Stride Bucket -80 is equal to 57908
Local Byte Stride Bucket -79 is equal to 13
Local Byte Stride Bucket -78 is equal to 11684
Local Byte Stride Bucket -77 is equal to 6
Local Byte Stride Bucket -76 is equal to 30560
Local Byte Stride Bucket -75 is equal to 3
Local Byte Stride Bucket -74 is equal to 7027
Local Byte Stride Bucket -73 is equal to 18
Local Byte Stride Bucket -72 is equal to 17176
Local Byte Stride Bucket -71 is equal to 11
Local Byte Stride Bucket -70 is equal to 8011
Local Byte Stride Bucket -69 is equal to 9
Local Byte Stride Bucket -68 is equal to 11748
Local Byte Stride Bucket -67 is equal to 15
Local Byte Stride Bucket -66 is equal to 7312
Local Byte Stride Bucket -65 is equal to 12
Local Byte Stride Bucket -64 is equal to 425587
Local Byte Stride Bucket -63 is equal to 34
Local Byte Stride Bucket -62 is equal to 7691
Local Byte Stride Bucket -61 is equal to 9
Local Byte Stride Bucket -60 is equal to 11335
Local Byte Stride Bucket -59 is equal to 10
Local Byte Stride Bucket -58 is equal to 7196
Local Byte Stride Bucket -57 is equal to 8
Local Byte Stride Bucket -56 is equal to 13481
Local Byte Stride Bucket -55 is equal to 5
Local Byte Stride Bucket -54 is equal to 9608
Local Byte Stride Bucket -53 is equal to 12
Local Byte Stride Bucket -52 is equal to 12541
Local Byte Stride Bucket -51 is equal to 3
Local Byte Stride Bucket -50 is equal to 10777
Local Byte Stride Bucket -49 is equal to 17
Local Byte Stride Bucket -48 is equal to 25455
Local Byte Stride Bucket -47 is equal to 6
Local Byte Stride Bucket -46 is equal to 31382
Local Byte Stride Bucket -45 is equal to 4
Local Byte Stride Bucket -44 is equal to 220993
Local Byte Stride Bucket -43 is equal to 4
Local Byte Stride Bucket -42 is equal to 104088
Local Byte Stride Bucket -41 is equal to 8
Local Byte Stride Bucket -40 is equal to 65141
Local Byte Stride Bucket -39 is equal to 1
Local Byte Stride Bucket -38 is equal to 34491
Local Byte Stride Bucket -37 is equal to 8
Local Byte Stride Bucket -36 is equal to 20370
Local Byte Stride Bucket -35 is equal to 2
Local Byte Stride Bucket -34 is equal to 10334
Local Byte Stride Bucket -33 is equal to 9
Local Byte Stride Bucket -32 is equal to 40048
Local Byte Stride Bucket -31 is equal to 26
Local Byte Stride Bucket -30 is equal to 9259
Local Byte Stride Bucket -29 is equal to 10
Local Byte Stride Bucket -28 is equal to 78129
Local Byte Stride Bucket -27 is equal to 170
Local Byte Stride Bucket -26 is equal to 7856
Local Byte Stride Bucket -25 is equal to 11
Local Byte Stride Bucket -24 is equal to 112939
Local Byte Stride Bucket -23 is equal to 12
Local Byte Stride Bucket -22 is equal to 7222
Local Byte Stride Bucket -21 is equal to 27
Local Byte Stride Bucket -20 is equal to 44416
Local Byte Stride Bucket -19 is equal to 13
Local Byte Stride Bucket -18 is equal to 8889
Local Byte Stride Bucket -17 is equal to 23
Local Byte Stride Bucket -16 is equal to 67895
Local Byte Stride Bucket -15 is equal to 99
Local Byte Stride Bucket -14 is equal to 8682
Local Byte Stride Bucket -13 is equal to 21
Local Byte Stride Bucket -12 is equal to 277257
Local Byte Stride Bucket -11 is equal to 28
Local Byte Stride Bucket -10 is equal to 10376
Local Byte Stride Bucket -9 is equal to 13
Local Byte Stride Bucket -8 is equal to 207227
Local Byte Stride Bucket -7 is equal to 86
Local Byte Stride Bucket -6 is equal to 19847
Local Byte Stride Bucket -5 is equal to 90
Local Byte Stride Bucket -4 is equal to 395109
Local Byte Stride Bucket -3 is equal to 130
Local Byte Stride Bucket -2 is equal to 171022
Local Byte Stride Bucket -1 is equal to 45
Local Byte Stride Bucket 0 is equal to 21865697
Local Byte Stride Bucket 1 is equal to 111
Local Byte Stride Bucket 2 is equal to 373157
Local Byte Stride Bucket 3 is equal to 20
Local Byte Stride Bucket 4 is equal to 2407804
Local Byte Stride Bucket 5 is equal to 58
Local Byte Stride Bucket 6 is equal to 19378
Local Byte Stride Bucket 7 is equal to 49
Local Byte Stride Bucket 8 is equal to 449983
Local Byte Stride Bucket 9 is equal to 24
Local Byte Stride Bucket 10 is equal to 9131
Local Byte Stride Bucket 11 is equal to 11
Local Byte Stride Bucket 12 is equal to 42193
Local Byte Stride Bucket 13 is equal to 16
Local Byte Stride Bucket 14 is equal to 8018
Local Byte Stride Bucket 15 is equal to 23
Local Byte Stride Bucket 16 is equal to 33754
Local Byte Stride Bucket 17 is equal to 29
Local Byte Stride Bucket 18 is equal to 8501
Local Byte Stride Bucket 19 is equal to 39
Local Byte Stride Bucket 20 is equal to 25035
Local Byte Stride Bucket 21 is equal to 21
Local Byte Stride Bucket 22 is equal to 7756
Local Byte Stride Bucket 23 is equal to 14
Local Byte Stride Bucket 24 is equal to 46325
Local Byte Stride Bucket 25 is equal to 13
Local Byte Stride Bucket 26 is equal to 8197
Local Byte Stride Bucket 27 is equal to 36
Local Byte Stride Bucket 28 is equal to 20940
Local Byte Stride Bucket 29 is equal to 15
Local Byte Stride Bucket 30 is equal to 8466
Local Byte Stride Bucket 31 is equal to 10
Local Byte Stride Bucket 32 is equal to 14536
Local Byte Stride Bucket 33 is equal to 9
Local Byte Stride Bucket 34 is equal to 9718
Local Byte Stride Bucket 35 is equal to 7
Local Byte Stride Bucket 36 is equal to 19340
Local Byte Stride Bucket 37 is equal to 6
Local Byte Stride Bucket 38 is equal to 114841
Local Byte Stride Bucket 39 is equal to 2
Local Byte Stride Bucket 40 is equal to 275986
Local Byte Stride Bucket 41 is equal to 9
Local Byte Stride Bucket 42 is equal to 181123
Local Byte Stride Bucket 43 is equal to 5
Local Byte Stride Bucket 44 is equal to 252841
Local Byte Stride Bucket 45 is equal to 6
Local Byte Stride Bucket 46 is equal to 38376
Local Byte Stride Bucket 47 is equal to 2
Local Byte Stride Bucket 48 is equal to 22830
Local Byte Stride Bucket 49 is equal to 10
Local Byte Stride Bucket 50 is equal to 10073
Local Byte Stride Bucket 51 is equal to 3
Local Byte Stride Bucket 52 is equal to 12622
Local Byte Stride Bucket 53 is equal to 9
Local Byte Stride Bucket 54 is equal to 8998
Local Byte Stride Bucket 55 is equal to 6
Local Byte Stride Bucket 56 is equal to 13810
Local Byte Stride Bucket 57 is equal to 1
Local Byte Stride Bucket 58 is equal to 7375
Local Byte Stride Bucket 59 is equal to 8
Local Byte Stride Bucket 60 is equal to 10809
Local Byte Stride Bucket 61 is equal to 15
Local Byte Stride Bucket 62 is equal to 6873
Local Byte Stride Bucket 63 is equal to 30
Local Byte Stride Bucket 64 is equal to 303566
Local Byte Stride Bucket 65 is equal to 46
Local Byte Stride Bucket 66 is equal to 7110
Local Byte Stride Bucket 67 is equal to 6
Local Byte Stride Bucket 68 is equal to 11082
Local Byte Stride Bucket 69 is equal to 15
Local Byte Stride Bucket 70 is equal to 7935
Local Byte Stride Bucket 71 is equal to 4
Local Byte Stride Bucket 72 is equal to 14335
Local Byte Stride Bucket 73 is equal to 9
Local Byte Stride Bucket 74 is equal to 6706
Local Byte Stride Bucket 75 is equal to 2
Local Byte Stride Bucket 76 is equal to 203851
Local Byte Stride Bucket 77 is equal to 2
Local Byte Stride Bucket 78 is equal to 12022
Local Byte Stride Bucket 79 is equal to 7
Local Byte Stride Bucket 80 is equal to 251315
Local Byte Stride Bucket 81 is equal to 6
Local Byte Stride Bucket 82 is equal to 37356
Local Byte Stride Bucket 83 is equal to 1
Local Byte Stride Bucket 84 is equal to 281274
Local Byte Stride Bucket 85 is equal to 8
Local Byte Stride Bucket 86 is equal to 32747
Local Byte Stride Bucket 87 is equal to 2
Local Byte Stride Bucket 88 is equal to 206495
Local Byte Stride Bucket 89 is equal to 4
Local Byte Stride Bucket 90 is equal to 10470
Local Byte Stride Bucket 91 is equal to 2
Local Byte Stride Bucket 92 is equal to 33000
Local Byte Stride Bucket 93 is equal to 3
Local Byte Stride Bucket 94 is equal to 8884
Local Byte Stride Bucket 95 is equal to 5
Local Byte Stride Bucket 96 is equal to 12717
Local Byte Stride Bucket 97 is equal to 3
Local Byte Stride Bucket 98 is equal to 6300
Local Byte Stride Bucket 99 is equal to 3
Local Byte Stride Bucket 100 is equal to 11693
Local Byte Stride Bucket 102 is equal to 7605
Local Byte Stride Bucket 103 is equal to 4
Local Byte Stride Bucket 104 is equal to 10554
Local Byte Stride Bucket 105 is equal to 9
Local Byte Stride Bucket 106 is equal to 6698
Local Byte Stride Bucket 107 is equal to 4
Local Byte Stride Bucket 108 is equal to 9316
Local Byte Stride Bucket 109 is equal to 2
Local Byte Stride Bucket 110 is equal to 6256
Local Byte Stride Bucket 111 is equal to 3
Local Byte Stride Bucket 112 is equal to 11052
Local Byte Stride Bucket 113 is equal to 2
Local Byte Stride Bucket 114 is equal to 5893
Local Byte Stride Bucket 115 is equal to 1
Local Byte Stride Bucket 116 is equal to 12906
Local Byte Stride Bucket 117 is equal to 6
Local Byte Stride Bucket 118 is equal to 6599
Local Byte Stride Bucket 119 is equal to 2
Local Byte Stride Bucket 120 is equal to 13105
Local Byte Stride Bucket 121 is equal to 4
Local Byte Stride Bucket 122 is equal to 9687
Local Byte Stride Bucket 123 is equal to 4
Local Byte Stride Bucket 124 is equal to 17177
Local Byte Stride Bucket 125 is equal to 8
Local Byte Stride Bucket 126 is equal to 15651
Local Byte Stride Bucket 127 is equal to 15
Local Byte Stride Bucket 128 is equal to 42346
Local Byte Stride Bucket 129 is equal to 5
Local Byte Stride Bucket 130 is equal to 9336
Local Byte Stride Bucket 131 is equal to 1
Local Byte Stride Bucket 132 is equal to 10940
Local Byte Stride Bucket 133 is equal to 7
Local Byte Stride Bucket 134 is equal to 7468
Local Byte Stride Bucket 136 is equal to 19309
Local Byte Stride Bucket 137 is equal to 2
Local Byte Stride Bucket 138 is equal to 5454
Local Byte Stride Bucket 139 is equal to 4
Local Byte Stride Bucket 140 is equal to 9603
Local Byte Stride Bucket 141 is equal to 9
Local Byte Stride Bucket 142 is equal to 5930
Local Byte Stride Bucket 143 is equal to 4
Local Byte Stride Bucket 144 is equal to 9316
Local Byte Stride Bucket 145 is equal to 3
Local Byte Stride Bucket 146 is equal to 5414
Local Byte Stride Bucket 147 is equal to 1
Local Byte Stride Bucket 148 is equal to 9000
Local Byte Stride Bucket 149 is equal to 19
Local Byte Stride Bucket 150 is equal to 5272
Local Byte Stride Bucket 151 is equal to 2
Local Byte Stride Bucket 152 is equal to 8528
Local Byte Stride Bucket 153 is equal to 3
Local Byte Stride Bucket 154 is equal to 6246
Local Byte Stride Bucket 155 is equal to 1
Local Byte Stride Bucket 156 is equal to 10706
Local Byte Stride Bucket 158 is equal to 5343
Local Byte Stride Bucket 159 is equal to 4
Local Byte Stride Bucket 160 is equal to 77372
Local Byte Stride Bucket 161 is equal to 1
Local Byte Stride Bucket 162 is equal to 6280
Local Byte Stride Bucket 163 is equal to 1
Local Byte Stride Bucket 164 is equal to 33943
Local Byte Stride Bucket 165 is equal to 3
Local Byte Stride Bucket 166 is equal to 8189
Local Byte Stride Bucket 167 is equal to 8
Local Byte Stride Bucket 168 is equal to 41621
Local Byte Stride Bucket 169 is equal to 2
Local Byte Stride Bucket 170 is equal to 7688
Local Byte Stride Bucket 171 is equal to 2
Local Byte Stride Bucket 172 is equal to 26824
Local Byte Stride Bucket 173 is equal to 3
Local Byte Stride Bucket 174 is equal to 6124
Local Byte Stride Bucket 175 is equal to 5
Local Byte Stride Bucket 176 is equal to 19498
Local Byte Stride Bucket 177 is equal to 3
Local Byte Stride Bucket 178 is equal to 5142
Local Byte Stride Bucket 179 is equal to 2
Local Byte Stride Bucket 180 is equal to 8935
Local Byte Stride Bucket 181 is equal to 3
Local Byte Stride Bucket 182 is equal to 5580
Local Byte Stride Bucket 183 is equal to 3
Local Byte Stride Bucket 184 is equal to 9874
Local Byte Stride Bucket 185 is equal to 2
Local Byte Stride Bucket 186 is equal to 5123
Local Byte Stride Bucket 187 is equal to 6
Local Byte Stride Bucket 188 is equal to 8318
Local Byte Stride Bucket 189 is equal to 1
Local Byte Stride Bucket 190 is equal to 9407
Local Byte Stride Bucket 191 is equal to 4
Local Byte Stride Bucket 192 is equal to 8919
Local Byte Stride Bucket 193 is equal to 6
Local Byte Stride Bucket 194 is equal to 4651
Local Byte Stride Bucket 195 is equal to 3
Local Byte Stride Bucket 196 is equal to 7738
Local Byte Stride Bucket 197 is equal to 4
Local Byte Stride Bucket 198 is equal to 5370
Local Byte Stride Bucket 199 is equal to 3
Local Byte Stride Bucket 200 is equal to 9649
Local Byte Stride Bucket 201 is equal to 22
Local Byte Stride Bucket 202 is equal to 4922
Local Byte Stride Bucket 203 is equal to 4
Local Byte Stride Bucket 204 is equal to 9933
Local Byte Stride Bucket 205 is equal to 2
Local Byte Stride Bucket 206 is equal to 5387
Local Byte Stride Bucket 207 is equal to 6
Local Byte Stride Bucket 208 is equal to 10405
Local Byte Stride Bucket 209 is equal to 5
Local Byte Stride Bucket 210 is equal to 7096
Local Byte Stride Bucket 211 is equal to 2
Local Byte Stride Bucket 212 is equal to 8378
Local Byte Stride Bucket 213 is equal to 2
Local Byte Stride Bucket 214 is equal to 6418
Local Byte Stride Bucket 215 is equal to 2
Local Byte Stride Bucket 216 is equal to 9365
Local Byte Stride Bucket 217 is equal to 2
Local Byte Stride Bucket 218 is equal to 4953
Local Byte Stride Bucket 219 is equal to 3
Local Byte Stride Bucket 220 is equal to 7924
Local Byte Stride Bucket 221 is equal to 1
Local Byte Stride Bucket 222 is equal to 5025
Local Byte Stride Bucket 223 is equal to 3
Local Byte Stride Bucket 224 is equal to 31645
Local Byte Stride Bucket 225 is equal to 8
Local Byte Stride Bucket 226 is equal to 4927
Local Byte Stride Bucket 227 is equal to 1
Local Byte Stride Bucket 228 is equal to 7542
Local Byte Stride Bucket 229 is equal to 6
Local Byte Stride Bucket 230 is equal to 15779
Local Byte Stride Bucket 231 is equal to 4
Local Byte Stride Bucket 232 is equal to 8168
Local Byte Stride Bucket 233 is equal to 1
Local Byte Stride Bucket 234 is equal to 4766
Local Byte Stride Bucket 235 is equal to 5
Local Byte Stride Bucket 236 is equal to 7873
Local Byte Stride Bucket 237 is equal to 1
Local Byte Stride Bucket 238 is equal to 4576
Local Byte Stride Bucket 239 is equal to 1
Local Byte Stride Bucket 240 is equal to 10479
Local Byte Stride Bucket 241 is equal to 6
Local Byte Stride Bucket 242 is equal to 5464
Local Byte Stride Bucket 244 is equal to 8366
Local Byte Stride Bucket 245 is equal to 4
Local Byte Stride Bucket 246 is equal to 5273
Local Byte Stride Bucket 247 is equal to 1
Local Byte Stride Bucket 248 is equal to 12425
Local Byte Stride Bucket 249 is equal to 7
Local Byte Stride Bucket 250 is equal to 4821
Local Byte Stride Bucket 251 is equal to 12
Local Byte Stride Bucket 252 is equal to 14106
Local Byte Stride Bucket 253 is equal to 18
Local Byte Stride Bucket 254 is equal to 4554
Local Byte Stride Bucket 255 is equal to 8
Local Byte Stride Bucket 256 is equal to 1666561

Local Cache Stride Bucket -256 is equal to 172182
Local Cache Stride Bucket -255 is equal to 103
Local Cache Stride Bucket -254 is equal to 76
Local Cache Stride Bucket -253 is equal to 109
Local Cache Stride Bucket -252 is equal to 170
Local Cache Stride Bucket -251 is equal to 70
Local Cache Stride Bucket -250 is equal to 45
Local Cache Stride Bucket -249 is equal to 109
Local Cache Stride Bucket -248 is equal to 79
Local Cache Stride Bucket -247 is equal to 69
Local Cache Stride Bucket -246 is equal to 127
Local Cache Stride Bucket -245 is equal to 65
Local Cache Stride Bucket -244 is equal to 119
Local Cache Stride Bucket -243 is equal to 119
Local Cache Stride Bucket -242 is equal to 76
Local Cache Stride Bucket -241 is equal to 123
Local Cache Stride Bucket -240 is equal to 294
Local Cache Stride Bucket -239 is equal to 67
Local Cache Stride Bucket -238 is equal to 41
Local Cache Stride Bucket -237 is equal to 66
Local Cache Stride Bucket -236 is equal to 60
Local Cache Stride Bucket -235 is equal to 75
Local Cache Stride Bucket -234 is equal to 52
Local Cache Stride Bucket -233 is equal to 39
Local Cache Stride Bucket -232 is equal to 84
Local Cache Stride Bucket -231 is equal to 51
Local Cache Stride Bucket -230 is equal to 39
Local Cache Stride Bucket -229 is equal to 73
Local Cache Stride Bucket -228 is equal to 62
Local Cache Stride Bucket -227 is equal to 58
Local Cache Stride Bucket -226 is equal to 87
Local Cache Stride Bucket -225 is equal to 91
Local Cache Stride Bucket -224 is equal to 158
Local Cache Stride Bucket -223 is equal to 59
Local Cache Stride Bucket -222 is equal to 53
Local Cache Stride Bucket -221 is equal to 41
Local Cache Stride Bucket -220 is equal to 64
Local Cache Stride Bucket -219 is equal to 37
Local Cache Stride Bucket -218 is equal to 66
Local Cache Stride Bucket -217 is equal to 97
Local Cache Stride Bucket -216 is equal to 83
Local Cache Stride Bucket -215 is equal to 77
Local Cache Stride Bucket -214 is equal to 39
Local Cache Stride Bucket -213 is equal to 45
Local Cache Stride Bucket -212 is equal to 48
Local Cache Stride Bucket -211 is equal to 33
Local Cache Stride Bucket -210 is equal to 40
Local Cache Stride Bucket -209 is equal to 93
Local Cache Stride Bucket -208 is equal to 165
Local Cache Stride Bucket -207 is equal to 64
Local Cache Stride Bucket -206 is equal to 51
Local Cache Stride Bucket -205 is equal to 53
Local Cache Stride Bucket -204 is equal to 64
Local Cache Stride Bucket -203 is equal to 43
Local Cache Stride Bucket -202 is equal to 43
Local Cache Stride Bucket -201 is equal to 46
Local Cache Stride Bucket -200 is equal to 63
Local Cache Stride Bucket -199 is equal to 38
Local Cache Stride Bucket -198 is equal to 34
Local Cache Stride Bucket -197 is equal to 46
Local Cache Stride Bucket -196 is equal to 79
Local Cache Stride Bucket -195 is equal to 44
Local Cache Stride Bucket -194 is equal to 101
Local Cache Stride Bucket -193 is equal to 99
Local Cache Stride Bucket -192 is equal to 477
Local Cache Stride Bucket -191 is equal to 83
Local Cache Stride Bucket -190 is equal to 37
Local Cache Stride Bucket -189 is equal to 56
Local Cache Stride Bucket -188 is equal to 124
Local Cache Stride Bucket -187 is equal to 50
Local Cache Stride Bucket -186 is equal to 53
Local Cache Stride Bucket -185 is equal to 41
Local Cache Stride Bucket -184 is equal to 112
Local Cache Stride Bucket -183 is equal to 44
Local Cache Stride Bucket -182 is equal to 49
Local Cache Stride Bucket -181 is equal to 43
Local Cache Stride Bucket -180 is equal to 36
Local Cache Stride Bucket -179 is equal to 58
Local Cache Stride Bucket -178 is equal to 60
Local Cache Stride Bucket -177 is equal to 62
Local Cache Stride Bucket -176 is equal to 102
Local Cache Stride Bucket -175 is equal to 207
Local Cache Stride Bucket -174 is equal to 92
Local Cache Stride Bucket -173 is equal to 47
Local Cache Stride Bucket -172 is equal to 51
Local Cache Stride Bucket -171 is equal to 47
Local Cache Stride Bucket -170 is equal to 40
Local Cache Stride Bucket -169 is equal to 53
Local Cache Stride Bucket -168 is equal to 42
Local Cache Stride Bucket -167 is equal to 59
Local Cache Stride Bucket -166 is equal to 56
Local Cache Stride Bucket -165 is equal to 35
Local Cache Stride Bucket -164 is equal to 39
Local Cache Stride Bucket -163 is equal to 51
Local Cache Stride Bucket -162 is equal to 78
Local Cache Stride Bucket -161 is equal to 59
Local Cache Stride Bucket -160 is equal to 108
Local Cache Stride Bucket -159 is equal to 53
Local Cache Stride Bucket -158 is equal to 58
Local Cache Stride Bucket -157 is equal to 50
Local Cache Stride Bucket -156 is equal to 37
Local Cache Stride Bucket -155 is equal to 53
Local Cache Stride Bucket -154 is equal to 64
Local Cache Stride Bucket -153 is equal to 47
Local Cache Stride Bucket -152 is equal to 58
Local Cache Stride Bucket -151 is equal to 54
Local Cache Stride Bucket -150 is equal to 52
Local Cache Stride Bucket -149 is equal to 56
Local Cache Stride Bucket -148 is equal to 56
Local Cache Stride Bucket -147 is equal to 76
Local Cache Stride Bucket -146 is equal to 101
Local Cache Stride Bucket -145 is equal to 109
Local Cache Stride Bucket -144 is equal to 109
Local Cache Stride Bucket -143 is equal to 57
Local Cache Stride Bucket -142 is equal to 44
Local Cache Stride Bucket -141 is equal to 59
Local Cache Stride Bucket -140 is equal to 51
Local Cache Stride Bucket -139 is equal to 55
Local Cache Stride Bucket -138 is equal to 59
Local Cache Stride Bucket -137 is equal to 70
Local Cache Stride Bucket -136 is equal to 88
Local Cache Stride Bucket -135 is equal to 34
Local Cache Stride Bucket -134 is equal to 91
Local Cache Stride Bucket -133 is equal to 54
Local Cache Stride Bucket -132 is equal to 113
Local Cache Stride Bucket -131 is equal to 74
Local Cache Stride Bucket -130 is equal to 141
Local Cache Stride Bucket -129 is equal to 1233
Local Cache Stride Bucket -128 is equal to 1456
Local Cache Stride Bucket -127 is equal to 89
Local Cache Stride Bucket -126 is equal to 78
Local Cache Stride Bucket -125 is equal to 40
Local Cache Stride Bucket -124 is equal to 72
Local Cache Stride Bucket -123 is equal to 21
Local Cache Stride Bucket -122 is equal to 70
Local Cache Stride Bucket -121 is equal to 52
Local Cache Stride Bucket -120 is equal to 168
Local Cache Stride Bucket -119 is equal to 38
Local Cache Stride Bucket -118 is equal to 314
Local Cache Stride Bucket -117 is equal to 794
Local Cache Stride Bucket -116 is equal to 45
Local Cache Stride Bucket -115 is equal to 90
Local Cache Stride Bucket -114 is equal to 100
Local Cache Stride Bucket -113 is equal to 76
Local Cache Stride Bucket -112 is equal to 336
Local Cache Stride Bucket -111 is equal to 171
Local Cache Stride Bucket -110 is equal to 262
Local Cache Stride Bucket -109 is equal to 45
Local Cache Stride Bucket -108 is equal to 68
Local Cache Stride Bucket -107 is equal to 59
Local Cache Stride Bucket -106 is equal to 46
Local Cache Stride Bucket -105 is equal to 57
Local Cache Stride Bucket -104 is equal to 70
Local Cache Stride Bucket -103 is equal to 98
Local Cache Stride Bucket -102 is equal to 58
Local Cache Stride Bucket -101 is equal to 75
Local Cache Stride Bucket -100 is equal to 43
Local Cache Stride Bucket -99 is equal to 50
Local Cache Stride Bucket -98 is equal to 171
Local Cache Stride Bucket -97 is equal to 92
Local Cache Stride Bucket -96 is equal to 431
Local Cache Stride Bucket -95 is equal to 97
Local Cache Stride Bucket -94 is equal to 63
Local Cache Stride Bucket -93 is equal to 73
Local Cache Stride Bucket -92 is equal to 110
Local Cache Stride Bucket -91 is equal to 76
Local Cache Stride Bucket -90 is equal to 113
Local Cache Stride Bucket -89 is equal to 66
Local Cache Stride Bucket -88 is equal to 157
Local Cache Stride Bucket -87 is equal to 87
Local Cache Stride Bucket -86 is equal to 69
Local Cache Stride Bucket -85 is equal to 79
Local Cache Stride Bucket -84 is equal to 101
Local Cache Stride Bucket -83 is equal to 70
Local Cache Stride Bucket -82 is equal to 127
Local Cache Stride Bucket -81 is equal to 145
Local Cache Stride Bucket -80 is equal to 353
Local Cache Stride Bucket -79 is equal to 99
Local Cache Stride Bucket -78 is equal to 147
Local Cache Stride Bucket -77 is equal to 61
Local Cache Stride Bucket -76 is equal to 142
Local Cache Stride Bucket -75 is equal to 77
Local Cache Stride Bucket -74 is equal to 67
Local Cache Stride Bucket -73 is equal to 58
Local Cache Stride Bucket -72 is equal to 98
Local Cache Stride Bucket -71 is equal to 63
Local Cache Stride Bucket -70 is equal to 96
Local Cache Stride Bucket -69 is equal to 82
Local Cache Stride Bucket -68 is equal to 130
Local Cache Stride Bucket -67 is equal to 91
Local Cache Stride Bucket -66 is equal to 155
Local Cache Stride Bucket -65 is equal to 163
Local Cache Stride Bucket -64 is equal to 330
Local Cache Stride Bucket -63 is equal to 107
Local Cache Stride Bucket -62 is equal to 66
Local Cache Stride Bucket -61 is equal to 69
Local Cache Stride Bucket -60 is equal to 131
Local Cache Stride Bucket -59 is equal to 69
Local Cache Stride Bucket -58 is equal to 41
Local Cache Stride Bucket -57 is equal to 48
Local Cache Stride Bucket -56 is equal to 81
Local Cache Stride Bucket -55 is equal to 56
Local Cache Stride Bucket -54 is equal to 78
Local Cache Stride Bucket -53 is equal to 57
Local Cache Stride Bucket -52 is equal to 73
Local Cache Stride Bucket -51 is equal to 79
Local Cache Stride Bucket -50 is equal to 196
Local Cache Stride Bucket -49 is equal to 193
Local Cache Stride Bucket -48 is equal to 542
Local Cache Stride Bucket -47 is equal to 113
Local Cache Stride Bucket -46 is equal to 89
Local Cache Stride Bucket -45 is equal to 100
Local Cache Stride Bucket -44 is equal to 136
Local Cache Stride Bucket -43 is equal to 84
Local Cache Stride Bucket -42 is equal to 112
Local Cache Stride Bucket -41 is equal to 69
Local Cache Stride Bucket -40 is equal to 143
Local Cache Stride Bucket -39 is equal to 80
Local Cache Stride Bucket -38 is equal to 120
Local Cache Stride Bucket -37 is equal to 97
Local Cache Stride Bucket -36 is equal to 82
Local Cache Stride Bucket -35 is equal to 124
Local Cache Stride Bucket -34 is equal to 206
Local Cache Stride Bucket -33 is equal to 206
Local Cache Stride Bucket -32 is equal to 668
Local Cache Stride Bucket -31 is equal to 296
Local Cache Stride Bucket -30 is equal to 305
Local Cache Stride Bucket -29 is equal to 91
Local Cache Stride Bucket -28 is equal to 88
Local Cache Stride Bucket -27 is equal to 170
Local Cache Stride Bucket -26 is equal to 397
Local Cache Stride Bucket -25 is equal to 1577
Local Cache Stride Bucket -24 is equal to 9006
Local Cache Stride Bucket -23 is equal to 13367
Local Cache Stride Bucket -22 is equal to 13403
Local Cache Stride Bucket -21 is equal to 13353
Local Cache Stride Bucket -20 is equal to 14241
Local Cache Stride Bucket -19 is equal to 17123
Local Cache Stride Bucket -18 is equal to 18208
Local Cache Stride Bucket -17 is equal to 21065
Local Cache Stride Bucket -16 is equal to 23940
Local Cache Stride Bucket -15 is equal to 26803
Local Cache Stride Bucket -14 is equal to 32443
Local Cache Stride Bucket -13 is equal to 48877
Local Cache Stride Bucket -12 is equal to 75515
Local Cache Stride Bucket -11 is equal to 104469
Local Cache Stride Bucket -10 is equal to 114277
Local Cache Stride Bucket -9 is equal to 134263
Local Cache Stride Bucket -8 is equal to 160459
Local Cache Stride Bucket -7 is equal to 179830
Local Cache Stride Bucket -6 is equal to 196973
Local Cache Stride Bucket -5 is equal to 212400
Local Cache Stride Bucket -4 is equal to 299585
Local Cache Stride Bucket -3 is equal to 370504
Local Cache Stride Bucket -2 is equal to 589376
Local Cache Stride Bucket -1 is equal to 1627632
Local Cache Stride Bucket 0 is equal to 26587571
Local Cache Stride Bucket 1 is equal to 2184912
Local Cache Stride Bucket 2 is equal to 684548
Local Cache Stride Bucket 3 is equal to 341866
Local Cache Stride Bucket 4 is equal to 257053
Local Cache Stride Bucket 5 is equal to 198715
Local Cache Stride Bucket 6 is equal to 187395
Local Cache Stride Bucket 7 is equal to 171994
Local Cache Stride Bucket 8 is equal to 152801
Local Cache Stride Bucket 9 is equal to 129756
Local Cache Stride Bucket 10 is equal to 113517
Local Cache Stride Bucket 11 is equal to 99675
Local Cache Stride Bucket 12 is equal to 68463
Local Cache Stride Bucket 13 is equal to 47868
Local Cache Stride Bucket 14 is equal to 36866
Local Cache Stride Bucket 15 is equal to 24243
Local Cache Stride Bucket 16 is equal to 22150
Local Cache Stride Bucket 17 is equal to 20211
Local Cache Stride Bucket 18 is equal to 17725
Local Cache Stride Bucket 19 is equal to 19545
Local Cache Stride Bucket 20 is equal to 13778
Local Cache Stride Bucket 21 is equal to 13113
Local Cache Stride Bucket 22 is equal to 12991
Local Cache Stride Bucket 23 is equal to 9661
Local Cache Stride Bucket 24 is equal to 5044
Local Cache Stride Bucket 25 is equal to 731
Local Cache Stride Bucket 26 is equal to 72
Local Cache Stride Bucket 27 is equal to 820
Local Cache Stride Bucket 28 is equal to 1340
Local Cache Stride Bucket 29 is equal to 66
Local Cache Stride Bucket 30 is equal to 153
Local Cache Stride Bucket 31 is equal to 137
Local Cache Stride Bucket 32 is equal to 221
Local Cache Stride Bucket 33 is equal to 146
Local Cache Stride Bucket 34 is equal to 156
Local Cache Stride Bucket 35 is equal to 72
Local Cache Stride Bucket 36 is equal to 62
Local Cache Stride Bucket 37 is equal to 52
Local Cache Stride Bucket 38 is equal to 107
Local Cache Stride Bucket 39 is equal to 68
Local Cache Stride Bucket 40 is equal to 85
Local Cache Stride Bucket 41 is equal to 66
Local Cache Stride Bucket 42 is equal to 54
Local Cache Stride Bucket 43 is equal to 78
Local Cache Stride Bucket 44 is equal to 68
Local Cache Stride Bucket 45 is equal to 66
Local Cache Stride Bucket 46 is equal to 69
Local Cache Stride Bucket 47 is equal to 137
Local Cache Stride Bucket 48 is equal to 176
Local Cache Stride Bucket 49 is equal to 113
Local Cache Stride Bucket 50 is equal to 84
Local Cache Stride Bucket 51 is equal to 82
Local Cache Stride Bucket 52 is equal to 78
Local Cache Stride Bucket 53 is equal to 49
Local Cache Stride Bucket 54 is equal to 60
Local Cache Stride Bucket 55 is equal to 61
Local Cache Stride Bucket 56 is equal to 126
Local Cache Stride Bucket 57 is equal to 79
Local Cache Stride Bucket 58 is equal to 93
Local Cache Stride Bucket 59 is equal to 96
Local Cache Stride Bucket 60 is equal to 178
Local Cache Stride Bucket 61 is equal to 98
Local Cache Stride Bucket 62 is equal to 103
Local Cache Stride Bucket 63 is equal to 198
Local Cache Stride Bucket 64 is equal to 359
Local Cache Stride Bucket 65 is equal to 141
Local Cache Stride Bucket 66 is equal to 120
Local Cache Stride Bucket 67 is equal to 88
Local Cache Stride Bucket 68 is equal to 113
Local Cache Stride Bucket 69 is equal to 67
Local Cache Stride Bucket 70 is equal to 57
Local Cache Stride Bucket 71 is equal to 60
Local Cache Stride Bucket 72 is equal to 149
Local Cache Stride Bucket 73 is equal to 53
Local Cache Stride Bucket 74 is equal to 61
Local Cache Stride Bucket 75 is equal to 78
Local Cache Stride Bucket 76 is equal to 93
Local Cache Stride Bucket 77 is equal to 80
Local Cache Stride Bucket 78 is equal to 82
Local Cache Stride Bucket 79 is equal to 101
Local Cache Stride Bucket 80 is equal to 185
Local Cache Stride Bucket 81 is equal to 199
Local Cache Stride Bucket 82 is equal to 97
Local Cache Stride Bucket 83 is equal to 67
Local Cache Stride Bucket 84 is equal to 134
Local Cache Stride Bucket 85 is equal to 76
Local Cache Stride Bucket 86 is equal to 202
Local Cache Stride Bucket 87 is equal to 59
Local Cache Stride Bucket 88 is equal to 83
Local Cache Stride Bucket 89 is equal to 73
Local Cache Stride Bucket 90 is equal to 1075
Local Cache Stride Bucket 91 is equal to 73
Local Cache Stride Bucket 92 is equal to 94
Local Cache Stride Bucket 93 is equal to 90
Local Cache Stride Bucket 94 is equal to 1022
Local Cache Stride Bucket 95 is equal to 76
Local Cache Stride Bucket 96 is equal to 125
Local Cache Stride Bucket 97 is equal to 105
Local Cache Stride Bucket 98 is equal to 1108
Local Cache Stride Bucket 99 is equal to 64
Local Cache Stride Bucket 100 is equal to 1043
Local Cache Stride Bucket 101 is equal to 76
Local Cache Stride Bucket 102 is equal to 85
Local Cache Stride Bucket 103 is equal to 68
Local Cache Stride Bucket 104 is equal to 110
Local Cache Stride Bucket 105 is equal to 62
Local Cache Stride Bucket 106 is equal to 54
Local Cache Stride Bucket 107 is equal to 49
Local Cache Stride Bucket 108 is equal to 32
Local Cache Stride Bucket 109 is equal to 51
Local Cache Stride Bucket 110 is equal to 261
Local Cache Stride Bucket 111 is equal to 74
Local Cache Stride Bucket 112 is equal to 103
Local Cache Stride Bucket 113 is equal to 68
Local Cache Stride Bucket 114 is equal to 53
Local Cache Stride Bucket 115 is equal to 68
Local Cache Stride Bucket 116 is equal to 78
Local Cache Stride Bucket 117 is equal to 34
Local Cache Stride Bucket 118 is equal to 77
Local Cache Stride Bucket 119 is equal to 39
Local Cache Stride Bucket 120 is equal to 81
Local Cache Stride Bucket 121 is equal to 71
Local Cache Stride Bucket 122 is equal to 63
Local Cache Stride Bucket 123 is equal to 29
Local Cache Stride Bucket 124 is equal to 62
Local Cache Stride Bucket 125 is equal to 61
Local Cache Stride Bucket 126 is equal to 110
Local Cache Stride Bucket 127 is equal to 97
Local Cache Stride Bucket 128 is equal to 286
Local Cache Stride Bucket 129 is equal to 159
Local Cache Stride Bucket 130 is equal to 116
Local Cache Stride Bucket 131 is equal to 56
Local Cache Stride Bucket 132 is equal to 173
Local Cache Stride Bucket 133 is equal to 42
Local Cache Stride Bucket 134 is equal to 54
Local Cache Stride Bucket 135 is equal to 46
Local Cache Stride Bucket 136 is equal to 83
Local Cache Stride Bucket 137 is equal to 51
Local Cache Stride Bucket 138 is equal to 69
Local Cache Stride Bucket 139 is equal to 50
Local Cache Stride Bucket 140 is equal to 33
Local Cache Stride Bucket 141 is equal to 50
Local Cache Stride Bucket 142 is equal to 48
Local Cache Stride Bucket 143 is equal to 68
Local Cache Stride Bucket 144 is equal to 104
Local Cache Stride Bucket 145 is equal to 125
Local Cache Stride Bucket 146 is equal to 61
Local Cache Stride Bucket 147 is equal to 62
Local Cache Stride Bucket 148 is equal to 73
Local Cache Stride Bucket 149 is equal to 89
Local Cache Stride Bucket 150 is equal to 45
Local Cache Stride Bucket 151 is equal to 26
Local Cache Stride Bucket 152 is equal to 48
Local Cache Stride Bucket 153 is equal to 57
Local Cache Stride Bucket 154 is equal to 53
Local Cache Stride Bucket 155 is equal to 43
Local Cache Stride Bucket 156 is equal to 25
Local Cache Stride Bucket 157 is equal to 39
Local Cache Stride Bucket 158 is equal to 74
Local Cache Stride Bucket 159 is equal to 53
Local Cache Stride Bucket 160 is equal to 99
Local Cache Stride Bucket 161 is equal to 71
Local Cache Stride Bucket 162 is equal to 53
Local Cache Stride Bucket 163 is equal to 64
Local Cache Stride Bucket 164 is equal to 61
Local Cache Stride Bucket 165 is equal to 30
Local Cache Stride Bucket 166 is equal to 49
Local Cache Stride Bucket 167 is equal to 47
Local Cache Stride Bucket 168 is equal to 67
Local Cache Stride Bucket 169 is equal to 57
Local Cache Stride Bucket 170 is equal to 48
Local Cache Stride Bucket 171 is equal to 61
Local Cache Stride Bucket 172 is equal to 43
Local Cache Stride Bucket 173 is equal to 44
Local Cache Stride Bucket 174 is equal to 63
Local Cache Stride Bucket 175 is equal to 72
Local Cache Stride Bucket 176 is equal to 105
Local Cache Stride Bucket 177 is equal to 74
Local Cache Stride Bucket 178 is equal to 62
Local Cache Stride Bucket 179 is equal to 50
Local Cache Stride Bucket 180 is equal to 50
Local Cache Stride Bucket 181 is equal to 30
Local Cache Stride Bucket 182 is equal to 34
Local Cache Stride Bucket 183 is equal to 53
Local Cache Stride Bucket 184 is equal to 55
Local Cache Stride Bucket 185 is equal to 37
Local Cache Stride Bucket 186 is equal to 21
Local Cache Stride Bucket 187 is equal to 29
Local Cache Stride Bucket 188 is equal to 77
Local Cache Stride Bucket 189 is equal to 39
Local Cache Stride Bucket 190 is equal to 50
Local Cache Stride Bucket 191 is equal to 74
Local Cache Stride Bucket 192 is equal to 115
Local Cache Stride Bucket 193 is equal to 65
Local Cache Stride Bucket 194 is equal to 53
Local Cache Stride Bucket 195 is equal to 55
Local Cache Stride Bucket 196 is equal to 102
Local Cache Stride Bucket 197 is equal to 49
Local Cache Stride Bucket 198 is equal to 27
Local Cache Stride Bucket 199 is equal to 26
Local Cache Stride Bucket 200 is equal to 61
Local Cache Stride Bucket 201 is equal to 59
Local Cache Stride Bucket 202 is equal to 21
Local Cache Stride Bucket 203 is equal to 33
Local Cache Stride Bucket 204 is equal to 43
Local Cache Stride Bucket 205 is equal to 49
Local Cache Stride Bucket 206 is equal to 44
Local Cache Stride Bucket 207 is equal to 53
Local Cache Stride Bucket 208 is equal to 129
Local Cache Stride Bucket 209 is equal to 45
Local Cache Stride Bucket 210 is equal to 47
Local Cache Stride Bucket 211 is equal to 47
Local Cache Stride Bucket 212 is equal to 590
Local Cache Stride Bucket 213 is equal to 555
Local Cache Stride Bucket 214 is equal to 80
Local Cache Stride Bucket 215 is equal to 44
Local Cache Stride Bucket 216 is equal to 41
Local Cache Stride Bucket 217 is equal to 59
Local Cache Stride Bucket 218 is equal to 54
Local Cache Stride Bucket 219 is equal to 37
Local Cache Stride Bucket 220 is equal to 38
Local Cache Stride Bucket 221 is equal to 47
Local Cache Stride Bucket 222 is equal to 56
Local Cache Stride Bucket 223 is equal to 47
Local Cache Stride Bucket 224 is equal to 69
Local Cache Stride Bucket 225 is equal to 49
Local Cache Stride Bucket 226 is equal to 51
Local Cache Stride Bucket 227 is equal to 34
Local Cache Stride Bucket 228 is equal to 61
Local Cache Stride Bucket 229 is equal to 43
Local Cache Stride Bucket 230 is equal to 62
Local Cache Stride Bucket 231 is equal to 54
Local Cache Stride Bucket 232 is equal to 84
Local Cache Stride Bucket 233 is equal to 71
Local Cache Stride Bucket 234 is equal to 65
Local Cache Stride Bucket 235 is equal to 58
Local Cache Stride Bucket 236 is equal to 57
Local Cache Stride Bucket 237 is equal to 105
Local Cache Stride Bucket 238 is equal to 59
Local Cache Stride Bucket 239 is equal to 104
Local Cache Stride Bucket 240 is equal to 121
Local Cache Stride Bucket 241 is equal to 73
Local Cache Stride Bucket 242 is equal to 53
Local Cache Stride Bucket 243 is equal to 134
Local Cache Stride Bucket 244 is equal to 163
Local Cache Stride Bucket 245 is equal to 92
Local Cache Stride Bucket 246 is equal to 61
Local Cache Stride Bucket 247 is equal to 75
Local Cache Stride Bucket 248 is equal to 104
Local Cache Stride Bucket 249 is equal to 75
Local Cache Stride Bucket 250 is equal to 76
Local Cache Stride Bucket 251 is equal to 91
Local Cache Stride Bucket 252 is equal to 183
Local Cache Stride Bucket 253 is equal to 101
Local Cache Stride Bucket 254 is equal to 149
Local Cache Stride Bucket 255 is equal to 177
Local Cache Stride Bucket 256 is equal to 159483


Global LD ST Byte Stride Bucket -256 is equal to 10224285
Global LD ST Byte Stride Bucket -254 is equal to 665
Global LD ST Byte Stride Bucket -252 is equal to 874
Global LD ST Byte Stride Bucket -250 is equal to 661
Global LD ST Byte Stride Bucket -248 is equal to 3767
Global LD ST Byte Stride Bucket -246 is equal to 271
Global LD ST Byte Stride Bucket -244 is equal to 335
Global LD ST Byte Stride Bucket -242 is equal to 555
Global LD ST Byte Stride Bucket -240 is equal to 450
Global LD ST Byte Stride Bucket -238 is equal to 355
Global LD ST Byte Stride Bucket -236 is equal to 294
Global LD ST Byte Stride Bucket -234 is equal to 510
Global LD ST Byte Stride Bucket -232 is equal to 446
Global LD ST Byte Stride Bucket -230 is equal to 439
Global LD ST Byte Stride Bucket -228 is equal to 1955
Global LD ST Byte Stride Bucket -226 is equal to 551
Global LD ST Byte Stride Bucket -224 is equal to 712
Global LD ST Byte Stride Bucket -222 is equal to 498
Global LD ST Byte Stride Bucket -220 is equal to 489
Global LD ST Byte Stride Bucket -218 is equal to 595
Global LD ST Byte Stride Bucket -216 is equal to 2166
Global LD ST Byte Stride Bucket -214 is equal to 334
Global LD ST Byte Stride Bucket -212 is equal to 575
Global LD ST Byte Stride Bucket -210 is equal to 805
Global LD ST Byte Stride Bucket -208 is equal to 771
Global LD ST Byte Stride Bucket -206 is equal to 641
Global LD ST Byte Stride Bucket -204 is equal to 615
Global LD ST Byte Stride Bucket -202 is equal to 600
Global LD ST Byte Stride Bucket -200 is equal to 333
Global LD ST Byte Stride Bucket -198 is equal to 247
Global LD ST Byte Stride Bucket -196 is equal to 306
Global LD ST Byte Stride Bucket -194 is equal to 490
Global LD ST Byte Stride Bucket -192 is equal to 559
Global LD ST Byte Stride Bucket -190 is equal to 614
Global LD ST Byte Stride Bucket -188 is equal to 10857
Global LD ST Byte Stride Bucket -186 is equal to 562
Global LD ST Byte Stride Bucket -184 is equal to 6817
Global LD ST Byte Stride Bucket -182 is equal to 479
Global LD ST Byte Stride Bucket -180 is equal to 406
Global LD ST Byte Stride Bucket -178 is equal to 447
Global LD ST Byte Stride Bucket -176 is equal to 275787
Global LD ST Byte Stride Bucket -174 is equal to 745
Global LD ST Byte Stride Bucket -172 is equal to 640
Global LD ST Byte Stride Bucket -170 is equal to 602
Global LD ST Byte Stride Bucket -168 is equal to 67406
Global LD ST Byte Stride Bucket -166 is equal to 1044
Global LD ST Byte Stride Bucket -164 is equal to 2819
Global LD ST Byte Stride Bucket -162 is equal to 764
Global LD ST Byte Stride Bucket -160 is equal to 7382
Global LD ST Byte Stride Bucket -158 is equal to 459
Global LD ST Byte Stride Bucket -156 is equal to 568
Global LD ST Byte Stride Bucket -154 is equal to 379
Global LD ST Byte Stride Bucket -152 is equal to 497
Global LD ST Byte Stride Bucket -150 is equal to 705
Global LD ST Byte Stride Bucket -148 is equal to 656
Global LD ST Byte Stride Bucket -146 is equal to 712
Global LD ST Byte Stride Bucket -144 is equal to 878
Global LD ST Byte Stride Bucket -142 is equal to 400
Global LD ST Byte Stride Bucket -140 is equal to 790
Global LD ST Byte Stride Bucket -138 is equal to 513
Global LD ST Byte Stride Bucket -136 is equal to 878
Global LD ST Byte Stride Bucket -134 is equal to 1039
Global LD ST Byte Stride Bucket -132 is equal to 1274
Global LD ST Byte Stride Bucket -130 is equal to 619
Global LD ST Byte Stride Bucket -128 is equal to 2710
Global LD ST Byte Stride Bucket -126 is equal to 1735
Global LD ST Byte Stride Bucket -124 is equal to 5774
Global LD ST Byte Stride Bucket -122 is equal to 1093
Global LD ST Byte Stride Bucket -120 is equal to 25013
Global LD ST Byte Stride Bucket -118 is equal to 782
Global LD ST Byte Stride Bucket -116 is equal to 15739
Global LD ST Byte Stride Bucket -114 is equal to 811
Global LD ST Byte Stride Bucket -112 is equal to 15057
Global LD ST Byte Stride Bucket -110 is equal to 876
Global LD ST Byte Stride Bucket -108 is equal to 10923
Global LD ST Byte Stride Bucket -106 is equal to 712
Global LD ST Byte Stride Bucket -104 is equal to 7864
Global LD ST Byte Stride Bucket -102 is equal to 425
Global LD ST Byte Stride Bucket -100 is equal to 5337
Global LD ST Byte Stride Bucket -98 is equal to 917
Global LD ST Byte Stride Bucket -96 is equal to 2160
Global LD ST Byte Stride Bucket -94 is equal to 1018
Global LD ST Byte Stride Bucket -92 is equal to 6436
Global LD ST Byte Stride Bucket -90 is equal to 1054
Global LD ST Byte Stride Bucket -88 is equal to 58093
Global LD ST Byte Stride Bucket -86 is equal to 2162
Global LD ST Byte Stride Bucket -84 is equal to 13589
Global LD ST Byte Stride Bucket -82 is equal to 2536
Global LD ST Byte Stride Bucket -80 is equal to 90233
Global LD ST Byte Stride Bucket -78 is equal to 1322
Global LD ST Byte Stride Bucket -76 is equal to 6953
Global LD ST Byte Stride Bucket -74 is equal to 855
Global LD ST Byte Stride Bucket -72 is equal to 10603
Global LD ST Byte Stride Bucket -70 is equal to 763
Global LD ST Byte Stride Bucket -68 is equal to 9639
Global LD ST Byte Stride Bucket -66 is equal to 769
Global LD ST Byte Stride Bucket -64 is equal to 23635
Global LD ST Byte Stride Bucket -62 is equal to 672
Global LD ST Byte Stride Bucket -60 is equal to 59047
Global LD ST Byte Stride Bucket -58 is equal to 543
Global LD ST Byte Stride Bucket -56 is equal to 152733
Global LD ST Byte Stride Bucket -54 is equal to 481
Global LD ST Byte Stride Bucket -52 is equal to 128625
Global LD ST Byte Stride Bucket -50 is equal to 635
Global LD ST Byte Stride Bucket -48 is equal to 21179
Global LD ST Byte Stride Bucket -46 is equal to 1761
Global LD ST Byte Stride Bucket -44 is equal to 51358
Global LD ST Byte Stride Bucket -42 is equal to 25250
Global LD ST Byte Stride Bucket -40 is equal to 63819
Global LD ST Byte Stride Bucket -38 is equal to 2320
Global LD ST Byte Stride Bucket -36 is equal to 85487
Global LD ST Byte Stride Bucket -34 is equal to 796
Global LD ST Byte Stride Bucket -32 is equal to 222487
Global LD ST Byte Stride Bucket -30 is equal to 417
Global LD ST Byte Stride Bucket -28 is equal to 32785
Global LD ST Byte Stride Bucket -26 is equal to 338
Global LD ST Byte Stride Bucket -24 is equal to 244316
Global LD ST Byte Stride Bucket -22 is equal to 321
Global LD ST Byte Stride Bucket -20 is equal to 143968
Global LD ST Byte Stride Bucket -18 is equal to 471
Global LD ST Byte Stride Bucket -16 is equal to 268086
Global LD ST Byte Stride Bucket -14 is equal to 361
Global LD ST Byte Stride Bucket -13 is equal to 1
Global LD ST Byte Stride Bucket -12 is equal to 444634
Global LD ST Byte Stride Bucket -10 is equal to 264
Global LD ST Byte Stride Bucket -8 is equal to 1941353
Global LD ST Byte Stride Bucket -6 is equal to 623
Global LD ST Byte Stride Bucket -4 is equal to 1034920
Global LD ST Byte Stride Bucket -2 is equal to 23386
Global LD ST Byte Stride Bucket 0 is equal to 2398345
Global LD ST Byte Stride Bucket 2 is equal to 23279
Global LD ST Byte Stride Bucket 4 is equal to 1773283
Global LD ST Byte Stride Bucket 6 is equal to 1338
Global LD ST Byte Stride Bucket 8 is equal to 2613270
Global LD ST Byte Stride Bucket 9 is equal to 125
Global LD ST Byte Stride Bucket 10 is equal to 432
Global LD ST Byte Stride Bucket 12 is equal to 157584
Global LD ST Byte Stride Bucket 14 is equal to 148
Global LD ST Byte Stride Bucket 16 is equal to 396580
Global LD ST Byte Stride Bucket 18 is equal to 136
Global LD ST Byte Stride Bucket 20 is equal to 117883
Global LD ST Byte Stride Bucket 22 is equal to 87
Global LD ST Byte Stride Bucket 24 is equal to 166786
Global LD ST Byte Stride Bucket 26 is equal to 100
Global LD ST Byte Stride Bucket 28 is equal to 49982
Global LD ST Byte Stride Bucket 30 is equal to 148
Global LD ST Byte Stride Bucket 32 is equal to 157955
Global LD ST Byte Stride Bucket 34 is equal to 298
Global LD ST Byte Stride Bucket 36 is equal to 325192
Global LD ST Byte Stride Bucket 38 is equal to 1089
Global LD ST Byte Stride Bucket 40 is equal to 62705
Global LD ST Byte Stride Bucket 42 is equal to 25759
Global LD ST Byte Stride Bucket 44 is equal to 55247
Global LD ST Byte Stride Bucket 46 is equal to 1820
Global LD ST Byte Stride Bucket 47 is equal to 72
Global LD ST Byte Stride Bucket 48 is equal to 45766
Global LD ST Byte Stride Bucket 49 is equal to 592
Global LD ST Byte Stride Bucket 50 is equal to 907
Global LD ST Byte Stride Bucket 51 is equal to 268
Global LD ST Byte Stride Bucket 52 is equal to 179724
Global LD ST Byte Stride Bucket 53 is equal to 232
Global LD ST Byte Stride Bucket 54 is equal to 686
Global LD ST Byte Stride Bucket 55 is equal to 200
Global LD ST Byte Stride Bucket 56 is equal to 43410
Global LD ST Byte Stride Bucket 57 is equal to 155
Global LD ST Byte Stride Bucket 58 is equal to 580
Global LD ST Byte Stride Bucket 59 is equal to 51
Global LD ST Byte Stride Bucket 60 is equal to 4059
Global LD ST Byte Stride Bucket 61 is equal to 86
Global LD ST Byte Stride Bucket 62 is equal to 513
Global LD ST Byte Stride Bucket 63 is equal to 154
Global LD ST Byte Stride Bucket 64 is equal to 12087
Global LD ST Byte Stride Bucket 65 is equal to 165
Global LD ST Byte Stride Bucket 66 is equal to 750
Global LD ST Byte Stride Bucket 67 is equal to 146
Global LD ST Byte Stride Bucket 68 is equal to 649
Global LD ST Byte Stride Bucket 69 is equal to 107
Global LD ST Byte Stride Bucket 70 is equal to 932
Global LD ST Byte Stride Bucket 71 is equal to 90
Global LD ST Byte Stride Bucket 72 is equal to 4959
Global LD ST Byte Stride Bucket 73 is equal to 87
Global LD ST Byte Stride Bucket 74 is equal to 464
Global LD ST Byte Stride Bucket 75 is equal to 19
Global LD ST Byte Stride Bucket 76 is equal to 1141
Global LD ST Byte Stride Bucket 77 is equal to 148
Global LD ST Byte Stride Bucket 78 is equal to 813
Global LD ST Byte Stride Bucket 79 is equal to 113
Global LD ST Byte Stride Bucket 80 is equal to 52903
Global LD ST Byte Stride Bucket 81 is equal to 238
Global LD ST Byte Stride Bucket 82 is equal to 1930
Global LD ST Byte Stride Bucket 83 is equal to 113
Global LD ST Byte Stride Bucket 84 is equal to 190021
Global LD ST Byte Stride Bucket 86 is equal to 1186
Global LD ST Byte Stride Bucket 88 is equal to 50831
Global LD ST Byte Stride Bucket 89 is equal to 195
Global LD ST Byte Stride Bucket 90 is equal to 1368
Global LD ST Byte Stride Bucket 91 is equal to 113
Global LD ST Byte Stride Bucket 92 is equal to 1124
Global LD ST Byte Stride Bucket 93 is equal to 160
Global LD ST Byte Stride Bucket 94 is equal to 900
Global LD ST Byte Stride Bucket 95 is equal to 119
Global LD ST Byte Stride Bucket 96 is equal to 1504
Global LD ST Byte Stride Bucket 97 is equal to 109
Global LD ST Byte Stride Bucket 98 is equal to 658
Global LD ST Byte Stride Bucket 99 is equal to 43
Global LD ST Byte Stride Bucket 100 is equal to 750
Global LD ST Byte Stride Bucket 101 is equal to 72
Global LD ST Byte Stride Bucket 102 is equal to 277
Global LD ST Byte Stride Bucket 103 is equal to 47
Global LD ST Byte Stride Bucket 104 is equal to 738
Global LD ST Byte Stride Bucket 105 is equal to 152
Global LD ST Byte Stride Bucket 106 is equal to 476
Global LD ST Byte Stride Bucket 107 is equal to 268
Global LD ST Byte Stride Bucket 108 is equal to 707
Global LD ST Byte Stride Bucket 109 is equal to 97
Global LD ST Byte Stride Bucket 110 is equal to 749
Global LD ST Byte Stride Bucket 111 is equal to 243
Global LD ST Byte Stride Bucket 112 is equal to 552
Global LD ST Byte Stride Bucket 113 is equal to 19
Global LD ST Byte Stride Bucket 114 is equal to 356
Global LD ST Byte Stride Bucket 115 is equal to 4
Global LD ST Byte Stride Bucket 116 is equal to 189
Global LD ST Byte Stride Bucket 117 is equal to 113
Global LD ST Byte Stride Bucket 118 is equal to 385
Global LD ST Byte Stride Bucket 119 is equal to 37
Global LD ST Byte Stride Bucket 120 is equal to 1479
Global LD ST Byte Stride Bucket 121 is equal to 240
Global LD ST Byte Stride Bucket 122 is equal to 727
Global LD ST Byte Stride Bucket 123 is equal to 203
Global LD ST Byte Stride Bucket 124 is equal to 1105
Global LD ST Byte Stride Bucket 125 is equal to 249
Global LD ST Byte Stride Bucket 126 is equal to 1165
Global LD ST Byte Stride Bucket 128 is equal to 688
Global LD ST Byte Stride Bucket 130 is equal to 623
Global LD ST Byte Stride Bucket 131 is equal to 94
Global LD ST Byte Stride Bucket 132 is equal to 969
Global LD ST Byte Stride Bucket 133 is equal to 90
Global LD ST Byte Stride Bucket 134 is equal to 490
Global LD ST Byte Stride Bucket 135 is equal to 6
Global LD ST Byte Stride Bucket 136 is equal to 448
Global LD ST Byte Stride Bucket 137 is equal to 34
Global LD ST Byte Stride Bucket 138 is equal to 160
Global LD ST Byte Stride Bucket 139 is equal to 35
Global LD ST Byte Stride Bucket 140 is equal to 140
Global LD ST Byte Stride Bucket 141 is equal to 64
Global LD ST Byte Stride Bucket 142 is equal to 254
Global LD ST Byte Stride Bucket 143 is equal to 2
Global LD ST Byte Stride Bucket 144 is equal to 629
Global LD ST Byte Stride Bucket 145 is equal to 246
Global LD ST Byte Stride Bucket 146 is equal to 500
Global LD ST Byte Stride Bucket 147 is equal to 43
Global LD ST Byte Stride Bucket 148 is equal to 902
Global LD ST Byte Stride Bucket 149 is equal to 266
Global LD ST Byte Stride Bucket 150 is equal to 261
Global LD ST Byte Stride Bucket 151 is equal to 205
Global LD ST Byte Stride Bucket 152 is equal to 518
Global LD ST Byte Stride Bucket 153 is equal to 5
Global LD ST Byte Stride Bucket 154 is equal to 581
Global LD ST Byte Stride Bucket 155 is equal to 8
Global LD ST Byte Stride Bucket 156 is equal to 184
Global LD ST Byte Stride Bucket 157 is equal to 160
Global LD ST Byte Stride Bucket 158 is equal to 670
Global LD ST Byte Stride Bucket 159 is equal to 10
Global LD ST Byte Stride Bucket 160 is equal to 10988
Global LD ST Byte Stride Bucket 161 is equal to 53
Global LD ST Byte Stride Bucket 162 is equal to 263
Global LD ST Byte Stride Bucket 163 is equal to 159
Global LD ST Byte Stride Bucket 164 is equal to 187645
Global LD ST Byte Stride Bucket 165 is equal to 256
Global LD ST Byte Stride Bucket 166 is equal to 795
Global LD ST Byte Stride Bucket 167 is equal to 167
Global LD ST Byte Stride Bucket 168 is equal to 61355
Global LD ST Byte Stride Bucket 170 is equal to 328
Global LD ST Byte Stride Bucket 172 is equal to 412
Global LD ST Byte Stride Bucket 173 is equal to 91
Global LD ST Byte Stride Bucket 174 is equal to 881
Global LD ST Byte Stride Bucket 175 is equal to 73
Global LD ST Byte Stride Bucket 176 is equal to 11646
Global LD ST Byte Stride Bucket 177 is equal to 31
Global LD ST Byte Stride Bucket 178 is equal to 209
Global LD ST Byte Stride Bucket 179 is equal to 42
Global LD ST Byte Stride Bucket 180 is equal to 119
Global LD ST Byte Stride Bucket 181 is equal to 30
Global LD ST Byte Stride Bucket 182 is equal to 251
Global LD ST Byte Stride Bucket 183 is equal to 2
Global LD ST Byte Stride Bucket 184 is equal to 87725
Global LD ST Byte Stride Bucket 185 is equal to 43
Global LD ST Byte Stride Bucket 186 is equal to 98
Global LD ST Byte Stride Bucket 188 is equal to 187
Global LD ST Byte Stride Bucket 189 is equal to 137
Global LD ST Byte Stride Bucket 190 is equal to 322
Global LD ST Byte Stride Bucket 191 is equal to 1
Global LD ST Byte Stride Bucket 192 is equal to 349
Global LD ST Byte Stride Bucket 193 is equal to 10
Global LD ST Byte Stride Bucket 194 is equal to 108
Global LD ST Byte Stride Bucket 195 is equal to 29
Global LD ST Byte Stride Bucket 196 is equal to 137
Global LD ST Byte Stride Bucket 197 is equal to 18
Global LD ST Byte Stride Bucket 198 is equal to 178
Global LD ST Byte Stride Bucket 199 is equal to 153
Global LD ST Byte Stride Bucket 200 is equal to 10921
Global LD ST Byte Stride Bucket 201 is equal to 27
Global LD ST Byte Stride Bucket 202 is equal to 600
Global LD ST Byte Stride Bucket 203 is equal to 69
Global LD ST Byte Stride Bucket 204 is equal to 343
Global LD ST Byte Stride Bucket 205 is equal to 32
Global LD ST Byte Stride Bucket 206 is equal to 1018
Global LD ST Byte Stride Bucket 207 is equal to 128
Global LD ST Byte Stride Bucket 208 is equal to 622
Global LD ST Byte Stride Bucket 209 is equal to 182
Global LD ST Byte Stride Bucket 210 is equal to 574
Global LD ST Byte Stride Bucket 212 is equal to 181
Global LD ST Byte Stride Bucket 214 is equal to 231
Global LD ST Byte Stride Bucket 215 is equal to 308
Global LD ST Byte Stride Bucket 216 is equal to 472
Global LD ST Byte Stride Bucket 217 is equal to 97
Global LD ST Byte Stride Bucket 218 is equal to 701
Global LD ST Byte Stride Bucket 219 is equal to 113
Global LD ST Byte Stride Bucket 220 is equal to 870
Global LD ST Byte Stride Bucket 221 is equal to 59
Global LD ST Byte Stride Bucket 222 is equal to 776
Global LD ST Byte Stride Bucket 223 is equal to 80
Global LD ST Byte Stride Bucket 224 is equal to 2249
Global LD ST Byte Stride Bucket 225 is equal to 49
Global LD ST Byte Stride Bucket 226 is equal to 403
Global LD ST Byte Stride Bucket 227 is equal to 3
Global LD ST Byte Stride Bucket 228 is equal to 789
Global LD ST Byte Stride Bucket 229 is equal to 20
Global LD ST Byte Stride Bucket 230 is equal to 104
Global LD ST Byte Stride Bucket 232 is equal to 155
Global LD ST Byte Stride Bucket 233 is equal to 14
Global LD ST Byte Stride Bucket 234 is equal to 140
Global LD ST Byte Stride Bucket 235 is equal to 33
Global LD ST Byte Stride Bucket 236 is equal to 707
Global LD ST Byte Stride Bucket 237 is equal to 44
Global LD ST Byte Stride Bucket 238 is equal to 461
Global LD ST Byte Stride Bucket 239 is equal to 53
Global LD ST Byte Stride Bucket 240 is equal to 654
Global LD ST Byte Stride Bucket 241 is equal to 109
Global LD ST Byte Stride Bucket 242 is equal to 191
Global LD ST Byte Stride Bucket 243 is equal to 237
Global LD ST Byte Stride Bucket 244 is equal to 413
Global LD ST Byte Stride Bucket 245 is equal to 11
Global LD ST Byte Stride Bucket 246 is equal to 847
Global LD ST Byte Stride Bucket 247 is equal to 93
Global LD ST Byte Stride Bucket 248 is equal to 522
Global LD ST Byte Stride Bucket 249 is equal to 109
Global LD ST Byte Stride Bucket 250 is equal to 578
Global LD ST Byte Stride Bucket 251 is equal to 114
Global LD ST Byte Stride Bucket 252 is equal to 609
Global LD ST Byte Stride Bucket 254 is equal to 170
Global LD ST Byte Stride Bucket 256 is equal to 10861933

Global LD ST Cache Stride Bucket -256 is equal to 1434500
Global LD ST Cache Stride Bucket -174 is equal to 3
Global LD ST Cache Stride Bucket -171 is equal to 1
Global LD ST Cache Stride Bucket -148 is equal to 3
Global LD ST Cache Stride Bucket -147 is equal to 25894
Global LD ST Cache Stride Bucket -146 is equal to 172647
Global LD ST Cache Stride Bucket -145 is equal to 298330
Global LD ST Cache Stride Bucket -144 is equal to 618874
Global LD ST Cache Stride Bucket -143 is equal to 448113
Global LD ST Cache Stride Bucket -142 is equal to 171973
Global LD ST Cache Stride Bucket -141 is equal to 137281
Global LD ST Cache Stride Bucket -140 is equal to 72108
Global LD ST Cache Stride Bucket -139 is equal to 8664
Global LD ST Cache Stride Bucket -138 is equal to 27990
Global LD ST Cache Stride Bucket -137 is equal to 17056
Global LD ST Cache Stride Bucket -136 is equal to 10425
Global LD ST Cache Stride Bucket -135 is equal to 8564
Global LD ST Cache Stride Bucket -134 is equal to 6101
Global LD ST Cache Stride Bucket -133 is equal to 5800
Global LD ST Cache Stride Bucket -132 is equal to 5979
Global LD ST Cache Stride Bucket -131 is equal to 4089
Global LD ST Cache Stride Bucket -130 is equal to 8603
Global LD ST Cache Stride Bucket -129 is equal to 3654
Global LD ST Cache Stride Bucket -128 is equal to 2994
Global LD ST Cache Stride Bucket -127 is equal to 3206
Global LD ST Cache Stride Bucket -126 is equal to 3979
Global LD ST Cache Stride Bucket -125 is equal to 4123
Global LD ST Cache Stride Bucket -124 is equal to 3640
Global LD ST Cache Stride Bucket -123 is equal to 4132
Global LD ST Cache Stride Bucket -122 is equal to 3496
Global LD ST Cache Stride Bucket -121 is equal to 3292
Global LD ST Cache Stride Bucket -120 is equal to 2885
Global LD ST Cache Stride Bucket -119 is equal to 4229
Global LD ST Cache Stride Bucket -118 is equal to 2035
Global LD ST Cache Stride Bucket -117 is equal to 29212
Global LD ST Cache Stride Bucket -116 is equal to 135463
Global LD ST Cache Stride Bucket -115 is equal to 100161
Global LD ST Cache Stride Bucket -114 is equal to 39287
Global LD ST Cache Stride Bucket -113 is equal to 47097
Global LD ST Cache Stride Bucket -112 is equal to 79521
Global LD ST Cache Stride Bucket -111 is equal to 45626
Global LD ST Cache Stride Bucket -110 is equal to 46490
Global LD ST Cache Stride Bucket -109 is equal to 50397
Global LD ST Cache Stride Bucket -108 is equal to 52036
Global LD ST Cache Stride Bucket -107 is equal to 56407
Global LD ST Cache Stride Bucket -106 is equal to 55836
Global LD ST Cache Stride Bucket -105 is equal to 50793
Global LD ST Cache Stride Bucket -104 is equal to 42659
Global LD ST Cache Stride Bucket -103 is equal to 32662
Global LD ST Cache Stride Bucket -102 is equal to 34398
Global LD ST Cache Stride Bucket -101 is equal to 30862
Global LD ST Cache Stride Bucket -100 is equal to 129631
Global LD ST Cache Stride Bucket -99 is equal to 22231
Global LD ST Cache Stride Bucket -98 is equal to 109623
Global LD ST Cache Stride Bucket -97 is equal to 42712
Global LD ST Cache Stride Bucket -96 is equal to 66407
Global LD ST Cache Stride Bucket -95 is equal to 83293
Global LD ST Cache Stride Bucket -94 is equal to 98062
Global LD ST Cache Stride Bucket -93 is equal to 81148
Global LD ST Cache Stride Bucket -92 is equal to 76562
Global LD ST Cache Stride Bucket -91 is equal to 73351
Global LD ST Cache Stride Bucket -90 is equal to 66162
Global LD ST Cache Stride Bucket -89 is equal to 64472
Global LD ST Cache Stride Bucket -88 is equal to 64731
Global LD ST Cache Stride Bucket -87 is equal to 72215
Global LD ST Cache Stride Bucket -86 is equal to 77235
Global LD ST Cache Stride Bucket -85 is equal to 73676
Global LD ST Cache Stride Bucket -84 is equal to 72913
Global LD ST Cache Stride Bucket -83 is equal to 71851
Global LD ST Cache Stride Bucket -82 is equal to 74687
Global LD ST Cache Stride Bucket -81 is equal to 73380
Global LD ST Cache Stride Bucket -80 is equal to 67616
Global LD ST Cache Stride Bucket -79 is equal to 61844
Global LD ST Cache Stride Bucket -78 is equal to 53958
Global LD ST Cache Stride Bucket -77 is equal to 46057
Global LD ST Cache Stride Bucket -76 is equal to 48363
Global LD ST Cache Stride Bucket -75 is equal to 59661
Global LD ST Cache Stride Bucket -74 is equal to 62648
Global LD ST Cache Stride Bucket -73 is equal to 80792
Global LD ST Cache Stride Bucket -72 is equal to 88871
Global LD ST Cache Stride Bucket -71 is equal to 66061
Global LD ST Cache Stride Bucket -70 is equal to 49240
Global LD ST Cache Stride Bucket -69 is equal to 25794
Global LD ST Cache Stride Bucket -68 is equal to 22781
Global LD ST Cache Stride Bucket -67 is equal to 26859
Global LD ST Cache Stride Bucket -66 is equal to 27344
Global LD ST Cache Stride Bucket -65 is equal to 29543
Global LD ST Cache Stride Bucket -64 is equal to 32669
Global LD ST Cache Stride Bucket -63 is equal to 35948
Global LD ST Cache Stride Bucket -62 is equal to 35004
Global LD ST Cache Stride Bucket -61 is equal to 36747
Global LD ST Cache Stride Bucket -60 is equal to 36786
Global LD ST Cache Stride Bucket -59 is equal to 38532
Global LD ST Cache Stride Bucket -58 is equal to 37795
Global LD ST Cache Stride Bucket -57 is equal to 33263
Global LD ST Cache Stride Bucket -56 is equal to 41709
Global LD ST Cache Stride Bucket -55 is equal to 66570
Global LD ST Cache Stride Bucket -54 is equal to 62222
Global LD ST Cache Stride Bucket -53 is equal to 58798
Global LD ST Cache Stride Bucket -52 is equal to 59088
Global LD ST Cache Stride Bucket -51 is equal to 70115
Global LD ST Cache Stride Bucket -50 is equal to 82232
Global LD ST Cache Stride Bucket -49 is equal to 131868
Global LD ST Cache Stride Bucket -48 is equal to 85598
Global LD ST Cache Stride Bucket -47 is equal to 62891
Global LD ST Cache Stride Bucket -46 is equal to 303169
Global LD ST Cache Stride Bucket -45 is equal to 73283
Global LD ST Cache Stride Bucket -44 is equal to 71267
Global LD ST Cache Stride Bucket -43 is equal to 67775
Global LD ST Cache Stride Bucket -42 is equal to 112913
Global LD ST Cache Stride Bucket -41 is equal to 133646
Global LD ST Cache Stride Bucket -40 is equal to 28888
Global LD ST Cache Stride Bucket -39 is equal to 22129
Global LD ST Cache Stride Bucket -38 is equal to 19997
Global LD ST Cache Stride Bucket -37 is equal to 26135
Global LD ST Cache Stride Bucket -36 is equal to 35958
Global LD ST Cache Stride Bucket -35 is equal to 40755
Global LD ST Cache Stride Bucket -34 is equal to 42664
Global LD ST Cache Stride Bucket -33 is equal to 32904
Global LD ST Cache Stride Bucket -32 is equal to 25058
Global LD ST Cache Stride Bucket -31 is equal to 17365
Global LD ST Cache Stride Bucket -30 is equal to 17948
Global LD ST Cache Stride Bucket -29 is equal to 20792
Global LD ST Cache Stride Bucket -28 is equal to 39312
Global LD ST Cache Stride Bucket -27 is equal to 75002
Global LD ST Cache Stride Bucket -26 is equal to 63747
Global LD ST Cache Stride Bucket -25 is equal to 31320
Global LD ST Cache Stride Bucket -24 is equal to 29731
Global LD ST Cache Stride Bucket -23 is equal to 34062
Global LD ST Cache Stride Bucket -22 is equal to 43335
Global LD ST Cache Stride Bucket -21 is equal to 46192
Global LD ST Cache Stride Bucket -20 is equal to 42184
Global LD ST Cache Stride Bucket -19 is equal to 35195
Global LD ST Cache Stride Bucket -18 is equal to 26588
Global LD ST Cache Stride Bucket -17 is equal to 31780
Global LD ST Cache Stride Bucket -16 is equal to 59071
Global LD ST Cache Stride Bucket -15 is equal to 99649
Global LD ST Cache Stride Bucket -14 is equal to 239247
Global LD ST Cache Stride Bucket -13 is equal to 135225
Global LD ST Cache Stride Bucket -12 is equal to 78547
Global LD ST Cache Stride Bucket -11 is equal to 31548
Global LD ST Cache Stride Bucket -10 is equal to 24378
Global LD ST Cache Stride Bucket -9 is equal to 22932
Global LD ST Cache Stride Bucket -8 is equal to 26185
Global LD ST Cache Stride Bucket -7 is equal to 39930
Global LD ST Cache Stride Bucket -6 is equal to 62212
Global LD ST Cache Stride Bucket -5 is equal to 32180
Global LD ST Cache Stride Bucket -4 is equal to 21043
Global LD ST Cache Stride Bucket -3 is equal to 316500
Global LD ST Cache Stride Bucket -2 is equal to 201203
Global LD ST Cache Stride Bucket -1 is equal to 1396795
Global LD ST Cache Stride Bucket 0 is equal to 11350375
Global LD ST Cache Stride Bucket 1 is equal to 1253984
Global LD ST Cache Stride Bucket 2 is equal to 220274
Global LD ST Cache Stride Bucket 3 is equal to 272861
Global LD ST Cache Stride Bucket 4 is equal to 27810
Global LD ST Cache Stride Bucket 5 is equal to 31459
Global LD ST Cache Stride Bucket 6 is equal to 60579
Global LD ST Cache Stride Bucket 7 is equal to 38512
Global LD ST Cache Stride Bucket 8 is equal to 24584
Global LD ST Cache Stride Bucket 9 is equal to 27200
Global LD ST Cache Stride Bucket 10 is equal to 30901
Global LD ST Cache Stride Bucket 11 is equal to 44692
Global LD ST Cache Stride Bucket 12 is equal to 92272
Global LD ST Cache Stride Bucket 13 is equal to 274124
Global LD ST Cache Stride Bucket 14 is equal to 651609
Global LD ST Cache Stride Bucket 15 is equal to 168877
Global LD ST Cache Stride Bucket 16 is equal to 96432
Global LD ST Cache Stride Bucket 17 is equal to 61104
Global LD ST Cache Stride Bucket 18 is equal to 45544
Global LD ST Cache Stride Bucket 19 is equal to 86822
Global LD ST Cache Stride Bucket 20 is equal to 106836
Global LD ST Cache Stride Bucket 21 is equal to 89811
Global LD ST Cache Stride Bucket 22 is equal to 74483
Global LD ST Cache Stride Bucket 23 is equal to 55689
Global LD ST Cache Stride Bucket 24 is equal to 38924
Global LD ST Cache Stride Bucket 25 is equal to 33764
Global LD ST Cache Stride Bucket 26 is equal to 38643
Global LD ST Cache Stride Bucket 27 is equal to 91821
Global LD ST Cache Stride Bucket 28 is equal to 82311
Global LD ST Cache Stride Bucket 29 is equal to 64325
Global LD ST Cache Stride Bucket 30 is equal to 59844
Global LD ST Cache Stride Bucket 31 is equal to 62764
Global LD ST Cache Stride Bucket 32 is equal to 70542
Global LD ST Cache Stride Bucket 33 is equal to 79128
Global LD ST Cache Stride Bucket 34 is equal to 70648
Global LD ST Cache Stride Bucket 35 is equal to 71525
Global LD ST Cache Stride Bucket 36 is equal to 72532
Global LD ST Cache Stride Bucket 37 is equal to 67489
Global LD ST Cache Stride Bucket 38 is equal to 69006
Global LD ST Cache Stride Bucket 39 is equal to 76944
Global LD ST Cache Stride Bucket 40 is equal to 69210
Global LD ST Cache Stride Bucket 41 is equal to 33870
Global LD ST Cache Stride Bucket 42 is equal to 25348
Global LD ST Cache Stride Bucket 43 is equal to 34797
Global LD ST Cache Stride Bucket 44 is equal to 97874
Global LD ST Cache Stride Bucket 45 is equal to 95827
Global LD ST Cache Stride Bucket 46 is equal to 123478
Global LD ST Cache Stride Bucket 47 is equal to 298464
Global LD ST Cache Stride Bucket 48 is equal to 75324
Global LD ST Cache Stride Bucket 49 is equal to 37920
Global LD ST Cache Stride Bucket 50 is equal to 35555
Global LD ST Cache Stride Bucket 51 is equal to 37227
Global LD ST Cache Stride Bucket 52 is equal to 35140
Global LD ST Cache Stride Bucket 53 is equal to 33856
Global LD ST Cache Stride Bucket 54 is equal to 43366
Global LD ST Cache Stride Bucket 55 is equal to 44074
Global LD ST Cache Stride Bucket 56 is equal to 35639
Global LD ST Cache Stride Bucket 57 is equal to 25816
Global LD ST Cache Stride Bucket 58 is equal to 25566
Global LD ST Cache Stride Bucket 59 is equal to 20448
Global LD ST Cache Stride Bucket 60 is equal to 19721
Global LD ST Cache Stride Bucket 61 is equal to 18586
Global LD ST Cache Stride Bucket 62 is equal to 16010
Global LD ST Cache Stride Bucket 63 is equal to 16721
Global LD ST Cache Stride Bucket 64 is equal to 15796
Global LD ST Cache Stride Bucket 65 is equal to 15262
Global LD ST Cache Stride Bucket 66 is equal to 17408
Global LD ST Cache Stride Bucket 67 is equal to 18092
Global LD ST Cache Stride Bucket 68 is equal to 14142
Global LD ST Cache Stride Bucket 69 is equal to 16631
Global LD ST Cache Stride Bucket 70 is equal to 29248
Global LD ST Cache Stride Bucket 71 is equal to 30180
Global LD ST Cache Stride Bucket 72 is equal to 31645
Global LD ST Cache Stride Bucket 73 is equal to 28976
Global LD ST Cache Stride Bucket 74 is equal to 30830
Global LD ST Cache Stride Bucket 75 is equal to 32939
Global LD ST Cache Stride Bucket 76 is equal to 28118
Global LD ST Cache Stride Bucket 77 is equal to 29316
Global LD ST Cache Stride Bucket 78 is equal to 28431
Global LD ST Cache Stride Bucket 79 is equal to 27353
Global LD ST Cache Stride Bucket 80 is equal to 25051
Global LD ST Cache Stride Bucket 81 is equal to 29289
Global LD ST Cache Stride Bucket 82 is equal to 26647
Global LD ST Cache Stride Bucket 83 is equal to 26468
Global LD ST Cache Stride Bucket 84 is equal to 45928
Global LD ST Cache Stride Bucket 85 is equal to 32931
Global LD ST Cache Stride Bucket 86 is equal to 28068
Global LD ST Cache Stride Bucket 87 is equal to 34847
Global LD ST Cache Stride Bucket 88 is equal to 34530
Global LD ST Cache Stride Bucket 89 is equal to 35845
Global LD ST Cache Stride Bucket 90 is equal to 31627
Global LD ST Cache Stride Bucket 91 is equal to 37000
Global LD ST Cache Stride Bucket 92 is equal to 37919
Global LD ST Cache Stride Bucket 93 is equal to 40526
Global LD ST Cache Stride Bucket 94 is equal to 42925
Global LD ST Cache Stride Bucket 95 is equal to 51320
Global LD ST Cache Stride Bucket 96 is equal to 30401
Global LD ST Cache Stride Bucket 97 is equal to 19505
Global LD ST Cache Stride Bucket 98 is equal to 16831
Global LD ST Cache Stride Bucket 99 is equal to 51957
Global LD ST Cache Stride Bucket 100 is equal to 11459
Global LD ST Cache Stride Bucket 101 is equal to 13060
Global LD ST Cache Stride Bucket 102 is equal to 12118
Global LD ST Cache Stride Bucket 103 is equal to 6094
Global LD ST Cache Stride Bucket 104 is equal to 4390
Global LD ST Cache Stride Bucket 105 is equal to 5891
Global LD ST Cache Stride Bucket 106 is equal to 7052
Global LD ST Cache Stride Bucket 107 is equal to 6676
Global LD ST Cache Stride Bucket 108 is equal to 6441
Global LD ST Cache Stride Bucket 109 is equal to 7509
Global LD ST Cache Stride Bucket 110 is equal to 7014
Global LD ST Cache Stride Bucket 111 is equal to 6949
Global LD ST Cache Stride Bucket 112 is equal to 5169
Global LD ST Cache Stride Bucket 113 is equal to 9149
Global LD ST Cache Stride Bucket 114 is equal to 5728
Global LD ST Cache Stride Bucket 115 is equal to 6750
Global LD ST Cache Stride Bucket 116 is equal to 4414
Global LD ST Cache Stride Bucket 117 is equal to 20201
Global LD ST Cache Stride Bucket 118 is equal to 1485
Global LD ST Cache Stride Bucket 119 is equal to 6765
Global LD ST Cache Stride Bucket 120 is equal to 7245
Global LD ST Cache Stride Bucket 121 is equal to 12383
Global LD ST Cache Stride Bucket 122 is equal to 11965
Global LD ST Cache Stride Bucket 123 is equal to 18906
Global LD ST Cache Stride Bucket 124 is equal to 47288
Global LD ST Cache Stride Bucket 125 is equal to 100904
Global LD ST Cache Stride Bucket 126 is equal to 51677
Global LD ST Cache Stride Bucket 127 is equal to 7302
Global LD ST Cache Stride Bucket 128 is equal to 9126
Global LD ST Cache Stride Bucket 129 is equal to 11198
Global LD ST Cache Stride Bucket 130 is equal to 20342
Global LD ST Cache Stride Bucket 131 is equal to 25724
Global LD ST Cache Stride Bucket 132 is equal to 18648
Global LD ST Cache Stride Bucket 133 is equal to 19362
Global LD ST Cache Stride Bucket 134 is equal to 23097
Global LD ST Cache Stride Bucket 135 is equal to 22475
Global LD ST Cache Stride Bucket 136 is equal to 24262
Global LD ST Cache Stride Bucket 137 is equal to 24247
Global LD ST Cache Stride Bucket 138 is equal to 43786
Global LD ST Cache Stride Bucket 139 is equal to 46329
Global LD ST Cache Stride Bucket 140 is equal to 125953
Global LD ST Cache Stride Bucket 141 is equal to 169755
Global LD ST Cache Stride Bucket 142 is equal to 229240
Global LD ST Cache Stride Bucket 143 is equal to 650226
Global LD ST Cache Stride Bucket 144 is equal to 1085991
Global LD ST Cache Stride Bucket 145 is equal to 455788
Global LD ST Cache Stride Bucket 146 is equal to 216620
Global LD ST Cache Stride Bucket 147 is equal to 111717
Global LD ST Cache Stride Bucket 148 is equal to 1560
Global LD ST Cache Stride Bucket 149 is equal to 2
Global LD ST Cache Stride Bucket 150 is equal to 2
Global LD ST Cache Stride Bucket 151 is equal to 2
Global LD ST Cache Stride Bucket 152 is equal to 2
Global LD ST Cache Stride Bucket 153 is equal to 2
Global LD ST Cache Stride Bucket 154 is equal to 2
Global LD ST Cache Stride Bucket 155 is equal to 2
Global LD ST Cache Stride Bucket 156 is equal to 2
Global LD ST Cache Stride Bucket 157 is equal to 2
Global LD ST Cache Stride Bucket 158 is equal to 2
Global LD ST Cache Stride Bucket 159 is equal to 2
Global LD ST Cache Stride Bucket 160 is equal to 2
Global LD ST Cache Stride Bucket 161 is equal to 2
Global LD ST Cache Stride Bucket 162 is equal to 2
Global LD ST Cache Stride Bucket 163 is equal to 2
Global LD ST Cache Stride Bucket 164 is equal to 2
Global LD ST Cache Stride Bucket 165 is equal to 2
Global LD ST Cache Stride Bucket 166 is equal to 2
Global LD ST Cache Stride Bucket 167 is equal to 2
Global LD ST Cache Stride Bucket 168 is equal to 2
Global LD ST Cache Stride Bucket 169 is equal to 2
Global LD ST Cache Stride Bucket 170 is equal to 2
Global LD ST Cache Stride Bucket 171 is equal to 2
Global LD ST Cache Stride Bucket 172 is equal to 2
Global LD ST Cache Stride Bucket 173 is equal to 749
Global LD ST Cache Stride Bucket 174 is equal to 5
Global LD ST Cache Stride Bucket 213 is equal to 250
Global LD ST Cache Stride Bucket 256 is equal to 1615053


            "-256": "10224285",
            "-255": "0",
            "-254": "665",
            "-253": "0",
            "-252": "874",
            "-251": "0",
            "-250": "661",
            "-249": "0",
            "-248": "3767",
            "-247": "0",
            "-246": "271",
            "-245": "0",
            "-244": "335",
            "-243": "0",
            "-242": "555",
            "-241": "0",
            "-240": "450",
            "-239": "0",
            "-238": "355",
            "-237": "0",
            "-236": "294",
            "-235": "0",
            "-234": "510",
            "-233": "0",
            "-232": "446",
            "-231": "0",
            "-230": "439",
            "-229": "0",
            "-228": "1955",
            "-227": "0",
            "-226": "551",
            "-225": "0",
            "-224": "712",
            "-223": "0",
            "-222": "498",
            "-221": "0",
            "-220": "489",
            "-219": "0",
            "-218": "595",
            "-217": "0",
            "-216": "2166",
            "-215": "0",
            "-214": "334",
            "-213": "0",
            "-212": "575",
            "-211": "0",
            "-210": "805",
            "-209": "0",
            "-208": "771",
            "-207": "0",
            "-206": "641",
            "-205": "0",
            "-204": "615",
            "-203": "0",
            "-202": "600",
            "-201": "0",
            "-200": "333",
            "-199": "0",
            "-198": "247",
            "-197": "0",
            "-196": "306",
            "-195": "0",
            "-194": "490",
            "-193": "0",
            "-192": "559",
            "-191": "0",
            "-190": "614",
            "-189": "0",
            "-188": "10857",
            "-187": "0",
            "-186": "562",
            "-185": "0",
            "-184": "6817",
            "-183": "0",
            "-182": "479",
            "-181": "0",
            "-180": "406",
            "-179": "0",
            "-178": "447",
            "-177": "0",
            "-176": "275787",
            "-175": "0",
            "-174": "745",
            "-173": "0",
            "-172": "640",
            "-171": "0",
            "-170": "602",
            "-169": "0",
            "-168": "67406",
            "-167": "0",
            "-166": "1044",
            "-165": "0",
            "-164": "2819",
            "-163": "0",
            "-162": "764",
            "-161": "0",
            "-160": "7382",
            "-159": "0",
            "-158": "459",
            "-157": "0",
            "-156": "568",
            "-155": "0",
            "-154": "379",
            "-153": "0",
            "-152": "497",
            "-151": "0",
            "-150": "705",
            "-149": "0",
            "-148": "656",
            "-147": "0",
            "-146": "712",
            "-145": "0",
            "-144": "878",
            "-143": "0",
            "-142": "400",
            "-141": "0",
            "-140": "790",
            "-139": "0",
            "-138": "513",
            "-137": "0",
            "-136": "878",
            "-135": "0",
            "-134": "1039",
            "-133": "0",
            "-132": "1274",
            "-131": "0",
            "-130": "619",
            "-129": "0",
            "-128": "2710",
            "-127": "0",
            "-126": "1735",
            "-125": "0",
            "-124": "5774",
            "-123": "0",
            "-122": "1093",
            "-121": "0",
            "-120": "25013",
            "-119": "0",
            "-118": "782",
            "-117": "0",
            "-116": "15739",
            "-115": "0",
            "-114": "811",
            "-113": "0",
            "-112": "15057",
            "-111": "0",
            "-110": "876",
            "-109": "0",
            "-108": "10923",
            "-107": "0",
            "-106": "712",
            "-105": "0",
            "-104": "7864",
            "-103": "0",
            "-102": "425",
            "-101": "0",
            "-100": "5337",
            "-99": "0",
            "-98": "917",
            "-97": "0",
            "-96": "2160",
            "-95": "0",
            "-94": "1018",
            "-93": "0",
            "-92": "6436",
            "-91": "0",
            "-90": "1054",
            "-89": "0",
            "-88": "58093",
            "-87": "0",
            "-86": "2162",
            "-85": "0",
            "-84": "13589",
            "-83": "0",
            "-82": "2536",
            "-81": "0",
            "-80": "90233",
            "-79": "0",
            "-78": "1322",
            "-77": "0",
            "-76": "6953",
            "-75": "0",
            "-74": "855",
            "-73": "0",
            "-72": "10603",
            "-71": "0",
            "-70": "763",
            "-69": "0",
            "-68": "9639",
            "-67": "0",
            "-66": "769",
            "-65": "0",
            "-64": "23635",
            "-63": "0",
            "-62": "672",
            "-61": "0",
            "-60": "59047",
            "-59": "0",
            "-58": "543",
            "-57": "0",
            "-56": "152733",
            "-55": "0",
            "-54": "481",
            "-53": "0",
            "-52": "128625",
            "-51": "0",
            "-50": "635",
            "-49": "0",
            "-48": "21179",
            "-47": "0",
            "-46": "1761",
            "-45": "0",
            "-44": "51358",
            "-43": "0",
            "-42": "25250",
            "-41": "0",
            "-40": "63819",
            "-39": "0",
            "-38": "2320",
            "-37": "0",
            "-36": "85487",
            "-35": "0",
            "-34": "796",
            "-33": "0",
            "-32": "222487",
            "-31": "0",
            "-30": "417",
            "-29": "0",
            "-28": "32785",
            "-27": "0",
            "-26": "338",
            "-25": "0",
            "-24": "244316",
            "-23": "0",
            "-22": "321",
            "-21": "0",
            "-20": "143968",
            "-19": "0",
            "-18": "471",
            "-17": "0",
            "-16": "268086",
            "-15": "0",
            "-14": "361",
            "-13": "1",
            "-12": "444634",
            "-11": "0",
            "-10": "264",
            "-9": "0",
            "-8": "1941353",
            "-7": "0",
            "-6": "623",
            "-5": "0",
            "-4": "1034920",
            "-3": "0",
            "-2": "23386",
            "-1": "0",
            "0": "2398345",
            "1": "0",
            "2": "23279",
            "3": "0",
            "4": "1773283",
            "5": "0",
            "6": "1338",
            "7": "0",
            "8": "2613270",
            "9": "125",
            "10": "432",
            "11": "0",
            "12": "157584",
            "13": "0",
            "14": "148",
            "15": "0",
            "16": "396580",
            "17": "0",
            "18": "136",
            "19": "0",
            "20": "117883",
            "21": "0",
            "22": "87",
            "23": "0",
            "24": "166786",
            "25": "0",
            "26": "100",
            "27": "0",
            "28": "49982",
            "29": "0",
            "30": "148",
            "31": "0",
            "32": "157955",
            "33": "0",
            "34": "298",
            "35": "0",
            "36": "325192",
            "37": "0",
            "38": "1089",
            "39": "0",
            "40": "62705",
            "41": "0",
            "42": "25759",
            "43": "0",
            "44": "55247",
            "45": "0",
            "46": "1820",
            "47": "72",
            "48": "45766",
            "49": "592",
            "50": "907",
            "51": "268",
            "52": "179724",
            "53": "232",
            "54": "686",
            "55": "200",
            "56": "43410",
            "57": "155",
            "58": "580",
            "59": "51",
            "60": "4059",
            "61": "86",
            "62": "513",
            "63": "154",
            "64": "12087",
            "65": "165",
            "66": "750",
            "67": "146",
            "68": "649",
            "69": "107",
            "70": "932",
            "71": "90",
            "72": "4959",
            "73": "87",
            "74": "464",
            "75": "19",
            "76": "1141",
            "77": "148",
            "78": "813",
            "79": "113",
            "80": "52903",
            "81": "238",
            "82": "1930",
            "83": "113",
            "84": "190021",
            "85": "0",
            "86": "1186",
            "87": "0",
            "88": "50831",
            "89": "195",
            "90": "1368",
            "91": "113",
            "92": "1124",
            "93": "160",
            "94": "900",
            "95": "119",
            "96": "1504",
            "97": "109",
            "98": "658",
            "99": "43",
            "100": "750",
            "101": "72",
            "102": "277",
            "103": "47",
            "104": "738",
            "105": "152",
            "106": "476",
            "107": "268",
            "108": "707",
            "109": "97",
            "110": "749",
            "111": "243",
            "112": "552",
            "113": "19",
            "114": "356",
            "115": "4",
            "116": "189",
            "117": "113",
            "118": "385",
            "119": "37",
            "120": "1479",
            "121": "240",
            "122": "727",
            "123": "203",
            "124": "1105",
            "125": "249",
            "126": "1165",
            "127": "0",
            "128": "688",
            "129": "0",
            "130": "623",
            "131": "94",
            "132": "969",
            "133": "90",
            "134": "490",
            "135": "6",
            "136": "448",
            "137": "34",
            "138": "160",
            "139": "35",
            "140": "140",
            "141": "64",
            "142": "254",
            "143": "2",
            "144": "629",
            "145": "246",
            "146": "500",
            "147": "43",
            "148": "902",
            "149": "266",
            "150": "261",
            "151": "205",
            "152": "518",
            "153": "5",
            "154": "581",
            "155": "8",
            "156": "184",
            "157": "160",
            "158": "670",
            "159": "10",
            "160": "10988",
            "161": "53",
            "162": "263",
            "163": "159",
            "164": "187645",
            "165": "256",
            "166": "795",
            "167": "167",
            "168": "61355",
            "169": "0",
            "170": "328",
            "171": "0",
            "172": "412",
            "173": "91",
            "174": "881",
            "175": "73",
            "176": "11646",
            "177": "31",
            "178": "209",
            "179": "42",
            "180": "119",
            "181": "30",
            "182": "251",
            "183": "2",
            "184": "87725",
            "185": "43",
            "186": "98",
            "187": "0",
            "188": "187",
            "189": "137",
            "190": "322",
            "191": "1",
            "192": "349",
            "193": "10",
            "194": "108",
            "195": "29",
            "196": "137",
            "197": "18",
            "198": "178",
            "199": "153",
            "200": "10921",
            "201": "27",
            "202": "600",
            "203": "69",
            "204": "343",
            "205": "32",
            "206": "1018",
            "207": "128",
            "208": "622",
            "209": "182",
            "210": "574",
            "211": "0",
            "212": "181",
            "213": "0",
            "214": "231",
            "215": "308",
            "216": "472",
            "217": "97",
            "218": "701",
            "219": "113",
            "220": "870",
            "221": "59",
            "222": "776",
            "223": "80",
            "224": "2249",
            "225": "49",
            "226": "403",
            "227": "3",
            "228": "789",
            "229": "20",
            "230": "104",
            "231": "0",
            "232": "155",
            "233": "14",
            "234": "140",
            "235": "33",
            "236": "707",
            "237": "44",
            "238": "461",
            "239": "53",
            "240": "654",
            "241": "109",
            "242": "191",
            "243": "237",
            "244": "413",
            "245": "11",
            "246": "847",
            "247": "93",
            "248": "522",
            "249": "109",
            "250": "578",
            "251": "114",
            "252": "609",
            "253": "0",
            "254": "170",
            "255": "0",
            "256": "10861933",


# END_DYNAMIC_STATS
