# Mix output version 2
# FINI: end of program
# EMIT_DYNAMIC_STATS FOR TID 1, ins = 100101499
Dynamic Instruction Count = 100101499, Dyn BBL Count = 15974262
RAWdep[ 0] = 0
RAWdep[ 1] = 42656171
RAWdep[ 2] = 16977007
RAWdep[ 3] = 15011816
RAWdep[ 4] = 8012542
RAWdep[ 5] = 4321686
RAWdep[ 6] = 4761580
RAWdep[ 7] = 2848042
RAWdep[ 8] = 2893979
RAWdep[ 9] = 2714892
RAWdep[ 10] = 2420181
RAWdep[ 11] = 1886423
RAWdep[ 12] = 1299898
RAWdep[ 13] = 1510969
RAWdep[ 14] = 652660
RAWdep[ 15] = 1031931
RAWdep[ 16] = 1283960
RAWdep[ 17] = 1156123
RAWdep[ 18] = 472089
RAWdep[ 19] = 831207
RAWdep[ 20] = 941313
RAWdep[ 21] = 606628
RAWdep[ 22] = 816960
RAWdep[ 23] = 984007
RAWdep[ 24] = 657054
RAWdep[ 25] = 419382
RAWdep[ 26] = 226604
RAWdep[ 27] = 448227
RAWdep[ 28] = 719053
RAWdep[ 29] = 1121532
RAWdep[ 30] = 502545
RAWdep[ 31] = 464850
RAWdep[ 32] = 1071656
RAWdep[ 33] = 30128819

WAWdep[ 0] = 0
WAWdep[ 1] = 24761078
WAWdep[ 2] = 17978200
WAWdep[ 3] = 15750150
WAWdep[ 4] = 7715096
WAWdep[ 5] = 5531695
WAWdep[ 6] = 6781151
WAWdep[ 7] = 2734867
WAWdep[ 8] = 2582549
WAWdep[ 9] = 3678313
WAWdep[ 10] = 2937386
WAWdep[ 11] = 1430210
WAWdep[ 12] = 1483255
WAWdep[ 13] = 2542538
WAWdep[ 14] = 1197594
WAWdep[ 15] = 919603
WAWdep[ 16] = 1212100
WAWdep[ 17] = 1007481
WAWdep[ 18] = 515948
WAWdep[ 19] = 734113
WAWdep[ 20] = 861759
WAWdep[ 21] = 838172
WAWdep[ 22] = 384330
WAWdep[ 23] = 411678
WAWdep[ 24] = 592207
WAWdep[ 25] = 296207
WAWdep[ 26] = 224915
WAWdep[ 27] = 636574
WAWdep[ 28] = 348130
WAWdep[ 29] = 278104
WAWdep[ 30] = 226753
WAWdep[ 31] = 193494
WAWdep[ 32] = 957589
WAWdep[ 33] = 16350998

WARdep[ 0] = 44632997
WARdep[ 1] = 9249586
WARdep[ 2] = 8666634
WARdep[ 3] = 6080049
WARdep[ 4] = 4527830
WARdep[ 5] = 4018311
WARdep[ 6] = 2749461
WARdep[ 7] = 3432187
WARdep[ 8] = 2661707
WARdep[ 9] = 2076888
WARdep[ 10] = 2884484
WARdep[ 11] = 2098007
WARdep[ 12] = 1389723
WARdep[ 13] = 1234546
WARdep[ 14] = 1099845
WARdep[ 15] = 669694
WARdep[ 16] = 972417
WARdep[ 17] = 811298
WARdep[ 18] = 924895
WARdep[ 19] = 1027463
WARdep[ 20] = 1152719
WARdep[ 21] = 832931
WARdep[ 22] = 848949
WARdep[ 23] = 332461
WARdep[ 24] = 797579
WARdep[ 25] = 894122
WARdep[ 26] = 876704
WARdep[ 27] = 718772
WARdep[ 28] = 525085
WARdep[ 29] = 513479
WARdep[ 30] = 423226
WARdep[ 31] = 665768
WARdep[ 32] = 606331
WARdep[ 33] = 13698089


		"0": "0",
		"1": "42656171",
		"2": "16977007",
		"3": "15011816",
		"4": "8012542",
		"5": "4321686",
		"6": "4761580",
		"7": "2848042",
		"8": "2893979",
		"9": "2714892",
		"10": "2420181",
		"11": "1886423",
		"12": "1299898",
		"13": "1510969",
		"14": "652660",
		"15": "1031931",
		"16": "1283960",
		"17": "1156123",
		"18": "472089",
		"19": "831207",
		"20": "941313",
		"21": "606628",
		"22": "816960",
		"23": "984007",
		"24": "657054",
		"25": "419382",
		"26": "226604",
		"27": "448227",
		"28": "719053",
		"29": "1121532",
		"30": "502545",
		"31": "464850",
		"32": "1071656",
		"33": "30128819",


# END_DYNAMIC_STATS
