# Branch output version 3
Dynamic_Instruction_Count: 100001511
Dynamic_Conditional_Branch_Count: 15372022
Dynamic_Unconditional_Branch_Count: 1630620
Total_Taken_Branches: 8851262
Total_Branch_Transitions: 1735739

Local Branch Stats (Total Count; Taken Count; Transition Count)
27 0 0
27 0 0
27 0 0
27 0 0
27 0 0
27 0 0
27 0 0
27 0 0
27 0 0
27 27 0
27 0 0
27 0 0
27 0 0
27 0 0
27 0 0
27 0 0
27 0 0
27 0 0
27 0 0
27 0 0
27 0 0
27 0 0
27 0 0
27 0 0
27 27 0
27 0 0
27 27 0
27 27 0
27 0 0
27 27 0
27 0 0
27 27 0
27 0 0
27 0 0
27 27 0
27 27 0
27 27 0
27 27 0
27 0 0
27 0 0
55296 55269 53
27 0 0
54 0 0
54 27 53
27 27 0
27 0 0
27 0 0
27 0 0
27 27 0
27 0 0
27 0 0
27 27 0
27 27 0
27 27 0
98607 161 322
98446 15106 25290
83340 55393 22166
81790 35921 33437
268324 53843 90956
269874 268324 3099
55393 37115 24196
18278 1550 1838
634194 2448 4896
631746 16404 31344
615342 471284 82086
431531 160859 154368
4200914 287473 505156
4384726 4200914 367623
17757 967 1050
16790 2490 2042
2490 0 0
2490 2337 268
145835 2180 4117
145992 145835 314
17757 17757 0
17757 17757 0
17757 5813 5356
11944 107 198
11837 9946 2255
7811 6476 1337
16817 0 0
16817 0 0
17757 5739 6255
16422 0 0
16422 10466 5484
44085 9526 12997
45025 44085 1880
940 0 0
940 940 0
201724 0 0
201724 0 0
201724 2492 4983
201723 201723 0
284 0 0
6816 4544 4543
2272 284 567
1988 1988 0
284 284 0
284 0 0
284 0 0
5964 3976 3975
1988 0 0
1988 1704 567
6871 2591 1810
4280 526 470
3754 2477 1484
3754 0 0
3754 3504 464
3754 1728 1751
3754 16 32
3738 3124 1069
2416 1802 1195
2477 1835 664
526 341 118
185 108 90
77 30 30
185 185 0
1728 0 0
341 20 29
506 422 69
506 0 0
506 472 61
28960 25836 6247
2591 905 1168
2591 1102 692
422 395 40
7240 6335 1809
27 0 0
6898 27 54
6871 792 1418
130493 0 0
130493 6871 13741
123622 111103 25027
13311 13260 102
51 0 0
6898 0 0
6898 0 0
6898 0 0
6898 6871 54
27 27 0
6871 6871 0
13311 13260 102
13311 13311 0
6871 4087 1454
4087 986 1972
3101 30 59
3100 187 372
3100 0 0
4086 4086 0
16071 4035 8069
16344 14813 2430
1531 562 481
969 0 0
969 828 187
117551 473 821
117906 117551 710
969 696 278
273 222 79
4086 3682 340
404 0 0
2992 2805 373
119 0 0
31369 26141 10456
5228 5110 236
118 0 0
3540 3422 235
118 89 58
14964 11368 6960
3596 3567 57
3682 1595 1986
2087 2087 0
1595 1198 252
397 2 4
395 395 0
1200 1032 188
1344 1176 335
1200 26 28
1200 2 4
7398 6200 2291
4792 4713 150
79 15 10
64 28 34
281 8 6
281 202 109
4792 3594 2395
1198 10 10
1188 1185 4
4 1 2
5376 2021 804
7354 184 122
7354 2626 2818
7354 5376 718
8256 7224 2063
26 9 12
1198 0 0
14657 986 1879
13671 13647 48
24 1 1
23 19 5
4 4 0
24 0 0
24 1 1
23 19 5
476 246 54
230 125 38
105 48 12
13671 8103 3647
44544 38976 11135
13671 8704 3811
13671 6094 4063
13671 0 0
13671 4971 3807
8700 5771 3397
2929 0 0
2929 2725 352
466 194 68
476 466 20
204 164 58
40 12 18
40 26 17
136 122 27
40 19 21
54684 8125 14628
54684 41013 27341
13671 13671 0
13671 1959 1583
11712 8304 4588
10450 7042 4277
11712 9476 1880
3038 802 1230
52342 22443 9092
62684 46223 9732
62684 27042 26292
62684 26568 13298
62684 52342 4724
22443 0 0
27042 0 0
27042 1957 3112
3893 1911 808
3939 3893 92
27042 26610 710
3456 3024 863
432 293 167
862 723 255
432 255 177
27042 11712 15645
8125 3435 3146
4690 0 0
4690 1386 1826
10140 3304 4655
10140 10140 0
4690 4662 56
119 91 35
4690 4205 674
485 214 152
14830 14320 316
14830 10140 6608
4690 4690 0
2599 80 160
7209 2599 968
4690 4444 140
1968 1722 491
246 232 25
151 137 27
246 214 43
13671 13459 390
13647 5649 3589
7999 7527 252
64824 56721 16205
1 1 0
5649 5568 150
81 81 0
6094 319 536
5775 275 102
5819 5750 116
1 0 0
2021 0 0
2626 1188 1473
19 6 5
5568 3803 1710
3982 1198 1453
3982 3962 40
20 1 1
3803 1641 2477
27 0 0
27 0 0
27 27 0
27 27 0
27 0 0
27 0 0
27 0 0
27 0 0
27 0 0
27 27 0
27 0 0
54 0 0
54 0 0
54 0 0
54 0 0
54 0 0
54 54 0
54 0 0
54 0 0
54 0 0
6858 6804 107
