# Mix output version 2
# FINI: end of program
# EMIT_DYNAMIC_STATS FOR TID 1, ins = 100001511
Dynamic Instruction Count = 100001511, Dyn BBL Count = 17002642
RAWdep[ 0] = 0
RAWdep[ 1] = 34307114
RAWdep[ 2] = 10119794
RAWdep[ 3] = 16805741
RAWdep[ 4] = 4018410
RAWdep[ 5] = 6067007
RAWdep[ 6] = 2010878
RAWdep[ 7] = 2630170
RAWdep[ 8] = 5752047
RAWdep[ 9] = 2078986
RAWdep[ 10] = 1064491
RAWdep[ 11] = 1096765
RAWdep[ 12] = 918116
RAWdep[ 13] = 923920
RAWdep[ 14] = 722241
RAWdep[ 15] = 399141
RAWdep[ 16] = 1743329
RAWdep[ 17] = 669024
RAWdep[ 18] = 1289035
RAWdep[ 19] = 1212759
RAWdep[ 20] = 376686
RAWdep[ 21] = 268436
RAWdep[ 22] = 764097
RAWdep[ 23] = 674236
RAWdep[ 24] = 1652755
RAWdep[ 25] = 325981
RAWdep[ 26] = 117907
RAWdep[ 27] = 99525
RAWdep[ 28] = 415841
RAWdep[ 29] = 406417
RAWdep[ 30] = 344240
RAWdep[ 31] = 484948
RAWdep[ 32] = 1087350
RAWdep[ 33] = 61860721

WAWdep[ 0] = 0
WAWdep[ 1] = 20132066
WAWdep[ 2] = 22334176
WAWdep[ 3] = 9874112
WAWdep[ 4] = 7176078
WAWdep[ 5] = 11941455
WAWdep[ 6] = 6423360
WAWdep[ 7] = 4537678
WAWdep[ 8] = 9202548
WAWdep[ 9] = 796004
WAWdep[ 10] = 1009464
WAWdep[ 11] = 630945
WAWdep[ 12] = 945379
WAWdep[ 13] = 1457775
WAWdep[ 14] = 511753
WAWdep[ 15] = 893107
WAWdep[ 16] = 386277
WAWdep[ 17] = 1038390
WAWdep[ 18] = 881763
WAWdep[ 19] = 798802
WAWdep[ 20] = 489749
WAWdep[ 21] = 166903
WAWdep[ 22] = 208245
WAWdep[ 23] = 112497
WAWdep[ 24] = 521387
WAWdep[ 25] = 442451
WAWdep[ 26] = 65797
WAWdep[ 27] = 126111
WAWdep[ 28] = 66815
WAWdep[ 29] = 197522
WAWdep[ 30] = 100530
WAWdep[ 31] = 58496
WAWdep[ 32] = 465976
WAWdep[ 33] = 11355216

WARdep[ 0] = 40254082
WARdep[ 1] = 10883340
WARdep[ 2] = 6875060
WARdep[ 3] = 3776719
WARdep[ 4] = 7243677
WARdep[ 5] = 5468069
WARdep[ 6] = 1846673
WARdep[ 7] = 2803884
WARdep[ 8] = 792729
WARdep[ 9] = 1336189
WARdep[ 10] = 991123
WARdep[ 11] = 1188160
WARdep[ 12] = 2048615
WARdep[ 13] = 1303096
WARdep[ 14] = 1459387
WARdep[ 15] = 1012724
WARdep[ 16] = 794457
WARdep[ 17] = 443827
WARdep[ 18] = 697110
WARdep[ 19] = 664507
WARdep[ 20] = 908233
WARdep[ 21] = 404858
WARdep[ 22] = 1109865
WARdep[ 23] = 183837
WARdep[ 24] = 157508
WARdep[ 25] = 469911
WARdep[ 26] = 147417
WARdep[ 27] = 72818
WARdep[ 28] = 534061
WARdep[ 29] = 416612
WARdep[ 30] = 910700
WARdep[ 31] = 128601
WARdep[ 32] = 291390
WARdep[ 33] = 17729588


		"0": "0",
		"1": "34307114",
		"2": "10119794",
		"3": "16805741",
		"4": "4018410",
		"5": "6067007",
		"6": "2010878",
		"7": "2630170",
		"8": "5752047",
		"9": "2078986",
		"10": "1064491",
		"11": "1096765",
		"12": "918116",
		"13": "923920",
		"14": "722241",
		"15": "399141",
		"16": "1743329",
		"17": "669024",
		"18": "1289035",
		"19": "1212759",
		"20": "376686",
		"21": "268436",
		"22": "764097",
		"23": "674236",
		"24": "1652755",
		"25": "325981",
		"26": "117907",
		"27": "99525",
		"28": "415841",
		"29": "406417",
		"30": "344240",
		"31": "484948",
		"32": "1087350",
		"33": "61860721",


# END_DYNAMIC_STATS
