# Branch output version 3
Dynamic_Instruction_Count: 100101509
Dynamic_Conditional_Branch_Count: 10951469
Dynamic_Unconditional_Branch_Count: 5472354
Total_Taken_Branches: 10150144
Total_Branch_Transitions: 2683670

Local Branch Stats (Total Count; Taken Count; Transition Count)
15000 3685 6092
11315 4566 4740
15000 11250 7499
3750 0 0
3750 3740 20
10 10 0
3685 3675 20
10 0 0
4566 17 22
4549 1287 1577
3750 0 0
3750 0 0
3750 0 0
3750 0 0
3750 3750 0
33322 0 0
33322 0 0
33322 0 0
33322 0 0
37072 33322 7499
3750 1120 2019
2630 1010 1732
1620 754 1507
2884 2884 0
1010 0 0
2130 0 0
11 0 0
11 0 0
11 0 0
11 0 0
3750 0 0
3750 550 1099
3200 0 0
3750 550 1099
3200 0 0
1100 1100 0
1100 0 0
1100 1100 0
1100 0 0
1100 0 0
1100 1100 0
1100 0 0
1100 0 0
1100 1100 0
550 550 0
550 0 0
25374 7589 10343
21816 3384 6511
44550 25374 15420
22734 21168 3090
4950 4400 1099
7589 4031 3104
550 547 6
32796 494 988
32302 0 0
32302 56 112
32246 1722 2455
31071 14658 1098
16413 378 710
157264 3763 7525
4311 558 1099
3761 3761 0
558 8 16
3761 0 0
3761 11 22
3750 3750 0
8 0 0
550 550 0
550 0 0
550 550 0
550 0 0
550 0 0
550 0 0
550 0 0
550 0 0
550 550 0
550 550 0
550 0 0
550 550 0
550 0 0
550 550 0
550 0 0
550 0 0
318 288 56
30 13 17
17 0 0
17 5 9
12 0 0
12 3 5
9 0 0
9 0 0
9 0 0
36 9 17
27 4 7
18 1 2
40 18 26
36 27 17
9 0 0
9 0 0
9 0 0
9 0 0
36 9 17
27 4 7
18 1 2
40 18 26
36 27 17
13 13 0
5 5 0
3 3 0
137611 85012 45625
52599 749 1222
51850 816 1352
51034 219 384
15000 3750 7499
11250 2778 3108
7330 891 1443
14911 7330 10063
15000 11250 7499
40 10 19
30 5 10
20 0 0
45 20 30
40 30 19
550 0 0
4717 324 647
7589 4717 3047
2872 2646 452
4904 1317 2435
4904 1514 2691
4904 1090 1516
4904 4549 654
4904 3703 2120
1201 1 2
1200 14 22
1186 0 0
1186 6 12
1090 24 26
1066 0 0
1066 31 25
1035 0 0
1514 0 0
1514 27 53
1487 0 0
1487 0 0
1317 515 719
802 0 0
802 312 611
490 0 0
7156 1789 3577
5367 1236 1792
2895 658 1168
6368 2895 4244
7156 5367 3577
7156 2066 3219
7156 5367 3577
19788 4947 9893
14841 3304 4918
8394 2088 3213
17843 8394 12283
19788 14841 9893
4947 2881 1286
31071 1789 3392
117128 29282 58563
87846 21255 28165
46881 12348 17257
101124 46881 65276
117128 87846 58563
117128 71376 51440
117128 87846 58563
29282 730 1422
71376 34330 34110
37046 0 0
37046 7091 11201
29955 18475 14732
21073 4643 7330
21073 4864 6676
21073 4086 6557
21073 11480 6822
21073 16524 6841
4549 1125 1527
3424 835 1400
2589 0 0
2589 322 598
34330 27685 10758
42928 10732 21463
32196 10065 11787
14767 3825 5723
33073 14767 21908
42928 32196 21463
10732 4087 3526
7904 1976 3951
5928 2010 2663
2247 959 1092
5206 2247 3524
7904 5928 3951
1976 1246 1459
4086 554 927
3532 0 0
3532 164 306
3368 49 88
4864 0 0
4864 792 1329
4072 113 216
3959 292 546
4643 1327 1867
3316 300 503
3016 119 222
2897 0 0
24627 4693 6960
24627 3873 6236
24627 4358 7096
24627 18475 5014
24627 19769 7550
4858 1143 1611
3715 824 1265
2891 0 0
2891 534 902
4358 966 1447
3392 0 0
3392 886 1269
2506 105 192
3873 0 0
3873 626 1022
3247 559 800
2688 505 840
4693 1027 1622
3666 556 872
3110 853 1174
2257 0 0
7589 4020 3120
3569 1463 1451
2106 2104 4
1463 9 16
183459 133160 63772
50299 24546 24599
25753 23451 2564
24546 2467 2832
95750 73809 25560
73809 9199 12600
70173 16091 20986
54082 5559 7640
52696 7797 11198
44899 4729 6290
43731 5504 8148
38227 4100 5484
37562 2365 3836
35197 5259 6709
117873 15803 30824
102070 27439 39969
114948 87935 54025
15803 0 0
2492 1137 803
17158 2492 4154
14666 1355 2082
27439 14514 9455
52781 25191 21722
108691 33587 56840
107121 81101 52039
51211 39856 15486
11355 11355 0
33587 16919 25182
7455 5885 1280
18238 7455 6674
10783 1570 2610
9199 5563 3299
5559 4173 1436
4729 3561 1198
4100 3435 826
207698 26612 53217
246637 184896 86400
61741 43415 17168
38940 34722 8284
43415 3150 5666
41614 34152 11149
34669 1959 3662
33574 28261 8532
30243 1750 3304
29417 24441 7794
26774 1557 2812
26009 21643 6836
24540 8471 10659
62941 7939 15238
55002 6975 11315
61202 14330 28659
7939 0 0
742 41 68
8640 742 1474
7898 701 1268
6975 3231 3110
9998 3759 4030
23439 8381 13252
22401 17200 10401
8960 6254 3156
2706 2706 0
8381 4048 6186
1975 937 547
5371 1975 2648
3396 1038 1472
3150 1349 1614
1959 864 994
1750 924 818
1557 792 723
28261 24930 5910
34152 27207 9990
24441 21798 4356
21643 20174 2664
30829 27842 5616
259 243 30
3084 104 182
2980 10 16
2970 1173 1438
1952 676 848
1405 860 618
786 94 162
692 51 92
2825 81 148
1173 155 260
676 129 200
860 241 353
618 122 228
618 88 173
618 119 233
618 90 168
48347 21686 20958
48347 32143 19104
48347 33007 17916
48347 34435 17124
123316 28922 42022
123316 92487 61657
28922 20168 10572
8754 8754 0
8754 4127 3869
89912 39122 44800
89912 67434 44955
22478 13724 7867
8754 5660 3647
3094 637 1187
2457 0 0
39122 32464 9546
6658 15 8
6643 3546 2980
4079 982 1770
3097 2536 931
4107 4107 0
5176 1069 1189
4107 975 1310
3132 1005 1148
2127 1070 954
1057 1057 0
1069 1069 0
14723 5969 5709
8754 1898 3046
6856 2344 3147
4512 2110 2236
2402 2402 0
5969 5969 0
693 693 0
693 558 174
135 135 0
693 0 0
693 558 174
693 693 0
693 558 174
135 0 0
135 135 0
32797 0 0
4311 4079 463
4079 4049 56
8624 0 0
87859 44124 44241
43735 0 0
43735 43735 0
43122 4598 8310
82259 150 290
82109 20273 25290
61836 22699 17647
44124 0 0
44124 0 0
85455 182 364
85273 20370 26277
64903 42094 20920
43361 41331 3736
2030 36 67
5024 415 798
6603 7 14
6596 2483 2936
4113 1579 1695
5021 377 720
9207 44 88
9163 2404 2738
6759 4186 1918
4598 4563 70
32796 1242 2467
31554 31554 0
87859 863 874
86996 65247 43497
55900 20887 31847
35013 34151 1724
20887 0 0
31554 725 1412
30830 10149 14378
49999 29318 26382
20681 686 1272
19995 0 0
48960 613 906
244626 41719 75961
202907 196279 13256
48347 32431 17176
48960 28965 25830
19995 9811 9421
10184 8312 2984
2672 0 0
2672 800 954
10184 10184 0
11 11 0
3750 0 0
3750 3750 0
3750 3750 0
242550 219816 11968
242550 242000 1099
550 0 0
217464 0 0
4313 2451 260
4313 1993 3986
2320 0 0
2320 1326 260
1993 868 260
3761 0 0
3761 3761 0
153426 0 0
157187 0 0
157187 7068 5279
157187 146336 17735
157187 153426 7521
3763 0 0
3763 1770 3539
1993 868 260
24704 728 1455
36438 24704 16176
11734 11594 280
1770 762 260
31549 762 1523
31549 21309 14663
41836 1008 2015
41836 28293 19444
47441 1125 2249
47441 32068 20987
8 8 0
8 8 0
8 8 0
317 8 15
317 8 15
309 265 72
309 301 16
8 8 0
318 8 15
318 0 0
318 0 0
318 9 18
309 56 79
253 0 0
8 0 0
8 0 0
8 0 0
2893 0 0
2893 0 0
2893 0 0
2893 0 0
2893 2216 1274
677 0 0
677 0 0
677 0 0
677 677 0
677 0 0
677 119 190
558 558 0
677 677 0
677 0 0
677 119 190
558 558 0
2216 0 0
2216 2216 0
2216 0 0
2216 2216 0
2216 0 0
2216 0 0
2216 0 0
2216 0 0
2216 2216 0
2216 0 0
2216 566 1099
1650 0 0
1650 0 0
1650 0 0
1650 1108 1083
542 542 0
2216 0 0
2216 1674 1084
2216 2216 0
2216 2216 0
2216 0 0
2216 0 0
2216 0 0
2216 2216 0
2216 0 0
542 0 0
542 0 0
542 0 0
2216 2216 0
3210 0 0
3210 2216 1115
994 317 16
677 677 0
677 0 0
2533 0 0
2533 2533 0
2933 0 0
3364 0 0
5897 1706 3396
4191 0 0
4191 0 0
4191 0 0
4191 2525 2215
3914 550 1099
3364 2264 2199
1100 1034 1
884 884 0
1034 818 103
216 0 0
818 0 0
2525 1116 1132
1409 1132 48
277 40 15
277 277 0
1706 0 0
2017 343 533
1674 0 0
1674 1149 1050
525 0 0
525 525 0
17178 0 0
19195 17178 3657
2017 1706 574
550 0 0
677 677 0
1706 0 0
1706 0 0
1706 0 0
1706 0 0
1706 1148 1115
558 558 0
1706 1698 16
8 0 0
1698 0 0
1698 0 0
1698 1140 1115
558 0 0
558 0 0
558 0 0
3210 0 0
3210 0 0
3210 3210 0
3210 0 0
3210 0 0
3210 3210 0
3210 0 0
3210 0 0
3210 0 0
3210 0 0
2893 0 0
2893 0 0
2893 0 0
2893 2893 0
4950 0 0
4950 0 0
4950 4950 0
4950 0 0
4950 0 0
4950 0 0
64900 59950 9899
2335 593 1124
1742 0 0
1742 1665 102
593 535 100
535 535 0
1665 0 0
1665 1665 0
535 0 0
1070 535 1069
3330 1665 3329
3210 0 0
