# Mix output version 2
# FINI: end of program
# EMIT_DYNAMIC_STATS FOR TID 1
# instructions = 100101509, basic blocks = 16488027
Local Byte Stride Bucket -256 is equal to 1069087
Local Byte Stride Bucket -255 is equal to 15
Local Byte Stride Bucket -254 is equal to 3
Local Byte Stride Bucket -252 is equal to 5908
Local Byte Stride Bucket -251 is equal to 7
Local Byte Stride Bucket -250 is equal to 1
Local Byte Stride Bucket -248 is equal to 7934
Local Byte Stride Bucket -246 is equal to 1
Local Byte Stride Bucket -244 is equal to 7798
Local Byte Stride Bucket -243 is equal to 1
Local Byte Stride Bucket -241 is equal to 4
Local Byte Stride Bucket -240 is equal to 7543
Local Byte Stride Bucket -239 is equal to 10
Local Byte Stride Bucket -238 is equal to 1
Local Byte Stride Bucket -237 is equal to 2
Local Byte Stride Bucket -236 is equal to 10621
Local Byte Stride Bucket -235 is equal to 8
Local Byte Stride Bucket -234 is equal to 6
Local Byte Stride Bucket -232 is equal to 8603
Local Byte Stride Bucket -231 is equal to 3
Local Byte Stride Bucket -230 is equal to 2
Local Byte Stride Bucket -229 is equal to 3
Local Byte Stride Bucket -228 is equal to 7319
Local Byte Stride Bucket -227 is equal to 1
Local Byte Stride Bucket -226 is equal to 19
Local Byte Stride Bucket -224 is equal to 445288
Local Byte Stride Bucket -223 is equal to 1
Local Byte Stride Bucket -222 is equal to 20
Local Byte Stride Bucket -221 is equal to 2
Local Byte Stride Bucket -220 is equal to 8560
Local Byte Stride Bucket -219 is equal to 1
Local Byte Stride Bucket -218 is equal to 43
Local Byte Stride Bucket -216 is equal to 6920
Local Byte Stride Bucket -214 is equal to 43
Local Byte Stride Bucket -213 is equal to 2
Local Byte Stride Bucket -212 is equal to 4567
Local Byte Stride Bucket -210 is equal to 97
Local Byte Stride Bucket -209 is equal to 2
Local Byte Stride Bucket -208 is equal to 5776
Local Byte Stride Bucket -207 is equal to 1
Local Byte Stride Bucket -206 is equal to 148
Local Byte Stride Bucket -205 is equal to 2
Local Byte Stride Bucket -204 is equal to 6211
Local Byte Stride Bucket -203 is equal to 35
Local Byte Stride Bucket -202 is equal to 137
Local Byte Stride Bucket -200 is equal to 6307
Local Byte Stride Bucket -198 is equal to 325
Local Byte Stride Bucket -197 is equal to 1
Local Byte Stride Bucket -196 is equal to 7088
Local Byte Stride Bucket -195 is equal to 1
Local Byte Stride Bucket -194 is equal to 265
Local Byte Stride Bucket -193 is equal to 11
Local Byte Stride Bucket -192 is equal to 48875
Local Byte Stride Bucket -191 is equal to 1
Local Byte Stride Bucket -190 is equal to 2518
Local Byte Stride Bucket -189 is equal to 2
Local Byte Stride Bucket -188 is equal to 10927
Local Byte Stride Bucket -187 is equal to 1
Local Byte Stride Bucket -186 is equal to 3134
Local Byte Stride Bucket -185 is equal to 1
Local Byte Stride Bucket -184 is equal to 9321
Local Byte Stride Bucket -183 is equal to 4
Local Byte Stride Bucket -182 is equal to 3949
Local Byte Stride Bucket -181 is equal to 1
Local Byte Stride Bucket -180 is equal to 12924
Local Byte Stride Bucket -179 is equal to 3
Local Byte Stride Bucket -178 is equal to 5305
Local Byte Stride Bucket -177 is equal to 5
Local Byte Stride Bucket -176 is equal to 17987
Local Byte Stride Bucket -175 is equal to 1
Local Byte Stride Bucket -174 is equal to 5847
Local Byte Stride Bucket -173 is equal to 2
Local Byte Stride Bucket -172 is equal to 11972
Local Byte Stride Bucket -171 is equal to 9
Local Byte Stride Bucket -170 is equal to 6769
Local Byte Stride Bucket -169 is equal to 2
Local Byte Stride Bucket -168 is equal to 11586
Local Byte Stride Bucket -166 is equal to 6305
Local Byte Stride Bucket -165 is equal to 2
Local Byte Stride Bucket -164 is equal to 12998
Local Byte Stride Bucket -162 is equal to 6113
Local Byte Stride Bucket -160 is equal to 82181
Local Byte Stride Bucket -158 is equal to 4657
Local Byte Stride Bucket -156 is equal to 13382
Local Byte Stride Bucket -155 is equal to 2
Local Byte Stride Bucket -154 is equal to 9523
Local Byte Stride Bucket -153 is equal to 4
Local Byte Stride Bucket -152 is equal to 12734
Local Byte Stride Bucket -151 is equal to 1
Local Byte Stride Bucket -150 is equal to 5278
Local Byte Stride Bucket -148 is equal to 16015
Local Byte Stride Bucket -146 is equal to 6982
Local Byte Stride Bucket -145 is equal to 1
Local Byte Stride Bucket -144 is equal to 21656
Local Byte Stride Bucket -143 is equal to 1
Local Byte Stride Bucket -142 is equal to 6917
Local Byte Stride Bucket -141 is equal to 2
Local Byte Stride Bucket -140 is equal to 22137
Local Byte Stride Bucket -138 is equal to 9108
Local Byte Stride Bucket -137 is equal to 1
Local Byte Stride Bucket -136 is equal to 20299
Local Byte Stride Bucket -134 is equal to 9381
Local Byte Stride Bucket -132 is equal to 33360
Local Byte Stride Bucket -131 is equal to 3
Local Byte Stride Bucket -130 is equal to 8805
Local Byte Stride Bucket -129 is equal to 5
Local Byte Stride Bucket -128 is equal to 112248
Local Byte Stride Bucket -127 is equal to 1
Local Byte Stride Bucket -126 is equal to 9915
Local Byte Stride Bucket -125 is equal to 4
Local Byte Stride Bucket -124 is equal to 20231
Local Byte Stride Bucket -123 is equal to 2
Local Byte Stride Bucket -122 is equal to 12249
Local Byte Stride Bucket -121 is equal to 1
Local Byte Stride Bucket -120 is equal to 20283
Local Byte Stride Bucket -118 is equal to 12999
Local Byte Stride Bucket -117 is equal to 1
Local Byte Stride Bucket -116 is equal to 22293
Local Byte Stride Bucket -115 is equal to 1
Local Byte Stride Bucket -114 is equal to 10352
Local Byte Stride Bucket -113 is equal to 1
Local Byte Stride Bucket -112 is equal to 19412
Local Byte Stride Bucket -111 is equal to 2
Local Byte Stride Bucket -110 is equal to 13259
Local Byte Stride Bucket -108 is equal to 20075
Local Byte Stride Bucket -107 is equal to 3
Local Byte Stride Bucket -106 is equal to 7589
Local Byte Stride Bucket -105 is equal to 1
Local Byte Stride Bucket -104 is equal to 19259
Local Byte Stride Bucket -103 is equal to 5
Local Byte Stride Bucket -102 is equal to 9410
Local Byte Stride Bucket -101 is equal to 1
Local Byte Stride Bucket -100 is equal to 24164
Local Byte Stride Bucket -99 is equal to 5
Local Byte Stride Bucket -98 is equal to 12688
Local Byte Stride Bucket -97 is equal to 2
Local Byte Stride Bucket -96 is equal to 24575
Local Byte Stride Bucket -95 is equal to 20
Local Byte Stride Bucket -94 is equal to 14516
Local Byte Stride Bucket -92 is equal to 36466
Local Byte Stride Bucket -91 is equal to 3
Local Byte Stride Bucket -90 is equal to 15300
Local Byte Stride Bucket -89 is equal to 3
Local Byte Stride Bucket -88 is equal to 48012
Local Byte Stride Bucket -87 is equal to 1
Local Byte Stride Bucket -86 is equal to 14229
Local Byte Stride Bucket -85 is equal to 2
Local Byte Stride Bucket -84 is equal to 36042
Local Byte Stride Bucket -83 is equal to 17
Local Byte Stride Bucket -82 is equal to 12788
Local Byte Stride Bucket -81 is equal to 2
Local Byte Stride Bucket -80 is equal to 21866
Local Byte Stride Bucket -79 is equal to 6
Local Byte Stride Bucket -78 is equal to 13403
Local Byte Stride Bucket -77 is equal to 2
Local Byte Stride Bucket -76 is equal to 20973
Local Byte Stride Bucket -75 is equal to 1
Local Byte Stride Bucket -74 is equal to 13014
Local Byte Stride Bucket -72 is equal to 28270
Local Byte Stride Bucket -71 is equal to 3
Local Byte Stride Bucket -70 is equal to 22378
Local Byte Stride Bucket -69 is equal to 7
Local Byte Stride Bucket -68 is equal to 31776
Local Byte Stride Bucket -67 is equal to 9
Local Byte Stride Bucket -66 is equal to 26389
Local Byte Stride Bucket -65 is equal to 3
Local Byte Stride Bucket -64 is equal to 884276
Local Byte Stride Bucket -63 is equal to 28
Local Byte Stride Bucket -62 is equal to 10462
Local Byte Stride Bucket -61 is equal to 3
Local Byte Stride Bucket -60 is equal to 26172
Local Byte Stride Bucket -59 is equal to 4
Local Byte Stride Bucket -58 is equal to 22899
Local Byte Stride Bucket -57 is equal to 1
Local Byte Stride Bucket -56 is equal to 50501
Local Byte Stride Bucket -55 is equal to 1
Local Byte Stride Bucket -54 is equal to 14362
Local Byte Stride Bucket -53 is equal to 2
Local Byte Stride Bucket -52 is equal to 41527
Local Byte Stride Bucket -51 is equal to 3
Local Byte Stride Bucket -50 is equal to 20831
Local Byte Stride Bucket -49 is equal to 11
Local Byte Stride Bucket -48 is equal to 237495
Local Byte Stride Bucket -47 is equal to 20
Local Byte Stride Bucket -46 is equal to 52757
Local Byte Stride Bucket -45 is equal to 3
Local Byte Stride Bucket -44 is equal to 113365
Local Byte Stride Bucket -43 is equal to 3
Local Byte Stride Bucket -42 is equal to 38891
Local Byte Stride Bucket -41 is equal to 3
Local Byte Stride Bucket -40 is equal to 63238
Local Byte Stride Bucket -39 is equal to 1
Local Byte Stride Bucket -38 is equal to 18849
Local Byte Stride Bucket -37 is equal to 1
Local Byte Stride Bucket -36 is equal to 39902
Local Byte Stride Bucket -34 is equal to 17209
Local Byte Stride Bucket -32 is equal to 157568
Local Byte Stride Bucket -31 is equal to 131
Local Byte Stride Bucket -30 is equal to 22357
Local Byte Stride Bucket -28 is equal to 89984
Local Byte Stride Bucket -27 is equal to 3
Local Byte Stride Bucket -26 is equal to 36447
Local Byte Stride Bucket -24 is equal to 311582
Local Byte Stride Bucket -22 is equal to 99114
Local Byte Stride Bucket -21 is equal to 1
Local Byte Stride Bucket -20 is equal to 80283
Local Byte Stride Bucket -19 is equal to 72
Local Byte Stride Bucket -18 is equal to 41762
Local Byte Stride Bucket -17 is equal to 2
Local Byte Stride Bucket -16 is equal to 87723
Local Byte Stride Bucket -15 is equal to 17
Local Byte Stride Bucket -14 is equal to 25370
Local Byte Stride Bucket -13 is equal to 11
Local Byte Stride Bucket -12 is equal to 309549
Local Byte Stride Bucket -10 is equal to 28300
Local Byte Stride Bucket -9 is equal to 1
Local Byte Stride Bucket -8 is equal to 222708
Local Byte Stride Bucket -7 is equal to 39
Local Byte Stride Bucket -6 is equal to 45087
Local Byte Stride Bucket -5 is equal to 3
Local Byte Stride Bucket -4 is equal to 335162
Local Byte Stride Bucket -3 is equal to 10
Local Byte Stride Bucket -2 is equal to 168062
Local Byte Stride Bucket -1 is equal to 9
Local Byte Stride Bucket 0 is equal to 19629860
Local Byte Stride Bucket 1 is equal to 11
Local Byte Stride Bucket 2 is equal to 233667
Local Byte Stride Bucket 3 is equal to 5
Local Byte Stride Bucket 4 is equal to 1823309
Local Byte Stride Bucket 5 is equal to 1
Local Byte Stride Bucket 6 is equal to 37814
Local Byte Stride Bucket 7 is equal to 7
Local Byte Stride Bucket 8 is equal to 475077
Local Byte Stride Bucket 9 is equal to 3
Local Byte Stride Bucket 10 is equal to 28553
Local Byte Stride Bucket 11 is equal to 1
Local Byte Stride Bucket 12 is equal to 69617
Local Byte Stride Bucket 13 is equal to 8
Local Byte Stride Bucket 14 is equal to 24348
Local Byte Stride Bucket 15 is equal to 7
Local Byte Stride Bucket 16 is equal to 52149
Local Byte Stride Bucket 18 is equal to 64610
Local Byte Stride Bucket 19 is equal to 4
Local Byte Stride Bucket 20 is equal to 251007
Local Byte Stride Bucket 21 is equal to 1
Local Byte Stride Bucket 22 is equal to 117569
Local Byte Stride Bucket 23 is equal to 2
Local Byte Stride Bucket 24 is equal to 287135
Local Byte Stride Bucket 25 is equal to 3
Local Byte Stride Bucket 26 is equal to 40951
Local Byte Stride Bucket 27 is equal to 12
Local Byte Stride Bucket 28 is equal to 39724
Local Byte Stride Bucket 29 is equal to 7
Local Byte Stride Bucket 30 is equal to 21174
Local Byte Stride Bucket 31 is equal to 6
Local Byte Stride Bucket 32 is equal to 34990
Local Byte Stride Bucket 33 is equal to 1
Local Byte Stride Bucket 34 is equal to 15838
Local Byte Stride Bucket 35 is equal to 1
Local Byte Stride Bucket 36 is equal to 127121
Local Byte Stride Bucket 37 is equal to 1
Local Byte Stride Bucket 38 is equal to 18745
Local Byte Stride Bucket 39 is equal to 2
Local Byte Stride Bucket 40 is equal to 240620
Local Byte Stride Bucket 41 is equal to 2
Local Byte Stride Bucket 42 is equal to 45001
Local Byte Stride Bucket 43 is equal to 8
Local Byte Stride Bucket 44 is equal to 218175
Local Byte Stride Bucket 45 is equal to 3
Local Byte Stride Bucket 46 is equal to 45057
Local Byte Stride Bucket 47 is equal to 24
Local Byte Stride Bucket 48 is equal to 233388
Local Byte Stride Bucket 49 is equal to 7
Local Byte Stride Bucket 50 is equal to 22253
Local Byte Stride Bucket 51 is equal to 3
Local Byte Stride Bucket 52 is equal to 42683
Local Byte Stride Bucket 53 is equal to 13
Local Byte Stride Bucket 54 is equal to 14410
Local Byte Stride Bucket 55 is equal to 1
Local Byte Stride Bucket 56 is equal to 43155
Local Byte Stride Bucket 57 is equal to 2
Local Byte Stride Bucket 58 is equal to 22747
Local Byte Stride Bucket 59 is equal to 2
Local Byte Stride Bucket 60 is equal to 26036
Local Byte Stride Bucket 61 is equal to 1
Local Byte Stride Bucket 62 is equal to 9891
Local Byte Stride Bucket 63 is equal to 31
Local Byte Stride Bucket 64 is equal to 698006
Local Byte Stride Bucket 65 is equal to 8
Local Byte Stride Bucket 66 is equal to 24443
Local Byte Stride Bucket 67 is equal to 9
Local Byte Stride Bucket 68 is equal to 32166
Local Byte Stride Bucket 69 is equal to 5
Local Byte Stride Bucket 70 is equal to 17860
Local Byte Stride Bucket 71 is equal to 3
Local Byte Stride Bucket 72 is equal to 24928
Local Byte Stride Bucket 74 is equal to 13482
Local Byte Stride Bucket 75 is equal to 2
Local Byte Stride Bucket 76 is equal to 20574
Local Byte Stride Bucket 78 is equal to 12838
Local Byte Stride Bucket 79 is equal to 6
Local Byte Stride Bucket 80 is equal to 22803
Local Byte Stride Bucket 81 is equal to 1
Local Byte Stride Bucket 82 is equal to 12513
Local Byte Stride Bucket 83 is equal to 3
Local Byte Stride Bucket 84 is equal to 33117
Local Byte Stride Bucket 86 is equal to 13277
Local Byte Stride Bucket 87 is equal to 2
Local Byte Stride Bucket 88 is equal to 53661
Local Byte Stride Bucket 89 is equal to 2
Local Byte Stride Bucket 90 is equal to 13238
Local Byte Stride Bucket 91 is equal to 2
Local Byte Stride Bucket 92 is equal to 36561
Local Byte Stride Bucket 93 is equal to 1
Local Byte Stride Bucket 94 is equal to 14513
Local Byte Stride Bucket 95 is equal to 2
Local Byte Stride Bucket 96 is equal to 24761
Local Byte Stride Bucket 97 is equal to 4
Local Byte Stride Bucket 98 is equal to 12066
Local Byte Stride Bucket 100 is equal to 22137
Local Byte Stride Bucket 101 is equal to 2
Local Byte Stride Bucket 102 is equal to 9576
Local Byte Stride Bucket 104 is equal to 18849
Local Byte Stride Bucket 105 is equal to 2
Local Byte Stride Bucket 106 is equal to 7447
Local Byte Stride Bucket 107 is equal to 2
Local Byte Stride Bucket 108 is equal to 19074
Local Byte Stride Bucket 109 is equal to 4
Local Byte Stride Bucket 110 is equal to 14244
Local Byte Stride Bucket 112 is equal to 19176
Local Byte Stride Bucket 114 is equal to 10485
Local Byte Stride Bucket 116 is equal to 21010
Local Byte Stride Bucket 117 is equal to 2
Local Byte Stride Bucket 118 is equal to 12469
Local Byte Stride Bucket 120 is equal to 19395
Local Byte Stride Bucket 122 is equal to 10308
Local Byte Stride Bucket 124 is equal to 18295
Local Byte Stride Bucket 125 is equal to 3
Local Byte Stride Bucket 126 is equal to 9748
Local Byte Stride Bucket 127 is equal to 1
Local Byte Stride Bucket 128 is equal to 59501
Local Byte Stride Bucket 129 is equal to 2
Local Byte Stride Bucket 130 is equal to 8519
Local Byte Stride Bucket 131 is equal to 4
Local Byte Stride Bucket 132 is equal to 28296
Local Byte Stride Bucket 133 is equal to 1
Local Byte Stride Bucket 134 is equal to 9723
Local Byte Stride Bucket 136 is equal to 18095
Local Byte Stride Bucket 138 is equal to 8243
Local Byte Stride Bucket 139 is equal to 1
Local Byte Stride Bucket 140 is equal to 16548
Local Byte Stride Bucket 142 is equal to 6243
Local Byte Stride Bucket 143 is equal to 1
Local Byte Stride Bucket 144 is equal to 16726
Local Byte Stride Bucket 145 is equal to 1
Local Byte Stride Bucket 146 is equal to 6509
Local Byte Stride Bucket 148 is equal to 16007
Local Byte Stride Bucket 149 is equal to 1
Local Byte Stride Bucket 150 is equal to 5056
Local Byte Stride Bucket 151 is equal to 1
Local Byte Stride Bucket 152 is equal to 11688
Local Byte Stride Bucket 153 is equal to 5
Local Byte Stride Bucket 154 is equal to 8779
Local Byte Stride Bucket 155 is equal to 1
Local Byte Stride Bucket 156 is equal to 13515
Local Byte Stride Bucket 158 is equal to 4447
Local Byte Stride Bucket 160 is equal to 83692
Local Byte Stride Bucket 162 is equal to 6108
Local Byte Stride Bucket 164 is equal to 11344
Local Byte Stride Bucket 165 is equal to 7
Local Byte Stride Bucket 166 is equal to 5182
Local Byte Stride Bucket 167 is equal to 2
Local Byte Stride Bucket 168 is equal to 12824
Local Byte Stride Bucket 169 is equal to 3
Local Byte Stride Bucket 170 is equal to 5434
Local Byte Stride Bucket 171 is equal to 7
Local Byte Stride Bucket 172 is equal to 10762
Local Byte Stride Bucket 173 is equal to 5
Local Byte Stride Bucket 174 is equal to 4664
Local Byte Stride Bucket 175 is equal to 2
Local Byte Stride Bucket 176 is equal to 15720
Local Byte Stride Bucket 177 is equal to 2
Local Byte Stride Bucket 178 is equal to 4393
Local Byte Stride Bucket 179 is equal to 1
Local Byte Stride Bucket 180 is equal to 10113
Local Byte Stride Bucket 181 is equal to 2
Local Byte Stride Bucket 182 is equal to 2911
Local Byte Stride Bucket 184 is equal to 8615
Local Byte Stride Bucket 185 is equal to 1
Local Byte Stride Bucket 186 is equal to 2470
Local Byte Stride Bucket 187 is equal to 2
Local Byte Stride Bucket 188 is equal to 10208
Local Byte Stride Bucket 189 is equal to 3
Local Byte Stride Bucket 190 is equal to 1885
Local Byte Stride Bucket 191 is equal to 4
Local Byte Stride Bucket 192 is equal to 14975
Local Byte Stride Bucket 193 is equal to 8
Local Byte Stride Bucket 195 is equal to 3
Local Byte Stride Bucket 196 is equal to 6513
Local Byte Stride Bucket 200 is equal to 6085
Local Byte Stride Bucket 202 is equal to 1
Local Byte Stride Bucket 203 is equal to 1
Local Byte Stride Bucket 204 is equal to 5937
Local Byte Stride Bucket 205 is equal to 1
Local Byte Stride Bucket 207 is equal to 4
Local Byte Stride Bucket 208 is equal to 6426
Local Byte Stride Bucket 209 is equal to 2
Local Byte Stride Bucket 210 is equal to 3
Local Byte Stride Bucket 211 is equal to 1
Local Byte Stride Bucket 212 is equal to 4249
Local Byte Stride Bucket 213 is equal to 1
Local Byte Stride Bucket 214 is equal to 1
Local Byte Stride Bucket 216 is equal to 6945
Local Byte Stride Bucket 218 is equal to 3
Local Byte Stride Bucket 220 is equal to 9183
Local Byte Stride Bucket 221 is equal to 1
Local Byte Stride Bucket 222 is equal to 3
Local Byte Stride Bucket 224 is equal to 291823
Local Byte Stride Bucket 226 is equal to 2
Local Byte Stride Bucket 228 is equal to 5382
Local Byte Stride Bucket 229 is equal to 6
Local Byte Stride Bucket 230 is equal to 1
Local Byte Stride Bucket 231 is equal to 7
Local Byte Stride Bucket 232 is equal to 12016
Local Byte Stride Bucket 235 is equal to 5
Local Byte Stride Bucket 236 is equal to 8716
Local Byte Stride Bucket 237 is equal to 5
Local Byte Stride Bucket 238 is equal to 3
Local Byte Stride Bucket 239 is equal to 8
Local Byte Stride Bucket 240 is equal to 22928
Local Byte Stride Bucket 241 is equal to 4
Local Byte Stride Bucket 244 is equal to 6944
Local Byte Stride Bucket 248 is equal to 7828
Local Byte Stride Bucket 250 is equal to 2
Local Byte Stride Bucket 251 is equal to 4
Local Byte Stride Bucket 252 is equal to 5563
Local Byte Stride Bucket 254 is equal to 3
Local Byte Stride Bucket 255 is equal to 9
Local Byte Stride Bucket 256 is equal to 1047692

Local Cache Stride Bucket -256 is equal to 309044
Local Cache Stride Bucket -255 is equal to 37
Local Cache Stride Bucket -254 is equal to 47
Local Cache Stride Bucket -253 is equal to 188
Local Cache Stride Bucket -252 is equal to 106
Local Cache Stride Bucket -251 is equal to 21
Local Cache Stride Bucket -250 is equal to 22
Local Cache Stride Bucket -249 is equal to 11
Local Cache Stride Bucket -248 is equal to 42
Local Cache Stride Bucket -247 is equal to 46
Local Cache Stride Bucket -246 is equal to 24
Local Cache Stride Bucket -245 is equal to 35
Local Cache Stride Bucket -244 is equal to 52
Local Cache Stride Bucket -243 is equal to 62
Local Cache Stride Bucket -242 is equal to 25
Local Cache Stride Bucket -241 is equal to 19
Local Cache Stride Bucket -240 is equal to 92
Local Cache Stride Bucket -239 is equal to 41
Local Cache Stride Bucket -238 is equal to 42
Local Cache Stride Bucket -237 is equal to 30
Local Cache Stride Bucket -236 is equal to 287
Local Cache Stride Bucket -235 is equal to 61
Local Cache Stride Bucket -234 is equal to 58
Local Cache Stride Bucket -233 is equal to 30
Local Cache Stride Bucket -232 is equal to 16
Local Cache Stride Bucket -231 is equal to 65
Local Cache Stride Bucket -230 is equal to 59
Local Cache Stride Bucket -229 is equal to 30
Local Cache Stride Bucket -228 is equal to 32
Local Cache Stride Bucket -227 is equal to 43
Local Cache Stride Bucket -226 is equal to 57
Local Cache Stride Bucket -225 is equal to 25
Local Cache Stride Bucket -224 is equal to 288
Local Cache Stride Bucket -223 is equal to 31
Local Cache Stride Bucket -222 is equal to 104
Local Cache Stride Bucket -221 is equal to 25
Local Cache Stride Bucket -220 is equal to 171
Local Cache Stride Bucket -219 is equal to 26
Local Cache Stride Bucket -218 is equal to 72
Local Cache Stride Bucket -217 is equal to 26
Local Cache Stride Bucket -216 is equal to 35
Local Cache Stride Bucket -215 is equal to 44
Local Cache Stride Bucket -214 is equal to 30
Local Cache Stride Bucket -213 is equal to 15
Local Cache Stride Bucket -212 is equal to 22
Local Cache Stride Bucket -211 is equal to 33
Local Cache Stride Bucket -210 is equal to 30
Local Cache Stride Bucket -209 is equal to 24
Local Cache Stride Bucket -208 is equal to 31
Local Cache Stride Bucket -207 is equal to 18
Local Cache Stride Bucket -206 is equal to 34
Local Cache Stride Bucket -205 is equal to 32
Local Cache Stride Bucket -204 is equal to 43
Local Cache Stride Bucket -203 is equal to 22
Local Cache Stride Bucket -202 is equal to 26
Local Cache Stride Bucket -201 is equal to 10
Local Cache Stride Bucket -200 is equal to 28
Local Cache Stride Bucket -199 is equal to 30
Local Cache Stride Bucket -198 is equal to 160
Local Cache Stride Bucket -197 is equal to 25
Local Cache Stride Bucket -196 is equal to 195
Local Cache Stride Bucket -195 is equal to 17
Local Cache Stride Bucket -194 is equal to 9
Local Cache Stride Bucket -193 is equal to 6
Local Cache Stride Bucket -192 is equal to 156
Local Cache Stride Bucket -191 is equal to 50
Local Cache Stride Bucket -190 is equal to 24
Local Cache Stride Bucket -189 is equal to 26
Local Cache Stride Bucket -188 is equal to 59
Local Cache Stride Bucket -187 is equal to 22
Local Cache Stride Bucket -186 is equal to 87
Local Cache Stride Bucket -185 is equal to 172
Local Cache Stride Bucket -184 is equal to 16
Local Cache Stride Bucket -183 is equal to 19
Local Cache Stride Bucket -182 is equal to 22
Local Cache Stride Bucket -181 is equal to 21
Local Cache Stride Bucket -180 is equal to 21
Local Cache Stride Bucket -179 is equal to 37
Local Cache Stride Bucket -178 is equal to 29
Local Cache Stride Bucket -177 is equal to 39
Local Cache Stride Bucket -176 is equal to 69
Local Cache Stride Bucket -175 is equal to 144
Local Cache Stride Bucket -174 is equal to 32
Local Cache Stride Bucket -173 is equal to 25
Local Cache Stride Bucket -172 is equal to 36
Local Cache Stride Bucket -171 is equal to 36
Local Cache Stride Bucket -170 is equal to 14
Local Cache Stride Bucket -169 is equal to 30
Local Cache Stride Bucket -168 is equal to 31
Local Cache Stride Bucket -167 is equal to 36
Local Cache Stride Bucket -166 is equal to 29
Local Cache Stride Bucket -165 is equal to 36
Local Cache Stride Bucket -164 is equal to 20
Local Cache Stride Bucket -163 is equal to 26
Local Cache Stride Bucket -162 is equal to 58
Local Cache Stride Bucket -161 is equal to 55
Local Cache Stride Bucket -160 is equal to 60
Local Cache Stride Bucket -159 is equal to 249
Local Cache Stride Bucket -158 is equal to 57
Local Cache Stride Bucket -157 is equal to 39
Local Cache Stride Bucket -156 is equal to 58
Local Cache Stride Bucket -155 is equal to 91
Local Cache Stride Bucket -154 is equal to 184
Local Cache Stride Bucket -153 is equal to 81
Local Cache Stride Bucket -152 is equal to 53
Local Cache Stride Bucket -151 is equal to 30
Local Cache Stride Bucket -150 is equal to 74
Local Cache Stride Bucket -149 is equal to 15
Local Cache Stride Bucket -148 is equal to 685
Local Cache Stride Bucket -147 is equal to 32
Local Cache Stride Bucket -146 is equal to 79
Local Cache Stride Bucket -145 is equal to 33
Local Cache Stride Bucket -144 is equal to 76
Local Cache Stride Bucket -143 is equal to 17
Local Cache Stride Bucket -142 is equal to 66
Local Cache Stride Bucket -141 is equal to 276
Local Cache Stride Bucket -140 is equal to 83
Local Cache Stride Bucket -139 is equal to 23
Local Cache Stride Bucket -138 is equal to 22
Local Cache Stride Bucket -137 is equal to 51
Local Cache Stride Bucket -136 is equal to 27
Local Cache Stride Bucket -135 is equal to 22
Local Cache Stride Bucket -134 is equal to 31
Local Cache Stride Bucket -133 is equal to 44
Local Cache Stride Bucket -132 is equal to 126
Local Cache Stride Bucket -131 is equal to 741
Local Cache Stride Bucket -130 is equal to 188
Local Cache Stride Bucket -129 is equal to 4660
Local Cache Stride Bucket -128 is equal to 4936
Local Cache Stride Bucket -127 is equal to 990
Local Cache Stride Bucket -126 is equal to 2590
Local Cache Stride Bucket -125 is equal to 47
Local Cache Stride Bucket -124 is equal to 46
Local Cache Stride Bucket -123 is equal to 19
Local Cache Stride Bucket -122 is equal to 64
Local Cache Stride Bucket -121 is equal to 178
Local Cache Stride Bucket -120 is equal to 86
Local Cache Stride Bucket -119 is equal to 69
Local Cache Stride Bucket -118 is equal to 1293
Local Cache Stride Bucket -117 is equal to 3469
Local Cache Stride Bucket -116 is equal to 474
Local Cache Stride Bucket -115 is equal to 28
Local Cache Stride Bucket -114 is equal to 25
Local Cache Stride Bucket -113 is equal to 24
Local Cache Stride Bucket -112 is equal to 41
Local Cache Stride Bucket -111 is equal to 100
Local Cache Stride Bucket -110 is equal to 3549
Local Cache Stride Bucket -109 is equal to 22
Local Cache Stride Bucket -108 is equal to 31
Local Cache Stride Bucket -107 is equal to 15
Local Cache Stride Bucket -106 is equal to 28
Local Cache Stride Bucket -105 is equal to 193
Local Cache Stride Bucket -104 is equal to 522
Local Cache Stride Bucket -103 is equal to 46
Local Cache Stride Bucket -102 is equal to 34
Local Cache Stride Bucket -101 is equal to 332
Local Cache Stride Bucket -100 is equal to 24
Local Cache Stride Bucket -99 is equal to 36
Local Cache Stride Bucket -98 is equal to 92
Local Cache Stride Bucket -97 is equal to 184
Local Cache Stride Bucket -96 is equal to 255
Local Cache Stride Bucket -95 is equal to 55
Local Cache Stride Bucket -94 is equal to 96
Local Cache Stride Bucket -93 is equal to 139
Local Cache Stride Bucket -92 is equal to 352
Local Cache Stride Bucket -91 is equal to 50
Local Cache Stride Bucket -90 is equal to 119
Local Cache Stride Bucket -89 is equal to 114
Local Cache Stride Bucket -88 is equal to 558
Local Cache Stride Bucket -87 is equal to 393
Local Cache Stride Bucket -86 is equal to 169
Local Cache Stride Bucket -85 is equal to 133
Local Cache Stride Bucket -84 is equal to 443
Local Cache Stride Bucket -83 is equal to 1096
Local Cache Stride Bucket -82 is equal to 261
Local Cache Stride Bucket -81 is equal to 199
Local Cache Stride Bucket -80 is equal to 118
Local Cache Stride Bucket -79 is equal to 1057
Local Cache Stride Bucket -78 is equal to 1320
Local Cache Stride Bucket -77 is equal to 601
Local Cache Stride Bucket -76 is equal to 459
Local Cache Stride Bucket -75 is equal to 82
Local Cache Stride Bucket -74 is equal to 243
Local Cache Stride Bucket -73 is equal to 108
Local Cache Stride Bucket -72 is equal to 130
Local Cache Stride Bucket -71 is equal to 128
Local Cache Stride Bucket -70 is equal to 24
Local Cache Stride Bucket -69 is equal to 607
Local Cache Stride Bucket -68 is equal to 387
Local Cache Stride Bucket -67 is equal to 54
Local Cache Stride Bucket -66 is equal to 78
Local Cache Stride Bucket -65 is equal to 173
Local Cache Stride Bucket -64 is equal to 354
Local Cache Stride Bucket -63 is equal to 266
Local Cache Stride Bucket -62 is equal to 64
Local Cache Stride Bucket -61 is equal to 32
Local Cache Stride Bucket -60 is equal to 114
Local Cache Stride Bucket -59 is equal to 46
Local Cache Stride Bucket -58 is equal to 72
Local Cache Stride Bucket -57 is equal to 2431
Local Cache Stride Bucket -56 is equal to 3110
Local Cache Stride Bucket -55 is equal to 248
Local Cache Stride Bucket -54 is equal to 763
Local Cache Stride Bucket -53 is equal to 1454
Local Cache Stride Bucket -52 is equal to 152
Local Cache Stride Bucket -51 is equal to 523
Local Cache Stride Bucket -50 is equal to 711
Local Cache Stride Bucket -49 is equal to 872
Local Cache Stride Bucket -48 is equal to 1070
Local Cache Stride Bucket -47 is equal to 1356
Local Cache Stride Bucket -46 is equal to 1220
Local Cache Stride Bucket -45 is equal to 1642
Local Cache Stride Bucket -44 is equal to 8395
Local Cache Stride Bucket -43 is equal to 5407
Local Cache Stride Bucket -42 is equal to 5895
Local Cache Stride Bucket -41 is equal to 4302
Local Cache Stride Bucket -40 is equal to 5146
Local Cache Stride Bucket -39 is equal to 11560
Local Cache Stride Bucket -38 is equal to 5289
Local Cache Stride Bucket -37 is equal to 3665
Local Cache Stride Bucket -36 is equal to 1844
Local Cache Stride Bucket -35 is equal to 4458
Local Cache Stride Bucket -34 is equal to 1136
Local Cache Stride Bucket -33 is equal to 277
Local Cache Stride Bucket -32 is equal to 4040
Local Cache Stride Bucket -31 is equal to 6147
Local Cache Stride Bucket -30 is equal to 267
Local Cache Stride Bucket -29 is equal to 791
Local Cache Stride Bucket -28 is equal to 16233
Local Cache Stride Bucket -27 is equal to 5087
Local Cache Stride Bucket -26 is equal to 332
Local Cache Stride Bucket -25 is equal to 8216
Local Cache Stride Bucket -24 is equal to 6839
Local Cache Stride Bucket -23 is equal to 331
Local Cache Stride Bucket -22 is equal to 1493
Local Cache Stride Bucket -21 is equal to 9976
Local Cache Stride Bucket -20 is equal to 759
Local Cache Stride Bucket -19 is equal to 2969
Local Cache Stride Bucket -18 is equal to 4969
Local Cache Stride Bucket -17 is equal to 2756
Local Cache Stride Bucket -16 is equal to 1319
Local Cache Stride Bucket -15 is equal to 605
Local Cache Stride Bucket -14 is equal to 21028
Local Cache Stride Bucket -13 is equal to 135757
Local Cache Stride Bucket -12 is equal to 83174
Local Cache Stride Bucket -11 is equal to 42186
Local Cache Stride Bucket -10 is equal to 7923
Local Cache Stride Bucket -9 is equal to 1769
Local Cache Stride Bucket -8 is equal to 3748
Local Cache Stride Bucket -7 is equal to 16254
Local Cache Stride Bucket -6 is equal to 61248
Local Cache Stride Bucket -5 is equal to 114854
Local Cache Stride Bucket -4 is equal to 358844
Local Cache Stride Bucket -3 is equal to 486982
Local Cache Stride Bucket -2 is equal to 613873
Local Cache Stride Bucket -1 is equal to 2394434
Local Cache Stride Bucket 0 is equal to 24619616
Local Cache Stride Bucket 1 is equal to 2454847
Local Cache Stride Bucket 2 is equal to 532360
Local Cache Stride Bucket 3 is equal to 366465
Local Cache Stride Bucket 4 is equal to 270829
Local Cache Stride Bucket 5 is equal to 87144
Local Cache Stride Bucket 6 is equal to 31216
Local Cache Stride Bucket 7 is equal to 18831
Local Cache Stride Bucket 8 is equal to 5130
Local Cache Stride Bucket 9 is equal to 672
Local Cache Stride Bucket 10 is equal to 6904
Local Cache Stride Bucket 11 is equal to 49486
Local Cache Stride Bucket 12 is equal to 94671
Local Cache Stride Bucket 13 is equal to 142487
Local Cache Stride Bucket 14 is equal to 62647
Local Cache Stride Bucket 15 is equal to 195
Local Cache Stride Bucket 16 is equal to 1504
Local Cache Stride Bucket 17 is equal to 7922
Local Cache Stride Bucket 18 is equal to 9937
Local Cache Stride Bucket 19 is equal to 3849
Local Cache Stride Bucket 20 is equal to 326
Local Cache Stride Bucket 21 is equal to 14744
Local Cache Stride Bucket 22 is equal to 1085
Local Cache Stride Bucket 23 is equal to 738
Local Cache Stride Bucket 24 is equal to 10339
Local Cache Stride Bucket 25 is equal to 13300
Local Cache Stride Bucket 26 is equal to 4242
Local Cache Stride Bucket 27 is equal to 3515
Local Cache Stride Bucket 28 is equal to 17686
Local Cache Stride Bucket 29 is equal to 616
Local Cache Stride Bucket 30 is equal to 1350
Local Cache Stride Bucket 31 is equal to 997
Local Cache Stride Bucket 32 is equal to 1715
Local Cache Stride Bucket 33 is equal to 2857
Local Cache Stride Bucket 34 is equal to 214
Local Cache Stride Bucket 35 is equal to 85
Local Cache Stride Bucket 36 is equal to 1256
Local Cache Stride Bucket 37 is equal to 2713
Local Cache Stride Bucket 38 is equal to 2808
Local Cache Stride Bucket 39 is equal to 3309
Local Cache Stride Bucket 40 is equal to 9101
Local Cache Stride Bucket 41 is equal to 2680
Local Cache Stride Bucket 42 is equal to 2054
Local Cache Stride Bucket 43 is equal to 3478
Local Cache Stride Bucket 44 is equal to 4524
Local Cache Stride Bucket 45 is equal to 643
Local Cache Stride Bucket 46 is equal to 1190
Local Cache Stride Bucket 47 is equal to 812
Local Cache Stride Bucket 48 is equal to 806
Local Cache Stride Bucket 49 is equal to 436
Local Cache Stride Bucket 50 is equal to 157
Local Cache Stride Bucket 51 is equal to 646
Local Cache Stride Bucket 52 is equal to 134
Local Cache Stride Bucket 53 is equal to 1020
Local Cache Stride Bucket 54 is equal to 886
Local Cache Stride Bucket 55 is equal to 66
Local Cache Stride Bucket 56 is equal to 142
Local Cache Stride Bucket 57 is equal to 166
Local Cache Stride Bucket 58 is equal to 339
Local Cache Stride Bucket 59 is equal to 124
Local Cache Stride Bucket 60 is equal to 102
Local Cache Stride Bucket 61 is equal to 83
Local Cache Stride Bucket 62 is equal to 214
Local Cache Stride Bucket 63 is equal to 386
Local Cache Stride Bucket 64 is equal to 502
Local Cache Stride Bucket 65 is equal to 240
Local Cache Stride Bucket 66 is equal to 59
Local Cache Stride Bucket 67 is equal to 22
Local Cache Stride Bucket 68 is equal to 61
Local Cache Stride Bucket 69 is equal to 133
Local Cache Stride Bucket 70 is equal to 61
Local Cache Stride Bucket 71 is equal to 71
Local Cache Stride Bucket 72 is equal to 418
Local Cache Stride Bucket 73 is equal to 741
Local Cache Stride Bucket 74 is equal to 427
Local Cache Stride Bucket 75 is equal to 83
Local Cache Stride Bucket 76 is equal to 633
Local Cache Stride Bucket 77 is equal to 722
Local Cache Stride Bucket 78 is equal to 1243
Local Cache Stride Bucket 79 is equal to 989
Local Cache Stride Bucket 80 is equal to 393
Local Cache Stride Bucket 81 is equal to 525
Local Cache Stride Bucket 82 is equal to 185
Local Cache Stride Bucket 83 is equal to 955
Local Cache Stride Bucket 84 is equal to 179
Local Cache Stride Bucket 85 is equal to 172
Local Cache Stride Bucket 86 is equal to 712
Local Cache Stride Bucket 87 is equal to 551
Local Cache Stride Bucket 88 is equal to 727
Local Cache Stride Bucket 89 is equal to 385
Local Cache Stride Bucket 90 is equal to 185
Local Cache Stride Bucket 91 is equal to 61
Local Cache Stride Bucket 92 is equal to 887
Local Cache Stride Bucket 93 is equal to 240
Local Cache Stride Bucket 94 is equal to 59
Local Cache Stride Bucket 95 is equal to 40
Local Cache Stride Bucket 96 is equal to 111
Local Cache Stride Bucket 97 is equal to 162
Local Cache Stride Bucket 98 is equal to 56
Local Cache Stride Bucket 99 is equal to 29
Local Cache Stride Bucket 100 is equal to 29
Local Cache Stride Bucket 101 is equal to 462
Local Cache Stride Bucket 102 is equal to 40
Local Cache Stride Bucket 103 is equal to 76
Local Cache Stride Bucket 104 is equal to 62
Local Cache Stride Bucket 105 is equal to 59
Local Cache Stride Bucket 106 is equal to 32
Local Cache Stride Bucket 107 is equal to 37
Local Cache Stride Bucket 108 is equal to 58
Local Cache Stride Bucket 109 is equal to 28
Local Cache Stride Bucket 110 is equal to 3580
Local Cache Stride Bucket 111 is equal to 47
Local Cache Stride Bucket 112 is equal to 35
Local Cache Stride Bucket 113 is equal to 35
Local Cache Stride Bucket 114 is equal to 32
Local Cache Stride Bucket 115 is equal to 78
Local Cache Stride Bucket 116 is equal to 704
Local Cache Stride Bucket 117 is equal to 34
Local Cache Stride Bucket 118 is equal to 169
Local Cache Stride Bucket 119 is equal to 82
Local Cache Stride Bucket 120 is equal to 50
Local Cache Stride Bucket 121 is equal to 211
Local Cache Stride Bucket 122 is equal to 49
Local Cache Stride Bucket 123 is equal to 26
Local Cache Stride Bucket 124 is equal to 33
Local Cache Stride Bucket 125 is equal to 13
Local Cache Stride Bucket 126 is equal to 76
Local Cache Stride Bucket 127 is equal to 20
Local Cache Stride Bucket 128 is equal to 179
Local Cache Stride Bucket 129 is equal to 714
Local Cache Stride Bucket 130 is equal to 19
Local Cache Stride Bucket 131 is equal to 37
Local Cache Stride Bucket 132 is equal to 39
Local Cache Stride Bucket 133 is equal to 24
Local Cache Stride Bucket 134 is equal to 34
Local Cache Stride Bucket 135 is equal to 42
Local Cache Stride Bucket 136 is equal to 66
Local Cache Stride Bucket 137 is equal to 68
Local Cache Stride Bucket 138 is equal to 31
Local Cache Stride Bucket 139 is equal to 23
Local Cache Stride Bucket 140 is equal to 21
Local Cache Stride Bucket 141 is equal to 180
Local Cache Stride Bucket 142 is equal to 28
Local Cache Stride Bucket 143 is equal to 36
Local Cache Stride Bucket 144 is equal to 94
Local Cache Stride Bucket 145 is equal to 213
Local Cache Stride Bucket 146 is equal to 45
Local Cache Stride Bucket 147 is equal to 23
Local Cache Stride Bucket 148 is equal to 23
Local Cache Stride Bucket 149 is equal to 28
Local Cache Stride Bucket 150 is equal to 93
Local Cache Stride Bucket 151 is equal to 156
Local Cache Stride Bucket 152 is equal to 110
Local Cache Stride Bucket 153 is equal to 106
Local Cache Stride Bucket 154 is equal to 366
Local Cache Stride Bucket 155 is equal to 1649
Local Cache Stride Bucket 156 is equal to 1709
Local Cache Stride Bucket 157 is equal to 42
Local Cache Stride Bucket 158 is equal to 119
Local Cache Stride Bucket 159 is equal to 216
Local Cache Stride Bucket 160 is equal to 173
Local Cache Stride Bucket 161 is equal to 145
Local Cache Stride Bucket 162 is equal to 38
Local Cache Stride Bucket 163 is equal to 40
Local Cache Stride Bucket 164 is equal to 16
Local Cache Stride Bucket 165 is equal to 48
Local Cache Stride Bucket 166 is equal to 37
Local Cache Stride Bucket 167 is equal to 31
Local Cache Stride Bucket 168 is equal to 68
Local Cache Stride Bucket 169 is equal to 67
Local Cache Stride Bucket 170 is equal to 20
Local Cache Stride Bucket 171 is equal to 39
Local Cache Stride Bucket 172 is equal to 29
Local Cache Stride Bucket 173 is equal to 15
Local Cache Stride Bucket 174 is equal to 75
Local Cache Stride Bucket 175 is equal to 29
Local Cache Stride Bucket 176 is equal to 37
Local Cache Stride Bucket 177 is equal to 30
Local Cache Stride Bucket 178 is equal to 22
Local Cache Stride Bucket 179 is equal to 21
Local Cache Stride Bucket 180 is equal to 24
Local Cache Stride Bucket 181 is equal to 31
Local Cache Stride Bucket 182 is equal to 104
Local Cache Stride Bucket 183 is equal to 37
Local Cache Stride Bucket 184 is equal to 20
Local Cache Stride Bucket 185 is equal to 23
Local Cache Stride Bucket 186 is equal to 16
Local Cache Stride Bucket 187 is equal to 23
Local Cache Stride Bucket 188 is equal to 48
Local Cache Stride Bucket 189 is equal to 34
Local Cache Stride Bucket 190 is equal to 38
Local Cache Stride Bucket 191 is equal to 39
Local Cache Stride Bucket 192 is equal to 89
Local Cache Stride Bucket 193 is equal to 5
Local Cache Stride Bucket 194 is equal to 5
Local Cache Stride Bucket 195 is equal to 19
Local Cache Stride Bucket 196 is equal to 274
Local Cache Stride Bucket 197 is equal to 43
Local Cache Stride Bucket 198 is equal to 147
Local Cache Stride Bucket 199 is equal to 9
Local Cache Stride Bucket 200 is equal to 25
Local Cache Stride Bucket 201 is equal to 28
Local Cache Stride Bucket 202 is equal to 19
Local Cache Stride Bucket 203 is equal to 21
Local Cache Stride Bucket 204 is equal to 45
Local Cache Stride Bucket 205 is equal to 34
Local Cache Stride Bucket 206 is equal to 15
Local Cache Stride Bucket 207 is equal to 20
Local Cache Stride Bucket 208 is equal to 52
Local Cache Stride Bucket 209 is equal to 21
Local Cache Stride Bucket 210 is equal to 18
Local Cache Stride Bucket 211 is equal to 30
Local Cache Stride Bucket 212 is equal to 27
Local Cache Stride Bucket 213 is equal to 16
Local Cache Stride Bucket 214 is equal to 25
Local Cache Stride Bucket 215 is equal to 33
Local Cache Stride Bucket 216 is equal to 105
Local Cache Stride Bucket 217 is equal to 32
Local Cache Stride Bucket 218 is equal to 47
Local Cache Stride Bucket 219 is equal to 30
Local Cache Stride Bucket 220 is equal to 63
Local Cache Stride Bucket 221 is equal to 19
Local Cache Stride Bucket 222 is equal to 28
Local Cache Stride Bucket 223 is equal to 24
Local Cache Stride Bucket 224 is equal to 91
Local Cache Stride Bucket 225 is equal to 33
Local Cache Stride Bucket 226 is equal to 42
Local Cache Stride Bucket 227 is equal to 30
Local Cache Stride Bucket 228 is equal to 30
Local Cache Stride Bucket 229 is equal to 25
Local Cache Stride Bucket 230 is equal to 37
Local Cache Stride Bucket 231 is equal to 51
Local Cache Stride Bucket 232 is equal to 231
Local Cache Stride Bucket 233 is equal to 89
Local Cache Stride Bucket 234 is equal to 36
Local Cache Stride Bucket 235 is equal to 96
Local Cache Stride Bucket 236 is equal to 236
Local Cache Stride Bucket 237 is equal to 32
Local Cache Stride Bucket 238 is equal to 27
Local Cache Stride Bucket 239 is equal to 41
Local Cache Stride Bucket 240 is equal to 66
Local Cache Stride Bucket 241 is equal to 32
Local Cache Stride Bucket 242 is equal to 24
Local Cache Stride Bucket 243 is equal to 55
Local Cache Stride Bucket 244 is equal to 33
Local Cache Stride Bucket 245 is equal to 38
Local Cache Stride Bucket 246 is equal to 23
Local Cache Stride Bucket 247 is equal to 52
Local Cache Stride Bucket 248 is equal to 47
Local Cache Stride Bucket 249 is equal to 4
Local Cache Stride Bucket 250 is equal to 32
Local Cache Stride Bucket 251 is equal to 31
Local Cache Stride Bucket 252 is equal to 72
Local Cache Stride Bucket 253 is equal to 67
Local Cache Stride Bucket 254 is equal to 31
Local Cache Stride Bucket 255 is equal to 37
Local Cache Stride Bucket 256 is equal to 318091


Global LD ST Byte Stride Bucket -256 is equal to 9343133
Global LD ST Byte Stride Bucket -248 is equal to 9960
Global LD ST Byte Stride Bucket -244 is equal to 127
Global LD ST Byte Stride Bucket -228 is equal to 2405
Global LD ST Byte Stride Bucket -216 is equal to 44982
Global LD ST Byte Stride Bucket -212 is equal to 189
Global LD ST Byte Stride Bucket -192 is equal to 12
Global LD ST Byte Stride Bucket -190 is equal to 27
Global LD ST Byte Stride Bucket -188 is equal to 8813
Global LD ST Byte Stride Bucket -186 is equal to 108
Global LD ST Byte Stride Bucket -184 is equal to 7736
Global LD ST Byte Stride Bucket -182 is equal to 66
Global LD ST Byte Stride Bucket -180 is equal to 68
Global LD ST Byte Stride Bucket -178 is equal to 105
Global LD ST Byte Stride Bucket -176 is equal to 42211
Global LD ST Byte Stride Bucket -174 is equal to 64
Global LD ST Byte Stride Bucket -172 is equal to 44
Global LD ST Byte Stride Bucket -170 is equal to 73
Global LD ST Byte Stride Bucket -168 is equal to 4029
Global LD ST Byte Stride Bucket -166 is equal to 53
Global LD ST Byte Stride Bucket -164 is equal to 3604
Global LD ST Byte Stride Bucket -162 is equal to 85
Global LD ST Byte Stride Bucket -160 is equal to 8511
Global LD ST Byte Stride Bucket -158 is equal to 131
Global LD ST Byte Stride Bucket -156 is equal to 97
Global LD ST Byte Stride Bucket -154 is equal to 91
Global LD ST Byte Stride Bucket -152 is equal to 128
Global LD ST Byte Stride Bucket -150 is equal to 47
Global LD ST Byte Stride Bucket -148 is equal to 78
Global LD ST Byte Stride Bucket -146 is equal to 110
Global LD ST Byte Stride Bucket -144 is equal to 1038
Global LD ST Byte Stride Bucket -142 is equal to 108
Global LD ST Byte Stride Bucket -140 is equal to 164
Global LD ST Byte Stride Bucket -138 is equal to 481
Global LD ST Byte Stride Bucket -136 is equal to 470
Global LD ST Byte Stride Bucket -134 is equal to 554
Global LD ST Byte Stride Bucket -132 is equal to 659
Global LD ST Byte Stride Bucket -130 is equal to 173
Global LD ST Byte Stride Bucket -128 is equal to 658
Global LD ST Byte Stride Bucket -126 is equal to 105
Global LD ST Byte Stride Bucket -124 is equal to 1615
Global LD ST Byte Stride Bucket -122 is equal to 225
Global LD ST Byte Stride Bucket -120 is equal to 11649
Global LD ST Byte Stride Bucket -118 is equal to 214
Global LD ST Byte Stride Bucket -116 is equal to 6674
Global LD ST Byte Stride Bucket -114 is equal to 557
Global LD ST Byte Stride Bucket -112 is equal to 9118
Global LD ST Byte Stride Bucket -110 is equal to 773
Global LD ST Byte Stride Bucket -108 is equal to 6134
Global LD ST Byte Stride Bucket -106 is equal to 93
Global LD ST Byte Stride Bucket -104 is equal to 6746
Global LD ST Byte Stride Bucket -102 is equal to 149
Global LD ST Byte Stride Bucket -100 is equal to 7947
Global LD ST Byte Stride Bucket -98 is equal to 215
Global LD ST Byte Stride Bucket -96 is equal to 136664
Global LD ST Byte Stride Bucket -94 is equal to 597
Global LD ST Byte Stride Bucket -92 is equal to 5732
Global LD ST Byte Stride Bucket -90 is equal to 432
Global LD ST Byte Stride Bucket -88 is equal to 57494
Global LD ST Byte Stride Bucket -86 is equal to 277
Global LD ST Byte Stride Bucket -84 is equal to 5667
Global LD ST Byte Stride Bucket -82 is equal to 169
Global LD ST Byte Stride Bucket -80 is equal to 66348
Global LD ST Byte Stride Bucket -78 is equal to 310
Global LD ST Byte Stride Bucket -76 is equal to 3312
Global LD ST Byte Stride Bucket -74 is equal to 395
Global LD ST Byte Stride Bucket -72 is equal to 5011
Global LD ST Byte Stride Bucket -70 is equal to 1183
Global LD ST Byte Stride Bucket -68 is equal to 9178
Global LD ST Byte Stride Bucket -66 is equal to 1426
Global LD ST Byte Stride Bucket -64 is equal to 9594
Global LD ST Byte Stride Bucket -62 is equal to 224
Global LD ST Byte Stride Bucket -60 is equal to 49543
Global LD ST Byte Stride Bucket -58 is equal to 214
Global LD ST Byte Stride Bucket -56 is equal to 196331
Global LD ST Byte Stride Bucket -54 is equal to 357
Global LD ST Byte Stride Bucket -52 is equal to 123475
Global LD ST Byte Stride Bucket -50 is equal to 851
Global LD ST Byte Stride Bucket -48 is equal to 66014
Global LD ST Byte Stride Bucket -46 is equal to 3520
Global LD ST Byte Stride Bucket -44 is equal to 10144
Global LD ST Byte Stride Bucket -42 is equal to 1385
Global LD ST Byte Stride Bucket -40 is equal to 68573
Global LD ST Byte Stride Bucket -38 is equal to 651
Global LD ST Byte Stride Bucket -36 is equal to 123194
Global LD ST Byte Stride Bucket -34 is equal to 236
Global LD ST Byte Stride Bucket -32 is equal to 140033
Global LD ST Byte Stride Bucket -30 is equal to 313
Global LD ST Byte Stride Bucket -28 is equal to 27403
Global LD ST Byte Stride Bucket -26 is equal to 3480
Global LD ST Byte Stride Bucket -24 is equal to 230341
Global LD ST Byte Stride Bucket -22 is equal to 22656
Global LD ST Byte Stride Bucket -20 is equal to 221137
Global LD ST Byte Stride Bucket -18 is equal to 1146
Global LD ST Byte Stride Bucket -16 is equal to 217631
Global LD ST Byte Stride Bucket -14 is equal to 386
Global LD ST Byte Stride Bucket -13 is equal to 4
Global LD ST Byte Stride Bucket -12 is equal to 320267
Global LD ST Byte Stride Bucket -10 is equal to 177
Global LD ST Byte Stride Bucket -9 is equal to 1
Global LD ST Byte Stride Bucket -8 is equal to 2317559
Global LD ST Byte Stride Bucket -6 is equal to 617
Global LD ST Byte Stride Bucket -4 is equal to 1154525
Global LD ST Byte Stride Bucket -2 is equal to 28098
Global LD ST Byte Stride Bucket -1 is equal to 4
Global LD ST Byte Stride Bucket 0 is equal to 2451243
Global LD ST Byte Stride Bucket 2 is equal to 23457
Global LD ST Byte Stride Bucket 4 is equal to 1330260
Global LD ST Byte Stride Bucket 6 is equal to 705
Global LD ST Byte Stride Bucket 8 is equal to 2897769
Global LD ST Byte Stride Bucket 9 is equal to 550
Global LD ST Byte Stride Bucket 10 is equal to 292
Global LD ST Byte Stride Bucket 12 is equal to 108418
Global LD ST Byte Stride Bucket 14 is equal to 202
Global LD ST Byte Stride Bucket 16 is equal to 352394
Global LD ST Byte Stride Bucket 18 is equal to 1159
Global LD ST Byte Stride Bucket 20 is equal to 136787
Global LD ST Byte Stride Bucket 22 is equal to 24694
Global LD ST Byte Stride Bucket 24 is equal to 207933
Global LD ST Byte Stride Bucket 26 is equal to 2370
Global LD ST Byte Stride Bucket 28 is equal to 26606
Global LD ST Byte Stride Bucket 30 is equal to 533
Global LD ST Byte Stride Bucket 32 is equal to 120268
Global LD ST Byte Stride Bucket 34 is equal to 213
Global LD ST Byte Stride Bucket 36 is equal to 263017
Global LD ST Byte Stride Bucket 38 is equal to 264
Global LD ST Byte Stride Bucket 40 is equal to 76887
Global LD ST Byte Stride Bucket 42 is equal to 1858
Global LD ST Byte Stride Bucket 44 is equal to 138809
Global LD ST Byte Stride Bucket 46 is equal to 2048
Global LD ST Byte Stride Bucket 48 is equal to 88232
Global LD ST Byte Stride Bucket 50 is equal to 940
Global LD ST Byte Stride Bucket 52 is equal to 142121
Global LD ST Byte Stride Bucket 54 is equal to 399
Global LD ST Byte Stride Bucket 56 is equal to 37303
Global LD ST Byte Stride Bucket 57 is equal to 9
Global LD ST Byte Stride Bucket 58 is equal to 157
Global LD ST Byte Stride Bucket 60 is equal to 6555
Global LD ST Byte Stride Bucket 62 is equal to 246
Global LD ST Byte Stride Bucket 64 is equal to 9239
Global LD ST Byte Stride Bucket 66 is equal to 727
Global LD ST Byte Stride Bucket 68 is equal to 1013
Global LD ST Byte Stride Bucket 70 is equal to 280
Global LD ST Byte Stride Bucket 72 is equal to 1532
Global LD ST Byte Stride Bucket 74 is equal to 219
Global LD ST Byte Stride Bucket 76 is equal to 123
Global LD ST Byte Stride Bucket 78 is equal to 142
Global LD ST Byte Stride Bucket 80 is equal to 100
Global LD ST Byte Stride Bucket 82 is equal to 185
Global LD ST Byte Stride Bucket 84 is equal to 135515
Global LD ST Byte Stride Bucket 86 is equal to 244
Global LD ST Byte Stride Bucket 88 is equal to 54821
Global LD ST Byte Stride Bucket 90 is equal to 326
Global LD ST Byte Stride Bucket 92 is equal to 706
Global LD ST Byte Stride Bucket 94 is equal to 336
Global LD ST Byte Stride Bucket 96 is equal to 1085
Global LD ST Byte Stride Bucket 98 is equal to 130
Global LD ST Byte Stride Bucket 100 is equal to 89
Global LD ST Byte Stride Bucket 102 is equal to 77
Global LD ST Byte Stride Bucket 104 is equal to 766
Global LD ST Byte Stride Bucket 106 is equal to 77
Global LD ST Byte Stride Bucket 108 is equal to 106
Global LD ST Byte Stride Bucket 110 is equal to 159
Global LD ST Byte Stride Bucket 112 is equal to 427
Global LD ST Byte Stride Bucket 114 is equal to 227
Global LD ST Byte Stride Bucket 116 is equal to 239
Global LD ST Byte Stride Bucket 118 is equal to 140
Global LD ST Byte Stride Bucket 120 is equal to 234
Global LD ST Byte Stride Bucket 122 is equal to 46
Global LD ST Byte Stride Bucket 124 is equal to 44
Global LD ST Byte Stride Bucket 126 is equal to 68
Global LD ST Byte Stride Bucket 128 is equal to 105
Global LD ST Byte Stride Bucket 130 is equal to 92
Global LD ST Byte Stride Bucket 132 is equal to 156
Global LD ST Byte Stride Bucket 134 is equal to 117
Global LD ST Byte Stride Bucket 136 is equal to 954
Global LD ST Byte Stride Bucket 138 is equal to 152
Global LD ST Byte Stride Bucket 140 is equal to 596
Global LD ST Byte Stride Bucket 142 is equal to 55
Global LD ST Byte Stride Bucket 144 is equal to 44
Global LD ST Byte Stride Bucket 146 is equal to 36
Global LD ST Byte Stride Bucket 148 is equal to 38
Global LD ST Byte Stride Bucket 150 is equal to 82
Global LD ST Byte Stride Bucket 152 is equal to 72
Global LD ST Byte Stride Bucket 154 is equal to 69
Global LD ST Byte Stride Bucket 156 is equal to 568
Global LD ST Byte Stride Bucket 158 is equal to 72
Global LD ST Byte Stride Bucket 160 is equal to 8830
Global LD ST Byte Stride Bucket 162 is equal to 71
Global LD ST Byte Stride Bucket 164 is equal to 32
Global LD ST Byte Stride Bucket 166 is equal to 35
Global LD ST Byte Stride Bucket 168 is equal to 36
Global LD ST Byte Stride Bucket 170 is equal to 55
Global LD ST Byte Stride Bucket 172 is equal to 50
Global LD ST Byte Stride Bucket 174 is equal to 37
Global LD ST Byte Stride Bucket 176 is equal to 12595
Global LD ST Byte Stride Bucket 178 is equal to 48
Global LD ST Byte Stride Bucket 180 is equal to 43
Global LD ST Byte Stride Bucket 182 is equal to 41
Global LD ST Byte Stride Bucket 184 is equal to 38966
Global LD ST Byte Stride Bucket 186 is equal to 17
Global LD ST Byte Stride Bucket 188 is equal to 9
Global LD ST Byte Stride Bucket 190 is equal to 4
Global LD ST Byte Stride Bucket 192 is equal to 3
Global LD ST Byte Stride Bucket 200 is equal to 9503
Global LD ST Byte Stride Bucket 216 is equal to 8
Global LD ST Byte Stride Bucket 220 is equal to 738
Global LD ST Byte Stride Bucket 224 is equal to 48195
Global LD ST Byte Stride Bucket 228 is equal to 92
Global LD ST Byte Stride Bucket 240 is equal to 1665
Global LD ST Byte Stride Bucket 248 is equal to 3761
Global LD ST Byte Stride Bucket 256 is equal to 10121995

Global LD ST Cache Stride Bucket -256 is equal to 1936205
Global LD ST Cache Stride Bucket -245 is equal to 91
Global LD ST Cache Stride Bucket -236 is equal to 181
Global LD ST Cache Stride Bucket -230 is equal to 6
Global LD ST Cache Stride Bucket -229 is equal to 4
Global LD ST Cache Stride Bucket -228 is equal to 2
Global LD ST Cache Stride Bucket -227 is equal to 1
Global LD ST Cache Stride Bucket -226 is equal to 1
Global LD ST Cache Stride Bucket -225 is equal to 1
Global LD ST Cache Stride Bucket -224 is equal to 1
Global LD ST Cache Stride Bucket -223 is equal to 1
Global LD ST Cache Stride Bucket -222 is equal to 1
Global LD ST Cache Stride Bucket -221 is equal to 1
Global LD ST Cache Stride Bucket -220 is equal to 1
Global LD ST Cache Stride Bucket -219 is equal to 1
Global LD ST Cache Stride Bucket -218 is equal to 1
Global LD ST Cache Stride Bucket -217 is equal to 1
Global LD ST Cache Stride Bucket -216 is equal to 1
Global LD ST Cache Stride Bucket -215 is equal to 1
Global LD ST Cache Stride Bucket -214 is equal to 1
Global LD ST Cache Stride Bucket -213 is equal to 1
Global LD ST Cache Stride Bucket -212 is equal to 1
Global LD ST Cache Stride Bucket -211 is equal to 1
Global LD ST Cache Stride Bucket -210 is equal to 1
Global LD ST Cache Stride Bucket -209 is equal to 1
Global LD ST Cache Stride Bucket -208 is equal to 35
Global LD ST Cache Stride Bucket -207 is equal to 1
Global LD ST Cache Stride Bucket -206 is equal to 1
Global LD ST Cache Stride Bucket -205 is equal to 1
Global LD ST Cache Stride Bucket -204 is equal to 1
Global LD ST Cache Stride Bucket -203 is equal to 1
Global LD ST Cache Stride Bucket -202 is equal to 1
Global LD ST Cache Stride Bucket -198 is equal to 67
Global LD ST Cache Stride Bucket -172 is equal to 80
Global LD ST Cache Stride Bucket -171 is equal to 4303
Global LD ST Cache Stride Bucket -170 is equal to 54923
Global LD ST Cache Stride Bucket -169 is equal to 55417
Global LD ST Cache Stride Bucket -168 is equal to 43917
Global LD ST Cache Stride Bucket -167 is equal to 55574
Global LD ST Cache Stride Bucket -166 is equal to 115624
Global LD ST Cache Stride Bucket -165 is equal to 144706
Global LD ST Cache Stride Bucket -164 is equal to 98820
Global LD ST Cache Stride Bucket -163 is equal to 119174
Global LD ST Cache Stride Bucket -162 is equal to 95019
Global LD ST Cache Stride Bucket -161 is equal to 57816
Global LD ST Cache Stride Bucket -160 is equal to 33856
Global LD ST Cache Stride Bucket -159 is equal to 81147
Global LD ST Cache Stride Bucket -158 is equal to 88899
Global LD ST Cache Stride Bucket -157 is equal to 58280
Global LD ST Cache Stride Bucket -156 is equal to 52870
Global LD ST Cache Stride Bucket -155 is equal to 42227
Global LD ST Cache Stride Bucket -154 is equal to 21817
Global LD ST Cache Stride Bucket -153 is equal to 6163
Global LD ST Cache Stride Bucket -152 is equal to 11810
Global LD ST Cache Stride Bucket -151 is equal to 5376
Global LD ST Cache Stride Bucket -150 is equal to 6523
Global LD ST Cache Stride Bucket -149 is equal to 14881
Global LD ST Cache Stride Bucket -148 is equal to 18921
Global LD ST Cache Stride Bucket -147 is equal to 13634
Global LD ST Cache Stride Bucket -146 is equal to 14334
Global LD ST Cache Stride Bucket -145 is equal to 25089
Global LD ST Cache Stride Bucket -144 is equal to 32384
Global LD ST Cache Stride Bucket -143 is equal to 22263
Global LD ST Cache Stride Bucket -142 is equal to 17041
Global LD ST Cache Stride Bucket -141 is equal to 7121
Global LD ST Cache Stride Bucket -140 is equal to 22263
Global LD ST Cache Stride Bucket -139 is equal to 6650
Global LD ST Cache Stride Bucket -138 is equal to 15896
Global LD ST Cache Stride Bucket -137 is equal to 26288
Global LD ST Cache Stride Bucket -136 is equal to 26035
Global LD ST Cache Stride Bucket -135 is equal to 12881
Global LD ST Cache Stride Bucket -134 is equal to 5459
Global LD ST Cache Stride Bucket -133 is equal to 29427
Global LD ST Cache Stride Bucket -132 is equal to 3271
Global LD ST Cache Stride Bucket -131 is equal to 11899
Global LD ST Cache Stride Bucket -130 is equal to 22630
Global LD ST Cache Stride Bucket -129 is equal to 31963
Global LD ST Cache Stride Bucket -128 is equal to 18867
Global LD ST Cache Stride Bucket -127 is equal to 22290
Global LD ST Cache Stride Bucket -126 is equal to 39634
Global LD ST Cache Stride Bucket -125 is equal to 49441
Global LD ST Cache Stride Bucket -124 is equal to 46683
Global LD ST Cache Stride Bucket -123 is equal to 37958
Global LD ST Cache Stride Bucket -122 is equal to 27149
Global LD ST Cache Stride Bucket -121 is equal to 24368
Global LD ST Cache Stride Bucket -120 is equal to 26732
Global LD ST Cache Stride Bucket -119 is equal to 19720
Global LD ST Cache Stride Bucket -118 is equal to 28700
Global LD ST Cache Stride Bucket -117 is equal to 33061
Global LD ST Cache Stride Bucket -116 is equal to 37442
Global LD ST Cache Stride Bucket -115 is equal to 26203
Global LD ST Cache Stride Bucket -114 is equal to 32720
Global LD ST Cache Stride Bucket -113 is equal to 47562
Global LD ST Cache Stride Bucket -112 is equal to 33931
Global LD ST Cache Stride Bucket -111 is equal to 37715
Global LD ST Cache Stride Bucket -110 is equal to 9706
Global LD ST Cache Stride Bucket -109 is equal to 20758
Global LD ST Cache Stride Bucket -108 is equal to 21616
Global LD ST Cache Stride Bucket -107 is equal to 29110
Global LD ST Cache Stride Bucket -106 is equal to 26647
Global LD ST Cache Stride Bucket -105 is equal to 22553
Global LD ST Cache Stride Bucket -104 is equal to 30872
Global LD ST Cache Stride Bucket -103 is equal to 13697
Global LD ST Cache Stride Bucket -102 is equal to 19807
Global LD ST Cache Stride Bucket -101 is equal to 11572
Global LD ST Cache Stride Bucket -100 is equal to 106242
Global LD ST Cache Stride Bucket -99 is equal to 12850
Global LD ST Cache Stride Bucket -98 is equal to 94034
Global LD ST Cache Stride Bucket -97 is equal to 62579
Global LD ST Cache Stride Bucket -96 is equal to 194115
Global LD ST Cache Stride Bucket -95 is equal to 292235
Global LD ST Cache Stride Bucket -94 is equal to 246034
Global LD ST Cache Stride Bucket -93 is equal to 173407
Global LD ST Cache Stride Bucket -92 is equal to 196180
Global LD ST Cache Stride Bucket -91 is equal to 207734
Global LD ST Cache Stride Bucket -90 is equal to 140214
Global LD ST Cache Stride Bucket -89 is equal to 15157
Global LD ST Cache Stride Bucket -88 is equal to 4796
Global LD ST Cache Stride Bucket -87 is equal to 1752
Global LD ST Cache Stride Bucket -86 is equal to 3122
Global LD ST Cache Stride Bucket -85 is equal to 1764
Global LD ST Cache Stride Bucket -84 is equal to 357
Global LD ST Cache Stride Bucket -83 is equal to 1459
Global LD ST Cache Stride Bucket -82 is equal to 2778
Global LD ST Cache Stride Bucket -81 is equal to 2673
Global LD ST Cache Stride Bucket -80 is equal to 2936
Global LD ST Cache Stride Bucket -79 is equal to 9360
Global LD ST Cache Stride Bucket -78 is equal to 11806
Global LD ST Cache Stride Bucket -77 is equal to 12329
Global LD ST Cache Stride Bucket -76 is equal to 21500
Global LD ST Cache Stride Bucket -75 is equal to 33709
Global LD ST Cache Stride Bucket -74 is equal to 44403
Global LD ST Cache Stride Bucket -73 is equal to 42354
Global LD ST Cache Stride Bucket -72 is equal to 40948
Global LD ST Cache Stride Bucket -71 is equal to 81531
Global LD ST Cache Stride Bucket -70 is equal to 68892
Global LD ST Cache Stride Bucket -69 is equal to 48145
Global LD ST Cache Stride Bucket -68 is equal to 46490
Global LD ST Cache Stride Bucket -67 is equal to 138032
Global LD ST Cache Stride Bucket -66 is equal to 56940
Global LD ST Cache Stride Bucket -65 is equal to 43400
Global LD ST Cache Stride Bucket -64 is equal to 73258
Global LD ST Cache Stride Bucket -63 is equal to 48257
Global LD ST Cache Stride Bucket -62 is equal to 27646
Global LD ST Cache Stride Bucket -61 is equal to 19919
Global LD ST Cache Stride Bucket -60 is equal to 65179
Global LD ST Cache Stride Bucket -59 is equal to 20648
Global LD ST Cache Stride Bucket -58 is equal to 16609
Global LD ST Cache Stride Bucket -57 is equal to 23532
Global LD ST Cache Stride Bucket -56 is equal to 30696
Global LD ST Cache Stride Bucket -55 is equal to 93908
Global LD ST Cache Stride Bucket -54 is equal to 103639
Global LD ST Cache Stride Bucket -53 is equal to 79719
Global LD ST Cache Stride Bucket -52 is equal to 63841
Global LD ST Cache Stride Bucket -51 is equal to 16506
Global LD ST Cache Stride Bucket -50 is equal to 17833
Global LD ST Cache Stride Bucket -49 is equal to 11960
Global LD ST Cache Stride Bucket -48 is equal to 7264
Global LD ST Cache Stride Bucket -47 is equal to 3919
Global LD ST Cache Stride Bucket -46 is equal to 20423
Global LD ST Cache Stride Bucket -45 is equal to 3573
Global LD ST Cache Stride Bucket -44 is equal to 6662
Global LD ST Cache Stride Bucket -43 is equal to 1813
Global LD ST Cache Stride Bucket -42 is equal to 96778
Global LD ST Cache Stride Bucket -41 is equal to 148135
Global LD ST Cache Stride Bucket -40 is equal to 53621
Global LD ST Cache Stride Bucket -39 is equal to 41977
Global LD ST Cache Stride Bucket -38 is equal to 45185
Global LD ST Cache Stride Bucket -37 is equal to 1483
Global LD ST Cache Stride Bucket -36 is equal to 571
Global LD ST Cache Stride Bucket -35 is equal to 730
Global LD ST Cache Stride Bucket -34 is equal to 598
Global LD ST Cache Stride Bucket -33 is equal to 2
Global LD ST Cache Stride Bucket -32 is equal to 4257
Global LD ST Cache Stride Bucket -31 is equal to 2902
Global LD ST Cache Stride Bucket -30 is equal to 6644
Global LD ST Cache Stride Bucket -29 is equal to 4945
Global LD ST Cache Stride Bucket -28 is equal to 121098
Global LD ST Cache Stride Bucket -27 is equal to 123549
Global LD ST Cache Stride Bucket -26 is equal to 56950
Global LD ST Cache Stride Bucket -25 is equal to 73878
Global LD ST Cache Stride Bucket -24 is equal to 20473
Global LD ST Cache Stride Bucket -23 is equal to 187
Global LD ST Cache Stride Bucket -22 is equal to 1151
Global LD ST Cache Stride Bucket -21 is equal to 160
Global LD ST Cache Stride Bucket -20 is equal to 1
Global LD ST Cache Stride Bucket -19 is equal to 193
Global LD ST Cache Stride Bucket -18 is equal to 1
Global LD ST Cache Stride Bucket -17 is equal to 6379
Global LD ST Cache Stride Bucket -16 is equal to 10923
Global LD ST Cache Stride Bucket -15 is equal to 44011
Global LD ST Cache Stride Bucket -14 is equal to 269212
Global LD ST Cache Stride Bucket -13 is equal to 227994
Global LD ST Cache Stride Bucket -12 is equal to 88105
Global LD ST Cache Stride Bucket -11 is equal to 62706
Global LD ST Cache Stride Bucket -10 is equal to 14596
Global LD ST Cache Stride Bucket -9 is equal to 3401
Global LD ST Cache Stride Bucket -8 is equal to 5089
Global LD ST Cache Stride Bucket -7 is equal to 16624
Global LD ST Cache Stride Bucket -6 is equal to 103626
Global LD ST Cache Stride Bucket -5 is equal to 95093
Global LD ST Cache Stride Bucket -4 is equal to 31973
Global LD ST Cache Stride Bucket -3 is equal to 99570
Global LD ST Cache Stride Bucket -2 is equal to 130048
Global LD ST Cache Stride Bucket -1 is equal to 1478855
Global LD ST Cache Stride Bucket 0 is equal to 11359931
Global LD ST Cache Stride Bucket 1 is equal to 1326367
Global LD ST Cache Stride Bucket 2 is equal to 63256
Global LD ST Cache Stride Bucket 3 is equal to 85264
Global LD ST Cache Stride Bucket 4 is equal to 45030
Global LD ST Cache Stride Bucket 5 is equal to 82827
Global LD ST Cache Stride Bucket 6 is equal to 98839
Global LD ST Cache Stride Bucket 7 is equal to 16460
Global LD ST Cache Stride Bucket 8 is equal to 160
Global LD ST Cache Stride Bucket 9 is equal to 1753
Global LD ST Cache Stride Bucket 10 is equal to 34251
Global LD ST Cache Stride Bucket 11 is equal to 48391
Global LD ST Cache Stride Bucket 12 is equal to 127018
Global LD ST Cache Stride Bucket 13 is equal to 399021
Global LD ST Cache Stride Bucket 14 is equal to 635621
Global LD ST Cache Stride Bucket 15 is equal to 53978
Global LD ST Cache Stride Bucket 16 is equal to 13782
Global LD ST Cache Stride Bucket 17 is equal to 5778
Global LD ST Cache Stride Bucket 18 is equal to 2372
Global LD ST Cache Stride Bucket 19 is equal to 4646
Global LD ST Cache Stride Bucket 20 is equal to 869
Global LD ST Cache Stride Bucket 21 is equal to 544
Global LD ST Cache Stride Bucket 22 is equal to 1672
Global LD ST Cache Stride Bucket 23 is equal to 2385
Global LD ST Cache Stride Bucket 24 is equal to 66206
Global LD ST Cache Stride Bucket 25 is equal to 138904
Global LD ST Cache Stride Bucket 26 is equal to 113344
Global LD ST Cache Stride Bucket 27 is equal to 170155
Global LD ST Cache Stride Bucket 28 is equal to 128616
Global LD ST Cache Stride Bucket 29 is equal to 8342
Global LD ST Cache Stride Bucket 30 is equal to 5601
Global LD ST Cache Stride Bucket 31 is equal to 3078
Global LD ST Cache Stride Bucket 32 is equal to 767
Global LD ST Cache Stride Bucket 33 is equal to 15819
Global LD ST Cache Stride Bucket 34 is equal to 6506
Global LD ST Cache Stride Bucket 35 is equal to 2708
Global LD ST Cache Stride Bucket 36 is equal to 2269
Global LD ST Cache Stride Bucket 37 is equal to 45719
Global LD ST Cache Stride Bucket 38 is equal to 141042
Global LD ST Cache Stride Bucket 39 is equal to 187246
Global LD ST Cache Stride Bucket 40 is equal to 281420
Global LD ST Cache Stride Bucket 41 is equal to 197295
Global LD ST Cache Stride Bucket 42 is equal to 28441
Global LD ST Cache Stride Bucket 43 is equal to 5051
Global LD ST Cache Stride Bucket 44 is equal to 16943
Global LD ST Cache Stride Bucket 45 is equal to 9534
Global LD ST Cache Stride Bucket 46 is equal to 10117
Global LD ST Cache Stride Bucket 47 is equal to 19865
Global LD ST Cache Stride Bucket 48 is equal to 7063
Global LD ST Cache Stride Bucket 49 is equal to 6554
Global LD ST Cache Stride Bucket 50 is equal to 9889
Global LD ST Cache Stride Bucket 51 is equal to 20414
Global LD ST Cache Stride Bucket 52 is equal to 32968
Global LD ST Cache Stride Bucket 53 is equal to 48956
Global LD ST Cache Stride Bucket 54 is equal to 61082
Global LD ST Cache Stride Bucket 55 is equal to 70892
Global LD ST Cache Stride Bucket 56 is equal to 31527
Global LD ST Cache Stride Bucket 57 is equal to 19236
Global LD ST Cache Stride Bucket 58 is equal to 38493
Global LD ST Cache Stride Bucket 59 is equal to 25618
Global LD ST Cache Stride Bucket 60 is equal to 29690
Global LD ST Cache Stride Bucket 61 is equal to 69606
Global LD ST Cache Stride Bucket 62 is equal to 35469
Global LD ST Cache Stride Bucket 63 is equal to 35341
Global LD ST Cache Stride Bucket 64 is equal to 34972
Global LD ST Cache Stride Bucket 65 is equal to 83657
Global LD ST Cache Stride Bucket 66 is equal to 56739
Global LD ST Cache Stride Bucket 67 is equal to 66723
Global LD ST Cache Stride Bucket 68 is equal to 126279
Global LD ST Cache Stride Bucket 69 is equal to 42409
Global LD ST Cache Stride Bucket 70 is equal to 40347
Global LD ST Cache Stride Bucket 71 is equal to 40516
Global LD ST Cache Stride Bucket 72 is equal to 57964
Global LD ST Cache Stride Bucket 73 is equal to 17937
Global LD ST Cache Stride Bucket 74 is equal to 15548
Global LD ST Cache Stride Bucket 75 is equal to 12208
Global LD ST Cache Stride Bucket 76 is equal to 6361
Global LD ST Cache Stride Bucket 77 is equal to 5774
Global LD ST Cache Stride Bucket 78 is equal to 5088
Global LD ST Cache Stride Bucket 79 is equal to 7121
Global LD ST Cache Stride Bucket 80 is equal to 24033
Global LD ST Cache Stride Bucket 81 is equal to 18789
Global LD ST Cache Stride Bucket 82 is equal to 22710
Global LD ST Cache Stride Bucket 83 is equal to 45011
Global LD ST Cache Stride Bucket 84 is equal to 55409
Global LD ST Cache Stride Bucket 85 is equal to 47728
Global LD ST Cache Stride Bucket 86 is equal to 37351
Global LD ST Cache Stride Bucket 87 is equal to 2502
Global LD ST Cache Stride Bucket 88 is equal to 2315
Global LD ST Cache Stride Bucket 89 is equal to 3232
Global LD ST Cache Stride Bucket 90 is equal to 37778
Global LD ST Cache Stride Bucket 91 is equal to 56478
Global LD ST Cache Stride Bucket 92 is equal to 55443
Global LD ST Cache Stride Bucket 93 is equal to 47492
Global LD ST Cache Stride Bucket 94 is equal to 67534
Global LD ST Cache Stride Bucket 95 is equal to 82040
Global LD ST Cache Stride Bucket 96 is equal to 66595
Global LD ST Cache Stride Bucket 97 is equal to 23037
Global LD ST Cache Stride Bucket 98 is equal to 17328
Global LD ST Cache Stride Bucket 99 is equal to 37793
Global LD ST Cache Stride Bucket 100 is equal to 6987
Global LD ST Cache Stride Bucket 101 is equal to 9136
Global LD ST Cache Stride Bucket 102 is equal to 6116
Global LD ST Cache Stride Bucket 103 is equal to 6329
Global LD ST Cache Stride Bucket 104 is equal to 7438
Global LD ST Cache Stride Bucket 105 is equal to 11085
Global LD ST Cache Stride Bucket 106 is equal to 9354
Global LD ST Cache Stride Bucket 107 is equal to 7132
Global LD ST Cache Stride Bucket 108 is equal to 10326
Global LD ST Cache Stride Bucket 109 is equal to 13563
Global LD ST Cache Stride Bucket 110 is equal to 10593
Global LD ST Cache Stride Bucket 111 is equal to 10782
Global LD ST Cache Stride Bucket 112 is equal to 19827
Global LD ST Cache Stride Bucket 113 is equal to 19082
Global LD ST Cache Stride Bucket 114 is equal to 14353
Global LD ST Cache Stride Bucket 115 is equal to 8667
Global LD ST Cache Stride Bucket 116 is equal to 7894
Global LD ST Cache Stride Bucket 117 is equal to 8019
Global LD ST Cache Stride Bucket 118 is equal to 7956
Global LD ST Cache Stride Bucket 119 is equal to 5466
Global LD ST Cache Stride Bucket 120 is equal to 5182
Global LD ST Cache Stride Bucket 121 is equal to 7005
Global LD ST Cache Stride Bucket 122 is equal to 5718
Global LD ST Cache Stride Bucket 123 is equal to 3553
Global LD ST Cache Stride Bucket 124 is equal to 2041
Global LD ST Cache Stride Bucket 125 is equal to 34388
Global LD ST Cache Stride Bucket 126 is equal to 169673
Global LD ST Cache Stride Bucket 127 is equal to 7125
Global LD ST Cache Stride Bucket 128 is equal to 5850
Global LD ST Cache Stride Bucket 129 is equal to 6637
Global LD ST Cache Stride Bucket 130 is equal to 7112
Global LD ST Cache Stride Bucket 131 is equal to 9374
Global LD ST Cache Stride Bucket 132 is equal to 6345
Global LD ST Cache Stride Bucket 133 is equal to 11111
Global LD ST Cache Stride Bucket 134 is equal to 15019
Global LD ST Cache Stride Bucket 135 is equal to 8025
Global LD ST Cache Stride Bucket 136 is equal to 8923
Global LD ST Cache Stride Bucket 137 is equal to 6771
Global LD ST Cache Stride Bucket 138 is equal to 13303
Global LD ST Cache Stride Bucket 139 is equal to 6919
Global LD ST Cache Stride Bucket 140 is equal to 14563
Global LD ST Cache Stride Bucket 141 is equal to 17169
Global LD ST Cache Stride Bucket 142 is equal to 19272
Global LD ST Cache Stride Bucket 143 is equal to 39702
Global LD ST Cache Stride Bucket 144 is equal to 72997
Global LD ST Cache Stride Bucket 145 is equal to 49049
Global LD ST Cache Stride Bucket 146 is equal to 31884
Global LD ST Cache Stride Bucket 147 is equal to 33940
Global LD ST Cache Stride Bucket 148 is equal to 44772
Global LD ST Cache Stride Bucket 149 is equal to 29805
Global LD ST Cache Stride Bucket 150 is equal to 23625
Global LD ST Cache Stride Bucket 151 is equal to 31147
Global LD ST Cache Stride Bucket 152 is equal to 36604
Global LD ST Cache Stride Bucket 153 is equal to 31204
Global LD ST Cache Stride Bucket 154 is equal to 51421
Global LD ST Cache Stride Bucket 155 is equal to 73240
Global LD ST Cache Stride Bucket 156 is equal to 71666
Global LD ST Cache Stride Bucket 157 is equal to 88992
Global LD ST Cache Stride Bucket 158 is equal to 175205
Global LD ST Cache Stride Bucket 159 is equal to 113349
Global LD ST Cache Stride Bucket 160 is equal to 62672
Global LD ST Cache Stride Bucket 161 is equal to 105522
Global LD ST Cache Stride Bucket 162 is equal to 157309
Global LD ST Cache Stride Bucket 163 is equal to 134982
Global LD ST Cache Stride Bucket 164 is equal to 138330
Global LD ST Cache Stride Bucket 165 is equal to 295683
Global LD ST Cache Stride Bucket 166 is equal to 164413
Global LD ST Cache Stride Bucket 167 is equal to 87351
Global LD ST Cache Stride Bucket 168 is equal to 85405
Global LD ST Cache Stride Bucket 169 is equal to 105866
Global LD ST Cache Stride Bucket 170 is equal to 59278
Global LD ST Cache Stride Bucket 171 is equal to 4630
Global LD ST Cache Stride Bucket 172 is equal to 5885
Global LD ST Cache Stride Bucket 173 is equal to 2894
Global LD ST Cache Stride Bucket 174 is equal to 1
Global LD ST Cache Stride Bucket 175 is equal to 1
Global LD ST Cache Stride Bucket 176 is equal to 1
Global LD ST Cache Stride Bucket 177 is equal to 1
Global LD ST Cache Stride Bucket 178 is equal to 1
Global LD ST Cache Stride Bucket 179 is equal to 1
Global LD ST Cache Stride Bucket 180 is equal to 1
Global LD ST Cache Stride Bucket 181 is equal to 1
Global LD ST Cache Stride Bucket 182 is equal to 1
Global LD ST Cache Stride Bucket 183 is equal to 1
Global LD ST Cache Stride Bucket 184 is equal to 1
Global LD ST Cache Stride Bucket 185 is equal to 1
Global LD ST Cache Stride Bucket 186 is equal to 1
Global LD ST Cache Stride Bucket 187 is equal to 1
Global LD ST Cache Stride Bucket 188 is equal to 1
Global LD ST Cache Stride Bucket 189 is equal to 1
Global LD ST Cache Stride Bucket 190 is equal to 1
Global LD ST Cache Stride Bucket 191 is equal to 1
Global LD ST Cache Stride Bucket 192 is equal to 1
Global LD ST Cache Stride Bucket 193 is equal to 1
Global LD ST Cache Stride Bucket 194 is equal to 1
Global LD ST Cache Stride Bucket 195 is equal to 1
Global LD ST Cache Stride Bucket 196 is equal to 1
Global LD ST Cache Stride Bucket 197 is equal to 1
Global LD ST Cache Stride Bucket 198 is equal to 68
Global LD ST Cache Stride Bucket 208 is equal to 68
Global LD ST Cache Stride Bucket 209 is equal to 1
Global LD ST Cache Stride Bucket 210 is equal to 1
Global LD ST Cache Stride Bucket 211 is equal to 1
Global LD ST Cache Stride Bucket 212 is equal to 1
Global LD ST Cache Stride Bucket 213 is equal to 1
Global LD ST Cache Stride Bucket 214 is equal to 1
Global LD ST Cache Stride Bucket 215 is equal to 1
Global LD ST Cache Stride Bucket 216 is equal to 1
Global LD ST Cache Stride Bucket 217 is equal to 1
Global LD ST Cache Stride Bucket 218 is equal to 1
Global LD ST Cache Stride Bucket 219 is equal to 1
Global LD ST Cache Stride Bucket 220 is equal to 1
Global LD ST Cache Stride Bucket 221 is equal to 1
Global LD ST Cache Stride Bucket 222 is equal to 1
Global LD ST Cache Stride Bucket 223 is equal to 1
Global LD ST Cache Stride Bucket 224 is equal to 1
Global LD ST Cache Stride Bucket 225 is equal to 1
Global LD ST Cache Stride Bucket 226 is equal to 1
Global LD ST Cache Stride Bucket 227 is equal to 1
Global LD ST Cache Stride Bucket 228 is equal to 1
Global LD ST Cache Stride Bucket 229 is equal to 1
Global LD ST Cache Stride Bucket 230 is equal to 1
Global LD ST Cache Stride Bucket 231 is equal to 42
Global LD ST Cache Stride Bucket 232 is equal to 1
Global LD ST Cache Stride Bucket 233 is equal to 1
Global LD ST Cache Stride Bucket 234 is equal to 1
Global LD ST Cache Stride Bucket 235 is equal to 1
Global LD ST Cache Stride Bucket 236 is equal to 182
Global LD ST Cache Stride Bucket 246 is equal to 182
Global LD ST Cache Stride Bucket 247 is equal to 1
Global LD ST Cache Stride Bucket 248 is equal to 1
Global LD ST Cache Stride Bucket 249 is equal to 1
Global LD ST Cache Stride Bucket 250 is equal to 1
Global LD ST Cache Stride Bucket 251 is equal to 1
Global LD ST Cache Stride Bucket 252 is equal to 1
Global LD ST Cache Stride Bucket 253 is equal to 1
Global LD ST Cache Stride Bucket 254 is equal to 1
Global LD ST Cache Stride Bucket 255 is equal to 1
Global LD ST Cache Stride Bucket 256 is equal to 2062658


            "-256": "9343133",
            "-255": "0",
            "-254": "0",
            "-253": "0",
            "-252": "0",
            "-251": "0",
            "-250": "0",
            "-249": "0",
            "-248": "9960",
            "-247": "0",
            "-246": "0",
            "-245": "0",
            "-244": "127",
            "-243": "0",
            "-242": "0",
            "-241": "0",
            "-240": "0",
            "-239": "0",
            "-238": "0",
            "-237": "0",
            "-236": "0",
            "-235": "0",
            "-234": "0",
            "-233": "0",
            "-232": "0",
            "-231": "0",
            "-230": "0",
            "-229": "0",
            "-228": "2405",
            "-227": "0",
            "-226": "0",
            "-225": "0",
            "-224": "0",
            "-223": "0",
            "-222": "0",
            "-221": "0",
            "-220": "0",
            "-219": "0",
            "-218": "0",
            "-217": "0",
            "-216": "44982",
            "-215": "0",
            "-214": "0",
            "-213": "0",
            "-212": "189",
            "-211": "0",
            "-210": "0",
            "-209": "0",
            "-208": "0",
            "-207": "0",
            "-206": "0",
            "-205": "0",
            "-204": "0",
            "-203": "0",
            "-202": "0",
            "-201": "0",
            "-200": "0",
            "-199": "0",
            "-198": "0",
            "-197": "0",
            "-196": "0",
            "-195": "0",
            "-194": "0",
            "-193": "0",
            "-192": "12",
            "-191": "0",
            "-190": "27",
            "-189": "0",
            "-188": "8813",
            "-187": "0",
            "-186": "108",
            "-185": "0",
            "-184": "7736",
            "-183": "0",
            "-182": "66",
            "-181": "0",
            "-180": "68",
            "-179": "0",
            "-178": "105",
            "-177": "0",
            "-176": "42211",
            "-175": "0",
            "-174": "64",
            "-173": "0",
            "-172": "44",
            "-171": "0",
            "-170": "73",
            "-169": "0",
            "-168": "4029",
            "-167": "0",
            "-166": "53",
            "-165": "0",
            "-164": "3604",
            "-163": "0",
            "-162": "85",
            "-161": "0",
            "-160": "8511",
            "-159": "0",
            "-158": "131",
            "-157": "0",
            "-156": "97",
            "-155": "0",
            "-154": "91",
            "-153": "0",
            "-152": "128",
            "-151": "0",
            "-150": "47",
            "-149": "0",
            "-148": "78",
            "-147": "0",
            "-146": "110",
            "-145": "0",
            "-144": "1038",
            "-143": "0",
            "-142": "108",
            "-141": "0",
            "-140": "164",
            "-139": "0",
            "-138": "481",
            "-137": "0",
            "-136": "470",
            "-135": "0",
            "-134": "554",
            "-133": "0",
            "-132": "659",
            "-131": "0",
            "-130": "173",
            "-129": "0",
            "-128": "658",
            "-127": "0",
            "-126": "105",
            "-125": "0",
            "-124": "1615",
            "-123": "0",
            "-122": "225",
            "-121": "0",
            "-120": "11649",
            "-119": "0",
            "-118": "214",
            "-117": "0",
            "-116": "6674",
            "-115": "0",
            "-114": "557",
            "-113": "0",
            "-112": "9118",
            "-111": "0",
            "-110": "773",
            "-109": "0",
            "-108": "6134",
            "-107": "0",
            "-106": "93",
            "-105": "0",
            "-104": "6746",
            "-103": "0",
            "-102": "149",
            "-101": "0",
            "-100": "7947",
            "-99": "0",
            "-98": "215",
            "-97": "0",
            "-96": "136664",
            "-95": "0",
            "-94": "597",
            "-93": "0",
            "-92": "5732",
            "-91": "0",
            "-90": "432",
            "-89": "0",
            "-88": "57494",
            "-87": "0",
            "-86": "277",
            "-85": "0",
            "-84": "5667",
            "-83": "0",
            "-82": "169",
            "-81": "0",
            "-80": "66348",
            "-79": "0",
            "-78": "310",
            "-77": "0",
            "-76": "3312",
            "-75": "0",
            "-74": "395",
            "-73": "0",
            "-72": "5011",
            "-71": "0",
            "-70": "1183",
            "-69": "0",
            "-68": "9178",
            "-67": "0",
            "-66": "1426",
            "-65": "0",
            "-64": "9594",
            "-63": "0",
            "-62": "224",
            "-61": "0",
            "-60": "49543",
            "-59": "0",
            "-58": "214",
            "-57": "0",
            "-56": "196331",
            "-55": "0",
            "-54": "357",
            "-53": "0",
            "-52": "123475",
            "-51": "0",
            "-50": "851",
            "-49": "0",
            "-48": "66014",
            "-47": "0",
            "-46": "3520",
            "-45": "0",
            "-44": "10144",
            "-43": "0",
            "-42": "1385",
            "-41": "0",
            "-40": "68573",
            "-39": "0",
            "-38": "651",
            "-37": "0",
            "-36": "123194",
            "-35": "0",
            "-34": "236",
            "-33": "0",
            "-32": "140033",
            "-31": "0",
            "-30": "313",
            "-29": "0",
            "-28": "27403",
            "-27": "0",
            "-26": "3480",
            "-25": "0",
            "-24": "230341",
            "-23": "0",
            "-22": "22656",
            "-21": "0",
            "-20": "221137",
            "-19": "0",
            "-18": "1146",
            "-17": "0",
            "-16": "217631",
            "-15": "0",
            "-14": "386",
            "-13": "4",
            "-12": "320267",
            "-11": "0",
            "-10": "177",
            "-9": "1",
            "-8": "2317559",
            "-7": "0",
            "-6": "617",
            "-5": "0",
            "-4": "1154525",
            "-3": "0",
            "-2": "28098",
            "-1": "4",
            "0": "2451243",
            "1": "0",
            "2": "23457",
            "3": "0",
            "4": "1330260",
            "5": "0",
            "6": "705",
            "7": "0",
            "8": "2897769",
            "9": "550",
            "10": "292",
            "11": "0",
            "12": "108418",
            "13": "0",
            "14": "202",
            "15": "0",
            "16": "352394",
            "17": "0",
            "18": "1159",
            "19": "0",
            "20": "136787",
            "21": "0",
            "22": "24694",
            "23": "0",
            "24": "207933",
            "25": "0",
            "26": "2370",
            "27": "0",
            "28": "26606",
            "29": "0",
            "30": "533",
            "31": "0",
            "32": "120268",
            "33": "0",
            "34": "213",
            "35": "0",
            "36": "263017",
            "37": "0",
            "38": "264",
            "39": "0",
            "40": "76887",
            "41": "0",
            "42": "1858",
            "43": "0",
            "44": "138809",
            "45": "0",
            "46": "2048",
            "47": "0",
            "48": "88232",
            "49": "0",
            "50": "940",
            "51": "0",
            "52": "142121",
            "53": "0",
            "54": "399",
            "55": "0",
            "56": "37303",
            "57": "9",
            "58": "157",
            "59": "0",
            "60": "6555",
            "61": "0",
            "62": "246",
            "63": "0",
            "64": "9239",
            "65": "0",
            "66": "727",
            "67": "0",
            "68": "1013",
            "69": "0",
            "70": "280",
            "71": "0",
            "72": "1532",
            "73": "0",
            "74": "219",
            "75": "0",
            "76": "123",
            "77": "0",
            "78": "142",
            "79": "0",
            "80": "100",
            "81": "0",
            "82": "185",
            "83": "0",
            "84": "135515",
            "85": "0",
            "86": "244",
            "87": "0",
            "88": "54821",
            "89": "0",
            "90": "326",
            "91": "0",
            "92": "706",
            "93": "0",
            "94": "336",
            "95": "0",
            "96": "1085",
            "97": "0",
            "98": "130",
            "99": "0",
            "100": "89",
            "101": "0",
            "102": "77",
            "103": "0",
            "104": "766",
            "105": "0",
            "106": "77",
            "107": "0",
            "108": "106",
            "109": "0",
            "110": "159",
            "111": "0",
            "112": "427",
            "113": "0",
            "114": "227",
            "115": "0",
            "116": "239",
            "117": "0",
            "118": "140",
            "119": "0",
            "120": "234",
            "121": "0",
            "122": "46",
            "123": "0",
            "124": "44",
            "125": "0",
            "126": "68",
            "127": "0",
            "128": "105",
            "129": "0",
            "130": "92",
            "131": "0",
            "132": "156",
            "133": "0",
            "134": "117",
            "135": "0",
            "136": "954",
            "137": "0",
            "138": "152",
            "139": "0",
            "140": "596",
            "141": "0",
            "142": "55",
            "143": "0",
            "144": "44",
            "145": "0",
            "146": "36",
            "147": "0",
            "148": "38",
            "149": "0",
            "150": "82",
            "151": "0",
            "152": "72",
            "153": "0",
            "154": "69",
            "155": "0",
            "156": "568",
            "157": "0",
            "158": "72",
            "159": "0",
            "160": "8830",
            "161": "0",
            "162": "71",
            "163": "0",
            "164": "32",
            "165": "0",
            "166": "35",
            "167": "0",
            "168": "36",
            "169": "0",
            "170": "55",
            "171": "0",
            "172": "50",
            "173": "0",
            "174": "37",
            "175": "0",
            "176": "12595",
            "177": "0",
            "178": "48",
            "179": "0",
            "180": "43",
            "181": "0",
            "182": "41",
            "183": "0",
            "184": "38966",
            "185": "0",
            "186": "17",
            "187": "0",
            "188": "9",
            "189": "0",
            "190": "4",
            "191": "0",
            "192": "3",
            "193": "0",
            "194": "0",
            "195": "0",
            "196": "0",
            "197": "0",
            "198": "0",
            "199": "0",
            "200": "9503",
            "201": "0",
            "202": "0",
            "203": "0",
            "204": "0",
            "205": "0",
            "206": "0",
            "207": "0",
            "208": "0",
            "209": "0",
            "210": "0",
            "211": "0",
            "212": "0",
            "213": "0",
            "214": "0",
            "215": "0",
            "216": "8",
            "217": "0",
            "218": "0",
            "219": "0",
            "220": "738",
            "221": "0",
            "222": "0",
            "223": "0",
            "224": "48195",
            "225": "0",
            "226": "0",
            "227": "0",
            "228": "92",
            "229": "0",
            "230": "0",
            "231": "0",
            "232": "0",
            "233": "0",
            "234": "0",
            "235": "0",
            "236": "0",
            "237": "0",
            "238": "0",
            "239": "0",
            "240": "1665",
            "241": "0",
            "242": "0",
            "243": "0",
            "244": "0",
            "245": "0",
            "246": "0",
            "247": "0",
            "248": "3761",
            "249": "0",
            "250": "0",
            "251": "0",
            "252": "0",
            "253": "0",
            "254": "0",
            "255": "0",
            "256": "10121995",


# END_DYNAMIC_STATS
