# Mix output version 2
# FINI: end of program
# EMIT_DYNAMIC_STATS FOR TID 1, ins = 100101509
Dynamic Instruction Count = 100101509, Dyn BBL Count = 16488027
RAWdep[ 0] = 0
RAWdep[ 1] = 43780888
RAWdep[ 2] = 18332693
RAWdep[ 3] = 14604784
RAWdep[ 4] = 7974628
RAWdep[ 5] = 4271027
RAWdep[ 6] = 4566069
RAWdep[ 7] = 2946903
RAWdep[ 8] = 2670877
RAWdep[ 9] = 2671973
RAWdep[ 10] = 2280565
RAWdep[ 11] = 1930027
RAWdep[ 12] = 1133248
RAWdep[ 13] = 1677476
RAWdep[ 14] = 854025
RAWdep[ 15] = 960891
RAWdep[ 16] = 1105578
RAWdep[ 17] = 890760
RAWdep[ 18] = 448644
RAWdep[ 19] = 838745
RAWdep[ 20] = 838721
RAWdep[ 21] = 539515
RAWdep[ 22] = 716957
RAWdep[ 23] = 787737
RAWdep[ 24] = 673568
RAWdep[ 25] = 417611
RAWdep[ 26] = 219688
RAWdep[ 27] = 409963
RAWdep[ 28] = 649576
RAWdep[ 29] = 936315
RAWdep[ 30] = 514782
RAWdep[ 31] = 505839
RAWdep[ 32] = 924401
RAWdep[ 33] = 29390334

WAWdep[ 0] = 0
WAWdep[ 1] = 25970178
WAWdep[ 2] = 19995195
WAWdep[ 3] = 16196883
WAWdep[ 4] = 7790883
WAWdep[ 5] = 5113431
WAWdep[ 6] = 5856317
WAWdep[ 7] = 3187247
WAWdep[ 8] = 2668115
WAWdep[ 9] = 3355339
WAWdep[ 10] = 2686849
WAWdep[ 11] = 1437644
WAWdep[ 12] = 1330625
WAWdep[ 13] = 2091543
WAWdep[ 14] = 1343914
WAWdep[ 15] = 1016368
WAWdep[ 16] = 1046325
WAWdep[ 17] = 863747
WAWdep[ 18] = 502370
WAWdep[ 19] = 747709
WAWdep[ 20] = 816609
WAWdep[ 21] = 711508
WAWdep[ 22] = 391661
WAWdep[ 23] = 454355
WAWdep[ 24] = 886788
WAWdep[ 25] = 305238
WAWdep[ 26] = 220547
WAWdep[ 27] = 625112
WAWdep[ 28] = 367905
WAWdep[ 29] = 304633
WAWdep[ 30] = 225309
WAWdep[ 31] = 187740
WAWdep[ 32] = 872661
WAWdep[ 33] = 15445474

WARdep[ 0] = 46052896
WARdep[ 1] = 10233607
WARdep[ 2] = 8866606
WARdep[ 3] = 5682885
WARdep[ 4] = 4328936
WARdep[ 5] = 4031456
WARdep[ 6] = 2861380
WARdep[ 7] = 3416614
WARdep[ 8] = 2851462
WARdep[ 9] = 1919943
WARdep[ 10] = 2528255
WARdep[ 11] = 1924819
WARdep[ 12] = 1282643
WARdep[ 13] = 1465747
WARdep[ 14] = 1041300
WARdep[ 15] = 828392
WARdep[ 16] = 1065403
WARdep[ 17] = 735751
WARdep[ 18] = 1029036
WARdep[ 19] = 1219541
WARdep[ 20] = 1078478
WARdep[ 21] = 786810
WARdep[ 22] = 961421
WARdep[ 23] = 434717
WARdep[ 24] = 861042
WARdep[ 25] = 897445
WARdep[ 26] = 1045377
WARdep[ 27] = 650090
WARdep[ 28] = 464134
WARdep[ 29] = 502901
WARdep[ 30] = 424978
WARdep[ 31] = 572843
WARdep[ 32] = 511861
WARdep[ 33] = 12457453


		"0": "0",
		"1": "43780888",
		"2": "18332693",
		"3": "14604784",
		"4": "7974628",
		"5": "4271027",
		"6": "4566069",
		"7": "2946903",
		"8": "2670877",
		"9": "2671973",
		"10": "2280565",
		"11": "1930027",
		"12": "1133248",
		"13": "1677476",
		"14": "854025",
		"15": "960891",
		"16": "1105578",
		"17": "890760",
		"18": "448644",
		"19": "838745",
		"20": "838721",
		"21": "539515",
		"22": "716957",
		"23": "787737",
		"24": "673568",
		"25": "417611",
		"26": "219688",
		"27": "409963",
		"28": "649576",
		"29": "936315",
		"30": "514782",
		"31": "505839",
		"32": "924401",
		"33": "29390334",


# END_DYNAMIC_STATS
