# Branch output version 3
Dynamic_Instruction_Count: 100101524
Dynamic_Conditional_Branch_Count: 10715714
Dynamic_Unconditional_Branch_Count: 5539540
Total_Taken_Branches: 10089063
Total_Branch_Transitions: 2794796

Local Branch Stats (Total Count; Taken Count; Transition Count)
1964 387 576
1577 795 535
1964 1473 981
491 0 0
491 323 331
168 168 0
387 217 227
174 4 4
795 216 431
579 321 429
491 0 0
491 0 0
491 0 0
491 0 0
491 491 0
27010 0 0
27010 0 0
27010 0 0
27010 0 0
27501 27010 981
491 171 342
320 140 279
180 175 10
486 486 0
140 0 0
311 0 0
5 0 0
5 0 0
5 0 0
5 0 0
491 0 0
491 175 345
316 0 0
491 175 345
316 0 0
350 350 0
350 0 0
350 350 0
350 0 0
350 0 0
350 350 0
350 0 0
350 0 0
350 350 0
175 175 0
175 0 0
36222 11782 14616
31408 1392 2772
63497 36222 21451
32089 30139 3873
3342 3166 351
11782 6968 2895
175 171 8
37354 175 349
37179 0 0
37179 0 0
37179 1267 2181
36083 30868 349
5215 72 144
77834 499 997
671 178 349
496 496 0
178 3 6
496 0 0
496 5 10
491 491 0
3 0 0
176 176 0
176 0 0
176 176 0
176 0 0
176 0 0
176 0 0
176 0 0
176 0 0
176 176 0
175 175 0
175 0 0
175 175 0
175 0 0
176 176 0
175 0 0
175 0 0
467 429 76
38 15 20
23 1 2
22 7 14
15 0 0
15 9 7
6 0 0
8 2 1
6 2 4
20 5 9
15 5 5
7 1 2
16 7 10
20 15 9
5 0 0
5 0 0
5 2 1
5 1 1
20 5 9
15 5 5
7 1 2
16 7 10
20 15 9
15 15 0
7 7 0
9 7 4
2 1 1
170137 99073 50334
71064 472 900
70592 282 528
70310 113 216
1964 491 981
1473 549 566
497 179 204
1242 497 798
1964 1473 981
696 174 347
522 502 10
17 2 3
35 17 23
696 522 347
175 0 0
7095 140 279
11726 7095 5375
4631 4596 70
1467 340 421
1467 284 427
1467 147 246
1467 579 432
1467 1378 153
89 33 21
56 1 2
55 0 0
55 5 10
147 35 23
112 0 0
112 4 8
108 0 0
284 0 0
284 8 16
276 0 0
276 6 12
340 41 82
299 0 0
299 8 16
291 0 0
5588 1397 2793
4191 1160 1473
2014 482 781
4563 2014 2954
5588 4191 2793
5588 1664 2669
5588 4191 2793
17756 4439 8877
13317 2806 4125
7591 1901 2981
16201 7591 10891
17756 13317 8877
4439 2775 1384
36083 1397 2682
138744 34686 69371
104058 26337 33087
54903 14224 18811
118400 54903 76791
138744 104058 69371
138744 89991 54557
138744 104058 69371
34686 734 1364
89991 45665 42255
44326 0 0
44326 9959 15829
34367 22069 17034
33563 7807 11714
33563 7592 10964
33563 7326 11140
33563 12298 7183
33563 25565 12338
7998 2323 2658
5675 1107 1873
4568 0 0
4568 885 1406
45665 37491 12953
55436 13859 27717
41577 13869 14395
18497 4886 6690
41319 18497 26656
55436 41577 27717
13859 5685 3948
8712 2178 4355
6534 1870 2549
2865 1181 1361
6348 2865 4157
8712 6534 4355
2178 1444 1467
7326 1665 2285
5661 0 0
5661 790 1214
4871 297 502
7592 0 0
7592 2063 2730
5529 297 500
5232 543 872
7807 2319 3184
5488 724 1002
4764 538 886
4226 0 0
39485 7697 12098
39485 7204 11396
39485 7900 12484
39485 22069 6866
39485 30446 13763
9039 2042 2473
6997 1597 2368
5400 0 0
5400 1068 1661
7900 2477 3126
5423 0 0
5423 1744 2351
3679 357 583
7204 0 0
7204 2065 2690
5139 801 1141
4338 1067 1608
7697 1565 2492
6132 1166 1673
4966 1617 2140
3349 0 0
11782 6954 2903
4828 1377 1199
3451 3442 18
1377 5 10
239575 168998 88208
70577 22072 30020
48505 47632 1495
22072 733 1166
108823 76817 39435
76817 6132 10210
74931 22906 30109
52025 4266 7204
51187 8359 13506
42828 3580 5982
42395 6467 10376
35928 4028 6471
35614 3423 5749
32191 10551 12982
84912 10723 20803
74189 22330 30891
82558 63272 38572
10723 0 0
1860 451 268
12132 1860 3426
10272 1409 1763
22330 12532 8387
53817 33651 22023
79492 26766 42616
78547 59326 38441
52872 44019 12638
8853 8853 0
26766 13687 18602
6895 5950 1032
14024 6895 6679
7129 945 1522
6132 4246 2409
4266 3428 1200
3580 3147 674
4028 3714 528
233972 29963 59809
284168 203839 113616
80329 59044 23012
50196 44638 10832
59044 3381 6304
57243 50135 11737
44058 1803 3426
43207 38490 7898
37924 1426 2736
37385 33426 6898
33705 1441 2738
33335 29023 6764
31454 17187 13917
56141 6640 12816
49501 7033 11028
54820 12946 25891
6640 0 0
641 79 118
7202 641 1252
6561 562 1012
7033 3566 3073
9199 3838 3885
20575 7889 12171
19816 15214 9203
8440 5732 2853
2708 2708 0
7889 3928 5543
1651 892 568
4720 1651 2254
3069 759 1186
3381 1580 1706
1803 952 960
1426 887 694
1441 1071 528
38490 33207 8366
50135 36950 17213
33426 29746 5932
29023 27142 3285
35521 32066 6508
215 195 33
3710 40 76
3670 13 16
3657 1466 1598
2422 793 1017
1785 870 852
1036 85 138
951 77 124
3495 235 444
1466 231 358
793 156 238
870 121 201
924 196 354
924 170 312
924 193 354
924 174 319
59642 30433 24460
59642 38439 24636
59642 40659 23104
59642 42774 21888
142084 38047 50181
142084 106563 71041
38047 29276 12260
8771 8771 0
8771 4034 3723
85616 43054 44344
85616 64212 42807
21404 12633 7359
8771 5052 3707
3719 319 609
3400 0 0
43054 38412 7342
4642 25 10
4617 2586 1915
2722 691 1084
2031 1621 627
2996 2996 0
4122 1126 1222
2996 618 882
2378 944 1087
1434 664 629
770 770 0
1126 1126 0
13444 4673 4420
8771 1936 2938
6835 2713 3136
4122 1981 2004
2141 2141 0
4673 4673 0
346 346 0
346 178 261
168 168 0
346 0 0
346 178 261
346 346 0
346 178 261
168 0 0
168 168 0
37354 0 0
671 586 169
586 573 26
1346 0 0
100071 49817 50133
50254 0 0
50254 50254 0
66094 1088 2118
115260 21 42
115239 32611 41346
82628 33462 23408
49817 0 0
49817 0 0
116038 31 62
116007 33204 41153
82803 49323 24241
66715 66221 969
494 0 0
3316 8 16
3802 0 0
3802 1665 1943
2137 486 574
2982 10 20
4059 2 4
4057 1488 1540
2569 1077 564
1088 1087 2
37354 1099 2191
36255 36255 0
100071 19 20
100052 75039 50025
64168 23761 35977
40407 39155 2503
23761 0 0
36255 734 1366
35521 10865 16389
60721 36065 33891
24656 408 790
24248 0 0
60053 411 650
290373 53684 97003
236689 230731 11916
59642 41230 21754
60053 35805 33525
24248 11926 11723
12322 10215 3329
2906 0 0
2906 799 1060
12322 12322 0
5 5 0
491 0 0
491 491 0
491 489 4
77616 45526 13672
77616 77440 351
176 0 0
249403 0 0
675 211 78
675 357 635
318 0 0
318 100 78
357 248 78
496 0 0
496 496 0
76870 0 0
77366 0 0
77366 19322 6401
77366 75525 2875
77366 76870 991
499 0 0
499 318 362
181 126 76
17843 124 247
19646 17843 3308
1803 1801 4
318 218 78
34013 218 435
34013 30992 5438
15597 100 199
15597 14211 2446
8578 55 109
8578 7791 1454
3 3 0
3 3 0
3 3 0
465 3 5
465 3 5
462 418 70
462 455 14
3 3 0
470 3 5
470 0 0
470 3 6
467 5 10
462 27 41
435 0 0
3 0 0
3 0 0
3 0 0
178 0 0
178 178 0
1780 184 361
3 0 0
3 0 0
3 0 0
3 3 0
314 314 0
314 184 260
314 314 0
314 0 0
314 3 6
1780 1602 355
1049 0 0
1049 0 0
1049 0 0
1049 0 0
1049 714 613
335 0 0
335 0 0
335 0 0
335 335 0
335 0 0
335 204 261
131 131 0
335 335 0
335 0 0
335 204 261
131 131 0
714 0 0
714 714 0
714 0 0
714 714 0
714 0 0
714 0 0
714 0 0
714 0 0
714 664 94
50 0 0
50 0 0
50 0 0
50 6 1
44 44 0
714 0 0
714 147 94
567 0 0
567 0 0
567 0 0
567 288 262
279 150 257
714 0 0
714 6 6
714 714 0
714 714 0
714 0 0
714 0 0
714 0 0
714 714 0
714 0 0
150 0 0
150 0 0
150 0 0
44 0 0
44 0 0
44 0 0
714 714 0
1511 0 0
1511 712 355
799 780 37
19 19 0
19 0 0
1492 703 355
789 477 6
312 0 0
312 0 0
312 312 0
1059 0 0
703 353 349
350 0 0
703 525 349
1438 0 0
2618 684 1355
1934 0 0
1934 0 0
1934 1454 12
480 471 17
1482 44 88
1438 574 626
864 527 355
337 337 0
256 0 0
256 218 74
527 0 0
527 256 349
218 218 0
44 0 0
262 44 88
218 44 88
471 9 11
462 10 16
452 123 15
452 452 0
684 659 12
631 434 295
197 0 0
197 187 14
10 0 0
10 8 3
2 0 0
2 2 0
3742 0 0
4373 3742 1213
631 465 296
44 0 0
19 19 0
659 440 350
219 0 0
219 0 0
219 219 0
219 0 0
219 0 0
219 0 0
219 0 0
219 219 0
219 175 87
44 0 0
465 0 0
465 0 0
465 0 0
465 0 0
465 11 22
454 410 1
465 456 18
9 0 0
456 0 0
456 440 12
456 120 240
175 0 0
175 175 0
219 0 0
219 0 0
219 0 0
410 0 0
410 0 0
410 0 0
1511 0 0
1511 0 0
1511 1511 0
1511 0 0
1511 0 0
1511 1511 0
1511 0 0
1511 0 0
1511 0 0
1511 0 0
1049 0 0
1049 0 0
1049 0 0
1049 1049 0
1583 0 0
1583 0 0
1583 1583 0
1583 0 0
1583 0 0
1583 0 0
20766 19183 3165
868 391 389
477 0 0
477 396 141
391 310 157
310 310 0
396 0 0
396 396 0
310 0 0
4010 3700 619
5498 5102 791
1511 0 0
