Block 0x0: Count: 159694, Running Total: 159694
Block 0x1: Count: 249403, Running Total: 409097
Block 0x2: Count: 70577, Running Total: 479674
Block 0x3: Count: 77366, Running Total: 557040
Block 0x4: Count: 284168, Running Total: 841208
Block 0x5: Count: 170137, Running Total: 1011345
Block 0x6: Count: 239575, Running Total: 1250920
Block 0x7: Count: 100052, Running Total: 1350972
Block 0x8: Count: 138744, Running Total: 1489716
Block 0x9: Count: 142084, Running Total: 1631800
Block 0xa: Count: 100071, Running Total: 1731871
Block 0xb: Count: 290373, Running Total: 2022244
Block 0xc: Count: 138744, Running Total: 2160988
Block 0xd: Count: 77335, Running Total: 2238323
Block 0xe: Count: 159694, Running Total: 2398017
Block 0xf: Count: 59642, Running Total: 2457659
Block 0x10: Count: 100052, Running Total: 2557711
Block 0x11: Count: 290373, Running Total: 2848084
Block 0x12: Count: 290373, Running Total: 3138457
Block 0x13: Count: 108823, Running Total: 3247280
Load metaop: *mem-read-1
Load metaop: *mem-read-2
Load metaop: *mem-read-4
Load metaop: *mem-read-8
Load metaop: *mem-read-16
Store metaop: *mem-write-1
Store metaop: *mem-write-2
Store metaop: *mem-write-4
Store metaop: *mem-write-8
Store metaop: *mem-write-16
Xfer metaop: *category-DATAXFER
Unrecognized opcode CDQ, classifying as "other"
Unrecognized opcode CDQE, classifying as "other"
Unrecognized opcode CMOVL, classifying as "other"
Unrecognized opcode CMOVLE, classifying as "other"
Unrecognized opcode CMOVNB, classifying as "other"
Unrecognized opcode CMOVNLE, classifying as "other"
Unrecognized opcode CMOVNZ, classifying as "other"
Unrecognized opcode CMOVZ, classifying as "other"
Unrecognized opcode CMPXCHG, classifying as "other"
Unrecognized opcode LDDQU, classifying as "other"
Unrecognized opcode LEAVE, classifying as "other"
Unrecognized opcode NOP, classifying as "other"
Opcode REP_STOSQ has repeat prefix; discarding prefix
Unrecognized opcode SETNBE, classifying as "other"
Unrecognized opcode SETNLE, classifying as "other"
Unrecognized opcode SETNZ, classifying as "other"
Unrecognized opcode SETZ, classifying as "other"
Unrecognized opcode VADDSS, classifying as "other"
Unrecognized opcode VCVTSI2SS, classifying as "other"
Unrecognized opcode VCVTTSS2SI, classifying as "other"
Unrecognized opcode VDIVSS, classifying as "other"
Unrecognized opcode VMOVSS, classifying as "other"
Unrecognized opcode VSUBSS, classifying as "other"
Unrecognized opcode VUCOMISS, classifying as "other"
Unrecognized opcode VXORPS, classifying as "other"
Total metaop: *total

Done parsing file

"Other" ratio: 27.9558807467%
Sum category count: 142641580
Static BBL count: 20

# FINI: end of program
Dynamic Instruction Count = 100101524, Dyn BBL Count = 3247280
<DynInsCount> 100101524
<BBLCount> 3247280
<TotInsCount> 100101524
<IntCount> 39479382
<IntMulCount> 879228
<IntDivCount> 214298
<FPCount> 0
<FPMulCount> 0
<FPDivCount> 0
<LdCount> 25724173
<StCount> 9496821
<Br/CallCount> 16255254
<CondBrCount> 10715714
<OtherCount> 39876710
<SysCallCount> 0

# END_DYNAMIC_STATS


Saving to file ./pinball_out/t0r27/imix_new.out


