# Mix output version 2
# FINI: end of program
# EMIT_DYNAMIC_STATS FOR TID 1
# instructions = 100101524, basic blocks = 16265873
Local Byte Stride Bucket -256 is equal to 1982703
Local Byte Stride Bucket -255 is equal to 3
Local Byte Stride Bucket -254 is equal to 4934
Local Byte Stride Bucket -253 is equal to 2
Local Byte Stride Bucket -252 is equal to 16437
Local Byte Stride Bucket -251 is equal to 1
Local Byte Stride Bucket -250 is equal to 5574
Local Byte Stride Bucket -249 is equal to 1
Local Byte Stride Bucket -248 is equal to 16720
Local Byte Stride Bucket -247 is equal to 1
Local Byte Stride Bucket -246 is equal to 4726
Local Byte Stride Bucket -245 is equal to 3
Local Byte Stride Bucket -244 is equal to 10765
Local Byte Stride Bucket -243 is equal to 1
Local Byte Stride Bucket -242 is equal to 6380
Local Byte Stride Bucket -241 is equal to 3
Local Byte Stride Bucket -240 is equal to 12015
Local Byte Stride Bucket -239 is equal to 3
Local Byte Stride Bucket -238 is equal to 5088
Local Byte Stride Bucket -237 is equal to 6
Local Byte Stride Bucket -236 is equal to 8949
Local Byte Stride Bucket -234 is equal to 5453
Local Byte Stride Bucket -232 is equal to 21416
Local Byte Stride Bucket -231 is equal to 1
Local Byte Stride Bucket -230 is equal to 6028
Local Byte Stride Bucket -229 is equal to 2
Local Byte Stride Bucket -228 is equal to 8318
Local Byte Stride Bucket -227 is equal to 1
Local Byte Stride Bucket -226 is equal to 6245
Local Byte Stride Bucket -225 is equal to 1
Local Byte Stride Bucket -224 is equal to 75189
Local Byte Stride Bucket -223 is equal to 1
Local Byte Stride Bucket -222 is equal to 4241
Local Byte Stride Bucket -220 is equal to 10979
Local Byte Stride Bucket -219 is equal to 4
Local Byte Stride Bucket -218 is equal to 6177
Local Byte Stride Bucket -217 is equal to 2
Local Byte Stride Bucket -216 is equal to 9039
Local Byte Stride Bucket -215 is equal to 1
Local Byte Stride Bucket -214 is equal to 5132
Local Byte Stride Bucket -213 is equal to 1
Local Byte Stride Bucket -212 is equal to 9833
Local Byte Stride Bucket -211 is equal to 2
Local Byte Stride Bucket -210 is equal to 7545
Local Byte Stride Bucket -209 is equal to 1
Local Byte Stride Bucket -208 is equal to 10387
Local Byte Stride Bucket -207 is equal to 2
Local Byte Stride Bucket -206 is equal to 5403
Local Byte Stride Bucket -205 is equal to 4
Local Byte Stride Bucket -204 is equal to 9474
Local Byte Stride Bucket -202 is equal to 22539
Local Byte Stride Bucket -201 is equal to 1
Local Byte Stride Bucket -200 is equal to 9269
Local Byte Stride Bucket -198 is equal to 4974
Local Byte Stride Bucket -197 is equal to 2
Local Byte Stride Bucket -196 is equal to 8984
Local Byte Stride Bucket -195 is equal to 1
Local Byte Stride Bucket -194 is equal to 4528
Local Byte Stride Bucket -193 is equal to 12
Local Byte Stride Bucket -192 is equal to 36020
Local Byte Stride Bucket -191 is equal to 6
Local Byte Stride Bucket -190 is equal to 4361
Local Byte Stride Bucket -189 is equal to 5
Local Byte Stride Bucket -188 is equal to 9295
Local Byte Stride Bucket -187 is equal to 3
Local Byte Stride Bucket -186 is equal to 7721
Local Byte Stride Bucket -185 is equal to 6
Local Byte Stride Bucket -184 is equal to 10132
Local Byte Stride Bucket -183 is equal to 2
Local Byte Stride Bucket -182 is equal to 4565
Local Byte Stride Bucket -181 is equal to 4
Local Byte Stride Bucket -180 is equal to 13554
Local Byte Stride Bucket -178 is equal to 7150
Local Byte Stride Bucket -177 is equal to 6
Local Byte Stride Bucket -176 is equal to 21669
Local Byte Stride Bucket -175 is equal to 4
Local Byte Stride Bucket -174 is equal to 6086
Local Byte Stride Bucket -173 is equal to 1
Local Byte Stride Bucket -172 is equal to 22809
Local Byte Stride Bucket -171 is equal to 4
Local Byte Stride Bucket -170 is equal to 8034
Local Byte Stride Bucket -169 is equal to 2
Local Byte Stride Bucket -168 is equal to 33198
Local Byte Stride Bucket -167 is equal to 4
Local Byte Stride Bucket -166 is equal to 9325
Local Byte Stride Bucket -164 is equal to 26397
Local Byte Stride Bucket -163 is equal to 1
Local Byte Stride Bucket -162 is equal to 7405
Local Byte Stride Bucket -161 is equal to 1
Local Byte Stride Bucket -160 is equal to 77490
Local Byte Stride Bucket -159 is equal to 3
Local Byte Stride Bucket -158 is equal to 9249
Local Byte Stride Bucket -157 is equal to 3
Local Byte Stride Bucket -156 is equal to 12099
Local Byte Stride Bucket -155 is equal to 2
Local Byte Stride Bucket -154 is equal to 6168
Local Byte Stride Bucket -153 is equal to 4
Local Byte Stride Bucket -152 is equal to 10624
Local Byte Stride Bucket -151 is equal to 2
Local Byte Stride Bucket -150 is equal to 12619
Local Byte Stride Bucket -149 is equal to 5
Local Byte Stride Bucket -148 is equal to 10784
Local Byte Stride Bucket -147 is equal to 7
Local Byte Stride Bucket -146 is equal to 6597
Local Byte Stride Bucket -145 is equal to 2
Local Byte Stride Bucket -144 is equal to 9551
Local Byte Stride Bucket -143 is equal to 1
Local Byte Stride Bucket -142 is equal to 5641
Local Byte Stride Bucket -141 is equal to 8
Local Byte Stride Bucket -140 is equal to 10367
Local Byte Stride Bucket -139 is equal to 2
Local Byte Stride Bucket -138 is equal to 6918
Local Byte Stride Bucket -136 is equal to 9843
Local Byte Stride Bucket -135 is equal to 1
Local Byte Stride Bucket -134 is equal to 7107
Local Byte Stride Bucket -133 is equal to 1
Local Byte Stride Bucket -132 is equal to 11979
Local Byte Stride Bucket -131 is equal to 6
Local Byte Stride Bucket -130 is equal to 14463
Local Byte Stride Bucket -129 is equal to 2
Local Byte Stride Bucket -128 is equal to 140251
Local Byte Stride Bucket -126 is equal to 17288
Local Byte Stride Bucket -125 is equal to 8
Local Byte Stride Bucket -124 is equal to 21459
Local Byte Stride Bucket -123 is equal to 4
Local Byte Stride Bucket -122 is equal to 11848
Local Byte Stride Bucket -120 is equal to 11143
Local Byte Stride Bucket -119 is equal to 4
Local Byte Stride Bucket -118 is equal to 10774
Local Byte Stride Bucket -117 is equal to 4
Local Byte Stride Bucket -116 is equal to 13383
Local Byte Stride Bucket -115 is equal to 3
Local Byte Stride Bucket -114 is equal to 7035
Local Byte Stride Bucket -113 is equal to 2
Local Byte Stride Bucket -112 is equal to 9252
Local Byte Stride Bucket -111 is equal to 5
Local Byte Stride Bucket -110 is equal to 7776
Local Byte Stride Bucket -108 is equal to 10550
Local Byte Stride Bucket -107 is equal to 1
Local Byte Stride Bucket -106 is equal to 8701
Local Byte Stride Bucket -105 is equal to 1
Local Byte Stride Bucket -104 is equal to 11417
Local Byte Stride Bucket -103 is equal to 1
Local Byte Stride Bucket -102 is equal to 12948
Local Byte Stride Bucket -101 is equal to 1
Local Byte Stride Bucket -100 is equal to 14024
Local Byte Stride Bucket -99 is equal to 2
Local Byte Stride Bucket -98 is equal to 6300
Local Byte Stride Bucket -97 is equal to 2
Local Byte Stride Bucket -96 is equal to 18563
Local Byte Stride Bucket -95 is equal to 1
Local Byte Stride Bucket -94 is equal to 9392
Local Byte Stride Bucket -93 is equal to 1
Local Byte Stride Bucket -92 is equal to 27712
Local Byte Stride Bucket -91 is equal to 2
Local Byte Stride Bucket -90 is equal to 11437
Local Byte Stride Bucket -89 is equal to 10
Local Byte Stride Bucket -88 is equal to 206768
Local Byte Stride Bucket -87 is equal to 2
Local Byte Stride Bucket -86 is equal to 25752
Local Byte Stride Bucket -85 is equal to 1
Local Byte Stride Bucket -84 is equal to 90387
Local Byte Stride Bucket -83 is equal to 2
Local Byte Stride Bucket -82 is equal to 30806
Local Byte Stride Bucket -81 is equal to 1
Local Byte Stride Bucket -80 is equal to 57047
Local Byte Stride Bucket -79 is equal to 2
Local Byte Stride Bucket -78 is equal to 10631
Local Byte Stride Bucket -77 is equal to 15
Local Byte Stride Bucket -76 is equal to 27712
Local Byte Stride Bucket -74 is equal to 8612
Local Byte Stride Bucket -73 is equal to 9
Local Byte Stride Bucket -72 is equal to 18463
Local Byte Stride Bucket -71 is equal to 3
Local Byte Stride Bucket -70 is equal to 7496
Local Byte Stride Bucket -69 is equal to 8
Local Byte Stride Bucket -68 is equal to 12785
Local Byte Stride Bucket -67 is equal to 12
Local Byte Stride Bucket -66 is equal to 6889
Local Byte Stride Bucket -65 is equal to 8
Local Byte Stride Bucket -64 is equal to 479356
Local Byte Stride Bucket -63 is equal to 14
Local Byte Stride Bucket -62 is equal to 7401
Local Byte Stride Bucket -61 is equal to 5
Local Byte Stride Bucket -60 is equal to 12445
Local Byte Stride Bucket -59 is equal to 2
Local Byte Stride Bucket -58 is equal to 8486
Local Byte Stride Bucket -57 is equal to 7
Local Byte Stride Bucket -56 is equal to 14101
Local Byte Stride Bucket -55 is equal to 2
Local Byte Stride Bucket -54 is equal to 8424
Local Byte Stride Bucket -53 is equal to 1
Local Byte Stride Bucket -52 is equal to 16425
Local Byte Stride Bucket -51 is equal to 2
Local Byte Stride Bucket -50 is equal to 9612
Local Byte Stride Bucket -49 is equal to 6
Local Byte Stride Bucket -48 is equal to 27486
Local Byte Stride Bucket -47 is equal to 4
Local Byte Stride Bucket -46 is equal to 28417
Local Byte Stride Bucket -45 is equal to 16
Local Byte Stride Bucket -44 is equal to 220630
Local Byte Stride Bucket -43 is equal to 2
Local Byte Stride Bucket -42 is equal to 92594
Local Byte Stride Bucket -41 is equal to 5
Local Byte Stride Bucket -40 is equal to 60953
Local Byte Stride Bucket -39 is equal to 2
Local Byte Stride Bucket -38 is equal to 30649
Local Byte Stride Bucket -37 is equal to 2
Local Byte Stride Bucket -36 is equal to 22169
Local Byte Stride Bucket -35 is equal to 1
Local Byte Stride Bucket -34 is equal to 10293
Local Byte Stride Bucket -33 is equal to 4
Local Byte Stride Bucket -32 is equal to 126373
Local Byte Stride Bucket -31 is equal to 9
Local Byte Stride Bucket -30 is equal to 10182
Local Byte Stride Bucket -29 is equal to 3
Local Byte Stride Bucket -28 is equal to 68204
Local Byte Stride Bucket -27 is equal to 38
Local Byte Stride Bucket -26 is equal to 9395
Local Byte Stride Bucket -25 is equal to 67
Local Byte Stride Bucket -24 is equal to 109903
Local Byte Stride Bucket -23 is equal to 5
Local Byte Stride Bucket -22 is equal to 10160
Local Byte Stride Bucket -21 is equal to 6
Local Byte Stride Bucket -20 is equal to 28633
Local Byte Stride Bucket -19 is equal to 12
Local Byte Stride Bucket -18 is equal to 8924
Local Byte Stride Bucket -17 is equal to 8
Local Byte Stride Bucket -16 is equal to 54352
Local Byte Stride Bucket -15 is equal to 13
Local Byte Stride Bucket -14 is equal to 11809
Local Byte Stride Bucket -13 is equal to 62
Local Byte Stride Bucket -12 is equal to 276378
Local Byte Stride Bucket -11 is equal to 5
Local Byte Stride Bucket -10 is equal to 10436
Local Byte Stride Bucket -9 is equal to 9
Local Byte Stride Bucket -8 is equal to 189547
Local Byte Stride Bucket -7 is equal to 6
Local Byte Stride Bucket -6 is equal to 20511
Local Byte Stride Bucket -5 is equal to 7
Local Byte Stride Bucket -4 is equal to 344805
Local Byte Stride Bucket -3 is equal to 14
Local Byte Stride Bucket -2 is equal to 169528
Local Byte Stride Bucket -1 is equal to 55
Local Byte Stride Bucket 0 is equal to 21008823
Local Byte Stride Bucket 1 is equal to 31
Local Byte Stride Bucket 2 is equal to 257851
Local Byte Stride Bucket 3 is equal to 4
Local Byte Stride Bucket 4 is equal to 1955533
Local Byte Stride Bucket 5 is equal to 18
Local Byte Stride Bucket 6 is equal to 21421
Local Byte Stride Bucket 7 is equal to 37
Local Byte Stride Bucket 8 is equal to 434160
Local Byte Stride Bucket 9 is equal to 2
Local Byte Stride Bucket 10 is equal to 9936
Local Byte Stride Bucket 11 is equal to 3
Local Byte Stride Bucket 12 is equal to 43318
Local Byte Stride Bucket 13 is equal to 13
Local Byte Stride Bucket 14 is equal to 11306
Local Byte Stride Bucket 15 is equal to 8
Local Byte Stride Bucket 16 is equal to 34036
Local Byte Stride Bucket 17 is equal to 16
Local Byte Stride Bucket 18 is equal to 8383
Local Byte Stride Bucket 19 is equal to 67
Local Byte Stride Bucket 20 is equal to 19405
Local Byte Stride Bucket 21 is equal to 9
Local Byte Stride Bucket 22 is equal to 9782
Local Byte Stride Bucket 23 is equal to 2
Local Byte Stride Bucket 24 is equal to 45132
Local Byte Stride Bucket 25 is equal to 4
Local Byte Stride Bucket 26 is equal to 9272
Local Byte Stride Bucket 27 is equal to 7
Local Byte Stride Bucket 28 is equal to 21036
Local Byte Stride Bucket 29 is equal to 7
Local Byte Stride Bucket 30 is equal to 9350
Local Byte Stride Bucket 31 is equal to 9
Local Byte Stride Bucket 32 is equal to 19071
Local Byte Stride Bucket 33 is equal to 3
Local Byte Stride Bucket 34 is equal to 10029
Local Byte Stride Bucket 35 is equal to 3
Local Byte Stride Bucket 36 is equal to 20687
Local Byte Stride Bucket 37 is equal to 4
Local Byte Stride Bucket 38 is equal to 62124
Local Byte Stride Bucket 39 is equal to 1
Local Byte Stride Bucket 40 is equal to 266632
Local Byte Stride Bucket 41 is equal to 5
Local Byte Stride Bucket 42 is equal to 111728
Local Byte Stride Bucket 43 is equal to 1
Local Byte Stride Bucket 44 is equal to 256865
Local Byte Stride Bucket 45 is equal to 3
Local Byte Stride Bucket 46 is equal to 41971
Local Byte Stride Bucket 47 is equal to 4
Local Byte Stride Bucket 48 is equal to 24618
Local Byte Stride Bucket 49 is equal to 9
Local Byte Stride Bucket 50 is equal to 9303
Local Byte Stride Bucket 51 is equal to 1
Local Byte Stride Bucket 52 is equal to 16468
Local Byte Stride Bucket 53 is equal to 3
Local Byte Stride Bucket 54 is equal to 8021
Local Byte Stride Bucket 55 is equal to 3
Local Byte Stride Bucket 56 is equal to 13958
Local Byte Stride Bucket 57 is equal to 1
Local Byte Stride Bucket 58 is equal to 7931
Local Byte Stride Bucket 59 is equal to 11
Local Byte Stride Bucket 60 is equal to 11618
Local Byte Stride Bucket 61 is equal to 10
Local Byte Stride Bucket 62 is equal to 7351
Local Byte Stride Bucket 63 is equal to 24
Local Byte Stride Bucket 64 is equal to 375589
Local Byte Stride Bucket 65 is equal to 14
Local Byte Stride Bucket 66 is equal to 6400
Local Byte Stride Bucket 67 is equal to 4
Local Byte Stride Bucket 68 is equal to 12900
Local Byte Stride Bucket 69 is equal to 6
Local Byte Stride Bucket 70 is equal to 6854
Local Byte Stride Bucket 71 is equal to 2
Local Byte Stride Bucket 72 is equal to 13969
Local Byte Stride Bucket 73 is equal to 3
Local Byte Stride Bucket 74 is equal to 9237
Local Byte Stride Bucket 75 is equal to 3
Local Byte Stride Bucket 76 is equal to 137204
Local Byte Stride Bucket 77 is equal to 3
Local Byte Stride Bucket 78 is equal to 11237
Local Byte Stride Bucket 80 is equal to 243825
Local Byte Stride Bucket 82 is equal to 37636
Local Byte Stride Bucket 83 is equal to 3
Local Byte Stride Bucket 84 is equal to 220341
Local Byte Stride Bucket 85 is equal to 8
Local Byte Stride Bucket 86 is equal to 27286
Local Byte Stride Bucket 87 is equal to 1
Local Byte Stride Bucket 88 is equal to 207998
Local Byte Stride Bucket 89 is equal to 4
Local Byte Stride Bucket 90 is equal to 10981
Local Byte Stride Bucket 91 is equal to 3
Local Byte Stride Bucket 92 is equal to 38695
Local Byte Stride Bucket 94 is equal to 8738
Local Byte Stride Bucket 96 is equal to 14747
Local Byte Stride Bucket 97 is equal to 1
Local Byte Stride Bucket 98 is equal to 6580
Local Byte Stride Bucket 100 is equal to 13201
Local Byte Stride Bucket 101 is equal to 2
Local Byte Stride Bucket 102 is equal to 12841
Local Byte Stride Bucket 103 is equal to 1
Local Byte Stride Bucket 104 is equal to 10795
Local Byte Stride Bucket 105 is equal to 1
Local Byte Stride Bucket 106 is equal to 8981
Local Byte Stride Bucket 107 is equal to 2
Local Byte Stride Bucket 108 is equal to 9537
Local Byte Stride Bucket 109 is equal to 1
Local Byte Stride Bucket 110 is equal to 7744
Local Byte Stride Bucket 111 is equal to 1
Local Byte Stride Bucket 112 is equal to 8661
Local Byte Stride Bucket 113 is equal to 3
Local Byte Stride Bucket 114 is equal to 7106
Local Byte Stride Bucket 115 is equal to 1
Local Byte Stride Bucket 116 is equal to 12600
Local Byte Stride Bucket 117 is equal to 3
Local Byte Stride Bucket 118 is equal to 12291
Local Byte Stride Bucket 119 is equal to 2
Local Byte Stride Bucket 120 is equal to 11512
Local Byte Stride Bucket 122 is equal to 11720
Local Byte Stride Bucket 123 is equal to 1
Local Byte Stride Bucket 124 is equal to 21286
Local Byte Stride Bucket 125 is equal to 2
Local Byte Stride Bucket 126 is equal to 16290
Local Byte Stride Bucket 127 is equal to 3
Local Byte Stride Bucket 128 is equal to 85334
Local Byte Stride Bucket 129 is equal to 3
Local Byte Stride Bucket 130 is equal to 13720
Local Byte Stride Bucket 131 is equal to 2
Local Byte Stride Bucket 132 is equal to 11094
Local Byte Stride Bucket 133 is equal to 1
Local Byte Stride Bucket 134 is equal to 7217
Local Byte Stride Bucket 136 is equal to 9544
Local Byte Stride Bucket 137 is equal to 2
Local Byte Stride Bucket 138 is equal to 6924
Local Byte Stride Bucket 139 is equal to 7
Local Byte Stride Bucket 140 is equal to 9755
Local Byte Stride Bucket 141 is equal to 5
Local Byte Stride Bucket 142 is equal to 5499
Local Byte Stride Bucket 143 is equal to 3
Local Byte Stride Bucket 144 is equal to 9060
Local Byte Stride Bucket 145 is equal to 1
Local Byte Stride Bucket 146 is equal to 6779
Local Byte Stride Bucket 147 is equal to 4
Local Byte Stride Bucket 148 is equal to 10796
Local Byte Stride Bucket 149 is equal to 4
Local Byte Stride Bucket 150 is equal to 12869
Local Byte Stride Bucket 151 is equal to 1
Local Byte Stride Bucket 152 is equal to 9850
Local Byte Stride Bucket 153 is equal to 3
Local Byte Stride Bucket 154 is equal to 5887
Local Byte Stride Bucket 155 is equal to 3
Local Byte Stride Bucket 156 is equal to 11182
Local Byte Stride Bucket 157 is equal to 3
Local Byte Stride Bucket 158 is equal to 9606
Local Byte Stride Bucket 159 is equal to 1
Local Byte Stride Bucket 160 is equal to 83027
Local Byte Stride Bucket 162 is equal to 6290
Local Byte Stride Bucket 163 is equal to 1
Local Byte Stride Bucket 164 is equal to 35342
Local Byte Stride Bucket 165 is equal to 3
Local Byte Stride Bucket 166 is equal to 9021
Local Byte Stride Bucket 167 is equal to 4
Local Byte Stride Bucket 168 is equal to 41366
Local Byte Stride Bucket 169 is equal to 2
Local Byte Stride Bucket 170 is equal to 7873
Local Byte Stride Bucket 171 is equal to 3
Local Byte Stride Bucket 172 is equal to 23906
Local Byte Stride Bucket 173 is equal to 1
Local Byte Stride Bucket 174 is equal to 6136
Local Byte Stride Bucket 176 is equal to 24209
Local Byte Stride Bucket 177 is equal to 3
Local Byte Stride Bucket 178 is equal to 7174
Local Byte Stride Bucket 179 is equal to 1
Local Byte Stride Bucket 180 is equal to 10703
Local Byte Stride Bucket 181 is equal to 6
Local Byte Stride Bucket 182 is equal to 4367
Local Byte Stride Bucket 183 is equal to 4
Local Byte Stride Bucket 184 is equal to 9432
Local Byte Stride Bucket 185 is equal to 1
Local Byte Stride Bucket 186 is equal to 7826
Local Byte Stride Bucket 187 is equal to 2
Local Byte Stride Bucket 188 is equal to 9040
Local Byte Stride Bucket 189 is equal to 2
Local Byte Stride Bucket 190 is equal to 3922
Local Byte Stride Bucket 191 is equal to 6
Local Byte Stride Bucket 192 is equal to 8938
Local Byte Stride Bucket 193 is equal to 3
Local Byte Stride Bucket 194 is equal to 4854
Local Byte Stride Bucket 195 is equal to 3
Local Byte Stride Bucket 196 is equal to 8783
Local Byte Stride Bucket 198 is equal to 4900
Local Byte Stride Bucket 200 is equal to 8966
Local Byte Stride Bucket 201 is equal to 2
Local Byte Stride Bucket 202 is equal to 21741
Local Byte Stride Bucket 203 is equal to 2
Local Byte Stride Bucket 204 is equal to 9227
Local Byte Stride Bucket 205 is equal to 3
Local Byte Stride Bucket 206 is equal to 5373
Local Byte Stride Bucket 207 is equal to 1
Local Byte Stride Bucket 208 is equal to 10145
Local Byte Stride Bucket 209 is equal to 5
Local Byte Stride Bucket 210 is equal to 8509
Local Byte Stride Bucket 212 is equal to 9806
Local Byte Stride Bucket 213 is equal to 3
Local Byte Stride Bucket 214 is equal to 4833
Local Byte Stride Bucket 215 is equal to 1
Local Byte Stride Bucket 216 is equal to 9044
Local Byte Stride Bucket 217 is equal to 2
Local Byte Stride Bucket 218 is equal to 5675
Local Byte Stride Bucket 219 is equal to 1
Local Byte Stride Bucket 220 is equal to 10827
Local Byte Stride Bucket 222 is equal to 4281
Local Byte Stride Bucket 223 is equal to 2
Local Byte Stride Bucket 224 is equal to 60053
Local Byte Stride Bucket 225 is equal to 3
Local Byte Stride Bucket 226 is equal to 6350
Local Byte Stride Bucket 227 is equal to 1
Local Byte Stride Bucket 228 is equal to 7787
Local Byte Stride Bucket 229 is equal to 6
Local Byte Stride Bucket 230 is equal to 5716
Local Byte Stride Bucket 231 is equal to 2
Local Byte Stride Bucket 232 is equal to 20230
Local Byte Stride Bucket 234 is equal to 5111
Local Byte Stride Bucket 235 is equal to 1
Local Byte Stride Bucket 236 is equal to 8221
Local Byte Stride Bucket 237 is equal to 12
Local Byte Stride Bucket 238 is equal to 4962
Local Byte Stride Bucket 239 is equal to 5
Local Byte Stride Bucket 240 is equal to 13651
Local Byte Stride Bucket 241 is equal to 2
Local Byte Stride Bucket 242 is equal to 6061
Local Byte Stride Bucket 243 is equal to 2
Local Byte Stride Bucket 244 is equal to 9910
Local Byte Stride Bucket 245 is equal to 2
Local Byte Stride Bucket 246 is equal to 4915
Local Byte Stride Bucket 247 is equal to 1
Local Byte Stride Bucket 248 is equal to 15275
Local Byte Stride Bucket 249 is equal to 1
Local Byte Stride Bucket 250 is equal to 5661
Local Byte Stride Bucket 251 is equal to 9
Local Byte Stride Bucket 252 is equal to 16867
Local Byte Stride Bucket 253 is equal to 3
Local Byte Stride Bucket 254 is equal to 5503
Local Byte Stride Bucket 255 is equal to 3
Local Byte Stride Bucket 256 is equal to 1870877

Local Cache Stride Bucket -256 is equal to 215056
Local Cache Stride Bucket -255 is equal to 113
Local Cache Stride Bucket -254 is equal to 90
Local Cache Stride Bucket -253 is equal to 57
Local Cache Stride Bucket -252 is equal to 64
Local Cache Stride Bucket -251 is equal to 48
Local Cache Stride Bucket -250 is equal to 61
Local Cache Stride Bucket -249 is equal to 54
Local Cache Stride Bucket -248 is equal to 151
Local Cache Stride Bucket -247 is equal to 36
Local Cache Stride Bucket -246 is equal to 60
Local Cache Stride Bucket -245 is equal to 65
Local Cache Stride Bucket -244 is equal to 53
Local Cache Stride Bucket -243 is equal to 69
Local Cache Stride Bucket -242 is equal to 71
Local Cache Stride Bucket -241 is equal to 67
Local Cache Stride Bucket -240 is equal to 193
Local Cache Stride Bucket -239 is equal to 50
Local Cache Stride Bucket -238 is equal to 42
Local Cache Stride Bucket -237 is equal to 51
Local Cache Stride Bucket -236 is equal to 90
Local Cache Stride Bucket -235 is equal to 68
Local Cache Stride Bucket -234 is equal to 66
Local Cache Stride Bucket -233 is equal to 58
Local Cache Stride Bucket -232 is equal to 30
Local Cache Stride Bucket -231 is equal to 32
Local Cache Stride Bucket -230 is equal to 55
Local Cache Stride Bucket -229 is equal to 30
Local Cache Stride Bucket -228 is equal to 26
Local Cache Stride Bucket -227 is equal to 35
Local Cache Stride Bucket -226 is equal to 54
Local Cache Stride Bucket -225 is equal to 33
Local Cache Stride Bucket -224 is equal to 55
Local Cache Stride Bucket -223 is equal to 37
Local Cache Stride Bucket -222 is equal to 83
Local Cache Stride Bucket -221 is equal to 35
Local Cache Stride Bucket -220 is equal to 41
Local Cache Stride Bucket -219 is equal to 29
Local Cache Stride Bucket -218 is equal to 43
Local Cache Stride Bucket -217 is equal to 25
Local Cache Stride Bucket -216 is equal to 53
Local Cache Stride Bucket -215 is equal to 49
Local Cache Stride Bucket -214 is equal to 44
Local Cache Stride Bucket -213 is equal to 62
Local Cache Stride Bucket -212 is equal to 87
Local Cache Stride Bucket -211 is equal to 116
Local Cache Stride Bucket -210 is equal to 55
Local Cache Stride Bucket -209 is equal to 64
Local Cache Stride Bucket -208 is equal to 53
Local Cache Stride Bucket -207 is equal to 47
Local Cache Stride Bucket -206 is equal to 48
Local Cache Stride Bucket -205 is equal to 72
Local Cache Stride Bucket -204 is equal to 41
Local Cache Stride Bucket -203 is equal to 45
Local Cache Stride Bucket -202 is equal to 31
Local Cache Stride Bucket -201 is equal to 61
Local Cache Stride Bucket -200 is equal to 31
Local Cache Stride Bucket -199 is equal to 40
Local Cache Stride Bucket -198 is equal to 35
Local Cache Stride Bucket -197 is equal to 49
Local Cache Stride Bucket -196 is equal to 90
Local Cache Stride Bucket -195 is equal to 67
Local Cache Stride Bucket -194 is equal to 33
Local Cache Stride Bucket -193 is equal to 116
Local Cache Stride Bucket -192 is equal to 64
Local Cache Stride Bucket -191 is equal to 63
Local Cache Stride Bucket -190 is equal to 40
Local Cache Stride Bucket -189 is equal to 36
Local Cache Stride Bucket -188 is equal to 40
Local Cache Stride Bucket -187 is equal to 45
Local Cache Stride Bucket -186 is equal to 69
Local Cache Stride Bucket -185 is equal to 40
Local Cache Stride Bucket -184 is equal to 49
Local Cache Stride Bucket -183 is equal to 48
Local Cache Stride Bucket -182 is equal to 37
Local Cache Stride Bucket -181 is equal to 51
Local Cache Stride Bucket -180 is equal to 39
Local Cache Stride Bucket -179 is equal to 84
Local Cache Stride Bucket -178 is equal to 91
Local Cache Stride Bucket -177 is equal to 85
Local Cache Stride Bucket -176 is equal to 39
Local Cache Stride Bucket -175 is equal to 62
Local Cache Stride Bucket -174 is equal to 45
Local Cache Stride Bucket -173 is equal to 38
Local Cache Stride Bucket -172 is equal to 53
Local Cache Stride Bucket -171 is equal to 48
Local Cache Stride Bucket -170 is equal to 28
Local Cache Stride Bucket -169 is equal to 42
Local Cache Stride Bucket -168 is equal to 30
Local Cache Stride Bucket -167 is equal to 31
Local Cache Stride Bucket -166 is equal to 39
Local Cache Stride Bucket -165 is equal to 20
Local Cache Stride Bucket -164 is equal to 32
Local Cache Stride Bucket -163 is equal to 41
Local Cache Stride Bucket -162 is equal to 62
Local Cache Stride Bucket -161 is equal to 63
Local Cache Stride Bucket -160 is equal to 65
Local Cache Stride Bucket -159 is equal to 46
Local Cache Stride Bucket -158 is equal to 96
Local Cache Stride Bucket -157 is equal to 40
Local Cache Stride Bucket -156 is equal to 28
Local Cache Stride Bucket -155 is equal to 36
Local Cache Stride Bucket -154 is equal to 53
Local Cache Stride Bucket -153 is equal to 49
Local Cache Stride Bucket -152 is equal to 57
Local Cache Stride Bucket -151 is equal to 62
Local Cache Stride Bucket -150 is equal to 46
Local Cache Stride Bucket -149 is equal to 42
Local Cache Stride Bucket -148 is equal to 19
Local Cache Stride Bucket -147 is equal to 59
Local Cache Stride Bucket -146 is equal to 76
Local Cache Stride Bucket -145 is equal to 78
Local Cache Stride Bucket -144 is equal to 85
Local Cache Stride Bucket -143 is equal to 54
Local Cache Stride Bucket -142 is equal to 47
Local Cache Stride Bucket -141 is equal to 414
Local Cache Stride Bucket -140 is equal to 400
Local Cache Stride Bucket -139 is equal to 41
Local Cache Stride Bucket -138 is equal to 74
Local Cache Stride Bucket -137 is equal to 44
Local Cache Stride Bucket -136 is equal to 62
Local Cache Stride Bucket -135 is equal to 36
Local Cache Stride Bucket -134 is equal to 58
Local Cache Stride Bucket -133 is equal to 45
Local Cache Stride Bucket -132 is equal to 53
Local Cache Stride Bucket -131 is equal to 40
Local Cache Stride Bucket -130 is equal to 79
Local Cache Stride Bucket -129 is equal to 1481
Local Cache Stride Bucket -128 is equal to 1564
Local Cache Stride Bucket -127 is equal to 50
Local Cache Stride Bucket -126 is equal to 96
Local Cache Stride Bucket -125 is equal to 44
Local Cache Stride Bucket -124 is equal to 89
Local Cache Stride Bucket -123 is equal to 26
Local Cache Stride Bucket -122 is equal to 57
Local Cache Stride Bucket -121 is equal to 29
Local Cache Stride Bucket -120 is equal to 93
Local Cache Stride Bucket -119 is equal to 42
Local Cache Stride Bucket -118 is equal to 367
Local Cache Stride Bucket -117 is equal to 3830
Local Cache Stride Bucket -116 is equal to 1402
Local Cache Stride Bucket -115 is equal to 39
Local Cache Stride Bucket -114 is equal to 45
Local Cache Stride Bucket -113 is equal to 68
Local Cache Stride Bucket -112 is equal to 52
Local Cache Stride Bucket -111 is equal to 44
Local Cache Stride Bucket -110 is equal to 392
Local Cache Stride Bucket -109 is equal to 235
Local Cache Stride Bucket -108 is equal to 533
Local Cache Stride Bucket -107 is equal to 34
Local Cache Stride Bucket -106 is equal to 42
Local Cache Stride Bucket -105 is equal to 22
Local Cache Stride Bucket -104 is equal to 44
Local Cache Stride Bucket -103 is equal to 103
Local Cache Stride Bucket -102 is equal to 44
Local Cache Stride Bucket -101 is equal to 53
Local Cache Stride Bucket -100 is equal to 40
Local Cache Stride Bucket -99 is equal to 39
Local Cache Stride Bucket -98 is equal to 114
Local Cache Stride Bucket -97 is equal to 122
Local Cache Stride Bucket -96 is equal to 109
Local Cache Stride Bucket -95 is equal to 115
Local Cache Stride Bucket -94 is equal to 508
Local Cache Stride Bucket -93 is equal to 60
Local Cache Stride Bucket -92 is equal to 91
Local Cache Stride Bucket -91 is equal to 535
Local Cache Stride Bucket -90 is equal to 448
Local Cache Stride Bucket -89 is equal to 63
Local Cache Stride Bucket -88 is equal to 81
Local Cache Stride Bucket -87 is equal to 99
Local Cache Stride Bucket -86 is equal to 45
Local Cache Stride Bucket -85 is equal to 68
Local Cache Stride Bucket -84 is equal to 71
Local Cache Stride Bucket -83 is equal to 131
Local Cache Stride Bucket -82 is equal to 153
Local Cache Stride Bucket -81 is equal to 158
Local Cache Stride Bucket -80 is equal to 142
Local Cache Stride Bucket -79 is equal to 138
Local Cache Stride Bucket -78 is equal to 89
Local Cache Stride Bucket -77 is equal to 118
Local Cache Stride Bucket -76 is equal to 127
Local Cache Stride Bucket -75 is equal to 147
Local Cache Stride Bucket -74 is equal to 44
Local Cache Stride Bucket -73 is equal to 97
Local Cache Stride Bucket -72 is equal to 80
Local Cache Stride Bucket -71 is equal to 94
Local Cache Stride Bucket -70 is equal to 24
Local Cache Stride Bucket -69 is equal to 71
Local Cache Stride Bucket -68 is equal to 63
Local Cache Stride Bucket -67 is equal to 55
Local Cache Stride Bucket -66 is equal to 136
Local Cache Stride Bucket -65 is equal to 229
Local Cache Stride Bucket -64 is equal to 253
Local Cache Stride Bucket -63 is equal to 70
Local Cache Stride Bucket -62 is equal to 63
Local Cache Stride Bucket -61 is equal to 48
Local Cache Stride Bucket -60 is equal to 73
Local Cache Stride Bucket -59 is equal to 55
Local Cache Stride Bucket -58 is equal to 34
Local Cache Stride Bucket -57 is equal to 62
Local Cache Stride Bucket -56 is equal to 35
Local Cache Stride Bucket -55 is equal to 66
Local Cache Stride Bucket -54 is equal to 52
Local Cache Stride Bucket -53 is equal to 45
Local Cache Stride Bucket -52 is equal to 34
Local Cache Stride Bucket -51 is equal to 100
Local Cache Stride Bucket -50 is equal to 79
Local Cache Stride Bucket -49 is equal to 119
Local Cache Stride Bucket -48 is equal to 107
Local Cache Stride Bucket -47 is equal to 120
Local Cache Stride Bucket -46 is equal to 60
Local Cache Stride Bucket -45 is equal to 94
Local Cache Stride Bucket -44 is equal to 79
Local Cache Stride Bucket -43 is equal to 65
Local Cache Stride Bucket -42 is equal to 45
Local Cache Stride Bucket -41 is equal to 74
Local Cache Stride Bucket -40 is equal to 121
Local Cache Stride Bucket -39 is equal to 59
Local Cache Stride Bucket -38 is equal to 131
Local Cache Stride Bucket -37 is equal to 102
Local Cache Stride Bucket -36 is equal to 79
Local Cache Stride Bucket -35 is equal to 72
Local Cache Stride Bucket -34 is equal to 125
Local Cache Stride Bucket -33 is equal to 106
Local Cache Stride Bucket -32 is equal to 233
Local Cache Stride Bucket -31 is equal to 124
Local Cache Stride Bucket -30 is equal to 206
Local Cache Stride Bucket -29 is equal to 108
Local Cache Stride Bucket -28 is equal to 286
Local Cache Stride Bucket -27 is equal to 228
Local Cache Stride Bucket -26 is equal to 576
Local Cache Stride Bucket -25 is equal to 2748
Local Cache Stride Bucket -24 is equal to 15101
Local Cache Stride Bucket -23 is equal to 16441
Local Cache Stride Bucket -22 is equal to 16796
Local Cache Stride Bucket -21 is equal to 17833
Local Cache Stride Bucket -20 is equal to 18989
Local Cache Stride Bucket -19 is equal to 20528
Local Cache Stride Bucket -18 is equal to 23148
Local Cache Stride Bucket -17 is equal to 24336
Local Cache Stride Bucket -16 is equal to 24280
Local Cache Stride Bucket -15 is equal to 28416
Local Cache Stride Bucket -14 is equal to 33152
Local Cache Stride Bucket -13 is equal to 74095
Local Cache Stride Bucket -12 is equal to 78059
Local Cache Stride Bucket -11 is equal to 121959
Local Cache Stride Bucket -10 is equal to 127122
Local Cache Stride Bucket -9 is equal to 162245
Local Cache Stride Bucket -8 is equal to 144017
Local Cache Stride Bucket -7 is equal to 194957
Local Cache Stride Bucket -6 is equal to 222645
Local Cache Stride Bucket -5 is equal to 242480
Local Cache Stride Bucket -4 is equal to 317452
Local Cache Stride Bucket -3 is equal to 416438
Local Cache Stride Bucket -2 is equal to 653142
Local Cache Stride Bucket -1 is equal to 1706656
Local Cache Stride Bucket 0 is equal to 25017948
Local Cache Stride Bucket 1 is equal to 2098432
Local Cache Stride Bucket 2 is equal to 720862
Local Cache Stride Bucket 3 is equal to 387936
Local Cache Stride Bucket 4 is equal to 292438
Local Cache Stride Bucket 5 is equal to 225766
Local Cache Stride Bucket 6 is equal to 208332
Local Cache Stride Bucket 7 is equal to 197191
Local Cache Stride Bucket 8 is equal to 141449
Local Cache Stride Bucket 9 is equal to 159940
Local Cache Stride Bucket 10 is equal to 122178
Local Cache Stride Bucket 11 is equal to 116112
Local Cache Stride Bucket 12 is equal to 67790
Local Cache Stride Bucket 13 is equal to 70152
Local Cache Stride Bucket 14 is equal to 43828
Local Cache Stride Bucket 15 is equal to 26779
Local Cache Stride Bucket 16 is equal to 23523
Local Cache Stride Bucket 17 is equal to 21361
Local Cache Stride Bucket 18 is equal to 22193
Local Cache Stride Bucket 19 is equal to 20645
Local Cache Stride Bucket 20 is equal to 17384
Local Cache Stride Bucket 21 is equal to 15416
Local Cache Stride Bucket 22 is equal to 16600
Local Cache Stride Bucket 23 is equal to 15320
Local Cache Stride Bucket 24 is equal to 7577
Local Cache Stride Bucket 25 is equal to 1302
Local Cache Stride Bucket 26 is equal to 726
Local Cache Stride Bucket 27 is equal to 2398
Local Cache Stride Bucket 28 is equal to 2542
Local Cache Stride Bucket 29 is equal to 214
Local Cache Stride Bucket 30 is equal to 259
Local Cache Stride Bucket 31 is equal to 93
Local Cache Stride Bucket 32 is equal to 288
Local Cache Stride Bucket 33 is equal to 120
Local Cache Stride Bucket 34 is equal to 118
Local Cache Stride Bucket 35 is equal to 92
Local Cache Stride Bucket 36 is equal to 72
Local Cache Stride Bucket 37 is equal to 183
Local Cache Stride Bucket 38 is equal to 93
Local Cache Stride Bucket 39 is equal to 40
Local Cache Stride Bucket 40 is equal to 60
Local Cache Stride Bucket 41 is equal to 152
Local Cache Stride Bucket 42 is equal to 38
Local Cache Stride Bucket 43 is equal to 67
Local Cache Stride Bucket 44 is equal to 68
Local Cache Stride Bucket 45 is equal to 57
Local Cache Stride Bucket 46 is equal to 72
Local Cache Stride Bucket 47 is equal to 128
Local Cache Stride Bucket 48 is equal to 160
Local Cache Stride Bucket 49 is equal to 125
Local Cache Stride Bucket 50 is equal to 69
Local Cache Stride Bucket 51 is equal to 122
Local Cache Stride Bucket 52 is equal to 73
Local Cache Stride Bucket 53 is equal to 58
Local Cache Stride Bucket 54 is equal to 315
Local Cache Stride Bucket 55 is equal to 182
Local Cache Stride Bucket 56 is equal to 67
Local Cache Stride Bucket 57 is equal to 133
Local Cache Stride Bucket 58 is equal to 47
Local Cache Stride Bucket 59 is equal to 47
Local Cache Stride Bucket 60 is equal to 99
Local Cache Stride Bucket 61 is equal to 56
Local Cache Stride Bucket 62 is equal to 58
Local Cache Stride Bucket 63 is equal to 107
Local Cache Stride Bucket 64 is equal to 237
Local Cache Stride Bucket 65 is equal to 247
Local Cache Stride Bucket 66 is equal to 133
Local Cache Stride Bucket 67 is equal to 68
Local Cache Stride Bucket 68 is equal to 69
Local Cache Stride Bucket 69 is equal to 73
Local Cache Stride Bucket 70 is equal to 106
Local Cache Stride Bucket 71 is equal to 87
Local Cache Stride Bucket 72 is equal to 57
Local Cache Stride Bucket 73 is equal to 90
Local Cache Stride Bucket 74 is equal to 52
Local Cache Stride Bucket 75 is equal to 102
Local Cache Stride Bucket 76 is equal to 94
Local Cache Stride Bucket 77 is equal to 90
Local Cache Stride Bucket 78 is equal to 76
Local Cache Stride Bucket 79 is equal to 131
Local Cache Stride Bucket 80 is equal to 194
Local Cache Stride Bucket 81 is equal to 148
Local Cache Stride Bucket 82 is equal to 76
Local Cache Stride Bucket 83 is equal to 41
Local Cache Stride Bucket 84 is equal to 77
Local Cache Stride Bucket 85 is equal to 131
Local Cache Stride Bucket 86 is equal to 256
Local Cache Stride Bucket 87 is equal to 69
Local Cache Stride Bucket 88 is equal to 237
Local Cache Stride Bucket 89 is equal to 77
Local Cache Stride Bucket 90 is equal to 147
Local Cache Stride Bucket 91 is equal to 46
Local Cache Stride Bucket 92 is equal to 564
Local Cache Stride Bucket 93 is equal to 468
Local Cache Stride Bucket 94 is equal to 68
Local Cache Stride Bucket 95 is equal to 51
Local Cache Stride Bucket 96 is equal to 102
Local Cache Stride Bucket 97 is equal to 90
Local Cache Stride Bucket 98 is equal to 96
Local Cache Stride Bucket 99 is equal to 45
Local Cache Stride Bucket 100 is equal to 42
Local Cache Stride Bucket 101 is equal to 52
Local Cache Stride Bucket 102 is equal to 37
Local Cache Stride Bucket 103 is equal to 40
Local Cache Stride Bucket 104 is equal to 59
Local Cache Stride Bucket 105 is equal to 63
Local Cache Stride Bucket 106 is equal to 41
Local Cache Stride Bucket 107 is equal to 52
Local Cache Stride Bucket 108 is equal to 34
Local Cache Stride Bucket 109 is equal to 49
Local Cache Stride Bucket 110 is equal to 410
Local Cache Stride Bucket 111 is equal to 61
Local Cache Stride Bucket 112 is equal to 94
Local Cache Stride Bucket 113 is equal to 45
Local Cache Stride Bucket 114 is equal to 55
Local Cache Stride Bucket 115 is equal to 39
Local Cache Stride Bucket 116 is equal to 572
Local Cache Stride Bucket 117 is equal to 391
Local Cache Stride Bucket 118 is equal to 58
Local Cache Stride Bucket 119 is equal to 49
Local Cache Stride Bucket 120 is equal to 100
Local Cache Stride Bucket 121 is equal to 43
Local Cache Stride Bucket 122 is equal to 55
Local Cache Stride Bucket 123 is equal to 27
Local Cache Stride Bucket 124 is equal to 103
Local Cache Stride Bucket 125 is equal to 34
Local Cache Stride Bucket 126 is equal to 143
Local Cache Stride Bucket 127 is equal to 41
Local Cache Stride Bucket 128 is equal to 241
Local Cache Stride Bucket 129 is equal to 91
Local Cache Stride Bucket 130 is equal to 132
Local Cache Stride Bucket 131 is equal to 748
Local Cache Stride Bucket 132 is equal to 792
Local Cache Stride Bucket 133 is equal to 67
Local Cache Stride Bucket 134 is equal to 75
Local Cache Stride Bucket 135 is equal to 39
Local Cache Stride Bucket 136 is equal to 71
Local Cache Stride Bucket 137 is equal to 80
Local Cache Stride Bucket 138 is equal to 64
Local Cache Stride Bucket 139 is equal to 43
Local Cache Stride Bucket 140 is equal to 35
Local Cache Stride Bucket 141 is equal to 43
Local Cache Stride Bucket 142 is equal to 403
Local Cache Stride Bucket 143 is equal to 430
Local Cache Stride Bucket 144 is equal to 88
Local Cache Stride Bucket 145 is equal to 82
Local Cache Stride Bucket 146 is equal to 88
Local Cache Stride Bucket 147 is equal to 111
Local Cache Stride Bucket 148 is equal to 63
Local Cache Stride Bucket 149 is equal to 38
Local Cache Stride Bucket 150 is equal to 64
Local Cache Stride Bucket 151 is equal to 65
Local Cache Stride Bucket 152 is equal to 85
Local Cache Stride Bucket 153 is equal to 71
Local Cache Stride Bucket 154 is equal to 46
Local Cache Stride Bucket 155 is equal to 87
Local Cache Stride Bucket 156 is equal to 43
Local Cache Stride Bucket 157 is equal to 47
Local Cache Stride Bucket 158 is equal to 138
Local Cache Stride Bucket 159 is equal to 41
Local Cache Stride Bucket 160 is equal to 72
Local Cache Stride Bucket 161 is equal to 73
Local Cache Stride Bucket 162 is equal to 101
Local Cache Stride Bucket 163 is equal to 49
Local Cache Stride Bucket 164 is equal to 36
Local Cache Stride Bucket 165 is equal to 22
Local Cache Stride Bucket 166 is equal to 26
Local Cache Stride Bucket 167 is equal to 40
Local Cache Stride Bucket 168 is equal to 41
Local Cache Stride Bucket 169 is equal to 39
Local Cache Stride Bucket 170 is equal to 39
Local Cache Stride Bucket 171 is equal to 64
Local Cache Stride Bucket 172 is equal to 55
Local Cache Stride Bucket 173 is equal to 40
Local Cache Stride Bucket 174 is equal to 55
Local Cache Stride Bucket 175 is equal to 62
Local Cache Stride Bucket 176 is equal to 121
Local Cache Stride Bucket 177 is equal to 88
Local Cache Stride Bucket 178 is equal to 110
Local Cache Stride Bucket 179 is equal to 86
Local Cache Stride Bucket 180 is equal to 62
Local Cache Stride Bucket 181 is equal to 39
Local Cache Stride Bucket 182 is equal to 49
Local Cache Stride Bucket 183 is equal to 45
Local Cache Stride Bucket 184 is equal to 37
Local Cache Stride Bucket 185 is equal to 41
Local Cache Stride Bucket 186 is equal to 29
Local Cache Stride Bucket 187 is equal to 41
Local Cache Stride Bucket 188 is equal to 35
Local Cache Stride Bucket 189 is equal to 36
Local Cache Stride Bucket 190 is equal to 34
Local Cache Stride Bucket 191 is equal to 57
Local Cache Stride Bucket 192 is equal to 116
Local Cache Stride Bucket 193 is equal to 76
Local Cache Stride Bucket 194 is equal to 25
Local Cache Stride Bucket 195 is equal to 40
Local Cache Stride Bucket 196 is equal to 85
Local Cache Stride Bucket 197 is equal to 41
Local Cache Stride Bucket 198 is equal to 31
Local Cache Stride Bucket 199 is equal to 42
Local Cache Stride Bucket 200 is equal to 33
Local Cache Stride Bucket 201 is equal to 82
Local Cache Stride Bucket 202 is equal to 42
Local Cache Stride Bucket 203 is equal to 43
Local Cache Stride Bucket 204 is equal to 31
Local Cache Stride Bucket 205 is equal to 43
Local Cache Stride Bucket 206 is equal to 49
Local Cache Stride Bucket 207 is equal to 57
Local Cache Stride Bucket 208 is equal to 64
Local Cache Stride Bucket 209 is equal to 53
Local Cache Stride Bucket 210 is equal to 48
Local Cache Stride Bucket 211 is equal to 53
Local Cache Stride Bucket 212 is equal to 91
Local Cache Stride Bucket 213 is equal to 55
Local Cache Stride Bucket 214 is equal to 35
Local Cache Stride Bucket 215 is equal to 51
Local Cache Stride Bucket 216 is equal to 38
Local Cache Stride Bucket 217 is equal to 36
Local Cache Stride Bucket 218 is equal to 67
Local Cache Stride Bucket 219 is equal to 36
Local Cache Stride Bucket 220 is equal to 48
Local Cache Stride Bucket 221 is equal to 39
Local Cache Stride Bucket 222 is equal to 55
Local Cache Stride Bucket 223 is equal to 42
Local Cache Stride Bucket 224 is equal to 58
Local Cache Stride Bucket 225 is equal to 46
Local Cache Stride Bucket 226 is equal to 75
Local Cache Stride Bucket 227 is equal to 46
Local Cache Stride Bucket 228 is equal to 48
Local Cache Stride Bucket 229 is equal to 62
Local Cache Stride Bucket 230 is equal to 36
Local Cache Stride Bucket 231 is equal to 33
Local Cache Stride Bucket 232 is equal to 28
Local Cache Stride Bucket 233 is equal to 57
Local Cache Stride Bucket 234 is equal to 45
Local Cache Stride Bucket 235 is equal to 41
Local Cache Stride Bucket 236 is equal to 44
Local Cache Stride Bucket 237 is equal to 107
Local Cache Stride Bucket 238 is equal to 111
Local Cache Stride Bucket 239 is equal to 76
Local Cache Stride Bucket 240 is equal to 133
Local Cache Stride Bucket 241 is equal to 48
Local Cache Stride Bucket 242 is equal to 44
Local Cache Stride Bucket 243 is equal to 48
Local Cache Stride Bucket 244 is equal to 54
Local Cache Stride Bucket 245 is equal to 70
Local Cache Stride Bucket 246 is equal to 61
Local Cache Stride Bucket 247 is equal to 48
Local Cache Stride Bucket 248 is equal to 54
Local Cache Stride Bucket 249 is equal to 45
Local Cache Stride Bucket 250 is equal to 62
Local Cache Stride Bucket 251 is equal to 40
Local Cache Stride Bucket 252 is equal to 124
Local Cache Stride Bucket 253 is equal to 65
Local Cache Stride Bucket 254 is equal to 117
Local Cache Stride Bucket 255 is equal to 71
Local Cache Stride Bucket 256 is equal to 187618


Global LD ST Byte Stride Bucket -256 is equal to 9808139
Global LD ST Byte Stride Bucket -254 is equal to 1311
Global LD ST Byte Stride Bucket -252 is equal to 933
Global LD ST Byte Stride Bucket -250 is equal to 731
Global LD ST Byte Stride Bucket -248 is equal to 3884
Global LD ST Byte Stride Bucket -246 is equal to 535
Global LD ST Byte Stride Bucket -244 is equal to 1034
Global LD ST Byte Stride Bucket -242 is equal to 752
Global LD ST Byte Stride Bucket -240 is equal to 408
Global LD ST Byte Stride Bucket -238 is equal to 453
Global LD ST Byte Stride Bucket -236 is equal to 966
Global LD ST Byte Stride Bucket -234 is equal to 644
Global LD ST Byte Stride Bucket -232 is equal to 1126
Global LD ST Byte Stride Bucket -230 is equal to 833
Global LD ST Byte Stride Bucket -228 is equal to 1734
Global LD ST Byte Stride Bucket -226 is equal to 90
Global LD ST Byte Stride Bucket -224 is equal to 1428
Global LD ST Byte Stride Bucket -222 is equal to 1020
Global LD ST Byte Stride Bucket -220 is equal to 557
Global LD ST Byte Stride Bucket -218 is equal to 1399
Global LD ST Byte Stride Bucket -216 is equal to 5481
Global LD ST Byte Stride Bucket -214 is equal to 542
Global LD ST Byte Stride Bucket -212 is equal to 776
Global LD ST Byte Stride Bucket -210 is equal to 1546
Global LD ST Byte Stride Bucket -208 is equal to 1036
Global LD ST Byte Stride Bucket -206 is equal to 1013
Global LD ST Byte Stride Bucket -204 is equal to 237
Global LD ST Byte Stride Bucket -202 is equal to 813
Global LD ST Byte Stride Bucket -200 is equal to 790
Global LD ST Byte Stride Bucket -198 is equal to 399
Global LD ST Byte Stride Bucket -196 is equal to 1021
Global LD ST Byte Stride Bucket -194 is equal to 586
Global LD ST Byte Stride Bucket -192 is equal to 119
Global LD ST Byte Stride Bucket -190 is equal to 961
Global LD ST Byte Stride Bucket -188 is equal to 10078
Global LD ST Byte Stride Bucket -186 is equal to 715
Global LD ST Byte Stride Bucket -184 is equal to 7014
Global LD ST Byte Stride Bucket -182 is equal to 1436
Global LD ST Byte Stride Bucket -180 is equal to 354
Global LD ST Byte Stride Bucket -178 is equal to 876
Global LD ST Byte Stride Bucket -176 is equal to 212295
Global LD ST Byte Stride Bucket -174 is equal to 1169
Global LD ST Byte Stride Bucket -172 is equal to 975
Global LD ST Byte Stride Bucket -170 is equal to 1284
Global LD ST Byte Stride Bucket -168 is equal to 79851
Global LD ST Byte Stride Bucket -166 is equal to 998
Global LD ST Byte Stride Bucket -164 is equal to 3922
Global LD ST Byte Stride Bucket -162 is equal to 1337
Global LD ST Byte Stride Bucket -160 is equal to 6118
Global LD ST Byte Stride Bucket -158 is equal to 918
Global LD ST Byte Stride Bucket -156 is equal to 253
Global LD ST Byte Stride Bucket -154 is equal to 946
Global LD ST Byte Stride Bucket -152 is equal to 516
Global LD ST Byte Stride Bucket -150 is equal to 384
Global LD ST Byte Stride Bucket -148 is equal to 1026
Global LD ST Byte Stride Bucket -146 is equal to 1268
Global LD ST Byte Stride Bucket -144 is equal to 1380
Global LD ST Byte Stride Bucket -142 is equal to 895
Global LD ST Byte Stride Bucket -140 is equal to 595
Global LD ST Byte Stride Bucket -138 is equal to 808
Global LD ST Byte Stride Bucket -136 is equal to 833
Global LD ST Byte Stride Bucket -134 is equal to 1440
Global LD ST Byte Stride Bucket -132 is equal to 1340
Global LD ST Byte Stride Bucket -130 is equal to 1235
Global LD ST Byte Stride Bucket -128 is equal to 1647
Global LD ST Byte Stride Bucket -126 is equal to 2789
Global LD ST Byte Stride Bucket -124 is equal to 4440
Global LD ST Byte Stride Bucket -122 is equal to 1957
Global LD ST Byte Stride Bucket -120 is equal to 15361
Global LD ST Byte Stride Bucket -118 is equal to 1355
Global LD ST Byte Stride Bucket -116 is equal to 8869
Global LD ST Byte Stride Bucket -114 is equal to 981
Global LD ST Byte Stride Bucket -112 is equal to 10071
Global LD ST Byte Stride Bucket -110 is equal to 959
Global LD ST Byte Stride Bucket -108 is equal to 8076
Global LD ST Byte Stride Bucket -106 is equal to 1172
Global LD ST Byte Stride Bucket -104 is equal to 7314
Global LD ST Byte Stride Bucket -102 is equal to 504
Global LD ST Byte Stride Bucket -100 is equal to 8590
Global LD ST Byte Stride Bucket -98 is equal to 1291
Global LD ST Byte Stride Bucket -96 is equal to 2709
Global LD ST Byte Stride Bucket -94 is equal to 1313
Global LD ST Byte Stride Bucket -92 is equal to 8346
Global LD ST Byte Stride Bucket -90 is equal to 1606
Global LD ST Byte Stride Bucket -88 is equal to 68442
Global LD ST Byte Stride Bucket -86 is equal to 1935
Global LD ST Byte Stride Bucket -84 is equal to 8758
Global LD ST Byte Stride Bucket -82 is equal to 2921
Global LD ST Byte Stride Bucket -80 is equal to 84658
Global LD ST Byte Stride Bucket -78 is equal to 1631
Global LD ST Byte Stride Bucket -76 is equal to 4595
Global LD ST Byte Stride Bucket -74 is equal to 838
Global LD ST Byte Stride Bucket -72 is equal to 12016
Global LD ST Byte Stride Bucket -70 is equal to 904
Global LD ST Byte Stride Bucket -68 is equal to 8417
Global LD ST Byte Stride Bucket -66 is equal to 851
Global LD ST Byte Stride Bucket -64 is equal to 18627
Global LD ST Byte Stride Bucket -62 is equal to 995
Global LD ST Byte Stride Bucket -60 is equal to 57476
Global LD ST Byte Stride Bucket -58 is equal to 644
Global LD ST Byte Stride Bucket -56 is equal to 159322
Global LD ST Byte Stride Bucket -54 is equal to 498
Global LD ST Byte Stride Bucket -52 is equal to 144009
Global LD ST Byte Stride Bucket -50 is equal to 974
Global LD ST Byte Stride Bucket -48 is equal to 20831
Global LD ST Byte Stride Bucket -46 is equal to 2075
Global LD ST Byte Stride Bucket -44 is equal to 46011
Global LD ST Byte Stride Bucket -42 is equal to 22566
Global LD ST Byte Stride Bucket -40 is equal to 61679
Global LD ST Byte Stride Bucket -38 is equal to 1775
Global LD ST Byte Stride Bucket -36 is equal to 81647
Global LD ST Byte Stride Bucket -34 is equal to 759
Global LD ST Byte Stride Bucket -32 is equal to 158969
Global LD ST Byte Stride Bucket -30 is equal to 453
Global LD ST Byte Stride Bucket -28 is equal to 25679
Global LD ST Byte Stride Bucket -26 is equal to 312
Global LD ST Byte Stride Bucket -24 is equal to 215427
Global LD ST Byte Stride Bucket -22 is equal to 385
Global LD ST Byte Stride Bucket -20 is equal to 149106
Global LD ST Byte Stride Bucket -18 is equal to 461
Global LD ST Byte Stride Bucket -16 is equal to 236235
Global LD ST Byte Stride Bucket -14 is equal to 511
Global LD ST Byte Stride Bucket -13 is equal to 1
Global LD ST Byte Stride Bucket -12 is equal to 394471
Global LD ST Byte Stride Bucket -10 is equal to 216
Global LD ST Byte Stride Bucket -9 is equal to 3
Global LD ST Byte Stride Bucket -8 is equal to 2078837
Global LD ST Byte Stride Bucket -6 is equal to 1010
Global LD ST Byte Stride Bucket -4 is equal to 1068092
Global LD ST Byte Stride Bucket -2 is equal to 22284
Global LD ST Byte Stride Bucket -1 is equal to 1
Global LD ST Byte Stride Bucket 0 is equal to 2418583
Global LD ST Byte Stride Bucket 2 is equal to 19464
Global LD ST Byte Stride Bucket 4 is equal to 1551183
Global LD ST Byte Stride Bucket 6 is equal to 1362
Global LD ST Byte Stride Bucket 8 is equal to 2656819
Global LD ST Byte Stride Bucket 9 is equal to 176
Global LD ST Byte Stride Bucket 10 is equal to 226
Global LD ST Byte Stride Bucket 12 is equal to 119977
Global LD ST Byte Stride Bucket 14 is equal to 156
Global LD ST Byte Stride Bucket 16 is equal to 378527
Global LD ST Byte Stride Bucket 18 is equal to 100
Global LD ST Byte Stride Bucket 20 is equal to 126895
Global LD ST Byte Stride Bucket 22 is equal to 77
Global LD ST Byte Stride Bucket 24 is equal to 169803
Global LD ST Byte Stride Bucket 26 is equal to 95
Global LD ST Byte Stride Bucket 28 is equal to 29300
Global LD ST Byte Stride Bucket 30 is equal to 86
Global LD ST Byte Stride Bucket 32 is equal to 125513
Global LD ST Byte Stride Bucket 34 is equal to 291
Global LD ST Byte Stride Bucket 36 is equal to 305524
Global LD ST Byte Stride Bucket 38 is equal to 739
Global LD ST Byte Stride Bucket 40 is equal to 61422
Global LD ST Byte Stride Bucket 42 is equal to 23262
Global LD ST Byte Stride Bucket 44 is equal to 54631
Global LD ST Byte Stride Bucket 46 is equal to 1367
Global LD ST Byte Stride Bucket 47 is equal to 137
Global LD ST Byte Stride Bucket 48 is equal to 43807
Global LD ST Byte Stride Bucket 49 is equal to 730
Global LD ST Byte Stride Bucket 50 is equal to 1187
Global LD ST Byte Stride Bucket 51 is equal to 134
Global LD ST Byte Stride Bucket 52 is equal to 168038
Global LD ST Byte Stride Bucket 53 is equal to 228
Global LD ST Byte Stride Bucket 54 is equal to 982
Global LD ST Byte Stride Bucket 55 is equal to 61
Global LD ST Byte Stride Bucket 56 is equal to 43005
Global LD ST Byte Stride Bucket 57 is equal to 172
Global LD ST Byte Stride Bucket 58 is equal to 720
Global LD ST Byte Stride Bucket 59 is equal to 69
Global LD ST Byte Stride Bucket 60 is equal to 6483
Global LD ST Byte Stride Bucket 61 is equal to 140
Global LD ST Byte Stride Bucket 62 is equal to 752
Global LD ST Byte Stride Bucket 63 is equal to 93
Global LD ST Byte Stride Bucket 64 is equal to 17955
Global LD ST Byte Stride Bucket 65 is equal to 124
Global LD ST Byte Stride Bucket 66 is equal to 909
Global LD ST Byte Stride Bucket 67 is equal to 138
Global LD ST Byte Stride Bucket 68 is equal to 737
Global LD ST Byte Stride Bucket 69 is equal to 225
Global LD ST Byte Stride Bucket 70 is equal to 669
Global LD ST Byte Stride Bucket 71 is equal to 127
Global LD ST Byte Stride Bucket 72 is equal to 8327
Global LD ST Byte Stride Bucket 73 is equal to 140
Global LD ST Byte Stride Bucket 74 is equal to 935
Global LD ST Byte Stride Bucket 75 is equal to 263
Global LD ST Byte Stride Bucket 76 is equal to 975
Global LD ST Byte Stride Bucket 77 is equal to 335
Global LD ST Byte Stride Bucket 78 is equal to 1519
Global LD ST Byte Stride Bucket 79 is equal to 223
Global LD ST Byte Stride Bucket 80 is equal to 66835
Global LD ST Byte Stride Bucket 81 is equal to 393
Global LD ST Byte Stride Bucket 82 is equal to 1791
Global LD ST Byte Stride Bucket 83 is equal to 82
Global LD ST Byte Stride Bucket 84 is equal to 162274
Global LD ST Byte Stride Bucket 86 is equal to 1079
Global LD ST Byte Stride Bucket 88 is equal to 62058
Global LD ST Byte Stride Bucket 89 is equal to 315
Global LD ST Byte Stride Bucket 90 is equal to 1320
Global LD ST Byte Stride Bucket 91 is equal to 48
Global LD ST Byte Stride Bucket 92 is equal to 1329
Global LD ST Byte Stride Bucket 93 is equal to 72
Global LD ST Byte Stride Bucket 94 is equal to 720
Global LD ST Byte Stride Bucket 95 is equal to 267
Global LD ST Byte Stride Bucket 96 is equal to 1888
Global LD ST Byte Stride Bucket 97 is equal to 30
Global LD ST Byte Stride Bucket 98 is equal to 201
Global LD ST Byte Stride Bucket 99 is equal to 18
Global LD ST Byte Stride Bucket 100 is equal to 1339
Global LD ST Byte Stride Bucket 101 is equal to 27
Global LD ST Byte Stride Bucket 102 is equal to 320
Global LD ST Byte Stride Bucket 103 is equal to 205
Global LD ST Byte Stride Bucket 104 is equal to 1335
Global LD ST Byte Stride Bucket 105 is equal to 208
Global LD ST Byte Stride Bucket 106 is equal to 484
Global LD ST Byte Stride Bucket 107 is equal to 182
Global LD ST Byte Stride Bucket 108 is equal to 357
Global LD ST Byte Stride Bucket 109 is equal to 102
Global LD ST Byte Stride Bucket 110 is equal to 514
Global LD ST Byte Stride Bucket 111 is equal to 33
Global LD ST Byte Stride Bucket 112 is equal to 1548
Global LD ST Byte Stride Bucket 113 is equal to 239
Global LD ST Byte Stride Bucket 114 is equal to 412
Global LD ST Byte Stride Bucket 115 is equal to 101
Global LD ST Byte Stride Bucket 116 is equal to 1104
Global LD ST Byte Stride Bucket 117 is equal to 174
Global LD ST Byte Stride Bucket 118 is equal to 999
Global LD ST Byte Stride Bucket 119 is equal to 181
Global LD ST Byte Stride Bucket 120 is equal to 1044
Global LD ST Byte Stride Bucket 121 is equal to 483
Global LD ST Byte Stride Bucket 122 is equal to 1374
Global LD ST Byte Stride Bucket 123 is equal to 98
Global LD ST Byte Stride Bucket 124 is equal to 1575
Global LD ST Byte Stride Bucket 125 is equal to 370
Global LD ST Byte Stride Bucket 126 is equal to 881
Global LD ST Byte Stride Bucket 128 is equal to 639
Global LD ST Byte Stride Bucket 130 is equal to 590
Global LD ST Byte Stride Bucket 131 is equal to 106
Global LD ST Byte Stride Bucket 132 is equal to 1041
Global LD ST Byte Stride Bucket 133 is equal to 42
Global LD ST Byte Stride Bucket 134 is equal to 118
Global LD ST Byte Stride Bucket 135 is equal to 8
Global LD ST Byte Stride Bucket 136 is equal to 591
Global LD ST Byte Stride Bucket 137 is equal to 42
Global LD ST Byte Stride Bucket 138 is equal to 584
Global LD ST Byte Stride Bucket 140 is equal to 813
Global LD ST Byte Stride Bucket 141 is equal to 13
Global LD ST Byte Stride Bucket 142 is equal to 233
Global LD ST Byte Stride Bucket 143 is equal to 62
Global LD ST Byte Stride Bucket 144 is equal to 1281
Global LD ST Byte Stride Bucket 145 is equal to 344
Global LD ST Byte Stride Bucket 146 is equal to 663
Global LD ST Byte Stride Bucket 147 is equal to 249
Global LD ST Byte Stride Bucket 148 is equal to 571
Global LD ST Byte Stride Bucket 149 is equal to 47
Global LD ST Byte Stride Bucket 150 is equal to 179
Global LD ST Byte Stride Bucket 151 is equal to 26
Global LD ST Byte Stride Bucket 152 is equal to 195
Global LD ST Byte Stride Bucket 153 is equal to 200
Global LD ST Byte Stride Bucket 154 is equal to 115
Global LD ST Byte Stride Bucket 155 is equal to 40
Global LD ST Byte Stride Bucket 156 is equal to 282
Global LD ST Byte Stride Bucket 157 is equal to 190
Global LD ST Byte Stride Bucket 158 is equal to 916
Global LD ST Byte Stride Bucket 159 is equal to 106
Global LD ST Byte Stride Bucket 160 is equal to 9625
Global LD ST Byte Stride Bucket 161 is equal to 27
Global LD ST Byte Stride Bucket 162 is equal to 384
Global LD ST Byte Stride Bucket 163 is equal to 37
Global LD ST Byte Stride Bucket 164 is equal to 161198
Global LD ST Byte Stride Bucket 165 is equal to 220
Global LD ST Byte Stride Bucket 166 is equal to 771
Global LD ST Byte Stride Bucket 167 is equal to 154
Global LD ST Byte Stride Bucket 168 is equal to 76363
Global LD ST Byte Stride Bucket 170 is equal to 382
Global LD ST Byte Stride Bucket 172 is equal to 472
Global LD ST Byte Stride Bucket 173 is equal to 308
Global LD ST Byte Stride Bucket 174 is equal to 1019
Global LD ST Byte Stride Bucket 175 is equal to 57
Global LD ST Byte Stride Bucket 176 is equal to 9277
Global LD ST Byte Stride Bucket 177 is equal to 13
Global LD ST Byte Stride Bucket 178 is equal to 391
Global LD ST Byte Stride Bucket 179 is equal to 22
Global LD ST Byte Stride Bucket 180 is equal to 736
Global LD ST Byte Stride Bucket 181 is equal to 211
Global LD ST Byte Stride Bucket 182 is equal to 788
Global LD ST Byte Stride Bucket 183 is equal to 8
Global LD ST Byte Stride Bucket 184 is equal to 50410
Global LD ST Byte Stride Bucket 185 is equal to 47
Global LD ST Byte Stride Bucket 186 is equal to 1427
Global LD ST Byte Stride Bucket 187 is equal to 570
Global LD ST Byte Stride Bucket 188 is equal to 638
Global LD ST Byte Stride Bucket 190 is equal to 122
Global LD ST Byte Stride Bucket 191 is equal to 72
Global LD ST Byte Stride Bucket 192 is equal to 516
Global LD ST Byte Stride Bucket 193 is equal to 40
Global LD ST Byte Stride Bucket 194 is equal to 797
Global LD ST Byte Stride Bucket 195 is equal to 30
Global LD ST Byte Stride Bucket 196 is equal to 1166
Global LD ST Byte Stride Bucket 197 is equal to 158
Global LD ST Byte Stride Bucket 198 is equal to 185
Global LD ST Byte Stride Bucket 199 is equal to 14
Global LD ST Byte Stride Bucket 200 is equal to 8885
Global LD ST Byte Stride Bucket 201 is equal to 17
Global LD ST Byte Stride Bucket 202 is equal to 252
Global LD ST Byte Stride Bucket 203 is equal to 37
Global LD ST Byte Stride Bucket 204 is equal to 184
Global LD ST Byte Stride Bucket 205 is equal to 90
Global LD ST Byte Stride Bucket 206 is equal to 336
Global LD ST Byte Stride Bucket 207 is equal to 68
Global LD ST Byte Stride Bucket 208 is equal to 879
Global LD ST Byte Stride Bucket 209 is equal to 184
Global LD ST Byte Stride Bucket 210 is equal to 633
Global LD ST Byte Stride Bucket 212 is equal to 134
Global LD ST Byte Stride Bucket 214 is equal to 444
Global LD ST Byte Stride Bucket 215 is equal to 218
Global LD ST Byte Stride Bucket 216 is equal to 973
Global LD ST Byte Stride Bucket 217 is equal to 370
Global LD ST Byte Stride Bucket 218 is equal to 903
Global LD ST Byte Stride Bucket 219 is equal to 329
Global LD ST Byte Stride Bucket 220 is equal to 638
Global LD ST Byte Stride Bucket 221 is equal to 37
Global LD ST Byte Stride Bucket 222 is equal to 601
Global LD ST Byte Stride Bucket 224 is equal to 5014
Global LD ST Byte Stride Bucket 225 is equal to 1
Global LD ST Byte Stride Bucket 226 is equal to 99
Global LD ST Byte Stride Bucket 227 is equal to 12
Global LD ST Byte Stride Bucket 228 is equal to 179
Global LD ST Byte Stride Bucket 229 is equal to 5
Global LD ST Byte Stride Bucket 230 is equal to 728
Global LD ST Byte Stride Bucket 231 is equal to 12
Global LD ST Byte Stride Bucket 232 is equal to 118
Global LD ST Byte Stride Bucket 233 is equal to 5
Global LD ST Byte Stride Bucket 234 is equal to 75
Global LD ST Byte Stride Bucket 235 is equal to 5
Global LD ST Byte Stride Bucket 236 is equal to 104
Global LD ST Byte Stride Bucket 237 is equal to 15
Global LD ST Byte Stride Bucket 238 is equal to 242
Global LD ST Byte Stride Bucket 239 is equal to 130
Global LD ST Byte Stride Bucket 240 is equal to 824
Global LD ST Byte Stride Bucket 241 is equal to 212
Global LD ST Byte Stride Bucket 242 is equal to 542
Global LD ST Byte Stride Bucket 243 is equal to 9
Global LD ST Byte Stride Bucket 244 is equal to 519
Global LD ST Byte Stride Bucket 245 is equal to 28
Global LD ST Byte Stride Bucket 246 is equal to 265
Global LD ST Byte Stride Bucket 247 is equal to 19
Global LD ST Byte Stride Bucket 248 is equal to 2045
Global LD ST Byte Stride Bucket 249 is equal to 244
Global LD ST Byte Stride Bucket 250 is equal to 685
Global LD ST Byte Stride Bucket 251 is equal to 128
Global LD ST Byte Stride Bucket 252 is equal to 789
Global LD ST Byte Stride Bucket 254 is equal to 189
Global LD ST Byte Stride Bucket 256 is equal to 10757060

Global LD ST Cache Stride Bucket -256 is equal to 1629309
Global LD ST Cache Stride Bucket -179 is equal to 1
Global LD ST Cache Stride Bucket -178 is equal to 9
Global LD ST Cache Stride Bucket -155 is equal to 1
Global LD ST Cache Stride Bucket -154 is equal to 1103
Global LD ST Cache Stride Bucket -153 is equal to 7099
Global LD ST Cache Stride Bucket -152 is equal to 13032
Global LD ST Cache Stride Bucket -151 is equal to 17680
Global LD ST Cache Stride Bucket -150 is equal to 41022
Global LD ST Cache Stride Bucket -149 is equal to 412229
Global LD ST Cache Stride Bucket -148 is equal to 407092
Global LD ST Cache Stride Bucket -147 is equal to 263869
Global LD ST Cache Stride Bucket -146 is equal to 44075
Global LD ST Cache Stride Bucket -145 is equal to 182037
Global LD ST Cache Stride Bucket -144 is equal to 126909
Global LD ST Cache Stride Bucket -143 is equal to 66938
Global LD ST Cache Stride Bucket -142 is equal to 35787
Global LD ST Cache Stride Bucket -141 is equal to 14219
Global LD ST Cache Stride Bucket -140 is equal to 6369
Global LD ST Cache Stride Bucket -139 is equal to 6488
Global LD ST Cache Stride Bucket -138 is equal to 3359
Global LD ST Cache Stride Bucket -137 is equal to 4239
Global LD ST Cache Stride Bucket -136 is equal to 4458
Global LD ST Cache Stride Bucket -135 is equal to 4178
Global LD ST Cache Stride Bucket -134 is equal to 5404
Global LD ST Cache Stride Bucket -133 is equal to 6474
Global LD ST Cache Stride Bucket -132 is equal to 3454
Global LD ST Cache Stride Bucket -131 is equal to 3366
Global LD ST Cache Stride Bucket -130 is equal to 4128
Global LD ST Cache Stride Bucket -129 is equal to 3464
Global LD ST Cache Stride Bucket -128 is equal to 3373
Global LD ST Cache Stride Bucket -127 is equal to 2451
Global LD ST Cache Stride Bucket -126 is equal to 2022
Global LD ST Cache Stride Bucket -125 is equal to 2066
Global LD ST Cache Stride Bucket -124 is equal to 3830
Global LD ST Cache Stride Bucket -123 is equal to 4785
Global LD ST Cache Stride Bucket -122 is equal to 7620
Global LD ST Cache Stride Bucket -121 is equal to 31825
Global LD ST Cache Stride Bucket -120 is equal to 12609
Global LD ST Cache Stride Bucket -119 is equal to 116644
Global LD ST Cache Stride Bucket -118 is equal to 35777
Global LD ST Cache Stride Bucket -117 is equal to 46098
Global LD ST Cache Stride Bucket -116 is equal to 64410
Global LD ST Cache Stride Bucket -115 is equal to 52065
Global LD ST Cache Stride Bucket -114 is equal to 47359
Global LD ST Cache Stride Bucket -113 is equal to 40688
Global LD ST Cache Stride Bucket -112 is equal to 61423
Global LD ST Cache Stride Bucket -111 is equal to 38992
Global LD ST Cache Stride Bucket -110 is equal to 63276
Global LD ST Cache Stride Bucket -109 is equal to 38445
Global LD ST Cache Stride Bucket -108 is equal to 56301
Global LD ST Cache Stride Bucket -107 is equal to 26494
Global LD ST Cache Stride Bucket -106 is equal to 38939
Global LD ST Cache Stride Bucket -105 is equal to 39156
Global LD ST Cache Stride Bucket -104 is equal to 40915
Global LD ST Cache Stride Bucket -103 is equal to 38012
Global LD ST Cache Stride Bucket -102 is equal to 37041
Global LD ST Cache Stride Bucket -101 is equal to 35559
Global LD ST Cache Stride Bucket -100 is equal to 144183
Global LD ST Cache Stride Bucket -99 is equal to 27527
Global LD ST Cache Stride Bucket -98 is equal to 99867
Global LD ST Cache Stride Bucket -97 is equal to 33771
Global LD ST Cache Stride Bucket -96 is equal to 67633
Global LD ST Cache Stride Bucket -95 is equal to 80336
Global LD ST Cache Stride Bucket -94 is equal to 100616
Global LD ST Cache Stride Bucket -93 is equal to 69120
Global LD ST Cache Stride Bucket -92 is equal to 52554
Global LD ST Cache Stride Bucket -91 is equal to 54321
Global LD ST Cache Stride Bucket -90 is equal to 53385
Global LD ST Cache Stride Bucket -89 is equal to 38592
Global LD ST Cache Stride Bucket -88 is equal to 44632
Global LD ST Cache Stride Bucket -87 is equal to 49422
Global LD ST Cache Stride Bucket -86 is equal to 62565
Global LD ST Cache Stride Bucket -85 is equal to 64096
Global LD ST Cache Stride Bucket -84 is equal to 70476
Global LD ST Cache Stride Bucket -83 is equal to 58688
Global LD ST Cache Stride Bucket -82 is equal to 65121
Global LD ST Cache Stride Bucket -81 is equal to 77657
Global LD ST Cache Stride Bucket -80 is equal to 64837
Global LD ST Cache Stride Bucket -79 is equal to 63818
Global LD ST Cache Stride Bucket -78 is equal to 68352
Global LD ST Cache Stride Bucket -77 is equal to 73466
Global LD ST Cache Stride Bucket -76 is equal to 83127
Global LD ST Cache Stride Bucket -75 is equal to 90457
Global LD ST Cache Stride Bucket -74 is equal to 100208
Global LD ST Cache Stride Bucket -73 is equal to 107204
Global LD ST Cache Stride Bucket -72 is equal to 119461
Global LD ST Cache Stride Bucket -71 is equal to 91149
Global LD ST Cache Stride Bucket -70 is equal to 66819
Global LD ST Cache Stride Bucket -69 is equal to 30547
Global LD ST Cache Stride Bucket -68 is equal to 33111
Global LD ST Cache Stride Bucket -67 is equal to 34270
Global LD ST Cache Stride Bucket -66 is equal to 29696
Global LD ST Cache Stride Bucket -65 is equal to 28465
Global LD ST Cache Stride Bucket -64 is equal to 26925
Global LD ST Cache Stride Bucket -63 is equal to 28320
Global LD ST Cache Stride Bucket -62 is equal to 27738
Global LD ST Cache Stride Bucket -61 is equal to 22704
Global LD ST Cache Stride Bucket -60 is equal to 22866
Global LD ST Cache Stride Bucket -59 is equal to 24202
Global LD ST Cache Stride Bucket -58 is equal to 23117
Global LD ST Cache Stride Bucket -57 is equal to 25300
Global LD ST Cache Stride Bucket -56 is equal to 39270
Global LD ST Cache Stride Bucket -55 is equal to 81874
Global LD ST Cache Stride Bucket -54 is equal to 58385
Global LD ST Cache Stride Bucket -53 is equal to 66353
Global LD ST Cache Stride Bucket -52 is equal to 88698
Global LD ST Cache Stride Bucket -51 is equal to 33860
Global LD ST Cache Stride Bucket -50 is equal to 237794
Global LD ST Cache Stride Bucket -49 is equal to 75782
Global LD ST Cache Stride Bucket -48 is equal to 72023
Global LD ST Cache Stride Bucket -47 is equal to 76892
Global LD ST Cache Stride Bucket -46 is equal to 94472
Global LD ST Cache Stride Bucket -45 is equal to 38855
Global LD ST Cache Stride Bucket -44 is equal to 47210
Global LD ST Cache Stride Bucket -43 is equal to 41638
Global LD ST Cache Stride Bucket -42 is equal to 119286
Global LD ST Cache Stride Bucket -41 is equal to 139191
Global LD ST Cache Stride Bucket -40 is equal to 19090
Global LD ST Cache Stride Bucket -39 is equal to 17590
Global LD ST Cache Stride Bucket -38 is equal to 12387
Global LD ST Cache Stride Bucket -37 is equal to 12366
Global LD ST Cache Stride Bucket -36 is equal to 12224
Global LD ST Cache Stride Bucket -35 is equal to 14358
Global LD ST Cache Stride Bucket -34 is equal to 20451
Global LD ST Cache Stride Bucket -33 is equal to 22861
Global LD ST Cache Stride Bucket -32 is equal to 21292
Global LD ST Cache Stride Bucket -31 is equal to 20058
Global LD ST Cache Stride Bucket -30 is equal to 19948
Global LD ST Cache Stride Bucket -29 is equal to 25083
Global LD ST Cache Stride Bucket -28 is equal to 45777
Global LD ST Cache Stride Bucket -27 is equal to 75876
Global LD ST Cache Stride Bucket -26 is equal to 78705
Global LD ST Cache Stride Bucket -25 is equal to 37481
Global LD ST Cache Stride Bucket -24 is equal to 30185
Global LD ST Cache Stride Bucket -23 is equal to 20682
Global LD ST Cache Stride Bucket -22 is equal to 22832
Global LD ST Cache Stride Bucket -21 is equal to 22953
Global LD ST Cache Stride Bucket -20 is equal to 28273
Global LD ST Cache Stride Bucket -19 is equal to 27765
Global LD ST Cache Stride Bucket -18 is equal to 26498
Global LD ST Cache Stride Bucket -17 is equal to 32586
Global LD ST Cache Stride Bucket -16 is equal to 51604
Global LD ST Cache Stride Bucket -15 is equal to 87346
Global LD ST Cache Stride Bucket -14 is equal to 229310
Global LD ST Cache Stride Bucket -13 is equal to 148400
Global LD ST Cache Stride Bucket -12 is equal to 91935
Global LD ST Cache Stride Bucket -11 is equal to 47362
Global LD ST Cache Stride Bucket -10 is equal to 30408
Global LD ST Cache Stride Bucket -9 is equal to 23471
Global LD ST Cache Stride Bucket -8 is equal to 28262
Global LD ST Cache Stride Bucket -7 is equal to 42828
Global LD ST Cache Stride Bucket -6 is equal to 63711
Global LD ST Cache Stride Bucket -5 is equal to 63676
Global LD ST Cache Stride Bucket -4 is equal to 31910
Global LD ST Cache Stride Bucket -3 is equal to 275419
Global LD ST Cache Stride Bucket -2 is equal to 182951
Global LD ST Cache Stride Bucket -1 is equal to 1448194
Global LD ST Cache Stride Bucket 0 is equal to 10839380
Global LD ST Cache Stride Bucket 1 is equal to 1439271
Global LD ST Cache Stride Bucket 2 is equal to 214885
Global LD ST Cache Stride Bucket 3 is equal to 228012
Global LD ST Cache Stride Bucket 4 is equal to 26291
Global LD ST Cache Stride Bucket 5 is equal to 56512
Global LD ST Cache Stride Bucket 6 is equal to 65170
Global LD ST Cache Stride Bucket 7 is equal to 59326
Global LD ST Cache Stride Bucket 8 is equal to 39593
Global LD ST Cache Stride Bucket 9 is equal to 42767
Global LD ST Cache Stride Bucket 10 is equal to 48990
Global LD ST Cache Stride Bucket 11 is equal to 77233
Global LD ST Cache Stride Bucket 12 is equal to 131230
Global LD ST Cache Stride Bucket 13 is equal to 329501
Global LD ST Cache Stride Bucket 14 is equal to 562473
Global LD ST Cache Stride Bucket 15 is equal to 153371
Global LD ST Cache Stride Bucket 16 is equal to 76271
Global LD ST Cache Stride Bucket 17 is equal to 61472
Global LD ST Cache Stride Bucket 18 is equal to 40808
Global LD ST Cache Stride Bucket 19 is equal to 59231
Global LD ST Cache Stride Bucket 20 is equal to 47409
Global LD ST Cache Stride Bucket 21 is equal to 41997
Global LD ST Cache Stride Bucket 22 is equal to 45620
Global LD ST Cache Stride Bucket 23 is equal to 54196
Global LD ST Cache Stride Bucket 24 is equal to 71312
Global LD ST Cache Stride Bucket 25 is equal to 53522
Global LD ST Cache Stride Bucket 26 is equal to 41055
Global LD ST Cache Stride Bucket 27 is equal to 99928
Global LD ST Cache Stride Bucket 28 is equal to 110459
Global LD ST Cache Stride Bucket 29 is equal to 91522
Global LD ST Cache Stride Bucket 30 is equal to 78988
Global LD ST Cache Stride Bucket 31 is equal to 73363
Global LD ST Cache Stride Bucket 32 is equal to 74947
Global LD ST Cache Stride Bucket 33 is equal to 78170
Global LD ST Cache Stride Bucket 34 is equal to 72670
Global LD ST Cache Stride Bucket 35 is equal to 63446
Global LD ST Cache Stride Bucket 36 is equal to 72159
Global LD ST Cache Stride Bucket 37 is equal to 54876
Global LD ST Cache Stride Bucket 38 is equal to 68676
Global LD ST Cache Stride Bucket 39 is equal to 69872
Global LD ST Cache Stride Bucket 40 is equal to 75664
Global LD ST Cache Stride Bucket 41 is equal to 39380
Global LD ST Cache Stride Bucket 42 is equal to 27077
Global LD ST Cache Stride Bucket 43 is equal to 29619
Global LD ST Cache Stride Bucket 44 is equal to 36453
Global LD ST Cache Stride Bucket 45 is equal to 40213
Global LD ST Cache Stride Bucket 46 is equal to 47394
Global LD ST Cache Stride Bucket 47 is equal to 128610
Global LD ST Cache Stride Bucket 48 is equal to 66237
Global LD ST Cache Stride Bucket 49 is equal to 72092
Global LD ST Cache Stride Bucket 50 is equal to 99121
Global LD ST Cache Stride Bucket 51 is equal to 300935
Global LD ST Cache Stride Bucket 52 is equal to 63431
Global LD ST Cache Stride Bucket 53 is equal to 32200
Global LD ST Cache Stride Bucket 54 is equal to 55322
Global LD ST Cache Stride Bucket 55 is equal to 53834
Global LD ST Cache Stride Bucket 56 is equal to 33311
Global LD ST Cache Stride Bucket 57 is equal to 22425
Global LD ST Cache Stride Bucket 58 is equal to 14564
Global LD ST Cache Stride Bucket 59 is equal to 17070
Global LD ST Cache Stride Bucket 60 is equal to 14478
Global LD ST Cache Stride Bucket 61 is equal to 15525
Global LD ST Cache Stride Bucket 62 is equal to 14962
Global LD ST Cache Stride Bucket 63 is equal to 14727
Global LD ST Cache Stride Bucket 64 is equal to 18672
Global LD ST Cache Stride Bucket 65 is equal to 16420
Global LD ST Cache Stride Bucket 66 is equal to 17357
Global LD ST Cache Stride Bucket 67 is equal to 17648
Global LD ST Cache Stride Bucket 68 is equal to 18129
Global LD ST Cache Stride Bucket 69 is equal to 19789
Global LD ST Cache Stride Bucket 70 is equal to 37451
Global LD ST Cache Stride Bucket 71 is equal to 41191
Global LD ST Cache Stride Bucket 72 is equal to 42197
Global LD ST Cache Stride Bucket 73 is equal to 37560
Global LD ST Cache Stride Bucket 74 is equal to 39221
Global LD ST Cache Stride Bucket 75 is equal to 36461
Global LD ST Cache Stride Bucket 76 is equal to 30848
Global LD ST Cache Stride Bucket 77 is equal to 27093
Global LD ST Cache Stride Bucket 78 is equal to 24230
Global LD ST Cache Stride Bucket 79 is equal to 21400
Global LD ST Cache Stride Bucket 80 is equal to 24959
Global LD ST Cache Stride Bucket 81 is equal to 28702
Global LD ST Cache Stride Bucket 82 is equal to 24739
Global LD ST Cache Stride Bucket 83 is equal to 25998
Global LD ST Cache Stride Bucket 84 is equal to 43157
Global LD ST Cache Stride Bucket 85 is equal to 35614
Global LD ST Cache Stride Bucket 86 is equal to 41319
Global LD ST Cache Stride Bucket 87 is equal to 28830
Global LD ST Cache Stride Bucket 88 is equal to 31467
Global LD ST Cache Stride Bucket 89 is equal to 38451
Global LD ST Cache Stride Bucket 90 is equal to 35103
Global LD ST Cache Stride Bucket 91 is equal to 36211
Global LD ST Cache Stride Bucket 92 is equal to 36470
Global LD ST Cache Stride Bucket 93 is equal to 27547
Global LD ST Cache Stride Bucket 94 is equal to 46210
Global LD ST Cache Stride Bucket 95 is equal to 56272
Global LD ST Cache Stride Bucket 96 is equal to 30925
Global LD ST Cache Stride Bucket 97 is equal to 18396
Global LD ST Cache Stride Bucket 98 is equal to 14262
Global LD ST Cache Stride Bucket 99 is equal to 48537
Global LD ST Cache Stride Bucket 100 is equal to 14382
Global LD ST Cache Stride Bucket 101 is equal to 18255
Global LD ST Cache Stride Bucket 102 is equal to 16586
Global LD ST Cache Stride Bucket 103 is equal to 15114
Global LD ST Cache Stride Bucket 104 is equal to 15122
Global LD ST Cache Stride Bucket 105 is equal to 18296
Global LD ST Cache Stride Bucket 106 is equal to 13010
Global LD ST Cache Stride Bucket 107 is equal to 9303
Global LD ST Cache Stride Bucket 108 is equal to 4579
Global LD ST Cache Stride Bucket 109 is equal to 8254
Global LD ST Cache Stride Bucket 110 is equal to 6137
Global LD ST Cache Stride Bucket 111 is equal to 6999
Global LD ST Cache Stride Bucket 112 is equal to 4283
Global LD ST Cache Stride Bucket 113 is equal to 7789
Global LD ST Cache Stride Bucket 114 is equal to 6747
Global LD ST Cache Stride Bucket 115 is equal to 6824
Global LD ST Cache Stride Bucket 116 is equal to 7808
Global LD ST Cache Stride Bucket 117 is equal to 13014
Global LD ST Cache Stride Bucket 118 is equal to 5833
Global LD ST Cache Stride Bucket 119 is equal to 6896
Global LD ST Cache Stride Bucket 120 is equal to 20285
Global LD ST Cache Stride Bucket 121 is equal to 3117
Global LD ST Cache Stride Bucket 122 is equal to 11014
Global LD ST Cache Stride Bucket 123 is equal to 17211
Global LD ST Cache Stride Bucket 124 is equal to 75308
Global LD ST Cache Stride Bucket 125 is equal to 111223
Global LD ST Cache Stride Bucket 126 is equal to 55523
Global LD ST Cache Stride Bucket 127 is equal to 4195
Global LD ST Cache Stride Bucket 128 is equal to 7048
Global LD ST Cache Stride Bucket 129 is equal to 6059
Global LD ST Cache Stride Bucket 130 is equal to 9302
Global LD ST Cache Stride Bucket 131 is equal to 12015
Global LD ST Cache Stride Bucket 132 is equal to 11215
Global LD ST Cache Stride Bucket 133 is equal to 14559
Global LD ST Cache Stride Bucket 134 is equal to 20746
Global LD ST Cache Stride Bucket 135 is equal to 23828
Global LD ST Cache Stride Bucket 136 is equal to 25541
Global LD ST Cache Stride Bucket 137 is equal to 24167
Global LD ST Cache Stride Bucket 138 is equal to 21052
Global LD ST Cache Stride Bucket 139 is equal to 25147
Global LD ST Cache Stride Bucket 140 is equal to 31660
Global LD ST Cache Stride Bucket 141 is equal to 34494
Global LD ST Cache Stride Bucket 142 is equal to 61819
Global LD ST Cache Stride Bucket 143 is equal to 111338
Global LD ST Cache Stride Bucket 144 is equal to 204862
Global LD ST Cache Stride Bucket 145 is equal to 252539
Global LD ST Cache Stride Bucket 146 is equal to 160993
Global LD ST Cache Stride Bucket 147 is equal to 468182
Global LD ST Cache Stride Bucket 148 is equal to 746788
Global LD ST Cache Stride Bucket 149 is equal to 423410
Global LD ST Cache Stride Bucket 150 is equal to 48041
Global LD ST Cache Stride Bucket 151 is equal to 81434
Global LD ST Cache Stride Bucket 152 is equal to 18128
Global LD ST Cache Stride Bucket 153 is equal to 9291
Global LD ST Cache Stride Bucket 154 is equal to 3201
Global LD ST Cache Stride Bucket 155 is equal to 64
Global LD ST Cache Stride Bucket 173 is equal to 1049
Global LD ST Cache Stride Bucket 178 is equal to 12
Global LD ST Cache Stride Bucket 256 is equal to 1778070


            "-256": "9808139",
            "-255": "0",
            "-254": "1311",
            "-253": "0",
            "-252": "933",
            "-251": "0",
            "-250": "731",
            "-249": "0",
            "-248": "3884",
            "-247": "0",
            "-246": "535",
            "-245": "0",
            "-244": "1034",
            "-243": "0",
            "-242": "752",
            "-241": "0",
            "-240": "408",
            "-239": "0",
            "-238": "453",
            "-237": "0",
            "-236": "966",
            "-235": "0",
            "-234": "644",
            "-233": "0",
            "-232": "1126",
            "-231": "0",
            "-230": "833",
            "-229": "0",
            "-228": "1734",
            "-227": "0",
            "-226": "90",
            "-225": "0",
            "-224": "1428",
            "-223": "0",
            "-222": "1020",
            "-221": "0",
            "-220": "557",
            "-219": "0",
            "-218": "1399",
            "-217": "0",
            "-216": "5481",
            "-215": "0",
            "-214": "542",
            "-213": "0",
            "-212": "776",
            "-211": "0",
            "-210": "1546",
            "-209": "0",
            "-208": "1036",
            "-207": "0",
            "-206": "1013",
            "-205": "0",
            "-204": "237",
            "-203": "0",
            "-202": "813",
            "-201": "0",
            "-200": "790",
            "-199": "0",
            "-198": "399",
            "-197": "0",
            "-196": "1021",
            "-195": "0",
            "-194": "586",
            "-193": "0",
            "-192": "119",
            "-191": "0",
            "-190": "961",
            "-189": "0",
            "-188": "10078",
            "-187": "0",
            "-186": "715",
            "-185": "0",
            "-184": "7014",
            "-183": "0",
            "-182": "1436",
            "-181": "0",
            "-180": "354",
            "-179": "0",
            "-178": "876",
            "-177": "0",
            "-176": "212295",
            "-175": "0",
            "-174": "1169",
            "-173": "0",
            "-172": "975",
            "-171": "0",
            "-170": "1284",
            "-169": "0",
            "-168": "79851",
            "-167": "0",
            "-166": "998",
            "-165": "0",
            "-164": "3922",
            "-163": "0",
            "-162": "1337",
            "-161": "0",
            "-160": "6118",
            "-159": "0",
            "-158": "918",
            "-157": "0",
            "-156": "253",
            "-155": "0",
            "-154": "946",
            "-153": "0",
            "-152": "516",
            "-151": "0",
            "-150": "384",
            "-149": "0",
            "-148": "1026",
            "-147": "0",
            "-146": "1268",
            "-145": "0",
            "-144": "1380",
            "-143": "0",
            "-142": "895",
            "-141": "0",
            "-140": "595",
            "-139": "0",
            "-138": "808",
            "-137": "0",
            "-136": "833",
            "-135": "0",
            "-134": "1440",
            "-133": "0",
            "-132": "1340",
            "-131": "0",
            "-130": "1235",
            "-129": "0",
            "-128": "1647",
            "-127": "0",
            "-126": "2789",
            "-125": "0",
            "-124": "4440",
            "-123": "0",
            "-122": "1957",
            "-121": "0",
            "-120": "15361",
            "-119": "0",
            "-118": "1355",
            "-117": "0",
            "-116": "8869",
            "-115": "0",
            "-114": "981",
            "-113": "0",
            "-112": "10071",
            "-111": "0",
            "-110": "959",
            "-109": "0",
            "-108": "8076",
            "-107": "0",
            "-106": "1172",
            "-105": "0",
            "-104": "7314",
            "-103": "0",
            "-102": "504",
            "-101": "0",
            "-100": "8590",
            "-99": "0",
            "-98": "1291",
            "-97": "0",
            "-96": "2709",
            "-95": "0",
            "-94": "1313",
            "-93": "0",
            "-92": "8346",
            "-91": "0",
            "-90": "1606",
            "-89": "0",
            "-88": "68442",
            "-87": "0",
            "-86": "1935",
            "-85": "0",
            "-84": "8758",
            "-83": "0",
            "-82": "2921",
            "-81": "0",
            "-80": "84658",
            "-79": "0",
            "-78": "1631",
            "-77": "0",
            "-76": "4595",
            "-75": "0",
            "-74": "838",
            "-73": "0",
            "-72": "12016",
            "-71": "0",
            "-70": "904",
            "-69": "0",
            "-68": "8417",
            "-67": "0",
            "-66": "851",
            "-65": "0",
            "-64": "18627",
            "-63": "0",
            "-62": "995",
            "-61": "0",
            "-60": "57476",
            "-59": "0",
            "-58": "644",
            "-57": "0",
            "-56": "159322",
            "-55": "0",
            "-54": "498",
            "-53": "0",
            "-52": "144009",
            "-51": "0",
            "-50": "974",
            "-49": "0",
            "-48": "20831",
            "-47": "0",
            "-46": "2075",
            "-45": "0",
            "-44": "46011",
            "-43": "0",
            "-42": "22566",
            "-41": "0",
            "-40": "61679",
            "-39": "0",
            "-38": "1775",
            "-37": "0",
            "-36": "81647",
            "-35": "0",
            "-34": "759",
            "-33": "0",
            "-32": "158969",
            "-31": "0",
            "-30": "453",
            "-29": "0",
            "-28": "25679",
            "-27": "0",
            "-26": "312",
            "-25": "0",
            "-24": "215427",
            "-23": "0",
            "-22": "385",
            "-21": "0",
            "-20": "149106",
            "-19": "0",
            "-18": "461",
            "-17": "0",
            "-16": "236235",
            "-15": "0",
            "-14": "511",
            "-13": "1",
            "-12": "394471",
            "-11": "0",
            "-10": "216",
            "-9": "3",
            "-8": "2078837",
            "-7": "0",
            "-6": "1010",
            "-5": "0",
            "-4": "1068092",
            "-3": "0",
            "-2": "22284",
            "-1": "1",
            "0": "2418583",
            "1": "0",
            "2": "19464",
            "3": "0",
            "4": "1551183",
            "5": "0",
            "6": "1362",
            "7": "0",
            "8": "2656819",
            "9": "176",
            "10": "226",
            "11": "0",
            "12": "119977",
            "13": "0",
            "14": "156",
            "15": "0",
            "16": "378527",
            "17": "0",
            "18": "100",
            "19": "0",
            "20": "126895",
            "21": "0",
            "22": "77",
            "23": "0",
            "24": "169803",
            "25": "0",
            "26": "95",
            "27": "0",
            "28": "29300",
            "29": "0",
            "30": "86",
            "31": "0",
            "32": "125513",
            "33": "0",
            "34": "291",
            "35": "0",
            "36": "305524",
            "37": "0",
            "38": "739",
            "39": "0",
            "40": "61422",
            "41": "0",
            "42": "23262",
            "43": "0",
            "44": "54631",
            "45": "0",
            "46": "1367",
            "47": "137",
            "48": "43807",
            "49": "730",
            "50": "1187",
            "51": "134",
            "52": "168038",
            "53": "228",
            "54": "982",
            "55": "61",
            "56": "43005",
            "57": "172",
            "58": "720",
            "59": "69",
            "60": "6483",
            "61": "140",
            "62": "752",
            "63": "93",
            "64": "17955",
            "65": "124",
            "66": "909",
            "67": "138",
            "68": "737",
            "69": "225",
            "70": "669",
            "71": "127",
            "72": "8327",
            "73": "140",
            "74": "935",
            "75": "263",
            "76": "975",
            "77": "335",
            "78": "1519",
            "79": "223",
            "80": "66835",
            "81": "393",
            "82": "1791",
            "83": "82",
            "84": "162274",
            "85": "0",
            "86": "1079",
            "87": "0",
            "88": "62058",
            "89": "315",
            "90": "1320",
            "91": "48",
            "92": "1329",
            "93": "72",
            "94": "720",
            "95": "267",
            "96": "1888",
            "97": "30",
            "98": "201",
            "99": "18",
            "100": "1339",
            "101": "27",
            "102": "320",
            "103": "205",
            "104": "1335",
            "105": "208",
            "106": "484",
            "107": "182",
            "108": "357",
            "109": "102",
            "110": "514",
            "111": "33",
            "112": "1548",
            "113": "239",
            "114": "412",
            "115": "101",
            "116": "1104",
            "117": "174",
            "118": "999",
            "119": "181",
            "120": "1044",
            "121": "483",
            "122": "1374",
            "123": "98",
            "124": "1575",
            "125": "370",
            "126": "881",
            "127": "0",
            "128": "639",
            "129": "0",
            "130": "590",
            "131": "106",
            "132": "1041",
            "133": "42",
            "134": "118",
            "135": "8",
            "136": "591",
            "137": "42",
            "138": "584",
            "139": "0",
            "140": "813",
            "141": "13",
            "142": "233",
            "143": "62",
            "144": "1281",
            "145": "344",
            "146": "663",
            "147": "249",
            "148": "571",
            "149": "47",
            "150": "179",
            "151": "26",
            "152": "195",
            "153": "200",
            "154": "115",
            "155": "40",
            "156": "282",
            "157": "190",
            "158": "916",
            "159": "106",
            "160": "9625",
            "161": "27",
            "162": "384",
            "163": "37",
            "164": "161198",
            "165": "220",
            "166": "771",
            "167": "154",
            "168": "76363",
            "169": "0",
            "170": "382",
            "171": "0",
            "172": "472",
            "173": "308",
            "174": "1019",
            "175": "57",
            "176": "9277",
            "177": "13",
            "178": "391",
            "179": "22",
            "180": "736",
            "181": "211",
            "182": "788",
            "183": "8",
            "184": "50410",
            "185": "47",
            "186": "1427",
            "187": "570",
            "188": "638",
            "189": "0",
            "190": "122",
            "191": "72",
            "192": "516",
            "193": "40",
            "194": "797",
            "195": "30",
            "196": "1166",
            "197": "158",
            "198": "185",
            "199": "14",
            "200": "8885",
            "201": "17",
            "202": "252",
            "203": "37",
            "204": "184",
            "205": "90",
            "206": "336",
            "207": "68",
            "208": "879",
            "209": "184",
            "210": "633",
            "211": "0",
            "212": "134",
            "213": "0",
            "214": "444",
            "215": "218",
            "216": "973",
            "217": "370",
            "218": "903",
            "219": "329",
            "220": "638",
            "221": "37",
            "222": "601",
            "223": "0",
            "224": "5014",
            "225": "1",
            "226": "99",
            "227": "12",
            "228": "179",
            "229": "5",
            "230": "728",
            "231": "12",
            "232": "118",
            "233": "5",
            "234": "75",
            "235": "5",
            "236": "104",
            "237": "15",
            "238": "242",
            "239": "130",
            "240": "824",
            "241": "212",
            "242": "542",
            "243": "9",
            "244": "519",
            "245": "28",
            "246": "265",
            "247": "19",
            "248": "2045",
            "249": "244",
            "250": "685",
            "251": "128",
            "252": "789",
            "253": "0",
            "254": "189",
            "255": "0",
            "256": "10757060",


# END_DYNAMIC_STATS
