# Mix output version 2
# FINI: end of program
# EMIT_DYNAMIC_STATS FOR TID 1, ins = 100101524
Dynamic Instruction Count = 100101524, Dyn BBL Count = 16265873
RAWdep[ 0] = 0
RAWdep[ 1] = 42919195
RAWdep[ 2] = 17613413
RAWdep[ 3] = 14917159
RAWdep[ 4] = 7924075
RAWdep[ 5] = 4388608
RAWdep[ 6] = 4664330
RAWdep[ 7] = 2711708
RAWdep[ 8] = 2918218
RAWdep[ 9] = 2672168
RAWdep[ 10] = 2450261
RAWdep[ 11] = 1871897
RAWdep[ 12] = 1217960
RAWdep[ 13] = 1571486
RAWdep[ 14] = 759747
RAWdep[ 15] = 905875
RAWdep[ 16] = 1242788
RAWdep[ 17] = 964617
RAWdep[ 18] = 443329
RAWdep[ 19] = 813923
RAWdep[ 20] = 948856
RAWdep[ 21] = 585034
RAWdep[ 22] = 788882
RAWdep[ 23] = 869640
RAWdep[ 24] = 670598
RAWdep[ 25] = 402662
RAWdep[ 26] = 201912
RAWdep[ 27] = 447931
RAWdep[ 28] = 696824
RAWdep[ 29] = 1094933
RAWdep[ 30] = 560080
RAWdep[ 31] = 453554
RAWdep[ 32] = 1054919
RAWdep[ 33] = 29949541

WAWdep[ 0] = 0
WAWdep[ 1] = 25180403
WAWdep[ 2] = 18694900
WAWdep[ 3] = 15822129
WAWdep[ 4] = 7791745
WAWdep[ 5] = 5436643
WAWdep[ 6] = 6263874
WAWdep[ 7] = 2735961
WAWdep[ 8] = 2699722
WAWdep[ 9] = 3448228
WAWdep[ 10] = 2848123
WAWdep[ 11] = 1410706
WAWdep[ 12] = 1395552
WAWdep[ 13] = 2105222
WAWdep[ 14] = 1350885
WAWdep[ 15] = 897360
WAWdep[ 16] = 1138724
WAWdep[ 17] = 963659
WAWdep[ 18] = 515340
WAWdep[ 19] = 758803
WAWdep[ 20] = 888011
WAWdep[ 21] = 824045
WAWdep[ 22] = 408507
WAWdep[ 23] = 497940
WAWdep[ 24] = 700008
WAWdep[ 25] = 339641
WAWdep[ 26] = 236231
WAWdep[ 27] = 695242
WAWdep[ 28] = 394903
WAWdep[ 29] = 317459
WAWdep[ 30] = 249781
WAWdep[ 31] = 193374
WAWdep[ 32] = 1002700
WAWdep[ 33] = 15995884

WARdep[ 0] = 45034436
WARdep[ 1] = 9585099
WARdep[ 2] = 8679456
WARdep[ 3] = 6043937
WARdep[ 4] = 4456168
WARdep[ 5] = 3740744
WARdep[ 6] = 2810418
WARdep[ 7] = 3513739
WARdep[ 8] = 2683744
WARdep[ 9] = 1909740
WARdep[ 10] = 2642075
WARdep[ 11] = 2009083
WARdep[ 12] = 1281619
WARdep[ 13] = 1322313
WARdep[ 14] = 1082930
WARdep[ 15] = 732597
WARdep[ 16] = 989223
WARdep[ 17] = 856956
WARdep[ 18] = 958621
WARdep[ 19] = 1063327
WARdep[ 20] = 1124503
WARdep[ 21] = 878070
WARdep[ 22] = 920737
WARdep[ 23] = 383849
WARdep[ 24] = 859287
WARdep[ 25] = 930886
WARdep[ 26] = 957316
WARdep[ 27] = 728751
WARdep[ 28] = 536958
WARdep[ 29] = 550971
WARdep[ 30] = 455794
WARdep[ 31] = 667181
WARdep[ 32] = 574014
WARdep[ 33] = 13237163


		"0": "0",
		"1": "42919195",
		"2": "17613413",
		"3": "14917159",
		"4": "7924075",
		"5": "4388608",
		"6": "4664330",
		"7": "2711708",
		"8": "2918218",
		"9": "2672168",
		"10": "2450261",
		"11": "1871897",
		"12": "1217960",
		"13": "1571486",
		"14": "759747",
		"15": "905875",
		"16": "1242788",
		"17": "964617",
		"18": "443329",
		"19": "813923",
		"20": "948856",
		"21": "585034",
		"22": "788882",
		"23": "869640",
		"24": "670598",
		"25": "402662",
		"26": "201912",
		"27": "447931",
		"28": "696824",
		"29": "1094933",
		"30": "560080",
		"31": "453554",
		"32": "1054919",
		"33": "29949541",


# END_DYNAMIC_STATS
