# Branch output version 3
Dynamic_Instruction_Count: 100101499
Dynamic_Conditional_Branch_Count: 10457985
Dynamic_Unconditional_Branch_Count: 5590499
Total_Taken_Branches: 10179095
Total_Branch_Transitions: 2605319

Local Branch Stats (Total Count; Taken Count; Transition Count)
7428 1372 2373
6056 569 1063
7428 5571 3713
1857 0 0
1857 1857 0
1372 1371 2
4 3 1
569 2 4
567 247 428
1857 0 0
1857 0 0
1857 0 0
1857 0 0
1857 1857 0
6957 0 0
6957 0 0
6957 0 0
6957 0 0
8814 6957 3713
1857 388 775
1469 538 937
931 462 923
1388 1388 0
538 0 0
926 0 0
10 0 0
10 0 0
10 0 0
10 0 0
1857 0 0
1857 471 937
1386 0 0
1857 471 937
1386 0 0
942 942 0
942 0 0
942 942 0
942 0 0
942 0 0
942 942 0
942 0 0
942 0 0
942 942 0
471 471 0
471 0 0
21091 8097 8757
17626 1620 3129
38151 21091 14101
20525 17906 5125
4239 3768 941
8097 4632 2213
471 465 12
36398 377 754
36021 0 0
36021 94 188
35927 1658 2554
34734 20950 919
13784 147 294
116628 1867 3733
2338 479 941
1867 1867 0
479 8 15
1867 0 0
1867 10 20
1857 1857 0
8 0 0
471 471 0
471 0 0
471 471 0
471 0 0
471 0 0
471 9 18
471 0 0
471 0 0
471 471 0
471 471 0
471 0 0
471 471 0
471 0 0
471 471 0
471 0 0
471 0 0
475 475 0
128925 86114 35964
42811 595 1018
42216 477 804
41739 176 310
7428 1857 3713
5571 3078 1524
1707 717 395
3483 1707 2334
7428 5571 3713
16 4 7
12 2 3
8 0 0
18 8 12
16 12 7
471 0 0
5570 342 683
8097 5570 2848
2527 2398 254
568 499 63
568 101 111
568 79 82
568 567 2
568 302 398
266 0 0
266 4 6
262 0 0
262 3 6
79 0 0
79 0 0
79 2 4
77 0 0
101 0 0
101 1 2
100 0 0
100 1 2
499 1 2
498 0 0
498 2 4
496 0 0
5472 1368 2735
4104 722 1034
2530 636 945
5276 2530 3461
5472 4104 2735
5472 1613 2716
5472 4104 2735
15864 3966 7931
11898 2590 3757
6709 1655 2384
14362 6709 9524
15864 11898 7931
3966 2353 912
34735 1368 2638
133468 33367 66733
100101 27965 33750
49873 13098 16942
108911 49873 69826
133468 100101 66733
133466 71573 59596
133466 100100 66732
33366 570 1120
71573 37263 35069
34310 0 0
34310 4736 7976
29574 16643 15270
19642 5419 7658
19642 5027 7070
19642 5055 7016
19642 12931 4834
19642 14516 7228
5126 587 874
4539 704 1192
3835 0 0
3835 451 788
37263 31238 10392
37524 9381 18761
28143 7806 9343
14607 2844 4223
32100 14607 21038
37524 28143 18761
9381 3356 2764
6752 1688 3375
5064 1495 2098
2178 954 1058
4793 2178 3256
6752 5064 3375
1688 1118 1139
5055 456 790
4599 0 0
4599 200 344
4399 45 86
5027 0 0
5027 728 1178
4299 92 168
4207 183 330
5419 1173 1701
4246 319 508
3927 122 226
3805 0 0
23178 4927 7137
23178 4511 6764
23178 4585 6903
23178 16643 4934
23178 17039 8468
6139 1008 1481
5131 1035 1574
4096 0 0
4096 662 1048
4585 923 1391
3662 0 0
3662 829 1250
2833 124 216
4511 0 0
4511 1001 1542
3510 518 832
2992 651 996
4927 729 1196
4198 477 772
3721 890 1312
2831 0 0
8097 4614 2235
3483 1569 1575
1914 1906 14
1569 10 18
167072 126721 50260
40351 20905 19546
19446 18687 1054
20905 1920 2464
97348 59170 29765
59170 6380 8910
56918 12415 16358
44503 5098 7122
43248 6799 9900
36449 4197 5732
35607 4825 7050
30782 3716 5029
30280 2682 4165
27598 5195 6494
87759 13211 25464
74549 20550 28579
85315 65356 39916
13211 0 0
1133 213 216
14131 1133 2164
12998 920 1510
20550 12189 7326
28170 13146 12020
58413 20241 32527
56888 43389 26998
26645 19809 7981
6836 6836 0
20241 10315 14429
4594 3069 1176
11451 4594 5562
6857 1525 2325
6380 4128 2191
5098 3843 1504
4197 3355 1018
3716 3214 618
207821 27031 53880
276440 183320 110321
93120 47303 27749
68619 61095 14775
47303 2805 5066
45661 37613 12022
38534 2185 4016
37432 31104 9587
32882 1677 3080
32090 26282 9003
29450 1480 2720
28851 23465 7850
26836 8677 10900
70889 10554 20010
60335 7439 11715
68554 15824 31648
10554 0 0
1162 49 88
11667 1162 2316
10505 1113 1894
7439 3086 3151
9561 3136 3422
24284 9487 14419
23062 17859 10406
8339 5208 2947
3131 3131 0
9487 4813 6716
1942 720 632
5896 1942 3068
3954 1222 1805
2805 1163 1441
2185 1083 1091
1677 885 838
1480 881 692
31104 26554 7365
37613 30486 10665
26282 23642 4524
23465 21450 3494
34555 31860 5164
240 225 30
2840 76 142
2764 4 8
2760 1092 1240
1924 779 868
1302 661 650
748 106 165
642 54 100
2600 130 248
1092 256 371
779 157 233
661 107 183
950 71 138
950 80 160
950 76 144
950 74 142
79788 48216 31711
79788 51477 30684
79788 55572 29738
79788 59819 26644
138220 32087 48550
138220 103665 69109
32087 22253 12325
9834 9834 0
9834 5504 4415
84064 40861 42975
84064 63048 42031
21016 11182 6946
9834 6970 3741
2864 589 1112
2275 0 0
40861 34692 9784
6169 25 6
6144 3951 2726
2741 548 1026
2193 1657 786
4487 4487 0
5555 1068 1392
4487 1067 1485
3420 1064 1382
2356 1233 940
1123 1123 0
1068 1068 0
14479 4645 4706
9834 2463 3674
7371 2536 3275
4835 2352 2443
2483 2483 0
4645 4645 0
645 645 0
645 469 259
176 176 0
645 0 0
645 469 259
645 645 0
645 469 259
176 0 0
176 176 0
36398 0 0
2338 2145 385
2145 2144 2
4676 0 0
88079 44214 44040
43865 0 0
43865 43865 0
34700 3368 6092
75197 106 210
75091 16565 20504
58526 18029 14106
44214 0 0
44214 0 0
77958 128 254
77830 16659 20983
61171 42656 16599
35302 33744 2872
1558 14 28
4838 261 497
6121 12 24
6109 2332 2675
3777 1283 1537
4500 267 515
7578 11 22
7567 2116 2459
5451 3078 1608
3368 3345 44
36398 1297 2578
35101 35101 0
88079 565 582
87515 65636 43757
56442 20780 31677
35662 34563 2198
20780 0 0
35101 546 1074
34555 8464 12911
81210 55119 39506
26091 395 752
25696 0 0
80533 745 1076
377616 73416 131649
304200 297828 12744
79788 56196 27308
80533 54837 39142
25696 11741 11358
13955 10616 4732
4656 0 0
4656 1317 1848
13955 13955 0
10 10 0
1857 0 0
1857 1857 0
1857 1857 0
207711 187186 10110
207711 207240 941
471 0 0
223733 0 0
2338 1055 212
2338 1333 2010
1005 0 0
1005 456 212
1333 734 212
1867 0 0
1867 1867 0
114761 0 0
116628 0 0
116628 9128 4991
116628 108469 12383
116628 114761 3733
1867 0 0
1867 1005 1723
862 475 210
22665 455 909
29491 22665 10738
6826 6806 40
1005 549 212
34480 549 1097
34480 26608 12358
28628 456 911
28628 22212 10068
24029 387 773
24029 18587 8556
8 8 0
8 8 0
8 8 0
483 8 15
483 8 15
475 449 46
475 474 2
8 8 0
475 8 15
475 0 0
475 0 0
475 0 0
475 56 79
419 0 0
8 0 0
8 0 0
8 0 0
2530 0 0
2530 0 0
2530 0 0
2530 0 0
2530 1900 1184
630 0 0
630 0 0
630 0 0
630 630 0
630 0 0
630 160 272
470 470 0
630 630 0
630 0 0
630 160 272
470 470 0
1900 0 0
1900 1900 0
1900 0 0
1900 1900 0
1900 0 0
1900 0 0
1900 0 0
1900 0 0
1900 1693 413
207 0 0
207 0 0
207 0 0
207 207 0
1900 0 0
1900 1100 536
800 0 0
800 0 0
800 0 0
800 540 520
260 0 0
1900 0 0
1900 1640 520
1900 1900 0
1900 1900 0
1900 0 0
1900 0 0
1900 0 0
1900 1900 0
1900 0 0
1900 1900 0
3012 0 0
3012 1900 938
1112 483 16
629 629 0
629 0 0
2383 0 0
2383 2176 414
207 0 0
207 0 0
207 207 0
2553 0 0
2460 0 0
4636 1506 3003
3130 0 0
3130 0 0
3130 0 0
3130 2168 965
2671 211 422
2460 2184 552
276 276 0
221 221 0
276 221 1
55 0 0
221 0 0
2168 958 974
1210 751 32
459 20 15
459 459 0
1506 0 0
2078 1802 552
276 0 0
276 0 0
276 0 0
276 0 0
276 0 0
276 276 0
10281 0 0
12359 10281 2637
2078 1506 1112
211 0 0
629 629 0
1506 0 0
1506 0 0
1506 0 0
1506 0 0
1506 1230 552
276 276 0
1506 1031 949
475 0 0
1031 0 0
1031 0 0
1031 755 552
276 0 0
276 0 0
276 0 0
3012 0 0
3012 0 0
3012 3012 0
3012 0 0
3012 0 0
3012 3012 0
3012 0 0
3012 0 0
3012 0 0
3012 0 0
2530 0 0
2530 0 0
2530 0 0
2530 2530 0
4239 0 0
4239 0 0
4239 4239 0
4239 0 0
4239 0 0
4239 0 0
55578 51339 8477
2060 1034 970
1026 0 0
1026 942 142
1034 942 142
942 942 0
942 0 0
942 942 0
942 0 0
942 0 0
942 0 0
3012 0 0
