Block 0x0: Count: 167302, Running Total: 167302
Block 0x1: Count: 223733, Running Total: 391035
Block 0x2: Count: 116628, Running Total: 507663
Block 0x3: Count: 276440, Running Total: 784103
Block 0x4: Count: 377616, Running Total: 1161719
Block 0x5: Count: 114761, Running Total: 1276480
Block 0x6: Count: 133468, Running Total: 1409948
Block 0x7: Count: 40351, Running Total: 1450299
Block 0x8: Count: 79788, Running Total: 1530087
Block 0x9: Count: 207711, Running Total: 1737798
Block 0xa: Count: 138220, Running Total: 1876018
Block 0xb: Count: 87515, Running Total: 1963533
Block 0xc: Count: 128925, Running Total: 2092458
Block 0xd: Count: 377616, Running Total: 2470074
Block 0xe: Count: 377616, Running Total: 2847690
Block 0xf: Count: 133466, Running Total: 2981156
Block 0x10: Count: 88079, Running Total: 3069235
Block 0x11: Count: 167302, Running Total: 3236537
Block 0x12: Count: 167072, Running Total: 3403609
Block 0x13: Count: 107500, Running Total: 3511109
Load metaop: *mem-read-1
Load metaop: *mem-read-2
Load metaop: *mem-read-4
Load metaop: *mem-read-8
Load metaop: *mem-read-16
Store metaop: *mem-write-1
Store metaop: *mem-write-2
Store metaop: *mem-write-4
Store metaop: *mem-write-8
Store metaop: *mem-write-16
Xfer metaop: *category-DATAXFER
Unrecognized opcode CDQ, classifying as "other"
Unrecognized opcode CDQE, classifying as "other"
Unrecognized opcode CMOVL, classifying as "other"
Unrecognized opcode CMOVLE, classifying as "other"
Unrecognized opcode CMOVNB, classifying as "other"
Unrecognized opcode CMOVNLE, classifying as "other"
Unrecognized opcode CMOVZ, classifying as "other"
Unrecognized opcode CMPXCHG, classifying as "other"
Unrecognized opcode LDDQU, classifying as "other"
Unrecognized opcode LEAVE, classifying as "other"
Unrecognized opcode NOP, classifying as "other"
Opcode REP_STOSQ has repeat prefix; discarding prefix
Unrecognized opcode SETNBE, classifying as "other"
Unrecognized opcode SETNLE, classifying as "other"
Unrecognized opcode SETNZ, classifying as "other"
Unrecognized opcode SETZ, classifying as "other"
Unrecognized opcode VADDSS, classifying as "other"
Unrecognized opcode VCVTSI2SS, classifying as "other"
Unrecognized opcode VCVTTSS2SI, classifying as "other"
Unrecognized opcode VDIVSS, classifying as "other"
Unrecognized opcode VMOVSS, classifying as "other"
Unrecognized opcode VSUBSS, classifying as "other"
Unrecognized opcode VUCOMISS, classifying as "other"
Unrecognized opcode VXORPS, classifying as "other"
Total metaop: *total

Done parsing file

"Other" ratio: 28.1502716959%
Sum category count: 142030313
Static BBL count: 20

# FINI: end of program
Dynamic Instruction Count = 100101499, Dyn BBL Count = 3511109
<DynInsCount> 100101499
<BBLCount> 3511109
<TotInsCount> 100101499
<IntCount> 39185048
<IntMulCount> 1118621
<IntDivCount> 345903
<FPCount> 0
<FPMulCount> 0
<FPDivCount> 0
<LdCount> 25376297
<StCount> 9516056
<Br/CallCount> 16048484
<CondBrCount> 10457985
<OtherCount> 39981919
<SysCallCount> 0

# END_DYNAMIC_STATS


Saving to file ./pinball_out/t0r5/imix_new.out


