# Mix output version 2
# FINI: end of program
# EMIT_DYNAMIC_STATS FOR TID 1
# instructions = 100101499, basic blocks = 16084513
Local Byte Stride Bucket -256 is equal to 887057
Local Byte Stride Bucket -255 is equal to 6
Local Byte Stride Bucket -254 is equal to 4
Local Byte Stride Bucket -253 is equal to 1
Local Byte Stride Bucket -252 is equal to 6323
Local Byte Stride Bucket -251 is equal to 1
Local Byte Stride Bucket -250 is equal to 5
Local Byte Stride Bucket -249 is equal to 2
Local Byte Stride Bucket -248 is equal to 5524
Local Byte Stride Bucket -247 is equal to 2
Local Byte Stride Bucket -246 is equal to 1
Local Byte Stride Bucket -245 is equal to 1
Local Byte Stride Bucket -244 is equal to 5265
Local Byte Stride Bucket -243 is equal to 4
Local Byte Stride Bucket -242 is equal to 1
Local Byte Stride Bucket -241 is equal to 3
Local Byte Stride Bucket -240 is equal to 6726
Local Byte Stride Bucket -239 is equal to 2
Local Byte Stride Bucket -238 is equal to 7
Local Byte Stride Bucket -237 is equal to 2
Local Byte Stride Bucket -236 is equal to 6663
Local Byte Stride Bucket -234 is equal to 6
Local Byte Stride Bucket -233 is equal to 1
Local Byte Stride Bucket -232 is equal to 6205
Local Byte Stride Bucket -231 is equal to 4
Local Byte Stride Bucket -230 is equal to 10
Local Byte Stride Bucket -229 is equal to 2
Local Byte Stride Bucket -228 is equal to 6738
Local Byte Stride Bucket -227 is equal to 6
Local Byte Stride Bucket -226 is equal to 18
Local Byte Stride Bucket -224 is equal to 203521
Local Byte Stride Bucket -223 is equal to 6
Local Byte Stride Bucket -222 is equal to 28
Local Byte Stride Bucket -221 is equal to 3
Local Byte Stride Bucket -220 is equal to 9103
Local Byte Stride Bucket -219 is equal to 25
Local Byte Stride Bucket -218 is equal to 49
Local Byte Stride Bucket -217 is equal to 8
Local Byte Stride Bucket -216 is equal to 7469
Local Byte Stride Bucket -215 is equal to 31
Local Byte Stride Bucket -214 is equal to 30
Local Byte Stride Bucket -212 is equal to 5865
Local Byte Stride Bucket -211 is equal to 1
Local Byte Stride Bucket -210 is equal to 90
Local Byte Stride Bucket -209 is equal to 1
Local Byte Stride Bucket -208 is equal to 7591
Local Byte Stride Bucket -207 is equal to 10
Local Byte Stride Bucket -206 is equal to 124
Local Byte Stride Bucket -205 is equal to 12
Local Byte Stride Bucket -204 is equal to 7199
Local Byte Stride Bucket -203 is equal to 4
Local Byte Stride Bucket -202 is equal to 153
Local Byte Stride Bucket -201 is equal to 3
Local Byte Stride Bucket -200 is equal to 7192
Local Byte Stride Bucket -199 is equal to 20
Local Byte Stride Bucket -198 is equal to 218
Local Byte Stride Bucket -197 is equal to 7
Local Byte Stride Bucket -196 is equal to 7542
Local Byte Stride Bucket -195 is equal to 1
Local Byte Stride Bucket -194 is equal to 210
Local Byte Stride Bucket -193 is equal to 19
Local Byte Stride Bucket -192 is equal to 16350
Local Byte Stride Bucket -191 is equal to 4
Local Byte Stride Bucket -190 is equal to 1669
Local Byte Stride Bucket -189 is equal to 4
Local Byte Stride Bucket -188 is equal to 9131
Local Byte Stride Bucket -187 is equal to 1
Local Byte Stride Bucket -186 is equal to 2620
Local Byte Stride Bucket -185 is equal to 3
Local Byte Stride Bucket -184 is equal to 10094
Local Byte Stride Bucket -183 is equal to 6
Local Byte Stride Bucket -182 is equal to 3474
Local Byte Stride Bucket -181 is equal to 1
Local Byte Stride Bucket -180 is equal to 12478
Local Byte Stride Bucket -178 is equal to 4834
Local Byte Stride Bucket -177 is equal to 9
Local Byte Stride Bucket -176 is equal to 18773
Local Byte Stride Bucket -175 is equal to 7
Local Byte Stride Bucket -174 is equal to 5913
Local Byte Stride Bucket -173 is equal to 4
Local Byte Stride Bucket -172 is equal to 12702
Local Byte Stride Bucket -171 is equal to 1
Local Byte Stride Bucket -170 is equal to 5041
Local Byte Stride Bucket -168 is equal to 12713
Local Byte Stride Bucket -167 is equal to 4
Local Byte Stride Bucket -166 is equal to 5754
Local Byte Stride Bucket -165 is equal to 1
Local Byte Stride Bucket -164 is equal to 12824
Local Byte Stride Bucket -163 is equal to 1
Local Byte Stride Bucket -162 is equal to 5519
Local Byte Stride Bucket -161 is equal to 2
Local Byte Stride Bucket -160 is equal to 80114
Local Byte Stride Bucket -159 is equal to 2
Local Byte Stride Bucket -158 is equal to 5429
Local Byte Stride Bucket -157 is equal to 3
Local Byte Stride Bucket -156 is equal to 14390
Local Byte Stride Bucket -155 is equal to 10
Local Byte Stride Bucket -154 is equal to 9115
Local Byte Stride Bucket -153 is equal to 1
Local Byte Stride Bucket -152 is equal to 15496
Local Byte Stride Bucket -151 is equal to 12
Local Byte Stride Bucket -150 is equal to 5596
Local Byte Stride Bucket -149 is equal to 9
Local Byte Stride Bucket -148 is equal to 14666
Local Byte Stride Bucket -146 is equal to 6170
Local Byte Stride Bucket -145 is equal to 3
Local Byte Stride Bucket -144 is equal to 18822
Local Byte Stride Bucket -143 is equal to 8
Local Byte Stride Bucket -142 is equal to 7213
Local Byte Stride Bucket -141 is equal to 1
Local Byte Stride Bucket -140 is equal to 21005
Local Byte Stride Bucket -139 is equal to 1
Local Byte Stride Bucket -138 is equal to 7505
Local Byte Stride Bucket -137 is equal to 2
Local Byte Stride Bucket -136 is equal to 21426
Local Byte Stride Bucket -135 is equal to 2
Local Byte Stride Bucket -134 is equal to 10933
Local Byte Stride Bucket -133 is equal to 11
Local Byte Stride Bucket -132 is equal to 30504
Local Byte Stride Bucket -131 is equal to 7
Local Byte Stride Bucket -130 is equal to 8941
Local Byte Stride Bucket -129 is equal to 7
Local Byte Stride Bucket -128 is equal to 37326
Local Byte Stride Bucket -127 is equal to 8
Local Byte Stride Bucket -126 is equal to 9130
Local Byte Stride Bucket -125 is equal to 1
Local Byte Stride Bucket -124 is equal to 17818
Local Byte Stride Bucket -123 is equal to 5
Local Byte Stride Bucket -122 is equal to 7523
Local Byte Stride Bucket -120 is equal to 19526
Local Byte Stride Bucket -118 is equal to 9663
Local Byte Stride Bucket -117 is equal to 1
Local Byte Stride Bucket -116 is equal to 18652
Local Byte Stride Bucket -114 is equal to 9005
Local Byte Stride Bucket -113 is equal to 2
Local Byte Stride Bucket -112 is equal to 18937
Local Byte Stride Bucket -111 is equal to 2
Local Byte Stride Bucket -110 is equal to 14963
Local Byte Stride Bucket -109 is equal to 2
Local Byte Stride Bucket -108 is equal to 20158
Local Byte Stride Bucket -107 is equal to 5
Local Byte Stride Bucket -106 is equal to 9068
Local Byte Stride Bucket -105 is equal to 5
Local Byte Stride Bucket -104 is equal to 20584
Local Byte Stride Bucket -103 is equal to 2
Local Byte Stride Bucket -102 is equal to 10264
Local Byte Stride Bucket -101 is equal to 4
Local Byte Stride Bucket -100 is equal to 25044
Local Byte Stride Bucket -98 is equal to 11579
Local Byte Stride Bucket -97 is equal to 4
Local Byte Stride Bucket -96 is equal to 25190
Local Byte Stride Bucket -95 is equal to 3
Local Byte Stride Bucket -94 is equal to 12075
Local Byte Stride Bucket -93 is equal to 9
Local Byte Stride Bucket -92 is equal to 36645
Local Byte Stride Bucket -91 is equal to 54
Local Byte Stride Bucket -90 is equal to 14649
Local Byte Stride Bucket -89 is equal to 12
Local Byte Stride Bucket -88 is equal to 53507
Local Byte Stride Bucket -87 is equal to 2
Local Byte Stride Bucket -86 is equal to 14224
Local Byte Stride Bucket -85 is equal to 6
Local Byte Stride Bucket -84 is equal to 44587
Local Byte Stride Bucket -83 is equal to 2
Local Byte Stride Bucket -82 is equal to 12112
Local Byte Stride Bucket -81 is equal to 5
Local Byte Stride Bucket -80 is equal to 30131
Local Byte Stride Bucket -79 is equal to 67
Local Byte Stride Bucket -78 is equal to 12497
Local Byte Stride Bucket -77 is equal to 11
Local Byte Stride Bucket -76 is equal to 26631
Local Byte Stride Bucket -75 is equal to 25
Local Byte Stride Bucket -74 is equal to 13870
Local Byte Stride Bucket -73 is equal to 14
Local Byte Stride Bucket -72 is equal to 25819
Local Byte Stride Bucket -71 is equal to 5
Local Byte Stride Bucket -70 is equal to 17285
Local Byte Stride Bucket -69 is equal to 11
Local Byte Stride Bucket -68 is equal to 33563
Local Byte Stride Bucket -67 is equal to 7
Local Byte Stride Bucket -66 is equal to 31723
Local Byte Stride Bucket -65 is equal to 40
Local Byte Stride Bucket -64 is equal to 877525
Local Byte Stride Bucket -63 is equal to 15
Local Byte Stride Bucket -62 is equal to 16494
Local Byte Stride Bucket -61 is equal to 9
Local Byte Stride Bucket -60 is equal to 27233
Local Byte Stride Bucket -59 is equal to 13
Local Byte Stride Bucket -58 is equal to 14802
Local Byte Stride Bucket -57 is equal to 15
Local Byte Stride Bucket -56 is equal to 41542
Local Byte Stride Bucket -55 is equal to 5
Local Byte Stride Bucket -54 is equal to 15047
Local Byte Stride Bucket -53 is equal to 6
Local Byte Stride Bucket -52 is equal to 43118
Local Byte Stride Bucket -51 is equal to 5
Local Byte Stride Bucket -50 is equal to 18971
Local Byte Stride Bucket -49 is equal to 2
Local Byte Stride Bucket -48 is equal to 222579
Local Byte Stride Bucket -47 is equal to 7
Local Byte Stride Bucket -46 is equal to 35016
Local Byte Stride Bucket -45 is equal to 3
Local Byte Stride Bucket -44 is equal to 116252
Local Byte Stride Bucket -43 is equal to 3
Local Byte Stride Bucket -42 is equal to 47848
Local Byte Stride Bucket -41 is equal to 8
Local Byte Stride Bucket -40 is equal to 81925
Local Byte Stride Bucket -39 is equal to 3
Local Byte Stride Bucket -38 is equal to 19260
Local Byte Stride Bucket -37 is equal to 9
Local Byte Stride Bucket -36 is equal to 44247
Local Byte Stride Bucket -35 is equal to 5
Local Byte Stride Bucket -34 is equal to 18074
Local Byte Stride Bucket -33 is equal to 8
Local Byte Stride Bucket -32 is equal to 58458
Local Byte Stride Bucket -31 is equal to 29
Local Byte Stride Bucket -30 is equal to 19538
Local Byte Stride Bucket -29 is equal to 12
Local Byte Stride Bucket -28 is equal to 100105
Local Byte Stride Bucket -27 is equal to 126
Local Byte Stride Bucket -26 is equal to 45339
Local Byte Stride Bucket -25 is equal to 55
Local Byte Stride Bucket -24 is equal to 315345
Local Byte Stride Bucket -23 is equal to 11
Local Byte Stride Bucket -22 is equal to 106747
Local Byte Stride Bucket -21 is equal to 26
Local Byte Stride Bucket -20 is equal to 109655
Local Byte Stride Bucket -19 is equal to 25
Local Byte Stride Bucket -18 is equal to 43288
Local Byte Stride Bucket -17 is equal to 51
Local Byte Stride Bucket -16 is equal to 92747
Local Byte Stride Bucket -15 is equal to 166
Local Byte Stride Bucket -14 is equal to 30642
Local Byte Stride Bucket -13 is equal to 140
Local Byte Stride Bucket -12 is equal to 300561
Local Byte Stride Bucket -11 is equal to 37
Local Byte Stride Bucket -10 is equal to 25700
Local Byte Stride Bucket -9 is equal to 29
Local Byte Stride Bucket -8 is equal to 222553
Local Byte Stride Bucket -7 is equal to 79
Local Byte Stride Bucket -6 is equal to 34549
Local Byte Stride Bucket -5 is equal to 119
Local Byte Stride Bucket -4 is equal to 365441
Local Byte Stride Bucket -3 is equal to 233
Local Byte Stride Bucket -2 is equal to 161036
Local Byte Stride Bucket -1 is equal to 47
Local Byte Stride Bucket 0 is equal to 20882962
Local Byte Stride Bucket 1 is equal to 133
Local Byte Stride Bucket 2 is equal to 318000
Local Byte Stride Bucket 3 is equal to 28
Local Byte Stride Bucket 4 is equal to 2161691
Local Byte Stride Bucket 5 is equal to 82
Local Byte Stride Bucket 6 is equal to 34004
Local Byte Stride Bucket 7 is equal to 21
Local Byte Stride Bucket 8 is equal to 465814
Local Byte Stride Bucket 9 is equal to 33
Local Byte Stride Bucket 10 is equal to 24782
Local Byte Stride Bucket 11 is equal to 55
Local Byte Stride Bucket 12 is equal to 69228
Local Byte Stride Bucket 13 is equal to 84
Local Byte Stride Bucket 14 is equal to 29627
Local Byte Stride Bucket 15 is equal to 11
Local Byte Stride Bucket 16 is equal to 57432
Local Byte Stride Bucket 17 is equal to 28
Local Byte Stride Bucket 18 is equal to 104260
Local Byte Stride Bucket 19 is equal to 7
Local Byte Stride Bucket 20 is equal to 281917
Local Byte Stride Bucket 21 is equal to 31
Local Byte Stride Bucket 22 is equal to 163046
Local Byte Stride Bucket 23 is equal to 18
Local Byte Stride Bucket 24 is equal to 274709
Local Byte Stride Bucket 25 is equal to 16
Local Byte Stride Bucket 26 is equal to 45584
Local Byte Stride Bucket 27 is equal to 11
Local Byte Stride Bucket 28 is equal to 45149
Local Byte Stride Bucket 29 is equal to 18
Local Byte Stride Bucket 30 is equal to 18209
Local Byte Stride Bucket 31 is equal to 11
Local Byte Stride Bucket 32 is equal to 33304
Local Byte Stride Bucket 33 is equal to 4
Local Byte Stride Bucket 34 is equal to 17774
Local Byte Stride Bucket 35 is equal to 6
Local Byte Stride Bucket 36 is equal to 187468
Local Byte Stride Bucket 37 is equal to 7
Local Byte Stride Bucket 38 is equal to 18237
Local Byte Stride Bucket 39 is equal to 1
Local Byte Stride Bucket 40 is equal to 265904
Local Byte Stride Bucket 41 is equal to 132
Local Byte Stride Bucket 42 is equal to 48896
Local Byte Stride Bucket 43 is equal to 3
Local Byte Stride Bucket 44 is equal to 258301
Local Byte Stride Bucket 45 is equal to 4
Local Byte Stride Bucket 46 is equal to 33158
Local Byte Stride Bucket 47 is equal to 6
Local Byte Stride Bucket 48 is equal to 205251
Local Byte Stride Bucket 49 is equal to 9
Local Byte Stride Bucket 50 is equal to 16423
Local Byte Stride Bucket 51 is equal to 7
Local Byte Stride Bucket 52 is equal to 39246
Local Byte Stride Bucket 53 is equal to 112
Local Byte Stride Bucket 54 is equal to 13854
Local Byte Stride Bucket 55 is equal to 6
Local Byte Stride Bucket 56 is equal to 35989
Local Byte Stride Bucket 57 is equal to 49
Local Byte Stride Bucket 58 is equal to 13976
Local Byte Stride Bucket 59 is equal to 6
Local Byte Stride Bucket 60 is equal to 25214
Local Byte Stride Bucket 61 is equal to 8
Local Byte Stride Bucket 62 is equal to 15952
Local Byte Stride Bucket 63 is equal to 18
Local Byte Stride Bucket 64 is equal to 635134
Local Byte Stride Bucket 65 is equal to 105
Local Byte Stride Bucket 66 is equal to 27865
Local Byte Stride Bucket 67 is equal to 8
Local Byte Stride Bucket 68 is equal to 30338
Local Byte Stride Bucket 69 is equal to 47
Local Byte Stride Bucket 70 is equal to 14712
Local Byte Stride Bucket 71 is equal to 5
Local Byte Stride Bucket 72 is equal to 27539
Local Byte Stride Bucket 73 is equal to 14
Local Byte Stride Bucket 74 is equal to 13171
Local Byte Stride Bucket 75 is equal to 1
Local Byte Stride Bucket 76 is equal to 24271
Local Byte Stride Bucket 77 is equal to 1
Local Byte Stride Bucket 78 is equal to 11720
Local Byte Stride Bucket 79 is equal to 10
Local Byte Stride Bucket 80 is equal to 31546
Local Byte Stride Bucket 81 is equal to 3
Local Byte Stride Bucket 82 is equal to 12162
Local Byte Stride Bucket 83 is equal to 2
Local Byte Stride Bucket 84 is equal to 44356
Local Byte Stride Bucket 85 is equal to 43
Local Byte Stride Bucket 86 is equal to 14624
Local Byte Stride Bucket 87 is equal to 1
Local Byte Stride Bucket 88 is equal to 61051
Local Byte Stride Bucket 89 is equal to 8
Local Byte Stride Bucket 90 is equal to 14346
Local Byte Stride Bucket 91 is equal to 3
Local Byte Stride Bucket 92 is equal to 33298
Local Byte Stride Bucket 93 is equal to 9
Local Byte Stride Bucket 94 is equal to 11936
Local Byte Stride Bucket 95 is equal to 1
Local Byte Stride Bucket 96 is equal to 22774
Local Byte Stride Bucket 97 is equal to 5
Local Byte Stride Bucket 98 is equal to 11195
Local Byte Stride Bucket 99 is equal to 3
Local Byte Stride Bucket 100 is equal to 19063
Local Byte Stride Bucket 101 is equal to 5
Local Byte Stride Bucket 102 is equal to 9787
Local Byte Stride Bucket 103 is equal to 3
Local Byte Stride Bucket 104 is equal to 22857
Local Byte Stride Bucket 105 is equal to 3
Local Byte Stride Bucket 106 is equal to 8642
Local Byte Stride Bucket 107 is equal to 7
Local Byte Stride Bucket 108 is equal to 17790
Local Byte Stride Bucket 109 is equal to 2
Local Byte Stride Bucket 110 is equal to 14621
Local Byte Stride Bucket 111 is equal to 15
Local Byte Stride Bucket 112 is equal to 18678
Local Byte Stride Bucket 113 is equal to 3
Local Byte Stride Bucket 114 is equal to 8147
Local Byte Stride Bucket 115 is equal to 2
Local Byte Stride Bucket 116 is equal to 17489
Local Byte Stride Bucket 117 is equal to 4
Local Byte Stride Bucket 118 is equal to 9612
Local Byte Stride Bucket 119 is equal to 2
Local Byte Stride Bucket 120 is equal to 17860
Local Byte Stride Bucket 121 is equal to 2
Local Byte Stride Bucket 122 is equal to 7519
Local Byte Stride Bucket 123 is equal to 2
Local Byte Stride Bucket 124 is equal to 16145
Local Byte Stride Bucket 126 is equal to 8702
Local Byte Stride Bucket 127 is equal to 12
Local Byte Stride Bucket 128 is equal to 51335
Local Byte Stride Bucket 129 is equal to 6
Local Byte Stride Bucket 130 is equal to 7960
Local Byte Stride Bucket 131 is equal to 5
Local Byte Stride Bucket 132 is equal to 26198
Local Byte Stride Bucket 133 is equal to 7
Local Byte Stride Bucket 134 is equal to 8129
Local Byte Stride Bucket 135 is equal to 1
Local Byte Stride Bucket 136 is equal to 16215
Local Byte Stride Bucket 137 is equal to 1
Local Byte Stride Bucket 138 is equal to 7314
Local Byte Stride Bucket 140 is equal to 14708
Local Byte Stride Bucket 142 is equal to 6476
Local Byte Stride Bucket 143 is equal to 14
Local Byte Stride Bucket 144 is equal to 15172
Local Byte Stride Bucket 145 is equal to 1
Local Byte Stride Bucket 146 is equal to 5496
Local Byte Stride Bucket 147 is equal to 1
Local Byte Stride Bucket 148 is equal to 13067
Local Byte Stride Bucket 149 is equal to 65
Local Byte Stride Bucket 150 is equal to 5014
Local Byte Stride Bucket 151 is equal to 15
Local Byte Stride Bucket 152 is equal to 14071
Local Byte Stride Bucket 153 is equal to 3
Local Byte Stride Bucket 154 is equal to 7298
Local Byte Stride Bucket 155 is equal to 6
Local Byte Stride Bucket 156 is equal to 12810
Local Byte Stride Bucket 158 is equal to 4741
Local Byte Stride Bucket 159 is equal to 3
Local Byte Stride Bucket 160 is equal to 82641
Local Byte Stride Bucket 161 is equal to 3
Local Byte Stride Bucket 162 is equal to 4868
Local Byte Stride Bucket 163 is equal to 4
Local Byte Stride Bucket 164 is equal to 14259
Local Byte Stride Bucket 165 is equal to 6
Local Byte Stride Bucket 166 is equal to 4427
Local Byte Stride Bucket 167 is equal to 3
Local Byte Stride Bucket 168 is equal to 10997
Local Byte Stride Bucket 169 is equal to 1
Local Byte Stride Bucket 170 is equal to 3818
Local Byte Stride Bucket 171 is equal to 2
Local Byte Stride Bucket 172 is equal to 11526
Local Byte Stride Bucket 174 is equal to 4642
Local Byte Stride Bucket 175 is equal to 2
Local Byte Stride Bucket 176 is equal to 16877
Local Byte Stride Bucket 177 is equal to 3
Local Byte Stride Bucket 178 is equal to 3749
Local Byte Stride Bucket 179 is equal to 1
Local Byte Stride Bucket 180 is equal to 10134
Local Byte Stride Bucket 181 is equal to 2
Local Byte Stride Bucket 182 is equal to 2490
Local Byte Stride Bucket 183 is equal to 6
Local Byte Stride Bucket 184 is equal to 8579
Local Byte Stride Bucket 185 is equal to 4
Local Byte Stride Bucket 186 is equal to 1822
Local Byte Stride Bucket 187 is equal to 1
Local Byte Stride Bucket 188 is equal to 8538
Local Byte Stride Bucket 189 is equal to 1
Local Byte Stride Bucket 190 is equal to 1238
Local Byte Stride Bucket 191 is equal to 7
Local Byte Stride Bucket 192 is equal to 6970
Local Byte Stride Bucket 193 is equal to 17
Local Byte Stride Bucket 194 is equal to 1
Local Byte Stride Bucket 195 is equal to 4
Local Byte Stride Bucket 196 is equal to 6987
Local Byte Stride Bucket 197 is equal to 1
Local Byte Stride Bucket 200 is equal to 6504
Local Byte Stride Bucket 201 is equal to 1
Local Byte Stride Bucket 202 is equal to 2
Local Byte Stride Bucket 204 is equal to 6561
Local Byte Stride Bucket 205 is equal to 6
Local Byte Stride Bucket 206 is equal to 2
Local Byte Stride Bucket 207 is equal to 4
Local Byte Stride Bucket 208 is equal to 6749
Local Byte Stride Bucket 209 is equal to 1
Local Byte Stride Bucket 210 is equal to 2
Local Byte Stride Bucket 211 is equal to 3
Local Byte Stride Bucket 212 is equal to 5340
Local Byte Stride Bucket 213 is equal to 1
Local Byte Stride Bucket 214 is equal to 2
Local Byte Stride Bucket 216 is equal to 5910
Local Byte Stride Bucket 217 is equal to 1
Local Byte Stride Bucket 218 is equal to 3
Local Byte Stride Bucket 219 is equal to 1
Local Byte Stride Bucket 220 is equal to 8888
Local Byte Stride Bucket 221 is equal to 2
Local Byte Stride Bucket 222 is equal to 1
Local Byte Stride Bucket 223 is equal to 3
Local Byte Stride Bucket 224 is equal to 141207
Local Byte Stride Bucket 225 is equal to 1
Local Byte Stride Bucket 226 is equal to 3
Local Byte Stride Bucket 227 is equal to 1
Local Byte Stride Bucket 228 is equal to 5025
Local Byte Stride Bucket 229 is equal to 4
Local Byte Stride Bucket 230 is equal to 3
Local Byte Stride Bucket 232 is equal to 5543
Local Byte Stride Bucket 234 is equal to 2
Local Byte Stride Bucket 235 is equal to 1
Local Byte Stride Bucket 236 is equal to 6013
Local Byte Stride Bucket 237 is equal to 5
Local Byte Stride Bucket 238 is equal to 21
Local Byte Stride Bucket 239 is equal to 4
Local Byte Stride Bucket 240 is equal to 13544
Local Byte Stride Bucket 241 is equal to 6
Local Byte Stride Bucket 242 is equal to 1
Local Byte Stride Bucket 243 is equal to 3
Local Byte Stride Bucket 244 is equal to 4888
Local Byte Stride Bucket 245 is equal to 2
Local Byte Stride Bucket 246 is equal to 2
Local Byte Stride Bucket 247 is equal to 3
Local Byte Stride Bucket 248 is equal to 5012
Local Byte Stride Bucket 249 is equal to 3
Local Byte Stride Bucket 250 is equal to 6
Local Byte Stride Bucket 252 is equal to 5642
Local Byte Stride Bucket 253 is equal to 5
Local Byte Stride Bucket 254 is equal to 3
Local Byte Stride Bucket 255 is equal to 3
Local Byte Stride Bucket 256 is equal to 855568

Local Cache Stride Bucket -256 is equal to 210961
Local Cache Stride Bucket -255 is equal to 52
Local Cache Stride Bucket -254 is equal to 35
Local Cache Stride Bucket -253 is equal to 35
Local Cache Stride Bucket -252 is equal to 199
Local Cache Stride Bucket -251 is equal to 35
Local Cache Stride Bucket -250 is equal to 33
Local Cache Stride Bucket -249 is equal to 24
Local Cache Stride Bucket -248 is equal to 42
Local Cache Stride Bucket -247 is equal to 60
Local Cache Stride Bucket -246 is equal to 29
Local Cache Stride Bucket -245 is equal to 39
Local Cache Stride Bucket -244 is equal to 95
Local Cache Stride Bucket -243 is equal to 126
Local Cache Stride Bucket -242 is equal to 79
Local Cache Stride Bucket -241 is equal to 38
Local Cache Stride Bucket -240 is equal to 104
Local Cache Stride Bucket -239 is equal to 55
Local Cache Stride Bucket -238 is equal to 87
Local Cache Stride Bucket -237 is equal to 61
Local Cache Stride Bucket -236 is equal to 33
Local Cache Stride Bucket -235 is equal to 54
Local Cache Stride Bucket -234 is equal to 37
Local Cache Stride Bucket -233 is equal to 51
Local Cache Stride Bucket -232 is equal to 39
Local Cache Stride Bucket -231 is equal to 37
Local Cache Stride Bucket -230 is equal to 65
Local Cache Stride Bucket -229 is equal to 119
Local Cache Stride Bucket -228 is equal to 131
Local Cache Stride Bucket -227 is equal to 63
Local Cache Stride Bucket -226 is equal to 287
Local Cache Stride Bucket -225 is equal to 26
Local Cache Stride Bucket -224 is equal to 202
Local Cache Stride Bucket -223 is equal to 34
Local Cache Stride Bucket -222 is equal to 52
Local Cache Stride Bucket -221 is equal to 32
Local Cache Stride Bucket -220 is equal to 3911
Local Cache Stride Bucket -219 is equal to 35
Local Cache Stride Bucket -218 is equal to 28
Local Cache Stride Bucket -217 is equal to 24
Local Cache Stride Bucket -216 is equal to 34
Local Cache Stride Bucket -215 is equal to 21
Local Cache Stride Bucket -214 is equal to 18
Local Cache Stride Bucket -213 is equal to 15
Local Cache Stride Bucket -212 is equal to 49
Local Cache Stride Bucket -211 is equal to 24
Local Cache Stride Bucket -210 is equal to 39
Local Cache Stride Bucket -209 is equal to 24
Local Cache Stride Bucket -208 is equal to 60
Local Cache Stride Bucket -207 is equal to 15
Local Cache Stride Bucket -206 is equal to 35
Local Cache Stride Bucket -205 is equal to 43
Local Cache Stride Bucket -204 is equal to 16
Local Cache Stride Bucket -203 is equal to 34
Local Cache Stride Bucket -202 is equal to 33
Local Cache Stride Bucket -201 is equal to 60
Local Cache Stride Bucket -200 is equal to 49
Local Cache Stride Bucket -199 is equal to 21
Local Cache Stride Bucket -198 is equal to 17
Local Cache Stride Bucket -197 is equal to 46
Local Cache Stride Bucket -196 is equal to 42
Local Cache Stride Bucket -195 is equal to 20
Local Cache Stride Bucket -194 is equal to 39
Local Cache Stride Bucket -193 is equal to 34
Local Cache Stride Bucket -192 is equal to 238
Local Cache Stride Bucket -191 is equal to 32
Local Cache Stride Bucket -190 is equal to 28
Local Cache Stride Bucket -189 is equal to 19
Local Cache Stride Bucket -188 is equal to 74
Local Cache Stride Bucket -187 is equal to 30
Local Cache Stride Bucket -186 is equal to 22
Local Cache Stride Bucket -185 is equal to 79
Local Cache Stride Bucket -184 is equal to 54
Local Cache Stride Bucket -183 is equal to 179
Local Cache Stride Bucket -182 is equal to 130
Local Cache Stride Bucket -181 is equal to 226
Local Cache Stride Bucket -180 is equal to 29
Local Cache Stride Bucket -179 is equal to 56
Local Cache Stride Bucket -178 is equal to 46
Local Cache Stride Bucket -177 is equal to 28
Local Cache Stride Bucket -176 is equal to 63
Local Cache Stride Bucket -175 is equal to 224
Local Cache Stride Bucket -174 is equal to 83
Local Cache Stride Bucket -173 is equal to 31
Local Cache Stride Bucket -172 is equal to 25
Local Cache Stride Bucket -171 is equal to 30
Local Cache Stride Bucket -170 is equal to 40
Local Cache Stride Bucket -169 is equal to 27
Local Cache Stride Bucket -168 is equal to 58
Local Cache Stride Bucket -167 is equal to 102
Local Cache Stride Bucket -166 is equal to 30
Local Cache Stride Bucket -165 is equal to 45
Local Cache Stride Bucket -164 is equal to 26
Local Cache Stride Bucket -163 is equal to 21
Local Cache Stride Bucket -162 is equal to 88
Local Cache Stride Bucket -161 is equal to 40
Local Cache Stride Bucket -160 is equal to 73
Local Cache Stride Bucket -159 is equal to 56
Local Cache Stride Bucket -158 is equal to 33
Local Cache Stride Bucket -157 is equal to 56
Local Cache Stride Bucket -156 is equal to 42
Local Cache Stride Bucket -155 is equal to 34
Local Cache Stride Bucket -154 is equal to 46
Local Cache Stride Bucket -153 is equal to 33
Local Cache Stride Bucket -152 is equal to 49
Local Cache Stride Bucket -151 is equal to 56
Local Cache Stride Bucket -150 is equal to 38
Local Cache Stride Bucket -149 is equal to 38
Local Cache Stride Bucket -148 is equal to 57
Local Cache Stride Bucket -147 is equal to 58
Local Cache Stride Bucket -146 is equal to 48
Local Cache Stride Bucket -145 is equal to 82
Local Cache Stride Bucket -144 is equal to 49
Local Cache Stride Bucket -143 is equal to 52
Local Cache Stride Bucket -142 is equal to 21
Local Cache Stride Bucket -141 is equal to 41
Local Cache Stride Bucket -140 is equal to 32
Local Cache Stride Bucket -139 is equal to 36
Local Cache Stride Bucket -138 is equal to 30
Local Cache Stride Bucket -137 is equal to 40
Local Cache Stride Bucket -136 is equal to 58
Local Cache Stride Bucket -135 is equal to 30
Local Cache Stride Bucket -134 is equal to 33
Local Cache Stride Bucket -133 is equal to 45
Local Cache Stride Bucket -132 is equal to 63
Local Cache Stride Bucket -131 is equal to 54
Local Cache Stride Bucket -130 is equal to 165
Local Cache Stride Bucket -129 is equal to 3838
Local Cache Stride Bucket -128 is equal to 4151
Local Cache Stride Bucket -127 is equal to 64
Local Cache Stride Bucket -126 is equal to 248
Local Cache Stride Bucket -125 is equal to 720
Local Cache Stride Bucket -124 is equal to 579
Local Cache Stride Bucket -123 is equal to 222
Local Cache Stride Bucket -122 is equal to 356
Local Cache Stride Bucket -121 is equal to 854
Local Cache Stride Bucket -120 is equal to 194
Local Cache Stride Bucket -119 is equal to 385
Local Cache Stride Bucket -118 is equal to 1007
Local Cache Stride Bucket -117 is equal to 2876
Local Cache Stride Bucket -116 is equal to 29
Local Cache Stride Bucket -115 is equal to 43
Local Cache Stride Bucket -114 is equal to 58
Local Cache Stride Bucket -113 is equal to 42
Local Cache Stride Bucket -112 is equal to 251
Local Cache Stride Bucket -111 is equal to 117
Local Cache Stride Bucket -110 is equal to 1762
Local Cache Stride Bucket -109 is equal to 80
Local Cache Stride Bucket -108 is equal to 3915
Local Cache Stride Bucket -107 is equal to 112
Local Cache Stride Bucket -106 is equal to 54
Local Cache Stride Bucket -105 is equal to 48
Local Cache Stride Bucket -104 is equal to 44
Local Cache Stride Bucket -103 is equal to 60
Local Cache Stride Bucket -102 is equal to 56
Local Cache Stride Bucket -101 is equal to 69
Local Cache Stride Bucket -100 is equal to 47
Local Cache Stride Bucket -99 is equal to 37
Local Cache Stride Bucket -98 is equal to 68
Local Cache Stride Bucket -97 is equal to 88
Local Cache Stride Bucket -96 is equal to 310
Local Cache Stride Bucket -95 is equal to 53
Local Cache Stride Bucket -94 is equal to 88
Local Cache Stride Bucket -93 is equal to 77
Local Cache Stride Bucket -92 is equal to 105
Local Cache Stride Bucket -91 is equal to 54
Local Cache Stride Bucket -90 is equal to 54
Local Cache Stride Bucket -89 is equal to 55
Local Cache Stride Bucket -88 is equal to 65
Local Cache Stride Bucket -87 is equal to 145
Local Cache Stride Bucket -86 is equal to 31
Local Cache Stride Bucket -85 is equal to 136
Local Cache Stride Bucket -84 is equal to 36
Local Cache Stride Bucket -83 is equal to 45
Local Cache Stride Bucket -82 is equal to 167
Local Cache Stride Bucket -81 is equal to 109
Local Cache Stride Bucket -80 is equal to 4072
Local Cache Stride Bucket -79 is equal to 72
Local Cache Stride Bucket -78 is equal to 82
Local Cache Stride Bucket -77 is equal to 150
Local Cache Stride Bucket -76 is equal to 244
Local Cache Stride Bucket -75 is equal to 183
Local Cache Stride Bucket -74 is equal to 62
Local Cache Stride Bucket -73 is equal to 65
Local Cache Stride Bucket -72 is equal to 74
Local Cache Stride Bucket -71 is equal to 146
Local Cache Stride Bucket -70 is equal to 136
Local Cache Stride Bucket -69 is equal to 151
Local Cache Stride Bucket -68 is equal to 124
Local Cache Stride Bucket -67 is equal to 91
Local Cache Stride Bucket -66 is equal to 77
Local Cache Stride Bucket -65 is equal to 245
Local Cache Stride Bucket -64 is equal to 391
Local Cache Stride Bucket -63 is equal to 1255
Local Cache Stride Bucket -62 is equal to 4293
Local Cache Stride Bucket -61 is equal to 13315
Local Cache Stride Bucket -60 is equal to 1417
Local Cache Stride Bucket -59 is equal to 1303
Local Cache Stride Bucket -58 is equal to 72
Local Cache Stride Bucket -57 is equal to 89
Local Cache Stride Bucket -56 is equal to 138
Local Cache Stride Bucket -55 is equal to 110
Local Cache Stride Bucket -54 is equal to 93
Local Cache Stride Bucket -53 is equal to 75
Local Cache Stride Bucket -52 is equal to 89
Local Cache Stride Bucket -51 is equal to 88
Local Cache Stride Bucket -50 is equal to 425
Local Cache Stride Bucket -49 is equal to 72
Local Cache Stride Bucket -48 is equal to 261
Local Cache Stride Bucket -47 is equal to 222
Local Cache Stride Bucket -46 is equal to 71
Local Cache Stride Bucket -45 is equal to 50
Local Cache Stride Bucket -44 is equal to 2838
Local Cache Stride Bucket -43 is equal to 2377
Local Cache Stride Bucket -42 is equal to 20
Local Cache Stride Bucket -41 is equal to 26
Local Cache Stride Bucket -40 is equal to 57
Local Cache Stride Bucket -39 is equal to 32
Local Cache Stride Bucket -38 is equal to 64
Local Cache Stride Bucket -37 is equal to 53
Local Cache Stride Bucket -36 is equal to 22
Local Cache Stride Bucket -35 is equal to 58
Local Cache Stride Bucket -34 is equal to 642
Local Cache Stride Bucket -33 is equal to 88
Local Cache Stride Bucket -32 is equal to 309
Local Cache Stride Bucket -31 is equal to 197
Local Cache Stride Bucket -30 is equal to 252
Local Cache Stride Bucket -29 is equal to 202
Local Cache Stride Bucket -28 is equal to 103
Local Cache Stride Bucket -27 is equal to 61
Local Cache Stride Bucket -26 is equal to 718
Local Cache Stride Bucket -25 is equal to 801
Local Cache Stride Bucket -24 is equal to 2167
Local Cache Stride Bucket -23 is equal to 580
Local Cache Stride Bucket -22 is equal to 413
Local Cache Stride Bucket -21 is equal to 6797
Local Cache Stride Bucket -20 is equal to 1432
Local Cache Stride Bucket -19 is equal to 95
Local Cache Stride Bucket -18 is equal to 2492
Local Cache Stride Bucket -17 is equal to 2721
Local Cache Stride Bucket -16 is equal to 624
Local Cache Stride Bucket -15 is equal to 938
Local Cache Stride Bucket -14 is equal to 33500
Local Cache Stride Bucket -13 is equal to 107821
Local Cache Stride Bucket -12 is equal to 121530
Local Cache Stride Bucket -11 is equal to 81856
Local Cache Stride Bucket -10 is equal to 7111
Local Cache Stride Bucket -9 is equal to 1373
Local Cache Stride Bucket -8 is equal to 11034
Local Cache Stride Bucket -7 is equal to 11946
Local Cache Stride Bucket -6 is equal to 41192
Local Cache Stride Bucket -5 is equal to 109270
Local Cache Stride Bucket -4 is equal to 207366
Local Cache Stride Bucket -3 is equal to 331213
Local Cache Stride Bucket -2 is equal to 536308
Local Cache Stride Bucket -1 is equal to 2336730
Local Cache Stride Bucket 0 is equal to 26425349
Local Cache Stride Bucket 1 is equal to 2465476
Local Cache Stride Bucket 2 is equal to 509834
Local Cache Stride Bucket 3 is equal to 276025
Local Cache Stride Bucket 4 is equal to 168450
Local Cache Stride Bucket 5 is equal to 71371
Local Cache Stride Bucket 6 is equal to 24088
Local Cache Stride Bucket 7 is equal to 16436
Local Cache Stride Bucket 8 is equal to 422
Local Cache Stride Bucket 9 is equal to 268
Local Cache Stride Bucket 10 is equal to 13500
Local Cache Stride Bucket 11 is equal to 93447
Local Cache Stride Bucket 12 is equal to 123714
Local Cache Stride Bucket 13 is equal to 110517
Local Cache Stride Bucket 14 is equal to 68381
Local Cache Stride Bucket 15 is equal to 199
Local Cache Stride Bucket 16 is equal to 367
Local Cache Stride Bucket 17 is equal to 3438
Local Cache Stride Bucket 18 is equal to 3490
Local Cache Stride Bucket 19 is equal to 249
Local Cache Stride Bucket 20 is equal to 263
Local Cache Stride Bucket 21 is equal to 409
Local Cache Stride Bucket 22 is equal to 1034
Local Cache Stride Bucket 23 is equal to 2297
Local Cache Stride Bucket 24 is equal to 390
Local Cache Stride Bucket 25 is equal to 130
Local Cache Stride Bucket 26 is equal to 8750
Local Cache Stride Bucket 27 is equal to 2911
Local Cache Stride Bucket 28 is equal to 4753
Local Cache Stride Bucket 29 is equal to 947
Local Cache Stride Bucket 30 is equal to 1219
Local Cache Stride Bucket 31 is equal to 92
Local Cache Stride Bucket 32 is equal to 246
Local Cache Stride Bucket 33 is equal to 238
Local Cache Stride Bucket 34 is equal to 150
Local Cache Stride Bucket 35 is equal to 54
Local Cache Stride Bucket 36 is equal to 30
Local Cache Stride Bucket 37 is equal to 50
Local Cache Stride Bucket 38 is equal to 42
Local Cache Stride Bucket 39 is equal to 30
Local Cache Stride Bucket 40 is equal to 45
Local Cache Stride Bucket 41 is equal to 70
Local Cache Stride Bucket 42 is equal to 30
Local Cache Stride Bucket 43 is equal to 2399
Local Cache Stride Bucket 44 is equal to 2378
Local Cache Stride Bucket 45 is equal to 249
Local Cache Stride Bucket 46 is equal to 555
Local Cache Stride Bucket 47 is equal to 95
Local Cache Stride Bucket 48 is equal to 98
Local Cache Stride Bucket 49 is equal to 72
Local Cache Stride Bucket 50 is equal to 76
Local Cache Stride Bucket 51 is equal to 471
Local Cache Stride Bucket 52 is equal to 188
Local Cache Stride Bucket 53 is equal to 78
Local Cache Stride Bucket 54 is equal to 57
Local Cache Stride Bucket 55 is equal to 184
Local Cache Stride Bucket 56 is equal to 98
Local Cache Stride Bucket 57 is equal to 85
Local Cache Stride Bucket 58 is equal to 865
Local Cache Stride Bucket 59 is equal to 371
Local Cache Stride Bucket 60 is equal to 161
Local Cache Stride Bucket 61 is equal to 5055
Local Cache Stride Bucket 62 is equal to 351
Local Cache Stride Bucket 63 is equal to 149
Local Cache Stride Bucket 64 is equal to 256
Local Cache Stride Bucket 65 is equal to 112
Local Cache Stride Bucket 66 is equal to 40
Local Cache Stride Bucket 67 is equal to 36
Local Cache Stride Bucket 68 is equal to 74
Local Cache Stride Bucket 69 is equal to 55
Local Cache Stride Bucket 70 is equal to 32
Local Cache Stride Bucket 71 is equal to 44
Local Cache Stride Bucket 72 is equal to 44
Local Cache Stride Bucket 73 is equal to 41
Local Cache Stride Bucket 74 is equal to 38
Local Cache Stride Bucket 75 is equal to 222
Local Cache Stride Bucket 76 is equal to 95
Local Cache Stride Bucket 77 is equal to 94
Local Cache Stride Bucket 78 is equal to 49
Local Cache Stride Bucket 79 is equal to 35
Local Cache Stride Bucket 80 is equal to 189
Local Cache Stride Bucket 81 is equal to 137
Local Cache Stride Bucket 82 is equal to 54
Local Cache Stride Bucket 83 is equal to 39
Local Cache Stride Bucket 84 is equal to 30
Local Cache Stride Bucket 85 is equal to 73
Local Cache Stride Bucket 86 is equal to 511
Local Cache Stride Bucket 87 is equal to 30
Local Cache Stride Bucket 88 is equal to 44
Local Cache Stride Bucket 89 is equal to 111
Local Cache Stride Bucket 90 is equal to 39
Local Cache Stride Bucket 91 is equal to 59
Local Cache Stride Bucket 92 is equal to 134
Local Cache Stride Bucket 93 is equal to 102
Local Cache Stride Bucket 94 is equal to 130
Local Cache Stride Bucket 95 is equal to 54
Local Cache Stride Bucket 96 is equal to 147
Local Cache Stride Bucket 97 is equal to 98
Local Cache Stride Bucket 98 is equal to 85
Local Cache Stride Bucket 99 is equal to 112
Local Cache Stride Bucket 100 is equal to 38
Local Cache Stride Bucket 101 is equal to 44
Local Cache Stride Bucket 102 is equal to 115
Local Cache Stride Bucket 103 is equal to 34
Local Cache Stride Bucket 104 is equal to 35
Local Cache Stride Bucket 105 is equal to 123
Local Cache Stride Bucket 106 is equal to 47
Local Cache Stride Bucket 107 is equal to 81
Local Cache Stride Bucket 108 is equal to 60
Local Cache Stride Bucket 109 is equal to 90
Local Cache Stride Bucket 110 is equal to 1745
Local Cache Stride Bucket 111 is equal to 76
Local Cache Stride Bucket 112 is equal to 71
Local Cache Stride Bucket 113 is equal to 3969
Local Cache Stride Bucket 114 is equal to 88
Local Cache Stride Bucket 115 is equal to 67
Local Cache Stride Bucket 116 is equal to 53
Local Cache Stride Bucket 117 is equal to 85
Local Cache Stride Bucket 118 is equal to 55
Local Cache Stride Bucket 119 is equal to 237
Local Cache Stride Bucket 120 is equal to 2590
Local Cache Stride Bucket 121 is equal to 789
Local Cache Stride Bucket 122 is equal to 1061
Local Cache Stride Bucket 123 is equal to 943
Local Cache Stride Bucket 124 is equal to 307
Local Cache Stride Bucket 125 is equal to 215
Local Cache Stride Bucket 126 is equal to 99
Local Cache Stride Bucket 127 is equal to 80
Local Cache Stride Bucket 128 is equal to 296
Local Cache Stride Bucket 129 is equal to 74
Local Cache Stride Bucket 130 is equal to 121
Local Cache Stride Bucket 131 is equal to 61
Local Cache Stride Bucket 132 is equal to 48
Local Cache Stride Bucket 133 is equal to 59
Local Cache Stride Bucket 134 is equal to 26
Local Cache Stride Bucket 135 is equal to 52
Local Cache Stride Bucket 136 is equal to 44
Local Cache Stride Bucket 137 is equal to 36
Local Cache Stride Bucket 138 is equal to 31
Local Cache Stride Bucket 139 is equal to 15
Local Cache Stride Bucket 140 is equal to 31
Local Cache Stride Bucket 141 is equal to 45
Local Cache Stride Bucket 142 is equal to 36
Local Cache Stride Bucket 143 is equal to 67
Local Cache Stride Bucket 144 is equal to 70
Local Cache Stride Bucket 145 is equal to 79
Local Cache Stride Bucket 146 is equal to 41
Local Cache Stride Bucket 147 is equal to 45
Local Cache Stride Bucket 148 is equal to 47
Local Cache Stride Bucket 149 is equal to 30
Local Cache Stride Bucket 150 is equal to 34
Local Cache Stride Bucket 151 is equal to 53
Local Cache Stride Bucket 152 is equal to 32
Local Cache Stride Bucket 153 is equal to 64
Local Cache Stride Bucket 154 is equal to 28
Local Cache Stride Bucket 155 is equal to 45
Local Cache Stride Bucket 156 is equal to 39
Local Cache Stride Bucket 157 is equal to 47
Local Cache Stride Bucket 158 is equal to 68
Local Cache Stride Bucket 159 is equal to 42
Local Cache Stride Bucket 160 is equal to 88
Local Cache Stride Bucket 161 is equal to 37
Local Cache Stride Bucket 162 is equal to 58
Local Cache Stride Bucket 163 is equal to 30
Local Cache Stride Bucket 164 is equal to 65
Local Cache Stride Bucket 165 is equal to 19
Local Cache Stride Bucket 166 is equal to 75
Local Cache Stride Bucket 167 is equal to 45
Local Cache Stride Bucket 168 is equal to 68
Local Cache Stride Bucket 169 is equal to 41
Local Cache Stride Bucket 170 is equal to 28
Local Cache Stride Bucket 171 is equal to 56
Local Cache Stride Bucket 172 is equal to 24
Local Cache Stride Bucket 173 is equal to 31
Local Cache Stride Bucket 174 is equal to 23
Local Cache Stride Bucket 175 is equal to 46
Local Cache Stride Bucket 176 is equal to 34
Local Cache Stride Bucket 177 is equal to 38
Local Cache Stride Bucket 178 is equal to 34
Local Cache Stride Bucket 179 is equal to 72
Local Cache Stride Bucket 180 is equal to 83
Local Cache Stride Bucket 181 is equal to 64
Local Cache Stride Bucket 182 is equal to 62
Local Cache Stride Bucket 183 is equal to 89
Local Cache Stride Bucket 184 is equal to 68
Local Cache Stride Bucket 185 is equal to 39
Local Cache Stride Bucket 186 is equal to 27
Local Cache Stride Bucket 187 is equal to 72
Local Cache Stride Bucket 188 is equal to 39
Local Cache Stride Bucket 189 is equal to 24
Local Cache Stride Bucket 190 is equal to 24
Local Cache Stride Bucket 191 is equal to 38
Local Cache Stride Bucket 192 is equal to 79
Local Cache Stride Bucket 193 is equal to 16
Local Cache Stride Bucket 194 is equal to 24
Local Cache Stride Bucket 195 is equal to 22
Local Cache Stride Bucket 196 is equal to 37
Local Cache Stride Bucket 197 is equal to 28
Local Cache Stride Bucket 198 is equal to 22
Local Cache Stride Bucket 199 is equal to 29
Local Cache Stride Bucket 200 is equal to 63
Local Cache Stride Bucket 201 is equal to 42
Local Cache Stride Bucket 202 is equal to 16
Local Cache Stride Bucket 203 is equal to 53
Local Cache Stride Bucket 204 is equal to 54
Local Cache Stride Bucket 205 is equal to 92
Local Cache Stride Bucket 206 is equal to 49
Local Cache Stride Bucket 207 is equal to 42
Local Cache Stride Bucket 208 is equal to 182
Local Cache Stride Bucket 209 is equal to 63
Local Cache Stride Bucket 210 is equal to 61
Local Cache Stride Bucket 211 is equal to 16
Local Cache Stride Bucket 212 is equal to 52
Local Cache Stride Bucket 213 is equal to 20
Local Cache Stride Bucket 214 is equal to 22
Local Cache Stride Bucket 215 is equal to 90
Local Cache Stride Bucket 216 is equal to 92
Local Cache Stride Bucket 217 is equal to 21
Local Cache Stride Bucket 218 is equal to 28
Local Cache Stride Bucket 219 is equal to 27
Local Cache Stride Bucket 220 is equal to 31
Local Cache Stride Bucket 221 is equal to 28
Local Cache Stride Bucket 222 is equal to 29
Local Cache Stride Bucket 223 is equal to 22
Local Cache Stride Bucket 224 is equal to 50
Local Cache Stride Bucket 225 is equal to 24
Local Cache Stride Bucket 226 is equal to 49
Local Cache Stride Bucket 227 is equal to 57
Local Cache Stride Bucket 228 is equal to 58
Local Cache Stride Bucket 229 is equal to 104
Local Cache Stride Bucket 230 is equal to 66
Local Cache Stride Bucket 231 is equal to 46
Local Cache Stride Bucket 232 is equal to 42
Local Cache Stride Bucket 233 is equal to 54
Local Cache Stride Bucket 234 is equal to 78
Local Cache Stride Bucket 235 is equal to 63
Local Cache Stride Bucket 236 is equal to 54
Local Cache Stride Bucket 237 is equal to 138
Local Cache Stride Bucket 238 is equal to 3922
Local Cache Stride Bucket 239 is equal to 85
Local Cache Stride Bucket 240 is equal to 73
Local Cache Stride Bucket 241 is equal to 363
Local Cache Stride Bucket 242 is equal to 96
Local Cache Stride Bucket 243 is equal to 122
Local Cache Stride Bucket 244 is equal to 90
Local Cache Stride Bucket 245 is equal to 63
Local Cache Stride Bucket 246 is equal to 36
Local Cache Stride Bucket 247 is equal to 72
Local Cache Stride Bucket 248 is equal to 75
Local Cache Stride Bucket 249 is equal to 38
Local Cache Stride Bucket 250 is equal to 33
Local Cache Stride Bucket 251 is equal to 44
Local Cache Stride Bucket 252 is equal to 125
Local Cache Stride Bucket 253 is equal to 54
Local Cache Stride Bucket 254 is equal to 44
Local Cache Stride Bucket 255 is equal to 52
Local Cache Stride Bucket 256 is equal to 208176


Global LD ST Byte Stride Bucket -256 is equal to 9764741
Global LD ST Byte Stride Bucket -248 is equal to 6866
Global LD ST Byte Stride Bucket -244 is equal to 179
Global LD ST Byte Stride Bucket -228 is equal to 2
Global LD ST Byte Stride Bucket -216 is equal to 19544
Global LD ST Byte Stride Bucket -212 is equal to 16
Global LD ST Byte Stride Bucket -196 is equal to 2
Global LD ST Byte Stride Bucket -192 is equal to 4
Global LD ST Byte Stride Bucket -190 is equal to 14
Global LD ST Byte Stride Bucket -188 is equal to 9870
Global LD ST Byte Stride Bucket -186 is equal to 36
Global LD ST Byte Stride Bucket -184 is equal to 4536
Global LD ST Byte Stride Bucket -182 is equal to 54
Global LD ST Byte Stride Bucket -180 is equal to 78
Global LD ST Byte Stride Bucket -178 is equal to 76
Global LD ST Byte Stride Bucket -176 is equal to 71726
Global LD ST Byte Stride Bucket -174 is equal to 65
Global LD ST Byte Stride Bucket -172 is equal to 46
Global LD ST Byte Stride Bucket -170 is equal to 78
Global LD ST Byte Stride Bucket -168 is equal to 5306
Global LD ST Byte Stride Bucket -166 is equal to 64
Global LD ST Byte Stride Bucket -164 is equal to 66
Global LD ST Byte Stride Bucket -162 is equal to 83
Global LD ST Byte Stride Bucket -160 is equal to 8643
Global LD ST Byte Stride Bucket -158 is equal to 89
Global LD ST Byte Stride Bucket -156 is equal to 119
Global LD ST Byte Stride Bucket -154 is equal to 113
Global LD ST Byte Stride Bucket -152 is equal to 327
Global LD ST Byte Stride Bucket -150 is equal to 89
Global LD ST Byte Stride Bucket -148 is equal to 110
Global LD ST Byte Stride Bucket -146 is equal to 97
Global LD ST Byte Stride Bucket -144 is equal to 1944
Global LD ST Byte Stride Bucket -142 is equal to 85
Global LD ST Byte Stride Bucket -140 is equal to 208
Global LD ST Byte Stride Bucket -138 is equal to 383
Global LD ST Byte Stride Bucket -136 is equal to 732
Global LD ST Byte Stride Bucket -134 is equal to 181
Global LD ST Byte Stride Bucket -132 is equal to 657
Global LD ST Byte Stride Bucket -130 is equal to 185
Global LD ST Byte Stride Bucket -128 is equal to 2472
Global LD ST Byte Stride Bucket -126 is equal to 195
Global LD ST Byte Stride Bucket -124 is equal to 3761
Global LD ST Byte Stride Bucket -122 is equal to 179
Global LD ST Byte Stride Bucket -120 is equal to 18965
Global LD ST Byte Stride Bucket -118 is equal to 156
Global LD ST Byte Stride Bucket -116 is equal to 10879
Global LD ST Byte Stride Bucket -114 is equal to 181
Global LD ST Byte Stride Bucket -112 is equal to 11940
Global LD ST Byte Stride Bucket -110 is equal to 370
Global LD ST Byte Stride Bucket -108 is equal to 8230
Global LD ST Byte Stride Bucket -106 is equal to 279
Global LD ST Byte Stride Bucket -104 is equal to 7341
Global LD ST Byte Stride Bucket -102 is equal to 235
Global LD ST Byte Stride Bucket -100 is equal to 2793
Global LD ST Byte Stride Bucket -98 is equal to 180
Global LD ST Byte Stride Bucket -96 is equal to 169665
Global LD ST Byte Stride Bucket -94 is equal to 275
Global LD ST Byte Stride Bucket -92 is equal to 6367
Global LD ST Byte Stride Bucket -90 is equal to 779
Global LD ST Byte Stride Bucket -88 is equal to 50789
Global LD ST Byte Stride Bucket -86 is equal to 778
Global LD ST Byte Stride Bucket -84 is equal to 9665
Global LD ST Byte Stride Bucket -82 is equal to 517
Global LD ST Byte Stride Bucket -80 is equal to 76835
Global LD ST Byte Stride Bucket -78 is equal to 253
Global LD ST Byte Stride Bucket -76 is equal to 5275
Global LD ST Byte Stride Bucket -74 is equal to 253
Global LD ST Byte Stride Bucket -72 is equal to 5276
Global LD ST Byte Stride Bucket -70 is equal to 619
Global LD ST Byte Stride Bucket -68 is equal to 8932
Global LD ST Byte Stride Bucket -66 is equal to 2231
Global LD ST Byte Stride Bucket -64 is equal to 17914
Global LD ST Byte Stride Bucket -62 is equal to 672
Global LD ST Byte Stride Bucket -60 is equal to 54308
Global LD ST Byte Stride Bucket -58 is equal to 298
Global LD ST Byte Stride Bucket -56 is equal to 196460
Global LD ST Byte Stride Bucket -54 is equal to 275
Global LD ST Byte Stride Bucket -52 is equal to 125961
Global LD ST Byte Stride Bucket -50 is equal to 422
Global LD ST Byte Stride Bucket -48 is equal to 62264
Global LD ST Byte Stride Bucket -46 is equal to 1243
Global LD ST Byte Stride Bucket -44 is equal to 8469
Global LD ST Byte Stride Bucket -42 is equal to 2270
Global LD ST Byte Stride Bucket -40 is equal to 60747
Global LD ST Byte Stride Bucket -38 is equal to 626
Global LD ST Byte Stride Bucket -36 is equal to 132066
Global LD ST Byte Stride Bucket -34 is equal to 295
Global LD ST Byte Stride Bucket -32 is equal to 198661
Global LD ST Byte Stride Bucket -30 is equal to 336
Global LD ST Byte Stride Bucket -28 is equal to 34164
Global LD ST Byte Stride Bucket -26 is equal to 1288
Global LD ST Byte Stride Bucket -24 is equal to 261324
Global LD ST Byte Stride Bucket -22 is equal to 21240
Global LD ST Byte Stride Bucket -20 is equal to 193499
Global LD ST Byte Stride Bucket -18 is equal to 1286
Global LD ST Byte Stride Bucket -16 is equal to 250876
Global LD ST Byte Stride Bucket -14 is equal to 377
Global LD ST Byte Stride Bucket -12 is equal to 374383
Global LD ST Byte Stride Bucket -10 is equal to 322
Global LD ST Byte Stride Bucket -8 is equal to 2092299
Global LD ST Byte Stride Bucket -6 is equal to 824
Global LD ST Byte Stride Bucket -4 is equal to 1119308
Global LD ST Byte Stride Bucket -2 is equal to 20250
Global LD ST Byte Stride Bucket 0 is equal to 2391104
Global LD ST Byte Stride Bucket 2 is equal to 19838
Global LD ST Byte Stride Bucket 4 is equal to 1559022
Global LD ST Byte Stride Bucket 6 is equal to 871
Global LD ST Byte Stride Bucket 8 is equal to 2779638
Global LD ST Byte Stride Bucket 9 is equal to 471
Global LD ST Byte Stride Bucket 10 is equal to 358
Global LD ST Byte Stride Bucket 12 is equal to 137181
Global LD ST Byte Stride Bucket 14 is equal to 383
Global LD ST Byte Stride Bucket 16 is equal to 378255
Global LD ST Byte Stride Bucket 18 is equal to 948
Global LD ST Byte Stride Bucket 20 is equal to 135535
Global LD ST Byte Stride Bucket 22 is equal to 23598
Global LD ST Byte Stride Bucket 24 is equal to 193633
Global LD ST Byte Stride Bucket 26 is equal to 931
Global LD ST Byte Stride Bucket 28 is equal to 39858
Global LD ST Byte Stride Bucket 30 is equal to 355
Global LD ST Byte Stride Bucket 32 is equal to 145656
Global LD ST Byte Stride Bucket 34 is equal to 268
Global LD ST Byte Stride Bucket 36 is equal to 300397
Global LD ST Byte Stride Bucket 38 is equal to 490
Global LD ST Byte Stride Bucket 40 is equal to 65729
Global LD ST Byte Stride Bucket 42 is equal to 1244
Global LD ST Byte Stride Bucket 44 is equal to 169972
Global LD ST Byte Stride Bucket 46 is equal to 1132
Global LD ST Byte Stride Bucket 48 is equal to 82647
Global LD ST Byte Stride Bucket 50 is equal to 512
Global LD ST Byte Stride Bucket 52 is equal to 165872
Global LD ST Byte Stride Bucket 54 is equal to 239
Global LD ST Byte Stride Bucket 56 is equal to 38873
Global LD ST Byte Stride Bucket 58 is equal to 240
Global LD ST Byte Stride Bucket 60 is equal to 5415
Global LD ST Byte Stride Bucket 62 is equal to 424
Global LD ST Byte Stride Bucket 64 is equal to 8794
Global LD ST Byte Stride Bucket 66 is equal to 808
Global LD ST Byte Stride Bucket 68 is equal to 748
Global LD ST Byte Stride Bucket 70 is equal to 449
Global LD ST Byte Stride Bucket 72 is equal to 1393
Global LD ST Byte Stride Bucket 74 is equal to 209
Global LD ST Byte Stride Bucket 76 is equal to 188
Global LD ST Byte Stride Bucket 78 is equal to 210
Global LD ST Byte Stride Bucket 80 is equal to 209
Global LD ST Byte Stride Bucket 82 is equal to 299
Global LD ST Byte Stride Bucket 84 is equal to 167638
Global LD ST Byte Stride Bucket 86 is equal to 443
Global LD ST Byte Stride Bucket 88 is equal to 44703
Global LD ST Byte Stride Bucket 90 is equal to 280
Global LD ST Byte Stride Bucket 92 is equal to 685
Global LD ST Byte Stride Bucket 94 is equal to 204
Global LD ST Byte Stride Bucket 96 is equal to 1295
Global LD ST Byte Stride Bucket 98 is equal to 129
Global LD ST Byte Stride Bucket 100 is equal to 138
Global LD ST Byte Stride Bucket 102 is equal to 133
Global LD ST Byte Stride Bucket 104 is equal to 1349
Global LD ST Byte Stride Bucket 106 is equal to 198
Global LD ST Byte Stride Bucket 108 is equal to 203
Global LD ST Byte Stride Bucket 110 is equal to 250
Global LD ST Byte Stride Bucket 112 is equal to 360
Global LD ST Byte Stride Bucket 114 is equal to 109
Global LD ST Byte Stride Bucket 116 is equal to 112
Global LD ST Byte Stride Bucket 118 is equal to 129
Global LD ST Byte Stride Bucket 120 is equal to 1176
Global LD ST Byte Stride Bucket 122 is equal to 120
Global LD ST Byte Stride Bucket 124 is equal to 123
Global LD ST Byte Stride Bucket 126 is equal to 170
Global LD ST Byte Stride Bucket 128 is equal to 208
Global LD ST Byte Stride Bucket 130 is equal to 180
Global LD ST Byte Stride Bucket 132 is equal to 178
Global LD ST Byte Stride Bucket 134 is equal to 150
Global LD ST Byte Stride Bucket 136 is equal to 1533
Global LD ST Byte Stride Bucket 138 is equal to 89
Global LD ST Byte Stride Bucket 140 is equal to 66
Global LD ST Byte Stride Bucket 142 is equal to 82
Global LD ST Byte Stride Bucket 144 is equal to 587
Global LD ST Byte Stride Bucket 146 is equal to 94
Global LD ST Byte Stride Bucket 148 is equal to 144
Global LD ST Byte Stride Bucket 150 is equal to 135
Global LD ST Byte Stride Bucket 152 is equal to 1302
Global LD ST Byte Stride Bucket 154 is equal to 137
Global LD ST Byte Stride Bucket 156 is equal to 1048
Global LD ST Byte Stride Bucket 158 is equal to 48
Global LD ST Byte Stride Bucket 160 is equal to 10622
Global LD ST Byte Stride Bucket 162 is equal to 39
Global LD ST Byte Stride Bucket 164 is equal to 59
Global LD ST Byte Stride Bucket 166 is equal to 40
Global LD ST Byte Stride Bucket 168 is equal to 65
Global LD ST Byte Stride Bucket 170 is equal to 60
Global LD ST Byte Stride Bucket 172 is equal to 71
Global LD ST Byte Stride Bucket 174 is equal to 71
Global LD ST Byte Stride Bucket 176 is equal to 12383
Global LD ST Byte Stride Bucket 178 is equal to 47
Global LD ST Byte Stride Bucket 180 is equal to 35
Global LD ST Byte Stride Bucket 182 is equal to 16
Global LD ST Byte Stride Bucket 184 is equal to 68642
Global LD ST Byte Stride Bucket 186 is equal to 8
Global LD ST Byte Stride Bucket 188 is equal to 5
Global LD ST Byte Stride Bucket 190 is equal to 4
Global LD ST Byte Stride Bucket 192 is equal to 2
Global LD ST Byte Stride Bucket 200 is equal to 9838
Global LD ST Byte Stride Bucket 224 is equal to 20940
Global LD ST Byte Stride Bucket 248 is equal to 1871
Global LD ST Byte Stride Bucket 256 is equal to 10348405

Global LD ST Cache Stride Bucket -256 is equal to 1743253
Global LD ST Cache Stride Bucket -246 is equal to 178
Global LD ST Cache Stride Bucket -241 is equal to 355
Global LD ST Cache Stride Bucket -220 is equal to 942
Global LD ST Cache Stride Bucket -202 is equal to 1
Global LD ST Cache Stride Bucket -201 is equal to 1
Global LD ST Cache Stride Bucket -200 is equal to 1
Global LD ST Cache Stride Bucket -199 is equal to 1
Global LD ST Cache Stride Bucket -198 is equal to 1
Global LD ST Cache Stride Bucket -197 is equal to 1
Global LD ST Cache Stride Bucket -196 is equal to 1
Global LD ST Cache Stride Bucket -195 is equal to 1
Global LD ST Cache Stride Bucket -194 is equal to 1
Global LD ST Cache Stride Bucket -193 is equal to 1
Global LD ST Cache Stride Bucket -192 is equal to 1
Global LD ST Cache Stride Bucket -191 is equal to 1
Global LD ST Cache Stride Bucket -190 is equal to 1
Global LD ST Cache Stride Bucket -189 is equal to 1
Global LD ST Cache Stride Bucket -188 is equal to 2
Global LD ST Cache Stride Bucket -187 is equal to 2
Global LD ST Cache Stride Bucket -186 is equal to 5
Global LD ST Cache Stride Bucket -185 is equal to 5
Global LD ST Cache Stride Bucket -184 is equal to 8
Global LD ST Cache Stride Bucket -183 is equal to 20
Global LD ST Cache Stride Bucket -182 is equal to 58
Global LD ST Cache Stride Bucket -181 is equal to 16
Global LD ST Cache Stride Bucket -180 is equal to 2
Global LD ST Cache Stride Bucket -179 is equal to 2
Global LD ST Cache Stride Bucket -178 is equal to 4
Global LD ST Cache Stride Bucket -177 is equal to 5
Global LD ST Cache Stride Bucket -176 is equal to 5
Global LD ST Cache Stride Bucket -175 is equal to 5
Global LD ST Cache Stride Bucket -174 is equal to 6
Global LD ST Cache Stride Bucket -173 is equal to 5
Global LD ST Cache Stride Bucket -172 is equal to 5
Global LD ST Cache Stride Bucket -171 is equal to 5
Global LD ST Cache Stride Bucket -170 is equal to 6
Global LD ST Cache Stride Bucket -169 is equal to 5
Global LD ST Cache Stride Bucket -168 is equal to 5
Global LD ST Cache Stride Bucket -167 is equal to 6
Global LD ST Cache Stride Bucket -166 is equal to 5
Global LD ST Cache Stride Bucket -165 is equal to 5
Global LD ST Cache Stride Bucket -164 is equal to 5
Global LD ST Cache Stride Bucket -163 is equal to 6
Global LD ST Cache Stride Bucket -162 is equal to 5
Global LD ST Cache Stride Bucket -161 is equal to 5
Global LD ST Cache Stride Bucket -160 is equal to 5
Global LD ST Cache Stride Bucket -159 is equal to 6
Global LD ST Cache Stride Bucket -158 is equal to 96
Global LD ST Cache Stride Bucket -157 is equal to 5889
Global LD ST Cache Stride Bucket -156 is equal to 62752
Global LD ST Cache Stride Bucket -155 is equal to 95046
Global LD ST Cache Stride Bucket -154 is equal to 83448
Global LD ST Cache Stride Bucket -153 is equal to 114809
Global LD ST Cache Stride Bucket -152 is equal to 223245
Global LD ST Cache Stride Bucket -151 is equal to 415141
Global LD ST Cache Stride Bucket -150 is equal to 287525
Global LD ST Cache Stride Bucket -149 is equal to 140309
Global LD ST Cache Stride Bucket -148 is equal to 118850
Global LD ST Cache Stride Bucket -147 is equal to 62921
Global LD ST Cache Stride Bucket -146 is equal to 4559
Global LD ST Cache Stride Bucket -145 is equal to 23571
Global LD ST Cache Stride Bucket -144 is equal to 19385
Global LD ST Cache Stride Bucket -143 is equal to 10633
Global LD ST Cache Stride Bucket -142 is equal to 8285
Global LD ST Cache Stride Bucket -141 is equal to 13465
Global LD ST Cache Stride Bucket -140 is equal to 17321
Global LD ST Cache Stride Bucket -139 is equal to 14250
Global LD ST Cache Stride Bucket -138 is equal to 18776
Global LD ST Cache Stride Bucket -137 is equal to 9479
Global LD ST Cache Stride Bucket -136 is equal to 11255
Global LD ST Cache Stride Bucket -135 is equal to 4831
Global LD ST Cache Stride Bucket -134 is equal to 3510
Global LD ST Cache Stride Bucket -133 is equal to 3285
Global LD ST Cache Stride Bucket -132 is equal to 1024
Global LD ST Cache Stride Bucket -131 is equal to 2882
Global LD ST Cache Stride Bucket -130 is equal to 2183
Global LD ST Cache Stride Bucket -129 is equal to 1891
Global LD ST Cache Stride Bucket -128 is equal to 15140
Global LD ST Cache Stride Bucket -127 is equal to 7637
Global LD ST Cache Stride Bucket -126 is equal to 41164
Global LD ST Cache Stride Bucket -125 is equal to 6018
Global LD ST Cache Stride Bucket -124 is equal to 32393
Global LD ST Cache Stride Bucket -123 is equal to 94094
Global LD ST Cache Stride Bucket -122 is equal to 68843
Global LD ST Cache Stride Bucket -121 is equal to 9265
Global LD ST Cache Stride Bucket -120 is equal to 2290
Global LD ST Cache Stride Bucket -119 is equal to 33901
Global LD ST Cache Stride Bucket -118 is equal to 268
Global LD ST Cache Stride Bucket -117 is equal to 5680
Global LD ST Cache Stride Bucket -116 is equal to 14867
Global LD ST Cache Stride Bucket -115 is equal to 22814
Global LD ST Cache Stride Bucket -114 is equal to 22184
Global LD ST Cache Stride Bucket -113 is equal to 39468
Global LD ST Cache Stride Bucket -112 is equal to 76892
Global LD ST Cache Stride Bucket -111 is equal to 103644
Global LD ST Cache Stride Bucket -110 is equal to 85906
Global LD ST Cache Stride Bucket -109 is equal to 49568
Global LD ST Cache Stride Bucket -108 is equal to 24392
Global LD ST Cache Stride Bucket -107 is equal to 18222
Global LD ST Cache Stride Bucket -106 is equal to 14884
Global LD ST Cache Stride Bucket -105 is equal to 3042
Global LD ST Cache Stride Bucket -104 is equal to 2857
Global LD ST Cache Stride Bucket -103 is equal to 7205
Global LD ST Cache Stride Bucket -102 is equal to 19057
Global LD ST Cache Stride Bucket -101 is equal to 15689
Global LD ST Cache Stride Bucket -100 is equal to 134364
Global LD ST Cache Stride Bucket -99 is equal to 77786
Global LD ST Cache Stride Bucket -98 is equal to 146244
Global LD ST Cache Stride Bucket -97 is equal to 126732
Global LD ST Cache Stride Bucket -96 is equal to 188210
Global LD ST Cache Stride Bucket -95 is equal to 254675
Global LD ST Cache Stride Bucket -94 is equal to 196213
Global LD ST Cache Stride Bucket -93 is equal to 203907
Global LD ST Cache Stride Bucket -92 is equal to 224261
Global LD ST Cache Stride Bucket -91 is equal to 216180
Global LD ST Cache Stride Bucket -90 is equal to 137708
Global LD ST Cache Stride Bucket -89 is equal to 14359
Global LD ST Cache Stride Bucket -88 is equal to 5974
Global LD ST Cache Stride Bucket -87 is equal to 4438
Global LD ST Cache Stride Bucket -86 is equal to 8123
Global LD ST Cache Stride Bucket -85 is equal to 18778
Global LD ST Cache Stride Bucket -84 is equal to 18752
Global LD ST Cache Stride Bucket -83 is equal to 10892
Global LD ST Cache Stride Bucket -82 is equal to 4354
Global LD ST Cache Stride Bucket -81 is equal to 5008
Global LD ST Cache Stride Bucket -80 is equal to 3785
Global LD ST Cache Stride Bucket -79 is equal to 190
Global LD ST Cache Stride Bucket -78 is equal to 458
Global LD ST Cache Stride Bucket -77 is equal to 448
Global LD ST Cache Stride Bucket -76 is equal to 239
Global LD ST Cache Stride Bucket -75 is equal to 103
Global LD ST Cache Stride Bucket -74 is equal to 179
Global LD ST Cache Stride Bucket -73 is equal to 110
Global LD ST Cache Stride Bucket -72 is equal to 1
Global LD ST Cache Stride Bucket -71 is equal to 654
Global LD ST Cache Stride Bucket -69 is equal to 873
Global LD ST Cache Stride Bucket -68 is equal to 11551
Global LD ST Cache Stride Bucket -67 is equal to 4261
Global LD ST Cache Stride Bucket -66 is equal to 7261
Global LD ST Cache Stride Bucket -65 is equal to 13594
Global LD ST Cache Stride Bucket -64 is equal to 20591
Global LD ST Cache Stride Bucket -63 is equal to 26195
Global LD ST Cache Stride Bucket -62 is equal to 34967
Global LD ST Cache Stride Bucket -61 is equal to 61761
Global LD ST Cache Stride Bucket -60 is equal to 79763
Global LD ST Cache Stride Bucket -59 is equal to 78735
Global LD ST Cache Stride Bucket -58 is equal to 68218
Global LD ST Cache Stride Bucket -57 is equal to 113927
Global LD ST Cache Stride Bucket -56 is equal to 134156
Global LD ST Cache Stride Bucket -55 is equal to 164799
Global LD ST Cache Stride Bucket -54 is equal to 148531
Global LD ST Cache Stride Bucket -53 is equal to 338370
Global LD ST Cache Stride Bucket -52 is equal to 133369
Global LD ST Cache Stride Bucket -51 is equal to 50170
Global LD ST Cache Stride Bucket -50 is equal to 41471
Global LD ST Cache Stride Bucket -49 is equal to 10470
Global LD ST Cache Stride Bucket -48 is equal to 9891
Global LD ST Cache Stride Bucket -47 is equal to 9579
Global LD ST Cache Stride Bucket -46 is equal to 6653
Global LD ST Cache Stride Bucket -45 is equal to 4200
Global LD ST Cache Stride Bucket -44 is equal to 5623
Global LD ST Cache Stride Bucket -43 is equal to 5867
Global LD ST Cache Stride Bucket -42 is equal to 95141
Global LD ST Cache Stride Bucket -41 is equal to 168929
Global LD ST Cache Stride Bucket -40 is equal to 68871
Global LD ST Cache Stride Bucket -39 is equal to 75967
Global LD ST Cache Stride Bucket -38 is equal to 59961
Global LD ST Cache Stride Bucket -37 is equal to 1067
Global LD ST Cache Stride Bucket -36 is equal to 105
Global LD ST Cache Stride Bucket -35 is equal to 535
Global LD ST Cache Stride Bucket -34 is equal to 513
Global LD ST Cache Stride Bucket -33 is equal to 34
Global LD ST Cache Stride Bucket -32 is equal to 3165
Global LD ST Cache Stride Bucket -31 is equal to 2133
Global LD ST Cache Stride Bucket -30 is equal to 5571
Global LD ST Cache Stride Bucket -29 is equal to 4798
Global LD ST Cache Stride Bucket -28 is equal to 103367
Global LD ST Cache Stride Bucket -27 is equal to 163210
Global LD ST Cache Stride Bucket -26 is equal to 78507
Global LD ST Cache Stride Bucket -25 is equal to 106552
Global LD ST Cache Stride Bucket -24 is equal to 18640
Global LD ST Cache Stride Bucket -23 is equal to 31
Global LD ST Cache Stride Bucket -22 is equal to 7
Global LD ST Cache Stride Bucket -21 is equal to 5
Global LD ST Cache Stride Bucket -20 is equal to 5
Global LD ST Cache Stride Bucket -19 is equal to 5
Global LD ST Cache Stride Bucket -18 is equal to 7
Global LD ST Cache Stride Bucket -17 is equal to 4173
Global LD ST Cache Stride Bucket -16 is equal to 16717
Global LD ST Cache Stride Bucket -15 is equal to 50568
Global LD ST Cache Stride Bucket -14 is equal to 273406
Global LD ST Cache Stride Bucket -13 is equal to 195824
Global LD ST Cache Stride Bucket -12 is equal to 74472
Global LD ST Cache Stride Bucket -11 is equal to 63199
Global LD ST Cache Stride Bucket -10 is equal to 14614
Global LD ST Cache Stride Bucket -9 is equal to 4
Global LD ST Cache Stride Bucket -8 is equal to 5727
Global LD ST Cache Stride Bucket -7 is equal to 14668
Global LD ST Cache Stride Bucket -6 is equal to 67484
Global LD ST Cache Stride Bucket -5 is equal to 73676
Global LD ST Cache Stride Bucket -4 is equal to 15781
Global LD ST Cache Stride Bucket -3 is equal to 110851
Global LD ST Cache Stride Bucket -2 is equal to 170695
Global LD ST Cache Stride Bucket -1 is equal to 1520398
Global LD ST Cache Stride Bucket 0 is equal to 11426882
Global LD ST Cache Stride Bucket 1 is equal to 1332078
Global LD ST Cache Stride Bucket 2 is equal to 81396
Global LD ST Cache Stride Bucket 3 is equal to 104257
Global LD ST Cache Stride Bucket 4 is equal to 27551
Global LD ST Cache Stride Bucket 5 is equal to 68052
Global LD ST Cache Stride Bucket 6 is equal to 67795
Global LD ST Cache Stride Bucket 7 is equal to 13697
Global LD ST Cache Stride Bucket 10 is equal to 30833
Global LD ST Cache Stride Bucket 11 is equal to 55410
Global LD ST Cache Stride Bucket 12 is equal to 71186
Global LD ST Cache Stride Bucket 13 is equal to 328082
Global LD ST Cache Stride Bucket 14 is equal to 665145
Global LD ST Cache Stride Bucket 15 is equal to 81673
Global LD ST Cache Stride Bucket 16 is equal to 14937
Global LD ST Cache Stride Bucket 17 is equal to 5122
Global LD ST Cache Stride Bucket 18 is equal to 3094
Global LD ST Cache Stride Bucket 19 is equal to 1247
Global LD ST Cache Stride Bucket 20 is equal to 341
Global LD ST Cache Stride Bucket 21 is equal to 171
Global LD ST Cache Stride Bucket 22 is equal to 149
Global LD ST Cache Stride Bucket 23 is equal to 9836
Global LD ST Cache Stride Bucket 24 is equal to 65218
Global LD ST Cache Stride Bucket 25 is equal to 193174
Global LD ST Cache Stride Bucket 26 is equal to 178788
Global LD ST Cache Stride Bucket 27 is equal to 226540
Global LD ST Cache Stride Bucket 28 is equal to 119415
Global LD ST Cache Stride Bucket 29 is equal to 12427
Global LD ST Cache Stride Bucket 30 is equal to 10752
Global LD ST Cache Stride Bucket 31 is equal to 4633
Global LD ST Cache Stride Bucket 32 is equal to 1834
Global LD ST Cache Stride Bucket 33 is equal to 233
Global LD ST Cache Stride Bucket 34 is equal to 3555
Global LD ST Cache Stride Bucket 35 is equal to 607
Global LD ST Cache Stride Bucket 36 is equal to 266
Global LD ST Cache Stride Bucket 37 is equal to 29606
Global LD ST Cache Stride Bucket 38 is equal to 149265
Global LD ST Cache Stride Bucket 39 is equal to 216660
Global LD ST Cache Stride Bucket 40 is equal to 222276
Global LD ST Cache Stride Bucket 41 is equal to 163023
Global LD ST Cache Stride Bucket 42 is equal to 21701
Global LD ST Cache Stride Bucket 43 is equal to 12403
Global LD ST Cache Stride Bucket 44 is equal to 12287
Global LD ST Cache Stride Bucket 45 is equal to 11344
Global LD ST Cache Stride Bucket 46 is equal to 4352
Global LD ST Cache Stride Bucket 47 is equal to 15002
Global LD ST Cache Stride Bucket 48 is equal to 10731
Global LD ST Cache Stride Bucket 49 is equal to 11070
Global LD ST Cache Stride Bucket 50 is equal to 15767
Global LD ST Cache Stride Bucket 51 is equal to 82926
Global LD ST Cache Stride Bucket 52 is equal to 101526
Global LD ST Cache Stride Bucket 53 is equal to 145503
Global LD ST Cache Stride Bucket 54 is equal to 252867
Global LD ST Cache Stride Bucket 55 is equal to 108674
Global LD ST Cache Stride Bucket 56 is equal to 52191
Global LD ST Cache Stride Bucket 57 is equal to 47288
Global LD ST Cache Stride Bucket 58 is equal to 62231
Global LD ST Cache Stride Bucket 59 is equal to 28368
Global LD ST Cache Stride Bucket 60 is equal to 20304
Global LD ST Cache Stride Bucket 61 is equal to 19095
Global LD ST Cache Stride Bucket 62 is equal to 24000
Global LD ST Cache Stride Bucket 63 is equal to 27288
Global LD ST Cache Stride Bucket 64 is equal to 23471
Global LD ST Cache Stride Bucket 65 is equal to 15860
Global LD ST Cache Stride Bucket 66 is equal to 15544
Global LD ST Cache Stride Bucket 67 is equal to 19020
Global LD ST Cache Stride Bucket 68 is equal to 26237
Global LD ST Cache Stride Bucket 69 is equal to 17506
Global LD ST Cache Stride Bucket 70 is equal to 10880
Global LD ST Cache Stride Bucket 71 is equal to 12088
Global LD ST Cache Stride Bucket 72 is equal to 6135
Global LD ST Cache Stride Bucket 73 is equal to 337
Global LD ST Cache Stride Bucket 74 is equal to 95
Global LD ST Cache Stride Bucket 75 is equal to 98
Global LD ST Cache Stride Bucket 76 is equal to 72
Global LD ST Cache Stride Bucket 77 is equal to 356
Global LD ST Cache Stride Bucket 78 is equal to 329
Global LD ST Cache Stride Bucket 79 is equal to 3766
Global LD ST Cache Stride Bucket 80 is equal to 39639
Global LD ST Cache Stride Bucket 81 is equal to 28538
Global LD ST Cache Stride Bucket 82 is equal to 34799
Global LD ST Cache Stride Bucket 83 is equal to 46533
Global LD ST Cache Stride Bucket 84 is equal to 52662
Global LD ST Cache Stride Bucket 85 is equal to 64120
Global LD ST Cache Stride Bucket 86 is equal to 48996
Global LD ST Cache Stride Bucket 87 is equal to 7831
Global LD ST Cache Stride Bucket 88 is equal to 3391
Global LD ST Cache Stride Bucket 89 is equal to 5000
Global LD ST Cache Stride Bucket 90 is equal to 41202
Global LD ST Cache Stride Bucket 91 is equal to 52334
Global LD ST Cache Stride Bucket 92 is equal to 51723
Global LD ST Cache Stride Bucket 93 is equal to 43541
Global LD ST Cache Stride Bucket 94 is equal to 48990
Global LD ST Cache Stride Bucket 95 is equal to 61203
Global LD ST Cache Stride Bucket 96 is equal to 60454
Global LD ST Cache Stride Bucket 97 is equal to 29124
Global LD ST Cache Stride Bucket 98 is equal to 35263
Global LD ST Cache Stride Bucket 99 is equal to 65613
Global LD ST Cache Stride Bucket 100 is equal to 20525
Global LD ST Cache Stride Bucket 101 is equal to 7455
Global LD ST Cache Stride Bucket 102 is equal to 6299
Global LD ST Cache Stride Bucket 103 is equal to 7558
Global LD ST Cache Stride Bucket 104 is equal to 1429
Global LD ST Cache Stride Bucket 105 is equal to 646
Global LD ST Cache Stride Bucket 106 is equal to 1080
Global LD ST Cache Stride Bucket 107 is equal to 3436
Global LD ST Cache Stride Bucket 108 is equal to 4077
Global LD ST Cache Stride Bucket 109 is equal to 6448
Global LD ST Cache Stride Bucket 110 is equal to 4268
Global LD ST Cache Stride Bucket 111 is equal to 17976
Global LD ST Cache Stride Bucket 112 is equal to 18145
Global LD ST Cache Stride Bucket 113 is equal to 16962
Global LD ST Cache Stride Bucket 114 is equal to 5263
Global LD ST Cache Stride Bucket 115 is equal to 4086
Global LD ST Cache Stride Bucket 116 is equal to 3218
Global LD ST Cache Stride Bucket 117 is equal to 666
Global LD ST Cache Stride Bucket 118 is equal to 264
Global LD ST Cache Stride Bucket 119 is equal to 531
Global LD ST Cache Stride Bucket 120 is equal to 5615
Global LD ST Cache Stride Bucket 121 is equal to 3510
Global LD ST Cache Stride Bucket 122 is equal to 4346
Global LD ST Cache Stride Bucket 123 is equal to 3438
Global LD ST Cache Stride Bucket 124 is equal to 17805
Global LD ST Cache Stride Bucket 125 is equal to 41690
Global LD ST Cache Stride Bucket 126 is equal to 146774
Global LD ST Cache Stride Bucket 127 is equal to 17242
Global LD ST Cache Stride Bucket 128 is equal to 9256
Global LD ST Cache Stride Bucket 129 is equal to 4512
Global LD ST Cache Stride Bucket 130 is equal to 4894
Global LD ST Cache Stride Bucket 131 is equal to 3603
Global LD ST Cache Stride Bucket 132 is equal to 2273
Global LD ST Cache Stride Bucket 133 is equal to 5763
Global LD ST Cache Stride Bucket 134 is equal to 14099
Global LD ST Cache Stride Bucket 135 is equal to 12875
Global LD ST Cache Stride Bucket 136 is equal to 29640
Global LD ST Cache Stride Bucket 137 is equal to 46180
Global LD ST Cache Stride Bucket 138 is equal to 48688
Global LD ST Cache Stride Bucket 139 is equal to 51164
Global LD ST Cache Stride Bucket 140 is equal to 37075
Global LD ST Cache Stride Bucket 141 is equal to 23115
Global LD ST Cache Stride Bucket 142 is equal to 17488
Global LD ST Cache Stride Bucket 143 is equal to 22305
Global LD ST Cache Stride Bucket 144 is equal to 26115
Global LD ST Cache Stride Bucket 145 is equal to 33753
Global LD ST Cache Stride Bucket 146 is equal to 29044
Global LD ST Cache Stride Bucket 147 is equal to 106142
Global LD ST Cache Stride Bucket 148 is equal to 154799
Global LD ST Cache Stride Bucket 149 is equal to 174946
Global LD ST Cache Stride Bucket 150 is equal to 413946
Global LD ST Cache Stride Bucket 151 is equal to 748275
Global LD ST Cache Stride Bucket 152 is equal to 351455
Global LD ST Cache Stride Bucket 153 is equal to 187151
Global LD ST Cache Stride Bucket 154 is equal to 178785
Global LD ST Cache Stride Bucket 155 is equal to 158349
Global LD ST Cache Stride Bucket 156 is equal to 77436
Global LD ST Cache Stride Bucket 157 is equal to 5486
Global LD ST Cache Stride Bucket 158 is equal to 12066
Global LD ST Cache Stride Bucket 159 is equal to 1
Global LD ST Cache Stride Bucket 160 is equal to 1
Global LD ST Cache Stride Bucket 161 is equal to 1
Global LD ST Cache Stride Bucket 162 is equal to 1
Global LD ST Cache Stride Bucket 163 is equal to 1
Global LD ST Cache Stride Bucket 164 is equal to 1
Global LD ST Cache Stride Bucket 165 is equal to 1
Global LD ST Cache Stride Bucket 166 is equal to 1
Global LD ST Cache Stride Bucket 167 is equal to 1
Global LD ST Cache Stride Bucket 168 is equal to 2
Global LD ST Cache Stride Bucket 169 is equal to 2
Global LD ST Cache Stride Bucket 170 is equal to 2
Global LD ST Cache Stride Bucket 171 is equal to 2
Global LD ST Cache Stride Bucket 172 is equal to 2
Global LD ST Cache Stride Bucket 173 is equal to 2531
Global LD ST Cache Stride Bucket 174 is equal to 1
Global LD ST Cache Stride Bucket 175 is equal to 1
Global LD ST Cache Stride Bucket 176 is equal to 1
Global LD ST Cache Stride Bucket 177 is equal to 1
Global LD ST Cache Stride Bucket 178 is equal to 4
Global LD ST Cache Stride Bucket 179 is equal to 4
Global LD ST Cache Stride Bucket 180 is equal to 4
Global LD ST Cache Stride Bucket 181 is equal to 11
Global LD ST Cache Stride Bucket 182 is equal to 10
Global LD ST Cache Stride Bucket 183 is equal to 9
Global LD ST Cache Stride Bucket 184 is equal to 2
Global LD ST Cache Stride Bucket 185 is equal to 2
Global LD ST Cache Stride Bucket 186 is equal to 1
Global LD ST Cache Stride Bucket 187 is equal to 1
Global LD ST Cache Stride Bucket 188 is equal to 1
Global LD ST Cache Stride Bucket 189 is equal to 1
Global LD ST Cache Stride Bucket 190 is equal to 1
Global LD ST Cache Stride Bucket 191 is equal to 1
Global LD ST Cache Stride Bucket 192 is equal to 1
Global LD ST Cache Stride Bucket 193 is equal to 1
Global LD ST Cache Stride Bucket 194 is equal to 1
Global LD ST Cache Stride Bucket 195 is equal to 1
Global LD ST Cache Stride Bucket 196 is equal to 1
Global LD ST Cache Stride Bucket 197 is equal to 1
Global LD ST Cache Stride Bucket 198 is equal to 1
Global LD ST Cache Stride Bucket 199 is equal to 1
Global LD ST Cache Stride Bucket 200 is equal to 1
Global LD ST Cache Stride Bucket 201 is equal to 1
Global LD ST Cache Stride Bucket 202 is equal to 1
Global LD ST Cache Stride Bucket 203 is equal to 20
Global LD ST Cache Stride Bucket 204 is equal to 1
Global LD ST Cache Stride Bucket 205 is equal to 1
Global LD ST Cache Stride Bucket 206 is equal to 1
Global LD ST Cache Stride Bucket 207 is equal to 1
Global LD ST Cache Stride Bucket 208 is equal to 1
Global LD ST Cache Stride Bucket 209 is equal to 1
Global LD ST Cache Stride Bucket 210 is equal to 1
Global LD ST Cache Stride Bucket 211 is equal to 1
Global LD ST Cache Stride Bucket 212 is equal to 1
Global LD ST Cache Stride Bucket 213 is equal to 1
Global LD ST Cache Stride Bucket 214 is equal to 1
Global LD ST Cache Stride Bucket 215 is equal to 1
Global LD ST Cache Stride Bucket 216 is equal to 1
Global LD ST Cache Stride Bucket 217 is equal to 1
Global LD ST Cache Stride Bucket 218 is equal to 1
Global LD ST Cache Stride Bucket 219 is equal to 1
Global LD ST Cache Stride Bucket 220 is equal to 1
Global LD ST Cache Stride Bucket 221 is equal to 1
Global LD ST Cache Stride Bucket 222 is equal to 1
Global LD ST Cache Stride Bucket 223 is equal to 1
Global LD ST Cache Stride Bucket 224 is equal to 1
Global LD ST Cache Stride Bucket 225 is equal to 1
Global LD ST Cache Stride Bucket 226 is equal to 1
Global LD ST Cache Stride Bucket 227 is equal to 1
Global LD ST Cache Stride Bucket 228 is equal to 1
Global LD ST Cache Stride Bucket 229 is equal to 1
Global LD ST Cache Stride Bucket 230 is equal to 1
Global LD ST Cache Stride Bucket 231 is equal to 1
Global LD ST Cache Stride Bucket 232 is equal to 1
Global LD ST Cache Stride Bucket 233 is equal to 1
Global LD ST Cache Stride Bucket 234 is equal to 1
Global LD ST Cache Stride Bucket 235 is equal to 1
Global LD ST Cache Stride Bucket 236 is equal to 1
Global LD ST Cache Stride Bucket 237 is equal to 1
Global LD ST Cache Stride Bucket 238 is equal to 943
Global LD ST Cache Stride Bucket 239 is equal to 1
Global LD ST Cache Stride Bucket 240 is equal to 1
Global LD ST Cache Stride Bucket 241 is equal to 356
Global LD ST Cache Stride Bucket 246 is equal to 356
Global LD ST Cache Stride Bucket 247 is equal to 1
Global LD ST Cache Stride Bucket 248 is equal to 1
Global LD ST Cache Stride Bucket 249 is equal to 1
Global LD ST Cache Stride Bucket 250 is equal to 1
Global LD ST Cache Stride Bucket 251 is equal to 1
Global LD ST Cache Stride Bucket 252 is equal to 1
Global LD ST Cache Stride Bucket 253 is equal to 1
Global LD ST Cache Stride Bucket 254 is equal to 1
Global LD ST Cache Stride Bucket 255 is equal to 1
Global LD ST Cache Stride Bucket 256 is equal to 1899392


            "-256": "9764741",
            "-255": "0",
            "-254": "0",
            "-253": "0",
            "-252": "0",
            "-251": "0",
            "-250": "0",
            "-249": "0",
            "-248": "6866",
            "-247": "0",
            "-246": "0",
            "-245": "0",
            "-244": "179",
            "-243": "0",
            "-242": "0",
            "-241": "0",
            "-240": "0",
            "-239": "0",
            "-238": "0",
            "-237": "0",
            "-236": "0",
            "-235": "0",
            "-234": "0",
            "-233": "0",
            "-232": "0",
            "-231": "0",
            "-230": "0",
            "-229": "0",
            "-228": "2",
            "-227": "0",
            "-226": "0",
            "-225": "0",
            "-224": "0",
            "-223": "0",
            "-222": "0",
            "-221": "0",
            "-220": "0",
            "-219": "0",
            "-218": "0",
            "-217": "0",
            "-216": "19544",
            "-215": "0",
            "-214": "0",
            "-213": "0",
            "-212": "16",
            "-211": "0",
            "-210": "0",
            "-209": "0",
            "-208": "0",
            "-207": "0",
            "-206": "0",
            "-205": "0",
            "-204": "0",
            "-203": "0",
            "-202": "0",
            "-201": "0",
            "-200": "0",
            "-199": "0",
            "-198": "0",
            "-197": "0",
            "-196": "2",
            "-195": "0",
            "-194": "0",
            "-193": "0",
            "-192": "4",
            "-191": "0",
            "-190": "14",
            "-189": "0",
            "-188": "9870",
            "-187": "0",
            "-186": "36",
            "-185": "0",
            "-184": "4536",
            "-183": "0",
            "-182": "54",
            "-181": "0",
            "-180": "78",
            "-179": "0",
            "-178": "76",
            "-177": "0",
            "-176": "71726",
            "-175": "0",
            "-174": "65",
            "-173": "0",
            "-172": "46",
            "-171": "0",
            "-170": "78",
            "-169": "0",
            "-168": "5306",
            "-167": "0",
            "-166": "64",
            "-165": "0",
            "-164": "66",
            "-163": "0",
            "-162": "83",
            "-161": "0",
            "-160": "8643",
            "-159": "0",
            "-158": "89",
            "-157": "0",
            "-156": "119",
            "-155": "0",
            "-154": "113",
            "-153": "0",
            "-152": "327",
            "-151": "0",
            "-150": "89",
            "-149": "0",
            "-148": "110",
            "-147": "0",
            "-146": "97",
            "-145": "0",
            "-144": "1944",
            "-143": "0",
            "-142": "85",
            "-141": "0",
            "-140": "208",
            "-139": "0",
            "-138": "383",
            "-137": "0",
            "-136": "732",
            "-135": "0",
            "-134": "181",
            "-133": "0",
            "-132": "657",
            "-131": "0",
            "-130": "185",
            "-129": "0",
            "-128": "2472",
            "-127": "0",
            "-126": "195",
            "-125": "0",
            "-124": "3761",
            "-123": "0",
            "-122": "179",
            "-121": "0",
            "-120": "18965",
            "-119": "0",
            "-118": "156",
            "-117": "0",
            "-116": "10879",
            "-115": "0",
            "-114": "181",
            "-113": "0",
            "-112": "11940",
            "-111": "0",
            "-110": "370",
            "-109": "0",
            "-108": "8230",
            "-107": "0",
            "-106": "279",
            "-105": "0",
            "-104": "7341",
            "-103": "0",
            "-102": "235",
            "-101": "0",
            "-100": "2793",
            "-99": "0",
            "-98": "180",
            "-97": "0",
            "-96": "169665",
            "-95": "0",
            "-94": "275",
            "-93": "0",
            "-92": "6367",
            "-91": "0",
            "-90": "779",
            "-89": "0",
            "-88": "50789",
            "-87": "0",
            "-86": "778",
            "-85": "0",
            "-84": "9665",
            "-83": "0",
            "-82": "517",
            "-81": "0",
            "-80": "76835",
            "-79": "0",
            "-78": "253",
            "-77": "0",
            "-76": "5275",
            "-75": "0",
            "-74": "253",
            "-73": "0",
            "-72": "5276",
            "-71": "0",
            "-70": "619",
            "-69": "0",
            "-68": "8932",
            "-67": "0",
            "-66": "2231",
            "-65": "0",
            "-64": "17914",
            "-63": "0",
            "-62": "672",
            "-61": "0",
            "-60": "54308",
            "-59": "0",
            "-58": "298",
            "-57": "0",
            "-56": "196460",
            "-55": "0",
            "-54": "275",
            "-53": "0",
            "-52": "125961",
            "-51": "0",
            "-50": "422",
            "-49": "0",
            "-48": "62264",
            "-47": "0",
            "-46": "1243",
            "-45": "0",
            "-44": "8469",
            "-43": "0",
            "-42": "2270",
            "-41": "0",
            "-40": "60747",
            "-39": "0",
            "-38": "626",
            "-37": "0",
            "-36": "132066",
            "-35": "0",
            "-34": "295",
            "-33": "0",
            "-32": "198661",
            "-31": "0",
            "-30": "336",
            "-29": "0",
            "-28": "34164",
            "-27": "0",
            "-26": "1288",
            "-25": "0",
            "-24": "261324",
            "-23": "0",
            "-22": "21240",
            "-21": "0",
            "-20": "193499",
            "-19": "0",
            "-18": "1286",
            "-17": "0",
            "-16": "250876",
            "-15": "0",
            "-14": "377",
            "-13": "0",
            "-12": "374383",
            "-11": "0",
            "-10": "322",
            "-9": "0",
            "-8": "2092299",
            "-7": "0",
            "-6": "824",
            "-5": "0",
            "-4": "1119308",
            "-3": "0",
            "-2": "20250",
            "-1": "0",
            "0": "2391104",
            "1": "0",
            "2": "19838",
            "3": "0",
            "4": "1559022",
            "5": "0",
            "6": "871",
            "7": "0",
            "8": "2779638",
            "9": "471",
            "10": "358",
            "11": "0",
            "12": "137181",
            "13": "0",
            "14": "383",
            "15": "0",
            "16": "378255",
            "17": "0",
            "18": "948",
            "19": "0",
            "20": "135535",
            "21": "0",
            "22": "23598",
            "23": "0",
            "24": "193633",
            "25": "0",
            "26": "931",
            "27": "0",
            "28": "39858",
            "29": "0",
            "30": "355",
            "31": "0",
            "32": "145656",
            "33": "0",
            "34": "268",
            "35": "0",
            "36": "300397",
            "37": "0",
            "38": "490",
            "39": "0",
            "40": "65729",
            "41": "0",
            "42": "1244",
            "43": "0",
            "44": "169972",
            "45": "0",
            "46": "1132",
            "47": "0",
            "48": "82647",
            "49": "0",
            "50": "512",
            "51": "0",
            "52": "165872",
            "53": "0",
            "54": "239",
            "55": "0",
            "56": "38873",
            "57": "0",
            "58": "240",
            "59": "0",
            "60": "5415",
            "61": "0",
            "62": "424",
            "63": "0",
            "64": "8794",
            "65": "0",
            "66": "808",
            "67": "0",
            "68": "748",
            "69": "0",
            "70": "449",
            "71": "0",
            "72": "1393",
            "73": "0",
            "74": "209",
            "75": "0",
            "76": "188",
            "77": "0",
            "78": "210",
            "79": "0",
            "80": "209",
            "81": "0",
            "82": "299",
            "83": "0",
            "84": "167638",
            "85": "0",
            "86": "443",
            "87": "0",
            "88": "44703",
            "89": "0",
            "90": "280",
            "91": "0",
            "92": "685",
            "93": "0",
            "94": "204",
            "95": "0",
            "96": "1295",
            "97": "0",
            "98": "129",
            "99": "0",
            "100": "138",
            "101": "0",
            "102": "133",
            "103": "0",
            "104": "1349",
            "105": "0",
            "106": "198",
            "107": "0",
            "108": "203",
            "109": "0",
            "110": "250",
            "111": "0",
            "112": "360",
            "113": "0",
            "114": "109",
            "115": "0",
            "116": "112",
            "117": "0",
            "118": "129",
            "119": "0",
            "120": "1176",
            "121": "0",
            "122": "120",
            "123": "0",
            "124": "123",
            "125": "0",
            "126": "170",
            "127": "0",
            "128": "208",
            "129": "0",
            "130": "180",
            "131": "0",
            "132": "178",
            "133": "0",
            "134": "150",
            "135": "0",
            "136": "1533",
            "137": "0",
            "138": "89",
            "139": "0",
            "140": "66",
            "141": "0",
            "142": "82",
            "143": "0",
            "144": "587",
            "145": "0",
            "146": "94",
            "147": "0",
            "148": "144",
            "149": "0",
            "150": "135",
            "151": "0",
            "152": "1302",
            "153": "0",
            "154": "137",
            "155": "0",
            "156": "1048",
            "157": "0",
            "158": "48",
            "159": "0",
            "160": "10622",
            "161": "0",
            "162": "39",
            "163": "0",
            "164": "59",
            "165": "0",
            "166": "40",
            "167": "0",
            "168": "65",
            "169": "0",
            "170": "60",
            "171": "0",
            "172": "71",
            "173": "0",
            "174": "71",
            "175": "0",
            "176": "12383",
            "177": "0",
            "178": "47",
            "179": "0",
            "180": "35",
            "181": "0",
            "182": "16",
            "183": "0",
            "184": "68642",
            "185": "0",
            "186": "8",
            "187": "0",
            "188": "5",
            "189": "0",
            "190": "4",
            "191": "0",
            "192": "2",
            "193": "0",
            "194": "0",
            "195": "0",
            "196": "0",
            "197": "0",
            "198": "0",
            "199": "0",
            "200": "9838",
            "201": "0",
            "202": "0",
            "203": "0",
            "204": "0",
            "205": "0",
            "206": "0",
            "207": "0",
            "208": "0",
            "209": "0",
            "210": "0",
            "211": "0",
            "212": "0",
            "213": "0",
            "214": "0",
            "215": "0",
            "216": "0",
            "217": "0",
            "218": "0",
            "219": "0",
            "220": "0",
            "221": "0",
            "222": "0",
            "223": "0",
            "224": "20940",
            "225": "0",
            "226": "0",
            "227": "0",
            "228": "0",
            "229": "0",
            "230": "0",
            "231": "0",
            "232": "0",
            "233": "0",
            "234": "0",
            "235": "0",
            "236": "0",
            "237": "0",
            "238": "0",
            "239": "0",
            "240": "0",
            "241": "0",
            "242": "0",
            "243": "0",
            "244": "0",
            "245": "0",
            "246": "0",
            "247": "0",
            "248": "1871",
            "249": "0",
            "250": "0",
            "251": "0",
            "252": "0",
            "253": "0",
            "254": "0",
            "255": "0",
            "256": "10348405",


# END_DYNAMIC_STATS
