# Mix output version 2
# FINI: end of program
# EMIT_DYNAMIC_STATS FOR TID 1, ins = 100101499
Dynamic Instruction Count = 100101499, Dyn BBL Count = 16084513
RAWdep[ 0] = 0
RAWdep[ 1] = 43184095
RAWdep[ 2] = 17746210
RAWdep[ 3] = 14738092
RAWdep[ 4] = 8063324
RAWdep[ 5] = 4227844
RAWdep[ 6] = 4729585
RAWdep[ 7] = 2952247
RAWdep[ 8] = 2713578
RAWdep[ 9] = 2741184
RAWdep[ 10] = 2280674
RAWdep[ 11] = 1957424
RAWdep[ 12] = 1218880
RAWdep[ 13] = 1555602
RAWdep[ 14] = 731068
RAWdep[ 15] = 1032491
RAWdep[ 16] = 1177424
RAWdep[ 17] = 1055303
RAWdep[ 18] = 478538
RAWdep[ 19] = 843687
RAWdep[ 20] = 859503
RAWdep[ 21] = 528567
RAWdep[ 22] = 754919
RAWdep[ 23] = 924150
RAWdep[ 24] = 673214
RAWdep[ 25] = 406150
RAWdep[ 26] = 218826
RAWdep[ 27] = 414905
RAWdep[ 28] = 694946
RAWdep[ 29] = 998357
RAWdep[ 30] = 459741
RAWdep[ 31] = 479232
RAWdep[ 32] = 943023
RAWdep[ 33] = 29698858

WAWdep[ 0] = 0
WAWdep[ 1] = 25867801
WAWdep[ 2] = 19067979
WAWdep[ 3] = 16049542
WAWdep[ 4] = 7646870
WAWdep[ 5] = 5242715
WAWdep[ 6] = 6381150
WAWdep[ 7] = 3066556
WAWdep[ 8] = 2594808
WAWdep[ 9] = 3545632
WAWdep[ 10] = 2833778
WAWdep[ 11] = 1467041
WAWdep[ 12] = 1433520
WAWdep[ 13] = 2323686
WAWdep[ 14] = 1226860
WAWdep[ 15] = 991970
WAWdep[ 16] = 1145154
WAWdep[ 17] = 915152
WAWdep[ 18] = 531778
WAWdep[ 19] = 714393
WAWdep[ 20] = 837399
WAWdep[ 21] = 761671
WAWdep[ 22] = 369833
WAWdep[ 23] = 393784
WAWdep[ 24] = 779294
WAWdep[ 25] = 302875
WAWdep[ 26] = 208949
WAWdep[ 27] = 597826
WAWdep[ 28] = 349985
WAWdep[ 29] = 274169
WAWdep[ 30] = 213520
WAWdep[ 31] = 187407
WAWdep[ 32] = 888460
WAWdep[ 33] = 15820818

WARdep[ 0] = 45645781
WARdep[ 1] = 9765530
WARdep[ 2] = 8765064
WARdep[ 3] = 5751645
WARdep[ 4] = 4418497
WARdep[ 5] = 4206757
WARdep[ 6] = 2824200
WARdep[ 7] = 3378390
WARdep[ 8] = 2719534
WARdep[ 9] = 2068172
WARdep[ 10] = 2779938
WARdep[ 11] = 2054213
WARdep[ 12] = 1368806
WARdep[ 13] = 1366986
WARdep[ 14] = 1066252
WARdep[ 15] = 733164
WARdep[ 16] = 1042604
WARdep[ 17] = 721906
WARdep[ 18] = 966887
WARdep[ 19] = 1129462
WARdep[ 20] = 1123268
WARdep[ 21] = 797250
WARdep[ 22] = 911874
WARdep[ 23] = 368717
WARdep[ 24] = 831394
WARdep[ 25] = 874879
WARdep[ 26] = 972442
WARdep[ 27] = 664259
WARdep[ 28] = 478134
WARdep[ 29] = 509066
WARdep[ 30] = 420120
WARdep[ 31] = 612464
WARdep[ 32] = 572253
WARdep[ 33] = 13122467


		"0": "0",
		"1": "43184095",
		"2": "17746210",
		"3": "14738092",
		"4": "8063324",
		"5": "4227844",
		"6": "4729585",
		"7": "2952247",
		"8": "2713578",
		"9": "2741184",
		"10": "2280674",
		"11": "1957424",
		"12": "1218880",
		"13": "1555602",
		"14": "731068",
		"15": "1032491",
		"16": "1177424",
		"17": "1055303",
		"18": "478538",
		"19": "843687",
		"20": "859503",
		"21": "528567",
		"22": "754919",
		"23": "924150",
		"24": "673214",
		"25": "406150",
		"26": "218826",
		"27": "414905",
		"28": "694946",
		"29": "998357",
		"30": "459741",
		"31": "479232",
		"32": "943023",
		"33": "29698858",


# END_DYNAMIC_STATS
