Block 0x0: Count: 186899, Running Total: 186899
Block 0x1: Count: 228913, Running Total: 415812
Block 0x2: Count: 308552, Running Total: 724364
Block 0x3: Count: 465012, Running Total: 1189376
Block 0x4: Count: 57643, Running Total: 1247019
Block 0x5: Count: 59881, Running Total: 1306900
Block 0x6: Count: 98587, Running Total: 1405487
Block 0x7: Count: 148944, Running Total: 1554431
Block 0x8: Count: 465012, Running Total: 2019443
Block 0x9: Count: 465012, Running Total: 2484455
Block 0xa: Count: 154276, Running Total: 2638731
Block 0xb: Count: 145757, Running Total: 2784488
Block 0xc: Count: 88311, Running Total: 2872799
Block 0xd: Count: 201241, Running Total: 3074040
Block 0xe: Count: 148944, Running Total: 3222984
Block 0xf: Count: 186899, Running Total: 3409883
Block 0x10: Count: 372903, Running Total: 3782786
Block 0x11: Count: 88373, Running Total: 3871159
Block 0x12: Count: 98587, Running Total: 3969746
Block 0x13: Count: 37236, Running Total: 4006982
Load metaop: *mem-read-1
Load metaop: *mem-read-2
Load metaop: *mem-read-4
Load metaop: *mem-read-8
Load metaop: *mem-read-16
Store metaop: *mem-write-1
Store metaop: *mem-write-2
Store metaop: *mem-write-4
Store metaop: *mem-write-8
Store metaop: *mem-write-16
Xfer metaop: *category-DATAXFER
Unrecognized opcode CDQ, classifying as "other"
Unrecognized opcode CDQE, classifying as "other"
Unrecognized opcode CMOVL, classifying as "other"
Unrecognized opcode CMOVLE, classifying as "other"
Unrecognized opcode CMOVNB, classifying as "other"
Unrecognized opcode CMOVNLE, classifying as "other"
Unrecognized opcode CMOVNZ, classifying as "other"
Unrecognized opcode CMOVZ, classifying as "other"
Unrecognized opcode CMPXCHG, classifying as "other"
Unrecognized opcode LDDQU, classifying as "other"
Unrecognized opcode LEAVE, classifying as "other"
Unrecognized opcode NOP, classifying as "other"
Opcode REP_STOSQ has repeat prefix; discarding prefix
Unrecognized opcode SETNBE, classifying as "other"
Unrecognized opcode SETNLE, classifying as "other"
Unrecognized opcode SETNZ, classifying as "other"
Unrecognized opcode SETZ, classifying as "other"
Unrecognized opcode VADDSS, classifying as "other"
Unrecognized opcode VCVTSI2SS, classifying as "other"
Unrecognized opcode VCVTTSS2SI, classifying as "other"
Unrecognized opcode VDIVSS, classifying as "other"
Unrecognized opcode VMOVSS, classifying as "other"
Unrecognized opcode VSUBSS, classifying as "other"
Unrecognized opcode VUCOMISS, classifying as "other"
Unrecognized opcode VXORPS, classifying as "other"
Total metaop: *total

Done parsing file

"Other" ratio: 28.4585437055%
Sum category count: 143214440
Static BBL count: 20

# FINI: end of program
Dynamic Instruction Count = 100101499, Dyn BBL Count = 4006982
<DynInsCount> 100101499
<BBLCount> 4006982
<TotInsCount> 100101499
<IntCount> 39098939
<IntMulCount> 811325
<IntDivCount> 160611
<FPCount> 0
<FPMulCount> 0
<FPDivCount> 0
<LdCount> 26538420
<StCount> 9586896
<Br/CallCount> 15968382
<CondBrCount> 10293123
<OtherCount> 40756744
<SysCallCount> 0

# END_DYNAMIC_STATS


Saving to file ./pinball_out/t0r9/imix_new.out


